Debug log for att_2 (Episode 100)
================================================================================
[Step 1] Action=[ 0.22285554 -0.11260565  0.          0.13183296  0.15195301 -0.20038275
  0.03797107] | Reward=-0.002 | Cum=-0.002 | Info={'shot_attempted': False, 'pass_attempted': False, 'goal_scored': False, 'goal_team': None, 'ball_out_by': None, 'has_ball': False, 'start_shot_bonus': False, 'start_pass_bonus': False, 'possession_lost': False}

[Step 2] Action=[ 0.22274035 -0.11254232  0.          0.13168973  0.15195243 -0.20035483
  0.03787051] | Reward=-0.002 | Cum=-0.005 | Info={'shot_attempted': False, 'pass_attempted': False, 'goal_scored': False, 'goal_team': None, 'ball_out_by': None, 'has_ball': False, 'start_shot_bonus': False, 'start_pass_bonus': False, 'possession_lost': False}

[Step 3] Action=[ 0.2227129  -0.11252847  0.          0.13166167  0.15196146 -0.20032968
  0.03784255] | Reward=-0.002 | Cum=-0.007 | Info={'shot_attempted': False, 'pass_attempted': False, 'goal_scored': False, 'goal_team': None, 'ball_out_by': None, 'has_ball': False, 'start_shot_bonus': False, 'start_pass_bonus': False, 'possession_lost': False}

[Step 4] Action=[ 0.22268969 -0.11251751  0.          0.13163574  0.15197347 -0.20031653
  0.03781694] | Reward=-0.002 | Cum=-0.010 | Info={'shot_attempted': False, 'pass_attempted': False, 'goal_scored': False, 'goal_team': None, 'ball_out_by': None, 'has_ball': False, 'start_shot_bonus': False, 'start_pass_bonus': False, 'possession_lost': False}

[Step 5] Action=[ 0.22266655 -0.11250655  0.          0.13160984  0.15198554 -0.20030338
  0.03779134] | Reward=-0.002 | Cum=-0.012 | Info={'shot_attempted': False, 'pass_attempted': False, 'goal_scored': False, 'goal_team': None, 'ball_out_by': None, 'has_ball': False, 'start_shot_bonus': False, 'start_pass_bonus': False, 'possession_lost': False}

[Step 6] Action=[ 0.22264335 -0.11249559  0.          0.13158397  0.15199758 -0.2002902
  0.03776574] | Reward=-0.002 | Cum=-0.014 | Info={'shot_attempted': False, 'pass_attempted': False, 'goal_scored': False, 'goal_team': None, 'ball_out_by': None, 'has_ball': False, 'start_shot_bonus': False, 'start_pass_bonus': False, 'possession_lost': False}

[Step 7] Action=[ 0.22262014 -0.11248463  0.          0.13155805  0.1520096  -0.20027703
  0.03774013] | Reward=-0.002 | Cum=-0.015 | Info={'shot_attempted': False, 'pass_attempted': False, 'goal_scored': False, 'goal_team': None, 'ball_out_by': None, 'has_ball': False, 'start_shot_bonus': False, 'start_pass_bonus': False, 'possession_lost': False}

[Step 8] Action=[ 0.22259694 -0.11247367  0.          0.13153216  0.15202163 -0.20026389
  0.03771454] | Reward=-0.002 | Cum=-0.017 | Info={'shot_attempted': False, 'pass_attempted': False, 'goal_scored': False, 'goal_team': None, 'ball_out_by': None, 'has_ball': False, 'start_shot_bonus': False, 'start_pass_bonus': False, 'possession_lost': False}

[Step 9] Action=[ 0.22257377 -0.11246272  0.          0.13150625  0.15203367 -0.20025073
  0.03768893] | Reward=-0.002 | Cum=-0.019 | Info={'shot_attempted': False, 'pass_attempted': False, 'goal_scored': False, 'goal_team': None, 'ball_out_by': None, 'has_ball': False, 'start_shot_bonus': False, 'start_pass_bonus': False, 'possession_lost': False}

[Step 10] Action=[ 0.2225506  -0.11245176  0.          0.13148032  0.15204573 -0.20023754
  0.03766333] | Reward=-0.001 | Cum=-0.020 | Info={'shot_attempted': False, 'pass_attempted': False, 'goal_scored': False, 'goal_team': None, 'ball_out_by': None, 'has_ball': False, 'start_shot_bonus': False, 'start_pass_bonus': False, 'possession_lost': False}

[Step 11] Action=[ 0.22252735 -0.11244078  0.          0.13145441  0.15205775 -0.20022438
  0.03763772] | Reward=-0.001 | Cum=-0.021 | Info={'shot_attempted': False, 'pass_attempted': False, 'goal_scored': False, 'goal_team': None, 'ball_out_by': None, 'has_ball': False, 'start_shot_bonus': False, 'start_pass_bonus': False, 'possession_lost': False}

[Step 12] Action=[ 0.22250418 -0.11242982  0.          0.13142851  0.1520698  -0.20021121
  0.03761211] | Reward=-0.001 | Cum=-0.022 | Info={'shot_attempted': False, 'pass_attempted': False, 'goal_scored': False, 'goal_team': None, 'ball_out_by': None, 'has_ball': False, 'start_shot_bonus': False, 'start_pass_bonus': False, 'possession_lost': False}

[Step 13] Action=[ 0.22248098 -0.11241886  0.          0.13140261  0.15208183 -0.20019804
  0.03758651] | Reward=-0.001 | Cum=-0.023 | Info={'shot_attempted': False, 'pass_attempted': False, 'goal_scored': False, 'goal_team': None, 'ball_out_by': None, 'has_ball': False, 'start_shot_bonus': False, 'start_pass_bonus': False, 'possession_lost': False}

[Step 14] Action=[ 0.22245778 -0.1124079   0.          0.13137668  0.15209386 -0.20018488
  0.0375609 ] | Reward=-0.001 | Cum=-0.024 | Info={'shot_attempted': False, 'pass_attempted': False, 'goal_scored': False, 'goal_team': None, 'ball_out_by': None, 'has_ball': False, 'start_shot_bonus': False, 'start_pass_bonus': False, 'possession_lost': False}

[Step 15] Action=[ 0.22243464 -0.11239693  0.          0.13135077  0.15210593 -0.20017172
  0.03753531] | Reward=-0.000 | Cum=-0.024 | Info={'shot_attempted': False, 'pass_attempted': False, 'goal_scored': False, 'goal_team': None, 'ball_out_by': None, 'has_ball': False, 'start_shot_bonus': False, 'start_pass_bonus': False, 'possession_lost': False}

[Step 16] Action=[ 0.22241141 -0.11238597  0.          0.13132487  0.15211797 -0.20015854
  0.03750972] | Reward=-0.000 | Cum=-0.024 | Info={'shot_attempted': False, 'pass_attempted': False, 'goal_scored': False, 'goal_team': None, 'ball_out_by': None, 'has_ball': False, 'start_shot_bonus': False, 'start_pass_bonus': False, 'possession_lost': False}

[Step 17] Action=[ 0.22238824 -0.11237501  0.          0.13129897  0.15212998 -0.20014538
  0.03748409] | Reward=-0.000 | Cum=-0.024 | Info={'shot_attempted': False, 'pass_attempted': False, 'goal_scored': False, 'goal_team': None, 'ball_out_by': None, 'has_ball': False, 'start_shot_bonus': False, 'start_pass_bonus': False, 'possession_lost': False}

[Step 18] Action=[ 0.22236504 -0.11236407  0.          0.13127309  0.15214203 -0.2001322
  0.03745851] | Reward=-0.000 | Cum=-0.024 | Info={'shot_attempted': False, 'pass_attempted': False, 'goal_scored': False, 'goal_team': None, 'ball_out_by': None, 'has_ball': False, 'start_shot_bonus': False, 'start_pass_bonus': False, 'possession_lost': False}

[Step 19] Action=[ 0.2223418  -0.11235309  0.          0.13124716  0.15215407 -0.20011902
  0.0374329 ] | Reward=+0.000 | Cum=-0.024 | Info={'shot_attempted': False, 'pass_attempted': False, 'goal_scored': False, 'goal_team': None, 'ball_out_by': None, 'has_ball': False, 'start_shot_bonus': False, 'start_pass_bonus': False, 'possession_lost': False}

[Step 20] Action=[ 0.2223186  -0.11234212  0.          0.13122125  0.15216611 -0.20010583
  0.03740728] | Reward=+0.001 | Cum=-0.024 | Info={'shot_attempted': False, 'pass_attempted': False, 'goal_scored': False, 'goal_team': None, 'ball_out_by': None, 'has_ball': False, 'start_shot_bonus': False, 'start_pass_bonus': False, 'possession_lost': False}

[Step 21] Action=[ 0.22229542 -0.11233116  0.          0.13119535  0.15217815 -0.2000927
  0.03738169] | Reward=+0.001 | Cum=-0.023 | Info={'shot_attempted': False, 'pass_attempted': False, 'goal_scored': False, 'goal_team': None, 'ball_out_by': None, 'has_ball': False, 'start_shot_bonus': False, 'start_pass_bonus': False, 'possession_lost': False}

[Step 22] Action=[ 0.22227222 -0.1123202   0.          0.13116942  0.15219016 -0.20007949
  0.03735608] | Reward=+0.001 | Cum=-0.022 | Info={'shot_attempted': False, 'pass_attempted': False, 'goal_scored': False, 'goal_team': None, 'ball_out_by': None, 'has_ball': False, 'start_shot_bonus': False, 'start_pass_bonus': False, 'possession_lost': False}

[Step 23] Action=[ 0.22224902 -0.11230922  0.          0.13114353  0.15220222 -0.20006631
  0.03733047] | Reward=+0.001 | Cum=-0.021 | Info={'shot_attempted': False, 'pass_attempted': False, 'goal_scored': False, 'goal_team': None, 'ball_out_by': None, 'has_ball': False, 'start_shot_bonus': False, 'start_pass_bonus': False, 'possession_lost': False}

[Step 24] Action=[ 0.22222584 -0.11229826  0.          0.1311176   0.15221424 -0.20005314
  0.03730486] | Reward=+0.001 | Cum=-0.020 | Info={'shot_attempted': False, 'pass_attempted': False, 'goal_scored': False, 'goal_team': None, 'ball_out_by': None, 'has_ball': False, 'start_shot_bonus': False, 'start_pass_bonus': False, 'possession_lost': False}

[Step 25] Action=[ 0.22220264 -0.11228729  0.          0.13109168  0.15222628 -0.20003995
  0.03727924] | Reward=+0.002 | Cum=-0.019 | Info={'shot_attempted': False, 'pass_attempted': False, 'goal_scored': False, 'goal_team': None, 'ball_out_by': None, 'has_ball': False, 'start_shot_bonus': False, 'start_pass_bonus': False, 'possession_lost': False}

[Step 26] Action=[ 0.22217941 -0.11227634  0.          0.1310658   0.1522383  -0.20002678
  0.03725366] | Reward=+0.002 | Cum=-0.017 | Info={'shot_attempted': False, 'pass_attempted': False, 'goal_scored': False, 'goal_team': None, 'ball_out_by': None, 'has_ball': False, 'start_shot_bonus': False, 'start_pass_bonus': False, 'possession_lost': False}

[Step 27] Action=[ 0.22215624 -0.11226537  0.          0.13103984  0.15225033 -0.20001361
  0.03722804] | Reward=+0.002 | Cum=-0.016 | Info={'shot_attempted': False, 'pass_attempted': False, 'goal_scored': False, 'goal_team': None, 'ball_out_by': None, 'has_ball': False, 'start_shot_bonus': False, 'start_pass_bonus': False, 'possession_lost': False}

[Step 28] Action=[ 0.22213304 -0.1122544   0.          0.13101396  0.15226239 -0.20000042
  0.03720243] | Reward=+0.002 | Cum=-0.014 | Info={'shot_attempted': False, 'pass_attempted': False, 'goal_scored': False, 'goal_team': None, 'ball_out_by': None, 'has_ball': False, 'start_shot_bonus': False, 'start_pass_bonus': False, 'possession_lost': False}

[Step 29] Action=[ 0.22210982 -0.11224343  0.          0.13098803  0.15227443 -0.19998725
  0.03717684] | Reward=+0.002 | Cum=-0.013 | Info={'shot_attempted': False, 'pass_attempted': False, 'goal_scored': False, 'goal_team': None, 'ball_out_by': None, 'has_ball': False, 'start_shot_bonus': False, 'start_pass_bonus': False, 'possession_lost': False}

[Step 30] Action=[ 0.2220866  -0.11223247  0.          0.13096213  0.15228646 -0.19997406
  0.03715123] | Reward=+0.003 | Cum=-0.010 | Info={'shot_attempted': False, 'pass_attempted': False, 'goal_scored': False, 'goal_team': None, 'ball_out_by': None, 'has_ball': False, 'start_shot_bonus': False, 'start_pass_bonus': False, 'possession_lost': False}

[Step 31] Action=[ 0.22206195 -0.11222218  0.          0.1309363   0.1522979  -0.19995975
  0.03712592] | Reward=+0.003 | Cum=-0.008 | Info={'shot_attempted': False, 'pass_attempted': False, 'goal_scored': False, 'goal_team': None, 'ball_out_by': None, 'has_ball': False, 'start_shot_bonus': False, 'start_pass_bonus': False, 'possession_lost': False}

[Step 32] Action=[ 0.22203498 -0.11221291  0.          0.13091047  0.15230846 -0.19994369
  0.03710116] | Reward=+0.003 | Cum=-0.005 | Info={'shot_attempted': False, 'pass_attempted': False, 'goal_scored': False, 'goal_team': None, 'ball_out_by': None, 'has_ball': False, 'start_shot_bonus': False, 'start_pass_bonus': False, 'possession_lost': False}

[Step 33] Action=[ 0.22200797 -0.11220367  0.          0.1308847   0.152319   -0.19992766
  0.03707639] | Reward=+0.003 | Cum=-0.003 | Info={'shot_attempted': False, 'pass_attempted': False, 'goal_scored': False, 'goal_team': None, 'ball_out_by': None, 'has_ball': False, 'start_shot_bonus': False, 'start_pass_bonus': False, 'possession_lost': False}

[Step 34] Action=[ 0.22198103 -0.11219441  0.          0.1308589   0.15232955 -0.1999116
  0.03705163] | Reward=+0.003 | Cum=-0.000 | Info={'shot_attempted': False, 'pass_attempted': False, 'goal_scored': False, 'goal_team': None, 'ball_out_by': None, 'has_ball': False, 'start_shot_bonus': False, 'start_pass_bonus': False, 'possession_lost': False}

[Step 35] Action=[ 0.22195408 -0.11218518  0.          0.13083313  0.15234011 -0.19989552
  0.0370269 ] | Reward=+0.003 | Cum=+0.003 | Info={'shot_attempted': False, 'pass_attempted': False, 'goal_scored': False, 'goal_team': None, 'ball_out_by': None, 'has_ball': False, 'start_shot_bonus': False, 'start_pass_bonus': False, 'possession_lost': False}

[Step 36] Action=[ 0.22192708 -0.11217593  0.          0.13080733  0.15235065 -0.1998795
  0.03700212] | Reward=+0.003 | Cum=+0.007 | Info={'shot_attempted': False, 'pass_attempted': False, 'goal_scored': False, 'goal_team': None, 'ball_out_by': None, 'has_ball': False, 'start_shot_bonus': False, 'start_pass_bonus': False, 'possession_lost': False}

[Step 37] Action=[ 0.22190008 -0.11216667  0.          0.13078153  0.1523612  -0.19986343
  0.03697736] | Reward=+0.003 | Cum=+0.010 | Info={'shot_attempted': False, 'pass_attempted': False, 'goal_scored': False, 'goal_team': None, 'ball_out_by': None, 'has_ball': False, 'start_shot_bonus': False, 'start_pass_bonus': False, 'possession_lost': False}

[Step 38] Action=[ 0.22187307 -0.11215741  0.          0.13075574  0.15237175 -0.19984737
  0.03695259] | Reward=+0.004 | Cum=+0.013 | Info={'shot_attempted': False, 'pass_attempted': False, 'goal_scored': False, 'goal_team': None, 'ball_out_by': None, 'has_ball': False, 'start_shot_bonus': False, 'start_pass_bonus': False, 'possession_lost': False}

[Step 39] Action=[ 0.2218461  -0.11214817  0.          0.13072996  0.15238228 -0.19983132
  0.03692781] | Reward=+0.004 | Cum=+0.017 | Info={'shot_attempted': False, 'pass_attempted': False, 'goal_scored': False, 'goal_team': None, 'ball_out_by': None, 'has_ball': False, 'start_shot_bonus': False, 'start_pass_bonus': False, 'possession_lost': False}

[Step 40] Action=[ 0.22181912 -0.11213894  0.          0.13070418  0.15239285 -0.19981526
  0.03690308] | Reward=+0.004 | Cum=+0.021 | Info={'shot_attempted': False, 'pass_attempted': False, 'goal_scored': False, 'goal_team': None, 'ball_out_by': None, 'has_ball': False, 'start_shot_bonus': False, 'start_pass_bonus': False, 'possession_lost': False}

[Step 41] Action=[ 0.22179215 -0.11212968  0.          0.13067837  0.1524034  -0.19979921
  0.03687828] | Reward=+0.004 | Cum=+0.026 | Info={'shot_attempted': False, 'pass_attempted': False, 'goal_scored': False, 'goal_team': None, 'ball_out_by': None, 'has_ball': False, 'start_shot_bonus': False, 'start_pass_bonus': False, 'possession_lost': False}

[Step 42] Action=[ 0.2217652  -0.11212043  0.          0.13065259  0.15241393 -0.19978318
  0.03685353] | Reward=+0.004 | Cum=+0.030 | Info={'shot_attempted': False, 'pass_attempted': False, 'goal_scored': False, 'goal_team': None, 'ball_out_by': None, 'has_ball': False, 'start_shot_bonus': False, 'start_pass_bonus': False, 'possession_lost': False}

[Step 43] Action=[ 0.22608809 -0.11284714  0.          0.1309189   0.15370508 -0.19901857
  0.03470213] | Reward=+0.004 | Cum=+0.034 | Info={'shot_attempted': False, 'pass_attempted': False, 'goal_scored': False, 'goal_team': None, 'ball_out_by': None, 'has_ball': False, 'start_shot_bonus': False, 'start_pass_bonus': False, 'possession_lost': False}

[Step 44] Action=[ 0.2260649  -0.11283784  0.          0.13089566  0.15371631 -0.19900353
  0.03467821] | Reward=+0.004 | Cum=+0.039 | Info={'shot_attempted': False, 'pass_attempted': False, 'goal_scored': False, 'goal_team': None, 'ball_out_by': None, 'has_ball': False, 'start_shot_bonus': False, 'start_pass_bonus': False, 'possession_lost': False}

[Step 45] Action=[ 0.22604115 -0.11282825  0.          0.13087225  0.1537272  -0.19898717
  0.0346541 ] | Reward=+0.005 | Cum=+0.044 | Info={'shot_attempted': False, 'pass_attempted': False, 'goal_scored': False, 'goal_team': None, 'ball_out_by': None, 'has_ball': False, 'start_shot_bonus': False, 'start_pass_bonus': False, 'possession_lost': False}

[Step 46] Action=[ 0.22601743 -0.11281867  0.          0.13084881  0.15373808 -0.19897076
  0.03462997] | Reward=+0.005 | Cum=+0.049 | Info={'shot_attempted': False, 'pass_attempted': False, 'goal_scored': False, 'goal_team': None, 'ball_out_by': None, 'has_ball': False, 'start_shot_bonus': False, 'start_pass_bonus': False, 'possession_lost': False}

[Step 47] Action=[ 0.2259937  -0.11280909  0.          0.1308254   0.15374891 -0.19895434
  0.03460582] | Reward=+0.005 | Cum=+0.054 | Info={'shot_attempted': False, 'pass_attempted': False, 'goal_scored': False, 'goal_team': None, 'ball_out_by': None, 'has_ball': False, 'start_shot_bonus': False, 'start_pass_bonus': False, 'possession_lost': False}

[Step 48] Action=[ 0.22596997 -0.11279951  0.          0.13080199  0.15375982 -0.19893794
  0.03458172] | Reward=+0.005 | Cum=+0.059 | Info={'shot_attempted': False, 'pass_attempted': False, 'goal_scored': False, 'goal_team': None, 'ball_out_by': None, 'has_ball': False, 'start_shot_bonus': False, 'start_pass_bonus': False, 'possession_lost': False}

[Step 49] Action=[ 0.22594628 -0.11278993  0.          0.13077855  0.15377069 -0.19892153
  0.03455759] | Reward=+0.005 | Cum=+0.065 | Info={'shot_attempted': False, 'pass_attempted': False, 'goal_scored': False, 'goal_team': None, 'ball_out_by': None, 'has_ball': False, 'start_shot_bonus': False, 'start_pass_bonus': False, 'possession_lost': False}

[Step 50] Action=[ 0.2259225  -0.11278034  0.          0.13075513  0.15378152 -0.19890511
  0.03453346] | Reward=+0.006 | Cum=+0.071 | Info={'shot_attempted': False, 'pass_attempted': False, 'goal_scored': False, 'goal_team': None, 'ball_out_by': None, 'has_ball': False, 'start_shot_bonus': False, 'start_pass_bonus': False, 'possession_lost': False}

[Step 51] Action=[ 0.22589873 -0.11277078  0.          0.13073173  0.15379243 -0.19888873
  0.03450933] | Reward=+0.006 | Cum=+0.077 | Info={'shot_attempted': False, 'pass_attempted': False, 'goal_scored': False, 'goal_team': None, 'ball_out_by': None, 'has_ball': False, 'start_shot_bonus': False, 'start_pass_bonus': False, 'possession_lost': False}

[Step 52] Action=[ 0.225875   -0.1127612   0.          0.13070828  0.15380326 -0.19887233
  0.03448521] | Reward=+0.006 | Cum=+0.083 | Info={'shot_attempted': False, 'pass_attempted': False, 'goal_scored': False, 'goal_team': None, 'ball_out_by': None, 'has_ball': False, 'start_shot_bonus': False, 'start_pass_bonus': False, 'possession_lost': False}

[Step 53] Action=[ 0.22585125 -0.1127516   0.          0.13068487  0.15381412 -0.1988559
  0.03446108] | Reward=+0.006 | Cum=+0.090 | Info={'shot_attempted': False, 'pass_attempted': False, 'goal_scored': False, 'goal_team': None, 'ball_out_by': None, 'has_ball': False, 'start_shot_bonus': False, 'start_pass_bonus': False, 'possession_lost': False}

[Step 54] Action=[ 0.22582752 -0.11274202  0.          0.13066144  0.153825   -0.1988395
  0.03443695] | Reward=+0.006 | Cum=+0.096 | Info={'shot_attempted': False, 'pass_attempted': False, 'goal_scored': False, 'goal_team': None, 'ball_out_by': None, 'has_ball': False, 'start_shot_bonus': False, 'start_pass_bonus': False, 'possession_lost': False}

[Step 55] Action=[ 0.22580373 -0.11273246  0.          0.130638    0.15383586 -0.19882312
  0.03441281] | Reward=+0.007 | Cum=+0.103 | Info={'shot_attempted': False, 'pass_attempted': False, 'goal_scored': False, 'goal_team': None, 'ball_out_by': None, 'has_ball': False, 'start_shot_bonus': False, 'start_pass_bonus': False, 'possession_lost': False}

[Step 56] Action=[ 0.22578005 -0.11272286  0.          0.13061456  0.15384673 -0.19880669
  0.03438871] | Reward=+0.007 | Cum=+0.110 | Info={'shot_attempted': False, 'pass_attempted': False, 'goal_scored': False, 'goal_team': None, 'ball_out_by': None, 'has_ball': False, 'start_shot_bonus': False, 'start_pass_bonus': False, 'possession_lost': False}

[Step 57] Action=[ 0.2257563  -0.11271329  0.          0.13059112  0.15385762 -0.19879033
  0.03436458] | Reward=+0.007 | Cum=+0.117 | Info={'shot_attempted': False, 'pass_attempted': False, 'goal_scored': False, 'goal_team': None, 'ball_out_by': None, 'has_ball': False, 'start_shot_bonus': False, 'start_pass_bonus': False, 'possession_lost': False}

[Step 58] Action=[ 0.2257326  -0.1127037   0.          0.13056771  0.1538685  -0.19877389
  0.03434045] | Reward=+0.007 | Cum=+0.125 | Info={'shot_attempted': False, 'pass_attempted': False, 'goal_scored': False, 'goal_team': None, 'ball_out_by': None, 'has_ball': False, 'start_shot_bonus': False, 'start_pass_bonus': False, 'possession_lost': False}

[Step 59] Action=[ 0.22570884 -0.11269412  0.          0.13054432  0.15387933 -0.19875751
  0.03431632] | Reward=+0.007 | Cum=+0.132 | Info={'shot_attempted': False, 'pass_attempted': False, 'goal_scored': False, 'goal_team': None, 'ball_out_by': None, 'has_ball': False, 'start_shot_bonus': False, 'start_pass_bonus': False, 'possession_lost': False}

[Step 60] Action=[ 0.22568509 -0.11268456  0.          0.13052087  0.15389019 -0.1987411
  0.03429221] | Reward=+0.008 | Cum=+0.140 | Info={'shot_attempted': False, 'pass_attempted': False, 'goal_scored': False, 'goal_team': None, 'ball_out_by': None, 'has_ball': False, 'start_shot_bonus': False, 'start_pass_bonus': False, 'possession_lost': False}

[Step 61] Action=[ 0.22566132 -0.11267496  0.          0.13049744  0.15390106 -0.19872472
  0.03426808] | Reward=+0.008 | Cum=+0.148 | Info={'shot_attempted': False, 'pass_attempted': False, 'goal_scored': False, 'goal_team': None, 'ball_out_by': None, 'has_ball': False, 'start_shot_bonus': False, 'start_pass_bonus': False, 'possession_lost': False}

[Step 62] Action=[ 0.2256376  -0.11266538  0.          0.13047402  0.15391193 -0.19870828
  0.03424396] | Reward=+0.008 | Cum=+0.157 | Info={'shot_attempted': False, 'pass_attempted': False, 'goal_scored': False, 'goal_team': None, 'ball_out_by': None, 'has_ball': False, 'start_shot_bonus': False, 'start_pass_bonus': False, 'possession_lost': False}

[Step 63] Action=[ 0.22561383 -0.1126558   0.          0.13045062  0.15392278 -0.1986919
  0.03421981] | Reward=+0.008 | Cum=+0.165 | Info={'shot_attempted': False, 'pass_attempted': False, 'goal_scored': False, 'goal_team': None, 'ball_out_by': None, 'has_ball': False, 'start_shot_bonus': False, 'start_pass_bonus': False, 'possession_lost': False}

[Step 64] Action=[ 0.22559012 -0.11264621  0.          0.13042715  0.15393367 -0.1986755
  0.03419572] | Reward=+0.008 | Cum=+0.173 | Info={'shot_attempted': False, 'pass_attempted': False, 'goal_scored': False, 'goal_team': None, 'ball_out_by': None, 'has_ball': False, 'start_shot_bonus': False, 'start_pass_bonus': False, 'possession_lost': False}

[Step 65] Action=[ 0.22556634 -0.11263663  0.          0.13040373  0.15394454 -0.1986591
  0.03417156] | Reward=+0.009 | Cum=+0.182 | Info={'shot_attempted': False, 'pass_attempted': False, 'goal_scored': False, 'goal_team': None, 'ball_out_by': None, 'has_ball': False, 'start_shot_bonus': False, 'start_pass_bonus': False, 'possession_lost': False}

[Step 66] Action=[ 0.22554263 -0.11262707  0.          0.1303803   0.1539554  -0.1986427
  0.03414742] | Reward=+0.009 | Cum=+0.191 | Info={'shot_attempted': False, 'pass_attempted': False, 'goal_scored': False, 'goal_team': None, 'ball_out_by': None, 'has_ball': False, 'start_shot_bonus': False, 'start_pass_bonus': False, 'possession_lost': False}

[Step 67] Action=[ 0.22551885 -0.11261746  0.          0.1303569   0.15396626 -0.1986263
  0.03412328] | Reward=+0.009 | Cum=+0.200 | Info={'shot_attempted': False, 'pass_attempted': False, 'goal_scored': False, 'goal_team': None, 'ball_out_by': None, 'has_ball': False, 'start_shot_bonus': False, 'start_pass_bonus': False, 'possession_lost': False}

[Step 68] Action=[ 0.22549514 -0.1126079   0.          0.13033347  0.15397714 -0.19860992
  0.03409917] | Reward=+0.009 | Cum=+0.210 | Info={'shot_attempted': False, 'pass_attempted': False, 'goal_scored': False, 'goal_team': None, 'ball_out_by': None, 'has_ball': False, 'start_shot_bonus': False, 'start_pass_bonus': False, 'possession_lost': False}

[Step 69] Action=[ 0.22547138 -0.11259832  0.          0.13031004  0.15398802 -0.1985935
  0.03407505] | Reward=+0.009 | Cum=+0.219 | Info={'shot_attempted': False, 'pass_attempted': False, 'goal_scored': False, 'goal_team': None, 'ball_out_by': None, 'has_ball': False, 'start_shot_bonus': False, 'start_pass_bonus': False, 'possession_lost': False}

[Step 70] Action=[ 0.22544765 -0.11258876  0.          0.13028662  0.15399887 -0.19857712
  0.03405092] | Reward=+0.010 | Cum=+0.229 | Info={'shot_attempted': False, 'pass_attempted': False, 'goal_scored': False, 'goal_team': None, 'ball_out_by': None, 'has_ball': False, 'start_shot_bonus': False, 'start_pass_bonus': False, 'possession_lost': False}

[Step 71] Action=[ 0.22542392 -0.11257917  0.          0.13026316  0.15400974 -0.19856071
  0.03402681] | Reward=+0.010 | Cum=+0.239 | Info={'shot_attempted': False, 'pass_attempted': False, 'goal_scored': False, 'goal_team': None, 'ball_out_by': None, 'has_ball': False, 'start_shot_bonus': False, 'start_pass_bonus': False, 'possession_lost': False}

[Step 72] Action=[ 0.22540012 -0.11256958  0.          0.13023975  0.15402061 -0.19854431
  0.03400264] | Reward=+0.010 | Cum=+0.250 | Info={'shot_attempted': False, 'pass_attempted': False, 'goal_scored': False, 'goal_team': None, 'ball_out_by': None, 'has_ball': False, 'start_shot_bonus': False, 'start_pass_bonus': False, 'possession_lost': False}

[Step 73] Action=[ 0.2253764  -0.11256     0.          0.13021635  0.15403146 -0.1985279
  0.03397853] | Reward=+0.010 | Cum=+0.260 | Info={'shot_attempted': False, 'pass_attempted': False, 'goal_scored': False, 'goal_team': None, 'ball_out_by': None, 'has_ball': False, 'start_shot_bonus': False, 'start_pass_bonus': False, 'possession_lost': False}

[Step 74] Action=[ 0.22535263 -0.11255042  0.          0.13019289  0.15404236 -0.1985115
  0.03395439] | Reward=+0.010 | Cum=+0.270 | Info={'shot_attempted': False, 'pass_attempted': False, 'goal_scored': False, 'goal_team': None, 'ball_out_by': None, 'has_ball': False, 'start_shot_bonus': False, 'start_pass_bonus': False, 'possession_lost': False}

[Step 75] Action=[ 0.22532892 -0.11254083  0.          0.13016947  0.15405323 -0.19849512
  0.03393027] | Reward=+0.011 | Cum=+0.281 | Info={'shot_attempted': False, 'pass_attempted': False, 'goal_scored': False, 'goal_team': None, 'ball_out_by': None, 'has_ball': False, 'start_shot_bonus': False, 'start_pass_bonus': False, 'possession_lost': False}

[Step 76] Action=[ 0.21704395 -0.11233452  0.          0.12939966  0.1403824  -0.21299902
  0.0397539 ] | Reward=+0.011 | Cum=+0.293 | Info={'shot_attempted': False, 'pass_attempted': False, 'goal_scored': False, 'goal_team': None, 'ball_out_by': None, 'has_ball': False, 'start_shot_bonus': False, 'start_pass_bonus': False, 'possession_lost': False}

[Step 77] Action=[ 0.21700329 -0.11231001  0.          0.12937377  0.14037962 -0.21297644
  0.03972925] | Reward=+0.011 | Cum=+0.304 | Info={'shot_attempted': False, 'pass_attempted': False, 'goal_scored': False, 'goal_team': None, 'ball_out_by': None, 'has_ball': False, 'start_shot_bonus': False, 'start_pass_bonus': False, 'possession_lost': False}

[Step 78] Action=[ 0.21689147 -0.1122582   0.          0.12934196  0.14035818 -0.21291047
  0.03973598] | Reward=+0.011 | Cum=+0.315 | Info={'shot_attempted': False, 'pass_attempted': False, 'goal_scored': False, 'goal_team': None, 'ball_out_by': None, 'has_ball': False, 'start_shot_bonus': False, 'start_pass_bonus': False, 'possession_lost': False}

[Step 79] Action=[ 0.21685575 -0.11223539  0.          0.1293169   0.14035842 -0.21289395
  0.03971376] | Reward=+0.011 | Cum=+0.327 | Info={'shot_attempted': False, 'pass_attempted': False, 'goal_scored': False, 'goal_team': None, 'ball_out_by': None, 'has_ball': False, 'start_shot_bonus': False, 'start_pass_bonus': False, 'possession_lost': False}

[Step 80] Action=[ 0.21674393 -0.11218363  0.          0.1292851   0.14033696 -0.21282806
  0.03972052] | Reward=+0.012 | Cum=+0.339 | Info={'shot_attempted': False, 'pass_attempted': False, 'goal_scored': False, 'goal_team': None, 'ball_out_by': None, 'has_ball': False, 'start_shot_bonus': False, 'start_pass_bonus': False, 'possession_lost': False}

[Step 81] Action=[ 0.2166702  -0.11214643  0.          0.12925674  0.14032634 -0.21278694
  0.03971284] | Reward=+0.012 | Cum=+0.351 | Info={'shot_attempted': False, 'pass_attempted': False, 'goal_scored': False, 'goal_team': None, 'ball_out_by': None, 'has_ball': False, 'start_shot_bonus': False, 'start_pass_bonus': False, 'possession_lost': False}

[Step 82] Action=[ 0.2165964  -0.11210926  0.          0.1292284   0.1403157  -0.21274585
  0.03970513] | Reward=+0.012 | Cum=+0.364 | Info={'shot_attempted': False, 'pass_attempted': False, 'goal_scored': False, 'goal_team': None, 'ball_out_by': None, 'has_ball': False, 'start_shot_bonus': False, 'start_pass_bonus': False, 'possession_lost': False}

[Step 83] Action=[ 0.21652266 -0.11207205  0.          0.12920009  0.14030507 -0.2127048
  0.03969749] | Reward=+0.012 | Cum=+0.376 | Info={'shot_attempted': False, 'pass_attempted': False, 'goal_scored': False, 'goal_team': None, 'ball_out_by': None, 'has_ball': False, 'start_shot_bonus': False, 'start_pass_bonus': False, 'possession_lost': False}

[Step 84] Action=[ 0.21644889 -0.11203489  0.          0.12917177  0.1402944  -0.21266368
  0.03968979] | Reward=+0.012 | Cum=+0.388 | Info={'shot_attempted': False, 'pass_attempted': False, 'goal_scored': False, 'goal_team': None, 'ball_out_by': None, 'has_ball': False, 'start_shot_bonus': False, 'start_pass_bonus': False, 'possession_lost': False}

[Step 85] Action=[ 0.21641316 -0.11201208  0.          0.1291467   0.14029463 -0.21264708
  0.03966758] | Reward=+0.013 | Cum=+0.402 | Info={'shot_attempted': False, 'pass_attempted': False, 'goal_scored': False, 'goal_team': None, 'ball_out_by': None, 'has_ball': False, 'start_shot_bonus': False, 'start_pass_bonus': False, 'possession_lost': False}

[Step 86] Action=[ 0.21637742 -0.11198925  0.          0.12912169  0.1402948  -0.2126305
  0.03964536] | Reward=+0.014 | Cum=+0.415 | Info={'shot_attempted': False, 'pass_attempted': False, 'goal_scored': False, 'goal_team': None, 'ball_out_by': None, 'has_ball': False, 'start_shot_bonus': False, 'start_pass_bonus': False, 'possession_lost': False}

[Step 87] Action=[ 0.21634166 -0.11196645  0.          0.12909661  0.14029503 -0.2126139
  0.03962317] | Reward=+0.014 | Cum=+0.429 | Info={'shot_attempted': False, 'pass_attempted': False, 'goal_scored': False, 'goal_team': None, 'ball_out_by': None, 'has_ball': False, 'start_shot_bonus': False, 'start_pass_bonus': False, 'possession_lost': False}

[Step 88] Action=[ 0.21630593 -0.11194365  0.          0.12907158  0.14029522 -0.21259731
  0.03960097] | Reward=+0.014 | Cum=+0.442 | Info={'shot_attempted': False, 'pass_attempted': False, 'goal_scored': False, 'goal_team': None, 'ball_out_by': None, 'has_ball': False, 'start_shot_bonus': False, 'start_pass_bonus': False, 'possession_lost': False}

[Step 89] Action=[ 0.21627018 -0.11192083  0.          0.12904653  0.14029542 -0.2125807
  0.03957875] | Reward=+0.014 | Cum=+0.456 | Info={'shot_attempted': False, 'pass_attempted': False, 'goal_scored': False, 'goal_team': None, 'ball_out_by': None, 'has_ball': False, 'start_shot_bonus': False, 'start_pass_bonus': False, 'possession_lost': False}

[Step 90] Action=[ 0.21623442 -0.11189801  0.          0.12902151  0.14029562 -0.21256411
  0.03955654] | Reward=+0.015 | Cum=+0.470 | Info={'shot_attempted': False, 'pass_attempted': False, 'goal_scored': False, 'goal_team': None, 'ball_out_by': None, 'has_ball': False, 'start_shot_bonus': False, 'start_pass_bonus': False, 'possession_lost': False}

[Step 91] Action=[ 0.21619907 -0.11187491  0.          0.12899609  0.14029583 -0.21254952
  0.03953617] | Reward=+0.015 | Cum=+0.485 | Info={'shot_attempted': False, 'pass_attempted': False, 'goal_scored': False, 'goal_team': None, 'ball_out_by': None, 'has_ball': False, 'start_shot_bonus': False, 'start_pass_bonus': False, 'possession_lost': False}

[Step 92] Action=[ 0.21616475 -0.11185101  0.          0.12896964  0.14029597 -0.2125403
  0.03952061] | Reward=+0.015 | Cum=+0.499 | Info={'shot_attempted': False, 'pass_attempted': False, 'goal_scored': False, 'goal_team': None, 'ball_out_by': None, 'has_ball': False, 'start_shot_bonus': False, 'start_pass_bonus': False, 'possession_lost': False}

[Step 93] Action=[ 0.21613044 -0.11182714  0.          0.12894318  0.14029613 -0.2125311
  0.03950509] | Reward=+0.015 | Cum=+0.514 | Info={'shot_attempted': False, 'pass_attempted': False, 'goal_scored': False, 'goal_team': None, 'ball_out_by': None, 'has_ball': False, 'start_shot_bonus': False, 'start_pass_bonus': False, 'possession_lost': False}

[Step 94] Action=[ 0.21609612 -0.11180325  0.          0.12891671  0.14029631 -0.21252188
  0.03948952] | Reward=+0.015 | Cum=+0.528 | Info={'shot_attempted': False, 'pass_attempted': False, 'goal_scored': False, 'goal_team': None, 'ball_out_by': None, 'has_ball': False, 'start_shot_bonus': False, 'start_pass_bonus': False, 'possession_lost': False}

[Step 95] Action=[ 0.2160618  -0.11177935  0.          0.12889023  0.14029644 -0.21251266
  0.03947398] | Reward=+0.016 | Cum=+0.544 | Info={'shot_attempted': False, 'pass_attempted': False, 'goal_scored': False, 'goal_team': None, 'ball_out_by': None, 'has_ball': False, 'start_shot_bonus': False, 'start_pass_bonus': False, 'possession_lost': False}

[Step 96] Action=[ 0.21602748 -0.11175545  0.          0.1288638   0.14029662 -0.21250345
  0.03945842] | Reward=+0.016 | Cum=+0.560 | Info={'shot_attempted': False, 'pass_attempted': False, 'goal_scored': False, 'goal_team': None, 'ball_out_by': None, 'has_ball': False, 'start_shot_bonus': False, 'start_pass_bonus': False, 'possession_lost': False}

[Step 97] Action=[ 0.21599318 -0.11173158  0.          0.12883735  0.14029677 -0.21249425
  0.0394429 ] | Reward=+0.016 | Cum=+0.575 | Info={'shot_attempted': False, 'pass_attempted': False, 'goal_scored': False, 'goal_team': None, 'ball_out_by': None, 'has_ball': False, 'start_shot_bonus': False, 'start_pass_bonus': False, 'possession_lost': False}

[Step 98] Action=[ 0.21595886 -0.11170769  0.          0.12881088  0.1402969  -0.21248506
  0.03942734] | Reward=+0.016 | Cum=+0.591 | Info={'shot_attempted': False, 'pass_attempted': False, 'goal_scored': False, 'goal_team': None, 'ball_out_by': None, 'has_ball': False, 'start_shot_bonus': False, 'start_pass_bonus': False, 'possession_lost': False}

[Step 99] Action=[ 0.21592455 -0.1116838   0.          0.12878443  0.14029706 -0.2124758
  0.03941181] | Reward=+0.016 | Cum=+0.607 | Info={'shot_attempted': False, 'pass_attempted': False, 'goal_scored': False, 'goal_team': None, 'ball_out_by': None, 'has_ball': False, 'start_shot_bonus': False, 'start_pass_bonus': False, 'possession_lost': False}

[Step 100] Action=[ 0.21589021 -0.1116599   0.          0.12875797  0.1402972  -0.21246663
  0.03939623] | Reward=+0.017 | Cum=+0.624 | Info={'shot_attempted': False, 'pass_attempted': False, 'goal_scored': False, 'goal_team': None, 'ball_out_by': None, 'has_ball': False, 'start_shot_bonus': False, 'start_pass_bonus': False, 'possession_lost': False}

[Step 101] Action=[ 0.21585593 -0.11163602  0.          0.12873152  0.14029737 -0.2124574
  0.03938072] | Reward=+0.017 | Cum=+0.640 | Info={'shot_attempted': False, 'pass_attempted': False, 'goal_scored': False, 'goal_team': None, 'ball_out_by': None, 'has_ball': False, 'start_shot_bonus': False, 'start_pass_bonus': False, 'possession_lost': False}

[Step 102] Action=[ 0.2158216  -0.11161213  0.          0.12870504  0.1402975  -0.21244821
  0.03936518] | Reward=+0.017 | Cum=+0.657 | Info={'shot_attempted': False, 'pass_attempted': False, 'goal_scored': False, 'goal_team': None, 'ball_out_by': None, 'has_ball': False, 'start_shot_bonus': False, 'start_pass_bonus': False, 'possession_lost': False}

[Step 103] Action=[ 0.21578728 -0.11158824  0.          0.1286786   0.14029767 -0.21243896
  0.03934965] | Reward=+0.017 | Cum=+0.674 | Info={'shot_attempted': False, 'pass_attempted': False, 'goal_scored': False, 'goal_team': None, 'ball_out_by': None, 'has_ball': False, 'start_shot_bonus': False, 'start_pass_bonus': False, 'possession_lost': False}

[Step 104] Action=[ 0.21575297 -0.11156435  0.          0.12865216  0.14029782 -0.21242976
  0.03933411] | Reward=+0.017 | Cum=+0.691 | Info={'shot_attempted': False, 'pass_attempted': False, 'goal_scored': False, 'goal_team': None, 'ball_out_by': None, 'has_ball': False, 'start_shot_bonus': False, 'start_pass_bonus': False, 'possession_lost': False}

[Step 105] Action=[ 0.21571866 -0.11154045  0.          0.12862568  0.14029798 -0.21242055
  0.03931855] | Reward=+0.018 | Cum=+0.709 | Info={'shot_attempted': False, 'pass_attempted': False, 'goal_scored': False, 'goal_team': None, 'ball_out_by': None, 'has_ball': False, 'start_shot_bonus': False, 'start_pass_bonus': False, 'possession_lost': False}

[Step 106] Action=[ 0.21568489 -0.1115163   0.          0.1286009   0.1402984  -0.21241337
  0.03930296] | Reward=+0.018 | Cum=+0.727 | Info={'shot_attempted': False, 'pass_attempted': False, 'goal_scored': False, 'goal_team': None, 'ball_out_by': None, 'has_ball': False, 'start_shot_bonus': False, 'start_pass_bonus': False, 'possession_lost': False}

[Step 107] Action=[ 0.21565124 -0.11149212  0.          0.12857625  0.1402989  -0.21240638
  0.03928737] | Reward=+0.018 | Cum=+0.745 | Info={'shot_attempted': False, 'pass_attempted': False, 'goal_scored': False, 'goal_team': None, 'ball_out_by': None, 'has_ball': False, 'start_shot_bonus': False, 'start_pass_bonus': False, 'possession_lost': False}

[Step 108] Action=[ 0.21561757 -0.11146794  0.          0.12855159  0.14029936 -0.21239938
  0.03927179] | Reward=+0.018 | Cum=+0.762 | Info={'shot_attempted': False, 'pass_attempted': False, 'goal_scored': False, 'goal_team': None, 'ball_out_by': None, 'has_ball': False, 'start_shot_bonus': False, 'start_pass_bonus': False, 'possession_lost': False}

[Step 109] Action=[ 0.21558419 -0.11144335  0.          0.12852705  0.14030015 -0.2123909
  0.03925632] | Reward=+0.018 | Cum=+0.780 | Info={'shot_attempted': False, 'pass_attempted': False, 'goal_scored': False, 'goal_team': None, 'ball_out_by': None, 'has_ball': False, 'start_shot_bonus': False, 'start_pass_bonus': False, 'possession_lost': False}

[Step 110] Action=[ 0.21555133 -0.11141773  0.          0.12850277  0.14030167 -0.21237847
  0.03924105] | Reward=+0.019 | Cum=+0.799 | Info={'shot_attempted': False, 'pass_attempted': False, 'goal_scored': False, 'goal_team': None, 'ball_out_by': None, 'has_ball': False, 'start_shot_bonus': False, 'start_pass_bonus': False, 'possession_lost': False}

[Step 111] Action=[ 0.21551853 -0.11139215  0.          0.12847856  0.1403032  -0.21236607
  0.03922581] | Reward=+0.019 | Cum=+0.818 | Info={'shot_attempted': False, 'pass_attempted': False, 'goal_scored': False, 'goal_team': None, 'ball_out_by': None, 'has_ball': False, 'start_shot_bonus': False, 'start_pass_bonus': False, 'possession_lost': False}

[Step 112] Action=[ 0.21548575 -0.11136653  0.          0.12845428  0.14030471 -0.2123537
  0.03921055] | Reward=+0.019 | Cum=+0.838 | Info={'shot_attempted': False, 'pass_attempted': False, 'goal_scored': False, 'goal_team': None, 'ball_out_by': None, 'has_ball': False, 'start_shot_bonus': False, 'start_pass_bonus': False, 'possession_lost': False}

[Step 113] Action=[ 0.21545295 -0.11134092  0.          0.12843004  0.14030623 -0.21234135
  0.0391953 ] | Reward=+0.019 | Cum=+0.857 | Info={'shot_attempted': False, 'pass_attempted': False, 'goal_scored': False, 'goal_team': None, 'ball_out_by': None, 'has_ball': False, 'start_shot_bonus': False, 'start_pass_bonus': False, 'possession_lost': False}

[Step 114] Action=[ 0.21542007 -0.1113153   0.          0.12840581  0.14030775 -0.21232897
  0.03918001] | Reward=+0.019 | Cum=+0.876 | Info={'shot_attempted': False, 'pass_attempted': False, 'goal_scored': False, 'goal_team': None, 'ball_out_by': None, 'has_ball': False, 'start_shot_bonus': False, 'start_pass_bonus': False, 'possession_lost': False}

[Step 115] Action=[ 0.21538727 -0.11128969  0.          0.12838152  0.14030929 -0.21231659
  0.03916475] | Reward=+0.020 | Cum=+0.896 | Info={'shot_attempted': False, 'pass_attempted': False, 'goal_scored': False, 'goal_team': None, 'ball_out_by': None, 'has_ball': False, 'start_shot_bonus': False, 'start_pass_bonus': False, 'possession_lost': False}

[Step 116] Action=[ 0.21535444 -0.11126409  0.          0.12835726  0.1403108  -0.21230417
  0.0391495 ] | Reward=+0.020 | Cum=+0.916 | Info={'shot_attempted': False, 'pass_attempted': False, 'goal_scored': False, 'goal_team': None, 'ball_out_by': None, 'has_ball': False, 'start_shot_bonus': False, 'start_pass_bonus': False, 'possession_lost': False}

[Step 117] Action=[ 0.21532162 -0.11123849  0.          0.12833303  0.14031231 -0.2122918
  0.03913425] | Reward=+0.020 | Cum=+0.936 | Info={'shot_attempted': False, 'pass_attempted': False, 'goal_scored': False, 'goal_team': None, 'ball_out_by': None, 'has_ball': False, 'start_shot_bonus': False, 'start_pass_bonus': False, 'possession_lost': False}

[Step 118] Action=[ 0.21528885 -0.11121287  0.          0.12830879  0.14031385 -0.21227942
  0.03911899] | Reward=+0.020 | Cum=+0.957 | Info={'shot_attempted': False, 'pass_attempted': False, 'goal_scored': False, 'goal_team': None, 'ball_out_by': None, 'has_ball': False, 'start_shot_bonus': False, 'start_pass_bonus': False, 'possession_lost': False}

[Step 119] Action=[ 0.21525602 -0.11118727  0.          0.12828454  0.14031537 -0.21226704
  0.03910374] | Reward=+0.020 | Cum=+0.977 | Info={'shot_attempted': False, 'pass_attempted': False, 'goal_scored': False, 'goal_team': None, 'ball_out_by': None, 'has_ball': False, 'start_shot_bonus': False, 'start_pass_bonus': False, 'possession_lost': False}

[Step 120] Action=[ 0.21522322 -0.11116166  0.          0.12826027  0.14031687 -0.21225463
  0.03908847] | Reward=+0.021 | Cum=+0.998 | Info={'shot_attempted': False, 'pass_attempted': False, 'goal_scored': False, 'goal_team': None, 'ball_out_by': None, 'has_ball': False, 'start_shot_bonus': False, 'start_pass_bonus': False, 'possession_lost': False}

[Step 121] Action=[ 0.2151904  -0.11113606  0.          0.12823606  0.1403184  -0.21224228
  0.03907322] | Reward=+0.021 | Cum=+1.020 | Info={'shot_attempted': False, 'pass_attempted': False, 'goal_scored': False, 'goal_team': None, 'ball_out_by': None, 'has_ball': False, 'start_shot_bonus': False, 'start_pass_bonus': False, 'possession_lost': False}

[Step 122] Action=[ 0.21515757 -0.11111044  0.          0.1282118   0.1403199  -0.21222988
  0.03905798] | Reward=+0.021 | Cum=+1.041 | Info={'shot_attempted': False, 'pass_attempted': False, 'goal_scored': False, 'goal_team': None, 'ball_out_by': None, 'has_ball': False, 'start_shot_bonus': False, 'start_pass_bonus': False, 'possession_lost': False}

[Step 123] Action=[ 0.21512474 -0.11108485  0.          0.12818752  0.14032142 -0.21221752
  0.0390427 ] | Reward=+0.021 | Cum=+1.062 | Info={'shot_attempted': False, 'pass_attempted': False, 'goal_scored': False, 'goal_team': None, 'ball_out_by': None, 'has_ball': False, 'start_shot_bonus': False, 'start_pass_bonus': False, 'possession_lost': False}

[Step 124] Action=[ 0.21509191 -0.11105923  0.          0.1281633   0.14032294 -0.2122051
  0.03902745] | Reward=+0.021 | Cum=+1.084 | Info={'shot_attempted': False, 'pass_attempted': False, 'goal_scored': False, 'goal_team': None, 'ball_out_by': None, 'has_ball': False, 'start_shot_bonus': False, 'start_pass_bonus': False, 'possession_lost': False}

[Step 125] Action=[ 0.21505915 -0.11103363  0.          0.12813903  0.14032446 -0.21219273
  0.03901221] | Reward=+0.023 | Cum=+1.106 | Info={'shot_attempted': False, 'pass_attempted': False, 'goal_scored': False, 'goal_team': None, 'ball_out_by': None, 'has_ball': False, 'start_shot_bonus': False, 'start_pass_bonus': False, 'possession_lost': False}

[Step 126] Action=[ 0.21502727 -0.11100941  0.          0.12811567  0.14032443 -0.2121785
  0.03899457] | Reward=+0.023 | Cum=+1.129 | Info={'shot_attempted': False, 'pass_attempted': False, 'goal_scored': False, 'goal_team': None, 'ball_out_by': None, 'has_ball': False, 'start_shot_bonus': False, 'start_pass_bonus': False, 'possession_lost': False}

[Step 127] Action=[ 0.2149957  -0.11098555  0.          0.12809248  0.14032403 -0.21216391
  0.03897641] | Reward=+0.023 | Cum=+1.151 | Info={'shot_attempted': False, 'pass_attempted': False, 'goal_scored': False, 'goal_team': None, 'ball_out_by': None, 'has_ball': False, 'start_shot_bonus': False, 'start_pass_bonus': False, 'possession_lost': False}

[Step 128] Action=[ 0.21496406 -0.11096167  0.          0.12806933  0.14032361 -0.21214928
  0.03895824] | Reward=+0.023 | Cum=+1.174 | Info={'shot_attempted': False, 'pass_attempted': False, 'goal_scored': False, 'goal_team': None, 'ball_out_by': None, 'has_ball': False, 'start_shot_bonus': False, 'start_pass_bonus': False, 'possession_lost': False}

[Step 129] Action=[ 0.21493246 -0.1109378   0.          0.12804617  0.1403232  -0.21213467
  0.03894006] | Reward=+0.023 | Cum=+1.196 | Info={'shot_attempted': False, 'pass_attempted': False, 'goal_scored': False, 'goal_team': None, 'ball_out_by': None, 'has_ball': False, 'start_shot_bonus': False, 'start_pass_bonus': False, 'possession_lost': False}

[Step 130] Action=[ 0.21490085 -0.11091391  0.          0.12802297  0.14032282 -0.21212004
  0.03892191] | Reward=+0.024 | Cum=+1.220 | Info={'shot_attempted': False, 'pass_attempted': False, 'goal_scored': False, 'goal_team': None, 'ball_out_by': None, 'has_ball': False, 'start_shot_bonus': False, 'start_pass_bonus': False, 'possession_lost': False}

[Step 131] Action=[ 0.21486926 -0.11089005  0.          0.12799981  0.1403224  -0.21210541
  0.03890378] | Reward=+0.024 | Cum=+1.244 | Info={'shot_attempted': False, 'pass_attempted': False, 'goal_scored': False, 'goal_team': None, 'ball_out_by': None, 'has_ball': False, 'start_shot_bonus': False, 'start_pass_bonus': False, 'possession_lost': False}

[Step 132] Action=[ 0.21483763 -0.11086618  0.          0.12797666  0.14032201 -0.21209082
  0.03888562] | Reward=+0.024 | Cum=+1.267 | Info={'shot_attempted': False, 'pass_attempted': False, 'goal_scored': False, 'goal_team': None, 'ball_out_by': None, 'has_ball': False, 'start_shot_bonus': False, 'start_pass_bonus': False, 'possession_lost': False}

[Step 133] Action=[ 0.21480606 -0.1108423   0.          0.1279535   0.14032161 -0.21207619
  0.03886744] | Reward=+0.024 | Cum=+1.291 | Info={'shot_attempted': False, 'pass_attempted': False, 'goal_scored': False, 'goal_team': None, 'ball_out_by': None, 'has_ball': False, 'start_shot_bonus': False, 'start_pass_bonus': False, 'possession_lost': False}

[Step 134] Action=[ 0.21477443 -0.11081842  0.          0.12793034  0.1403212  -0.21206158
  0.03884931] | Reward=+0.024 | Cum=+1.315 | Info={'shot_attempted': False, 'pass_attempted': False, 'goal_scored': False, 'goal_team': None, 'ball_out_by': None, 'has_ball': False, 'start_shot_bonus': False, 'start_pass_bonus': False, 'possession_lost': False}

[Step 135] Action=[ 0.21474282 -0.11079453  0.          0.12790716  0.14032078 -0.21204695
  0.03883113] | Reward=+0.025 | Cum=+1.340 | Info={'shot_attempted': False, 'pass_attempted': False, 'goal_scored': False, 'goal_team': None, 'ball_out_by': None, 'has_ball': False, 'start_shot_bonus': False, 'start_pass_bonus': False, 'possession_lost': False}

[Step 136] Action=[ 0.2147112  -0.11077066  0.          0.12788399  0.1403204  -0.21203232
  0.03881297] | Reward=+0.025 | Cum=+1.364 | Info={'shot_attempted': False, 'pass_attempted': False, 'goal_scored': False, 'goal_team': None, 'ball_out_by': None, 'has_ball': False, 'start_shot_bonus': False, 'start_pass_bonus': False, 'possession_lost': False}

[Step 137] Action=[ 0.21467957 -0.11074679  0.          0.12786081  0.14031999 -0.2120177
  0.03879483] | Reward=+0.025 | Cum=+1.389 | Info={'shot_attempted': False, 'pass_attempted': False, 'goal_scored': False, 'goal_team': None, 'ball_out_by': None, 'has_ball': False, 'start_shot_bonus': False, 'start_pass_bonus': False, 'possession_lost': False}

[Step 138] Action=[ 0.21464798 -0.11072291  0.          0.12783769  0.14031959 -0.21200307
  0.03877664] | Reward=+0.025 | Cum=+1.414 | Info={'shot_attempted': False, 'pass_attempted': False, 'goal_scored': False, 'goal_team': None, 'ball_out_by': None, 'has_ball': False, 'start_shot_bonus': False, 'start_pass_bonus': False, 'possession_lost': False}

[Step 139] Action=[ 0.21461634 -0.11069903  0.          0.1278145   0.14031917 -0.21198846
  0.0387585 ] | Reward=+0.025 | Cum=+1.439 | Info={'shot_attempted': False, 'pass_attempted': False, 'goal_scored': False, 'goal_team': None, 'ball_out_by': None, 'has_ball': False, 'start_shot_bonus': False, 'start_pass_bonus': False, 'possession_lost': False}

[Step 140] Action=[ 0.21458475 -0.11067516  0.          0.12779135  0.14031878 -0.21197383
  0.03874034] | Reward=+0.026 | Cum=+1.465 | Info={'shot_attempted': False, 'pass_attempted': False, 'goal_scored': False, 'goal_team': None, 'ball_out_by': None, 'has_ball': False, 'start_shot_bonus': False, 'start_pass_bonus': False, 'possession_lost': False}

[Step 141] Action=[ 0.2145531  -0.11065129  0.          0.12776819  0.14031838 -0.21195921
  0.03872218] | Reward=+0.026 | Cum=+1.491 | Info={'shot_attempted': False, 'pass_attempted': False, 'goal_scored': False, 'goal_team': None, 'ball_out_by': None, 'has_ball': False, 'start_shot_bonus': False, 'start_pass_bonus': False, 'possession_lost': False}

[Step 142] Action=[ 0.21452153 -0.11062741  0.          0.12774502  0.14031798 -0.21194458
  0.03870405] | Reward=+0.026 | Cum=+1.517 | Info={'shot_attempted': False, 'pass_attempted': False, 'goal_scored': False, 'goal_team': None, 'ball_out_by': None, 'has_ball': False, 'start_shot_bonus': False, 'start_pass_bonus': False, 'possession_lost': False}

[Step 143] Action=[ 0.2144899  -0.11060354  0.          0.12772185  0.14031754 -0.21192998
  0.03868585] | Reward=+0.026 | Cum=+1.543 | Info={'shot_attempted': False, 'pass_attempted': False, 'goal_scored': False, 'goal_team': None, 'ball_out_by': None, 'has_ball': False, 'start_shot_bonus': False, 'start_pass_bonus': False, 'possession_lost': False}

[Step 144] Action=[ 0.21445826 -0.11057965  0.          0.12769867  0.14031714 -0.21191531
  0.03866769] | Reward=+0.026 | Cum=+1.569 | Info={'shot_attempted': False, 'pass_attempted': False, 'goal_scored': False, 'goal_team': None, 'ball_out_by': None, 'has_ball': False, 'start_shot_bonus': False, 'start_pass_bonus': False, 'possession_lost': False}

[Step 145] Action=[ 0.21442665 -0.11055578  0.          0.12767555  0.14031675 -0.2119007
  0.03864954] | Reward=+0.027 | Cum=+1.596 | Info={'shot_attempted': False, 'pass_attempted': False, 'goal_scored': False, 'goal_team': None, 'ball_out_by': None, 'has_ball': False, 'start_shot_bonus': False, 'start_pass_bonus': False, 'possession_lost': False}

[Step 146] Action=[ 0.21439503 -0.11053192  0.          0.12765236  0.14031634 -0.21188608
  0.03863138] | Reward=+0.027 | Cum=+1.623 | Info={'shot_attempted': False, 'pass_attempted': False, 'goal_scored': False, 'goal_team': None, 'ball_out_by': None, 'has_ball': False, 'start_shot_bonus': False, 'start_pass_bonus': False, 'possession_lost': False}

[Step 147] Action=[ 0.21436338 -0.11050804  0.          0.12762919  0.14031594 -0.21187145
  0.03861322] | Reward=+0.027 | Cum=+1.650 | Info={'shot_attempted': False, 'pass_attempted': False, 'goal_scored': False, 'goal_team': None, 'ball_out_by': None, 'has_ball': False, 'start_shot_bonus': False, 'start_pass_bonus': False, 'possession_lost': False}

[Step 148] Action=[ 0.21433179 -0.11048415  0.          0.12760605  0.14031555 -0.21185681
  0.03859509] | Reward=+0.027 | Cum=+1.677 | Info={'shot_attempted': False, 'pass_attempted': False, 'goal_scored': False, 'goal_team': None, 'ball_out_by': None, 'has_ball': False, 'start_shot_bonus': False, 'start_pass_bonus': False, 'possession_lost': False}

[Step 149] Action=[ 0.21430016 -0.1104603   0.          0.1275829   0.14031513 -0.21184221
  0.03857691] | Reward=+0.027 | Cum=+1.704 | Info={'shot_attempted': False, 'pass_attempted': False, 'goal_scored': False, 'goal_team': None, 'ball_out_by': None, 'has_ball': False, 'start_shot_bonus': False, 'start_pass_bonus': False, 'possession_lost': False}

[Step 150] Action=[ 0.21426857 -0.11043641  0.          0.12755972  0.1403147  -0.21182756
  0.03855877] | Reward=+0.028 | Cum=+1.733 | Info={'shot_attempted': False, 'pass_attempted': False, 'goal_scored': False, 'goal_team': None, 'ball_out_by': None, 'has_ball': False, 'start_shot_bonus': False, 'start_pass_bonus': False, 'possession_lost': False}

[Step 151] Action=[ 0.21423694 -0.11041255  0.          0.12753657  0.1403143  -0.21181296
  0.03854061] | Reward=+0.028 | Cum=+1.761 | Info={'shot_attempted': False, 'pass_attempted': False, 'goal_scored': False, 'goal_team': None, 'ball_out_by': None, 'has_ball': False, 'start_shot_bonus': False, 'start_pass_bonus': False, 'possession_lost': False}

[Step 152] Action=[ 0.2142053  -0.11038866  0.          0.12751341  0.1403139  -0.21179833
  0.03852245] | Reward=+0.028 | Cum=+1.789 | Info={'shot_attempted': False, 'pass_attempted': False, 'goal_scored': False, 'goal_team': None, 'ball_out_by': None, 'has_ball': False, 'start_shot_bonus': False, 'start_pass_bonus': False, 'possession_lost': False}

[Step 153] Action=[ 0.2141733  -0.11036392  0.          0.1274898   0.14031416 -0.21178287
  0.0385043 ] | Reward=+0.028 | Cum=+1.817 | Info={'shot_attempted': False, 'pass_attempted': False, 'goal_scored': False, 'goal_team': None, 'ball_out_by': None, 'has_ball': False, 'start_shot_bonus': False, 'start_pass_bonus': False, 'possession_lost': False}

[Step 154] Action=[ 0.21414058 -0.11033743  0.          0.12746535  0.14031579 -0.21176575
  0.03848615] | Reward=+0.028 | Cum=+1.845 | Info={'shot_attempted': False, 'pass_attempted': False, 'goal_scored': False, 'goal_team': None, 'ball_out_by': None, 'has_ball': False, 'start_shot_bonus': False, 'start_pass_bonus': False, 'possession_lost': False}

[Step 155] Action=[ 0.21410781 -0.11031092  0.          0.12744087  0.14031745 -0.21174861
  0.038468  ] | Reward=+0.029 | Cum=+1.874 | Info={'shot_attempted': False, 'pass_attempted': False, 'goal_scored': False, 'goal_team': None, 'ball_out_by': None, 'has_ball': False, 'start_shot_bonus': False, 'start_pass_bonus': False, 'possession_lost': False}

[Step 156] Action=[ 0.21407512 -0.11028443  0.          0.1274164   0.14031911 -0.21173151
  0.03844986] | Reward=+0.029 | Cum=+1.903 | Info={'shot_attempted': False, 'pass_attempted': False, 'goal_scored': False, 'goal_team': None, 'ball_out_by': None, 'has_ball': False, 'start_shot_bonus': False, 'start_pass_bonus': False, 'possession_lost': False}

[Step 157] Action=[ 0.21404232 -0.11025793  0.          0.12739192  0.14032072 -0.21171437
  0.03843172] | Reward=+0.029 | Cum=+1.933 | Info={'shot_attempted': False, 'pass_attempted': False, 'goal_scored': False, 'goal_team': None, 'ball_out_by': None, 'has_ball': False, 'start_shot_bonus': False, 'start_pass_bonus': False, 'possession_lost': False}

[Step 158] Action=[ 0.21400955 -0.11023144  0.          0.12736742  0.14032236 -0.21169727
  0.03841358] | Reward=+0.029 | Cum=+1.962 | Info={'shot_attempted': False, 'pass_attempted': False, 'goal_scored': False, 'goal_team': None, 'ball_out_by': None, 'has_ball': False, 'start_shot_bonus': False, 'start_pass_bonus': False, 'possession_lost': False}

[Step 159] Action=[ 0.21397683 -0.11020491  0.          0.12734295  0.140324   -0.21168014
  0.03839546] | Reward=+0.029 | Cum=+1.991 | Info={'shot_attempted': False, 'pass_attempted': False, 'goal_scored': False, 'goal_team': None, 'ball_out_by': None, 'has_ball': False, 'start_shot_bonus': False, 'start_pass_bonus': False, 'possession_lost': False}

[Step 160] Action=[ 0.21394421 -0.11017776  0.          0.12732017  0.14032659 -0.21166253
  0.03837664] | Reward=+0.030 | Cum=+2.022 | Info={'shot_attempted': False, 'pass_attempted': False, 'goal_scored': False, 'goal_team': None, 'ball_out_by': None, 'has_ball': False, 'start_shot_bonus': False, 'start_pass_bonus': False, 'possession_lost': False}

[Step 161] Action=[ 0.21391165 -0.11015017  0.          0.1272984   0.14032978 -0.2116446
  0.03835736] | Reward=+0.030 | Cum=+2.052 | Info={'shot_attempted': False, 'pass_attempted': False, 'goal_scored': False, 'goal_team': None, 'ball_out_by': None, 'has_ball': False, 'start_shot_bonus': False, 'start_pass_bonus': False, 'possession_lost': False}

[Step 162] Action=[ 0.2138791  -0.11012253  0.          0.12727667  0.14033298 -0.21162663
  0.0383381 ] | Reward=+0.030 | Cum=+2.082 | Info={'shot_attempted': False, 'pass_attempted': False, 'goal_scored': False, 'goal_team': None, 'ball_out_by': None, 'has_ball': False, 'start_shot_bonus': False, 'start_pass_bonus': False, 'possession_lost': False}

[Step 163] Action=[ 0.21384653 -0.11009493  0.          0.12725493  0.1403362  -0.21160871
  0.03831882] | Reward=+0.030 | Cum=+2.112 | Info={'shot_attempted': False, 'pass_attempted': False, 'goal_scored': False, 'goal_team': None, 'ball_out_by': None, 'has_ball': False, 'start_shot_bonus': False, 'start_pass_bonus': False, 'possession_lost': False}

[Step 164] Action=[ 0.21381399 -0.11006734  0.          0.1272332   0.14033939 -0.21159077
  0.03829958] | Reward=+0.030 | Cum=+2.142 | Info={'shot_attempted': False, 'pass_attempted': False, 'goal_scored': False, 'goal_team': None, 'ball_out_by': None, 'has_ball': False, 'start_shot_bonus': False, 'start_pass_bonus': False, 'possession_lost': False}

[Step 165] Action=[ 0.21378145 -0.11003973  0.          0.12721147  0.14034258 -0.21157284
  0.03828033] | Reward=+0.031 | Cum=+2.173 | Info={'shot_attempted': False, 'pass_attempted': False, 'goal_scored': False, 'goal_team': None, 'ball_out_by': None, 'has_ball': False, 'start_shot_bonus': False, 'start_pass_bonus': False, 'possession_lost': False}

[Step 166] Action=[ 0.21374887 -0.11001211  0.          0.12718974  0.14034581 -0.21155487
  0.03826105] | Reward=+0.031 | Cum=+2.205 | Info={'shot_attempted': False, 'pass_attempted': False, 'goal_scored': False, 'goal_team': None, 'ball_out_by': None, 'has_ball': False, 'start_shot_bonus': False, 'start_pass_bonus': False, 'possession_lost': False}

[Step 167] Action=[ 0.21371633 -0.10998451  0.          0.12716798  0.140349   -0.21153691
  0.03824178] | Reward=+0.031 | Cum=+2.236 | Info={'shot_attempted': False, 'pass_attempted': False, 'goal_scored': False, 'goal_team': None, 'ball_out_by': None, 'has_ball': False, 'start_shot_bonus': False, 'start_pass_bonus': False, 'possession_lost': False}

[Step 168] Action=[ 0.21368374 -0.10995691  0.          0.12714624  0.14035219 -0.21151897
  0.03822253] | Reward=+0.031 | Cum=+2.267 | Info={'shot_attempted': False, 'pass_attempted': False, 'goal_scored': False, 'goal_team': None, 'ball_out_by': None, 'has_ball': False, 'start_shot_bonus': False, 'start_pass_bonus': False, 'possession_lost': False}

[Step 169] Action=[ 0.21365097 -0.10993047  0.          0.12712595  0.14035353 -0.21149834
  0.03820393] | Reward=+0.031 | Cum=+2.298 | Info={'shot_attempted': False, 'pass_attempted': False, 'goal_scored': False, 'goal_team': None, 'ball_out_by': None, 'has_ball': False, 'start_shot_bonus': False, 'start_pass_bonus': False, 'possession_lost': False}

[Step 170] Action=[ 0.21361779 -0.10990564  0.          0.12710777  0.14035222 -0.21147391
  0.03818625] | Reward=+0.032 | Cum=+2.330 | Info={'shot_attempted': False, 'pass_attempted': False, 'goal_scored': False, 'goal_team': None, 'ball_out_by': None, 'has_ball': False, 'start_shot_bonus': False, 'start_pass_bonus': False, 'possession_lost': False}

[Step 171] Action=[ 0.21358468 -0.10988083  0.          0.12708957  0.14035091 -0.21144947
  0.03816856] | Reward=+0.032 | Cum=+2.362 | Info={'shot_attempted': False, 'pass_attempted': False, 'goal_scored': False, 'goal_team': None, 'ball_out_by': None, 'has_ball': False, 'start_shot_bonus': False, 'start_pass_bonus': False, 'possession_lost': False}

[Step 172] Action=[ 0.21355152 -0.10985602  0.          0.12707134  0.14034958 -0.21142505
  0.0381509 ] | Reward=+0.032 | Cum=+2.394 | Info={'shot_attempted': False, 'pass_attempted': False, 'goal_scored': False, 'goal_team': None, 'ball_out_by': None, 'has_ball': False, 'start_shot_bonus': False, 'start_pass_bonus': False, 'possession_lost': False}

[Step 173] Action=[ 0.2135193  -0.109832    0.          0.12705265  0.14034817 -0.21139924
  0.03813399] | Reward=+0.032 | Cum=+2.426 | Info={'shot_attempted': False, 'pass_attempted': False, 'goal_scored': False, 'goal_team': None, 'ball_out_by': None, 'has_ball': False, 'start_shot_bonus': False, 'start_pass_bonus': False, 'possession_lost': False}

[Step 174] Action=[ 0.21348998 -0.10981037  0.          0.1270324   0.1403465  -0.21136919
  0.03811936] | Reward=+0.032 | Cum=+2.458 | Info={'shot_attempted': False, 'pass_attempted': False, 'goal_scored': False, 'goal_team': None, 'ball_out_by': None, 'has_ball': False, 'start_shot_bonus': False, 'start_pass_bonus': False, 'possession_lost': False}

[Step 175] Action=[ 0.21346071 -0.10978875  0.          0.12701213  0.1403448  -0.21133913
  0.03810475] | Reward=+0.033 | Cum=+2.491 | Info={'shot_attempted': False, 'pass_attempted': False, 'goal_scored': False, 'goal_team': None, 'ball_out_by': None, 'has_ball': False, 'start_shot_bonus': False, 'start_pass_bonus': False, 'possession_lost': False}

[Step 176] Action=[ 0.21343142 -0.10976711  0.          0.12699188  0.14034311 -0.21130906
  0.03809013] | Reward=+0.033 | Cum=+2.525 | Info={'shot_attempted': False, 'pass_attempted': False, 'goal_scored': False, 'goal_team': None, 'ball_out_by': None, 'has_ball': False, 'start_shot_bonus': False, 'start_pass_bonus': False, 'possession_lost': False}

[Step 177] Action=[ 0.21340209 -0.10974549  0.          0.12697162  0.1403414  -0.21127902
  0.03807556] | Reward=+0.033 | Cum=+2.558 | Info={'shot_attempted': False, 'pass_attempted': False, 'goal_scored': False, 'goal_team': None, 'ball_out_by': None, 'has_ball': False, 'start_shot_bonus': False, 'start_pass_bonus': False, 'possession_lost': False}

[Step 178] Action=[ 0.21337283 -0.10972388  0.          0.12695137  0.14033973 -0.211249
  0.03806094] | Reward=+0.033 | Cum=+2.591 | Info={'shot_attempted': False, 'pass_attempted': False, 'goal_scored': False, 'goal_team': None, 'ball_out_by': None, 'has_ball': False, 'start_shot_bonus': False, 'start_pass_bonus': False, 'possession_lost': False}

[Step 179] Action=[ 0.21334349 -0.10970226  0.          0.12693115  0.14033805 -0.21121891
  0.03804632] | Reward=+0.032 | Cum=+2.623 | Info={'shot_attempted': False, 'pass_attempted': False, 'goal_scored': False, 'goal_team': None, 'ball_out_by': None, 'has_ball': False, 'start_shot_bonus': False, 'start_pass_bonus': False, 'possession_lost': False}

[Step 180] Action=[ 0.21331416 -0.10968062  0.          0.1269109   0.14033633 -0.21118885
  0.03803171] | Reward=+0.034 | Cum=+2.657 | Info={'shot_attempted': False, 'pass_attempted': False, 'goal_scored': False, 'goal_team': None, 'ball_out_by': None, 'has_ball': False, 'start_shot_bonus': False, 'start_pass_bonus': False, 'possession_lost': False}

[Step 181] Action=[ 0.21328488 -0.109659    0.          0.12689061  0.14033468 -0.21115881
  0.03801711] | Reward=+0.034 | Cum=+2.691 | Info={'shot_attempted': False, 'pass_attempted': False, 'goal_scored': False, 'goal_team': None, 'ball_out_by': None, 'has_ball': False, 'start_shot_bonus': False, 'start_pass_bonus': False, 'possession_lost': False}

[Step 182] Action=[ 0.21325554 -0.10963737  0.          0.12687036  0.14033298 -0.21112877
  0.03800252] | Reward=+0.034 | Cum=+2.724 | Info={'shot_attempted': False, 'pass_attempted': False, 'goal_scored': False, 'goal_team': None, 'ball_out_by': None, 'has_ball': False, 'start_shot_bonus': False, 'start_pass_bonus': False, 'possession_lost': False}

[Step 183] Action=[ 0.21322623 -0.10961574  0.          0.12685013  0.14033128 -0.21109867
  0.03798791] | Reward=+0.034 | Cum=+2.758 | Info={'shot_attempted': False, 'pass_attempted': False, 'goal_scored': False, 'goal_team': None, 'ball_out_by': None, 'has_ball': False, 'start_shot_bonus': False, 'start_pass_bonus': False, 'possession_lost': False}

[Step 184] Action=[ 0.21319693 -0.10959414  0.          0.12682989  0.14032957 -0.21106863
  0.0379733 ] | Reward=+0.034 | Cum=+2.791 | Info={'shot_attempted': False, 'pass_attempted': False, 'goal_scored': False, 'goal_team': None, 'ball_out_by': None, 'has_ball': False, 'start_shot_bonus': False, 'start_pass_bonus': False, 'possession_lost': False}

[Step 185] Action=[ 0.21316764 -0.10957251  0.          0.12680966  0.14032792 -0.21103859
  0.03795872] | Reward=+0.035 | Cum=+2.826 | Info={'shot_attempted': False, 'pass_attempted': False, 'goal_scored': False, 'goal_team': None, 'ball_out_by': None, 'has_ball': False, 'start_shot_bonus': False, 'start_pass_bonus': False, 'possession_lost': False}

[Step 186] Action=[ 0.2131383  -0.10955089  0.          0.12678939  0.14032622 -0.21100852
  0.03794409] | Reward=+0.035 | Cum=+2.861 | Info={'shot_attempted': False, 'pass_attempted': False, 'goal_scored': False, 'goal_team': None, 'ball_out_by': None, 'has_ball': False, 'start_shot_bonus': False, 'start_pass_bonus': False, 'possession_lost': False}

[Step 187] Action=[ 0.213109   -0.10952926  0.          0.12676916  0.1403245  -0.21097845
  0.0379295 ] | Reward=+0.035 | Cum=+2.896 | Info={'shot_attempted': False, 'pass_attempted': False, 'goal_scored': False, 'goal_team': None, 'ball_out_by': None, 'has_ball': False, 'start_shot_bonus': False, 'start_pass_bonus': False, 'possession_lost': False}

[Step 188] Action=[ 0.2130797  -0.10950764  0.          0.12674889  0.14032285 -0.21094841
  0.03791488] | Reward=+0.034 | Cum=+2.930 | Info={'shot_attempted': False, 'pass_attempted': False, 'goal_scored': False, 'goal_team': None, 'ball_out_by': None, 'has_ball': False, 'start_shot_bonus': False, 'start_pass_bonus': False, 'possession_lost': False}

[Step 189] Action=[ 0.2130504  -0.10948602  0.          0.12672864  0.14032117 -0.21091834
  0.0379003 ] | Reward=+0.034 | Cum=+2.963 | Info={'shot_attempted': False, 'pass_attempted': False, 'goal_scored': False, 'goal_team': None, 'ball_out_by': None, 'has_ball': False, 'start_shot_bonus': False, 'start_pass_bonus': False, 'possession_lost': False}

[Step 190] Action=[ 0.21302108 -0.10946441  0.          0.12670842  0.14031947 -0.2108883
  0.03788568] | Reward=+0.035 | Cum=+2.998 | Info={'shot_attempted': False, 'pass_attempted': False, 'goal_scored': False, 'goal_team': None, 'ball_out_by': None, 'has_ball': False, 'start_shot_bonus': False, 'start_pass_bonus': False, 'possession_lost': False}

[Step 191] Action=[ 0.21299177 -0.10944279  0.          0.12668814  0.14031777 -0.21085826
  0.03787107] | Reward=+0.035 | Cum=+3.033 | Info={'shot_attempted': False, 'pass_attempted': False, 'goal_scored': False, 'goal_team': None, 'ball_out_by': None, 'has_ball': False, 'start_shot_bonus': False, 'start_pass_bonus': False, 'possession_lost': False}

[Step 192] Action=[ 0.21296246 -0.10942116  0.          0.12666792  0.14031611 -0.21082819
  0.03785647] | Reward=+0.035 | Cum=+3.068 | Info={'shot_attempted': False, 'pass_attempted': False, 'goal_scored': False, 'goal_team': None, 'ball_out_by': None, 'has_ball': False, 'start_shot_bonus': False, 'start_pass_bonus': False, 'possession_lost': False}

[Step 193] Action=[ 0.21293315 -0.10939953  0.          0.12664767  0.14031439 -0.21079811
  0.03784188] | Reward=+0.035 | Cum=+3.103 | Info={'shot_attempted': False, 'pass_attempted': False, 'goal_scored': False, 'goal_team': None, 'ball_out_by': None, 'has_ball': False, 'start_shot_bonus': False, 'start_pass_bonus': False, 'possession_lost': False}

[Step 194] Action=[ 0.21290384 -0.10937792  0.          0.12662743  0.14031272 -0.21076804
  0.03782726] | Reward=+0.035 | Cum=+3.138 | Info={'shot_attempted': False, 'pass_attempted': False, 'goal_scored': False, 'goal_team': None, 'ball_out_by': None, 'has_ball': False, 'start_shot_bonus': False, 'start_pass_bonus': False, 'possession_lost': False}

[Step 195] Action=[ 0.21287759 -0.10935891  0.          0.12661202  0.14030907 -0.21074048
  0.03781176] | Reward=+0.036 | Cum=+3.174 | Info={'shot_attempted': False, 'pass_attempted': False, 'goal_scored': False, 'goal_team': None, 'ball_out_by': None, 'has_ball': False, 'start_shot_bonus': False, 'start_pass_bonus': False, 'possession_lost': False}

[Step 196] Action=[ 0.2128522  -0.10934068  0.          0.12659808  0.14030483 -0.21071361
  0.03779592] | Reward=+0.036 | Cum=+3.210 | Info={'shot_attempted': False, 'pass_attempted': False, 'goal_scored': False, 'goal_team': None, 'ball_out_by': None, 'has_ball': False, 'start_shot_bonus': False, 'start_pass_bonus': False, 'possession_lost': False}

[Step 197] Action=[ 0.21282688 -0.1093225   0.          0.12658414  0.1403006  -0.21068676
  0.03778013] | Reward=+0.035 | Cum=+3.244 | Info={'shot_attempted': False, 'pass_attempted': False, 'goal_scored': False, 'goal_team': None, 'ball_out_by': None, 'has_ball': False, 'start_shot_bonus': False, 'start_pass_bonus': False, 'possession_lost': False}

[Step 198] Action=[ 0.21280153 -0.10930429  0.          0.12657022  0.14029634 -0.2106599
  0.03776435] | Reward=+0.035 | Cum=+3.279 | Info={'shot_attempted': False, 'pass_attempted': False, 'goal_scored': False, 'goal_team': None, 'ball_out_by': None, 'has_ball': False, 'start_shot_bonus': False, 'start_pass_bonus': False, 'possession_lost': False}

[Step 199] Action=[ 0.21277615 -0.10928608  0.          0.12655628  0.14029215 -0.21063307
  0.03774854] | Reward=+0.035 | Cum=+3.314 | Info={'shot_attempted': False, 'pass_attempted': False, 'goal_scored': False, 'goal_team': None, 'ball_out_by': None, 'has_ball': False, 'start_shot_bonus': False, 'start_pass_bonus': False, 'possession_lost': False}

[Step 200] Action=[ 0.21275082 -0.10926787  0.          0.12654233  0.14028789 -0.21060622
  0.03773272] | Reward=+0.036 | Cum=+3.349 | Info={'shot_attempted': False, 'pass_attempted': False, 'goal_scored': False, 'goal_team': None, 'ball_out_by': None, 'has_ball': False, 'start_shot_bonus': False, 'start_pass_bonus': False, 'possession_lost': False}

[Step 201] Action=[ 0.21272545 -0.10924965  0.          0.12652838  0.14028366 -0.21057937
  0.0377169 ] | Reward=+0.036 | Cum=+3.385 | Info={'shot_attempted': False, 'pass_attempted': False, 'goal_scored': False, 'goal_team': None, 'ball_out_by': None, 'has_ball': False, 'start_shot_bonus': False, 'start_pass_bonus': False, 'possession_lost': False}

[Step 202] Action=[ 0.2127001  -0.10923145  0.          0.12651446  0.14027946 -0.2105525
  0.03770113] | Reward=+0.036 | Cum=+3.421 | Info={'shot_attempted': False, 'pass_attempted': False, 'goal_scored': False, 'goal_team': None, 'ball_out_by': None, 'has_ball': False, 'start_shot_bonus': False, 'start_pass_bonus': False, 'possession_lost': False}

[Step 203] Action=[ 0.21267472 -0.10921324  0.          0.1265005   0.14027523 -0.21052565
  0.03768532] | Reward=+0.036 | Cum=+3.457 | Info={'shot_attempted': False, 'pass_attempted': False, 'goal_scored': False, 'goal_team': None, 'ball_out_by': None, 'has_ball': False, 'start_shot_bonus': False, 'start_pass_bonus': False, 'possession_lost': False}

[Step 204] Action=[ 0.21264899 -0.10919478  0.          0.12648647  0.1402709  -0.21049877
  0.03766872] | Reward=+0.037 | Cum=+3.493 | Info={'shot_attempted': False, 'pass_attempted': False, 'goal_scored': False, 'goal_team': None, 'ball_out_by': None, 'has_ball': False, 'start_shot_bonus': False, 'start_pass_bonus': False, 'possession_lost': False}

[Step 205] Action=[ 0.21262182 -0.1091754   0.          0.12647209  0.14026655 -0.21047178
  0.03764928] | Reward=+0.037 | Cum=+3.530 | Info={'shot_attempted': False, 'pass_attempted': False, 'goal_scored': False, 'goal_team': None, 'ball_out_by': None, 'has_ball': False, 'start_shot_bonus': False, 'start_pass_bonus': False, 'possession_lost': False}

[Step 206] Action=[ 0.21259469 -0.10915606  0.          0.12645763  0.1402622  -0.21044481
  0.03762981] | Reward=+0.037 | Cum=+3.567 | Info={'shot_attempted': False, 'pass_attempted': False, 'goal_scored': False, 'goal_team': None, 'ball_out_by': None, 'has_ball': False, 'start_shot_bonus': False, 'start_pass_bonus': False, 'possession_lost': False}

[Step 207] Action=[ 0.21256752 -0.10913671  0.          0.1264432   0.14025782 -0.2104178
  0.03761034] | Reward=+0.035 | Cum=+3.602 | Info={'shot_attempted': False, 'pass_attempted': False, 'goal_scored': False, 'goal_team': None, 'ball_out_by': None, 'has_ball': False, 'start_shot_bonus': False, 'start_pass_bonus': False, 'possession_lost': False}

[Step 208] Action=[ 0.21254037 -0.10911735  0.          0.12642878  0.14025345 -0.21039084
  0.03759087] | Reward=+0.035 | Cum=+3.637 | Info={'shot_attempted': False, 'pass_attempted': False, 'goal_scored': False, 'goal_team': None, 'ball_out_by': None, 'has_ball': False, 'start_shot_bonus': False, 'start_pass_bonus': False, 'possession_lost': False}

[Step 209] Action=[ 0.21251318 -0.109098    0.          0.12641437  0.14024907 -0.21036386
  0.03757142] | Reward=+0.036 | Cum=+3.673 | Info={'shot_attempted': False, 'pass_attempted': False, 'goal_scored': False, 'goal_team': None, 'ball_out_by': None, 'has_ball': False, 'start_shot_bonus': False, 'start_pass_bonus': False, 'possession_lost': False}

[Step 210] Action=[ 0.21248603 -0.10907866  0.          0.12639995  0.14024468 -0.21033686
  0.03755195] | Reward=+0.036 | Cum=+3.710 | Info={'shot_attempted': False, 'pass_attempted': False, 'goal_scored': False, 'goal_team': None, 'ball_out_by': None, 'has_ball': False, 'start_shot_bonus': False, 'start_pass_bonus': False, 'possession_lost': False}

[Step 211] Action=[ 0.21245888 -0.1090593   0.          0.1263855   0.14024033 -0.2103099
  0.03753247] | Reward=+0.036 | Cum=+3.746 | Info={'shot_attempted': False, 'pass_attempted': False, 'goal_scored': False, 'goal_team': None, 'ball_out_by': None, 'has_ball': False, 'start_shot_bonus': False, 'start_pass_bonus': False, 'possession_lost': False}

[Step 212] Action=[ 0.21243167 -0.10903995  0.          0.12637109  0.14023595 -0.2102829
  0.03751304] | Reward=+0.036 | Cum=+3.782 | Info={'shot_attempted': False, 'pass_attempted': False, 'goal_scored': False, 'goal_team': None, 'ball_out_by': None, 'has_ball': False, 'start_shot_bonus': False, 'start_pass_bonus': False, 'possession_lost': False}

[Step 213] Action=[ 0.21240427 -0.10902065  0.          0.12635684  0.14023174 -0.21025611
  0.03749363] | Reward=+0.036 | Cum=+3.818 | Info={'shot_attempted': False, 'pass_attempted': False, 'goal_scored': False, 'goal_team': None, 'ball_out_by': None, 'has_ball': False, 'start_shot_bonus': False, 'start_pass_bonus': False, 'possession_lost': False}

[Step 214] Action=[ 0.21237583 -0.10900155  0.          0.12634309  0.14022821 -0.21023
  0.03747452] | Reward=+0.037 | Cum=+3.855 | Info={'shot_attempted': False, 'pass_attempted': False, 'goal_scored': False, 'goal_team': None, 'ball_out_by': None, 'has_ball': False, 'start_shot_bonus': False, 'start_pass_bonus': False, 'possession_lost': False}

[Step 215] Action=[ 0.21234751 -0.10898248  0.          0.12632933  0.1402247  -0.21020387
  0.03745539] | Reward=+0.037 | Cum=+3.892 | Info={'shot_attempted': False, 'pass_attempted': False, 'goal_scored': False, 'goal_team': None, 'ball_out_by': None, 'has_ball': False, 'start_shot_bonus': False, 'start_pass_bonus': False, 'possession_lost': False}

[Step 216] Action=[ 0.21231912 -0.10896339  0.          0.1263156   0.14022115 -0.21017772
  0.03743629] | Reward=+0.035 | Cum=+3.927 | Info={'shot_attempted': False, 'pass_attempted': False, 'goal_scored': False, 'goal_team': None, 'ball_out_by': None, 'has_ball': False, 'start_shot_bonus': False, 'start_pass_bonus': False, 'possession_lost': False}

[Step 217] Action=[ 0.21229072 -0.10894427  0.          0.12630183  0.14021762 -0.2101516
  0.03741718] | Reward=+0.035 | Cum=+3.962 | Info={'shot_attempted': False, 'pass_attempted': False, 'goal_scored': False, 'goal_team': None, 'ball_out_by': None, 'has_ball': False, 'start_shot_bonus': False, 'start_pass_bonus': False, 'possession_lost': False}

[Step 218] Action=[ 0.21226232 -0.10892519  0.          0.1262881   0.1402141  -0.21012545
  0.03739808] | Reward=+0.035 | Cum=+3.997 | Info={'shot_attempted': False, 'pass_attempted': False, 'goal_scored': False, 'goal_team': None, 'ball_out_by': None, 'has_ball': False, 'start_shot_bonus': False, 'start_pass_bonus': False, 'possession_lost': False}

[Step 219] Action=[ 0.21223392 -0.10890608  0.          0.12627436  0.14021055 -0.21009932
  0.03737894] | Reward=+0.036 | Cum=+4.033 | Info={'shot_attempted': False, 'pass_attempted': False, 'goal_scored': False, 'goal_team': None, 'ball_out_by': None, 'has_ball': False, 'start_shot_bonus': False, 'start_pass_bonus': False, 'possession_lost': False}

[Step 220] Action=[ 0.21220553 -0.10888699  0.          0.1262606   0.14020701 -0.2100732
  0.03735983] | Reward=+0.036 | Cum=+4.069 | Info={'shot_attempted': False, 'pass_attempted': False, 'goal_scored': False, 'goal_team': None, 'ball_out_by': None, 'has_ball': False, 'start_shot_bonus': False, 'start_pass_bonus': False, 'possession_lost': False}

[Step 221] Action=[ 0.21217714 -0.10886788  0.          0.12624684  0.1402035  -0.21004702
  0.03734071] | Reward=+0.036 | Cum=+4.105 | Info={'shot_attempted': False, 'pass_attempted': False, 'goal_scored': False, 'goal_team': None, 'ball_out_by': None, 'has_ball': False, 'start_shot_bonus': False, 'start_pass_bonus': False, 'possession_lost': False}

[Step 222] Action=[ 0.21214876 -0.10884879  0.          0.1262331   0.14019997 -0.2100209
  0.03732162] | Reward=+0.036 | Cum=+4.141 | Info={'shot_attempted': False, 'pass_attempted': False, 'goal_scored': False, 'goal_team': None, 'ball_out_by': None, 'has_ball': False, 'start_shot_bonus': False, 'start_pass_bonus': False, 'possession_lost': False}

[Step 223] Action=[ 0.21212035 -0.10882968  0.          0.12621936  0.14019644 -0.20999478
  0.03730249] | Reward=+0.036 | Cum=+4.177 | Info={'shot_attempted': False, 'pass_attempted': False, 'goal_scored': False, 'goal_team': None, 'ball_out_by': None, 'has_ball': False, 'start_shot_bonus': False, 'start_pass_bonus': False, 'possession_lost': False}

[Step 224] Action=[ 0.21209195 -0.1088106   0.          0.1262056   0.14019291 -0.20996863
  0.03728337] | Reward=+0.037 | Cum=+4.214 | Info={'shot_attempted': False, 'pass_attempted': False, 'goal_scored': False, 'goal_team': None, 'ball_out_by': None, 'has_ball': False, 'start_shot_bonus': False, 'start_pass_bonus': False, 'possession_lost': False}

[Step 225] Action=[ 0.21206358 -0.1087915   0.          0.12619187  0.14018938 -0.2099425
  0.03726428] | Reward=+0.037 | Cum=+4.250 | Info={'shot_attempted': False, 'pass_attempted': False, 'goal_scored': False, 'goal_team': None, 'ball_out_by': None, 'has_ball': False, 'start_shot_bonus': False, 'start_pass_bonus': False, 'possession_lost': False}

[Step 226] Action=[ 0.21203603 -0.10877354  0.          0.12617864  0.14018632 -0.20991689
  0.03724672] | Reward=+0.035 | Cum=+4.285 | Info={'shot_attempted': False, 'pass_attempted': False, 'goal_scored': False, 'goal_team': None, 'ball_out_by': None, 'has_ball': False, 'start_shot_bonus': False, 'start_pass_bonus': False, 'possession_lost': False}

[Step 227] Action=[ 0.21200979 -0.10875714  0.          0.12616606  0.14018397 -0.20989203
  0.03723127] | Reward=+0.035 | Cum=+4.320 | Info={'shot_attempted': False, 'pass_attempted': False, 'goal_scored': False, 'goal_team': None, 'ball_out_by': None, 'has_ball': False, 'start_shot_bonus': False, 'start_pass_bonus': False, 'possession_lost': False}

[Step 228] Action=[ 0.21198352 -0.10874073  0.          0.1261536   0.14018163 -0.20986737
  0.03721585] | Reward=+0.035 | Cum=+4.355 | Info={'shot_attempted': False, 'pass_attempted': False, 'goal_scored': False, 'goal_team': None, 'ball_out_by': None, 'has_ball': False, 'start_shot_bonus': False, 'start_pass_bonus': False, 'possession_lost': False}

[Step 229] Action=[ 0.21195704 -0.10872447  0.          0.12614194  0.14017957 -0.20984441
  0.0372005 ] | Reward=+0.035 | Cum=+4.390 | Info={'shot_attempted': False, 'pass_attempted': False, 'goal_scored': False, 'goal_team': None, 'ball_out_by': None, 'has_ball': False, 'start_shot_bonus': False, 'start_pass_bonus': False, 'possession_lost': False}

[Step 230] Action=[ 0.21193057 -0.10870819  0.          0.12613028  0.14017752 -0.20982139
  0.03718513] | Reward=+0.035 | Cum=+4.425 | Info={'shot_attempted': False, 'pass_attempted': False, 'goal_scored': False, 'goal_team': None, 'ball_out_by': None, 'has_ball': False, 'start_shot_bonus': False, 'start_pass_bonus': False, 'possession_lost': False}

[Step 231] Action=[ 0.21190412 -0.10869195  0.          0.12611862  0.14017548 -0.2097984
  0.03716975] | Reward=+0.035 | Cum=+4.461 | Info={'shot_attempted': False, 'pass_attempted': False, 'goal_scored': False, 'goal_team': None, 'ball_out_by': None, 'has_ball': False, 'start_shot_bonus': False, 'start_pass_bonus': False, 'possession_lost': False}

[Step 232] Action=[ 0.21187766 -0.10867566  0.          0.12610693  0.14017345 -0.20977537
  0.03715438] | Reward=+0.035 | Cum=+4.496 | Info={'shot_attempted': False, 'pass_attempted': False, 'goal_scored': False, 'goal_team': None, 'ball_out_by': None, 'has_ball': False, 'start_shot_bonus': False, 'start_pass_bonus': False, 'possession_lost': False}

[Step 233] Action=[ 0.21185121 -0.10865941  0.          0.12609528  0.14017136 -0.20975237
  0.03713902] | Reward=+0.035 | Cum=+4.531 | Info={'shot_attempted': False, 'pass_attempted': False, 'goal_scored': False, 'goal_team': None, 'ball_out_by': None, 'has_ball': False, 'start_shot_bonus': False, 'start_pass_bonus': False, 'possession_lost': False}

[Step 234] Action=[ 0.21182482 -0.10864314  0.          0.12608363  0.14016932 -0.20972939
  0.03712366] | Reward=+0.036 | Cum=+4.567 | Info={'shot_attempted': False, 'pass_attempted': False, 'goal_scored': False, 'goal_team': None, 'ball_out_by': None, 'has_ball': False, 'start_shot_bonus': False, 'start_pass_bonus': False, 'possession_lost': False}

[Step 235] Action=[ 0.2117983  -0.10862688  0.          0.12607197  0.14016727 -0.20970637
  0.03710829] | Reward=+0.034 | Cum=+4.601 | Info={'shot_attempted': False, 'pass_attempted': False, 'goal_scored': False, 'goal_team': None, 'ball_out_by': None, 'has_ball': False, 'start_shot_bonus': False, 'start_pass_bonus': False, 'possession_lost': False}

[Step 236] Action=[ 0.2117719  -0.10861059  0.          0.1260603   0.14016522 -0.20968337
  0.03709291] | Reward=+0.034 | Cum=+4.635 | Info={'shot_attempted': False, 'pass_attempted': False, 'goal_scored': False, 'goal_team': None, 'ball_out_by': None, 'has_ball': False, 'start_shot_bonus': False, 'start_pass_bonus': False, 'possession_lost': False}

[Step 237] Action=[ 0.21174543 -0.10859433  0.          0.12604867  0.14016315 -0.20966038
  0.03707755] | Reward=+0.034 | Cum=+4.669 | Info={'shot_attempted': False, 'pass_attempted': False, 'goal_scored': False, 'goal_team': None, 'ball_out_by': None, 'has_ball': False, 'start_shot_bonus': False, 'start_pass_bonus': False, 'possession_lost': False}

[Step 238] Action=[ 0.21171899 -0.10857806  0.          0.126037    0.14016111 -0.20963736
  0.03706219] | Reward=+0.034 | Cum=+4.702 | Info={'shot_attempted': False, 'pass_attempted': False, 'goal_scored': False, 'goal_team': None, 'ball_out_by': None, 'has_ball': False, 'start_shot_bonus': False, 'start_pass_bonus': False, 'possession_lost': False}

[Step 239] Action=[ 0.21169251 -0.1085618   0.          0.12602536  0.14015904 -0.20961434
  0.03704682] | Reward=+0.034 | Cum=+4.737 | Info={'shot_attempted': False, 'pass_attempted': False, 'goal_scored': False, 'goal_team': None, 'ball_out_by': None, 'has_ball': False, 'start_shot_bonus': False, 'start_pass_bonus': False, 'possession_lost': False}

[Step 240] Action=[ 0.21166609 -0.10854551  0.          0.12601367  0.14015703 -0.20959137
  0.03703146] | Reward=+0.034 | Cum=+4.771 | Info={'shot_attempted': False, 'pass_attempted': False, 'goal_scored': False, 'goal_team': None, 'ball_out_by': None, 'has_ball': False, 'start_shot_bonus': False, 'start_pass_bonus': False, 'possession_lost': False}

