Debug log for att_3 (Episode 100)
================================================================================
[Step 1] Action=[ 0.10323907 -0.02349351  0.          0.05734344  0.          0.21262464
 -0.03060106] | Reward=-0.003 | Cum=-0.003 | Info={'shot_attempted': False, 'pass_attempted': False, 'goal_scored': False, 'goal_team': None, 'ball_out_by': None, 'has_ball': False, 'start_shot_bonus': False, 'start_pass_bonus': False, 'possession_lost': False}

[Step 2] Action=[ 0.10332742 -0.02338026  0.          0.05724119  0.          0.21254683
 -0.03052981] | Reward=-0.003 | Cum=-0.006 | Info={'shot_attempted': False, 'pass_attempted': False, 'goal_scored': False, 'goal_team': None, 'ball_out_by': None, 'has_ball': False, 'start_shot_bonus': False, 'start_pass_bonus': False, 'possession_lost': False}

[Step 3] Action=[ 0.1033475  -0.02334805  0.          0.05723823  0.          0.212545
 -0.03052491] | Reward=-0.003 | Cum=-0.008 | Info={'shot_attempted': False, 'pass_attempted': False, 'goal_scored': False, 'goal_team': None, 'ball_out_by': None, 'has_ball': False, 'start_shot_bonus': False, 'start_pass_bonus': False, 'possession_lost': False}

[Step 4] Action=[ 0.10336719 -0.0233169   0.          0.05723229  0.          0.21254502
 -0.03052107] | Reward=-0.003 | Cum=-0.011 | Info={'shot_attempted': False, 'pass_attempted': False, 'goal_scored': False, 'goal_team': None, 'ball_out_by': None, 'has_ball': False, 'start_shot_bonus': False, 'start_pass_bonus': False, 'possession_lost': False}

[Step 5] Action=[ 0.10338687 -0.02328577  0.          0.05722639  0.          0.212545
 -0.03051726] | Reward=-0.002 | Cum=-0.013 | Info={'shot_attempted': False, 'pass_attempted': False, 'goal_scored': False, 'goal_team': None, 'ball_out_by': None, 'has_ball': False, 'start_shot_bonus': False, 'start_pass_bonus': False, 'possession_lost': False}

[Step 6] Action=[ 0.10340653 -0.02325462  0.          0.05722051  0.          0.21254501
 -0.03051347] | Reward=-0.002 | Cum=-0.015 | Info={'shot_attempted': False, 'pass_attempted': False, 'goal_scored': False, 'goal_team': None, 'ball_out_by': None, 'has_ball': False, 'start_shot_bonus': False, 'start_pass_bonus': False, 'possession_lost': False}

[Step 7] Action=[ 0.1034262  -0.02322352  0.          0.05721457  0.          0.21254502
 -0.03050966] | Reward=-0.002 | Cum=-0.017 | Info={'shot_attempted': False, 'pass_attempted': False, 'goal_scored': False, 'goal_team': None, 'ball_out_by': None, 'has_ball': False, 'start_shot_bonus': False, 'start_pass_bonus': False, 'possession_lost': False}

[Step 8] Action=[ 0.10344591 -0.02319237  0.          0.05720864  0.          0.21254505
 -0.03050588] | Reward=-0.002 | Cum=-0.020 | Info={'shot_attempted': False, 'pass_attempted': False, 'goal_scored': False, 'goal_team': None, 'ball_out_by': None, 'has_ball': False, 'start_shot_bonus': False, 'start_pass_bonus': False, 'possession_lost': False}

[Step 9] Action=[ 0.10346558 -0.02316124  0.          0.05720278  0.          0.21254505
 -0.03050215] | Reward=-0.002 | Cum=-0.022 | Info={'shot_attempted': False, 'pass_attempted': False, 'goal_scored': False, 'goal_team': None, 'ball_out_by': None, 'has_ball': False, 'start_shot_bonus': False, 'start_pass_bonus': False, 'possession_lost': False}

[Step 10] Action=[ 0.10348526 -0.02313011  0.          0.05719688  0.          0.21254505
 -0.03049841] | Reward=-0.001 | Cum=-0.023 | Info={'shot_attempted': False, 'pass_attempted': False, 'goal_scored': False, 'goal_team': None, 'ball_out_by': None, 'has_ball': False, 'start_shot_bonus': False, 'start_pass_bonus': False, 'possession_lost': False}

[Step 11] Action=[ 0.10350494 -0.02309899  0.          0.05719097  0.          0.21254505
 -0.03049472] | Reward=-0.001 | Cum=-0.025 | Info={'shot_attempted': False, 'pass_attempted': False, 'goal_scored': False, 'goal_team': None, 'ball_out_by': None, 'has_ball': False, 'start_shot_bonus': False, 'start_pass_bonus': False, 'possession_lost': False}

[Step 12] Action=[ 0.10352468 -0.02306783  0.          0.05718508  0.          0.21254505
 -0.03049104] | Reward=-0.001 | Cum=-0.026 | Info={'shot_attempted': False, 'pass_attempted': False, 'goal_scored': False, 'goal_team': None, 'ball_out_by': None, 'has_ball': False, 'start_shot_bonus': False, 'start_pass_bonus': False, 'possession_lost': False}

[Step 13] Action=[ 0.10354438 -0.02303674  0.          0.05717922  0.          0.21254502
 -0.03048736] | Reward=-0.001 | Cum=-0.028 | Info={'shot_attempted': False, 'pass_attempted': False, 'goal_scored': False, 'goal_team': None, 'ball_out_by': None, 'has_ball': False, 'start_shot_bonus': False, 'start_pass_bonus': False, 'possession_lost': False}

[Step 14] Action=[ 0.1035641  -0.02300562  0.          0.05717332  0.          0.21254504
 -0.03048372] | Reward=-0.001 | Cum=-0.028 | Info={'shot_attempted': False, 'pass_attempted': False, 'goal_scored': False, 'goal_team': None, 'ball_out_by': None, 'has_ball': False, 'start_shot_bonus': False, 'start_pass_bonus': False, 'possession_lost': False}

[Step 15] Action=[ 0.10358386 -0.0229745   0.          0.05716743  0.          0.21254502
 -0.03048008] | Reward=-0.001 | Cum=-0.029 | Info={'shot_attempted': False, 'pass_attempted': False, 'goal_scored': False, 'goal_team': None, 'ball_out_by': None, 'has_ball': False, 'start_shot_bonus': False, 'start_pass_bonus': False, 'possession_lost': False}

[Step 16] Action=[ 0.10360359 -0.02294336  0.          0.05716157  0.          0.212545
 -0.03047649] | Reward=-0.001 | Cum=-0.030 | Info={'shot_attempted': False, 'pass_attempted': False, 'goal_scored': False, 'goal_team': None, 'ball_out_by': None, 'has_ball': False, 'start_shot_bonus': False, 'start_pass_bonus': False, 'possession_lost': False}

[Step 17] Action=[ 0.10362332 -0.02291224  0.          0.05715572  0.          0.212545
 -0.03047291] | Reward=-0.001 | Cum=-0.031 | Info={'shot_attempted': False, 'pass_attempted': False, 'goal_scored': False, 'goal_team': None, 'ball_out_by': None, 'has_ball': False, 'start_shot_bonus': False, 'start_pass_bonus': False, 'possession_lost': False}

[Step 18] Action=[ 0.10364356 -0.02288006  0.          0.05714989  0.          0.21254522
 -0.03046966] | Reward=-0.001 | Cum=-0.032 | Info={'shot_attempted': False, 'pass_attempted': False, 'goal_scored': False, 'goal_team': None, 'ball_out_by': None, 'has_ball': False, 'start_shot_bonus': False, 'start_pass_bonus': False, 'possession_lost': False}

[Step 19] Action=[ 0.10366419 -0.02284729  0.          0.05714415  0.          0.21254562
 -0.0304667 ] | Reward=-0.000 | Cum=-0.032 | Info={'shot_attempted': False, 'pass_attempted': False, 'goal_scored': False, 'goal_team': None, 'ball_out_by': None, 'has_ball': False, 'start_shot_bonus': False, 'start_pass_bonus': False, 'possession_lost': False}

[Step 20] Action=[ 0.10368475 -0.02281452  0.          0.05713841  0.          0.21254599
 -0.03046372] | Reward=-0.000 | Cum=-0.032 | Info={'shot_attempted': False, 'pass_attempted': False, 'goal_scored': False, 'goal_team': None, 'ball_out_by': None, 'has_ball': False, 'start_shot_bonus': False, 'start_pass_bonus': False, 'possession_lost': False}

[Step 21] Action=[ 0.10370539 -0.02278173  0.          0.05713267  0.          0.21254635
 -0.03046079] | Reward=-0.000 | Cum=-0.033 | Info={'shot_attempted': False, 'pass_attempted': False, 'goal_scored': False, 'goal_team': None, 'ball_out_by': None, 'has_ball': False, 'start_shot_bonus': False, 'start_pass_bonus': False, 'possession_lost': False}

[Step 22] Action=[ 0.10372601 -0.02274891  0.          0.05712694  0.          0.21254675
 -0.03045787] | Reward=-0.000 | Cum=-0.033 | Info={'shot_attempted': False, 'pass_attempted': False, 'goal_scored': False, 'goal_team': None, 'ball_out_by': None, 'has_ball': False, 'start_shot_bonus': False, 'start_pass_bonus': False, 'possession_lost': False}

[Step 23] Action=[ 0.10374659 -0.02271612  0.          0.05712121  0.          0.21254712
 -0.03045497] | Reward=+0.000 | Cum=-0.033 | Info={'shot_attempted': False, 'pass_attempted': False, 'goal_scored': False, 'goal_team': None, 'ball_out_by': None, 'has_ball': False, 'start_shot_bonus': False, 'start_pass_bonus': False, 'possession_lost': False}

[Step 24] Action=[ 0.10376727 -0.02268336  0.          0.05711547  0.          0.2125475
 -0.03045209] | Reward=+0.000 | Cum=-0.033 | Info={'shot_attempted': False, 'pass_attempted': False, 'goal_scored': False, 'goal_team': None, 'ball_out_by': None, 'has_ball': False, 'start_shot_bonus': False, 'start_pass_bonus': False, 'possession_lost': False}

[Step 25] Action=[ 0.10378789 -0.02265057  0.          0.05710973  0.          0.21254784
 -0.03044922] | Reward=+0.000 | Cum=-0.032 | Info={'shot_attempted': False, 'pass_attempted': False, 'goal_scored': False, 'goal_team': None, 'ball_out_by': None, 'has_ball': False, 'start_shot_bonus': False, 'start_pass_bonus': False, 'possession_lost': False}

[Step 26] Action=[ 0.10380855 -0.02261779  0.          0.05710401  0.          0.21254821
 -0.03044639] | Reward=+0.000 | Cum=-0.032 | Info={'shot_attempted': False, 'pass_attempted': False, 'goal_scored': False, 'goal_team': None, 'ball_out_by': None, 'has_ball': False, 'start_shot_bonus': False, 'start_pass_bonus': False, 'possession_lost': False}

[Step 27] Action=[ 0.10382682 -0.02258523  0.          0.0570997   0.          0.21254988
 -0.03044422] | Reward=+0.000 | Cum=-0.032 | Info={'shot_attempted': False, 'pass_attempted': False, 'goal_scored': False, 'goal_team': None, 'ball_out_by': None, 'has_ball': False, 'start_shot_bonus': False, 'start_pass_bonus': False, 'possession_lost': False}

[Step 28] Action=[ 0.10384357 -0.02255282  0.          0.0570963   0.          0.21255235
 -0.03044246] | Reward=+0.001 | Cum=-0.031 | Info={'shot_attempted': False, 'pass_attempted': False, 'goal_scored': False, 'goal_team': None, 'ball_out_by': None, 'has_ball': False, 'start_shot_bonus': False, 'start_pass_bonus': False, 'possession_lost': False}

[Step 29] Action=[ 0.10386027 -0.02252043  0.          0.05709288  0.          0.21255484
 -0.03044072] | Reward=+0.001 | Cum=-0.030 | Info={'shot_attempted': False, 'pass_attempted': False, 'goal_scored': False, 'goal_team': None, 'ball_out_by': None, 'has_ball': False, 'start_shot_bonus': False, 'start_pass_bonus': False, 'possession_lost': False}

[Step 30] Action=[ 0.10387705 -0.02248801  0.          0.0570895   0.          0.21255736
 -0.03043904] | Reward=+0.001 | Cum=-0.029 | Info={'shot_attempted': False, 'pass_attempted': False, 'goal_scored': False, 'goal_team': None, 'ball_out_by': None, 'has_ball': False, 'start_shot_bonus': False, 'start_pass_bonus': False, 'possession_lost': False}

[Step 31] Action=[ 0.10389376 -0.02245562  0.          0.0570861   0.          0.21255985
 -0.03043733] | Reward=+0.001 | Cum=-0.028 | Info={'shot_attempted': False, 'pass_attempted': False, 'goal_scored': False, 'goal_team': None, 'ball_out_by': None, 'has_ball': False, 'start_shot_bonus': False, 'start_pass_bonus': False, 'possession_lost': False}

[Step 32] Action=[ 0.10391051 -0.02242322  0.          0.0570827   0.          0.21256232
 -0.03043566] | Reward=+0.002 | Cum=-0.027 | Info={'shot_attempted': False, 'pass_attempted': False, 'goal_scored': False, 'goal_team': None, 'ball_out_by': None, 'has_ball': False, 'start_shot_bonus': False, 'start_pass_bonus': False, 'possession_lost': False}

[Step 33] Action=[ 0.10392725 -0.02239082  0.          0.05707933  0.          0.21256481
 -0.03043401] | Reward=+0.002 | Cum=-0.025 | Info={'shot_attempted': False, 'pass_attempted': False, 'goal_scored': False, 'goal_team': None, 'ball_out_by': None, 'has_ball': False, 'start_shot_bonus': False, 'start_pass_bonus': False, 'possession_lost': False}

[Step 34] Action=[ 0.10394401 -0.02235841  0.          0.05707593  0.          0.21256728
 -0.0304324 ] | Reward=+0.002 | Cum=-0.024 | Info={'shot_attempted': False, 'pass_attempted': False, 'goal_scored': False, 'goal_team': None, 'ball_out_by': None, 'has_ball': False, 'start_shot_bonus': False, 'start_pass_bonus': False, 'possession_lost': False}

[Step 35] Action=[ 0.1039608  -0.02232603  0.          0.05707256  0.          0.21256976
 -0.0304308 ] | Reward=+0.002 | Cum=-0.022 | Info={'shot_attempted': False, 'pass_attempted': False, 'goal_scored': False, 'goal_team': None, 'ball_out_by': None, 'has_ball': False, 'start_shot_bonus': False, 'start_pass_bonus': False, 'possession_lost': False}

[Step 36] Action=[ 0.10397755 -0.02229363  0.          0.05706915  0.          0.21257225
 -0.0304292 ] | Reward=+0.002 | Cum=-0.020 | Info={'shot_attempted': False, 'pass_attempted': False, 'goal_scored': False, 'goal_team': None, 'ball_out_by': None, 'has_ball': False, 'start_shot_bonus': False, 'start_pass_bonus': False, 'possession_lost': False}

[Step 37] Action=[ 0.10399441 -0.02226061  0.          0.05706693  0.          0.21257497
 -0.03042719] | Reward=+0.002 | Cum=-0.018 | Info={'shot_attempted': False, 'pass_attempted': False, 'goal_scored': False, 'goal_team': None, 'ball_out_by': None, 'has_ball': False, 'start_shot_bonus': False, 'start_pass_bonus': False, 'possession_lost': False}

[Step 38] Action=[ 0.10401137 -0.02222726  0.          0.05706533  0.          0.2125778
 -0.03042491] | Reward=+0.002 | Cum=-0.016 | Info={'shot_attempted': False, 'pass_attempted': False, 'goal_scored': False, 'goal_team': None, 'ball_out_by': None, 'has_ball': False, 'start_shot_bonus': False, 'start_pass_bonus': False, 'possession_lost': False}

[Step 39] Action=[ 0.10402829 -0.0221939   0.          0.05706376  0.          0.21258062
 -0.03042266] | Reward=+0.002 | Cum=-0.014 | Info={'shot_attempted': False, 'pass_attempted': False, 'goal_scored': False, 'goal_team': None, 'ball_out_by': None, 'has_ball': False, 'start_shot_bonus': False, 'start_pass_bonus': False, 'possession_lost': False}

[Step 40] Action=[ 0.10404519 -0.02216055  0.          0.05706215  0.          0.21258347
 -0.03042043] | Reward=+0.002 | Cum=-0.012 | Info={'shot_attempted': False, 'pass_attempted': False, 'goal_scored': False, 'goal_team': None, 'ball_out_by': None, 'has_ball': False, 'start_shot_bonus': False, 'start_pass_bonus': False, 'possession_lost': False}

[Step 41] Action=[ 0.10406219 -0.02212719  0.          0.05706058  0.          0.21258627
 -0.03041824] | Reward=+0.003 | Cum=-0.009 | Info={'shot_attempted': False, 'pass_attempted': False, 'goal_scored': False, 'goal_team': None, 'ball_out_by': None, 'has_ball': False, 'start_shot_bonus': False, 'start_pass_bonus': False, 'possession_lost': False}

[Step 42] Action=[ 0.10014209 -0.018457    0.          0.05886152  0.          0.22413523
 -0.0401617 ] | Reward=+0.003 | Cum=-0.007 | Info={'shot_attempted': False, 'pass_attempted': False, 'goal_scored': False, 'goal_team': None, 'ball_out_by': None, 'has_ball': False, 'start_shot_bonus': False, 'start_pass_bonus': False, 'possession_lost': False}

[Step 43] Action=[ 0.10306959 -0.02419768  0.          0.05911724  0.          0.21377258
 -0.02590615] | Reward=+0.003 | Cum=-0.004 | Info={'shot_attempted': False, 'pass_attempted': False, 'goal_scored': False, 'goal_team': None, 'ball_out_by': None, 'has_ball': False, 'start_shot_bonus': False, 'start_pass_bonus': False, 'possession_lost': False}

[Step 44] Action=[ 0.10308364 -0.02416888  0.          0.05911214  0.          0.21377122
 -0.02588971] | Reward=+0.003 | Cum=-0.001 | Info={'shot_attempted': False, 'pass_attempted': False, 'goal_scored': False, 'goal_team': None, 'ball_out_by': None, 'has_ball': False, 'start_shot_bonus': False, 'start_pass_bonus': False, 'possession_lost': False}

[Step 45] Action=[ 0.10309776 -0.02414012  0.          0.05910731  0.          0.21376966
 -0.02587311] | Reward=+0.003 | Cum=+0.001 | Info={'shot_attempted': False, 'pass_attempted': False, 'goal_scored': False, 'goal_team': None, 'ball_out_by': None, 'has_ball': False, 'start_shot_bonus': False, 'start_pass_bonus': False, 'possession_lost': False}

[Step 46] Action=[ 0.10311188 -0.02411132  0.          0.05910242  0.          0.21376806
 -0.02585658] | Reward=+0.003 | Cum=+0.005 | Info={'shot_attempted': False, 'pass_attempted': False, 'goal_scored': False, 'goal_team': None, 'ball_out_by': None, 'has_ball': False, 'start_shot_bonus': False, 'start_pass_bonus': False, 'possession_lost': False}

[Step 47] Action=[ 0.103126   -0.02408255  0.          0.05909757  0.          0.21376644
 -0.02584003] | Reward=+0.003 | Cum=+0.008 | Info={'shot_attempted': False, 'pass_attempted': False, 'goal_scored': False, 'goal_team': None, 'ball_out_by': None, 'has_ball': False, 'start_shot_bonus': False, 'start_pass_bonus': False, 'possession_lost': False}

[Step 48] Action=[ 0.10314012 -0.0240538   0.          0.05909276  0.          0.21376485
 -0.02582352] | Reward=+0.003 | Cum=+0.011 | Info={'shot_attempted': False, 'pass_attempted': False, 'goal_scored': False, 'goal_team': None, 'ball_out_by': None, 'has_ball': False, 'start_shot_bonus': False, 'start_pass_bonus': False, 'possession_lost': False}

[Step 49] Action=[ 0.10315423 -0.02402501  0.          0.0590879   0.          0.21376324
 -0.02580704] | Reward=+0.003 | Cum=+0.014 | Info={'shot_attempted': False, 'pass_attempted': False, 'goal_scored': False, 'goal_team': None, 'ball_out_by': None, 'has_ball': False, 'start_shot_bonus': False, 'start_pass_bonus': False, 'possession_lost': False}

[Step 50] Action=[ 0.1031684  -0.02399622  0.          0.05908303  0.          0.21376166
 -0.02579051] | Reward=+0.004 | Cum=+0.018 | Info={'shot_attempted': False, 'pass_attempted': False, 'goal_scored': False, 'goal_team': None, 'ball_out_by': None, 'has_ball': False, 'start_shot_bonus': False, 'start_pass_bonus': False, 'possession_lost': False}

[Step 51] Action=[ 0.10318252 -0.02396747  0.          0.0590782   0.          0.21376002
 -0.02577405] | Reward=+0.004 | Cum=+0.022 | Info={'shot_attempted': False, 'pass_attempted': False, 'goal_scored': False, 'goal_team': None, 'ball_out_by': None, 'has_ball': False, 'start_shot_bonus': False, 'start_pass_bonus': False, 'possession_lost': False}

[Step 52] Action=[ 0.10319665 -0.02393869  0.          0.05907336  0.          0.21375842
 -0.02575761] | Reward=+0.004 | Cum=+0.026 | Info={'shot_attempted': False, 'pass_attempted': False, 'goal_scored': False, 'goal_team': None, 'ball_out_by': None, 'has_ball': False, 'start_shot_bonus': False, 'start_pass_bonus': False, 'possession_lost': False}

[Step 53] Action=[ 0.10321083 -0.02390992  0.          0.05906854  0.          0.2137568
 -0.02574117] | Reward=+0.004 | Cum=+0.031 | Info={'shot_attempted': False, 'pass_attempted': False, 'goal_scored': False, 'goal_team': None, 'ball_out_by': None, 'has_ball': False, 'start_shot_bonus': False, 'start_pass_bonus': False, 'possession_lost': False}

[Step 54] Action=[ 0.10322498 -0.02388112  0.          0.05906358  0.          0.2137552
 -0.02572488] | Reward=+0.004 | Cum=+0.035 | Info={'shot_attempted': False, 'pass_attempted': False, 'goal_scored': False, 'goal_team': None, 'ball_out_by': None, 'has_ball': False, 'start_shot_bonus': False, 'start_pass_bonus': False, 'possession_lost': False}

[Step 55] Action=[ 0.1032392  -0.02385214  0.          0.05905744  0.          0.21375334
 -0.02571035] | Reward=+0.005 | Cum=+0.039 | Info={'shot_attempted': False, 'pass_attempted': False, 'goal_scored': False, 'goal_team': None, 'ball_out_by': None, 'has_ball': False, 'start_shot_bonus': False, 'start_pass_bonus': False, 'possession_lost': False}

[Step 56] Action=[ 0.10325347 -0.02382315  0.          0.05905133  0.          0.21375148
 -0.02569578] | Reward=+0.005 | Cum=+0.044 | Info={'shot_attempted': False, 'pass_attempted': False, 'goal_scored': False, 'goal_team': None, 'ball_out_by': None, 'has_ball': False, 'start_shot_bonus': False, 'start_pass_bonus': False, 'possession_lost': False}

[Step 57] Action=[ 0.10326772 -0.02379417  0.          0.05904523  0.          0.21374963
 -0.02568125] | Reward=+0.005 | Cum=+0.049 | Info={'shot_attempted': False, 'pass_attempted': False, 'goal_scored': False, 'goal_team': None, 'ball_out_by': None, 'has_ball': False, 'start_shot_bonus': False, 'start_pass_bonus': False, 'possession_lost': False}

[Step 58] Action=[ 0.10328202 -0.0237652   0.          0.05903908  0.          0.21374778
 -0.02566672] | Reward=+0.005 | Cum=+0.054 | Info={'shot_attempted': False, 'pass_attempted': False, 'goal_scored': False, 'goal_team': None, 'ball_out_by': None, 'has_ball': False, 'start_shot_bonus': False, 'start_pass_bonus': False, 'possession_lost': False}

[Step 59] Action=[ 0.10329627 -0.02373622  0.          0.05903301  0.          0.21374594
 -0.02565223] | Reward=+0.004 | Cum=+0.058 | Info={'shot_attempted': False, 'pass_attempted': False, 'goal_scored': False, 'goal_team': None, 'ball_out_by': None, 'has_ball': False, 'start_shot_bonus': False, 'start_pass_bonus': False, 'possession_lost': False}

[Step 60] Action=[ 0.10331052 -0.02370724  0.          0.05902691  0.          0.21374406
 -0.02563771] | Reward=+0.005 | Cum=+0.063 | Info={'shot_attempted': False, 'pass_attempted': False, 'goal_scored': False, 'goal_team': None, 'ball_out_by': None, 'has_ball': False, 'start_shot_bonus': False, 'start_pass_bonus': False, 'possession_lost': False}

[Step 61] Action=[ 0.10332481 -0.02367826  0.          0.05902078  0.          0.21374224
 -0.02562323] | Reward=+0.005 | Cum=+0.068 | Info={'shot_attempted': False, 'pass_attempted': False, 'goal_scored': False, 'goal_team': None, 'ball_out_by': None, 'has_ball': False, 'start_shot_bonus': False, 'start_pass_bonus': False, 'possession_lost': False}

[Step 62] Action=[ 0.10333911 -0.02364928  0.          0.05901472  0.          0.21374035
 -0.02560879] | Reward=+0.005 | Cum=+0.073 | Info={'shot_attempted': False, 'pass_attempted': False, 'goal_scored': False, 'goal_team': None, 'ball_out_by': None, 'has_ball': False, 'start_shot_bonus': False, 'start_pass_bonus': False, 'possession_lost': False}

[Step 63] Action=[ 0.1033534  -0.0236203   0.          0.05900862  0.          0.2137385
 -0.02559437] | Reward=+0.005 | Cum=+0.078 | Info={'shot_attempted': False, 'pass_attempted': False, 'goal_scored': False, 'goal_team': None, 'ball_out_by': None, 'has_ball': False, 'start_shot_bonus': False, 'start_pass_bonus': False, 'possession_lost': False}

[Step 64] Action=[ 0.10336862 -0.0235936   0.          0.0590035   0.          0.21373671
 -0.02557944] | Reward=+0.006 | Cum=+0.083 | Info={'shot_attempted': False, 'pass_attempted': False, 'goal_scored': False, 'goal_team': None, 'ball_out_by': None, 'has_ball': False, 'start_shot_bonus': False, 'start_pass_bonus': False, 'possession_lost': False}

[Step 65] Action=[ 0.10338403 -0.0235674   0.          0.05899861  0.          0.21373495
 -0.02556444] | Reward=+0.006 | Cum=+0.089 | Info={'shot_attempted': False, 'pass_attempted': False, 'goal_scored': False, 'goal_team': None, 'ball_out_by': None, 'has_ball': False, 'start_shot_bonus': False, 'start_pass_bonus': False, 'possession_lost': False}

[Step 66] Action=[ 0.1033994  -0.02354116  0.          0.05899367  0.          0.21373323
 -0.02554942] | Reward=+0.006 | Cum=+0.095 | Info={'shot_attempted': False, 'pass_attempted': False, 'goal_scored': False, 'goal_team': None, 'ball_out_by': None, 'has_ball': False, 'start_shot_bonus': False, 'start_pass_bonus': False, 'possession_lost': False}

[Step 67] Action=[ 0.10341484 -0.0235149   0.          0.05898874  0.          0.21373144
 -0.02553445] | Reward=+0.006 | Cum=+0.101 | Info={'shot_attempted': False, 'pass_attempted': False, 'goal_scored': False, 'goal_team': None, 'ball_out_by': None, 'has_ball': False, 'start_shot_bonus': False, 'start_pass_bonus': False, 'possession_lost': False}

[Step 68] Action=[ 0.10343002 -0.02348867  0.          0.05898406  0.          0.21372984
 -0.02551975] | Reward=+0.006 | Cum=+0.106 | Info={'shot_attempted': False, 'pass_attempted': False, 'goal_scored': False, 'goal_team': None, 'ball_out_by': None, 'has_ball': False, 'start_shot_bonus': False, 'start_pass_bonus': False, 'possession_lost': False}

[Step 69] Action=[ 0.10344256 -0.02346271  0.          0.0589814   0.          0.21372995
 -0.02550732] | Reward=+0.006 | Cum=+0.113 | Info={'shot_attempted': False, 'pass_attempted': False, 'goal_scored': False, 'goal_team': None, 'ball_out_by': None, 'has_ball': False, 'start_shot_bonus': False, 'start_pass_bonus': False, 'possession_lost': False}

[Step 70] Action=[ 0.10345618 -0.02343519  0.          0.05897838  0.          0.21373147
 -0.02549579] | Reward=+0.006 | Cum=+0.119 | Info={'shot_attempted': False, 'pass_attempted': False, 'goal_scored': False, 'goal_team': None, 'ball_out_by': None, 'has_ball': False, 'start_shot_bonus': False, 'start_pass_bonus': False, 'possession_lost': False}

[Step 71] Action=[ 0.10347063 -0.02340657  0.          0.05897502  0.          0.21373399
 -0.02548498] | Reward=+0.006 | Cum=+0.126 | Info={'shot_attempted': False, 'pass_attempted': False, 'goal_scored': False, 'goal_team': None, 'ball_out_by': None, 'has_ball': False, 'start_shot_bonus': False, 'start_pass_bonus': False, 'possession_lost': False}

[Step 72] Action=[ 0.10348511 -0.02337794  0.          0.05897165  0.          0.21373656
 -0.02547414] | Reward=+0.006 | Cum=+0.132 | Info={'shot_attempted': False, 'pass_attempted': False, 'goal_scored': False, 'goal_team': None, 'ball_out_by': None, 'has_ball': False, 'start_shot_bonus': False, 'start_pass_bonus': False, 'possession_lost': False}

[Step 73] Action=[ 0.10349953 -0.02334933  0.          0.05896836  0.          0.21373908
 -0.02546333] | Reward=+0.007 | Cum=+0.139 | Info={'shot_attempted': False, 'pass_attempted': False, 'goal_scored': False, 'goal_team': None, 'ball_out_by': None, 'has_ball': False, 'start_shot_bonus': False, 'start_pass_bonus': False, 'possession_lost': False}

[Step 74] Action=[ 0.10351405 -0.02332069  0.          0.05896499  0.          0.21374165
 -0.02545253] | Reward=+0.007 | Cum=+0.146 | Info={'shot_attempted': False, 'pass_attempted': False, 'goal_scored': False, 'goal_team': None, 'ball_out_by': None, 'has_ball': False, 'start_shot_bonus': False, 'start_pass_bonus': False, 'possession_lost': False}

[Step 75] Action=[ 0.10352853 -0.02329205  0.          0.05896167  0.          0.21374415
 -0.02544177] | Reward=+0.007 | Cum=+0.154 | Info={'shot_attempted': False, 'pass_attempted': False, 'goal_scored': False, 'goal_team': None, 'ball_out_by': None, 'has_ball': False, 'start_shot_bonus': False, 'start_pass_bonus': False, 'possession_lost': False}

[Step 76] Action=[ 0.10354299 -0.02326342  0.          0.05895831  0.          0.2137467
 -0.02543101] | Reward=+0.007 | Cum=+0.161 | Info={'shot_attempted': False, 'pass_attempted': False, 'goal_scored': False, 'goal_team': None, 'ball_out_by': None, 'has_ball': False, 'start_shot_bonus': False, 'start_pass_bonus': False, 'possession_lost': False}

[Step 77] Action=[ 0.10355629 -0.02323469  0.          0.05895691  0.          0.21374927
 -0.02541843] | Reward=+0.007 | Cum=+0.168 | Info={'shot_attempted': False, 'pass_attempted': False, 'goal_scored': False, 'goal_team': None, 'ball_out_by': None, 'has_ball': False, 'start_shot_bonus': False, 'start_pass_bonus': False, 'possession_lost': False}

[Step 78] Action=[ 0.10356844 -0.02320486  0.          0.05895535  0.          0.21375479
 -0.02540576] | Reward=+0.008 | Cum=+0.176 | Info={'shot_attempted': False, 'pass_attempted': False, 'goal_scored': False, 'goal_team': None, 'ball_out_by': None, 'has_ball': False, 'start_shot_bonus': False, 'start_pass_bonus': False, 'possession_lost': False}

[Step 79] Action=[ 0.10358062 -0.02317502  0.          0.05895385  0.          0.21376033
 -0.02539309] | Reward=+0.007 | Cum=+0.183 | Info={'shot_attempted': False, 'pass_attempted': False, 'goal_scored': False, 'goal_team': None, 'ball_out_by': None, 'has_ball': False, 'start_shot_bonus': False, 'start_pass_bonus': False, 'possession_lost': False}

[Step 80] Action=[ 0.10359278 -0.02314521  0.          0.05895234  0.          0.21376586
 -0.02538046] | Reward=+0.007 | Cum=+0.191 | Info={'shot_attempted': False, 'pass_attempted': False, 'goal_scored': False, 'goal_team': None, 'ball_out_by': None, 'has_ball': False, 'start_shot_bonus': False, 'start_pass_bonus': False, 'possession_lost': False}

[Step 81] Action=[ 0.10360499 -0.02311536  0.          0.05895081  0.          0.21377139
 -0.02536784] | Reward=+0.007 | Cum=+0.198 | Info={'shot_attempted': False, 'pass_attempted': False, 'goal_scored': False, 'goal_team': None, 'ball_out_by': None, 'has_ball': False, 'start_shot_bonus': False, 'start_pass_bonus': False, 'possession_lost': False}

[Step 82] Action=[ 0.10361715 -0.02308554  0.          0.05894931  0.          0.2137769
 -0.02535522] | Reward=+0.008 | Cum=+0.206 | Info={'shot_attempted': False, 'pass_attempted': False, 'goal_scored': False, 'goal_team': None, 'ball_out_by': None, 'has_ball': False, 'start_shot_bonus': False, 'start_pass_bonus': False, 'possession_lost': False}

[Step 83] Action=[ 0.10362936 -0.02305572  0.          0.05894779  0.          0.21378241
 -0.02534263] | Reward=+0.008 | Cum=+0.214 | Info={'shot_attempted': False, 'pass_attempted': False, 'goal_scored': False, 'goal_team': None, 'ball_out_by': None, 'has_ball': False, 'start_shot_bonus': False, 'start_pass_bonus': False, 'possession_lost': False}

[Step 84] Action=[ 0.10364155 -0.02302586  0.          0.05894626  0.          0.21378791
 -0.02533006] | Reward=+0.008 | Cum=+0.222 | Info={'shot_attempted': False, 'pass_attempted': False, 'goal_scored': False, 'goal_team': None, 'ball_out_by': None, 'has_ball': False, 'start_shot_bonus': False, 'start_pass_bonus': False, 'possession_lost': False}

[Step 85] Action=[ 0.10365374 -0.02299604  0.          0.05894477  0.          0.21379343
 -0.0253175 ] | Reward=+0.008 | Cum=+0.230 | Info={'shot_attempted': False, 'pass_attempted': False, 'goal_scored': False, 'goal_team': None, 'ball_out_by': None, 'has_ball': False, 'start_shot_bonus': False, 'start_pass_bonus': False, 'possession_lost': False}

[Step 86] Action=[ 0.10366593 -0.0229662   0.          0.0589433   0.          0.21379893
 -0.02530496] | Reward=+0.008 | Cum=+0.238 | Info={'shot_attempted': False, 'pass_attempted': False, 'goal_scored': False, 'goal_team': None, 'ball_out_by': None, 'has_ball': False, 'start_shot_bonus': False, 'start_pass_bonus': False, 'possession_lost': False}

[Step 87] Action=[ 0.10367815 -0.02293639  0.          0.05894176  0.          0.21380442
 -0.02529245] | Reward=+0.009 | Cum=+0.247 | Info={'shot_attempted': False, 'pass_attempted': False, 'goal_scored': False, 'goal_team': None, 'ball_out_by': None, 'has_ball': False, 'start_shot_bonus': False, 'start_pass_bonus': False, 'possession_lost': False}

[Step 88] Action=[ 0.10369036 -0.02290656  0.          0.05894029  0.          0.21380992
 -0.02527991] | Reward=+0.009 | Cum=+0.256 | Info={'shot_attempted': False, 'pass_attempted': False, 'goal_scored': False, 'goal_team': None, 'ball_out_by': None, 'has_ball': False, 'start_shot_bonus': False, 'start_pass_bonus': False, 'possession_lost': False}

[Step 89] Action=[ 0.10370259 -0.0228767   0.          0.05893879  0.          0.2138154
 -0.02526741] | Reward=+0.009 | Cum=+0.265 | Info={'shot_attempted': False, 'pass_attempted': False, 'goal_scored': False, 'goal_team': None, 'ball_out_by': None, 'has_ball': False, 'start_shot_bonus': False, 'start_pass_bonus': False, 'possession_lost': False}

[Step 90] Action=[ 0.10371481 -0.02284689  0.          0.0589373   0.          0.2138209
 -0.02525494] | Reward=+0.009 | Cum=+0.273 | Info={'shot_attempted': False, 'pass_attempted': False, 'goal_scored': False, 'goal_team': None, 'ball_out_by': None, 'has_ball': False, 'start_shot_bonus': False, 'start_pass_bonus': False, 'possession_lost': False}

[Step 91] Action=[ 0.10372701 -0.02281705  0.          0.05893583  0.          0.21382637
 -0.02524249] | Reward=+0.010 | Cum=+0.283 | Info={'shot_attempted': False, 'pass_attempted': False, 'goal_scored': False, 'goal_team': None, 'ball_out_by': None, 'has_ball': False, 'start_shot_bonus': False, 'start_pass_bonus': False, 'possession_lost': False}

[Step 92] Action=[ 0.10373925 -0.02278721  0.          0.05893436  0.          0.21383189
 -0.02523007] | Reward=+0.010 | Cum=+0.292 | Info={'shot_attempted': False, 'pass_attempted': False, 'goal_scored': False, 'goal_team': None, 'ball_out_by': None, 'has_ball': False, 'start_shot_bonus': False, 'start_pass_bonus': False, 'possession_lost': False}

[Step 93] Action=[ 0.10375152 -0.02275737  0.          0.05893286  0.          0.21383734
 -0.02521765] | Reward=+0.010 | Cum=+0.302 | Info={'shot_attempted': False, 'pass_attempted': False, 'goal_scored': False, 'goal_team': None, 'ball_out_by': None, 'has_ball': False, 'start_shot_bonus': False, 'start_pass_bonus': False, 'possession_lost': False}

[Step 94] Action=[ 0.1037636  -0.02272752  0.          0.05893129  0.          0.21384288
 -0.02520536] | Reward=+0.010 | Cum=+0.312 | Info={'shot_attempted': False, 'pass_attempted': False, 'goal_scored': False, 'goal_team': None, 'ball_out_by': None, 'has_ball': False, 'start_shot_bonus': False, 'start_pass_bonus': False, 'possession_lost': False}

[Step 95] Action=[ 0.10377488 -0.02269739  0.          0.05892917  0.          0.21384892
 -0.02519382] | Reward=+0.010 | Cum=+0.321 | Info={'shot_attempted': False, 'pass_attempted': False, 'goal_scored': False, 'goal_team': None, 'ball_out_by': None, 'has_ball': False, 'start_shot_bonus': False, 'start_pass_bonus': False, 'possession_lost': False}

[Step 96] Action=[ 0.10378614 -0.02266731  0.          0.05892709  0.          0.2138549
 -0.02518228] | Reward=+0.010 | Cum=+0.331 | Info={'shot_attempted': False, 'pass_attempted': False, 'goal_scored': False, 'goal_team': None, 'ball_out_by': None, 'has_ball': False, 'start_shot_bonus': False, 'start_pass_bonus': False, 'possession_lost': False}

[Step 97] Action=[ 0.10379744 -0.02263722  0.          0.05892496  0.          0.2138609
 -0.02517077] | Reward=+0.010 | Cum=+0.342 | Info={'shot_attempted': False, 'pass_attempted': False, 'goal_scored': False, 'goal_team': None, 'ball_out_by': None, 'has_ball': False, 'start_shot_bonus': False, 'start_pass_bonus': False, 'possession_lost': False}

[Step 98] Action=[ 0.10380872 -0.02260713  0.          0.05892288  0.          0.21386689
 -0.02515926] | Reward=+0.010 | Cum=+0.351 | Info={'shot_attempted': False, 'pass_attempted': False, 'goal_scored': False, 'goal_team': None, 'ball_out_by': None, 'has_ball': False, 'start_shot_bonus': False, 'start_pass_bonus': False, 'possession_lost': False}

[Step 99] Action=[ 0.10382    -0.02257704  0.          0.05892076  0.          0.21387285
 -0.02514779] | Reward=+0.010 | Cum=+0.361 | Info={'shot_attempted': False, 'pass_attempted': False, 'goal_scored': False, 'goal_team': None, 'ball_out_by': None, 'has_ball': False, 'start_shot_bonus': False, 'start_pass_bonus': False, 'possession_lost': False}

[Step 100] Action=[ 0.10383129 -0.02254694  0.          0.05891867  0.          0.21387887
 -0.02513631] | Reward=+0.010 | Cum=+0.371 | Info={'shot_attempted': False, 'pass_attempted': False, 'goal_scored': False, 'goal_team': None, 'ball_out_by': None, 'has_ball': False, 'start_shot_bonus': False, 'start_pass_bonus': False, 'possession_lost': False}

[Step 101] Action=[ 0.10384262 -0.02251685  0.          0.0589166   0.          0.21388483
 -0.02512486] | Reward=+0.010 | Cum=+0.381 | Info={'shot_attempted': False, 'pass_attempted': False, 'goal_scored': False, 'goal_team': None, 'ball_out_by': None, 'has_ball': False, 'start_shot_bonus': False, 'start_pass_bonus': False, 'possession_lost': False}

[Step 102] Action=[ 0.10385393 -0.02248675  0.          0.05891454  0.          0.2138908
 -0.02511345] | Reward=+0.010 | Cum=+0.392 | Info={'shot_attempted': False, 'pass_attempted': False, 'goal_scored': False, 'goal_team': None, 'ball_out_by': None, 'has_ball': False, 'start_shot_bonus': False, 'start_pass_bonus': False, 'possession_lost': False}

[Step 103] Action=[ 0.10386521 -0.02245668  0.          0.05891244  0.          0.21389678
 -0.02510203] | Reward=+0.010 | Cum=+0.402 | Info={'shot_attempted': False, 'pass_attempted': False, 'goal_scored': False, 'goal_team': None, 'ball_out_by': None, 'has_ball': False, 'start_shot_bonus': False, 'start_pass_bonus': False, 'possession_lost': False}

[Step 104] Action=[ 0.10387654 -0.02242642  0.          0.05891049  0.          0.21390302
 -0.02509089] | Reward=+0.010 | Cum=+0.412 | Info={'shot_attempted': False, 'pass_attempted': False, 'goal_scored': False, 'goal_team': None, 'ball_out_by': None, 'has_ball': False, 'start_shot_bonus': False, 'start_pass_bonus': False, 'possession_lost': False}

[Step 105] Action=[ 0.10388773 -0.0223958   0.          0.05890897  0.          0.21391015
 -0.02508051] | Reward=+0.011 | Cum=+0.423 | Info={'shot_attempted': False, 'pass_attempted': False, 'goal_scored': False, 'goal_team': None, 'ball_out_by': None, 'has_ball': False, 'start_shot_bonus': False, 'start_pass_bonus': False, 'possession_lost': False}

[Step 106] Action=[ 0.10389902 -0.02236516  0.          0.05890745  0.          0.2139172
 -0.02507017] | Reward=+0.011 | Cum=+0.434 | Info={'shot_attempted': False, 'pass_attempted': False, 'goal_scored': False, 'goal_team': None, 'ball_out_by': None, 'has_ball': False, 'start_shot_bonus': False, 'start_pass_bonus': False, 'possession_lost': False}

[Step 107] Action=[ 0.10391025 -0.02233454  0.          0.05890593  0.          0.21392427
 -0.02505981] | Reward=+0.011 | Cum=+0.445 | Info={'shot_attempted': False, 'pass_attempted': False, 'goal_scored': False, 'goal_team': None, 'ball_out_by': None, 'has_ball': False, 'start_shot_bonus': False, 'start_pass_bonus': False, 'possession_lost': False}

[Step 108] Action=[ 0.10392147 -0.02230392  0.          0.05890444  0.          0.21393134
 -0.02504952] | Reward=+0.011 | Cum=+0.456 | Info={'shot_attempted': False, 'pass_attempted': False, 'goal_scored': False, 'goal_team': None, 'ball_out_by': None, 'has_ball': False, 'start_shot_bonus': False, 'start_pass_bonus': False, 'possession_lost': False}

[Step 109] Action=[ 0.10393275 -0.02227329  0.          0.0589029   0.          0.21393842
 -0.02503918] | Reward=+0.012 | Cum=+0.468 | Info={'shot_attempted': False, 'pass_attempted': False, 'goal_scored': False, 'goal_team': None, 'ball_out_by': None, 'has_ball': False, 'start_shot_bonus': False, 'start_pass_bonus': False, 'possession_lost': False}

[Step 110] Action=[ 0.10394398 -0.02224264  0.          0.05890133  0.          0.2139455
 -0.02502891] | Reward=+0.012 | Cum=+0.480 | Info={'shot_attempted': False, 'pass_attempted': False, 'goal_scored': False, 'goal_team': None, 'ball_out_by': None, 'has_ball': False, 'start_shot_bonus': False, 'start_pass_bonus': False, 'possession_lost': False}

[Step 111] Action=[ 0.10395527 -0.02221202  0.          0.05889987  0.          0.21395254
 -0.02501863] | Reward=+0.012 | Cum=+0.492 | Info={'shot_attempted': False, 'pass_attempted': False, 'goal_scored': False, 'goal_team': None, 'ball_out_by': None, 'has_ball': False, 'start_shot_bonus': False, 'start_pass_bonus': False, 'possession_lost': False}

[Step 112] Action=[ 0.10396636 -0.02218017  0.          0.05890061  0.          0.2139602
 -0.02500933] | Reward=+0.012 | Cum=+0.503 | Info={'shot_attempted': False, 'pass_attempted': False, 'goal_scored': False, 'goal_team': None, 'ball_out_by': None, 'has_ball': False, 'start_shot_bonus': False, 'start_pass_bonus': False, 'possession_lost': False}

[Step 113] Action=[ 0.1039773  -0.02214757  0.          0.05890279  0.          0.21396819
 -0.02500062] | Reward=+0.012 | Cum=+0.515 | Info={'shot_attempted': False, 'pass_attempted': False, 'goal_scored': False, 'goal_team': None, 'ball_out_by': None, 'has_ball': False, 'start_shot_bonus': False, 'start_pass_bonus': False, 'possession_lost': False}

[Step 114] Action=[ 0.10398827 -0.022115    0.          0.05890489  0.          0.21397617
 -0.02499193] | Reward=+0.012 | Cum=+0.528 | Info={'shot_attempted': False, 'pass_attempted': False, 'goal_scored': False, 'goal_team': None, 'ball_out_by': None, 'has_ball': False, 'start_shot_bonus': False, 'start_pass_bonus': False, 'possession_lost': False}

[Step 115] Action=[ 0.10399922 -0.0220824   0.          0.05890702  0.          0.21398418
 -0.02498325] | Reward=+0.012 | Cum=+0.540 | Info={'shot_attempted': False, 'pass_attempted': False, 'goal_scored': False, 'goal_team': None, 'ball_out_by': None, 'has_ball': False, 'start_shot_bonus': False, 'start_pass_bonus': False, 'possession_lost': False}

[Step 116] Action=[ 0.10401021 -0.02204979  0.          0.05890915  0.          0.21399213
 -0.02497461] | Reward=+0.012 | Cum=+0.552 | Info={'shot_attempted': False, 'pass_attempted': False, 'goal_scored': False, 'goal_team': None, 'ball_out_by': None, 'has_ball': False, 'start_shot_bonus': False, 'start_pass_bonus': False, 'possession_lost': False}

[Step 117] Action=[ 0.10402121 -0.02201721  0.          0.05891129  0.          0.21400012
 -0.02496598] | Reward=+0.012 | Cum=+0.565 | Info={'shot_attempted': False, 'pass_attempted': False, 'goal_scored': False, 'goal_team': None, 'ball_out_by': None, 'has_ball': False, 'start_shot_bonus': False, 'start_pass_bonus': False, 'possession_lost': False}

[Step 118] Action=[ 0.10403219 -0.02198461  0.          0.05891342  0.          0.21400812
 -0.02495735] | Reward=+0.013 | Cum=+0.578 | Info={'shot_attempted': False, 'pass_attempted': False, 'goal_scored': False, 'goal_team': None, 'ball_out_by': None, 'has_ball': False, 'start_shot_bonus': False, 'start_pass_bonus': False, 'possession_lost': False}

[Step 119] Action=[ 0.10404318 -0.02195202  0.          0.05891554  0.          0.21401611
 -0.02494875] | Reward=+0.012 | Cum=+0.590 | Info={'shot_attempted': False, 'pass_attempted': False, 'goal_scored': False, 'goal_team': None, 'ball_out_by': None, 'has_ball': False, 'start_shot_bonus': False, 'start_pass_bonus': False, 'possession_lost': False}

[Step 120] Action=[ 0.10405423 -0.02191941  0.          0.05891768  0.          0.21402407
 -0.02494015] | Reward=+0.012 | Cum=+0.603 | Info={'shot_attempted': False, 'pass_attempted': False, 'goal_scored': False, 'goal_team': None, 'ball_out_by': None, 'has_ball': False, 'start_shot_bonus': False, 'start_pass_bonus': False, 'possession_lost': False}

[Step 121] Action=[ 0.1040652  -0.02188681  0.          0.05891982  0.          0.21403204
 -0.02493161] | Reward=+0.012 | Cum=+0.615 | Info={'shot_attempted': False, 'pass_attempted': False, 'goal_scored': False, 'goal_team': None, 'ball_out_by': None, 'has_ball': False, 'start_shot_bonus': False, 'start_pass_bonus': False, 'possession_lost': False}

[Step 122] Action=[ 0.10407623 -0.02185424  0.          0.05892196  0.          0.21404
 -0.02492306] | Reward=+0.012 | Cum=+0.627 | Info={'shot_attempted': False, 'pass_attempted': False, 'goal_scored': False, 'goal_team': None, 'ball_out_by': None, 'has_ball': False, 'start_shot_bonus': False, 'start_pass_bonus': False, 'possession_lost': False}

[Step 123] Action=[ 0.10408726 -0.02182163  0.          0.05892412  0.          0.21404794
 -0.02491454] | Reward=+0.013 | Cum=+0.640 | Info={'shot_attempted': False, 'pass_attempted': False, 'goal_scored': False, 'goal_team': None, 'ball_out_by': None, 'has_ball': False, 'start_shot_bonus': False, 'start_pass_bonus': False, 'possession_lost': False}

[Step 124] Action=[ 0.10409828 -0.02178906  0.          0.05892626  0.          0.21405591
 -0.02490599] | Reward=+0.013 | Cum=+0.653 | Info={'shot_attempted': False, 'pass_attempted': False, 'goal_scored': False, 'goal_team': None, 'ball_out_by': None, 'has_ball': False, 'start_shot_bonus': False, 'start_pass_bonus': False, 'possession_lost': False}

[Step 125] Action=[ 0.1041093  -0.02175645  0.          0.05892841  0.          0.21406385
 -0.02489752] | Reward=+0.013 | Cum=+0.666 | Info={'shot_attempted': False, 'pass_attempted': False, 'goal_scored': False, 'goal_team': None, 'ball_out_by': None, 'has_ball': False, 'start_shot_bonus': False, 'start_pass_bonus': False, 'possession_lost': False}

[Step 126] Action=[ 0.10412031 -0.02172388  0.          0.05893055  0.          0.21407181
 -0.02488904] | Reward=+0.013 | Cum=+0.679 | Info={'shot_attempted': False, 'pass_attempted': False, 'goal_scored': False, 'goal_team': None, 'ball_out_by': None, 'has_ball': False, 'start_shot_bonus': False, 'start_pass_bonus': False, 'possession_lost': False}

[Step 127] Action=[ 0.1041314  -0.02169129  0.          0.0589327   0.          0.21407975
 -0.02488059] | Reward=+0.013 | Cum=+0.692 | Info={'shot_attempted': False, 'pass_attempted': False, 'goal_scored': False, 'goal_team': None, 'ball_out_by': None, 'has_ball': False, 'start_shot_bonus': False, 'start_pass_bonus': False, 'possession_lost': False}

[Step 128] Action=[ 0.10414243 -0.02165871  0.          0.05893487  0.          0.21408771
 -0.02487214] | Reward=+0.014 | Cum=+0.706 | Info={'shot_attempted': False, 'pass_attempted': False, 'goal_scored': False, 'goal_team': None, 'ball_out_by': None, 'has_ball': False, 'start_shot_bonus': False, 'start_pass_bonus': False, 'possession_lost': False}

[Step 129] Action=[ 0.10415349 -0.02162612  0.          0.058937    0.          0.21409565
 -0.0248637 ] | Reward=+0.014 | Cum=+0.720 | Info={'shot_attempted': False, 'pass_attempted': False, 'goal_scored': False, 'goal_team': None, 'ball_out_by': None, 'has_ball': False, 'start_shot_bonus': False, 'start_pass_bonus': False, 'possession_lost': False}

[Step 130] Action=[ 0.10416453 -0.02159352  0.          0.05893917  0.          0.21410356
 -0.0248553 ] | Reward=+0.014 | Cum=+0.733 | Info={'shot_attempted': False, 'pass_attempted': False, 'goal_scored': False, 'goal_team': None, 'ball_out_by': None, 'has_ball': False, 'start_shot_bonus': False, 'start_pass_bonus': False, 'possession_lost': False}

[Step 131] Action=[ 0.10417561 -0.02156093  0.          0.05894133  0.          0.2141115
 -0.02484693] | Reward=+0.014 | Cum=+0.747 | Info={'shot_attempted': False, 'pass_attempted': False, 'goal_scored': False, 'goal_team': None, 'ball_out_by': None, 'has_ball': False, 'start_shot_bonus': False, 'start_pass_bonus': False, 'possession_lost': False}

[Step 132] Action=[ 0.10418665 -0.02152834  0.          0.05894348  0.          0.21411942
 -0.02483856] | Reward=+0.014 | Cum=+0.761 | Info={'shot_attempted': False, 'pass_attempted': False, 'goal_scored': False, 'goal_team': None, 'ball_out_by': None, 'has_ball': False, 'start_shot_bonus': False, 'start_pass_bonus': False, 'possession_lost': False}

[Step 133] Action=[ 0.1041977  -0.02149576  0.          0.0589456   0.          0.21412735
 -0.02483019] | Reward=+0.014 | Cum=+0.776 | Info={'shot_attempted': False, 'pass_attempted': False, 'goal_scored': False, 'goal_team': None, 'ball_out_by': None, 'has_ball': False, 'start_shot_bonus': False, 'start_pass_bonus': False, 'possession_lost': False}

[Step 134] Action=[ 0.10420882 -0.02146316  0.          0.05894779  0.          0.21413529
 -0.02482185] | Reward=+0.014 | Cum=+0.790 | Info={'shot_attempted': False, 'pass_attempted': False, 'goal_scored': False, 'goal_team': None, 'ball_out_by': None, 'has_ball': False, 'start_shot_bonus': False, 'start_pass_bonus': False, 'possession_lost': False}

[Step 135] Action=[ 0.1042199  -0.02143057  0.          0.05894995  0.          0.21414322
 -0.02481354] | Reward=+0.014 | Cum=+0.804 | Info={'shot_attempted': False, 'pass_attempted': False, 'goal_scored': False, 'goal_team': None, 'ball_out_by': None, 'has_ball': False, 'start_shot_bonus': False, 'start_pass_bonus': False, 'possession_lost': False}

[Step 136] Action=[ 0.10423096 -0.021398    0.          0.05895209  0.          0.21415113
 -0.02480523] | Reward=+0.014 | Cum=+0.819 | Info={'shot_attempted': False, 'pass_attempted': False, 'goal_scored': False, 'goal_team': None, 'ball_out_by': None, 'has_ball': False, 'start_shot_bonus': False, 'start_pass_bonus': False, 'possession_lost': False}

[Step 137] Action=[ 0.10424207 -0.02136542  0.          0.05895426  0.          0.21415903
 -0.02479695] | Reward=+0.015 | Cum=+0.834 | Info={'shot_attempted': False, 'pass_attempted': False, 'goal_scored': False, 'goal_team': None, 'ball_out_by': None, 'has_ball': False, 'start_shot_bonus': False, 'start_pass_bonus': False, 'possession_lost': False}

[Step 138] Action=[ 0.10425314 -0.02133284  0.          0.05895643  0.          0.21416694
 -0.0247887 ] | Reward=+0.015 | Cum=+0.849 | Info={'shot_attempted': False, 'pass_attempted': False, 'goal_scored': False, 'goal_team': None, 'ball_out_by': None, 'has_ball': False, 'start_shot_bonus': False, 'start_pass_bonus': False, 'possession_lost': False}

[Step 139] Action=[ 0.10426427 -0.02130025  0.          0.05895858  0.          0.21417485
 -0.02478042] | Reward=+0.015 | Cum=+0.864 | Info={'shot_attempted': False, 'pass_attempted': False, 'goal_scored': False, 'goal_team': None, 'ball_out_by': None, 'has_ball': False, 'start_shot_bonus': False, 'start_pass_bonus': False, 'possession_lost': False}

[Step 140] Action=[ 0.10427535 -0.02126766  0.          0.05896078  0.          0.21418275
 -0.0247722 ] | Reward=+0.014 | Cum=+0.878 | Info={'shot_attempted': False, 'pass_attempted': False, 'goal_scored': False, 'goal_team': None, 'ball_out_by': None, 'has_ball': False, 'start_shot_bonus': False, 'start_pass_bonus': False, 'possession_lost': False}

[Step 141] Action=[ 0.10428648 -0.02123507  0.          0.0589629   0.          0.21419062
 -0.02476398] | Reward=+0.015 | Cum=+0.893 | Info={'shot_attempted': False, 'pass_attempted': False, 'goal_scored': False, 'goal_team': None, 'ball_out_by': None, 'has_ball': False, 'start_shot_bonus': False, 'start_pass_bonus': False, 'possession_lost': False}

[Step 142] Action=[ 0.10429762 -0.02120249  0.          0.05896508  0.          0.21419853
 -0.02475579] | Reward=+0.015 | Cum=+0.907 | Info={'shot_attempted': False, 'pass_attempted': False, 'goal_scored': False, 'goal_team': None, 'ball_out_by': None, 'has_ball': False, 'start_shot_bonus': False, 'start_pass_bonus': False, 'possession_lost': False}

[Step 143] Action=[ 0.10430873 -0.02116993  0.          0.0589673   0.          0.21420641
 -0.02474763] | Reward=+0.015 | Cum=+0.922 | Info={'shot_attempted': False, 'pass_attempted': False, 'goal_scored': False, 'goal_team': None, 'ball_out_by': None, 'has_ball': False, 'start_shot_bonus': False, 'start_pass_bonus': False, 'possession_lost': False}

[Step 144] Action=[ 0.10431984 -0.02113732  0.          0.05896945  0.          0.21421434
 -0.02473945] | Reward=+0.015 | Cum=+0.936 | Info={'shot_attempted': False, 'pass_attempted': False, 'goal_scored': False, 'goal_team': None, 'ball_out_by': None, 'has_ball': False, 'start_shot_bonus': False, 'start_pass_bonus': False, 'possession_lost': False}

[Step 145] Action=[ 0.10433102 -0.02110477  0.          0.05897162  0.          0.21422218
 -0.02473129] | Reward=+0.015 | Cum=+0.951 | Info={'shot_attempted': False, 'pass_attempted': False, 'goal_scored': False, 'goal_team': None, 'ball_out_by': None, 'has_ball': False, 'start_shot_bonus': False, 'start_pass_bonus': False, 'possession_lost': False}

[Step 146] Action=[ 0.10434213 -0.02107218  0.          0.0589738   0.          0.21423006
 -0.02472316] | Reward=+0.015 | Cum=+0.966 | Info={'shot_attempted': False, 'pass_attempted': False, 'goal_scored': False, 'goal_team': None, 'ball_out_by': None, 'has_ball': False, 'start_shot_bonus': False, 'start_pass_bonus': False, 'possession_lost': False}

[Step 147] Action=[ 0.10435332 -0.02103959  0.          0.05897599  0.          0.21423794
 -0.02471508] | Reward=+0.015 | Cum=+0.982 | Info={'shot_attempted': False, 'pass_attempted': False, 'goal_scored': False, 'goal_team': None, 'ball_out_by': None, 'has_ball': False, 'start_shot_bonus': False, 'start_pass_bonus': False, 'possession_lost': False}

[Step 148] Action=[ 0.10436443 -0.02100702  0.          0.05897817  0.          0.21424581
 -0.02470699] | Reward=+0.015 | Cum=+0.997 | Info={'shot_attempted': False, 'pass_attempted': False, 'goal_scored': False, 'goal_team': None, 'ball_out_by': None, 'has_ball': False, 'start_shot_bonus': False, 'start_pass_bonus': False, 'possession_lost': False}

[Step 149] Action=[ 0.10437563 -0.02097441  0.          0.05898033  0.          0.2142537
 -0.0246989 ] | Reward=+0.015 | Cum=+1.012 | Info={'shot_attempted': False, 'pass_attempted': False, 'goal_scored': False, 'goal_team': None, 'ball_out_by': None, 'has_ball': False, 'start_shot_bonus': False, 'start_pass_bonus': False, 'possession_lost': False}

[Step 150] Action=[ 0.10438677 -0.02094185  0.          0.05898252  0.          0.21426153
 -0.02469085] | Reward=+0.016 | Cum=+1.028 | Info={'shot_attempted': False, 'pass_attempted': False, 'goal_scored': False, 'goal_team': None, 'ball_out_by': None, 'has_ball': False, 'start_shot_bonus': False, 'start_pass_bonus': False, 'possession_lost': False}

[Step 151] Action=[ 0.10439789 -0.02090928  0.          0.0589847   0.          0.2142694
 -0.02468282] | Reward=+0.016 | Cum=+1.044 | Info={'shot_attempted': False, 'pass_attempted': False, 'goal_scored': False, 'goal_team': None, 'ball_out_by': None, 'has_ball': False, 'start_shot_bonus': False, 'start_pass_bonus': False, 'possession_lost': False}

[Step 152] Action=[ 0.10440911 -0.02087669  0.          0.0589869   0.          0.21427727
 -0.02467479] | Reward=+0.016 | Cum=+1.060 | Info={'shot_attempted': False, 'pass_attempted': False, 'goal_scored': False, 'goal_team': None, 'ball_out_by': None, 'has_ball': False, 'start_shot_bonus': False, 'start_pass_bonus': False, 'possession_lost': False}

[Step 153] Action=[ 0.10442027 -0.0208441   0.          0.05898904  0.          0.2142851
 -0.0246668 ] | Reward=+0.016 | Cum=+1.075 | Info={'shot_attempted': False, 'pass_attempted': False, 'goal_scored': False, 'goal_team': None, 'ball_out_by': None, 'has_ball': False, 'start_shot_bonus': False, 'start_pass_bonus': False, 'possession_lost': False}

[Step 154] Action=[ 0.10443148 -0.02081154  0.          0.05899125  0.          0.21429296
 -0.02465881] | Reward=+0.016 | Cum=+1.091 | Info={'shot_attempted': False, 'pass_attempted': False, 'goal_scored': False, 'goal_team': None, 'ball_out_by': None, 'has_ball': False, 'start_shot_bonus': False, 'start_pass_bonus': False, 'possession_lost': False}

[Step 155] Action=[ 0.10444264 -0.02077898  0.          0.05899343  0.          0.21430083
 -0.02465083] | Reward=+0.016 | Cum=+1.108 | Info={'shot_attempted': False, 'pass_attempted': False, 'goal_scored': False, 'goal_team': None, 'ball_out_by': None, 'has_ball': False, 'start_shot_bonus': False, 'start_pass_bonus': False, 'possession_lost': False}

[Step 156] Action=[ 0.10445385 -0.02074638  0.          0.05899562  0.          0.21430868
 -0.02464289] | Reward=+0.016 | Cum=+1.124 | Info={'shot_attempted': False, 'pass_attempted': False, 'goal_scored': False, 'goal_team': None, 'ball_out_by': None, 'has_ball': False, 'start_shot_bonus': False, 'start_pass_bonus': False, 'possession_lost': False}

[Step 157] Action=[ 0.10446505 -0.02071383  0.          0.05899784  0.          0.2143165
 -0.02463494] | Reward=+0.016 | Cum=+1.141 | Info={'shot_attempted': False, 'pass_attempted': False, 'goal_scored': False, 'goal_team': None, 'ball_out_by': None, 'has_ball': False, 'start_shot_bonus': False, 'start_pass_bonus': False, 'possession_lost': False}

[Step 158] Action=[ 0.10447629 -0.02068125  0.          0.05900001  0.          0.21432433
 -0.02462703] | Reward=+0.016 | Cum=+1.157 | Info={'shot_attempted': False, 'pass_attempted': False, 'goal_scored': False, 'goal_team': None, 'ball_out_by': None, 'has_ball': False, 'start_shot_bonus': False, 'start_pass_bonus': False, 'possession_lost': False}

[Step 159] Action=[ 0.10448746 -0.02064863  0.          0.0590022   0.          0.21433218
 -0.02461914] | Reward=+0.017 | Cum=+1.174 | Info={'shot_attempted': False, 'pass_attempted': False, 'goal_scored': False, 'goal_team': None, 'ball_out_by': None, 'has_ball': False, 'start_shot_bonus': False, 'start_pass_bonus': False, 'possession_lost': False}

[Step 160] Action=[ 0.10449868 -0.0206161   0.          0.05900441  0.          0.21434002
 -0.02461125] | Reward=+0.017 | Cum=+1.191 | Info={'shot_attempted': False, 'pass_attempted': False, 'goal_scored': False, 'goal_team': None, 'ball_out_by': None, 'has_ball': False, 'start_shot_bonus': False, 'start_pass_bonus': False, 'possession_lost': False}

[Step 161] Action=[ 0.1045099  -0.02058352  0.          0.05900661  0.          0.21434784
 -0.02460339] | Reward=+0.017 | Cum=+1.208 | Info={'shot_attempted': False, 'pass_attempted': False, 'goal_scored': False, 'goal_team': None, 'ball_out_by': None, 'has_ball': False, 'start_shot_bonus': False, 'start_pass_bonus': False, 'possession_lost': False}

[Step 162] Action=[ 0.1045211  -0.02055094  0.          0.05900878  0.          0.21435565
 -0.02459552] | Reward=+0.016 | Cum=+1.224 | Info={'shot_attempted': False, 'pass_attempted': False, 'goal_scored': False, 'goal_team': None, 'ball_out_by': None, 'has_ball': False, 'start_shot_bonus': False, 'start_pass_bonus': False, 'possession_lost': False}

[Step 163] Action=[ 0.10453234 -0.02051837  0.          0.05901098  0.          0.21436349
 -0.02458772] | Reward=+0.016 | Cum=+1.240 | Info={'shot_attempted': False, 'pass_attempted': False, 'goal_scored': False, 'goal_team': None, 'ball_out_by': None, 'has_ball': False, 'start_shot_bonus': False, 'start_pass_bonus': False, 'possession_lost': False}

[Step 164] Action=[ 0.1045436  -0.0204858   0.          0.0590132   0.          0.2143713
 -0.02457991] | Reward=+0.016 | Cum=+1.256 | Info={'shot_attempted': False, 'pass_attempted': False, 'goal_scored': False, 'goal_team': None, 'ball_out_by': None, 'has_ball': False, 'start_shot_bonus': False, 'start_pass_bonus': False, 'possession_lost': False}

[Step 165] Action=[ 0.10455485 -0.02045323  0.          0.05901541  0.          0.2143791
 -0.02457211] | Reward=+0.016 | Cum=+1.273 | Info={'shot_attempted': False, 'pass_attempted': False, 'goal_scored': False, 'goal_team': None, 'ball_out_by': None, 'has_ball': False, 'start_shot_bonus': False, 'start_pass_bonus': False, 'possession_lost': False}

[Step 166] Action=[ 0.10456609 -0.02042066  0.          0.05901759  0.          0.21438688
 -0.02456434] | Reward=+0.016 | Cum=+1.289 | Info={'shot_attempted': False, 'pass_attempted': False, 'goal_scored': False, 'goal_team': None, 'ball_out_by': None, 'has_ball': False, 'start_shot_bonus': False, 'start_pass_bonus': False, 'possession_lost': False}

[Step 167] Action=[ 0.10457777 -0.02038831  0.          0.05902053  0.          0.21439523
 -0.02455695] | Reward=+0.016 | Cum=+1.305 | Info={'shot_attempted': False, 'pass_attempted': False, 'goal_scored': False, 'goal_team': None, 'ball_out_by': None, 'has_ball': False, 'start_shot_bonus': False, 'start_pass_bonus': False, 'possession_lost': False}

[Step 168] Action=[ 0.10458973 -0.02035609  0.          0.05902399  0.          0.21440397
 -0.02454988] | Reward=+0.017 | Cum=+1.322 | Info={'shot_attempted': False, 'pass_attempted': False, 'goal_scored': False, 'goal_team': None, 'ball_out_by': None, 'has_ball': False, 'start_shot_bonus': False, 'start_pass_bonus': False, 'possession_lost': False}

[Step 169] Action=[ 0.10460175 -0.0203239   0.          0.05902745  0.          0.21441272
 -0.0245428 ] | Reward=+0.017 | Cum=+1.339 | Info={'shot_attempted': False, 'pass_attempted': False, 'goal_scored': False, 'goal_team': None, 'ball_out_by': None, 'has_ball': False, 'start_shot_bonus': False, 'start_pass_bonus': False, 'possession_lost': False}

[Step 170] Action=[ 0.10461374 -0.02029172  0.          0.05903092  0.          0.21442145
 -0.02453576] | Reward=+0.017 | Cum=+1.356 | Info={'shot_attempted': False, 'pass_attempted': False, 'goal_scored': False, 'goal_team': None, 'ball_out_by': None, 'has_ball': False, 'start_shot_bonus': False, 'start_pass_bonus': False, 'possession_lost': False}

[Step 171] Action=[ 0.10462575 -0.02025951  0.          0.0590344   0.          0.21443017
 -0.02452872] | Reward=+0.017 | Cum=+1.373 | Info={'shot_attempted': False, 'pass_attempted': False, 'goal_scored': False, 'goal_team': None, 'ball_out_by': None, 'has_ball': False, 'start_shot_bonus': False, 'start_pass_bonus': False, 'possession_lost': False}

[Step 172] Action=[ 0.1046377  -0.02022731  0.          0.05903788  0.          0.21443887
 -0.0245217 ] | Reward=+0.017 | Cum=+1.389 | Info={'shot_attempted': False, 'pass_attempted': False, 'goal_scored': False, 'goal_team': None, 'ball_out_by': None, 'has_ball': False, 'start_shot_bonus': False, 'start_pass_bonus': False, 'possession_lost': False}

[Step 173] Action=[ 0.10464974 -0.02019512  0.          0.05904132  0.          0.21444757
 -0.02451467] | Reward=+0.017 | Cum=+1.407 | Info={'shot_attempted': False, 'pass_attempted': False, 'goal_scored': False, 'goal_team': None, 'ball_out_by': None, 'has_ball': False, 'start_shot_bonus': False, 'start_pass_bonus': False, 'possession_lost': False}

[Step 174] Action=[ 0.10466178 -0.02016292  0.          0.05904483  0.          0.2144563
 -0.0245077 ] | Reward=+0.017 | Cum=+1.424 | Info={'shot_attempted': False, 'pass_attempted': False, 'goal_scored': False, 'goal_team': None, 'ball_out_by': None, 'has_ball': False, 'start_shot_bonus': False, 'start_pass_bonus': False, 'possession_lost': False}

[Step 175] Action=[ 0.10467381 -0.02013073  0.          0.05904828  0.          0.214465
 -0.02450073] | Reward=+0.017 | Cum=+1.441 | Info={'shot_attempted': False, 'pass_attempted': False, 'goal_scored': False, 'goal_team': None, 'ball_out_by': None, 'has_ball': False, 'start_shot_bonus': False, 'start_pass_bonus': False, 'possession_lost': False}

[Step 176] Action=[ 0.10468581 -0.02009855  0.          0.05905175  0.          0.2144737
 -0.02449378] | Reward=+0.017 | Cum=+1.459 | Info={'shot_attempted': False, 'pass_attempted': False, 'goal_scored': False, 'goal_team': None, 'ball_out_by': None, 'has_ball': False, 'start_shot_bonus': False, 'start_pass_bonus': False, 'possession_lost': False}

[Step 177] Action=[ 0.10469785 -0.02006632  0.          0.05905524  0.          0.21448241
 -0.02448685] | Reward=+0.018 | Cum=+1.477 | Info={'shot_attempted': False, 'pass_attempted': False, 'goal_scored': False, 'goal_team': None, 'ball_out_by': None, 'has_ball': False, 'start_shot_bonus': False, 'start_pass_bonus': False, 'possession_lost': False}

[Step 178] Action=[ 0.10470991 -0.02003413  0.          0.0590587   0.          0.2144911
 -0.02447991] | Reward=+0.018 | Cum=+1.494 | Info={'shot_attempted': False, 'pass_attempted': False, 'goal_scored': False, 'goal_team': None, 'ball_out_by': None, 'has_ball': False, 'start_shot_bonus': False, 'start_pass_bonus': False, 'possession_lost': False}

[Step 179] Action=[ 0.10472193 -0.02000194  0.          0.05906218  0.          0.21449982
 -0.02447302] | Reward=+0.018 | Cum=+1.512 | Info={'shot_attempted': False, 'pass_attempted': False, 'goal_scored': False, 'goal_team': None, 'ball_out_by': None, 'has_ball': False, 'start_shot_bonus': False, 'start_pass_bonus': False, 'possession_lost': False}

[Step 180] Action=[ 0.10473399 -0.01996974  0.          0.05906568  0.          0.21450847
 -0.02446615] | Reward=+0.018 | Cum=+1.530 | Info={'shot_attempted': False, 'pass_attempted': False, 'goal_scored': False, 'goal_team': None, 'ball_out_by': None, 'has_ball': False, 'start_shot_bonus': False, 'start_pass_bonus': False, 'possession_lost': False}

[Step 181] Action=[ 0.10474604 -0.01993756  0.          0.05906915  0.          0.2145172
 -0.02445927] | Reward=+0.018 | Cum=+1.548 | Info={'shot_attempted': False, 'pass_attempted': False, 'goal_scored': False, 'goal_team': None, 'ball_out_by': None, 'has_ball': False, 'start_shot_bonus': False, 'start_pass_bonus': False, 'possession_lost': False}

[Step 182] Action=[ 0.10475758 -0.01990531  0.          0.05907221  0.          0.21452607
 -0.02445216] | Reward=+0.018 | Cum=+1.566 | Info={'shot_attempted': False, 'pass_attempted': False, 'goal_scored': False, 'goal_team': None, 'ball_out_by': None, 'has_ball': False, 'start_shot_bonus': False, 'start_pass_bonus': False, 'possession_lost': False}

[Step 183] Action=[ 0.10476846 -0.01987302  0.          0.05907492  0.          0.21453525
 -0.02444466] | Reward=+0.018 | Cum=+1.584 | Info={'shot_attempted': False, 'pass_attempted': False, 'goal_scored': False, 'goal_team': None, 'ball_out_by': None, 'has_ball': False, 'start_shot_bonus': False, 'start_pass_bonus': False, 'possession_lost': False}

[Step 184] Action=[ 0.10477942 -0.01984071  0.          0.0590776   0.          0.21454445
 -0.02443719] | Reward=+0.017 | Cum=+1.601 | Info={'shot_attempted': False, 'pass_attempted': False, 'goal_scored': False, 'goal_team': None, 'ball_out_by': None, 'has_ball': False, 'start_shot_bonus': False, 'start_pass_bonus': False, 'possession_lost': False}

[Step 185] Action=[ 0.10479032 -0.01980841  0.          0.05908028  0.          0.21455364
 -0.02442974] | Reward=+0.017 | Cum=+1.618 | Info={'shot_attempted': False, 'pass_attempted': False, 'goal_scored': False, 'goal_team': None, 'ball_out_by': None, 'has_ball': False, 'start_shot_bonus': False, 'start_pass_bonus': False, 'possession_lost': False}

[Step 186] Action=[ 0.10480122 -0.01977609  0.          0.05908296  0.          0.21456283
 -0.0244223 ] | Reward=+0.017 | Cum=+1.635 | Info={'shot_attempted': False, 'pass_attempted': False, 'goal_scored': False, 'goal_team': None, 'ball_out_by': None, 'has_ball': False, 'start_shot_bonus': False, 'start_pass_bonus': False, 'possession_lost': False}

[Step 187] Action=[ 0.10481215 -0.0197438   0.          0.05908563  0.          0.21457197
 -0.02441488] | Reward=+0.017 | Cum=+1.652 | Info={'shot_attempted': False, 'pass_attempted': False, 'goal_scored': False, 'goal_team': None, 'ball_out_by': None, 'has_ball': False, 'start_shot_bonus': False, 'start_pass_bonus': False, 'possession_lost': False}

[Step 188] Action=[ 0.10482308 -0.01971148  0.          0.05908827  0.          0.21458118
 -0.02440746] | Reward=+0.017 | Cum=+1.670 | Info={'shot_attempted': False, 'pass_attempted': False, 'goal_scored': False, 'goal_team': None, 'ball_out_by': None, 'has_ball': False, 'start_shot_bonus': False, 'start_pass_bonus': False, 'possession_lost': False}

[Step 189] Action=[ 0.10483398 -0.01967922  0.          0.05909095  0.          0.21459033
 -0.02440009] | Reward=+0.017 | Cum=+1.687 | Info={'shot_attempted': False, 'pass_attempted': False, 'goal_scored': False, 'goal_team': None, 'ball_out_by': None, 'has_ball': False, 'start_shot_bonus': False, 'start_pass_bonus': False, 'possession_lost': False}

[Step 190] Action=[ 0.10484493 -0.01964691  0.          0.05909363  0.          0.2145995
 -0.02439272] | Reward=+0.017 | Cum=+1.704 | Info={'shot_attempted': False, 'pass_attempted': False, 'goal_scored': False, 'goal_team': None, 'ball_out_by': None, 'has_ball': False, 'start_shot_bonus': False, 'start_pass_bonus': False, 'possession_lost': False}

[Step 191] Action=[ 0.10485588 -0.01961459  0.          0.05909629  0.          0.21460867
 -0.02438536] | Reward=+0.018 | Cum=+1.722 | Info={'shot_attempted': False, 'pass_attempted': False, 'goal_scored': False, 'goal_team': None, 'ball_out_by': None, 'has_ball': False, 'start_shot_bonus': False, 'start_pass_bonus': False, 'possession_lost': False}

[Step 192] Action=[ 0.10486682 -0.0195823   0.          0.05909899  0.          0.21461779
 -0.02437804] | Reward=+0.018 | Cum=+1.739 | Info={'shot_attempted': False, 'pass_attempted': False, 'goal_scored': False, 'goal_team': None, 'ball_out_by': None, 'has_ball': False, 'start_shot_bonus': False, 'start_pass_bonus': False, 'possession_lost': False}

[Step 193] Action=[ 0.10487775 -0.01955     0.          0.05910168  0.          0.21462697
 -0.02437069] | Reward=+0.018 | Cum=+1.757 | Info={'shot_attempted': False, 'pass_attempted': False, 'goal_scored': False, 'goal_team': None, 'ball_out_by': None, 'has_ball': False, 'start_shot_bonus': False, 'start_pass_bonus': False, 'possession_lost': False}

[Step 194] Action=[ 0.10488873 -0.01951769  0.          0.05910433  0.          0.21463613
 -0.02436341] | Reward=+0.018 | Cum=+1.775 | Info={'shot_attempted': False, 'pass_attempted': False, 'goal_scored': False, 'goal_team': None, 'ball_out_by': None, 'has_ball': False, 'start_shot_bonus': False, 'start_pass_bonus': False, 'possession_lost': False}

[Step 195] Action=[ 0.10489889 -0.01948544  0.          0.05910691  0.          0.21464513
 -0.02435592] | Reward=+0.018 | Cum=+1.793 | Info={'shot_attempted': False, 'pass_attempted': False, 'goal_scored': False, 'goal_team': None, 'ball_out_by': None, 'has_ball': False, 'start_shot_bonus': False, 'start_pass_bonus': False, 'possession_lost': False}

[Step 196] Action=[ 0.10490753 -0.01945338  0.          0.0591093   0.          0.21465392
 -0.02434801] | Reward=+0.018 | Cum=+1.810 | Info={'shot_attempted': False, 'pass_attempted': False, 'goal_scored': False, 'goal_team': None, 'ball_out_by': None, 'has_ball': False, 'start_shot_bonus': False, 'start_pass_bonus': False, 'possession_lost': False}

[Step 197] Action=[ 0.10491621 -0.01942126  0.          0.05911168  0.          0.21466267
 -0.02434012] | Reward=+0.018 | Cum=+1.828 | Info={'shot_attempted': False, 'pass_attempted': False, 'goal_scored': False, 'goal_team': None, 'ball_out_by': None, 'has_ball': False, 'start_shot_bonus': False, 'start_pass_bonus': False, 'possession_lost': False}

[Step 198] Action=[ 0.1049249  -0.01938916  0.          0.05911409  0.          0.21467143
 -0.02433232] | Reward=+0.018 | Cum=+1.846 | Info={'shot_attempted': False, 'pass_attempted': False, 'goal_scored': False, 'goal_team': None, 'ball_out_by': None, 'has_ball': False, 'start_shot_bonus': False, 'start_pass_bonus': False, 'possession_lost': False}

[Step 199] Action=[ 0.10493355 -0.01935706  0.          0.05911647  0.          0.21468021
 -0.02432447] | Reward=+0.018 | Cum=+1.864 | Info={'shot_attempted': False, 'pass_attempted': False, 'goal_scored': False, 'goal_team': None, 'ball_out_by': None, 'has_ball': False, 'start_shot_bonus': False, 'start_pass_bonus': False, 'possession_lost': False}

[Step 200] Action=[ 0.10494232 -0.01932498  0.          0.05911884  0.          0.21468894
 -0.02431668] | Reward=+0.018 | Cum=+1.882 | Info={'shot_attempted': False, 'pass_attempted': False, 'goal_scored': False, 'goal_team': None, 'ball_out_by': None, 'has_ball': False, 'start_shot_bonus': False, 'start_pass_bonus': False, 'possession_lost': False}

[Step 201] Action=[ 0.10495102 -0.01929285  0.          0.05912123  0.          0.2146977
 -0.02430885] | Reward=+0.018 | Cum=+1.901 | Info={'shot_attempted': False, 'pass_attempted': False, 'goal_scored': False, 'goal_team': None, 'ball_out_by': None, 'has_ball': False, 'start_shot_bonus': False, 'start_pass_bonus': False, 'possession_lost': False}

[Step 202] Action=[ 0.10495972 -0.01926075  0.          0.05912361  0.          0.21470645
 -0.02430109] | Reward=+0.018 | Cum=+1.919 | Info={'shot_attempted': False, 'pass_attempted': False, 'goal_scored': False, 'goal_team': None, 'ball_out_by': None, 'has_ball': False, 'start_shot_bonus': False, 'start_pass_bonus': False, 'possession_lost': False}

[Step 203] Action=[ 0.10496841 -0.01922863  0.          0.05912602  0.          0.21471521
 -0.0242933 ] | Reward=+0.018 | Cum=+1.937 | Info={'shot_attempted': False, 'pass_attempted': False, 'goal_scored': False, 'goal_team': None, 'ball_out_by': None, 'has_ball': False, 'start_shot_bonus': False, 'start_pass_bonus': False, 'possession_lost': False}

[Step 204] Action=[ 0.10497711 -0.01919652  0.          0.05912839  0.          0.21472394
 -0.02428557] | Reward=+0.018 | Cum=+1.956 | Info={'shot_attempted': False, 'pass_attempted': False, 'goal_scored': False, 'goal_team': None, 'ball_out_by': None, 'has_ball': False, 'start_shot_bonus': False, 'start_pass_bonus': False, 'possession_lost': False}

[Step 205] Action=[ 0.10498582 -0.01916444  0.          0.05913077  0.          0.21473269
 -0.02427784] | Reward=+0.018 | Cum=+1.974 | Info={'shot_attempted': False, 'pass_attempted': False, 'goal_scored': False, 'goal_team': None, 'ball_out_by': None, 'has_ball': False, 'start_shot_bonus': False, 'start_pass_bonus': False, 'possession_lost': False}

[Step 206] Action=[ 0.10499498 -0.01913258  0.          0.05913322  0.          0.21474136
 -0.02427028] | Reward=+0.018 | Cum=+1.993 | Info={'shot_attempted': False, 'pass_attempted': False, 'goal_scored': False, 'goal_team': None, 'ball_out_by': None, 'has_ball': False, 'start_shot_bonus': False, 'start_pass_bonus': False, 'possession_lost': False}

[Step 207] Action=[ 0.10500539 -0.01910132  0.          0.05913584  0.          0.21474977
 -0.02426325] | Reward=+0.017 | Cum=+2.010 | Info={'shot_attempted': False, 'pass_attempted': False, 'goal_scored': False, 'goal_team': None, 'ball_out_by': None, 'has_ball': False, 'start_shot_bonus': False, 'start_pass_bonus': False, 'possession_lost': False}

[Step 208] Action=[ 0.10501582 -0.01907008  0.          0.05913842  0.          0.21475817
 -0.02425626] | Reward=+0.017 | Cum=+2.027 | Info={'shot_attempted': False, 'pass_attempted': False, 'goal_scored': False, 'goal_team': None, 'ball_out_by': None, 'has_ball': False, 'start_shot_bonus': False, 'start_pass_bonus': False, 'possession_lost': False}

[Step 209] Action=[ 0.10502624 -0.01903885  0.          0.05914099  0.          0.2147666
 -0.02424925] | Reward=+0.017 | Cum=+2.044 | Info={'shot_attempted': False, 'pass_attempted': False, 'goal_scored': False, 'goal_team': None, 'ball_out_by': None, 'has_ball': False, 'start_shot_bonus': False, 'start_pass_bonus': False, 'possession_lost': False}

[Step 210] Action=[ 0.10503668 -0.01900761  0.          0.05914356  0.          0.214775
 -0.02424226] | Reward=+0.017 | Cum=+2.061 | Info={'shot_attempted': False, 'pass_attempted': False, 'goal_scored': False, 'goal_team': None, 'ball_out_by': None, 'has_ball': False, 'start_shot_bonus': False, 'start_pass_bonus': False, 'possession_lost': False}

[Step 211] Action=[ 0.10504705 -0.0189764   0.          0.05914624  0.          0.21478343
 -0.02423528] | Reward=+0.017 | Cum=+2.078 | Info={'shot_attempted': False, 'pass_attempted': False, 'goal_scored': False, 'goal_team': None, 'ball_out_by': None, 'has_ball': False, 'start_shot_bonus': False, 'start_pass_bonus': False, 'possession_lost': False}

[Step 212] Action=[ 0.1050575  -0.01894516  0.          0.05914881  0.          0.21479182
 -0.02422834] | Reward=+0.017 | Cum=+2.096 | Info={'shot_attempted': False, 'pass_attempted': False, 'goal_scored': False, 'goal_team': None, 'ball_out_by': None, 'has_ball': False, 'start_shot_bonus': False, 'start_pass_bonus': False, 'possession_lost': False}

[Step 213] Action=[ 0.10506797 -0.01891389  0.          0.05915136  0.          0.21480021
 -0.0242214 ] | Reward=+0.017 | Cum=+2.113 | Info={'shot_attempted': False, 'pass_attempted': False, 'goal_scored': False, 'goal_team': None, 'ball_out_by': None, 'has_ball': False, 'start_shot_bonus': False, 'start_pass_bonus': False, 'possession_lost': False}

[Step 214] Action=[ 0.10507837 -0.01888266  0.          0.059154    0.          0.2148086
 -0.02421449] | Reward=+0.017 | Cum=+2.131 | Info={'shot_attempted': False, 'pass_attempted': False, 'goal_scored': False, 'goal_team': None, 'ball_out_by': None, 'has_ball': False, 'start_shot_bonus': False, 'start_pass_bonus': False, 'possession_lost': False}

[Step 215] Action=[ 0.10508882 -0.01885143  0.          0.05915659  0.          0.21481699
 -0.02420758] | Reward=+0.017 | Cum=+2.148 | Info={'shot_attempted': False, 'pass_attempted': False, 'goal_scored': False, 'goal_team': None, 'ball_out_by': None, 'has_ball': False, 'start_shot_bonus': False, 'start_pass_bonus': False, 'possession_lost': False}

[Step 216] Action=[ 0.10509861 -0.01881965  0.          0.05916226  0.          0.21482742
 -0.02419846] | Reward=+0.017 | Cum=+2.165 | Info={'shot_attempted': False, 'pass_attempted': False, 'goal_scored': False, 'goal_team': None, 'ball_out_by': None, 'has_ball': False, 'start_shot_bonus': False, 'start_pass_bonus': False, 'possession_lost': False}

[Step 217] Action=[ 0.10510824 -0.01878767  0.          0.05916861  0.          0.21483822
 -0.02418884] | Reward=+0.017 | Cum=+2.183 | Info={'shot_attempted': False, 'pass_attempted': False, 'goal_scored': False, 'goal_team': None, 'ball_out_by': None, 'has_ball': False, 'start_shot_bonus': False, 'start_pass_bonus': False, 'possession_lost': False}

[Step 218] Action=[ 0.10511783 -0.01875574  0.          0.05917493  0.          0.21484908
 -0.02417928] | Reward=+0.018 | Cum=+2.200 | Info={'shot_attempted': False, 'pass_attempted': False, 'goal_scored': False, 'goal_team': None, 'ball_out_by': None, 'has_ball': False, 'start_shot_bonus': False, 'start_pass_bonus': False, 'possession_lost': False}

[Step 219] Action=[ 0.10512748 -0.01872378  0.          0.05918131  0.          0.2148599
 -0.02416974] | Reward=+0.018 | Cum=+2.218 | Info={'shot_attempted': False, 'pass_attempted': False, 'goal_scored': False, 'goal_team': None, 'ball_out_by': None, 'has_ball': False, 'start_shot_bonus': False, 'start_pass_bonus': False, 'possession_lost': False}

[Step 220] Action=[ 0.10513712 -0.01869182  0.          0.05918765  0.          0.2148707
 -0.02416017] | Reward=+0.018 | Cum=+2.235 | Info={'shot_attempted': False, 'pass_attempted': False, 'goal_scored': False, 'goal_team': None, 'ball_out_by': None, 'has_ball': False, 'start_shot_bonus': False, 'start_pass_bonus': False, 'possession_lost': False}

[Step 221] Action=[ 0.10514672 -0.01865989  0.          0.05919398  0.          0.21488152
 -0.02415064] | Reward=+0.018 | Cum=+2.253 | Info={'shot_attempted': False, 'pass_attempted': False, 'goal_scored': False, 'goal_team': None, 'ball_out_by': None, 'has_ball': False, 'start_shot_bonus': False, 'start_pass_bonus': False, 'possession_lost': False}

[Step 222] Action=[ 0.10515641 -0.01862792  0.          0.05920032  0.          0.21489233
 -0.02414114] | Reward=+0.018 | Cum=+2.271 | Info={'shot_attempted': False, 'pass_attempted': False, 'goal_scored': False, 'goal_team': None, 'ball_out_by': None, 'has_ball': False, 'start_shot_bonus': False, 'start_pass_bonus': False, 'possession_lost': False}

[Step 223] Action=[ 0.10516603 -0.01859596  0.          0.05920666  0.          0.21490315
 -0.02413164] | Reward=+0.018 | Cum=+2.288 | Info={'shot_attempted': False, 'pass_attempted': False, 'goal_scored': False, 'goal_team': None, 'ball_out_by': None, 'has_ball': False, 'start_shot_bonus': False, 'start_pass_bonus': False, 'possession_lost': False}

[Step 224] Action=[ 0.10517567 -0.01856405  0.          0.05921301  0.          0.21491395
 -0.02412218] | Reward=+0.018 | Cum=+2.306 | Info={'shot_attempted': False, 'pass_attempted': False, 'goal_scored': False, 'goal_team': None, 'ball_out_by': None, 'has_ball': False, 'start_shot_bonus': False, 'start_pass_bonus': False, 'possession_lost': False}

[Step 225] Action=[ 0.10518533 -0.0185321   0.          0.05921935  0.          0.21492475
 -0.02411271] | Reward=+0.018 | Cum=+2.324 | Info={'shot_attempted': False, 'pass_attempted': False, 'goal_scored': False, 'goal_team': None, 'ball_out_by': None, 'has_ball': False, 'start_shot_bonus': False, 'start_pass_bonus': False, 'possession_lost': False}

[Step 226] Action=[ 0.10519498 -0.01850014  0.          0.05922569  0.          0.21493554
 -0.02410327] | Reward=+0.018 | Cum=+2.341 | Info={'shot_attempted': False, 'pass_attempted': False, 'goal_scored': False, 'goal_team': None, 'ball_out_by': None, 'has_ball': False, 'start_shot_bonus': False, 'start_pass_bonus': False, 'possession_lost': False}

[Step 227] Action=[ 0.10520466 -0.01846821  0.          0.05923203  0.          0.21494634
 -0.02409383] | Reward=+0.018 | Cum=+2.359 | Info={'shot_attempted': False, 'pass_attempted': False, 'goal_scored': False, 'goal_team': None, 'ball_out_by': None, 'has_ball': False, 'start_shot_bonus': False, 'start_pass_bonus': False, 'possession_lost': False}

[Step 228] Action=[ 0.10521428 -0.01843627  0.          0.05923837  0.          0.21495715
 -0.02408443] | Reward=+0.018 | Cum=+2.377 | Info={'shot_attempted': False, 'pass_attempted': False, 'goal_scored': False, 'goal_team': None, 'ball_out_by': None, 'has_ball': False, 'start_shot_bonus': False, 'start_pass_bonus': False, 'possession_lost': False}

[Step 229] Action=[ 0.10522399 -0.01840432  0.          0.05924474  0.          0.2149679
 -0.02407502] | Reward=+0.018 | Cum=+2.395 | Info={'shot_attempted': False, 'pass_attempted': False, 'goal_scored': False, 'goal_team': None, 'ball_out_by': None, 'has_ball': False, 'start_shot_bonus': False, 'start_pass_bonus': False, 'possession_lost': False}

[Step 230] Action=[ 0.10523366 -0.01837238  0.          0.05925112  0.          0.2149787
 -0.02406565] | Reward=+0.018 | Cum=+2.412 | Info={'shot_attempted': False, 'pass_attempted': False, 'goal_scored': False, 'goal_team': None, 'ball_out_by': None, 'has_ball': False, 'start_shot_bonus': False, 'start_pass_bonus': False, 'possession_lost': False}

[Step 231] Action=[ 0.10524335 -0.01834043  0.          0.05925745  0.          0.2149895
 -0.0240563 ] | Reward=+0.018 | Cum=+2.430 | Info={'shot_attempted': False, 'pass_attempted': False, 'goal_scored': False, 'goal_team': None, 'ball_out_by': None, 'has_ball': False, 'start_shot_bonus': False, 'start_pass_bonus': False, 'possession_lost': False}

[Step 232] Action=[ 0.10525318 -0.01831055  0.          0.05926326  0.          0.21500005
 -0.02404763] | Reward=+0.016 | Cum=+2.447 | Info={'shot_attempted': False, 'pass_attempted': False, 'goal_scored': False, 'goal_team': None, 'ball_out_by': None, 'has_ball': False, 'start_shot_bonus': False, 'start_pass_bonus': False, 'possession_lost': False}

[Step 233] Action=[ 0.10526311 -0.01828077  0.          0.05926903  0.          0.21501054
 -0.02403904] | Reward=+0.016 | Cum=+2.463 | Info={'shot_attempted': False, 'pass_attempted': False, 'goal_scored': False, 'goal_team': None, 'ball_out_by': None, 'has_ball': False, 'start_shot_bonus': False, 'start_pass_bonus': False, 'possession_lost': False}

[Step 234] Action=[ 0.10527296 -0.018251    0.          0.05927482  0.          0.21502106
 -0.02403051] | Reward=+0.016 | Cum=+2.479 | Info={'shot_attempted': False, 'pass_attempted': False, 'goal_scored': False, 'goal_team': None, 'ball_out_by': None, 'has_ball': False, 'start_shot_bonus': False, 'start_pass_bonus': False, 'possession_lost': False}

[Step 235] Action=[ 0.10528286 -0.01822121  0.          0.05928066  0.          0.21503155
 -0.02402196] | Reward=+0.016 | Cum=+2.496 | Info={'shot_attempted': False, 'pass_attempted': False, 'goal_scored': False, 'goal_team': None, 'ball_out_by': None, 'has_ball': False, 'start_shot_bonus': False, 'start_pass_bonus': False, 'possession_lost': False}

[Step 236] Action=[ 0.10529278 -0.01819147  0.          0.05928643  0.          0.21504205
 -0.02401338] | Reward=+0.016 | Cum=+2.512 | Info={'shot_attempted': False, 'pass_attempted': False, 'goal_scored': False, 'goal_team': None, 'ball_out_by': None, 'has_ball': False, 'start_shot_bonus': False, 'start_pass_bonus': False, 'possession_lost': False}

[Step 237] Action=[ 0.10530268 -0.01816167  0.          0.05929222  0.          0.21505255
 -0.02400489] | Reward=+0.016 | Cum=+2.528 | Info={'shot_attempted': False, 'pass_attempted': False, 'goal_scored': False, 'goal_team': None, 'ball_out_by': None, 'has_ball': False, 'start_shot_bonus': False, 'start_pass_bonus': False, 'possession_lost': False}

[Step 238] Action=[ 0.10531256 -0.01813193  0.          0.05929802  0.          0.21506307
 -0.02399637] | Reward=+0.016 | Cum=+2.545 | Info={'shot_attempted': False, 'pass_attempted': False, 'goal_scored': False, 'goal_team': None, 'ball_out_by': None, 'has_ball': False, 'start_shot_bonus': False, 'start_pass_bonus': False, 'possession_lost': False}

[Step 239] Action=[ 0.10532249 -0.01810215  0.          0.05930382  0.          0.21507356
 -0.02398788] | Reward=+0.016 | Cum=+2.561 | Info={'shot_attempted': False, 'pass_attempted': False, 'goal_scored': False, 'goal_team': None, 'ball_out_by': None, 'has_ball': False, 'start_shot_bonus': False, 'start_pass_bonus': False, 'possession_lost': False}

[Step 240] Action=[ 0.10533239 -0.01807244  0.          0.05930961  0.          0.21508405
 -0.02397943] | Reward=+0.016 | Cum=+2.577 | Info={'shot_attempted': False, 'pass_attempted': False, 'goal_scored': False, 'goal_team': None, 'ball_out_by': None, 'has_ball': False, 'start_shot_bonus': False, 'start_pass_bonus': False, 'possession_lost': False}

