Debug log for att_1 (Episode 100)
================================================================================
[Step 1] Action=[ 0.06491376 -0.3738417   0.0959149   0.          0.18820205 -0.16937487
  0.218385  ] | Reward=-0.001 | Cum=-0.001 | Info={'shot_attempted': False, 'pass_attempted': False, 'goal_scored': False, 'goal_team': None, 'ball_out_by': None, 'has_ball': True, 'start_shot_bonus': False, 'start_pass_bonus': False, 'possession_lost': False}

[Step 2] Action=[ 0.06105169 -0.3489692   0.10102396  0.          0.17293237 -0.164015
  0.18996945] | Reward=-0.001 | Cum=-0.002 | Info={'shot_attempted': False, 'pass_attempted': False, 'goal_scored': False, 'goal_team': None, 'ball_out_by': None, 'has_ball': True, 'start_shot_bonus': False, 'start_pass_bonus': False, 'possession_lost': False}

[Step 3] Action=[ 0.06102152 -0.34889463  0.10103953  0.          0.17288643 -0.16398506
  0.18987177] | Reward=-0.001 | Cum=-0.002 | Info={'shot_attempted': False, 'pass_attempted': False, 'goal_scored': False, 'goal_team': None, 'ball_out_by': None, 'has_ball': True, 'start_shot_bonus': False, 'start_pass_bonus': False, 'possession_lost': False}

[Step 4] Action=[ 0.06099135 -0.34881988  0.10105495  0.          0.1728404  -0.16395515
  0.18977387] | Reward=-0.001 | Cum=-0.003 | Info={'shot_attempted': False, 'pass_attempted': False, 'goal_scored': False, 'goal_team': None, 'ball_out_by': None, 'has_ball': True, 'start_shot_bonus': False, 'start_pass_bonus': False, 'possession_lost': False}

[Step 5] Action=[ 0.06096115 -0.34874505  0.10107036  0.          0.17279442 -0.16392525
  0.18967593] | Reward=-0.001 | Cum=-0.004 | Info={'shot_attempted': False, 'pass_attempted': False, 'goal_scored': False, 'goal_team': None, 'ball_out_by': None, 'has_ball': True, 'start_shot_bonus': False, 'start_pass_bonus': False, 'possession_lost': False}

[Step 6] Action=[ 0.06093097 -0.3486702   0.10108578  0.          0.17274842 -0.16389531
  0.18957798] | Reward=-0.001 | Cum=-0.005 | Info={'shot_attempted': False, 'pass_attempted': False, 'goal_scored': False, 'goal_team': None, 'ball_out_by': None, 'has_ball': True, 'start_shot_bonus': False, 'start_pass_bonus': False, 'possession_lost': False}

[Step 7] Action=[ 0.05584488 -0.3558427   0.09982343  0.          0.16724122 -0.16297235
  0.17647095] | Reward=-0.001 | Cum=-0.006 | Info={'shot_attempted': False, 'pass_attempted': False, 'goal_scored': False, 'goal_team': None, 'ball_out_by': None, 'has_ball': True, 'start_shot_bonus': False, 'start_pass_bonus': False, 'possession_lost': False}

[Step 8] Action=[ 0.05579099 -0.35573965  0.09983756  0.          0.16716829 -0.16293596
  0.17634381] | Reward=-0.001 | Cum=-0.007 | Info={'shot_attempted': False, 'pass_attempted': False, 'goal_scored': False, 'goal_team': None, 'ball_out_by': None, 'has_ball': True, 'start_shot_bonus': False, 'start_pass_bonus': False, 'possession_lost': False}

[Step 9] Action=[ 0.05573748 -0.35564026  0.09985362  0.          0.16709554 -0.1629001
  0.17622001] | Reward=-0.001 | Cum=-0.007 | Info={'shot_attempted': False, 'pass_attempted': False, 'goal_scored': False, 'goal_team': None, 'ball_out_by': None, 'has_ball': True, 'start_shot_bonus': False, 'start_pass_bonus': False, 'possession_lost': False}

[Step 10] Action=[ 0.05568396 -0.3555408   0.09986969  0.          0.16702276 -0.16286428
  0.17609622] | Reward=-0.001 | Cum=-0.008 | Info={'shot_attempted': False, 'pass_attempted': False, 'goal_scored': False, 'goal_team': None, 'ball_out_by': None, 'has_ball': True, 'start_shot_bonus': False, 'start_pass_bonus': False, 'possession_lost': False}

[Step 11] Action=[ 0.05562947 -0.355442    0.09988324  0.          0.16695105 -0.16282848
  0.17597358] | Reward=-0.001 | Cum=-0.009 | Info={'shot_attempted': False, 'pass_attempted': False, 'goal_scored': False, 'goal_team': None, 'ball_out_by': None, 'has_ball': True, 'start_shot_bonus': False, 'start_pass_bonus': False, 'possession_lost': False}

[Step 12] Action=[ 0.05557252 -0.3553445   0.09989075  0.          0.166882   -0.16279285
  0.17585383] | Reward=-0.001 | Cum=-0.010 | Info={'shot_attempted': False, 'pass_attempted': False, 'goal_scored': False, 'goal_team': None, 'ball_out_by': None, 'has_ball': True, 'start_shot_bonus': False, 'start_pass_bonus': False, 'possession_lost': False}

[Step 13] Action=[ 0.05540936 -0.3553062   0.09987978  0.          0.16684963 -0.16264331
  0.17553394] | Reward=-0.001 | Cum=-0.011 | Info={'shot_attempted': False, 'pass_attempted': False, 'goal_scored': False, 'goal_team': None, 'ball_out_by': None, 'has_ball': True, 'start_shot_bonus': False, 'start_pass_bonus': False, 'possession_lost': False}

[Step 14] Action=[ 0.05535243 -0.35520858  0.09988718  0.          0.16678052 -0.16260763
  0.17541404] | Reward=-0.001 | Cum=-0.012 | Info={'shot_attempted': False, 'pass_attempted': False, 'goal_scored': False, 'goal_team': None, 'ball_out_by': None, 'has_ball': True, 'start_shot_bonus': False, 'start_pass_bonus': False, 'possession_lost': False}

[Step 15] Action=[ 0.05529553 -0.35511103  0.09989469  0.          0.16671145 -0.16257195
  0.17529422] | Reward=-0.001 | Cum=-0.013 | Info={'shot_attempted': False, 'pass_attempted': False, 'goal_scored': False, 'goal_team': None, 'ball_out_by': None, 'has_ball': True, 'start_shot_bonus': False, 'start_pass_bonus': False, 'possession_lost': False}

[Step 16] Action=[ 0.05523859 -0.35501346  0.09990213  0.          0.16664234 -0.16253626
  0.17517436] | Reward=-0.001 | Cum=-0.014 | Info={'shot_attempted': False, 'pass_attempted': False, 'goal_scored': False, 'goal_team': None, 'ball_out_by': None, 'has_ball': True, 'start_shot_bonus': False, 'start_pass_bonus': False, 'possession_lost': False}

[Step 17] Action=[ 0.05518168 -0.35491586  0.09990961  0.          0.16657324 -0.16250056
  0.1750545 ] | Reward=-0.001 | Cum=-0.015 | Info={'shot_attempted': False, 'pass_attempted': False, 'goal_scored': False, 'goal_team': None, 'ball_out_by': None, 'has_ball': True, 'start_shot_bonus': False, 'start_pass_bonus': False, 'possession_lost': False}

[Step 18] Action=[ 0.05512476 -0.35481828  0.09991708  0.          0.16650411 -0.16246489
  0.17493461] | Reward=-0.001 | Cum=-0.016 | Info={'shot_attempted': False, 'pass_attempted': False, 'goal_scored': False, 'goal_team': None, 'ball_out_by': None, 'has_ball': True, 'start_shot_bonus': False, 'start_pass_bonus': False, 'possession_lost': False}

[Step 19] Action=[ 0.0550678  -0.35472062  0.09992454  0.          0.16643497 -0.1624292
  0.17481472] | Reward=-0.001 | Cum=-0.017 | Info={'shot_attempted': False, 'pass_attempted': False, 'goal_scored': False, 'goal_team': None, 'ball_out_by': None, 'has_ball': True, 'start_shot_bonus': False, 'start_pass_bonus': False, 'possession_lost': False}

[Step 20] Action=[ 0.0550109  -0.35462302  0.09993197  0.          0.16636583 -0.1623935
  0.17469478] | Reward=-0.001 | Cum=-0.018 | Info={'shot_attempted': False, 'pass_attempted': False, 'goal_scored': False, 'goal_team': None, 'ball_out_by': None, 'has_ball': True, 'start_shot_bonus': False, 'start_pass_bonus': False, 'possession_lost': False}

[Step 21] Action=[ 0.05495702 -0.35452768  0.09994424  0.          0.166301   -0.1623657
  0.17457828] | Reward=-0.001 | Cum=-0.019 | Info={'shot_attempted': False, 'pass_attempted': False, 'goal_scored': False, 'goal_team': None, 'ball_out_by': None, 'has_ball': True, 'start_shot_bonus': False, 'start_pass_bonus': False, 'possession_lost': False}

[Step 22] Action=[ 0.05490595 -0.35443318  0.0999587   0.          0.16623767 -0.16234164
  0.17446314] | Reward=-0.001 | Cum=-0.020 | Info={'shot_attempted': False, 'pass_attempted': False, 'goal_scored': False, 'goal_team': None, 'ball_out_by': None, 'has_ball': True, 'start_shot_bonus': False, 'start_pass_bonus': False, 'possession_lost': False}

[Step 23] Action=[ 0.05485656 -0.35433763  0.09997258  0.          0.1661731  -0.1623167
  0.17434709] | Reward=-0.001 | Cum=-0.021 | Info={'shot_attempted': False, 'pass_attempted': False, 'goal_scored': False, 'goal_team': None, 'ball_out_by': None, 'has_ball': True, 'start_shot_bonus': False, 'start_pass_bonus': False, 'possession_lost': False}

[Step 24] Action=[ 0.0548072  -0.35424215  0.0999864   0.          0.16610847 -0.16229168
  0.17423104] | Reward=-0.001 | Cum=-0.022 | Info={'shot_attempted': False, 'pass_attempted': False, 'goal_scored': False, 'goal_team': None, 'ball_out_by': None, 'has_ball': True, 'start_shot_bonus': False, 'start_pass_bonus': False, 'possession_lost': False}

[Step 25] Action=[ 0.0547578  -0.3541466   0.1000003   0.          0.16604385 -0.1622667
  0.17411496] | Reward=-0.001 | Cum=-0.024 | Info={'shot_attempted': False, 'pass_attempted': False, 'goal_scored': False, 'goal_team': None, 'ball_out_by': None, 'has_ball': True, 'start_shot_bonus': False, 'start_pass_bonus': False, 'possession_lost': False}

[Step 26] Action=[ 0.05470847 -0.35405108  0.10001411  0.          0.16597919 -0.16224171
  0.17399888] | Reward=-0.001 | Cum=-0.025 | Info={'shot_attempted': False, 'pass_attempted': False, 'goal_scored': False, 'goal_team': None, 'ball_out_by': None, 'has_ball': True, 'start_shot_bonus': False, 'start_pass_bonus': False, 'possession_lost': False}

[Step 27] Action=[ 0.05465908 -0.3539555   0.10002798  0.          0.1659146  -0.16221674
  0.17388278] | Reward=-0.001 | Cum=-0.026 | Info={'shot_attempted': False, 'pass_attempted': False, 'goal_scored': False, 'goal_team': None, 'ball_out_by': None, 'has_ball': True, 'start_shot_bonus': False, 'start_pass_bonus': False, 'possession_lost': False}

[Step 28] Action=[ 0.05460901 -0.3538577   0.10004321  0.          0.16584961 -0.16219334
  0.17376694] | Reward=-0.001 | Cum=-0.028 | Info={'shot_attempted': False, 'pass_attempted': False, 'goal_scored': False, 'goal_team': None, 'ball_out_by': None, 'has_ball': True, 'start_shot_bonus': False, 'start_pass_bonus': False, 'possession_lost': False}

[Step 29] Action=[ 0.05455888 -0.3537594   0.10005876  0.          0.16578458 -0.16217029
  0.17365119] | Reward=-0.001 | Cum=-0.028 | Info={'shot_attempted': False, 'pass_attempted': False, 'goal_scored': False, 'goal_team': None, 'ball_out_by': None, 'has_ball': True, 'start_shot_bonus': False, 'start_pass_bonus': False, 'possession_lost': False}

[Step 30] Action=[ 0.05450876 -0.3536611   0.10007429  0.          0.16571951 -0.16214724
  0.17353539] | Reward=-0.001 | Cum=-0.029 | Info={'shot_attempted': False, 'pass_attempted': False, 'goal_scored': False, 'goal_team': None, 'ball_out_by': None, 'has_ball': True, 'start_shot_bonus': False, 'start_pass_bonus': False, 'possession_lost': False}

[Step 31] Action=[ 0.05445859 -0.35356274  0.10008986  0.          0.16565444 -0.16212419
  0.1734196 ] | Reward=-0.001 | Cum=-0.030 | Info={'shot_attempted': False, 'pass_attempted': False, 'goal_scored': False, 'goal_team': None, 'ball_out_by': None, 'has_ball': True, 'start_shot_bonus': False, 'start_pass_bonus': False, 'possession_lost': False}

[Step 32] Action=[ 0.05440843 -0.3534655   0.10010564  0.          0.16558935 -0.16210134
  0.17330377] | Reward=-0.001 | Cum=-0.030 | Info={'shot_attempted': False, 'pass_attempted': False, 'goal_scored': False, 'goal_team': None, 'ball_out_by': None, 'has_ball': True, 'start_shot_bonus': False, 'start_pass_bonus': False, 'possession_lost': False}

[Step 33] Action=[ 0.05435817 -0.3533737   0.10012283  0.          0.16552392 -0.16207947
  0.17318834] | Reward=-0.001 | Cum=-0.031 | Info={'shot_attempted': False, 'pass_attempted': False, 'goal_scored': False, 'goal_team': None, 'ball_out_by': None, 'has_ball': True, 'start_shot_bonus': False, 'start_pass_bonus': False, 'possession_lost': False}

[Step 34] Action=[ 0.05430795 -0.3532819   0.10014003  0.          0.1654585  -0.1620576
  0.1730729 ] | Reward=-0.001 | Cum=-0.032 | Info={'shot_attempted': False, 'pass_attempted': False, 'goal_scored': False, 'goal_team': None, 'ball_out_by': None, 'has_ball': True, 'start_shot_bonus': False, 'start_pass_bonus': False, 'possession_lost': False}

[Step 35] Action=[ 0.0542582  -0.35318986  0.10015608  0.          0.16539268 -0.16203555
  0.17295787] | Reward=-0.001 | Cum=-0.033 | Info={'shot_attempted': False, 'pass_attempted': False, 'goal_scored': False, 'goal_team': None, 'ball_out_by': None, 'has_ball': True, 'start_shot_bonus': False, 'start_pass_bonus': False, 'possession_lost': False}

[Step 36] Action=[ 0.05420981 -0.3530973   0.10016924  0.          0.16532576 -0.16201308
  0.17284428] | Reward=-0.001 | Cum=-0.034 | Info={'shot_attempted': False, 'pass_attempted': False, 'goal_scored': False, 'goal_team': None, 'ball_out_by': None, 'has_ball': True, 'start_shot_bonus': False, 'start_pass_bonus': False, 'possession_lost': False}

[Step 37] Action=[ 0.05416144 -0.35300472  0.10018237  0.          0.16525885 -0.16199058
  0.17273068] | Reward=-0.001 | Cum=-0.035 | Info={'shot_attempted': False, 'pass_attempted': False, 'goal_scored': False, 'goal_team': None, 'ball_out_by': None, 'has_ball': True, 'start_shot_bonus': False, 'start_pass_bonus': False, 'possession_lost': False}

[Step 38] Action=[ 0.05411309 -0.3529121   0.10019549  0.          0.16519192 -0.16196808
  0.17261705] | Reward=-0.001 | Cum=-0.036 | Info={'shot_attempted': False, 'pass_attempted': False, 'goal_scored': False, 'goal_team': None, 'ball_out_by': None, 'has_ball': True, 'start_shot_bonus': False, 'start_pass_bonus': False, 'possession_lost': False}

[Step 39] Action=[ 0.05406472 -0.35281953  0.10020865  0.          0.16512497 -0.1619456
  0.17250341] | Reward=-0.001 | Cum=-0.037 | Info={'shot_attempted': False, 'pass_attempted': False, 'goal_scored': False, 'goal_team': None, 'ball_out_by': None, 'has_ball': True, 'start_shot_bonus': False, 'start_pass_bonus': False, 'possession_lost': False}

[Step 40] Action=[ 0.05401217 -0.35272938  0.10022347  0.          0.16505727 -0.16191798
  0.17238618] | Reward=-0.001 | Cum=-0.038 | Info={'shot_attempted': False, 'pass_attempted': False, 'goal_scored': False, 'goal_team': None, 'ball_out_by': None, 'has_ball': True, 'start_shot_bonus': False, 'start_pass_bonus': False, 'possession_lost': False}

[Step 41] Action=[ 0.05395929 -0.3526394   0.1002385   0.          0.16498947 -0.16188993
  0.17226864] | Reward=-0.001 | Cum=-0.039 | Info={'shot_attempted': False, 'pass_attempted': False, 'goal_scored': False, 'goal_team': None, 'ball_out_by': None, 'has_ball': True, 'start_shot_bonus': False, 'start_pass_bonus': False, 'possession_lost': False}

[Step 42] Action=[ 0.05390638 -0.35254943  0.10025353  0.          0.16492172 -0.16186185
  0.17215106] | Reward=-0.001 | Cum=-0.041 | Info={'shot_attempted': False, 'pass_attempted': False, 'goal_scored': False, 'goal_team': None, 'ball_out_by': None, 'has_ball': True, 'start_shot_bonus': False, 'start_pass_bonus': False, 'possession_lost': False}

[Step 43] Action=[ 0.05385348 -0.35245946  0.10026854  0.          0.16485393 -0.16183378
  0.17203347] | Reward=-0.001 | Cum=-0.042 | Info={'shot_attempted': False, 'pass_attempted': False, 'goal_scored': False, 'goal_team': None, 'ball_out_by': None, 'has_ball': True, 'start_shot_bonus': False, 'start_pass_bonus': False, 'possession_lost': False}

[Step 44] Action=[ 0.05380061 -0.3523695   0.10028352  0.          0.16478613 -0.16180575
  0.17191587] | Reward=-0.001 | Cum=-0.043 | Info={'shot_attempted': False, 'pass_attempted': False, 'goal_scored': False, 'goal_team': None, 'ball_out_by': None, 'has_ball': True, 'start_shot_bonus': False, 'start_pass_bonus': False, 'possession_lost': False}

[Step 45] Action=[ 0.05374774 -0.35227945  0.1002985   0.          0.16471834 -0.16177768
  0.17179827] | Reward=-0.001 | Cum=-0.045 | Info={'shot_attempted': False, 'pass_attempted': False, 'goal_scored': False, 'goal_team': None, 'ball_out_by': None, 'has_ball': True, 'start_shot_bonus': False, 'start_pass_bonus': False, 'possession_lost': False}

[Step 46] Action=[ 0.05369486 -0.3521894   0.10031353  0.          0.16465053 -0.16174959
  0.17168064] | Reward=-0.001 | Cum=-0.046 | Info={'shot_attempted': False, 'pass_attempted': False, 'goal_scored': False, 'goal_team': None, 'ball_out_by': None, 'has_ball': True, 'start_shot_bonus': False, 'start_pass_bonus': False, 'possession_lost': False}

[Step 47] Action=[ 0.05364014 -0.35210794  0.10033001  0.          0.16458201 -0.16172148
  0.17155871] | Reward=-0.001 | Cum=-0.048 | Info={'shot_attempted': False, 'pass_attempted': False, 'goal_scored': False, 'goal_team': None, 'ball_out_by': None, 'has_ball': True, 'start_shot_bonus': False, 'start_pass_bonus': False, 'possession_lost': False}

[Step 48] Action=[ 0.05358507 -0.35203084  0.10034747  0.          0.16451326 -0.16169286
  0.17143427] | Reward=-0.002 | Cum=-0.049 | Info={'shot_attempted': False, 'pass_attempted': False, 'goal_scored': False, 'goal_team': None, 'ball_out_by': None, 'has_ball': True, 'start_shot_bonus': False, 'start_pass_bonus': False, 'possession_lost': False}

[Step 49] Action=[ 0.05353    -0.35195372  0.10036492  0.          0.16444454 -0.16166425
  0.17130978] | Reward=-0.002 | Cum=-0.051 | Info={'shot_attempted': False, 'pass_attempted': False, 'goal_scored': False, 'goal_team': None, 'ball_out_by': None, 'has_ball': True, 'start_shot_bonus': False, 'start_pass_bonus': False, 'possession_lost': False}

[Step 50] Action=[ 0.05347493 -0.35187656  0.10038239  0.          0.1643758  -0.16163564
  0.17118534] | Reward=-0.002 | Cum=-0.053 | Info={'shot_attempted': False, 'pass_attempted': False, 'goal_scored': False, 'goal_team': None, 'ball_out_by': None, 'has_ball': True, 'start_shot_bonus': False, 'start_pass_bonus': False, 'possession_lost': False}

[Step 51] Action=[ 0.05341985 -0.35179943  0.10039986  0.          0.16430707 -0.16160703
  0.17106086] | Reward=-0.002 | Cum=-0.054 | Info={'shot_attempted': False, 'pass_attempted': False, 'goal_scored': False, 'goal_team': None, 'ball_out_by': None, 'has_ball': True, 'start_shot_bonus': False, 'start_pass_bonus': False, 'possession_lost': False}

[Step 52] Action=[ 0.05336482 -0.3517222   0.10041729  0.          0.16423829 -0.1615784
  0.17093636] | Reward=-0.002 | Cum=-0.056 | Info={'shot_attempted': False, 'pass_attempted': False, 'goal_scored': False, 'goal_team': None, 'ball_out_by': None, 'has_ball': True, 'start_shot_bonus': False, 'start_pass_bonus': False, 'possession_lost': False}

[Step 53] Action=[ 0.05330973 -0.35164502  0.10043475  0.          0.16416954 -0.16154979
  0.17081185] | Reward=-0.002 | Cum=-0.058 | Info={'shot_attempted': False, 'pass_attempted': False, 'goal_scored': False, 'goal_team': None, 'ball_out_by': None, 'has_ball': True, 'start_shot_bonus': False, 'start_pass_bonus': False, 'possession_lost': False}

[Step 54] Action=[ 0.05325467 -0.35156775  0.10045222  0.          0.16410078 -0.16152114
  0.17068729] | Reward=-0.002 | Cum=-0.060 | Info={'shot_attempted': False, 'pass_attempted': False, 'goal_scored': False, 'goal_team': None, 'ball_out_by': None, 'has_ball': True, 'start_shot_bonus': False, 'start_pass_bonus': False, 'possession_lost': False}

[Step 55] Action=[ 0.05319965 -0.3514905   0.10046963  0.          0.164032   -0.16149251
  0.17056277] | Reward=-0.002 | Cum=-0.062 | Info={'shot_attempted': False, 'pass_attempted': False, 'goal_scored': False, 'goal_team': None, 'ball_out_by': None, 'has_ball': True, 'start_shot_bonus': False, 'start_pass_bonus': False, 'possession_lost': False}

[Step 56] Action=[ 0.05314459 -0.35141325  0.10048711  0.          0.16396323 -0.1614639
  0.17043822] | Reward=-0.002 | Cum=-0.064 | Info={'shot_attempted': False, 'pass_attempted': False, 'goal_scored': False, 'goal_team': None, 'ball_out_by': None, 'has_ball': True, 'start_shot_bonus': False, 'start_pass_bonus': False, 'possession_lost': False}

[Step 57] Action=[ 0.05308955 -0.35133594  0.10050453  0.          0.16389444 -0.16143526
  0.17031364] | Reward=-0.002 | Cum=-0.067 | Info={'shot_attempted': False, 'pass_attempted': False, 'goal_scored': False, 'goal_team': None, 'ball_out_by': None, 'has_ball': True, 'start_shot_bonus': False, 'start_pass_bonus': False, 'possession_lost': False}

[Step 58] Action=[ 0.05303449 -0.35125864  0.10052198  0.          0.16382563 -0.16140664
  0.17018908] | Reward=-0.002 | Cum=-0.068 | Info={'shot_attempted': False, 'pass_attempted': False, 'goal_scored': False, 'goal_team': None, 'ball_out_by': None, 'has_ball': True, 'start_shot_bonus': False, 'start_pass_bonus': False, 'possession_lost': False}

[Step 59] Action=[ 0.05297942 -0.35118133  0.1005394   0.          0.16375679 -0.16137795
  0.17006446] | Reward=-0.002 | Cum=-0.070 | Info={'shot_attempted': False, 'pass_attempted': False, 'goal_scored': False, 'goal_team': None, 'ball_out_by': None, 'has_ball': True, 'start_shot_bonus': False, 'start_pass_bonus': False, 'possession_lost': False}

[Step 60] Action=[ 0.05292439 -0.351104    0.10055684  0.          0.163688   -0.16134934
  0.16993985] | Reward=-0.002 | Cum=-0.071 | Info={'shot_attempted': False, 'pass_attempted': False, 'goal_scored': False, 'goal_team': None, 'ball_out_by': None, 'has_ball': True, 'start_shot_bonus': False, 'start_pass_bonus': False, 'possession_lost': False}

[Step 61] Action=[ 0.05286937 -0.3510266   0.10057428  0.          0.16361919 -0.16132069
  0.16981523] | Reward=-0.002 | Cum=-0.073 | Info={'shot_attempted': False, 'pass_attempted': False, 'goal_scored': False, 'goal_team': None, 'ball_out_by': None, 'has_ball': True, 'start_shot_bonus': False, 'start_pass_bonus': False, 'possession_lost': False}

[Step 62] Action=[ 0.0528143  -0.3509492   0.10059172  0.          0.16355036 -0.16129203
  0.1696906 ] | Reward=-0.002 | Cum=-0.075 | Info={'shot_attempted': False, 'pass_attempted': False, 'goal_scored': False, 'goal_team': None, 'ball_out_by': None, 'has_ball': True, 'start_shot_bonus': False, 'start_pass_bonus': False, 'possession_lost': False}

[Step 63] Action=[ 0.0527593  -0.3508718   0.1006091   0.          0.16348153 -0.1612634
  0.16956596] | Reward=-0.002 | Cum=-0.077 | Info={'shot_attempted': False, 'pass_attempted': False, 'goal_scored': False, 'goal_team': None, 'ball_out_by': None, 'has_ball': True, 'start_shot_bonus': False, 'start_pass_bonus': False, 'possession_lost': False}

[Step 64] Action=[ 0.05270426 -0.35079437  0.10062653  0.          0.16341266 -0.16123474
  0.16944125] | Reward=-0.002 | Cum=-0.079 | Info={'shot_attempted': False, 'pass_attempted': False, 'goal_scored': False, 'goal_team': None, 'ball_out_by': None, 'has_ball': True, 'start_shot_bonus': False, 'start_pass_bonus': False, 'possession_lost': False}

[Step 65] Action=[ 0.05264924 -0.35071692  0.10064398  0.          0.1633438  -0.16120607
  0.16931657] | Reward=-0.002 | Cum=-0.081 | Info={'shot_attempted': False, 'pass_attempted': False, 'goal_scored': False, 'goal_team': None, 'ball_out_by': None, 'has_ball': True, 'start_shot_bonus': False, 'start_pass_bonus': False, 'possession_lost': False}

[Step 66] Action=[ 0.05259422 -0.35063946  0.10066137  0.          0.16327497 -0.16117743
  0.16919187] | Reward=-0.002 | Cum=-0.084 | Info={'shot_attempted': False, 'pass_attempted': False, 'goal_scored': False, 'goal_team': None, 'ball_out_by': None, 'has_ball': True, 'start_shot_bonus': False, 'start_pass_bonus': False, 'possession_lost': False}

[Step 67] Action=[ 0.05253921 -0.35056198  0.10067881  0.          0.16320613 -0.16114876
  0.16906722] | Reward=-0.002 | Cum=-0.086 | Info={'shot_attempted': False, 'pass_attempted': False, 'goal_scored': False, 'goal_team': None, 'ball_out_by': None, 'has_ball': True, 'start_shot_bonus': False, 'start_pass_bonus': False, 'possession_lost': False}

[Step 68] Action=[ 0.05248415 -0.3504845   0.10069621  0.          0.16313724 -0.16112007
  0.16894244] | Reward=-0.002 | Cum=-0.088 | Info={'shot_attempted': False, 'pass_attempted': False, 'goal_scored': False, 'goal_team': None, 'ball_out_by': None, 'has_ball': True, 'start_shot_bonus': False, 'start_pass_bonus': False, 'possession_lost': False}

[Step 69] Action=[ 0.05242913 -0.350407    0.10071363  0.          0.16306834 -0.16109142
  0.16881768] | Reward=-0.002 | Cum=-0.091 | Info={'shot_attempted': False, 'pass_attempted': False, 'goal_scored': False, 'goal_team': None, 'ball_out_by': None, 'has_ball': True, 'start_shot_bonus': False, 'start_pass_bonus': False, 'possession_lost': False}

[Step 70] Action=[ 0.05237413 -0.35032943  0.10073107  0.          0.16299948 -0.16106275
  0.16869298] | Reward=-0.003 | Cum=-0.093 | Info={'shot_attempted': False, 'pass_attempted': False, 'goal_scored': False, 'goal_team': None, 'ball_out_by': None, 'has_ball': True, 'start_shot_bonus': False, 'start_pass_bonus': False, 'possession_lost': False}

[Step 71] Action=[ 0.05231911 -0.35025188  0.10074845  0.          0.1629306  -0.16103408
  0.16856815] | Reward=-0.003 | Cum=-0.096 | Info={'shot_attempted': False, 'pass_attempted': False, 'goal_scored': False, 'goal_team': None, 'ball_out_by': None, 'has_ball': True, 'start_shot_bonus': False, 'start_pass_bonus': False, 'possession_lost': False}

[Step 72] Action=[ 0.05226335 -0.35017198  0.10076515  0.          0.1628641  -0.16100872
  0.16844237] | Reward=-0.003 | Cum=-0.099 | Info={'shot_attempted': False, 'pass_attempted': False, 'goal_scored': False, 'goal_team': None, 'ball_out_by': None, 'has_ball': True, 'start_shot_bonus': False, 'start_pass_bonus': False, 'possession_lost': False}

[Step 73] Action=[ 0.0522074  -0.35009155  0.10078162  0.          0.1627983  -0.1609843
  0.16831626] | Reward=-0.003 | Cum=-0.101 | Info={'shot_attempted': False, 'pass_attempted': False, 'goal_scored': False, 'goal_team': None, 'ball_out_by': None, 'has_ball': True, 'start_shot_bonus': False, 'start_pass_bonus': False, 'possession_lost': False}

[Step 74] Action=[ 0.0521514  -0.35001105  0.10079807  0.          0.16273251 -0.16095985
  0.16819017] | Reward=-0.003 | Cum=-0.104 | Info={'shot_attempted': False, 'pass_attempted': False, 'goal_scored': False, 'goal_team': None, 'ball_out_by': None, 'has_ball': True, 'start_shot_bonus': False, 'start_pass_bonus': False, 'possession_lost': False}

[Step 75] Action=[ 0.05209545 -0.34993055  0.10081451  0.          0.16266668 -0.16093539
  0.16806404] | Reward=-0.003 | Cum=-0.107 | Info={'shot_attempted': False, 'pass_attempted': False, 'goal_scored': False, 'goal_team': None, 'ball_out_by': None, 'has_ball': True, 'start_shot_bonus': False, 'start_pass_bonus': False, 'possession_lost': False}

[Step 76] Action=[ 0.05203951 -0.34984994  0.10083096  0.          0.16260087 -0.16091093
  0.16793789] | Reward=-0.003 | Cum=-0.110 | Info={'shot_attempted': False, 'pass_attempted': False, 'goal_scored': False, 'goal_team': None, 'ball_out_by': None, 'has_ball': True, 'start_shot_bonus': False, 'start_pass_bonus': False, 'possession_lost': False}

[Step 77] Action=[ 0.05198056 -0.34977376  0.10084471  0.          0.16253665 -0.16088465
  0.16781124] | Reward=-0.003 | Cum=-0.113 | Info={'shot_attempted': False, 'pass_attempted': False, 'goal_scored': False, 'goal_team': None, 'ball_out_by': None, 'has_ball': True, 'start_shot_bonus': False, 'start_pass_bonus': False, 'possession_lost': False}

[Step 78] Action=[ 0.05192031 -0.3496996   0.10085722  0.          0.16247317 -0.16085753
  0.16768435] | Reward=-0.003 | Cum=-0.117 | Info={'shot_attempted': False, 'pass_attempted': False, 'goal_scored': False, 'goal_team': None, 'ball_out_by': None, 'has_ball': True, 'start_shot_bonus': False, 'start_pass_bonus': False, 'possession_lost': False}

[Step 79] Action=[ 0.05186005 -0.34962535  0.10086969  0.          0.16240968 -0.16083036
  0.16755737] | Reward=-0.003 | Cum=-0.120 | Info={'shot_attempted': False, 'pass_attempted': False, 'goal_scored': False, 'goal_team': None, 'ball_out_by': None, 'has_ball': True, 'start_shot_bonus': False, 'start_pass_bonus': False, 'possession_lost': False}

[Step 80] Action=[ 0.05180439 -0.34955442  0.10088658  0.          0.16234618 -0.16080329
  0.16743235] | Reward=-0.003 | Cum=-0.124 | Info={'shot_attempted': False, 'pass_attempted': False, 'goal_scored': False, 'goal_team': None, 'ball_out_by': None, 'has_ball': True, 'start_shot_bonus': False, 'start_pass_bonus': False, 'possession_lost': False}

[Step 81] Action=[ 0.05175001 -0.34948424  0.10090461  0.          0.16228269 -0.16077615
  0.16730788] | Reward=-0.003 | Cum=-0.127 | Info={'shot_attempted': False, 'pass_attempted': False, 'goal_scored': False, 'goal_team': None, 'ball_out_by': None, 'has_ball': True, 'start_shot_bonus': False, 'start_pass_bonus': False, 'possession_lost': False}

[Step 82] Action=[ 0.05169563 -0.34941417  0.10092261  0.          0.16221912 -0.16074906
  0.16718334] | Reward=-0.003 | Cum=-0.130 | Info={'shot_attempted': False, 'pass_attempted': False, 'goal_scored': False, 'goal_team': None, 'ball_out_by': None, 'has_ball': True, 'start_shot_bonus': False, 'start_pass_bonus': False, 'possession_lost': False}

[Step 83] Action=[ 0.05164128 -0.34934396  0.10094063  0.          0.16215561 -0.16072196
  0.16705886] | Reward=-0.004 | Cum=-0.134 | Info={'shot_attempted': False, 'pass_attempted': False, 'goal_scored': False, 'goal_team': None, 'ball_out_by': None, 'has_ball': True, 'start_shot_bonus': False, 'start_pass_bonus': False, 'possession_lost': False}

[Step 84] Action=[ 0.05158689 -0.34927374  0.10095866  0.          0.16209207 -0.16069484
  0.16693425] | Reward=-0.004 | Cum=-0.138 | Info={'shot_attempted': False, 'pass_attempted': False, 'goal_scored': False, 'goal_team': None, 'ball_out_by': None, 'has_ball': True, 'start_shot_bonus': False, 'start_pass_bonus': False, 'possession_lost': False}

[Step 85] Action=[ 0.05153247 -0.34920353  0.10097667  0.          0.16202854 -0.16066772
  0.16680972] | Reward=-0.004 | Cum=-0.142 | Info={'shot_attempted': False, 'pass_attempted': False, 'goal_scored': False, 'goal_team': None, 'ball_out_by': None, 'has_ball': True, 'start_shot_bonus': False, 'start_pass_bonus': False, 'possession_lost': False}

[Step 86] Action=[ 0.05147812 -0.34913334  0.10099468  0.          0.16196497 -0.1606406
  0.16668513] | Reward=-0.004 | Cum=-0.146 | Info={'shot_attempted': False, 'pass_attempted': False, 'goal_scored': False, 'goal_team': None, 'ball_out_by': None, 'has_ball': True, 'start_shot_bonus': False, 'start_pass_bonus': False, 'possession_lost': False}

[Step 87] Action=[ 0.05142376 -0.34906307  0.1010127   0.          0.16190143 -0.16061349
  0.16656055] | Reward=-0.004 | Cum=-0.150 | Info={'shot_attempted': False, 'pass_attempted': False, 'goal_scored': False, 'goal_team': None, 'ball_out_by': None, 'has_ball': True, 'start_shot_bonus': False, 'start_pass_bonus': False, 'possession_lost': False}

[Step 88] Action=[ 0.05136937 -0.3489928   0.10103071  0.          0.16183789 -0.16058639
  0.16643593] | Reward=-0.004 | Cum=-0.153 | Info={'shot_attempted': False, 'pass_attempted': False, 'goal_scored': False, 'goal_team': None, 'ball_out_by': None, 'has_ball': True, 'start_shot_bonus': False, 'start_pass_bonus': False, 'possession_lost': False}

[Step 89] Action=[ 0.05131502 -0.3489225   0.10104872  0.          0.1617743  -0.16055925
  0.16631135] | Reward=-0.004 | Cum=-0.157 | Info={'shot_attempted': False, 'pass_attempted': False, 'goal_scored': False, 'goal_team': None, 'ball_out_by': None, 'has_ball': True, 'start_shot_bonus': False, 'start_pass_bonus': False, 'possession_lost': False}

[Step 90] Action=[ 0.05126065 -0.34885216  0.10106671  0.          0.16171075 -0.16053212
  0.1661867 ] | Reward=-0.004 | Cum=-0.161 | Info={'shot_attempted': False, 'pass_attempted': False, 'goal_scored': False, 'goal_team': None, 'ball_out_by': None, 'has_ball': True, 'start_shot_bonus': False, 'start_pass_bonus': False, 'possession_lost': False}

[Step 91] Action=[ 0.0512063  -0.34878188  0.10108474  0.          0.16164713 -0.16050497
  0.16606207] | Reward=-0.004 | Cum=-0.165 | Info={'shot_attempted': False, 'pass_attempted': False, 'goal_scored': False, 'goal_team': None, 'ball_out_by': None, 'has_ball': True, 'start_shot_bonus': False, 'start_pass_bonus': False, 'possession_lost': False}

[Step 92] Action=[ 0.05115194 -0.3487115   0.10110273  0.          0.16158353 -0.16047783
  0.1659374 ] | Reward=-0.004 | Cum=-0.169 | Info={'shot_attempted': False, 'pass_attempted': False, 'goal_scored': False, 'goal_team': None, 'ball_out_by': None, 'has_ball': True, 'start_shot_bonus': False, 'start_pass_bonus': False, 'possession_lost': False}

[Step 93] Action=[ 0.05109758 -0.34864113  0.10112073  0.          0.16151996 -0.16045068
  0.16581269] | Reward=-0.004 | Cum=-0.173 | Info={'shot_attempted': False, 'pass_attempted': False, 'goal_scored': False, 'goal_team': None, 'ball_out_by': None, 'has_ball': True, 'start_shot_bonus': False, 'start_pass_bonus': False, 'possession_lost': False}

[Step 94] Action=[ 0.05104321 -0.3485708   0.10113874  0.          0.16145636 -0.16042355
  0.16568802] | Reward=-0.004 | Cum=-0.177 | Info={'shot_attempted': False, 'pass_attempted': False, 'goal_scored': False, 'goal_team': None, 'ball_out_by': None, 'has_ball': True, 'start_shot_bonus': False, 'start_pass_bonus': False, 'possession_lost': False}

[Step 95] Action=[ 0.05098888 -0.34850037  0.10115673  0.          0.16139272 -0.16039643
  0.16556333] | Reward=-0.005 | Cum=-0.182 | Info={'shot_attempted': False, 'pass_attempted': False, 'goal_scored': False, 'goal_team': None, 'ball_out_by': None, 'has_ball': True, 'start_shot_bonus': False, 'start_pass_bonus': False, 'possession_lost': False}

[Step 96] Action=[ 0.05093453 -0.34842995  0.10117469  0.          0.16132912 -0.16036925
  0.16543864] | Reward=-0.005 | Cum=-0.186 | Info={'shot_attempted': False, 'pass_attempted': False, 'goal_scored': False, 'goal_team': None, 'ball_out_by': None, 'has_ball': True, 'start_shot_bonus': False, 'start_pass_bonus': False, 'possession_lost': False}

[Step 97] Action=[ 0.05088019 -0.3483595   0.10119271  0.          0.16126549 -0.16034213
  0.16531393] | Reward=-0.005 | Cum=-0.191 | Info={'shot_attempted': False, 'pass_attempted': False, 'goal_scored': False, 'goal_team': None, 'ball_out_by': None, 'has_ball': True, 'start_shot_bonus': False, 'start_pass_bonus': False, 'possession_lost': False}

[Step 98] Action=[ 0.05082584 -0.34828907  0.10121071  0.          0.16120185 -0.16031495
  0.16518916] | Reward=-0.005 | Cum=-0.195 | Info={'shot_attempted': False, 'pass_attempted': False, 'goal_scored': False, 'goal_team': None, 'ball_out_by': None, 'has_ball': True, 'start_shot_bonus': False, 'start_pass_bonus': False, 'possession_lost': False}

[Step 99] Action=[ 0.05077152 -0.34821865  0.10122868  0.          0.16113819 -0.1602878
  0.1650644 ] | Reward=-0.005 | Cum=-0.200 | Info={'shot_attempted': False, 'pass_attempted': False, 'goal_scored': False, 'goal_team': None, 'ball_out_by': None, 'has_ball': True, 'start_shot_bonus': False, 'start_pass_bonus': False, 'possession_lost': False}

[Step 100] Action=[ 0.05071718 -0.3481481   0.10124667  0.          0.16107453 -0.16026063
  0.16493958] | Reward=-0.005 | Cum=-0.205 | Info={'shot_attempted': False, 'pass_attempted': False, 'goal_scored': False, 'goal_team': None, 'ball_out_by': None, 'has_ball': True, 'start_shot_bonus': False, 'start_pass_bonus': False, 'possession_lost': False}

[Step 101] Action=[ 0.05066288 -0.3480776   0.10126465  0.          0.16101089 -0.16023347
  0.16481486] | Reward=-0.005 | Cum=-0.210 | Info={'shot_attempted': False, 'pass_attempted': False, 'goal_scored': False, 'goal_team': None, 'ball_out_by': None, 'has_ball': True, 'start_shot_bonus': False, 'start_pass_bonus': False, 'possession_lost': False}

[Step 102] Action=[ 0.05060854 -0.34800705  0.10128263  0.          0.16094722 -0.16020629
  0.16469005] | Reward=-0.005 | Cum=-0.215 | Info={'shot_attempted': False, 'pass_attempted': False, 'goal_scored': False, 'goal_team': None, 'ball_out_by': None, 'has_ball': True, 'start_shot_bonus': False, 'start_pass_bonus': False, 'possession_lost': False}

[Step 103] Action=[ 0.0505542  -0.3479365   0.10130063  0.          0.16088355 -0.16017914
  0.16456522] | Reward=-0.005 | Cum=-0.219 | Info={'shot_attempted': False, 'pass_attempted': False, 'goal_scored': False, 'goal_team': None, 'ball_out_by': None, 'has_ball': True, 'start_shot_bonus': False, 'start_pass_bonus': False, 'possession_lost': False}

[Step 104] Action=[ 0.0504999  -0.34786594  0.1013186   0.          0.16081986 -0.16015194
  0.1644404 ] | Reward=-0.005 | Cum=-0.225 | Info={'shot_attempted': False, 'pass_attempted': False, 'goal_scored': False, 'goal_team': None, 'ball_out_by': None, 'has_ball': True, 'start_shot_bonus': False, 'start_pass_bonus': False, 'possession_lost': False}

[Step 105] Action=[ 0.05044558 -0.34779534  0.10133658  0.          0.16075614 -0.16012476
  0.1643155 ] | Reward=-0.005 | Cum=-0.230 | Info={'shot_attempted': False, 'pass_attempted': False, 'goal_scored': False, 'goal_team': None, 'ball_out_by': None, 'has_ball': True, 'start_shot_bonus': False, 'start_pass_bonus': False, 'possession_lost': False}

[Step 106] Action=[ 0.05039123 -0.34772477  0.10135454  0.          0.16069248 -0.16009758
  0.16419066] | Reward=-0.005 | Cum=-0.236 | Info={'shot_attempted': False, 'pass_attempted': False, 'goal_scored': False, 'goal_team': None, 'ball_out_by': None, 'has_ball': True, 'start_shot_bonus': False, 'start_pass_bonus': False, 'possession_lost': False}

[Step 107] Action=[ 0.05033696 -0.34765416  0.1013725   0.          0.16062875 -0.16007039
  0.16406582] | Reward=-0.005 | Cum=-0.241 | Info={'shot_attempted': False, 'pass_attempted': False, 'goal_scored': False, 'goal_team': None, 'ball_out_by': None, 'has_ball': True, 'start_shot_bonus': False, 'start_pass_bonus': False, 'possession_lost': False}

[Step 108] Action=[ 0.05028251 -0.3475824   0.10139243  0.          0.16056405 -0.1600421
  0.16394068] | Reward=-0.006 | Cum=-0.247 | Info={'shot_attempted': False, 'pass_attempted': False, 'goal_scored': False, 'goal_team': None, 'ball_out_by': None, 'has_ball': True, 'start_shot_bonus': False, 'start_pass_bonus': False, 'possession_lost': False}

[Step 109] Action=[ 0.05022779 -0.34750757  0.10141794  0.          0.16049649 -0.1600106
  0.16381475] | Reward=-0.006 | Cum=-0.253 | Info={'shot_attempted': False, 'pass_attempted': False, 'goal_scored': False, 'goal_team': None, 'ball_out_by': None, 'has_ball': True, 'start_shot_bonus': False, 'start_pass_bonus': False, 'possession_lost': False}

[Step 110] Action=[ 0.05017306 -0.34743276  0.1014435   0.          0.16042888 -0.1599791
  0.16368891] | Reward=-0.006 | Cum=-0.259 | Info={'shot_attempted': False, 'pass_attempted': False, 'goal_scored': False, 'goal_team': None, 'ball_out_by': None, 'has_ball': True, 'start_shot_bonus': False, 'start_pass_bonus': False, 'possession_lost': False}

[Step 111] Action=[ 0.05011832 -0.34735793  0.101469    0.          0.16036135 -0.1599476
  0.16356301] | Reward=-0.006 | Cum=-0.265 | Info={'shot_attempted': False, 'pass_attempted': False, 'goal_scored': False, 'goal_team': None, 'ball_out_by': None, 'has_ball': True, 'start_shot_bonus': False, 'start_pass_bonus': False, 'possession_lost': False}

[Step 112] Action=[ 0.0500636  -0.347283    0.10149451  0.          0.16029374 -0.15991609
  0.16343713] | Reward=-0.006 | Cum=-0.271 | Info={'shot_attempted': False, 'pass_attempted': False, 'goal_scored': False, 'goal_team': None, 'ball_out_by': None, 'has_ball': True, 'start_shot_bonus': False, 'start_pass_bonus': False, 'possession_lost': False}

[Step 113] Action=[ 0.05000886 -0.3472081   0.10152008  0.          0.1602261  -0.15988457
  0.16331117] | Reward=-0.006 | Cum=-0.277 | Info={'shot_attempted': False, 'pass_attempted': False, 'goal_scored': False, 'goal_team': None, 'ball_out_by': None, 'has_ball': True, 'start_shot_bonus': False, 'start_pass_bonus': False, 'possession_lost': False}

[Step 114] Action=[ 0.04995412 -0.34713322  0.10154557  0.          0.1601585  -0.15985306
  0.16318522] | Reward=-0.006 | Cum=-0.283 | Info={'shot_attempted': False, 'pass_attempted': False, 'goal_scored': False, 'goal_team': None, 'ball_out_by': None, 'has_ball': True, 'start_shot_bonus': False, 'start_pass_bonus': False, 'possession_lost': False}

[Step 115] Action=[ 0.04989943 -0.34705833  0.10157108  0.          0.16009086 -0.15982154
  0.1630593 ] | Reward=-0.006 | Cum=-0.290 | Info={'shot_attempted': False, 'pass_attempted': False, 'goal_scored': False, 'goal_team': None, 'ball_out_by': None, 'has_ball': True, 'start_shot_bonus': False, 'start_pass_bonus': False, 'possession_lost': False}

[Step 116] Action=[ 0.04984912 -0.34698388  0.10159659  0.          0.16002387 -0.15979163
  0.16293661] | Reward=-0.006 | Cum=-0.296 | Info={'shot_attempted': False, 'pass_attempted': False, 'goal_scored': False, 'goal_team': None, 'ball_out_by': None, 'has_ball': True, 'start_shot_bonus': False, 'start_pass_bonus': False, 'possession_lost': False}

[Step 117] Action=[ 0.04980152 -0.3469098   0.10162208  0.          0.15995713 -0.15976271
  0.16281584] | Reward=-0.007 | Cum=-0.303 | Info={'shot_attempted': False, 'pass_attempted': False, 'goal_scored': False, 'goal_team': None, 'ball_out_by': None, 'has_ball': True, 'start_shot_bonus': False, 'start_pass_bonus': False, 'possession_lost': False}

[Step 118] Action=[ 0.04975395 -0.3468357   0.10164757  0.          0.15989044 -0.15973382
  0.16269511] | Reward=-0.007 | Cum=-0.310 | Info={'shot_attempted': False, 'pass_attempted': False, 'goal_scored': False, 'goal_team': None, 'ball_out_by': None, 'has_ball': True, 'start_shot_bonus': False, 'start_pass_bonus': False, 'possession_lost': False}

[Step 119] Action=[ 0.04970637 -0.34676158  0.10167307  0.          0.15982375 -0.15970492
  0.16257435] | Reward=-0.006 | Cum=-0.316 | Info={'shot_attempted': False, 'pass_attempted': False, 'goal_scored': False, 'goal_team': None, 'ball_out_by': None, 'has_ball': True, 'start_shot_bonus': False, 'start_pass_bonus': False, 'possession_lost': False}

[Step 120] Action=[ 0.04966206 -0.3466901   0.10169946  0.          0.15975755 -0.15967749
  0.16245705] | Reward=-0.006 | Cum=-0.322 | Info={'shot_attempted': False, 'pass_attempted': False, 'goal_scored': False, 'goal_team': None, 'ball_out_by': None, 'has_ball': True, 'start_shot_bonus': False, 'start_pass_bonus': False, 'possession_lost': False}

[Step 121] Action=[ 0.04961967 -0.3466201   0.10172645  0.          0.15969177 -0.15965098
  0.16234164] | Reward=-0.007 | Cum=-0.329 | Info={'shot_attempted': False, 'pass_attempted': False, 'goal_scored': False, 'goal_team': None, 'ball_out_by': None, 'has_ball': True, 'start_shot_bonus': False, 'start_pass_bonus': False, 'possession_lost': False}

[Step 122] Action=[ 0.04957726 -0.34655014  0.10175339  0.          0.15962592 -0.15962444
  0.1622263 ] | Reward=-0.007 | Cum=-0.336 | Info={'shot_attempted': False, 'pass_attempted': False, 'goal_scored': False, 'goal_team': None, 'ball_out_by': None, 'has_ball': True, 'start_shot_bonus': False, 'start_pass_bonus': False, 'possession_lost': False}

[Step 123] Action=[ 0.04953487 -0.3464801   0.10178037  0.          0.15956011 -0.1595979
  0.16211092] | Reward=-0.007 | Cum=-0.343 | Info={'shot_attempted': False, 'pass_attempted': False, 'goal_scored': False, 'goal_team': None, 'ball_out_by': None, 'has_ball': True, 'start_shot_bonus': False, 'start_pass_bonus': False, 'possession_lost': False}

[Step 124] Action=[ 0.04949248 -0.3464101   0.10180733  0.          0.15949428 -0.15957138
  0.16199557] | Reward=-0.007 | Cum=-0.350 | Info={'shot_attempted': False, 'pass_attempted': False, 'goal_scored': False, 'goal_team': None, 'ball_out_by': None, 'has_ball': True, 'start_shot_bonus': False, 'start_pass_bonus': False, 'possession_lost': False}

[Step 125] Action=[ 0.04945007 -0.3463401   0.10183428  0.          0.15942842 -0.15954486
  0.16188015] | Reward=-0.007 | Cum=-0.357 | Info={'shot_attempted': False, 'pass_attempted': False, 'goal_scored': False, 'goal_team': None, 'ball_out_by': None, 'has_ball': True, 'start_shot_bonus': False, 'start_pass_bonus': False, 'possession_lost': False}

[Step 126] Action=[ 0.04940775 -0.34627002  0.10186123  0.          0.15936257 -0.1595183
  0.16176482] | Reward=-0.007 | Cum=-0.364 | Info={'shot_attempted': False, 'pass_attempted': False, 'goal_scored': False, 'goal_team': None, 'ball_out_by': None, 'has_ball': True, 'start_shot_bonus': False, 'start_pass_bonus': False, 'possession_lost': False}

[Step 127] Action=[ 0.04936536 -0.3462      0.10188816  0.          0.1592967  -0.15949179
  0.16164945] | Reward=-0.007 | Cum=-0.371 | Info={'shot_attempted': False, 'pass_attempted': False, 'goal_scored': False, 'goal_team': None, 'ball_out_by': None, 'has_ball': True, 'start_shot_bonus': False, 'start_pass_bonus': False, 'possession_lost': False}

[Step 128] Action=[ 0.04932296 -0.34612992  0.10191515  0.          0.15923086 -0.15946522
  0.161534  ] | Reward=-0.007 | Cum=-0.379 | Info={'shot_attempted': False, 'pass_attempted': False, 'goal_scored': False, 'goal_team': None, 'ball_out_by': None, 'has_ball': True, 'start_shot_bonus': False, 'start_pass_bonus': False, 'possession_lost': False}

[Step 129] Action=[ 0.04928059 -0.3460598   0.10194211  0.          0.15916497 -0.15943868
  0.16141856] | Reward=-0.007 | Cum=-0.386 | Info={'shot_attempted': False, 'pass_attempted': False, 'goal_scored': False, 'goal_team': None, 'ball_out_by': None, 'has_ball': True, 'start_shot_bonus': False, 'start_pass_bonus': False, 'possession_lost': False}

[Step 130] Action=[ 0.04923823 -0.34598967  0.10196905  0.          0.1590991  -0.15941215
  0.16130313] | Reward=-0.008 | Cum=-0.394 | Info={'shot_attempted': False, 'pass_attempted': False, 'goal_scored': False, 'goal_team': None, 'ball_out_by': None, 'has_ball': True, 'start_shot_bonus': False, 'start_pass_bonus': False, 'possession_lost': False}

[Step 131] Action=[ 0.04919522 -0.34591925  0.10199703  0.          0.15903321 -0.159386
  0.16118762] | Reward=-0.008 | Cum=-0.402 | Info={'shot_attempted': False, 'pass_attempted': False, 'goal_scored': False, 'goal_team': None, 'ball_out_by': None, 'has_ball': True, 'start_shot_bonus': False, 'start_pass_bonus': False, 'possession_lost': False}

[Step 132] Action=[ 0.04915135 -0.34584838  0.10202643  0.          0.15896724 -0.15936042
  0.16107197] | Reward=-0.008 | Cum=-0.409 | Info={'shot_attempted': False, 'pass_attempted': False, 'goal_scored': False, 'goal_team': None, 'ball_out_by': None, 'has_ball': True, 'start_shot_bonus': False, 'start_pass_bonus': False, 'possession_lost': False}

[Step 133] Action=[ 0.04910744 -0.34577745  0.10205586  0.          0.1589013  -0.15933487
  0.1609563 ] | Reward=-0.008 | Cum=-0.417 | Info={'shot_attempted': False, 'pass_attempted': False, 'goal_scored': False, 'goal_team': None, 'ball_out_by': None, 'has_ball': True, 'start_shot_bonus': False, 'start_pass_bonus': False, 'possession_lost': False}

[Step 134] Action=[ 0.04906357 -0.34570652  0.10208527  0.          0.15883534 -0.15930928
  0.16084072] | Reward=-0.008 | Cum=-0.425 | Info={'shot_attempted': False, 'pass_attempted': False, 'goal_scored': False, 'goal_team': None, 'ball_out_by': None, 'has_ball': True, 'start_shot_bonus': False, 'start_pass_bonus': False, 'possession_lost': False}

[Step 135] Action=[ 0.04901971 -0.34563556  0.10211468  0.          0.15876935 -0.15928373
  0.16072503] | Reward=-0.008 | Cum=-0.434 | Info={'shot_attempted': False, 'pass_attempted': False, 'goal_scored': False, 'goal_team': None, 'ball_out_by': None, 'has_ball': True, 'start_shot_bonus': False, 'start_pass_bonus': False, 'possession_lost': False}

[Step 136] Action=[ 0.04897581 -0.3455646   0.10214409  0.          0.15870339 -0.15925816
  0.16060936] | Reward=-0.008 | Cum=-0.442 | Info={'shot_attempted': False, 'pass_attempted': False, 'goal_scored': False, 'goal_team': None, 'ball_out_by': None, 'has_ball': True, 'start_shot_bonus': False, 'start_pass_bonus': False, 'possession_lost': False}

[Step 137] Action=[ 0.04893196 -0.34549358  0.10217351  0.          0.1586374  -0.15923257
  0.16049366] | Reward=-0.008 | Cum=-0.450 | Info={'shot_attempted': False, 'pass_attempted': False, 'goal_scored': False, 'goal_team': None, 'ball_out_by': None, 'has_ball': True, 'start_shot_bonus': False, 'start_pass_bonus': False, 'possession_lost': False}

[Step 138] Action=[ 0.04888777 -0.3454244   0.10220362  0.          0.1585711  -0.15920624
  0.16037816] | Reward=-0.008 | Cum=-0.459 | Info={'shot_attempted': False, 'pass_attempted': False, 'goal_scored': False, 'goal_team': None, 'ball_out_by': None, 'has_ball': True, 'start_shot_bonus': False, 'start_pass_bonus': False, 'possession_lost': False}

[Step 139] Action=[ 0.04884354 -0.3453555   0.10223381  0.          0.15850477 -0.15917976
  0.16026267] | Reward=-0.009 | Cum=-0.468 | Info={'shot_attempted': False, 'pass_attempted': False, 'goal_scored': False, 'goal_team': None, 'ball_out_by': None, 'has_ball': True, 'start_shot_bonus': False, 'start_pass_bonus': False, 'possession_lost': False}

[Step 140] Action=[ 0.0487993  -0.3452866   0.102264    0.          0.15843837 -0.1591533
  0.16014715] | Reward=-0.009 | Cum=-0.476 | Info={'shot_attempted': False, 'pass_attempted': False, 'goal_scored': False, 'goal_team': None, 'ball_out_by': None, 'has_ball': True, 'start_shot_bonus': False, 'start_pass_bonus': False, 'possession_lost': False}

[Step 141] Action=[ 0.04876162 -0.34521767  0.10229407  0.          0.15837519 -0.1591298
  0.16003497] | Reward=-0.009 | Cum=-0.485 | Info={'shot_attempted': False, 'pass_attempted': False, 'goal_scored': False, 'goal_team': None, 'ball_out_by': None, 'has_ball': True, 'start_shot_bonus': False, 'start_pass_bonus': False, 'possession_lost': False}

[Step 142] Action=[ 0.04872802 -0.34514874  0.10232411  0.          0.1583139  -0.1591082
  0.15992491] | Reward=-0.009 | Cum=-0.494 | Info={'shot_attempted': False, 'pass_attempted': False, 'goal_scored': False, 'goal_team': None, 'ball_out_by': None, 'has_ball': True, 'start_shot_bonus': False, 'start_pass_bonus': False, 'possession_lost': False}

[Step 143] Action=[ 0.04869443 -0.34507978  0.10235409  0.          0.15825267 -0.15908656
  0.1598149 ] | Reward=-0.009 | Cum=-0.503 | Info={'shot_attempted': False, 'pass_attempted': False, 'goal_scored': False, 'goal_team': None, 'ball_out_by': None, 'has_ball': True, 'start_shot_bonus': False, 'start_pass_bonus': False, 'possession_lost': False}

[Step 144] Action=[ 0.04866083 -0.3450108   0.10238409  0.          0.15819143 -0.15906493
  0.15970477] | Reward=-0.009 | Cum=-0.513 | Info={'shot_attempted': False, 'pass_attempted': False, 'goal_scored': False, 'goal_team': None, 'ball_out_by': None, 'has_ball': True, 'start_shot_bonus': False, 'start_pass_bonus': False, 'possession_lost': False}

[Step 145] Action=[ 0.04862724 -0.34494182  0.10241411  0.          0.15813018 -0.1590433
  0.1595947 ] | Reward=-0.009 | Cum=-0.522 | Info={'shot_attempted': False, 'pass_attempted': False, 'goal_scored': False, 'goal_team': None, 'ball_out_by': None, 'has_ball': True, 'start_shot_bonus': False, 'start_pass_bonus': False, 'possession_lost': False}

[Step 146] Action=[ 0.04859363 -0.34487286  0.10244408  0.          0.15806888 -0.15902166
  0.15948462] | Reward=-0.009 | Cum=-0.531 | Info={'shot_attempted': False, 'pass_attempted': False, 'goal_scored': False, 'goal_team': None, 'ball_out_by': None, 'has_ball': True, 'start_shot_bonus': False, 'start_pass_bonus': False, 'possession_lost': False}

[Step 147] Action=[ 0.04856006 -0.34480387  0.1024741   0.          0.15800764 -0.15900001
  0.15937455] | Reward=-0.010 | Cum=-0.541 | Info={'shot_attempted': False, 'pass_attempted': False, 'goal_scored': False, 'goal_team': None, 'ball_out_by': None, 'has_ball': True, 'start_shot_bonus': False, 'start_pass_bonus': False, 'possession_lost': False}

[Step 148] Action=[ 0.04852649 -0.34473485  0.10250409  0.          0.15794635 -0.15897842
  0.15926446] | Reward=-0.010 | Cum=-0.551 | Info={'shot_attempted': False, 'pass_attempted': False, 'goal_scored': False, 'goal_team': None, 'ball_out_by': None, 'has_ball': True, 'start_shot_bonus': False, 'start_pass_bonus': False, 'possession_lost': False}

[Step 149] Action=[ 0.04849289 -0.34466586  0.10253409  0.          0.15788507 -0.15895675
  0.15915434] | Reward=-0.010 | Cum=-0.560 | Info={'shot_attempted': False, 'pass_attempted': False, 'goal_scored': False, 'goal_team': None, 'ball_out_by': None, 'has_ball': True, 'start_shot_bonus': False, 'start_pass_bonus': False, 'possession_lost': False}

[Step 150] Action=[ 0.04845932 -0.3445968   0.10256408  0.          0.1578238  -0.15893511
  0.15904425] | Reward=-0.009 | Cum=-0.570 | Info={'shot_attempted': False, 'pass_attempted': False, 'goal_scored': False, 'goal_team': None, 'ball_out_by': None, 'has_ball': True, 'start_shot_bonus': False, 'start_pass_bonus': False, 'possession_lost': False}

[Step 151] Action=[ 0.04842575 -0.34452775  0.10259408  0.          0.15776251 -0.15891346
  0.1589341 ] | Reward=-0.010 | Cum=-0.580 | Info={'shot_attempted': False, 'pass_attempted': False, 'goal_scored': False, 'goal_team': None, 'ball_out_by': None, 'has_ball': True, 'start_shot_bonus': False, 'start_pass_bonus': False, 'possession_lost': False}

[Step 152] Action=[ 0.04839215 -0.34445873  0.10262409  0.          0.1577012  -0.15889181
  0.15882397] | Reward=-0.010 | Cum=-0.590 | Info={'shot_attempted': False, 'pass_attempted': False, 'goal_scored': False, 'goal_team': None, 'ball_out_by': None, 'has_ball': True, 'start_shot_bonus': False, 'start_pass_bonus': False, 'possession_lost': False}

[Step 153] Action=[ 0.04835857 -0.34438968  0.10265407  0.          0.1576399  -0.15887016
  0.15871383] | Reward=-0.010 | Cum=-0.600 | Info={'shot_attempted': False, 'pass_attempted': False, 'goal_scored': False, 'goal_team': None, 'ball_out_by': None, 'has_ball': True, 'start_shot_bonus': False, 'start_pass_bonus': False, 'possession_lost': False}

[Step 154] Action=[ 0.04832504 -0.3443206   0.10268406  0.          0.1575786  -0.15884852
  0.1586037 ] | Reward=-0.010 | Cum=-0.609 | Info={'shot_attempted': False, 'pass_attempted': False, 'goal_scored': False, 'goal_team': None, 'ball_out_by': None, 'has_ball': True, 'start_shot_bonus': False, 'start_pass_bonus': False, 'possession_lost': False}

[Step 155] Action=[ 0.04829146 -0.34425148  0.10271401  0.          0.15751725 -0.15882684
  0.1584935 ] | Reward=-0.010 | Cum=-0.619 | Info={'shot_attempted': False, 'pass_attempted': False, 'goal_scored': False, 'goal_team': None, 'ball_out_by': None, 'has_ball': True, 'start_shot_bonus': False, 'start_pass_bonus': False, 'possession_lost': False}

[Step 156] Action=[ 0.04825789 -0.34418234  0.10274403  0.          0.15745595 -0.15880518
  0.1583833 ] | Reward=-0.010 | Cum=-0.630 | Info={'shot_attempted': False, 'pass_attempted': False, 'goal_scored': False, 'goal_team': None, 'ball_out_by': None, 'has_ball': True, 'start_shot_bonus': False, 'start_pass_bonus': False, 'possession_lost': False}

[Step 157] Action=[ 0.04822436 -0.34411326  0.10277399  0.          0.1573947  -0.15878354
  0.15827318] | Reward=-0.010 | Cum=-0.640 | Info={'shot_attempted': False, 'pass_attempted': False, 'goal_scored': False, 'goal_team': None, 'ball_out_by': None, 'has_ball': True, 'start_shot_bonus': False, 'start_pass_bonus': False, 'possession_lost': False}

[Step 158] Action=[ 0.04819079 -0.34404415  0.10280399  0.          0.15733333 -0.15876189
  0.15816297] | Reward=-0.010 | Cum=-0.651 | Info={'shot_attempted': False, 'pass_attempted': False, 'goal_scored': False, 'goal_team': None, 'ball_out_by': None, 'has_ball': True, 'start_shot_bonus': False, 'start_pass_bonus': False, 'possession_lost': False}

[Step 159] Action=[ 0.04815723 -0.34397498  0.10283399  0.          0.15727201 -0.1587402
  0.15805279] | Reward=-0.010 | Cum=-0.661 | Info={'shot_attempted': False, 'pass_attempted': False, 'goal_scored': False, 'goal_team': None, 'ball_out_by': None, 'has_ball': True, 'start_shot_bonus': False, 'start_pass_bonus': False, 'possession_lost': False}

[Step 160] Action=[ 0.04812368 -0.3439059   0.10286396  0.          0.1572107  -0.15871854
  0.15794256] | Reward=-0.011 | Cum=-0.672 | Info={'shot_attempted': False, 'pass_attempted': False, 'goal_scored': False, 'goal_team': None, 'ball_out_by': None, 'has_ball': True, 'start_shot_bonus': False, 'start_pass_bonus': False, 'possession_lost': False}

[Step 161] Action=[ 0.0480901  -0.34383672  0.10289396  0.          0.15714931 -0.15869687
  0.15783237] | Reward=-0.011 | Cum=-0.683 | Info={'shot_attempted': False, 'pass_attempted': False, 'goal_scored': False, 'goal_team': None, 'ball_out_by': None, 'has_ball': True, 'start_shot_bonus': False, 'start_pass_bonus': False, 'possession_lost': False}

[Step 162] Action=[ 0.04805656 -0.34376755  0.10292395  0.          0.15708798 -0.15867521
  0.15772215] | Reward=-0.011 | Cum=-0.694 | Info={'shot_attempted': False, 'pass_attempted': False, 'goal_scored': False, 'goal_team': None, 'ball_out_by': None, 'has_ball': True, 'start_shot_bonus': False, 'start_pass_bonus': False, 'possession_lost': False}

[Step 163] Action=[ 0.04802304 -0.34369832  0.10295391  0.          0.15702663 -0.15865353
  0.15761192] | Reward=-0.011 | Cum=-0.705 | Info={'shot_attempted': False, 'pass_attempted': False, 'goal_scored': False, 'goal_team': None, 'ball_out_by': None, 'has_ball': True, 'start_shot_bonus': False, 'start_pass_bonus': False, 'possession_lost': False}

[Step 164] Action=[ 0.04798946 -0.34362915  0.10298391  0.          0.15696529 -0.15863188
  0.15750168] | Reward=-0.011 | Cum=-0.716 | Info={'shot_attempted': False, 'pass_attempted': False, 'goal_scored': False, 'goal_team': None, 'ball_out_by': None, 'has_ball': True, 'start_shot_bonus': False, 'start_pass_bonus': False, 'possession_lost': False}

[Step 165] Action=[ 0.04795586 -0.3435599   0.10301393  0.          0.15690391 -0.15861021
  0.1573913 ] | Reward=-0.011 | Cum=-0.727 | Info={'shot_attempted': False, 'pass_attempted': False, 'goal_scored': False, 'goal_team': None, 'ball_out_by': None, 'has_ball': True, 'start_shot_bonus': False, 'start_pass_bonus': False, 'possession_lost': False}

[Step 166] Action=[ 0.04792196 -0.34349036  0.10304426  0.          0.15684228 -0.15858857
  0.15728027] | Reward=-0.011 | Cum=-0.739 | Info={'shot_attempted': False, 'pass_attempted': False, 'goal_scored': False, 'goal_team': None, 'ball_out_by': None, 'has_ball': True, 'start_shot_bonus': False, 'start_pass_bonus': False, 'possession_lost': False}

[Step 167] Action=[ 0.04788808 -0.34342086  0.10307453  0.          0.15678069 -0.15856698
  0.1571693 ] | Reward=-0.011 | Cum=-0.750 | Info={'shot_attempted': False, 'pass_attempted': False, 'goal_scored': False, 'goal_team': None, 'ball_out_by': None, 'has_ball': True, 'start_shot_bonus': False, 'start_pass_bonus': False, 'possession_lost': False}

[Step 168] Action=[ 0.04785791 -0.3433552   0.1030984   0.          0.15672292 -0.15854397
  0.15706344] | Reward=-0.011 | Cum=-0.761 | Info={'shot_attempted': False, 'pass_attempted': False, 'goal_scored': False, 'goal_team': None, 'ball_out_by': None, 'has_ball': True, 'start_shot_bonus': False, 'start_pass_bonus': False, 'possession_lost': False}

[Step 169] Action=[ 0.04783164 -0.34329358  0.10311547  0.          0.15666915 -0.15851948
  0.15696307] | Reward=-0.012 | Cum=-0.773 | Info={'shot_attempted': False, 'pass_attempted': False, 'goal_scored': False, 'goal_team': None, 'ball_out_by': None, 'has_ball': True, 'start_shot_bonus': False, 'start_pass_bonus': False, 'possession_lost': False}

[Step 170] Action=[ 0.04780542 -0.34323195  0.10313255  0.          0.15661536 -0.15849495
  0.15686263] | Reward=-0.012 | Cum=-0.785 | Info={'shot_attempted': False, 'pass_attempted': False, 'goal_scored': False, 'goal_team': None, 'ball_out_by': None, 'has_ball': True, 'start_shot_bonus': False, 'start_pass_bonus': False, 'possession_lost': False}

[Step 171] Action=[ 0.04777916 -0.3431703   0.10314959  0.          0.15656164 -0.15847047
  0.15676223] | Reward=-0.012 | Cum=-0.797 | Info={'shot_attempted': False, 'pass_attempted': False, 'goal_scored': False, 'goal_team': None, 'ball_out_by': None, 'has_ball': True, 'start_shot_bonus': False, 'start_pass_bonus': False, 'possession_lost': False}

[Step 172] Action=[ 0.04775293 -0.34310862  0.10316667  0.          0.1565079  -0.15844594
  0.15666182] | Reward=-0.012 | Cum=-0.809 | Info={'shot_attempted': False, 'pass_attempted': False, 'goal_scored': False, 'goal_team': None, 'ball_out_by': None, 'has_ball': True, 'start_shot_bonus': False, 'start_pass_bonus': False, 'possession_lost': False}

[Step 173] Action=[ 0.04772672 -0.34304696  0.10318369  0.          0.1564541  -0.15842146
  0.1565614 ] | Reward=-0.055 | Cum=-0.864 | Info={'shot_attempted': False, 'pass_attempted': False, 'goal_scored': False, 'goal_team': None, 'ball_out_by': None, 'has_ball': True, 'start_shot_bonus': False, 'start_pass_bonus': False, 'possession_lost': False}

[Step 174] Action=[ 0.04770389 -0.34298047  0.10320298  0.          0.15640299 -0.15839793
  0.15646344] | Reward=-1.555 | Cum=-2.419 | Info={'shot_attempted': False, 'pass_attempted': False, 'goal_scored': False, 'goal_team': None, 'ball_out_by': 'att_1', 'has_ball': True, 'start_shot_bonus': False, 'start_pass_bonus': False, 'possession_lost': False}

