Debug log for att_2 (Episode 400)
================================================================================
[Step 1] Action=[-0.12423584  0.14942224  0.          0.57294005  0.5077194   0.9264327
 -0.6334124 ] | Reward=-0.003 | Cum=-0.003 | Info={'shot_attempted': False, 'pass_attempted': False, 'goal_scored': False, 'goal_team': None, 'ball_out_by': None, 'has_ball': False, 'start_shot_bonus': False, 'start_pass_bonus': False, 'possession_lost': False}

[Step 2] Action=[-0.11247952  0.14817251  0.          0.587623    0.5340273   0.9359287
 -0.65321463] | Reward=-0.003 | Cum=-0.006 | Info={'shot_attempted': False, 'pass_attempted': False, 'goal_scored': False, 'goal_team': None, 'ball_out_by': None, 'has_ball': False, 'start_shot_bonus': False, 'start_pass_bonus': False, 'possession_lost': False}

[Step 3] Action=[-0.11243915  0.14832774  0.          0.5880974   0.53469926  0.93618494
 -0.65387934] | Reward=-0.003 | Cum=-0.009 | Info={'shot_attempted': False, 'pass_attempted': False, 'goal_scored': False, 'goal_team': None, 'ball_out_by': None, 'has_ball': False, 'start_shot_bonus': False, 'start_pass_bonus': False, 'possession_lost': False}

[Step 4] Action=[-0.11239836  0.14848235  0.          0.5885722   0.53536844  0.9364401
 -0.6545453 ] | Reward=-0.003 | Cum=-0.012 | Info={'shot_attempted': False, 'pass_attempted': False, 'goal_scored': False, 'goal_team': None, 'ball_out_by': None, 'has_ball': False, 'start_shot_bonus': False, 'start_pass_bonus': False, 'possession_lost': False}

[Step 5] Action=[-0.11235747  0.14863649  0.          0.58904785  0.53603464  0.9366942
 -0.6552134 ] | Reward=-0.003 | Cum=-0.015 | Info={'shot_attempted': False, 'pass_attempted': False, 'goal_scored': False, 'goal_team': None, 'ball_out_by': None, 'has_ball': False, 'start_shot_bonus': False, 'start_pass_bonus': False, 'possession_lost': False}

[Step 6] Action=[-0.11231644  0.14879042  0.          0.58952254  0.5366994   0.9369469
 -0.6558797 ] | Reward=-0.004 | Cum=-0.019 | Info={'shot_attempted': False, 'pass_attempted': False, 'goal_scored': False, 'goal_team': None, 'ball_out_by': None, 'has_ball': False, 'start_shot_bonus': False, 'start_pass_bonus': False, 'possession_lost': False}

[Step 7] Action=[-0.1122756   0.148944    0.          0.5899962   0.53736264  0.93719834
 -0.6565439 ] | Reward=-0.004 | Cum=-0.022 | Info={'shot_attempted': False, 'pass_attempted': False, 'goal_scored': False, 'goal_team': None, 'ball_out_by': None, 'has_ball': False, 'start_shot_bonus': False, 'start_pass_bonus': False, 'possession_lost': False}

[Step 8] Action=[-0.11223482  0.14909756  0.          0.5904688   0.5380243   0.9374485
 -0.65720624] | Reward=-0.004 | Cum=-0.026 | Info={'shot_attempted': False, 'pass_attempted': False, 'goal_scored': False, 'goal_team': None, 'ball_out_by': None, 'has_ball': False, 'start_shot_bonus': False, 'start_pass_bonus': False, 'possession_lost': False}

[Step 9] Action=[-0.11219397  0.1492508   0.          0.59094054  0.5386845   0.93769735
 -0.65786684] | Reward=-0.004 | Cum=-0.031 | Info={'shot_attempted': False, 'pass_attempted': False, 'goal_scored': False, 'goal_team': None, 'ball_out_by': None, 'has_ball': False, 'start_shot_bonus': False, 'start_pass_bonus': False, 'possession_lost': False}

[Step 10] Action=[-0.11215342  0.1494041   0.          0.5914112   0.5393432   0.93794495
 -0.65852547] | Reward=-0.004 | Cum=-0.035 | Info={'shot_attempted': False, 'pass_attempted': False, 'goal_scored': False, 'goal_team': None, 'ball_out_by': None, 'has_ball': False, 'start_shot_bonus': False, 'start_pass_bonus': False, 'possession_lost': False}

[Step 11] Action=[-0.11211275  0.14955683  0.          0.5918808   0.54000014  0.93819124
 -0.65918225] | Reward=-0.005 | Cum=-0.039 | Info={'shot_attempted': False, 'pass_attempted': False, 'goal_scored': False, 'goal_team': None, 'ball_out_by': None, 'has_ball': False, 'start_shot_bonus': False, 'start_pass_bonus': False, 'possession_lost': False}

[Step 12] Action=[-0.11207232  0.14970964  0.          0.59234947  0.54065585  0.93843627
 -0.6598371 ] | Reward=-0.005 | Cum=-0.044 | Info={'shot_attempted': False, 'pass_attempted': False, 'goal_scored': False, 'goal_team': None, 'ball_out_by': None, 'has_ball': False, 'start_shot_bonus': False, 'start_pass_bonus': False, 'possession_lost': False}

[Step 13] Action=[-0.11203177  0.14986202  0.          0.5928171   0.54130995  0.93868005
 -0.66049016] | Reward=-0.005 | Cum=-0.049 | Info={'shot_attempted': False, 'pass_attempted': False, 'goal_scored': False, 'goal_team': None, 'ball_out_by': None, 'has_ball': False, 'start_shot_bonus': False, 'start_pass_bonus': False, 'possession_lost': False}

[Step 14] Action=[-0.11199151  0.15001437  0.          0.5932837   0.5419627   0.9389226
 -0.6611413 ] | Reward=-0.005 | Cum=-0.053 | Info={'shot_attempted': False, 'pass_attempted': False, 'goal_scored': False, 'goal_team': None, 'ball_out_by': None, 'has_ball': False, 'start_shot_bonus': False, 'start_pass_bonus': False, 'possession_lost': False}

[Step 15] Action=[-0.11195113  0.15016665  0.          0.59374946  0.5426137   0.93916386
 -0.66179055] | Reward=-0.005 | Cum=-0.058 | Info={'shot_attempted': False, 'pass_attempted': False, 'goal_scored': False, 'goal_team': None, 'ball_out_by': None, 'has_ball': False, 'start_shot_bonus': False, 'start_pass_bonus': False, 'possession_lost': False}

[Step 16] Action=[-0.11191093  0.15031838  0.          0.59421414  0.5432634   0.9394039
 -0.66243804] | Reward=-0.005 | Cum=-0.064 | Info={'shot_attempted': False, 'pass_attempted': False, 'goal_scored': False, 'goal_team': None, 'ball_out_by': None, 'has_ball': False, 'start_shot_bonus': False, 'start_pass_bonus': False, 'possession_lost': False}

[Step 17] Action=[-0.1118705   0.15046999  0.          0.59467787  0.54391146  0.93964267
 -0.6630836 ] | Reward=-0.005 | Cum=-0.069 | Info={'shot_attempted': False, 'pass_attempted': False, 'goal_scored': False, 'goal_team': None, 'ball_out_by': None, 'has_ball': False, 'start_shot_bonus': False, 'start_pass_bonus': False, 'possession_lost': False}

[Step 18] Action=[-0.11183053  0.15062128  0.          0.5951405   0.5445582   0.9398803
 -0.66372746] | Reward=-0.005 | Cum=-0.074 | Info={'shot_attempted': False, 'pass_attempted': False, 'goal_scored': False, 'goal_team': None, 'ball_out_by': None, 'has_ball': False, 'start_shot_bonus': False, 'start_pass_bonus': False, 'possession_lost': False}

[Step 19] Action=[-0.11179045  0.15077277  0.          0.5956023   0.54520345  0.94011664
 -0.66436934] | Reward=-0.005 | Cum=-0.080 | Info={'shot_attempted': False, 'pass_attempted': False, 'goal_scored': False, 'goal_team': None, 'ball_out_by': None, 'has_ball': False, 'start_shot_bonus': False, 'start_pass_bonus': False, 'possession_lost': False}

[Step 20] Action=[-0.11176313  0.15093413  0.          0.5960615   0.54584384  0.9403503
 -0.66500545] | Reward=-0.005 | Cum=-0.085 | Info={'shot_attempted': False, 'pass_attempted': False, 'goal_scored': False, 'goal_team': None, 'ball_out_by': None, 'has_ball': False, 'start_shot_bonus': False, 'start_pass_bonus': False, 'possession_lost': False}

[Step 21] Action=[-0.11174071  0.15109938  0.          0.5965194   0.5464812   0.9405821
 -0.6656382 ] | Reward=-0.005 | Cum=-0.091 | Info={'shot_attempted': False, 'pass_attempted': False, 'goal_scored': False, 'goal_team': None, 'ball_out_by': None, 'has_ball': False, 'start_shot_bonus': False, 'start_pass_bonus': False, 'possession_lost': False}

[Step 22] Action=[-0.1117184   0.15126424  0.          0.5969764   0.54711705  0.9408127
 -0.6662692 ] | Reward=-0.006 | Cum=-0.097 | Info={'shot_attempted': False, 'pass_attempted': False, 'goal_scored': False, 'goal_team': None, 'ball_out_by': None, 'has_ball': False, 'start_shot_bonus': False, 'start_pass_bonus': False, 'possession_lost': False}

[Step 23] Action=[-0.11169433  0.15142931  0.          0.5974313   0.54775167  0.94104224
 -0.66689765] | Reward=-0.006 | Cum=-0.103 | Info={'shot_attempted': False, 'pass_attempted': False, 'goal_scored': False, 'goal_team': None, 'ball_out_by': None, 'has_ball': False, 'start_shot_bonus': False, 'start_pass_bonus': False, 'possession_lost': False}

[Step 24] Action=[-0.11166313  0.15159476  0.          0.5978821   0.54838556  0.94127065
 -0.6675219 ] | Reward=-0.006 | Cum=-0.109 | Info={'shot_attempted': False, 'pass_attempted': False, 'goal_scored': False, 'goal_team': None, 'ball_out_by': None, 'has_ball': False, 'start_shot_bonus': False, 'start_pass_bonus': False, 'possession_lost': False}

[Step 25] Action=[-0.11163223  0.1517603   0.          0.5983319   0.549018    0.9414979
 -0.66814435] | Reward=-0.006 | Cum=-0.116 | Info={'shot_attempted': False, 'pass_attempted': False, 'goal_scored': False, 'goal_team': None, 'ball_out_by': None, 'has_ball': False, 'start_shot_bonus': False, 'start_pass_bonus': False, 'possession_lost': False}

[Step 26] Action=[-0.11160115  0.15192524  0.          0.59878075  0.549649    0.94172406
 -0.6687649 ] | Reward=-0.006 | Cum=-0.122 | Info={'shot_attempted': False, 'pass_attempted': False, 'goal_scored': False, 'goal_team': None, 'ball_out_by': None, 'has_ball': False, 'start_shot_bonus': False, 'start_pass_bonus': False, 'possession_lost': False}

[Step 27] Action=[-0.11157025  0.15209025  0.          0.5992285   0.5502786   0.941949
 -0.66938394] | Reward=-0.007 | Cum=-0.128 | Info={'shot_attempted': False, 'pass_attempted': False, 'goal_scored': False, 'goal_team': None, 'ball_out_by': None, 'has_ball': False, 'start_shot_bonus': False, 'start_pass_bonus': False, 'possession_lost': False}

[Step 28] Action=[-0.11153952  0.15225495  0.          0.5996756   0.55090666  0.9421729
 -0.67000103] | Reward=-0.007 | Cum=-0.135 | Info={'shot_attempted': False, 'pass_attempted': False, 'goal_scored': False, 'goal_team': None, 'ball_out_by': None, 'has_ball': False, 'start_shot_bonus': False, 'start_pass_bonus': False, 'possession_lost': False}

[Step 29] Action=[-0.11150862  0.15241931  0.          0.6001215   0.55153346  0.94239557
 -0.67061645] | Reward=-0.007 | Cum=-0.142 | Info={'shot_attempted': False, 'pass_attempted': False, 'goal_scored': False, 'goal_team': None, 'ball_out_by': None, 'has_ball': False, 'start_shot_bonus': False, 'start_pass_bonus': False, 'possession_lost': False}

[Step 30] Action=[-0.11147789  0.15258366  0.          0.60056674  0.55215865  0.94261724
 -0.67123026] | Reward=-0.007 | Cum=-0.149 | Info={'shot_attempted': False, 'pass_attempted': False, 'goal_scored': False, 'goal_team': None, 'ball_out_by': None, 'has_ball': False, 'start_shot_bonus': False, 'start_pass_bonus': False, 'possession_lost': False}

[Step 31] Action=[-0.11145252  0.15274616  0.          0.60101026  0.55278146  0.94283855
 -0.6718381 ] | Reward=-0.007 | Cum=-0.156 | Info={'shot_attempted': False, 'pass_attempted': False, 'goal_scored': False, 'goal_team': None, 'ball_out_by': None, 'has_ball': False, 'start_shot_bonus': False, 'start_pass_bonus': False, 'possession_lost': False}

[Step 32] Action=[-0.11143304  0.15290694  0.          0.60145247  0.5534018   0.94305986
 -0.67243963] | Reward=-0.007 | Cum=-0.164 | Info={'shot_attempted': False, 'pass_attempted': False, 'goal_scored': False, 'goal_team': None, 'ball_out_by': None, 'has_ball': False, 'start_shot_bonus': False, 'start_pass_bonus': False, 'possession_lost': False}

[Step 33] Action=[-0.11141384  0.15306716  0.          0.60189337  0.5540205   0.94328
 -0.6730395 ] | Reward=-0.007 | Cum=-0.171 | Info={'shot_attempted': False, 'pass_attempted': False, 'goal_scored': False, 'goal_team': None, 'ball_out_by': None, 'has_ball': False, 'start_shot_bonus': False, 'start_pass_bonus': False, 'possession_lost': False}

[Step 34] Action=[-0.11140313  0.15322685  0.          0.60233885  0.5546461   0.94349974
 -0.6736397 ] | Reward=-0.007 | Cum=-0.178 | Info={'shot_attempted': False, 'pass_attempted': False, 'goal_scored': False, 'goal_team': None, 'ball_out_by': None, 'has_ball': False, 'start_shot_bonus': False, 'start_pass_bonus': False, 'possession_lost': False}

[Step 35] Action=[-0.11139642  0.15338577  0.          0.60278594  0.5552741   0.9437188
 -0.67423916] | Reward=-0.007 | Cum=-0.186 | Info={'shot_attempted': False, 'pass_attempted': False, 'goal_scored': False, 'goal_team': None, 'ball_out_by': None, 'has_ball': False, 'start_shot_bonus': False, 'start_pass_bonus': False, 'possession_lost': False}

[Step 36] Action=[-0.11138995  0.15354466  0.          0.6032321   0.55590093  0.94393665
 -0.6748369 ] | Reward=-0.007 | Cum=-0.193 | Info={'shot_attempted': False, 'pass_attempted': False, 'goal_scored': False, 'goal_team': None, 'ball_out_by': None, 'has_ball': False, 'start_shot_bonus': False, 'start_pass_bonus': False, 'possession_lost': False}

[Step 37] Action=[-0.11138336  0.1537032   0.          0.6036773   0.55652606  0.9441534
 -0.6754329 ] | Reward=-0.007 | Cum=-0.201 | Info={'shot_attempted': False, 'pass_attempted': False, 'goal_scored': False, 'goal_team': None, 'ball_out_by': None, 'has_ball': False, 'start_shot_bonus': False, 'start_pass_bonus': False, 'possession_lost': False}

[Step 38] Action=[-0.11137705  0.15386166  0.          0.6041217   0.55715036  0.94436926
 -0.67602724] | Reward=-0.008 | Cum=-0.209 | Info={'shot_attempted': False, 'pass_attempted': False, 'goal_scored': False, 'goal_team': None, 'ball_out_by': None, 'has_ball': False, 'start_shot_bonus': False, 'start_pass_bonus': False, 'possession_lost': False}

[Step 39] Action=[-0.11137835  0.15402961  0.          0.6045727   0.5577894   0.944586
 -0.6766185 ] | Reward=-0.008 | Cum=-0.217 | Info={'shot_attempted': False, 'pass_attempted': False, 'goal_scored': False, 'goal_team': None, 'ball_out_by': None, 'has_ball': False, 'start_shot_bonus': False, 'start_pass_bonus': False, 'possession_lost': False}

[Step 40] Action=[-0.11137971  0.15419756  0.          0.605023    0.5584268   0.94480157
 -0.6772082 ] | Reward=-0.008 | Cum=-0.226 | Info={'shot_attempted': False, 'pass_attempted': False, 'goal_scored': False, 'goal_team': None, 'ball_out_by': None, 'has_ball': False, 'start_shot_bonus': False, 'start_pass_bonus': False, 'possession_lost': False}

[Step 41] Action=[-0.11138094  0.15436533  0.          0.6054721   0.5590628   0.945016
 -0.6777961 ] | Reward=-0.008 | Cum=-0.234 | Info={'shot_attempted': False, 'pass_attempted': False, 'goal_scored': False, 'goal_team': None, 'ball_out_by': None, 'has_ball': False, 'start_shot_bonus': False, 'start_pass_bonus': False, 'possession_lost': False}

[Step 42] Action=[-0.11138947  0.15453771  0.          0.60592073  0.5596995   0.94523
 -0.6783832 ] | Reward=-0.008 | Cum=-0.242 | Info={'shot_attempted': False, 'pass_attempted': False, 'goal_scored': False, 'goal_team': None, 'ball_out_by': None, 'has_ball': False, 'start_shot_bonus': False, 'start_pass_bonus': False, 'possession_lost': False}

[Step 43] Action=[-0.11140101  0.15471263  0.          0.6063687   0.5603357   0.94544303
 -0.6789688 ] | Reward=-0.009 | Cum=-0.251 | Info={'shot_attempted': False, 'pass_attempted': False, 'goal_scored': False, 'goal_team': None, 'ball_out_by': None, 'has_ball': False, 'start_shot_bonus': False, 'start_pass_bonus': False, 'possession_lost': False}

[Step 44] Action=[-0.11141019  0.15488297  0.          0.6068147   0.560965    0.9456545
 -0.6795544 ] | Reward=-0.009 | Cum=-0.260 | Info={'shot_attempted': False, 'pass_attempted': False, 'goal_scored': False, 'goal_team': None, 'ball_out_by': 'att_1', 'has_ball': False, 'start_shot_bonus': False, 'start_pass_bonus': False, 'possession_lost': False}

