Debug log for att_1 (Episode 400)
================================================================================
[Step 1] Action=[ 0.5816202  -0.98545     0.          0.762362    0.6550088  -0.5070592
  0.89079994] | Reward=+1.976 | Cum=+1.976 | Info={'shot_attempted': True, 'pass_attempted': False, 'shot_quality': 0.11960231166813842, 'shot_power': 27.87759232521057, 'shot_direction': [-0.5357605647546377, 0.8443699747641358], 'invalid_shot_direction': True, 'shot_alignment': 0.2340194063403841, 'shot_positional_quality': 0.5980115583406921, 'goal_scored': False, 'goal_team': None, 'ball_out_by': None, 'has_ball': False, 'start_shot_bonus': True, 'start_pass_bonus': False, 'possession_lost': False}

[Step 2] Action=[ 0.56336236 -0.97886103  0.          0.72345877  0.6123     -0.47153905
  0.8622466 ] | Reward=+0.016 | Cum=+1.992 | Info={'shot_attempted': False, 'pass_attempted': False, 'goal_scored': False, 'goal_team': None, 'ball_out_by': None, 'has_ball': False, 'start_shot_bonus': False, 'start_pass_bonus': False, 'possession_lost': False}

[Step 3] Action=[ 0.56351787 -0.97889626  0.          0.7236315   0.6125474  -0.4717467
  0.8624073 ] | Reward=+0.009 | Cum=+2.000 | Info={'shot_attempted': False, 'pass_attempted': False, 'goal_scored': False, 'goal_team': None, 'ball_out_by': None, 'has_ball': False, 'start_shot_bonus': False, 'start_pass_bonus': False, 'possession_lost': False}

[Step 4] Action=[ 0.56366754 -0.97893107  0.          0.7238068   0.6127894  -0.47195536
  0.8625616 ] | Reward=+0.005 | Cum=+2.005 | Info={'shot_attempted': False, 'pass_attempted': False, 'goal_scored': False, 'goal_team': None, 'ball_out_by': None, 'has_ball': False, 'start_shot_bonus': False, 'start_pass_bonus': False, 'possession_lost': False}

[Step 5] Action=[ 0.56381524 -0.9789657   0.          0.7239826   0.61302954 -0.47216427
  0.86271346] | Reward=+0.002 | Cum=+2.007 | Info={'shot_attempted': False, 'pass_attempted': False, 'goal_scored': False, 'goal_team': None, 'ball_out_by': None, 'has_ball': False, 'start_shot_bonus': False, 'start_pass_bonus': False, 'possession_lost': False}

[Step 6] Action=[ 0.563969   -0.9790016   0.          0.72416025  0.6132698  -0.47236937
  0.86286396] | Reward=+0.001 | Cum=+2.008 | Info={'shot_attempted': False, 'pass_attempted': False, 'goal_scored': False, 'goal_team': None, 'ball_out_by': None, 'has_ball': False, 'start_shot_bonus': False, 'start_pass_bonus': False, 'possession_lost': False}

[Step 7] Action=[ 0.56412536 -0.97903776  0.          0.7243386   0.61350983 -0.47257295
  0.8630138 ] | Reward=+0.000 | Cum=+2.008 | Info={'shot_attempted': False, 'pass_attempted': False, 'goal_scored': False, 'goal_team': None, 'ball_out_by': None, 'has_ball': False, 'start_shot_bonus': False, 'start_pass_bonus': False, 'possession_lost': False}

[Step 8] Action=[ 0.5642814  -0.9790739   0.          0.72451645  0.6137493  -0.47277617
  0.8631632 ] | Reward=-0.000 | Cum=+2.008 | Info={'shot_attempted': False, 'pass_attempted': False, 'goal_scored': False, 'goal_team': None, 'ball_out_by': None, 'has_ball': False, 'start_shot_bonus': False, 'start_pass_bonus': False, 'possession_lost': False}

[Step 9] Action=[ 0.5644369  -0.9791099   0.          0.72469395  0.6139884  -0.47297895
  0.8633121 ] | Reward=+0.000 | Cum=+2.008 | Info={'shot_attempted': False, 'pass_attempted': False, 'goal_scored': False, 'goal_team': None, 'ball_out_by': None, 'has_ball': False, 'start_shot_bonus': False, 'start_pass_bonus': False, 'possession_lost': False}

[Step 10] Action=[ 0.56459457 -0.97914577  0.          0.7248718   0.61422634 -0.47318265
  0.86346155] | Reward=+0.000 | Cum=+2.008 | Info={'shot_attempted': False, 'pass_attempted': False, 'goal_scored': False, 'goal_team': None, 'ball_out_by': None, 'has_ball': False, 'start_shot_bonus': False, 'start_pass_bonus': False, 'possession_lost': False}

[Step 11] Action=[ 0.5647605  -0.97918165  0.          0.7250521   0.614462   -0.47339094
  0.8636136 ] | Reward=-0.000 | Cum=+2.008 | Info={'shot_attempted': False, 'pass_attempted': False, 'goal_scored': False, 'goal_team': None, 'ball_out_by': None, 'has_ball': False, 'start_shot_bonus': False, 'start_pass_bonus': False, 'possession_lost': False}

[Step 12] Action=[ 0.56492597 -0.97921735  0.          0.72523195  0.6146973  -0.47359875
  0.8637652 ] | Reward=-0.000 | Cum=+2.008 | Info={'shot_attempted': False, 'pass_attempted': False, 'goal_scored': False, 'goal_team': None, 'ball_out_by': None, 'has_ball': False, 'start_shot_bonus': False, 'start_pass_bonus': False, 'possession_lost': False}

[Step 13] Action=[ 0.56509084 -0.97925293  0.          0.72541136  0.6149319  -0.473806
  0.8639164 ] | Reward=-0.000 | Cum=+2.008 | Info={'shot_attempted': False, 'pass_attempted': False, 'goal_scored': False, 'goal_team': None, 'ball_out_by': None, 'has_ball': False, 'start_shot_bonus': False, 'start_pass_bonus': False, 'possession_lost': False}

[Step 14] Action=[ 0.56525546 -0.97928846  0.          0.7255904   0.615166   -0.47401294
  0.86406714] | Reward=-0.000 | Cum=+2.008 | Info={'shot_attempted': False, 'pass_attempted': False, 'goal_scored': False, 'goal_team': None, 'ball_out_by': None, 'has_ball': False, 'start_shot_bonus': False, 'start_pass_bonus': False, 'possession_lost': False}

[Step 15] Action=[ 0.5654198  -0.9793238   0.          0.72576886  0.6153996  -0.4742195
  0.86421746] | Reward=-0.000 | Cum=+2.008 | Info={'shot_attempted': False, 'pass_attempted': False, 'goal_scored': False, 'goal_team': None, 'ball_out_by': None, 'has_ball': False, 'start_shot_bonus': False, 'start_pass_bonus': False, 'possession_lost': False}

[Step 16] Action=[ 0.5655837  -0.97935903  0.          0.7259471   0.6156326  -0.47442576
  0.86436737] | Reward=-0.000 | Cum=+2.007 | Info={'shot_attempted': False, 'pass_attempted': False, 'goal_scored': False, 'goal_team': None, 'ball_out_by': None, 'has_ball': False, 'start_shot_bonus': False, 'start_pass_bonus': False, 'possession_lost': False}

[Step 17] Action=[ 0.56574714 -0.97939414  0.          0.72612476  0.6158651  -0.47463137
  0.8645168 ] | Reward=-0.000 | Cum=+2.007 | Info={'shot_attempted': False, 'pass_attempted': False, 'goal_scored': False, 'goal_team': None, 'ball_out_by': None, 'has_ball': False, 'start_shot_bonus': False, 'start_pass_bonus': False, 'possession_lost': False}

[Step 18] Action=[ 0.5659102  -0.9794291   0.          0.726302    0.6160972  -0.47483674
  0.86466575] | Reward=+0.000 | Cum=+2.008 | Info={'shot_attempted': False, 'pass_attempted': False, 'goal_scored': False, 'goal_team': None, 'ball_out_by': None, 'has_ball': False, 'start_shot_bonus': False, 'start_pass_bonus': False, 'possession_lost': False}

[Step 19] Action=[ 0.5660729  -0.97946393  0.          0.7264788   0.61632854 -0.47504163
  0.8648144 ] | Reward=+0.000 | Cum=+2.008 | Info={'shot_attempted': False, 'pass_attempted': False, 'goal_scored': False, 'goal_team': None, 'ball_out_by': None, 'has_ball': False, 'start_shot_bonus': False, 'start_pass_bonus': False, 'possession_lost': False}

[Step 20] Action=[ 0.56623524 -0.9794987   0.          0.7266553   0.6165595  -0.47524616
  0.8649625 ] | Reward=+0.000 | Cum=+2.009 | Info={'shot_attempted': False, 'pass_attempted': False, 'goal_scored': False, 'goal_team': None, 'ball_out_by': None, 'has_ball': False, 'start_shot_bonus': False, 'start_pass_bonus': False, 'possession_lost': False}

[Step 21] Action=[ 0.56639725 -0.97953326  0.          0.7268313   0.61678994 -0.47545028
  0.8651102 ] | Reward=+0.000 | Cum=+2.009 | Info={'shot_attempted': False, 'pass_attempted': False, 'goal_scored': False, 'goal_team': None, 'ball_out_by': None, 'has_ball': False, 'start_shot_bonus': False, 'start_pass_bonus': False, 'possession_lost': False}

[Step 22] Action=[ 0.5665708  -0.9795704   0.          0.72700995  0.6170362  -0.47565302
  0.8652691 ] | Reward=+0.000 | Cum=+2.009 | Info={'shot_attempted': False, 'pass_attempted': False, 'goal_scored': False, 'goal_team': None, 'ball_out_by': None, 'has_ball': False, 'start_shot_bonus': False, 'start_pass_bonus': False, 'possession_lost': False}

[Step 23] Action=[ 0.566744   -0.97960734  0.          0.7271882   0.61728215 -0.47585523
  0.8654277 ] | Reward=+0.000 | Cum=+2.010 | Info={'shot_attempted': False, 'pass_attempted': False, 'goal_scored': False, 'goal_team': None, 'ball_out_by': None, 'has_ball': False, 'start_shot_bonus': False, 'start_pass_bonus': False, 'possession_lost': False}

[Step 24] Action=[ 0.5669219  -0.97964364  0.          0.72736746  0.61752385 -0.47606754
  0.8655862 ] | Reward=+0.000 | Cum=+2.010 | Info={'shot_attempted': False, 'pass_attempted': False, 'goal_scored': False, 'goal_team': None, 'ball_out_by': None, 'has_ball': False, 'start_shot_bonus': False, 'start_pass_bonus': False, 'possession_lost': False}

[Step 25] Action=[ 0.56710076 -0.9796797   0.          0.7275467   0.6177639  -0.47628233
  0.86574435] | Reward=+0.000 | Cum=+2.010 | Info={'shot_attempted': False, 'pass_attempted': False, 'goal_scored': False, 'goal_team': None, 'ball_out_by': None, 'has_ball': False, 'start_shot_bonus': False, 'start_pass_bonus': False, 'possession_lost': False}

[Step 26] Action=[ 0.5672792  -0.9797156   0.          0.7277255   0.6180033  -0.4764965
  0.86590207] | Reward=+0.000 | Cum=+2.011 | Info={'shot_attempted': False, 'pass_attempted': False, 'goal_scored': False, 'goal_team': None, 'ball_out_by': None, 'has_ball': False, 'start_shot_bonus': False, 'start_pass_bonus': False, 'possession_lost': False}

[Step 27] Action=[ 0.56745714 -0.9797513   0.          0.72790396  0.6182423  -0.4767105
  0.86605924] | Reward=+0.001 | Cum=+2.012 | Info={'shot_attempted': False, 'pass_attempted': False, 'goal_scored': False, 'goal_team': None, 'ball_out_by': None, 'has_ball': False, 'start_shot_bonus': False, 'start_pass_bonus': False, 'possession_lost': False}

[Step 28] Action=[ 0.5676346  -0.97978693  0.          0.7280818   0.6184806  -0.4769239
  0.866216  ] | Reward=+0.001 | Cum=+2.013 | Info={'shot_attempted': False, 'pass_attempted': False, 'goal_scored': False, 'goal_team': None, 'ball_out_by': None, 'has_ball': False, 'start_shot_bonus': False, 'start_pass_bonus': False, 'possession_lost': False}

[Step 29] Action=[ 0.5678118  -0.97982246  0.          0.72825944  0.6187185  -0.4771371
  0.8663722 ] | Reward=+0.001 | Cum=+2.014 | Info={'shot_attempted': False, 'pass_attempted': False, 'goal_scored': False, 'goal_team': None, 'ball_out_by': None, 'has_ball': False, 'start_shot_bonus': False, 'start_pass_bonus': False, 'possession_lost': False}

[Step 30] Action=[ 0.5679886  -0.9798578   0.          0.7284364   0.6189558  -0.47734964
  0.8665281 ] | Reward=+0.001 | Cum=+2.014 | Info={'shot_attempted': False, 'pass_attempted': False, 'goal_scored': False, 'goal_team': None, 'ball_out_by': None, 'has_ball': False, 'start_shot_bonus': False, 'start_pass_bonus': False, 'possession_lost': False}

[Step 31] Action=[ 0.56816477 -0.979893    0.          0.7286131   0.61919254 -0.4775619
  0.8666835 ] | Reward=+0.001 | Cum=+2.015 | Info={'shot_attempted': False, 'pass_attempted': False, 'goal_scored': False, 'goal_team': None, 'ball_out_by': None, 'has_ball': False, 'start_shot_bonus': False, 'start_pass_bonus': False, 'possession_lost': False}

[Step 32] Action=[ 0.5683408  -0.97992814  0.          0.7287894   0.61942875 -0.47777364
  0.86683834] | Reward=+0.001 | Cum=+2.016 | Info={'shot_attempted': False, 'pass_attempted': False, 'goal_scored': False, 'goal_team': None, 'ball_out_by': None, 'has_ball': False, 'start_shot_bonus': False, 'start_pass_bonus': False, 'possession_lost': False}

[Step 33] Action=[ 0.56851625 -0.9799631   0.          0.72896534  0.61966443 -0.47798508
  0.8669928 ] | Reward=+0.001 | Cum=+2.017 | Info={'shot_attempted': False, 'pass_attempted': False, 'goal_scored': False, 'goal_team': None, 'ball_out_by': None, 'has_ball': False, 'start_shot_bonus': False, 'start_pass_bonus': False, 'possession_lost': False}

[Step 34] Action=[ 0.5686913  -0.979998    0.          0.72914076  0.6198995  -0.47819602
  0.86714673] | Reward=+0.001 | Cum=+2.018 | Info={'shot_attempted': False, 'pass_attempted': False, 'goal_scored': False, 'goal_team': None, 'ball_out_by': None, 'has_ball': False, 'start_shot_bonus': False, 'start_pass_bonus': False, 'possession_lost': False}

[Step 35] Action=[ 0.568866   -0.98003274  0.          0.7293157   0.620134   -0.4784066
  0.8673003 ] | Reward=+0.001 | Cum=+2.018 | Info={'shot_attempted': False, 'pass_attempted': False, 'goal_scored': False, 'goal_team': None, 'ball_out_by': None, 'has_ball': False, 'start_shot_bonus': False, 'start_pass_bonus': False, 'possession_lost': False}

[Step 36] Action=[ 0.5690403  -0.9800674   0.          0.72949034  0.6203681  -0.47861668
  0.86745334] | Reward=+0.001 | Cum=+2.020 | Info={'shot_attempted': False, 'pass_attempted': False, 'goal_scored': False, 'goal_team': None, 'ball_out_by': None, 'has_ball': False, 'start_shot_bonus': False, 'start_pass_bonus': False, 'possession_lost': False}

[Step 37] Action=[ 0.56921405 -0.9801018   0.          0.7296645   0.62060165 -0.4788263
  0.8676059 ] | Reward=+0.001 | Cum=+2.021 | Info={'shot_attempted': False, 'pass_attempted': False, 'goal_scored': False, 'goal_team': None, 'ball_out_by': None, 'has_ball': False, 'start_shot_bonus': False, 'start_pass_bonus': False, 'possession_lost': False}

[Step 38] Action=[ 0.56938756 -0.9801362   0.          0.72983825  0.6208345  -0.47903565
  0.8677581 ] | Reward=+0.001 | Cum=+2.022 | Info={'shot_attempted': False, 'pass_attempted': False, 'goal_scored': False, 'goal_team': None, 'ball_out_by': None, 'has_ball': False, 'start_shot_bonus': False, 'start_pass_bonus': False, 'possession_lost': False}

[Step 39] Action=[ 0.56956667 -0.9801702   0.          0.73001283  0.6210618  -0.47924364
  0.8679102 ] | Reward=+0.001 | Cum=+2.024 | Info={'shot_attempted': False, 'pass_attempted': False, 'goal_scored': False, 'goal_team': None, 'ball_out_by': None, 'has_ball': False, 'start_shot_bonus': False, 'start_pass_bonus': False, 'possession_lost': False}

[Step 40] Action=[ 0.56975293 -0.9802037   0.          0.7301886   0.62128246 -0.47945008
  0.86806214] | Reward=+0.001 | Cum=+2.025 | Info={'shot_attempted': False, 'pass_attempted': False, 'goal_scored': False, 'goal_team': None, 'ball_out_by': None, 'has_ball': False, 'start_shot_bonus': False, 'start_pass_bonus': False, 'possession_lost': False}

[Step 41] Action=[ 0.56994015 -0.9802373   0.          0.73036397  0.6215046  -0.47965446
  0.8682149 ] | Reward=+0.001 | Cum=+2.026 | Info={'shot_attempted': False, 'pass_attempted': False, 'goal_scored': False, 'goal_team': None, 'ball_out_by': None, 'has_ball': False, 'start_shot_bonus': False, 'start_pass_bonus': False, 'possession_lost': False}

[Step 42] Action=[ 0.57012814 -0.9802712   0.          0.7305423   0.6217291  -0.47986072
  0.86836976] | Reward=+0.001 | Cum=+2.027 | Info={'shot_attempted': False, 'pass_attempted': False, 'goal_scored': False, 'goal_team': None, 'ball_out_by': None, 'has_ball': False, 'start_shot_bonus': False, 'start_pass_bonus': False, 'possession_lost': False}

[Step 43] Action=[ 0.5703236  -0.98030865  0.          0.73075736  0.62197095 -0.48010463
  0.8685457 ] | Reward=+0.001 | Cum=+2.028 | Info={'shot_attempted': False, 'pass_attempted': False, 'goal_scored': False, 'goal_team': None, 'ball_out_by': None, 'has_ball': False, 'start_shot_bonus': False, 'start_pass_bonus': False, 'possession_lost': False}

[Step 44] Action=[ 0.5705327  -0.9803466   0.          0.7309814   0.6222154  -0.48035547
  0.86872786] | Reward=-1.499 | Cum=+0.530 | Info={'shot_attempted': False, 'pass_attempted': False, 'goal_scored': False, 'goal_team': None, 'ball_out_by': 'att_1', 'has_ball': False, 'start_shot_bonus': False, 'start_pass_bonus': False, 'possession_lost': False}

