Debug log for gk_1 (Episode 400)
================================================================================
[Step 1] Action=[-0.9762071  -0.6926254   0.          0.          0.5329418  -0.13085425
  0.01998684] | Reward=+0.035 | Cum=+0.035 | Info={'dive_score': None, 'blocked': False, 'deflected': False, 'wasted_dive': False, 'shot_attempted': False, 'invalid_shot_attempt': False, 'invalid_shot_direction': False, 'fov_visible': True, 'shot_quality': None, 'shot_direction': None, 'shot_power': None, 'goal_scored': False, 'goal_team': None, 'ball_out_by': None, 'has_ball': False, 'start_shot_bonus': False, 'deflection_power': 0.0}

[Step 2] Action=[-0.97481465 -0.6800865   0.          0.          0.51443875 -0.12113224
  0.02509503] | Reward=+0.035 | Cum=+0.070 | Info={'dive_score': None, 'blocked': False, 'deflected': False, 'wasted_dive': False, 'shot_attempted': False, 'invalid_shot_attempt': False, 'invalid_shot_direction': False, 'fov_visible': True, 'shot_quality': None, 'shot_direction': None, 'shot_power': None, 'goal_scored': False, 'goal_team': None, 'ball_out_by': None, 'has_ball': False, 'start_shot_bonus': False, 'deflection_power': 0.0}

[Step 3] Action=[-0.97487134 -0.68033886  0.          0.          0.51449686 -0.12109865
  0.02512388] | Reward=+0.035 | Cum=+0.105 | Info={'dive_score': None, 'blocked': False, 'deflected': False, 'wasted_dive': False, 'shot_attempted': False, 'invalid_shot_attempt': False, 'invalid_shot_direction': False, 'fov_visible': True, 'shot_quality': None, 'shot_direction': None, 'shot_power': None, 'goal_scored': False, 'goal_team': None, 'ball_out_by': None, 'has_ball': False, 'start_shot_bonus': False, 'deflection_power': 0.0}

[Step 4] Action=[-0.9749295  -0.6805984   0.          0.          0.51455724 -0.12106723
  0.02515486] | Reward=+0.035 | Cum=+0.140 | Info={'dive_score': None, 'blocked': False, 'deflected': False, 'wasted_dive': False, 'shot_attempted': False, 'invalid_shot_attempt': False, 'invalid_shot_direction': False, 'fov_visible': True, 'shot_quality': None, 'shot_direction': None, 'shot_power': None, 'goal_scored': False, 'goal_team': None, 'ball_out_by': None, 'has_ball': False, 'start_shot_bonus': False, 'deflection_power': 0.0}

[Step 5] Action=[-0.97498745 -0.6808573   0.          0.          0.51461726 -0.12103599
  0.02518569] | Reward=+0.035 | Cum=+0.175 | Info={'dive_score': None, 'blocked': False, 'deflected': False, 'wasted_dive': False, 'shot_attempted': False, 'invalid_shot_attempt': False, 'invalid_shot_direction': False, 'fov_visible': True, 'shot_quality': None, 'shot_direction': None, 'shot_power': None, 'goal_scored': False, 'goal_team': None, 'ball_out_by': None, 'has_ball': False, 'start_shot_bonus': False, 'deflection_power': 0.0}

[Step 6] Action=[-0.9750451  -0.68111527  0.          0.          0.51467705 -0.12100462
  0.02521646] | Reward=+0.035 | Cum=+0.210 | Info={'dive_score': None, 'blocked': False, 'deflected': False, 'wasted_dive': False, 'shot_attempted': False, 'invalid_shot_attempt': False, 'invalid_shot_direction': False, 'fov_visible': True, 'shot_quality': None, 'shot_direction': None, 'shot_power': None, 'goal_scored': False, 'goal_team': None, 'ball_out_by': None, 'has_ball': False, 'start_shot_bonus': False, 'deflection_power': 0.0}

[Step 7] Action=[-0.9751025  -0.6813725   0.          0.          0.5147363  -0.12097325
  0.02524736] | Reward=+0.035 | Cum=+0.245 | Info={'dive_score': None, 'blocked': False, 'deflected': False, 'wasted_dive': False, 'shot_attempted': False, 'invalid_shot_attempt': False, 'invalid_shot_direction': False, 'fov_visible': True, 'shot_quality': None, 'shot_direction': None, 'shot_power': None, 'goal_scored': False, 'goal_team': None, 'ball_out_by': None, 'has_ball': False, 'start_shot_bonus': False, 'deflection_power': 0.0}

[Step 8] Action=[-0.9751596  -0.68162906  0.          0.          0.5147954  -0.12094197
  0.02527829] | Reward=+0.035 | Cum=+0.280 | Info={'dive_score': None, 'blocked': False, 'deflected': False, 'wasted_dive': False, 'shot_attempted': False, 'invalid_shot_attempt': False, 'invalid_shot_direction': False, 'fov_visible': True, 'shot_quality': None, 'shot_direction': None, 'shot_power': None, 'goal_scored': False, 'goal_team': None, 'ball_out_by': None, 'has_ball': False, 'start_shot_bonus': False, 'deflection_power': 0.0}

[Step 9] Action=[-0.9752182  -0.68189126  0.          0.          0.51485854 -0.12091143
  0.02530411] | Reward=+0.035 | Cum=+0.315 | Info={'dive_score': None, 'blocked': False, 'deflected': False, 'wasted_dive': False, 'shot_attempted': False, 'invalid_shot_attempt': False, 'invalid_shot_direction': False, 'fov_visible': True, 'shot_quality': None, 'shot_direction': None, 'shot_power': None, 'goal_scored': False, 'goal_team': None, 'ball_out_by': None, 'has_ball': False, 'start_shot_bonus': False, 'deflection_power': 0.0}

[Step 10] Action=[-0.9752778  -0.68215764  0.          0.          0.5149249  -0.12088165
  0.02532604] | Reward=+0.035 | Cum=+0.350 | Info={'dive_score': None, 'blocked': False, 'deflected': False, 'wasted_dive': False, 'shot_attempted': False, 'invalid_shot_attempt': False, 'invalid_shot_direction': False, 'fov_visible': True, 'shot_quality': None, 'shot_direction': None, 'shot_power': None, 'goal_scored': False, 'goal_team': None, 'ball_out_by': None, 'has_ball': False, 'start_shot_bonus': False, 'deflection_power': 0.0}

[Step 11] Action=[-0.97533715 -0.68242323  0.          0.          0.51499075 -0.12085185
  0.02534785] | Reward=+0.035 | Cum=+0.385 | Info={'dive_score': None, 'blocked': False, 'deflected': False, 'wasted_dive': False, 'shot_attempted': False, 'invalid_shot_attempt': False, 'invalid_shot_direction': False, 'fov_visible': True, 'shot_quality': None, 'shot_direction': None, 'shot_power': None, 'goal_scored': False, 'goal_team': None, 'ball_out_by': None, 'has_ball': False, 'start_shot_bonus': False, 'deflection_power': 0.0}

[Step 12] Action=[-0.9753967  -0.6826941   0.          0.          0.51505727 -0.12081777
  0.02537385] | Reward=+0.035 | Cum=+0.420 | Info={'dive_score': None, 'blocked': False, 'deflected': False, 'wasted_dive': False, 'shot_attempted': False, 'invalid_shot_attempt': False, 'invalid_shot_direction': False, 'fov_visible': True, 'shot_quality': None, 'shot_direction': None, 'shot_power': None, 'goal_scored': False, 'goal_team': None, 'ball_out_by': None, 'has_ball': False, 'start_shot_bonus': False, 'deflection_power': 0.0}

[Step 13] Action=[-0.97545445 -0.68297184  0.          0.          0.5151274  -0.12076933
  0.02540267] | Reward=+0.035 | Cum=+0.455 | Info={'dive_score': None, 'blocked': False, 'deflected': False, 'wasted_dive': False, 'shot_attempted': False, 'invalid_shot_attempt': False, 'invalid_shot_direction': False, 'fov_visible': True, 'shot_quality': None, 'shot_direction': None, 'shot_power': None, 'goal_scored': False, 'goal_team': None, 'ball_out_by': None, 'has_ball': False, 'start_shot_bonus': False, 'deflection_power': 0.0}

[Step 14] Action=[-0.9755121  -0.6832493   0.          0.          0.51519805 -0.12072618
  0.02543064] | Reward=+0.035 | Cum=+0.490 | Info={'dive_score': None, 'blocked': False, 'deflected': False, 'wasted_dive': False, 'shot_attempted': False, 'invalid_shot_attempt': False, 'invalid_shot_direction': False, 'fov_visible': True, 'shot_quality': None, 'shot_direction': None, 'shot_power': None, 'goal_scored': False, 'goal_team': None, 'ball_out_by': None, 'has_ball': False, 'start_shot_bonus': False, 'deflection_power': 0.0}

[Step 15] Action=[-0.9755701  -0.68353605  0.          0.          0.51525956 -0.12069553
  0.02549201] | Reward=+0.035 | Cum=+0.525 | Info={'dive_score': None, 'blocked': False, 'deflected': False, 'wasted_dive': False, 'shot_attempted': False, 'invalid_shot_attempt': False, 'invalid_shot_direction': False, 'fov_visible': True, 'shot_quality': None, 'shot_direction': None, 'shot_power': None, 'goal_scored': False, 'goal_team': None, 'ball_out_by': None, 'has_ball': False, 'start_shot_bonus': False, 'deflection_power': 0.0}

[Step 16] Action=[-0.97562784 -0.6838227   0.          0.          0.51531976 -0.12066554
  0.02555658] | Reward=+0.035 | Cum=+0.560 | Info={'dive_score': None, 'blocked': False, 'deflected': False, 'wasted_dive': False, 'shot_attempted': False, 'invalid_shot_attempt': False, 'invalid_shot_direction': False, 'fov_visible': True, 'shot_quality': None, 'shot_direction': None, 'shot_power': None, 'goal_scored': False, 'goal_team': None, 'ball_out_by': None, 'has_ball': False, 'start_shot_bonus': False, 'deflection_power': 0.0}

[Step 17] Action=[-0.97568536 -0.6841086   0.          0.          0.5153796  -0.12063559
  0.02562107] | Reward=+0.035 | Cum=+0.595 | Info={'dive_score': None, 'blocked': False, 'deflected': False, 'wasted_dive': False, 'shot_attempted': False, 'invalid_shot_attempt': False, 'invalid_shot_direction': False, 'fov_visible': True, 'shot_quality': None, 'shot_direction': None, 'shot_power': None, 'goal_scored': False, 'goal_team': None, 'ball_out_by': None, 'has_ball': False, 'start_shot_bonus': False, 'deflection_power': 0.0}

[Step 18] Action=[-0.9757434  -0.6843981   0.          0.          0.51544577 -0.1206089
  0.02568315] | Reward=+0.035 | Cum=+0.630 | Info={'dive_score': None, 'blocked': False, 'deflected': False, 'wasted_dive': False, 'shot_attempted': False, 'invalid_shot_attempt': False, 'invalid_shot_direction': False, 'fov_visible': True, 'shot_quality': None, 'shot_direction': None, 'shot_power': None, 'goal_scored': False, 'goal_team': None, 'ball_out_by': None, 'has_ball': False, 'start_shot_bonus': False, 'deflection_power': 0.0}

[Step 19] Action=[-0.9758037  -0.68469924  0.          0.          0.5155285  -0.1205866
  0.02574243] | Reward=+0.035 | Cum=+0.665 | Info={'dive_score': None, 'blocked': False, 'deflected': False, 'wasted_dive': False, 'shot_attempted': False, 'invalid_shot_attempt': False, 'invalid_shot_direction': False, 'fov_visible': True, 'shot_quality': None, 'shot_direction': None, 'shot_power': None, 'goal_scored': False, 'goal_team': None, 'ball_out_by': None, 'has_ball': False, 'start_shot_bonus': False, 'deflection_power': 0.0}

[Step 20] Action=[-0.9758636  -0.6849996   0.          0.          0.51561075 -0.1205646
  0.0258018 ] | Reward=+0.035 | Cum=+0.700 | Info={'dive_score': None, 'blocked': False, 'deflected': False, 'wasted_dive': False, 'shot_attempted': False, 'invalid_shot_attempt': False, 'invalid_shot_direction': False, 'fov_visible': True, 'shot_quality': None, 'shot_direction': None, 'shot_power': None, 'goal_scored': False, 'goal_team': None, 'ball_out_by': None, 'has_ball': False, 'start_shot_bonus': False, 'deflection_power': 0.0}

[Step 21] Action=[-0.97592324 -0.6852992   0.          0.          0.5156926  -0.12054247
  0.02586119] | Reward=+0.035 | Cum=+0.735 | Info={'dive_score': None, 'blocked': False, 'deflected': False, 'wasted_dive': False, 'shot_attempted': False, 'invalid_shot_attempt': False, 'invalid_shot_direction': False, 'fov_visible': True, 'shot_quality': None, 'shot_direction': None, 'shot_power': None, 'goal_scored': False, 'goal_team': None, 'ball_out_by': None, 'has_ball': False, 'start_shot_bonus': False, 'deflection_power': 0.0}

[Step 22] Action=[-0.97598267 -0.6855978   0.          0.          0.5157741  -0.12052033
  0.02592034] | Reward=+0.035 | Cum=+0.770 | Info={'dive_score': None, 'blocked': False, 'deflected': False, 'wasted_dive': False, 'shot_attempted': False, 'invalid_shot_attempt': False, 'invalid_shot_direction': False, 'fov_visible': True, 'shot_quality': None, 'shot_direction': None, 'shot_power': None, 'goal_scored': False, 'goal_team': None, 'ball_out_by': None, 'has_ball': False, 'start_shot_bonus': False, 'deflection_power': 0.0}

[Step 23] Action=[-0.97604173 -0.6858955   0.          0.          0.51585513 -0.12049825
  0.02597959] | Reward=+0.035 | Cum=+0.805 | Info={'dive_score': None, 'blocked': False, 'deflected': False, 'wasted_dive': False, 'shot_attempted': False, 'invalid_shot_attempt': False, 'invalid_shot_direction': False, 'fov_visible': True, 'shot_quality': None, 'shot_direction': None, 'shot_power': None, 'goal_scored': False, 'goal_team': None, 'ball_out_by': None, 'has_ball': False, 'start_shot_bonus': False, 'deflection_power': 0.0}

[Step 24] Action=[-0.97610056 -0.68619233  0.          0.          0.51593596 -0.12047631
  0.0260387 ] | Reward=+0.035 | Cum=+0.840 | Info={'dive_score': None, 'blocked': False, 'deflected': False, 'wasted_dive': False, 'shot_attempted': False, 'invalid_shot_attempt': False, 'invalid_shot_direction': False, 'fov_visible': True, 'shot_quality': None, 'shot_direction': None, 'shot_power': None, 'goal_scored': False, 'goal_team': None, 'ball_out_by': None, 'has_ball': False, 'start_shot_bonus': False, 'deflection_power': 0.0}

[Step 25] Action=[-0.97615916 -0.68648833  0.          0.          0.5160163  -0.12045418
  0.02609779] | Reward=+0.035 | Cum=+0.875 | Info={'dive_score': None, 'blocked': False, 'deflected': False, 'wasted_dive': False, 'shot_attempted': False, 'invalid_shot_attempt': False, 'invalid_shot_direction': False, 'fov_visible': True, 'shot_quality': None, 'shot_direction': None, 'shot_power': None, 'goal_scored': False, 'goal_team': None, 'ball_out_by': None, 'has_ball': False, 'start_shot_bonus': False, 'deflection_power': 0.0}

[Step 26] Action=[-0.97621745 -0.68678343  0.          0.          0.5160964  -0.12043207
  0.02615676] | Reward=+0.035 | Cum=+0.910 | Info={'dive_score': None, 'blocked': False, 'deflected': False, 'wasted_dive': False, 'shot_attempted': False, 'invalid_shot_attempt': False, 'invalid_shot_direction': False, 'fov_visible': True, 'shot_quality': None, 'shot_direction': None, 'shot_power': None, 'goal_scored': False, 'goal_team': None, 'ball_out_by': None, 'has_ball': False, 'start_shot_bonus': False, 'deflection_power': 0.0}

[Step 27] Action=[-0.97627544 -0.68707764  0.          0.          0.5161761  -0.12040994
  0.02621591] | Reward=+0.035 | Cum=+0.945 | Info={'dive_score': None, 'blocked': False, 'deflected': False, 'wasted_dive': False, 'shot_attempted': False, 'invalid_shot_attempt': False, 'invalid_shot_direction': False, 'fov_visible': True, 'shot_quality': None, 'shot_direction': None, 'shot_power': None, 'goal_scored': False, 'goal_team': None, 'ball_out_by': None, 'has_ball': False, 'start_shot_bonus': False, 'deflection_power': 0.0}

[Step 28] Action=[-0.9763332  -0.687371    0.          0.          0.51625544 -0.12038797
  0.02627475] | Reward=+0.035 | Cum=+0.980 | Info={'dive_score': None, 'blocked': False, 'deflected': False, 'wasted_dive': False, 'shot_attempted': False, 'invalid_shot_attempt': False, 'invalid_shot_direction': False, 'fov_visible': True, 'shot_quality': None, 'shot_direction': None, 'shot_power': None, 'goal_scored': False, 'goal_team': None, 'ball_out_by': None, 'has_ball': False, 'start_shot_bonus': False, 'deflection_power': 0.0}

[Step 29] Action=[-0.97639066 -0.6876635   0.          0.          0.5163344  -0.12036584
  0.02633373] | Reward=+0.035 | Cum=+1.015 | Info={'dive_score': None, 'blocked': False, 'deflected': False, 'wasted_dive': False, 'shot_attempted': False, 'invalid_shot_attempt': False, 'invalid_shot_direction': False, 'fov_visible': True, 'shot_quality': None, 'shot_direction': None, 'shot_power': None, 'goal_scored': False, 'goal_team': None, 'ball_out_by': None, 'has_ball': False, 'start_shot_bonus': False, 'deflection_power': 0.0}

[Step 30] Action=[-0.9764479  -0.6879551   0.          0.          0.516413   -0.12034367
  0.0263926 ] | Reward=+0.035 | Cum=+1.050 | Info={'dive_score': None, 'blocked': False, 'deflected': False, 'wasted_dive': False, 'shot_attempted': False, 'invalid_shot_attempt': False, 'invalid_shot_direction': False, 'fov_visible': True, 'shot_quality': None, 'shot_direction': None, 'shot_power': None, 'goal_scored': False, 'goal_team': None, 'ball_out_by': None, 'has_ball': False, 'start_shot_bonus': False, 'deflection_power': 0.0}

[Step 31] Action=[-0.9765048  -0.6882458   0.          0.          0.5164912  -0.12032162
  0.02645147] | Reward=+0.035 | Cum=+1.085 | Info={'dive_score': None, 'blocked': False, 'deflected': False, 'wasted_dive': False, 'shot_attempted': False, 'invalid_shot_attempt': False, 'invalid_shot_direction': False, 'fov_visible': True, 'shot_quality': None, 'shot_direction': None, 'shot_power': None, 'goal_scored': False, 'goal_team': None, 'ball_out_by': None, 'has_ball': False, 'start_shot_bonus': False, 'deflection_power': 0.0}

[Step 32] Action=[-0.9765615  -0.6885357   0.          0.          0.51656914 -0.12029973
  0.02651011] | Reward=+0.035 | Cum=+1.120 | Info={'dive_score': None, 'blocked': False, 'deflected': False, 'wasted_dive': False, 'shot_attempted': False, 'invalid_shot_attempt': False, 'invalid_shot_direction': False, 'fov_visible': True, 'shot_quality': None, 'shot_direction': None, 'shot_power': None, 'goal_scored': False, 'goal_team': None, 'ball_out_by': None, 'has_ball': False, 'start_shot_bonus': False, 'deflection_power': 0.0}

[Step 33] Action=[-0.97661793 -0.6888247   0.          0.          0.51664674 -0.12027748
  0.02656884] | Reward=+0.031 | Cum=+1.151 | Info={'dive_score': None, 'blocked': False, 'deflected': False, 'wasted_dive': False, 'shot_attempted': False, 'invalid_shot_attempt': False, 'invalid_shot_direction': False, 'fov_visible': True, 'shot_quality': None, 'shot_direction': None, 'shot_power': None, 'goal_scored': False, 'goal_team': None, 'ball_out_by': None, 'has_ball': False, 'start_shot_bonus': False, 'deflection_power': 0.0}

[Step 34] Action=[-0.9766741  -0.68911284  0.          0.          0.5167239  -0.12025546
  0.02662755] | Reward=+0.031 | Cum=+1.182 | Info={'dive_score': None, 'blocked': False, 'deflected': False, 'wasted_dive': False, 'shot_attempted': False, 'invalid_shot_attempt': False, 'invalid_shot_direction': False, 'fov_visible': True, 'shot_quality': None, 'shot_direction': None, 'shot_power': None, 'goal_scored': False, 'goal_team': None, 'ball_out_by': None, 'has_ball': False, 'start_shot_bonus': False, 'deflection_power': 0.0}

[Step 35] Action=[-0.97673    -0.68940014  0.          0.          0.5168007  -0.12023339
  0.0266862 ] | Reward=+0.031 | Cum=+1.214 | Info={'dive_score': None, 'blocked': False, 'deflected': False, 'wasted_dive': False, 'shot_attempted': False, 'invalid_shot_attempt': False, 'invalid_shot_direction': False, 'fov_visible': True, 'shot_quality': None, 'shot_direction': None, 'shot_power': None, 'goal_scored': False, 'goal_team': None, 'ball_out_by': None, 'has_ball': False, 'start_shot_bonus': False, 'deflection_power': 0.0}

[Step 36] Action=[-0.97678566 -0.68968666  0.          0.          0.5168771  -0.12021131
  0.02674492] | Reward=+0.031 | Cum=+1.245 | Info={'dive_score': None, 'blocked': False, 'deflected': False, 'wasted_dive': False, 'shot_attempted': False, 'invalid_shot_attempt': False, 'invalid_shot_direction': False, 'fov_visible': True, 'shot_quality': None, 'shot_direction': None, 'shot_power': None, 'goal_scored': False, 'goal_team': None, 'ball_out_by': None, 'has_ball': False, 'start_shot_bonus': False, 'deflection_power': 0.0}

[Step 37] Action=[-0.9768421  -0.6899807   0.          0.          0.51695275 -0.12018373
  0.02681002] | Reward=+0.031 | Cum=+1.276 | Info={'dive_score': None, 'blocked': False, 'deflected': False, 'wasted_dive': False, 'shot_attempted': False, 'invalid_shot_attempt': False, 'invalid_shot_direction': False, 'fov_visible': True, 'shot_quality': None, 'shot_direction': None, 'shot_power': None, 'goal_scored': False, 'goal_team': None, 'ball_out_by': None, 'has_ball': False, 'start_shot_bonus': False, 'deflection_power': 0.0}

[Step 38] Action=[-0.9768989  -0.6902808   0.          0.          0.5170251  -0.12015077
  0.02688083] | Reward=+0.024 | Cum=+1.300 | Info={'dive_score': None, 'blocked': False, 'deflected': False, 'wasted_dive': False, 'shot_attempted': False, 'invalid_shot_attempt': False, 'invalid_shot_direction': False, 'fov_visible': True, 'shot_quality': None, 'shot_direction': None, 'shot_power': None, 'goal_scored': False, 'goal_team': None, 'ball_out_by': None, 'has_ball': False, 'start_shot_bonus': False, 'deflection_power': 0.0}

[Step 39] Action=[-0.9769555  -0.69057995  0.          0.          0.51709723 -0.12011778
  0.02695165] | Reward=+0.024 | Cum=+1.324 | Info={'dive_score': None, 'blocked': False, 'deflected': False, 'wasted_dive': False, 'shot_attempted': False, 'invalid_shot_attempt': False, 'invalid_shot_direction': False, 'fov_visible': True, 'shot_quality': None, 'shot_direction': None, 'shot_power': None, 'goal_scored': False, 'goal_team': None, 'ball_out_by': None, 'has_ball': False, 'start_shot_bonus': False, 'deflection_power': 0.0}

[Step 40] Action=[-0.97701174 -0.69087815  0.          0.          0.51716906 -0.12008483
  0.02702236] | Reward=+0.024 | Cum=+1.347 | Info={'dive_score': None, 'blocked': False, 'deflected': False, 'wasted_dive': False, 'shot_attempted': False, 'invalid_shot_attempt': False, 'invalid_shot_direction': False, 'fov_visible': True, 'shot_quality': None, 'shot_direction': None, 'shot_power': None, 'goal_scored': False, 'goal_team': None, 'ball_out_by': None, 'has_ball': False, 'start_shot_bonus': False, 'deflection_power': 0.0}

[Step 41] Action=[-0.97706777 -0.6911756   0.          0.          0.5172404  -0.12005191
  0.02709305] | Reward=+0.024 | Cum=+1.371 | Info={'dive_score': None, 'blocked': False, 'deflected': False, 'wasted_dive': False, 'shot_attempted': False, 'invalid_shot_attempt': False, 'invalid_shot_direction': False, 'fov_visible': True, 'shot_quality': None, 'shot_direction': None, 'shot_power': None, 'goal_scored': False, 'goal_team': None, 'ball_out_by': None, 'has_ball': False, 'start_shot_bonus': False, 'deflection_power': 0.0}

[Step 42] Action=[-0.97712356 -0.6914721   0.          0.          0.5173114  -0.12001903
  0.02716354] | Reward=+0.024 | Cum=+1.395 | Info={'dive_score': None, 'blocked': False, 'deflected': False, 'wasted_dive': False, 'shot_attempted': False, 'invalid_shot_attempt': False, 'invalid_shot_direction': False, 'fov_visible': True, 'shot_quality': None, 'shot_direction': None, 'shot_power': None, 'goal_scored': False, 'goal_team': None, 'ball_out_by': None, 'has_ball': False, 'start_shot_bonus': False, 'deflection_power': 0.0}

[Step 43] Action=[-0.9771793  -0.6917647   0.          0.          0.5173846  -0.1199846
  0.02723567] | Reward=+0.024 | Cum=+1.419 | Info={'dive_score': None, 'blocked': False, 'deflected': False, 'wasted_dive': False, 'shot_attempted': False, 'invalid_shot_attempt': False, 'invalid_shot_direction': False, 'fov_visible': True, 'shot_quality': None, 'shot_direction': None, 'shot_power': None, 'goal_scored': False, 'goal_team': None, 'ball_out_by': None, 'has_ball': False, 'start_shot_bonus': False, 'deflection_power': 0.0}

[Step 44] Action=[-0.97723544 -0.6920538   0.          0.          0.51745355 -0.11994091
  0.02732001] | Reward=+2.766 | Cum=+4.185 | Info={'dive_score': None, 'blocked': False, 'deflected': False, 'wasted_dive': False, 'shot_attempted': False, 'invalid_shot_attempt': False, 'invalid_shot_direction': False, 'fov_visible': True, 'shot_quality': None, 'shot_direction': None, 'shot_power': None, 'goal_scored': False, 'goal_team': None, 'ball_out_by': 'att_1', 'has_ball': False, 'start_shot_bonus': False, 'deflection_power': 0.0}

