Debug log for att_1 (Episode 500)
================================================================================
[Step 1] Action=[ 0.7220053  -0.99873364  0.          0.9180799   0.85604686 -0.6804608
  0.97552425] | Reward=+1.974 | Cum=+1.974 | Info={'shot_attempted': True, 'pass_attempted': False, 'shot_quality': 0.11965554617413432, 'shot_power': 29.988491982221603, 'shot_direction': [-0.5830221817937083, 0.812456302614731], 'invalid_shot_direction': True, 'shot_alignment': 0.21020963958864336, 'shot_positional_quality': 0.5982777308706716, 'goal_scored': False, 'goal_team': None, 'ball_out_by': None, 'has_ball': False, 'start_shot_bonus': True, 'start_pass_bonus': False, 'possession_lost': False}

[Step 2] Action=[ 0.700693   -0.99783796  0.          0.8968587   0.8249251  -0.6445602
  0.9654443 ] | Reward=+0.015 | Cum=+1.989 | Info={'shot_attempted': False, 'pass_attempted': False, 'goal_scored': False, 'goal_team': None, 'ball_out_by': None, 'has_ball': False, 'start_shot_bonus': False, 'start_pass_bonus': False, 'possession_lost': False}

[Step 3] Action=[ 0.7008334 -0.9978426  0.         0.8969426  0.8250996 -0.6447352
  0.9654972] | Reward=+0.008 | Cum=+1.996 | Info={'shot_attempted': False, 'pass_attempted': False, 'goal_scored': False, 'goal_team': None, 'ball_out_by': None, 'has_ball': False, 'start_shot_bonus': False, 'start_pass_bonus': False, 'possession_lost': False}

[Step 4] Action=[ 0.7009734  -0.99784726  0.          0.8970264   0.8252735  -0.64490986
  0.96554995] | Reward=+0.004 | Cum=+2.000 | Info={'shot_attempted': False, 'pass_attempted': False, 'goal_scored': False, 'goal_team': None, 'ball_out_by': None, 'has_ball': False, 'start_shot_bonus': False, 'start_pass_bonus': False, 'possession_lost': False}

[Step 5] Action=[ 0.701113   -0.99785185  0.          0.8971099   0.8254472  -0.64508396
  0.9656025 ] | Reward=+0.002 | Cum=+2.002 | Info={'shot_attempted': False, 'pass_attempted': False, 'goal_scored': False, 'goal_team': None, 'ball_out_by': None, 'has_ball': False, 'start_shot_bonus': False, 'start_pass_bonus': False, 'possession_lost': False}

[Step 6] Action=[ 0.7012523  -0.9978565   0.          0.8971932   0.82562023 -0.64525783
  0.96565485] | Reward=+0.001 | Cum=+2.003 | Info={'shot_attempted': False, 'pass_attempted': False, 'goal_scored': False, 'goal_team': None, 'ball_out_by': None, 'has_ball': False, 'start_shot_bonus': False, 'start_pass_bonus': False, 'possession_lost': False}

[Step 7] Action=[ 0.7013912  -0.9978611   0.          0.8972762   0.82579285 -0.6454312
  0.965707  ] | Reward=-0.000 | Cum=+2.003 | Info={'shot_attempted': False, 'pass_attempted': False, 'goal_scored': False, 'goal_team': None, 'ball_out_by': None, 'has_ball': False, 'start_shot_bonus': False, 'start_pass_bonus': False, 'possession_lost': False}

[Step 8] Action=[ 0.70152986 -0.9978657   0.          0.8973591   0.825965   -0.64560425
  0.96575904] | Reward=+0.000 | Cum=+2.003 | Info={'shot_attempted': False, 'pass_attempted': False, 'goal_scored': False, 'goal_team': None, 'ball_out_by': None, 'has_ball': False, 'start_shot_bonus': False, 'start_pass_bonus': False, 'possession_lost': False}

[Step 9] Action=[ 0.7016682  -0.9978702   0.          0.8974417   0.82613665 -0.64577705
  0.9658109 ] | Reward=+0.000 | Cum=+2.003 | Info={'shot_attempted': False, 'pass_attempted': False, 'goal_scored': False, 'goal_team': None, 'ball_out_by': None, 'has_ball': False, 'start_shot_bonus': False, 'start_pass_bonus': False, 'possession_lost': False}

[Step 10] Action=[ 0.70180833 -0.99787474  0.          0.8975245   0.8263077  -0.6459506
  0.9658629 ] | Reward=+0.000 | Cum=+2.003 | Info={'shot_attempted': False, 'pass_attempted': False, 'goal_scored': False, 'goal_team': None, 'ball_out_by': None, 'has_ball': False, 'start_shot_bonus': False, 'start_pass_bonus': False, 'possession_lost': False}

[Step 11] Action=[ 0.7019541  -0.9978797   0.          0.89761895  0.8264848  -0.64614093
  0.96591806] | Reward=-0.000 | Cum=+2.003 | Info={'shot_attempted': False, 'pass_attempted': False, 'goal_scored': False, 'goal_team': None, 'ball_out_by': None, 'has_ball': False, 'start_shot_bonus': False, 'start_pass_bonus': False, 'possession_lost': False}

[Step 12] Action=[ 0.70209944 -0.9978846   0.          0.89771354  0.8266616  -0.64633137
  0.96597314] | Reward=-0.000 | Cum=+2.003 | Info={'shot_attempted': False, 'pass_attempted': False, 'goal_scored': False, 'goal_team': None, 'ball_out_by': None, 'has_ball': False, 'start_shot_bonus': False, 'start_pass_bonus': False, 'possession_lost': False}

[Step 13] Action=[ 0.7022445  -0.99788946  0.          0.8978079   0.8268378  -0.64652133
  0.9660281 ] | Reward=-0.000 | Cum=+2.003 | Info={'shot_attempted': False, 'pass_attempted': False, 'goal_scored': False, 'goal_team': None, 'ball_out_by': None, 'has_ball': False, 'start_shot_bonus': False, 'start_pass_bonus': False, 'possession_lost': False}

[Step 14] Action=[ 0.7023888  -0.9978943   0.          0.897902    0.8270134  -0.64671105
  0.96608263] | Reward=-0.000 | Cum=+2.003 | Info={'shot_attempted': False, 'pass_attempted': False, 'goal_scored': False, 'goal_team': None, 'ball_out_by': None, 'has_ball': False, 'start_shot_bonus': False, 'start_pass_bonus': False, 'possession_lost': False}

[Step 15] Action=[ 0.7025269  -0.9978991   0.          0.89799714  0.82718605 -0.6469013
  0.96613497] | Reward=-0.000 | Cum=+2.003 | Info={'shot_attempted': False, 'pass_attempted': False, 'goal_scored': False, 'goal_team': None, 'ball_out_by': None, 'has_ball': False, 'start_shot_bonus': False, 'start_pass_bonus': False, 'possession_lost': False}

[Step 16] Action=[ 0.70266473 -0.9979039   0.          0.89809203  0.82735807 -0.64709103
  0.9661871 ] | Reward=+0.000 | Cum=+2.003 | Info={'shot_attempted': False, 'pass_attempted': False, 'goal_scored': False, 'goal_team': None, 'ball_out_by': None, 'has_ball': False, 'start_shot_bonus': False, 'start_pass_bonus': False, 'possession_lost': False}

[Step 17] Action=[ 0.702803   -0.9979087   0.          0.89818823  0.8275309  -0.6472833
  0.9662397 ] | Reward=+0.000 | Cum=+2.004 | Info={'shot_attempted': False, 'pass_attempted': False, 'goal_scored': False, 'goal_team': None, 'ball_out_by': None, 'has_ball': False, 'start_shot_bonus': False, 'start_pass_bonus': False, 'possession_lost': False}

[Step 18] Action=[ 0.7029485  -0.997914    0.          0.89830375  0.827718   -0.6475093
  0.9662996 ] | Reward=+0.000 | Cum=+2.004 | Info={'shot_attempted': False, 'pass_attempted': False, 'goal_scored': False, 'goal_team': None, 'ball_out_by': None, 'has_ball': False, 'start_shot_bonus': False, 'start_pass_bonus': False, 'possession_lost': False}

[Step 19] Action=[ 0.7030939  -0.9979193   0.          0.89841896  0.82790464 -0.647735
  0.9663593 ] | Reward=+0.000 | Cum=+2.005 | Info={'shot_attempted': False, 'pass_attempted': False, 'goal_scored': False, 'goal_team': None, 'ball_out_by': None, 'has_ball': False, 'start_shot_bonus': False, 'start_pass_bonus': False, 'possession_lost': False}

[Step 20] Action=[ 0.7032503  -0.99792486  0.          0.8985373   0.8280963  -0.6479616
  0.966422  ] | Reward=+0.000 | Cum=+2.005 | Info={'shot_attempted': False, 'pass_attempted': False, 'goal_scored': False, 'goal_team': None, 'ball_out_by': None, 'has_ball': False, 'start_shot_bonus': False, 'start_pass_bonus': False, 'possession_lost': False}

[Step 21] Action=[ 0.7034092  -0.99793047  0.          0.89865613  0.82828873 -0.6481882
  0.9664853 ] | Reward=+0.000 | Cum=+2.005 | Info={'shot_attempted': False, 'pass_attempted': False, 'goal_scored': False, 'goal_team': None, 'ball_out_by': None, 'has_ball': False, 'start_shot_bonus': False, 'start_pass_bonus': False, 'possession_lost': False}

[Step 22] Action=[ 0.703568   -0.997936    0.          0.89877474  0.8284807  -0.6484143
  0.9665484 ] | Reward=+0.000 | Cum=+2.006 | Info={'shot_attempted': False, 'pass_attempted': False, 'goal_scored': False, 'goal_team': None, 'ball_out_by': None, 'has_ball': False, 'start_shot_bonus': False, 'start_pass_bonus': False, 'possession_lost': False}

[Step 23] Action=[ 0.70372623 -0.9979416   0.          0.89889294  0.82867223 -0.64863986
  0.96661127] | Reward=+0.000 | Cum=+2.006 | Info={'shot_attempted': False, 'pass_attempted': False, 'goal_scored': False, 'goal_team': None, 'ball_out_by': None, 'has_ball': False, 'start_shot_bonus': False, 'start_pass_bonus': False, 'possession_lost': False}

[Step 24] Action=[ 0.70388407 -0.9979471   0.          0.8990108   0.82886314 -0.6488648
  0.9666739 ] | Reward=+0.001 | Cum=+2.007 | Info={'shot_attempted': False, 'pass_attempted': False, 'goal_scored': False, 'goal_team': None, 'ball_out_by': None, 'has_ball': False, 'start_shot_bonus': False, 'start_pass_bonus': False, 'possession_lost': False}

[Step 25] Action=[ 0.70404553 -0.9979526   0.          0.8991301   0.8290506  -0.6490994
  0.9667364 ] | Reward=+0.001 | Cum=+2.008 | Info={'shot_attempted': False, 'pass_attempted': False, 'goal_scored': False, 'goal_team': None, 'ball_out_by': None, 'has_ball': False, 'start_shot_bonus': False, 'start_pass_bonus': False, 'possession_lost': False}

[Step 26] Action=[ 0.704207   -0.997958    0.          0.8992492   0.8292373  -0.64933455
  0.9667986 ] | Reward=+0.001 | Cum=+2.010 | Info={'shot_attempted': False, 'pass_attempted': False, 'goal_scored': False, 'goal_team': None, 'ball_out_by': None, 'has_ball': False, 'start_shot_bonus': False, 'start_pass_bonus': False, 'possession_lost': False}

[Step 27] Action=[ 0.7043682  -0.99796337  0.          0.89936805  0.8294234  -0.64956915
  0.96686065] | Reward=+0.001 | Cum=+2.011 | Info={'shot_attempted': False, 'pass_attempted': False, 'goal_scored': False, 'goal_team': None, 'ball_out_by': None, 'has_ball': False, 'start_shot_bonus': False, 'start_pass_bonus': False, 'possession_lost': False}

[Step 28] Action=[ 0.70452875 -0.99796873  0.          0.8994864   0.8296091  -0.6498032
  0.96692246] | Reward=+0.001 | Cum=+2.012 | Info={'shot_attempted': False, 'pass_attempted': False, 'goal_scored': False, 'goal_team': None, 'ball_out_by': None, 'has_ball': False, 'start_shot_bonus': False, 'start_pass_bonus': False, 'possession_lost': False}

[Step 29] Action=[ 0.704689   -0.9979741   0.          0.89960456  0.82979417 -0.6500368
  0.96698403] | Reward=+0.001 | Cum=+2.013 | Info={'shot_attempted': False, 'pass_attempted': False, 'goal_scored': False, 'goal_team': None, 'ball_out_by': None, 'has_ball': False, 'start_shot_bonus': False, 'start_pass_bonus': False, 'possession_lost': False}

[Step 30] Action=[ 0.7048489  -0.99797946  0.          0.8997223   0.82997876 -0.65027
  0.96704537] | Reward=+0.001 | Cum=+2.014 | Info={'shot_attempted': False, 'pass_attempted': False, 'goal_scored': False, 'goal_team': None, 'ball_out_by': None, 'has_ball': False, 'start_shot_bonus': False, 'start_pass_bonus': False, 'possession_lost': False}

[Step 31] Action=[ 0.70500857 -0.9979847   0.          0.8998397   0.83016276 -0.65050244
  0.9671065 ] | Reward=+0.002 | Cum=+2.015 | Info={'shot_attempted': False, 'pass_attempted': False, 'goal_scored': False, 'goal_team': None, 'ball_out_by': None, 'has_ball': False, 'start_shot_bonus': False, 'start_pass_bonus': False, 'possession_lost': False}

[Step 32] Action=[ 0.70516765 -0.99799     0.          0.8999568   0.8303464  -0.6507345
  0.96716744] | Reward=+0.002 | Cum=+2.017 | Info={'shot_attempted': False, 'pass_attempted': False, 'goal_scored': False, 'goal_team': None, 'ball_out_by': None, 'has_ball': False, 'start_shot_bonus': False, 'start_pass_bonus': False, 'possession_lost': False}

[Step 33] Action=[ 0.70532644 -0.99799526  0.          0.9000736   0.83052933 -0.65096605
  0.9672281 ] | Reward=+0.002 | Cum=+2.018 | Info={'shot_attempted': False, 'pass_attempted': False, 'goal_scored': False, 'goal_team': None, 'ball_out_by': None, 'has_ball': False, 'start_shot_bonus': False, 'start_pass_bonus': False, 'possession_lost': False}

[Step 34] Action=[ 0.70548475 -0.9980005   0.          0.90019     0.83071196 -0.65119696
  0.96728855] | Reward=+0.002 | Cum=+2.020 | Info={'shot_attempted': False, 'pass_attempted': False, 'goal_scored': False, 'goal_team': None, 'ball_out_by': None, 'has_ball': False, 'start_shot_bonus': False, 'start_pass_bonus': False, 'possession_lost': False}

[Step 35] Action=[ 0.70564365 -0.99800575  0.          0.9003072   0.8308922  -0.65142375
  0.9673487 ] | Reward=+0.002 | Cum=+2.022 | Info={'shot_attempted': False, 'pass_attempted': False, 'goal_scored': False, 'goal_team': None, 'ball_out_by': None, 'has_ball': False, 'start_shot_bonus': False, 'start_pass_bonus': False, 'possession_lost': False}

[Step 36] Action=[ 0.7058036  -0.998011    0.          0.900424    0.83107114 -0.6516493
  0.96740866] | Reward=+0.002 | Cum=+2.023 | Info={'shot_attempted': False, 'pass_attempted': False, 'goal_scored': False, 'goal_team': None, 'ball_out_by': None, 'has_ball': False, 'start_shot_bonus': False, 'start_pass_bonus': False, 'possession_lost': False}

[Step 37] Action=[ 0.7059728  -0.9980161   0.          0.9005406   0.83124524 -0.6518719
  0.9674686 ] | Reward=+0.001 | Cum=+2.025 | Info={'shot_attempted': False, 'pass_attempted': False, 'goal_scored': False, 'goal_team': None, 'ball_out_by': None, 'has_ball': False, 'start_shot_bonus': False, 'start_pass_bonus': False, 'possession_lost': False}

[Step 38] Action=[ 0.70614165 -0.99802125  0.          0.90065676  0.8314189  -0.65209395
  0.9675284 ] | Reward=+0.001 | Cum=+2.026 | Info={'shot_attempted': False, 'pass_attempted': False, 'goal_scored': False, 'goal_team': None, 'ball_out_by': None, 'has_ball': False, 'start_shot_bonus': False, 'start_pass_bonus': False, 'possession_lost': False}

[Step 39] Action=[ 0.70631015 -0.9980263   0.          0.9007727   0.83159196 -0.65231574
  0.96758795] | Reward=+0.002 | Cum=+2.028 | Info={'shot_attempted': False, 'pass_attempted': False, 'goal_scored': False, 'goal_team': None, 'ball_out_by': None, 'has_ball': False, 'start_shot_bonus': False, 'start_pass_bonus': False, 'possession_lost': False}

[Step 40] Action=[ 0.70647824 -0.9980314   0.          0.9008882   0.83176464 -0.6525368
  0.96764725] | Reward=+0.002 | Cum=+2.030 | Info={'shot_attempted': False, 'pass_attempted': False, 'goal_scored': False, 'goal_team': None, 'ball_out_by': None, 'has_ball': False, 'start_shot_bonus': False, 'start_pass_bonus': False, 'possession_lost': False}

[Step 41] Action=[ 0.70664585 -0.99803644  0.          0.90100336  0.8319369  -0.6527574
  0.9677064 ] | Reward=+0.002 | Cum=+2.032 | Info={'shot_attempted': False, 'pass_attempted': False, 'goal_scored': False, 'goal_team': None, 'ball_out_by': None, 'has_ball': False, 'start_shot_bonus': False, 'start_pass_bonus': False, 'possession_lost': False}

[Step 42] Action=[ 0.7068131  -0.99804145  0.          0.9011183   0.8321086  -0.6529776
  0.96776533] | Reward=-1.498 | Cum=+0.534 | Info={'shot_attempted': False, 'pass_attempted': False, 'goal_scored': False, 'goal_team': None, 'ball_out_by': 'att_1', 'has_ball': False, 'start_shot_bonus': False, 'start_pass_bonus': False, 'possession_lost': False}

