Debug log for att_2 (Episode 500)
================================================================================
[Step 1] Action=[ 0.7821669   0.25792333  0.7684787   0.          0.         -0.40393776
 -0.6712035 ] | Reward=-0.003 | Cum=-0.003 | Info={'shot_attempted': False, 'pass_attempted': False, 'goal_scored': False, 'goal_team': None, 'ball_out_by': None, 'has_ball': False, 'start_shot_bonus': False, 'start_pass_bonus': False, 'possession_lost': False}

[Step 2] Action=[ 0.7826685   0.25816524  0.76901865  0.          0.         -0.4043041
 -0.6717226 ] | Reward=-0.003 | Cum=-0.006 | Info={'shot_attempted': False, 'pass_attempted': False, 'goal_scored': False, 'goal_team': None, 'ball_out_by': None, 'has_ball': False, 'start_shot_bonus': False, 'start_pass_bonus': False, 'possession_lost': False}

[Step 3] Action=[ 0.8030066   0.26384088  0.7924176   0.          0.         -0.39409018
 -0.68785524] | Reward=-0.003 | Cum=-0.008 | Info={'shot_attempted': False, 'pass_attempted': False, 'goal_scored': False, 'goal_team': None, 'ball_out_by': None, 'has_ball': False, 'start_shot_bonus': False, 'start_pass_bonus': False, 'possession_lost': False}

[Step 4] Action=[ 0.8031363   0.26392156  0.7925626   0.          0.         -0.39418393
 -0.68800116] | Reward=-0.003 | Cum=-0.011 | Info={'shot_attempted': False, 'pass_attempted': False, 'goal_scored': False, 'goal_team': None, 'ball_out_by': None, 'has_ball': False, 'start_shot_bonus': False, 'start_pass_bonus': False, 'possession_lost': False}

[Step 5] Action=[ 0.80326587  0.26400232  0.79270744  0.          0.         -0.39427778
 -0.68814707] | Reward=-0.002 | Cum=-0.013 | Info={'shot_attempted': False, 'pass_attempted': False, 'goal_scored': False, 'goal_team': None, 'ball_out_by': None, 'has_ball': False, 'start_shot_bonus': False, 'start_pass_bonus': False, 'possession_lost': False}

[Step 6] Action=[ 0.8033955   0.26408315  0.7928523   0.          0.         -0.39437166
 -0.68829286] | Reward=-0.002 | Cum=-0.015 | Info={'shot_attempted': False, 'pass_attempted': False, 'goal_scored': False, 'goal_team': None, 'ball_out_by': None, 'has_ball': False, 'start_shot_bonus': False, 'start_pass_bonus': False, 'possession_lost': False}

[Step 7] Action=[ 0.803525    0.26416376  0.79299706  0.          0.         -0.39446566
 -0.6884388 ] | Reward=-0.002 | Cum=-0.017 | Info={'shot_attempted': False, 'pass_attempted': False, 'goal_scored': False, 'goal_team': None, 'ball_out_by': None, 'has_ball': False, 'start_shot_bonus': False, 'start_pass_bonus': False, 'possession_lost': False}

[Step 8] Action=[ 0.80365443  0.26424417  0.79314166  0.          0.         -0.39455932
 -0.6885845 ] | Reward=-0.002 | Cum=-0.020 | Info={'shot_attempted': False, 'pass_attempted': False, 'goal_scored': False, 'goal_team': None, 'ball_out_by': None, 'has_ball': False, 'start_shot_bonus': False, 'start_pass_bonus': False, 'possession_lost': False}

[Step 9] Action=[ 0.8037838   0.26432493  0.7932862   0.          0.         -0.39465314
 -0.6887302 ] | Reward=-0.002 | Cum=-0.022 | Info={'shot_attempted': False, 'pass_attempted': False, 'goal_scored': False, 'goal_team': None, 'ball_out_by': None, 'has_ball': False, 'start_shot_bonus': False, 'start_pass_bonus': False, 'possession_lost': False}

[Step 10] Action=[ 0.80391306  0.26440573  0.7934306   0.          0.         -0.39474717
 -0.6888758 ] | Reward=-0.001 | Cum=-0.023 | Info={'shot_attempted': False, 'pass_attempted': False, 'goal_scored': False, 'goal_team': None, 'ball_out_by': None, 'has_ball': False, 'start_shot_bonus': False, 'start_pass_bonus': False, 'possession_lost': False}

[Step 11] Action=[ 0.80404234  0.2644865   0.79357505  0.          0.         -0.39484105
 -0.6890214 ] | Reward=-0.001 | Cum=-0.025 | Info={'shot_attempted': False, 'pass_attempted': False, 'goal_scored': False, 'goal_team': None, 'ball_out_by': None, 'has_ball': False, 'start_shot_bonus': False, 'start_pass_bonus': False, 'possession_lost': False}

[Step 12] Action=[ 0.80417144  0.26456726  0.79371935  0.          0.         -0.3949348
 -0.6891669 ] | Reward=-0.001 | Cum=-0.026 | Info={'shot_attempted': False, 'pass_attempted': False, 'goal_scored': False, 'goal_team': None, 'ball_out_by': None, 'has_ball': False, 'start_shot_bonus': False, 'start_pass_bonus': False, 'possession_lost': False}

[Step 13] Action=[ 0.80430055  0.26464802  0.7938636   0.          0.         -0.39502868
 -0.6893124 ] | Reward=-0.001 | Cum=-0.028 | Info={'shot_attempted': False, 'pass_attempted': False, 'goal_scored': False, 'goal_team': None, 'ball_out_by': None, 'has_ball': False, 'start_shot_bonus': False, 'start_pass_bonus': False, 'possession_lost': False}

[Step 14] Action=[ 0.8044294   0.26472872  0.7940077   0.          0.         -0.39512244
 -0.68945783] | Reward=-0.001 | Cum=-0.029 | Info={'shot_attempted': False, 'pass_attempted': False, 'goal_scored': False, 'goal_team': None, 'ball_out_by': None, 'has_ball': False, 'start_shot_bonus': False, 'start_pass_bonus': False, 'possession_lost': False}

[Step 15] Action=[ 0.8045584   0.26480925  0.7941518   0.          0.         -0.39521638
 -0.6896033 ] | Reward=-0.001 | Cum=-0.030 | Info={'shot_attempted': False, 'pass_attempted': False, 'goal_scored': False, 'goal_team': None, 'ball_out_by': None, 'has_ball': False, 'start_shot_bonus': False, 'start_pass_bonus': False, 'possession_lost': False}

[Step 16] Action=[ 0.8046872   0.26489007  0.7942957   0.          0.         -0.39531034
 -0.68974864] | Reward=-0.001 | Cum=-0.031 | Info={'shot_attempted': False, 'pass_attempted': False, 'goal_scored': False, 'goal_team': None, 'ball_out_by': None, 'has_ball': False, 'start_shot_bonus': False, 'start_pass_bonus': False, 'possession_lost': False}

[Step 17] Action=[ 0.80481595  0.26497048  0.7944397   0.          0.         -0.39540404
 -0.6898939 ] | Reward=-0.001 | Cum=-0.032 | Info={'shot_attempted': False, 'pass_attempted': False, 'goal_scored': False, 'goal_team': None, 'ball_out_by': None, 'has_ball': False, 'start_shot_bonus': False, 'start_pass_bonus': False, 'possession_lost': False}

[Step 18] Action=[ 0.8049447   0.26505134  0.7945834   0.          0.         -0.39549765
 -0.6900391 ] | Reward=-0.001 | Cum=-0.033 | Info={'shot_attempted': False, 'pass_attempted': False, 'goal_scored': False, 'goal_team': None, 'ball_out_by': None, 'has_ball': False, 'start_shot_bonus': False, 'start_pass_bonus': False, 'possession_lost': False}

[Step 19] Action=[ 0.80507326  0.265132    0.7947271   0.          0.         -0.39559156
 -0.69018424] | Reward=-0.000 | Cum=-0.034 | Info={'shot_attempted': False, 'pass_attempted': False, 'goal_scored': False, 'goal_team': None, 'ball_out_by': None, 'has_ball': False, 'start_shot_bonus': False, 'start_pass_bonus': False, 'possession_lost': False}

[Step 20] Action=[ 0.8052019   0.26521796  0.7948711   0.          0.         -0.3956862
 -0.6903295 ] | Reward=-0.000 | Cum=-0.034 | Info={'shot_attempted': False, 'pass_attempted': False, 'goal_scored': False, 'goal_team': None, 'ball_out_by': None, 'has_ball': False, 'start_shot_bonus': False, 'start_pass_bonus': False, 'possession_lost': False}

[Step 21] Action=[ 0.8053303   0.26530474  0.7950151   0.          0.         -0.3957808
 -0.6904747 ] | Reward=-0.000 | Cum=-0.035 | Info={'shot_attempted': False, 'pass_attempted': False, 'goal_scored': False, 'goal_team': None, 'ball_out_by': None, 'has_ball': False, 'start_shot_bonus': False, 'start_pass_bonus': False, 'possession_lost': False}

[Step 22] Action=[ 0.8054588   0.2653915   0.79515904  0.          0.         -0.3958753
 -0.6906198 ] | Reward=-0.000 | Cum=-0.035 | Info={'shot_attempted': False, 'pass_attempted': False, 'goal_scored': False, 'goal_team': None, 'ball_out_by': None, 'has_ball': False, 'start_shot_bonus': False, 'start_pass_bonus': False, 'possession_lost': False}

[Step 23] Action=[ 0.80558723  0.26547816  0.79530287  0.          0.         -0.3959699
 -0.690765  ] | Reward=-0.000 | Cum=-0.036 | Info={'shot_attempted': False, 'pass_attempted': False, 'goal_scored': False, 'goal_team': None, 'ball_out_by': None, 'has_ball': False, 'start_shot_bonus': False, 'start_pass_bonus': False, 'possession_lost': False}

[Step 24] Action=[ 0.8057155   0.26556483  0.7954466   0.          0.         -0.39606458
 -0.69091004] | Reward=+0.000 | Cum=-0.035 | Info={'shot_attempted': False, 'pass_attempted': False, 'goal_scored': False, 'goal_team': None, 'ball_out_by': None, 'has_ball': False, 'start_shot_bonus': False, 'start_pass_bonus': False, 'possession_lost': False}

[Step 25] Action=[ 0.8058438   0.26565158  0.7955903   0.          0.         -0.39615905
 -0.691055  ] | Reward=+0.000 | Cum=-0.035 | Info={'shot_attempted': False, 'pass_attempted': False, 'goal_scored': False, 'goal_team': None, 'ball_out_by': None, 'has_ball': False, 'start_shot_bonus': False, 'start_pass_bonus': False, 'possession_lost': False}

[Step 26] Action=[ 0.80597186  0.2657383   0.7957338   0.          0.         -0.3962539
 -0.69119996] | Reward=+0.000 | Cum=-0.035 | Info={'shot_attempted': False, 'pass_attempted': False, 'goal_scored': False, 'goal_team': None, 'ball_out_by': None, 'has_ball': False, 'start_shot_bonus': False, 'start_pass_bonus': False, 'possession_lost': False}

[Step 27] Action=[ 0.8060999   0.26582512  0.7958773   0.          0.         -0.39634827
 -0.69134486] | Reward=+0.000 | Cum=-0.035 | Info={'shot_attempted': False, 'pass_attempted': False, 'goal_scored': False, 'goal_team': None, 'ball_out_by': None, 'has_ball': False, 'start_shot_bonus': False, 'start_pass_bonus': False, 'possession_lost': False}

[Step 28] Action=[ 0.8062279   0.26591194  0.79602075  0.          0.         -0.3964429
 -0.6914897 ] | Reward=+0.001 | Cum=-0.034 | Info={'shot_attempted': False, 'pass_attempted': False, 'goal_scored': False, 'goal_team': None, 'ball_out_by': None, 'has_ball': False, 'start_shot_bonus': False, 'start_pass_bonus': False, 'possession_lost': False}

[Step 29] Action=[ 0.806356    0.26599854  0.79616404  0.          0.         -0.39653736
 -0.69163454] | Reward=+0.001 | Cum=-0.034 | Info={'shot_attempted': False, 'pass_attempted': False, 'goal_scored': False, 'goal_team': None, 'ball_out_by': None, 'has_ball': False, 'start_shot_bonus': False, 'start_pass_bonus': False, 'possession_lost': False}

[Step 30] Action=[ 0.8064845   0.2660855   0.79630744  0.          0.         -0.39663216
 -0.69177985] | Reward=+0.001 | Cum=-0.033 | Info={'shot_attempted': False, 'pass_attempted': False, 'goal_scored': False, 'goal_team': None, 'ball_out_by': None, 'has_ball': False, 'start_shot_bonus': False, 'start_pass_bonus': False, 'possession_lost': False}

[Step 31] Action=[ 0.80661404  0.26617262  0.7964512   0.          0.         -0.39672756
 -0.6919259 ] | Reward=+0.001 | Cum=-0.033 | Info={'shot_attempted': False, 'pass_attempted': False, 'goal_scored': False, 'goal_team': None, 'ball_out_by': None, 'has_ball': False, 'start_shot_bonus': False, 'start_pass_bonus': False, 'possession_lost': False}

[Step 32] Action=[ 0.8067435   0.26625946  0.7965948   0.          0.         -0.3968227
 -0.69207186] | Reward=+0.001 | Cum=-0.032 | Info={'shot_attempted': False, 'pass_attempted': False, 'goal_scored': False, 'goal_team': None, 'ball_out_by': None, 'has_ball': False, 'start_shot_bonus': False, 'start_pass_bonus': False, 'possession_lost': False}

[Step 33] Action=[ 0.8068729   0.26634672  0.7967383   0.          0.         -0.39691776
 -0.6922178 ] | Reward=+0.001 | Cum=-0.031 | Info={'shot_attempted': False, 'pass_attempted': False, 'goal_scored': False, 'goal_team': None, 'ball_out_by': None, 'has_ball': False, 'start_shot_bonus': False, 'start_pass_bonus': False, 'possession_lost': False}

[Step 34] Action=[ 0.80700225  0.2664339   0.7968818   0.          0.         -0.39701298
 -0.69236374] | Reward=+0.001 | Cum=-0.030 | Info={'shot_attempted': False, 'pass_attempted': False, 'goal_scored': False, 'goal_team': None, 'ball_out_by': None, 'has_ball': False, 'start_shot_bonus': False, 'start_pass_bonus': False, 'possession_lost': False}

[Step 35] Action=[ 0.8071314   0.26652077  0.79702514  0.          0.         -0.3971079
 -0.6925096 ] | Reward=+0.001 | Cum=-0.029 | Info={'shot_attempted': False, 'pass_attempted': False, 'goal_scored': False, 'goal_team': None, 'ball_out_by': None, 'has_ball': False, 'start_shot_bonus': False, 'start_pass_bonus': False, 'possession_lost': False}

[Step 36] Action=[ 0.80726063  0.26660815  0.7971684   0.          0.         -0.3972033
 -0.6926554 ] | Reward=+0.001 | Cum=-0.027 | Info={'shot_attempted': False, 'pass_attempted': False, 'goal_scored': False, 'goal_team': None, 'ball_out_by': None, 'has_ball': False, 'start_shot_bonus': False, 'start_pass_bonus': False, 'possession_lost': False}

[Step 37] Action=[ 0.80738974  0.26669496  0.7973116   0.          0.         -0.39729828
 -0.69280106] | Reward=+0.001 | Cum=-0.026 | Info={'shot_attempted': False, 'pass_attempted': False, 'goal_scored': False, 'goal_team': None, 'ball_out_by': None, 'has_ball': False, 'start_shot_bonus': False, 'start_pass_bonus': False, 'possession_lost': False}

[Step 38] Action=[ 0.80751884  0.2667821   0.79745466  0.          0.         -0.39739355
 -0.69294685] | Reward=+0.002 | Cum=-0.024 | Info={'shot_attempted': False, 'pass_attempted': False, 'goal_scored': False, 'goal_team': None, 'ball_out_by': None, 'has_ball': False, 'start_shot_bonus': False, 'start_pass_bonus': False, 'possession_lost': False}

[Step 39] Action=[ 0.8076476   0.26686925  0.79759765  0.          0.         -0.39748862
 -0.6930924 ] | Reward=+0.002 | Cum=-0.022 | Info={'shot_attempted': False, 'pass_attempted': False, 'goal_scored': False, 'goal_team': None, 'ball_out_by': None, 'has_ball': False, 'start_shot_bonus': False, 'start_pass_bonus': False, 'possession_lost': False}

[Step 40] Action=[ 0.80777663  0.26695633  0.7977406   0.          0.         -0.3975834
 -0.693238  ] | Reward=+0.002 | Cum=-0.021 | Info={'shot_attempted': False, 'pass_attempted': False, 'goal_scored': False, 'goal_team': None, 'ball_out_by': None, 'has_ball': False, 'start_shot_bonus': False, 'start_pass_bonus': False, 'possession_lost': False}

[Step 41] Action=[ 0.8079054   0.26704317  0.79788345  0.          0.         -0.39767882
 -0.6933835 ] | Reward=+0.001 | Cum=-0.019 | Info={'shot_attempted': False, 'pass_attempted': False, 'goal_scored': False, 'goal_team': None, 'ball_out_by': None, 'has_ball': False, 'start_shot_bonus': False, 'start_pass_bonus': False, 'possession_lost': False}

[Step 42] Action=[ 0.80803424  0.26713035  0.7980262   0.          0.         -0.39777383
 -0.693529  ] | Reward=+0.002 | Cum=-0.017 | Info={'shot_attempted': False, 'pass_attempted': False, 'goal_scored': False, 'goal_team': None, 'ball_out_by': None, 'has_ball': False, 'start_shot_bonus': False, 'start_pass_bonus': False, 'possession_lost': False}

[Step 43] Action=[ 0.8081628   0.2672175   0.79816884  0.          0.         -0.397869
 -0.69367445] | Reward=+0.002 | Cum=-0.015 | Info={'shot_attempted': False, 'pass_attempted': False, 'goal_scored': False, 'goal_team': None, 'ball_out_by': None, 'has_ball': False, 'start_shot_bonus': False, 'start_pass_bonus': False, 'possession_lost': False}

[Step 44] Action=[ 0.8082913   0.26730436  0.7983115   0.          0.         -0.39796406
 -0.6938198 ] | Reward=+0.002 | Cum=-0.013 | Info={'shot_attempted': False, 'pass_attempted': False, 'goal_scored': False, 'goal_team': None, 'ball_out_by': None, 'has_ball': False, 'start_shot_bonus': False, 'start_pass_bonus': False, 'possession_lost': False}

[Step 45] Action=[ 0.80841994  0.2673916   0.798454    0.          0.         -0.39805907
 -0.69396514] | Reward=+0.002 | Cum=-0.011 | Info={'shot_attempted': False, 'pass_attempted': False, 'goal_scored': False, 'goal_team': None, 'ball_out_by': None, 'has_ball': False, 'start_shot_bonus': False, 'start_pass_bonus': False, 'possession_lost': False}

[Step 46] Action=[ 0.8085484   0.26747853  0.7985964   0.          0.         -0.3981541
 -0.6941104 ] | Reward=+0.002 | Cum=-0.008 | Info={'shot_attempted': False, 'pass_attempted': False, 'goal_scored': False, 'goal_team': None, 'ball_out_by': None, 'has_ball': False, 'start_shot_bonus': False, 'start_pass_bonus': False, 'possession_lost': False}

[Step 47] Action=[ 0.80867666  0.26756564  0.7987387   0.          0.         -0.39824915
 -0.69425565] | Reward=+0.003 | Cum=-0.006 | Info={'shot_attempted': False, 'pass_attempted': False, 'goal_scored': False, 'goal_team': None, 'ball_out_by': None, 'has_ball': False, 'start_shot_bonus': False, 'start_pass_bonus': False, 'possession_lost': False}

[Step 48] Action=[ 0.808805    0.26765275  0.79888093  0.          0.         -0.39834422
 -0.69440085] | Reward=+0.003 | Cum=-0.003 | Info={'shot_attempted': False, 'pass_attempted': False, 'goal_scored': False, 'goal_team': None, 'ball_out_by': None, 'has_ball': False, 'start_shot_bonus': False, 'start_pass_bonus': False, 'possession_lost': False}

[Step 49] Action=[ 0.8089332   0.26773965  0.7990231   0.          0.         -0.39843944
 -0.6945459 ] | Reward=+0.003 | Cum=+0.000 | Info={'shot_attempted': False, 'pass_attempted': False, 'goal_scored': False, 'goal_team': None, 'ball_out_by': None, 'has_ball': False, 'start_shot_bonus': False, 'start_pass_bonus': False, 'possession_lost': False}

[Step 50] Action=[ 0.80906135  0.26782683  0.7991652   0.          0.         -0.3985345
 -0.69469094] | Reward=+0.003 | Cum=+0.003 | Info={'shot_attempted': False, 'pass_attempted': False, 'goal_scored': False, 'goal_team': None, 'ball_out_by': None, 'has_ball': False, 'start_shot_bonus': False, 'start_pass_bonus': False, 'possession_lost': False}

[Step 51] Action=[ 0.8091894   0.2679139   0.79930717  0.          0.         -0.3986296
 -0.69483596] | Reward=+0.003 | Cum=+0.006 | Info={'shot_attempted': False, 'pass_attempted': False, 'goal_scored': False, 'goal_team': None, 'ball_out_by': None, 'has_ball': False, 'start_shot_bonus': False, 'start_pass_bonus': False, 'possession_lost': False}

[Step 52] Action=[ 0.80931747  0.26800105  0.7994491   0.          0.         -0.39872465
 -0.694981  ] | Reward=+0.004 | Cum=+0.009 | Info={'shot_attempted': False, 'pass_attempted': False, 'goal_scored': False, 'goal_team': None, 'ball_out_by': None, 'has_ball': False, 'start_shot_bonus': False, 'start_pass_bonus': False, 'possession_lost': False}

[Step 53] Action=[ 0.8094453   0.26808804  0.7995909   0.          0.         -0.39881954
 -0.6951259 ] | Reward=+0.004 | Cum=+0.013 | Info={'shot_attempted': False, 'pass_attempted': False, 'goal_scored': False, 'goal_team': None, 'ball_out_by': None, 'has_ball': False, 'start_shot_bonus': False, 'start_pass_bonus': False, 'possession_lost': False}

[Step 54] Action=[ 0.8095733   0.26817492  0.7997326   0.          0.         -0.3989148
 -0.6952707 ] | Reward=+0.004 | Cum=+0.016 | Info={'shot_attempted': False, 'pass_attempted': False, 'goal_scored': False, 'goal_team': None, 'ball_out_by': None, 'has_ball': False, 'start_shot_bonus': False, 'start_pass_bonus': False, 'possession_lost': False}

[Step 55] Action=[ 0.809701    0.26826197  0.7998743   0.          0.         -0.39900967
 -0.69541556] | Reward=+0.003 | Cum=+0.019 | Info={'shot_attempted': False, 'pass_attempted': False, 'goal_scored': False, 'goal_team': None, 'ball_out_by': None, 'has_ball': False, 'start_shot_bonus': False, 'start_pass_bonus': False, 'possession_lost': False}

[Step 56] Action=[ 0.80982876  0.26834938  0.80001587  0.          0.         -0.39910486
 -0.6955602 ] | Reward=+0.004 | Cum=+0.023 | Info={'shot_attempted': False, 'pass_attempted': False, 'goal_scored': False, 'goal_team': None, 'ball_out_by': None, 'has_ball': False, 'start_shot_bonus': False, 'start_pass_bonus': False, 'possession_lost': False}

[Step 57] Action=[ 0.8099564   0.26843643  0.80015737  0.          0.         -0.3991999
 -0.69570494] | Reward=+0.004 | Cum=+0.027 | Info={'shot_attempted': False, 'pass_attempted': False, 'goal_scored': False, 'goal_team': None, 'ball_out_by': None, 'has_ball': False, 'start_shot_bonus': False, 'start_pass_bonus': False, 'possession_lost': False}

[Step 58] Action=[ 0.81008387  0.26852348  0.8002987   0.          0.         -0.39929476
 -0.6958496 ] | Reward=+0.004 | Cum=+0.030 | Info={'shot_attempted': False, 'pass_attempted': False, 'goal_scored': False, 'goal_team': None, 'ball_out_by': None, 'has_ball': False, 'start_shot_bonus': False, 'start_pass_bonus': False, 'possession_lost': False}

[Step 59] Action=[ 0.8321709   0.26449537  0.81833035  0.          0.         -0.4131306
 -0.7218296 ] | Reward=+0.004 | Cum=+0.034 | Info={'shot_attempted': False, 'pass_attempted': False, 'goal_scored': False, 'goal_team': None, 'ball_out_by': None, 'has_ball': False, 'start_shot_bonus': False, 'start_pass_bonus': False, 'possession_lost': False}

[Step 60] Action=[ 0.8322974   0.26459116  0.81846964  0.          0.         -0.41323978
 -0.7219817 ] | Reward=+0.004 | Cum=+0.038 | Info={'shot_attempted': False, 'pass_attempted': False, 'goal_scored': False, 'goal_team': None, 'ball_out_by': None, 'has_ball': False, 'start_shot_bonus': False, 'start_pass_bonus': False, 'possession_lost': False}

[Step 61] Action=[ 0.8324184   0.26468483  0.8186037   0.          0.         -0.41334605
 -0.72212666] | Reward=+0.004 | Cum=+0.042 | Info={'shot_attempted': False, 'pass_attempted': False, 'goal_scored': False, 'goal_team': None, 'ball_out_by': None, 'has_ball': False, 'start_shot_bonus': False, 'start_pass_bonus': False, 'possession_lost': False}

[Step 62] Action=[ 0.832326    0.26463595  0.81849366  0.          0.         -0.41332406
 -0.72210133] | Reward=+0.004 | Cum=+0.047 | Info={'shot_attempted': False, 'pass_attempted': False, 'goal_scored': False, 'goal_team': None, 'ball_out_by': None, 'has_ball': False, 'start_shot_bonus': False, 'start_pass_bonus': False, 'possession_lost': False}

[Step 63] Action=[ 0.83244675  0.2647297   0.8186278   0.          0.         -0.4134303
 -0.72224617] | Reward=+0.004 | Cum=+0.051 | Info={'shot_attempted': False, 'pass_attempted': False, 'goal_scored': False, 'goal_team': None, 'ball_out_by': None, 'has_ball': False, 'start_shot_bonus': False, 'start_pass_bonus': False, 'possession_lost': False}

[Step 64] Action=[ 0.83256763  0.2648234   0.81876177  0.          0.         -0.41353634
 -0.7223911 ] | Reward=+0.004 | Cum=+0.056 | Info={'shot_attempted': False, 'pass_attempted': False, 'goal_scored': False, 'goal_team': None, 'ball_out_by': None, 'has_ball': False, 'start_shot_bonus': False, 'start_pass_bonus': False, 'possession_lost': False}

[Step 65] Action=[ 0.83268857  0.2649165   0.8188959   0.          0.         -0.41364282
 -0.7225362 ] | Reward=+0.004 | Cum=+0.060 | Info={'shot_attempted': False, 'pass_attempted': False, 'goal_scored': False, 'goal_team': None, 'ball_out_by': None, 'has_ball': False, 'start_shot_bonus': False, 'start_pass_bonus': False, 'possession_lost': False}

[Step 66] Action=[ 0.83280987  0.26500827  0.81903034  0.          0.         -0.41375038
 -0.72268313] | Reward=+0.005 | Cum=+0.065 | Info={'shot_attempted': False, 'pass_attempted': False, 'goal_scored': False, 'goal_team': None, 'ball_out_by': None, 'has_ball': False, 'start_shot_bonus': False, 'start_pass_bonus': False, 'possession_lost': False}

[Step 67] Action=[ 0.83293116  0.26510015  0.8191647   0.          0.         -0.41385782
 -0.72283   ] | Reward=+0.005 | Cum=+0.070 | Info={'shot_attempted': False, 'pass_attempted': False, 'goal_scored': False, 'goal_team': None, 'ball_out_by': None, 'has_ball': False, 'start_shot_bonus': False, 'start_pass_bonus': False, 'possession_lost': False}

[Step 68] Action=[ 0.8330523   0.2651917   0.81929904  0.          0.         -0.41396564
 -0.72297686] | Reward=+0.005 | Cum=+0.075 | Info={'shot_attempted': False, 'pass_attempted': False, 'goal_scored': False, 'goal_team': None, 'ball_out_by': None, 'has_ball': False, 'start_shot_bonus': False, 'start_pass_bonus': False, 'possession_lost': False}

[Step 69] Action=[ 0.8331734   0.26528326  0.81943333  0.          0.         -0.4140731
 -0.7231235 ] | Reward=+0.005 | Cum=+0.080 | Info={'shot_attempted': False, 'pass_attempted': False, 'goal_scored': False, 'goal_team': None, 'ball_out_by': None, 'has_ball': False, 'start_shot_bonus': False, 'start_pass_bonus': False, 'possession_lost': False}

[Step 70] Action=[ 0.8332944  0.2653751  0.8195675  0.         0.        -0.4141805
 -0.7232702] | Reward=+0.005 | Cum=+0.085 | Info={'shot_attempted': False, 'pass_attempted': False, 'goal_scored': False, 'goal_team': None, 'ball_out_by': None, 'has_ball': False, 'start_shot_bonus': False, 'start_pass_bonus': False, 'possession_lost': False}

[Step 71] Action=[ 0.8334153   0.26546675  0.8197015   0.          0.         -0.4142883
 -0.7234168 ] | Reward=+0.005 | Cum=+0.091 | Info={'shot_attempted': False, 'pass_attempted': False, 'goal_scored': False, 'goal_team': None, 'ball_out_by': None, 'has_ball': False, 'start_shot_bonus': False, 'start_pass_bonus': False, 'possession_lost': False}

[Step 72] Action=[ 0.83353615  0.26555872  0.81983554  0.          0.         -0.41439596
 -0.72356325] | Reward=+0.005 | Cum=+0.096 | Info={'shot_attempted': False, 'pass_attempted': False, 'goal_scored': False, 'goal_team': None, 'ball_out_by': None, 'has_ball': False, 'start_shot_bonus': False, 'start_pass_bonus': False, 'possession_lost': False}

[Step 73] Action=[ 0.83365685  0.26565024  0.8199694   0.          0.         -0.41450328
 -0.72370976] | Reward=+0.005 | Cum=+0.101 | Info={'shot_attempted': False, 'pass_attempted': False, 'goal_scored': False, 'goal_team': None, 'ball_out_by': None, 'has_ball': False, 'start_shot_bonus': False, 'start_pass_bonus': False, 'possession_lost': False}

[Step 74] Action=[ 0.83377755  0.2657421   0.8201032   0.          0.         -0.41461086
 -0.72385615] | Reward=+0.005 | Cum=+0.106 | Info={'shot_attempted': False, 'pass_attempted': False, 'goal_scored': False, 'goal_team': None, 'ball_out_by': None, 'has_ball': False, 'start_shot_bonus': False, 'start_pass_bonus': False, 'possession_lost': False}

[Step 75] Action=[ 0.8338982   0.2658335   0.8202369   0.          0.         -0.4147186
 -0.72400254] | Reward=+0.006 | Cum=+0.112 | Info={'shot_attempted': False, 'pass_attempted': False, 'goal_scored': False, 'goal_team': None, 'ball_out_by': None, 'has_ball': False, 'start_shot_bonus': False, 'start_pass_bonus': False, 'possession_lost': False}

[Step 76] Action=[ 0.83401877  0.26592523  0.8203706   0.          0.         -0.414826
 -0.72414875] | Reward=+0.006 | Cum=+0.118 | Info={'shot_attempted': False, 'pass_attempted': False, 'goal_scored': False, 'goal_team': None, 'ball_out_by': None, 'has_ball': False, 'start_shot_bonus': False, 'start_pass_bonus': False, 'possession_lost': False}

[Step 77] Action=[ 0.8341392   0.26601693  0.8205041   0.          0.         -0.4149335
 -0.724295  ] | Reward=+0.006 | Cum=+0.124 | Info={'shot_attempted': False, 'pass_attempted': False, 'goal_scored': False, 'goal_team': None, 'ball_out_by': None, 'has_ball': False, 'start_shot_bonus': False, 'start_pass_bonus': False, 'possession_lost': False}

[Step 78] Action=[ 0.8342596   0.26610854  0.82063764  0.          0.         -0.41504118
 -0.7244412 ] | Reward=+0.006 | Cum=+0.130 | Info={'shot_attempted': False, 'pass_attempted': False, 'goal_scored': False, 'goal_team': None, 'ball_out_by': None, 'has_ball': False, 'start_shot_bonus': False, 'start_pass_bonus': False, 'possession_lost': False}

[Step 79] Action=[ 0.8343799   0.26620036  0.820771    0.          0.         -0.41514856
 -0.7245874 ] | Reward=+0.006 | Cum=+0.136 | Info={'shot_attempted': False, 'pass_attempted': False, 'goal_scored': False, 'goal_team': None, 'ball_out_by': None, 'has_ball': False, 'start_shot_bonus': False, 'start_pass_bonus': False, 'possession_lost': False}

[Step 80] Action=[ 0.83450013  0.26629186  0.8209043   0.          0.         -0.41525626
 -0.7247333 ] | Reward=+0.007 | Cum=+0.143 | Info={'shot_attempted': False, 'pass_attempted': False, 'goal_scored': False, 'goal_team': None, 'ball_out_by': None, 'has_ball': False, 'start_shot_bonus': False, 'start_pass_bonus': False, 'possession_lost': False}

[Step 81] Action=[ 0.8346204   0.26638368  0.82103753  0.          0.         -0.41536364
 -0.7248793 ] | Reward=+0.007 | Cum=+0.149 | Info={'shot_attempted': False, 'pass_attempted': False, 'goal_scored': False, 'goal_team': None, 'ball_out_by': None, 'has_ball': False, 'start_shot_bonus': False, 'start_pass_bonus': False, 'possession_lost': False}

[Step 82] Action=[ 0.8347404   0.26647526  0.8211707   0.          0.         -0.41547096
 -0.72502524] | Reward=+0.007 | Cum=+0.156 | Info={'shot_attempted': False, 'pass_attempted': False, 'goal_scored': False, 'goal_team': None, 'ball_out_by': None, 'has_ball': False, 'start_shot_bonus': False, 'start_pass_bonus': False, 'possession_lost': False}

[Step 83] Action=[ 0.8348604   0.26656717  0.82130367  0.          0.         -0.41557848
 -0.725171  ] | Reward=+0.006 | Cum=+0.162 | Info={'shot_attempted': False, 'pass_attempted': False, 'goal_scored': False, 'goal_team': None, 'ball_out_by': None, 'has_ball': False, 'start_shot_bonus': False, 'start_pass_bonus': False, 'possession_lost': False}

[Step 84] Action=[ 0.8349805   0.26665863  0.8214369   0.          0.         -0.41568622
 -0.725317  ] | Reward=+0.007 | Cum=+0.169 | Info={'shot_attempted': False, 'pass_attempted': False, 'goal_scored': False, 'goal_team': None, 'ball_out_by': None, 'has_ball': False, 'start_shot_bonus': False, 'start_pass_bonus': False, 'possession_lost': False}

[Step 85] Action=[ 0.83510065  0.2667511   0.8215704   0.          0.         -0.41579434
 -0.7254634 ] | Reward=+0.007 | Cum=+0.175 | Info={'shot_attempted': False, 'pass_attempted': False, 'goal_scored': False, 'goal_team': None, 'ball_out_by': None, 'has_ball': False, 'start_shot_bonus': False, 'start_pass_bonus': False, 'possession_lost': False}

[Step 86] Action=[ 0.8352208   0.266843    0.8217039   0.          0.         -0.41590244
 -0.7256097 ] | Reward=+0.007 | Cum=+0.182 | Info={'shot_attempted': False, 'pass_attempted': False, 'goal_scored': False, 'goal_team': None, 'ball_out_by': None, 'has_ball': False, 'start_shot_bonus': False, 'start_pass_bonus': False, 'possession_lost': False}

[Step 87] Action=[ 0.8353409   0.26693523  0.8218373   0.          0.         -0.41601056
 -0.72575593] | Reward=+0.007 | Cum=+0.189 | Info={'shot_attempted': False, 'pass_attempted': False, 'goal_scored': False, 'goal_team': None, 'ball_out_by': None, 'has_ball': False, 'start_shot_bonus': False, 'start_pass_bonus': False, 'possession_lost': False}

[Step 88] Action=[ 0.83546096  0.26702702  0.82197064  0.          0.         -0.4161186
 -0.7259022 ] | Reward=+0.007 | Cum=+0.195 | Info={'shot_attempted': False, 'pass_attempted': False, 'goal_scored': False, 'goal_team': None, 'ball_out_by': None, 'has_ball': False, 'start_shot_bonus': False, 'start_pass_bonus': False, 'possession_lost': False}

[Step 89] Action=[ 0.8355809   0.26711944  0.82210386  0.          0.         -0.41622654
 -0.7260483 ] | Reward=+0.007 | Cum=+0.203 | Info={'shot_attempted': False, 'pass_attempted': False, 'goal_scored': False, 'goal_team': None, 'ball_out_by': None, 'has_ball': False, 'start_shot_bonus': False, 'start_pass_bonus': False, 'possession_lost': False}

[Step 90] Action=[ 0.83570075  0.26721135  0.822237    0.          0.         -0.4163346
 -0.7261943 ] | Reward=+0.007 | Cum=+0.210 | Info={'shot_attempted': False, 'pass_attempted': False, 'goal_scored': False, 'goal_team': None, 'ball_out_by': None, 'has_ball': False, 'start_shot_bonus': False, 'start_pass_bonus': False, 'possession_lost': False}

[Step 91] Action=[ 0.83582056  0.26730365  0.82237005  0.          0.         -0.41644284
 -0.7263404 ] | Reward=+0.007 | Cum=+0.218 | Info={'shot_attempted': False, 'pass_attempted': False, 'goal_scored': False, 'goal_team': None, 'ball_out_by': None, 'has_ball': False, 'start_shot_bonus': False, 'start_pass_bonus': False, 'possession_lost': False}

[Step 92] Action=[ 0.83594054  0.26739606  0.82250345  0.          0.         -0.4165513
 -0.72648686] | Reward=+0.007 | Cum=+0.225 | Info={'shot_attempted': False, 'pass_attempted': False, 'goal_scored': False, 'goal_team': None, 'ball_out_by': None, 'has_ball': False, 'start_shot_bonus': False, 'start_pass_bonus': False, 'possession_lost': False}

[Step 93] Action=[ 0.83606094  0.26748893  0.82263696  0.          0.         -0.41665977
 -0.72663355] | Reward=+0.007 | Cum=+0.232 | Info={'shot_attempted': False, 'pass_attempted': False, 'goal_scored': False, 'goal_team': None, 'ball_out_by': None, 'has_ball': False, 'start_shot_bonus': False, 'start_pass_bonus': False, 'possession_lost': False}

[Step 94] Action=[ 0.8361811   0.26758212  0.82277036  0.          0.         -0.41676864
 -0.72678024] | Reward=+0.008 | Cum=+0.240 | Info={'shot_attempted': False, 'pass_attempted': False, 'goal_scored': False, 'goal_team': None, 'ball_out_by': None, 'has_ball': False, 'start_shot_bonus': False, 'start_pass_bonus': False, 'possession_lost': False}

[Step 95] Action=[ 0.83630127  0.2676751   0.8229036   0.          0.         -0.41687715
 -0.7269268 ] | Reward=+0.008 | Cum=+0.248 | Info={'shot_attempted': False, 'pass_attempted': False, 'goal_scored': False, 'goal_team': None, 'ball_out_by': None, 'has_ball': False, 'start_shot_bonus': False, 'start_pass_bonus': False, 'possession_lost': False}

[Step 96] Action=[ 0.8364213   0.26776773  0.82303685  0.          0.         -0.41698575
 -0.7270733 ] | Reward=+0.008 | Cum=+0.257 | Info={'shot_attempted': False, 'pass_attempted': False, 'goal_scored': False, 'goal_team': None, 'ball_out_by': None, 'has_ball': False, 'start_shot_bonus': False, 'start_pass_bonus': False, 'possession_lost': False}

[Step 97] Action=[ 0.83654124  0.26786077  0.82317     0.          0.         -0.4170946
 -0.7272197 ] | Reward=+0.007 | Cum=+0.264 | Info={'shot_attempted': False, 'pass_attempted': False, 'goal_scored': False, 'goal_team': None, 'ball_out_by': None, 'has_ball': False, 'start_shot_bonus': False, 'start_pass_bonus': False, 'possession_lost': False}

[Step 98] Action=[ 0.8366611   0.26795363  0.82330304  0.          0.         -0.41720298
 -0.72736615] | Reward=+0.008 | Cum=+0.272 | Info={'shot_attempted': False, 'pass_attempted': False, 'goal_scored': False, 'goal_team': None, 'ball_out_by': None, 'has_ball': False, 'start_shot_bonus': False, 'start_pass_bonus': False, 'possession_lost': False}

[Step 99] Action=[ 0.83678097  0.2680469   0.823436    0.          0.         -0.4173116
 -0.7275124 ] | Reward=+0.008 | Cum=+0.280 | Info={'shot_attempted': False, 'pass_attempted': False, 'goal_scored': False, 'goal_team': None, 'ball_out_by': None, 'has_ball': False, 'start_shot_bonus': False, 'start_pass_bonus': False, 'possession_lost': False}

[Step 100] Action=[ 0.8369007   0.26813963  0.82356894  0.          0.         -0.41742036
 -0.7276587 ] | Reward=+0.008 | Cum=+0.288 | Info={'shot_attempted': False, 'pass_attempted': False, 'goal_scored': False, 'goal_team': None, 'ball_out_by': None, 'has_ball': False, 'start_shot_bonus': False, 'start_pass_bonus': False, 'possession_lost': False}

[Step 101] Action=[ 0.8370204   0.26823232  0.82370174  0.          0.         -0.4175288
 -0.7278049 ] | Reward=+0.008 | Cum=+0.296 | Info={'shot_attempted': False, 'pass_attempted': False, 'goal_scored': False, 'goal_team': None, 'ball_out_by': None, 'has_ball': False, 'start_shot_bonus': False, 'start_pass_bonus': False, 'possession_lost': False}

[Step 102] Action=[ 0.83713996  0.26832527  0.8238344   0.          0.         -0.41763756
 -0.72795105] | Reward=+0.008 | Cum=+0.304 | Info={'shot_attempted': False, 'pass_attempted': False, 'goal_scored': False, 'goal_team': None, 'ball_out_by': None, 'has_ball': False, 'start_shot_bonus': False, 'start_pass_bonus': False, 'possession_lost': False}

[Step 103] Action=[ 0.83725953  0.26841828  0.8239671   0.          0.         -0.41774595
 -0.72809714] | Reward=+0.009 | Cum=+0.313 | Info={'shot_attempted': False, 'pass_attempted': False, 'goal_scored': False, 'goal_team': None, 'ball_out_by': None, 'has_ball': False, 'start_shot_bonus': False, 'start_pass_bonus': False, 'possession_lost': False}

[Step 104] Action=[ 0.8373789   0.2685111   0.82409966  0.          0.         -0.41785467
 -0.7282432 ] | Reward=+0.009 | Cum=+0.321 | Info={'shot_attempted': False, 'pass_attempted': False, 'goal_scored': False, 'goal_team': None, 'ball_out_by': None, 'has_ball': False, 'start_shot_bonus': False, 'start_pass_bonus': False, 'possession_lost': False}

[Step 105] Action=[ 0.8374983   0.2686038   0.82423204  0.          0.         -0.41796324
 -0.728389  ] | Reward=+0.009 | Cum=+0.330 | Info={'shot_attempted': False, 'pass_attempted': False, 'goal_scored': False, 'goal_team': None, 'ball_out_by': None, 'has_ball': False, 'start_shot_bonus': False, 'start_pass_bonus': False, 'possession_lost': False}

[Step 106] Action=[ 0.83761764  0.2686968   0.8243645   0.          0.         -0.41807172
 -0.72853494] | Reward=+0.009 | Cum=+0.339 | Info={'shot_attempted': False, 'pass_attempted': False, 'goal_scored': False, 'goal_team': None, 'ball_out_by': None, 'has_ball': False, 'start_shot_bonus': False, 'start_pass_bonus': False, 'possession_lost': False}

[Step 107] Action=[ 0.8377367   0.2687896   0.82449675  0.          0.         -0.41818035
 -0.72868085] | Reward=+0.009 | Cum=+0.347 | Info={'shot_attempted': False, 'pass_attempted': False, 'goal_scored': False, 'goal_team': None, 'ball_out_by': None, 'has_ball': False, 'start_shot_bonus': False, 'start_pass_bonus': False, 'possession_lost': False}

[Step 108] Action=[ 0.83785594  0.26888296  0.8246289   0.          0.         -0.41828892
 -0.7288266 ] | Reward=+0.009 | Cum=+0.357 | Info={'shot_attempted': False, 'pass_attempted': False, 'goal_scored': False, 'goal_team': None, 'ball_out_by': None, 'has_ball': False, 'start_shot_bonus': False, 'start_pass_bonus': False, 'possession_lost': False}

[Step 109] Action=[ 0.8379748   0.26897606  0.8247612   0.          0.         -0.41839945
 -0.72897315] | Reward=+0.009 | Cum=+0.366 | Info={'shot_attempted': False, 'pass_attempted': False, 'goal_scored': False, 'goal_team': None, 'ball_out_by': None, 'has_ball': False, 'start_shot_bonus': False, 'start_pass_bonus': False, 'possession_lost': False}

[Step 110] Action=[ 0.83809346  0.26906928  0.8248935   0.          0.         -0.4185108
 -0.72911996] | Reward=+0.009 | Cum=+0.375 | Info={'shot_attempted': False, 'pass_attempted': False, 'goal_scored': False, 'goal_team': None, 'ball_out_by': None, 'has_ball': False, 'start_shot_bonus': False, 'start_pass_bonus': False, 'possession_lost': False}

[Step 111] Action=[ 0.83821213  0.26916283  0.8250256   0.          0.         -0.41862234
 -0.7292667 ] | Reward=+0.009 | Cum=+0.384 | Info={'shot_attempted': False, 'pass_attempted': False, 'goal_scored': False, 'goal_team': None, 'ball_out_by': None, 'has_ball': False, 'start_shot_bonus': False, 'start_pass_bonus': False, 'possession_lost': False}

[Step 112] Action=[ 0.83833075  0.26925614  0.8251577   0.          0.         -0.4187334
 -0.72941333] | Reward=+0.009 | Cum=+0.393 | Info={'shot_attempted': False, 'pass_attempted': False, 'goal_scored': False, 'goal_team': None, 'ball_out_by': None, 'has_ball': False, 'start_shot_bonus': False, 'start_pass_bonus': False, 'possession_lost': False}

[Step 113] Action=[ 0.83844924  0.26934958  0.8252897   0.          0.         -0.4188448
 -0.72956   ] | Reward=+0.009 | Cum=+0.402 | Info={'shot_attempted': False, 'pass_attempted': False, 'goal_scored': False, 'goal_team': None, 'ball_out_by': None, 'has_ball': False, 'start_shot_bonus': False, 'start_pass_bonus': False, 'possession_lost': False}

[Step 114] Action=[ 0.83856773  0.26944333  0.8254216   0.          0.         -0.41895592
 -0.7297067 ] | Reward=+0.009 | Cum=+0.411 | Info={'shot_attempted': False, 'pass_attempted': False, 'goal_scored': False, 'goal_team': None, 'ball_out_by': None, 'has_ball': False, 'start_shot_bonus': False, 'start_pass_bonus': False, 'possession_lost': False}

[Step 115] Action=[ 0.8386861   0.26953673  0.8255534   0.          0.         -0.41906735
 -0.72985303] | Reward=+0.009 | Cum=+0.420 | Info={'shot_attempted': False, 'pass_attempted': False, 'goal_scored': False, 'goal_team': None, 'ball_out_by': None, 'has_ball': False, 'start_shot_bonus': False, 'start_pass_bonus': False, 'possession_lost': False}

[Step 116] Action=[ 0.83880436  0.26963004  0.82568514  0.          0.         -0.41917855
 -0.7299996 ] | Reward=+0.009 | Cum=+0.430 | Info={'shot_attempted': False, 'pass_attempted': False, 'goal_scored': False, 'goal_team': None, 'ball_out_by': None, 'has_ball': False, 'start_shot_bonus': False, 'start_pass_bonus': False, 'possession_lost': False}

[Step 117] Action=[ 0.8389227   0.26972356  0.8258168   0.          0.         -0.41928974
 -0.7301459 ] | Reward=+0.010 | Cum=+0.439 | Info={'shot_attempted': False, 'pass_attempted': False, 'goal_scored': False, 'goal_team': None, 'ball_out_by': None, 'has_ball': False, 'start_shot_bonus': False, 'start_pass_bonus': False, 'possession_lost': False}

[Step 118] Action=[ 0.83904076  0.26981673  0.8259484   0.          0.         -0.41940108
 -0.73029214] | Reward=+0.010 | Cum=+0.449 | Info={'shot_attempted': False, 'pass_attempted': False, 'goal_scored': False, 'goal_team': None, 'ball_out_by': None, 'has_ball': False, 'start_shot_bonus': False, 'start_pass_bonus': False, 'possession_lost': False}

[Step 119] Action=[ 0.83915883  0.26991037  0.82607985  0.          0.         -0.41951236
 -0.7304384 ] | Reward=+0.010 | Cum=+0.459 | Info={'shot_attempted': False, 'pass_attempted': False, 'goal_scored': False, 'goal_team': None, 'ball_out_by': None, 'has_ball': False, 'start_shot_bonus': False, 'start_pass_bonus': False, 'possession_lost': False}

[Step 120] Action=[ 0.83927673  0.27000397  0.8262113   0.          0.         -0.4196238
 -0.7305847 ] | Reward=+0.010 | Cum=+0.469 | Info={'shot_attempted': False, 'pass_attempted': False, 'goal_scored': False, 'goal_team': None, 'ball_out_by': None, 'has_ball': False, 'start_shot_bonus': False, 'start_pass_bonus': False, 'possession_lost': False}

[Step 121] Action=[ 0.8393946   0.27009702  0.82634264  0.          0.         -0.4197348
 -0.7307308 ] | Reward=+0.010 | Cum=+0.478 | Info={'shot_attempted': False, 'pass_attempted': False, 'goal_scored': False, 'goal_team': None, 'ball_out_by': None, 'has_ball': False, 'start_shot_bonus': False, 'start_pass_bonus': False, 'possession_lost': False}

[Step 122] Action=[ 0.8395125   0.27019063  0.8264739   0.          0.         -0.41984633
 -0.7308768 ] | Reward=+0.010 | Cum=+0.489 | Info={'shot_attempted': False, 'pass_attempted': False, 'goal_scored': False, 'goal_team': None, 'ball_out_by': None, 'has_ball': False, 'start_shot_bonus': False, 'start_pass_bonus': False, 'possession_lost': False}

[Step 123] Action=[ 0.8396303   0.27028412  0.8266049   0.          0.         -0.41995743
 -0.7310228 ] | Reward=+0.010 | Cum=+0.499 | Info={'shot_attempted': False, 'pass_attempted': False, 'goal_scored': False, 'goal_team': None, 'ball_out_by': None, 'has_ball': False, 'start_shot_bonus': False, 'start_pass_bonus': False, 'possession_lost': False}

[Step 124] Action=[ 0.83974797  0.2703775   0.826736    0.          0.         -0.4200685
 -0.73116875] | Reward=+0.010 | Cum=+0.510 | Info={'shot_attempted': False, 'pass_attempted': False, 'goal_scored': False, 'goal_team': None, 'ball_out_by': None, 'has_ball': False, 'start_shot_bonus': False, 'start_pass_bonus': False, 'possession_lost': False}

[Step 125] Action=[ 0.83986557  0.27047095  0.8268669   0.          0.         -0.42017975
 -0.7313147 ] | Reward=+0.009 | Cum=+0.519 | Info={'shot_attempted': False, 'pass_attempted': False, 'goal_scored': False, 'goal_team': None, 'ball_out_by': None, 'has_ball': False, 'start_shot_bonus': False, 'start_pass_bonus': False, 'possession_lost': False}

[Step 126] Action=[ 0.83998305  0.27056432  0.8269978   0.          0.         -0.42029098
 -0.73146045] | Reward=+0.010 | Cum=+0.529 | Info={'shot_attempted': False, 'pass_attempted': False, 'goal_scored': False, 'goal_team': None, 'ball_out_by': None, 'has_ball': False, 'start_shot_bonus': False, 'start_pass_bonus': False, 'possession_lost': False}

[Step 127] Action=[ 0.8401005   0.27065778  0.82712865  0.          0.         -0.42040223
 -0.7316061 ] | Reward=+0.010 | Cum=+0.539 | Info={'shot_attempted': False, 'pass_attempted': False, 'goal_scored': False, 'goal_team': None, 'ball_out_by': None, 'has_ball': False, 'start_shot_bonus': False, 'start_pass_bonus': False, 'possession_lost': False}

[Step 128] Action=[ 0.8402179   0.27075115  0.82725936  0.          0.         -0.42051336
 -0.7317518 ] | Reward=+0.010 | Cum=+0.550 | Info={'shot_attempted': False, 'pass_attempted': False, 'goal_scored': False, 'goal_team': None, 'ball_out_by': None, 'has_ball': False, 'start_shot_bonus': False, 'start_pass_bonus': False, 'possession_lost': False}

[Step 129] Action=[ 0.84033513  0.2708445   0.82738996  0.          0.         -0.42062464
 -0.7318974 ] | Reward=+0.010 | Cum=+0.560 | Info={'shot_attempted': False, 'pass_attempted': False, 'goal_scored': False, 'goal_team': None, 'ball_out_by': None, 'has_ball': False, 'start_shot_bonus': False, 'start_pass_bonus': False, 'possession_lost': False}

[Step 130] Action=[ 0.8404524   0.27093792  0.82752055  0.          0.         -0.4207357
 -0.73204297] | Reward=+0.010 | Cum=+0.570 | Info={'shot_attempted': False, 'pass_attempted': False, 'goal_scored': False, 'goal_team': None, 'ball_out_by': None, 'has_ball': False, 'start_shot_bonus': False, 'start_pass_bonus': False, 'possession_lost': False}

[Step 131] Action=[ 0.84056956  0.27103126  0.82765096  0.          0.         -0.4208469
 -0.73218846] | Reward=+0.011 | Cum=+0.580 | Info={'shot_attempted': False, 'pass_attempted': False, 'goal_scored': False, 'goal_team': None, 'ball_out_by': None, 'has_ball': False, 'start_shot_bonus': False, 'start_pass_bonus': False, 'possession_lost': False}

[Step 132] Action=[ 0.8406866   0.27112493  0.82778126  0.          0.         -0.42095804
 -0.73233384] | Reward=+0.011 | Cum=+0.591 | Info={'shot_attempted': False, 'pass_attempted': False, 'goal_scored': False, 'goal_team': None, 'ball_out_by': None, 'has_ball': False, 'start_shot_bonus': False, 'start_pass_bonus': False, 'possession_lost': False}

[Step 133] Action=[ 0.84080356  0.27121803  0.82791156  0.          0.         -0.42106926
 -0.7324793 ] | Reward=+0.011 | Cum=+0.602 | Info={'shot_attempted': False, 'pass_attempted': False, 'goal_scored': False, 'goal_team': None, 'ball_out_by': None, 'has_ball': False, 'start_shot_bonus': False, 'start_pass_bonus': False, 'possession_lost': False}

[Step 134] Action=[ 0.8409205   0.27130792  0.8280424   0.          0.         -0.4211802
 -0.7326261 ] | Reward=+0.011 | Cum=+0.613 | Info={'shot_attempted': False, 'pass_attempted': False, 'goal_scored': False, 'goal_team': None, 'ball_out_by': None, 'has_ball': False, 'start_shot_bonus': False, 'start_pass_bonus': False, 'possession_lost': False}

[Step 135] Action=[ 0.84103733  0.2713976   0.8281731   0.          0.         -0.42129126
 -0.73277295] | Reward=+0.011 | Cum=+0.623 | Info={'shot_attempted': False, 'pass_attempted': False, 'goal_scored': False, 'goal_team': None, 'ball_out_by': None, 'has_ball': False, 'start_shot_bonus': False, 'start_pass_bonus': False, 'possession_lost': False}

[Step 136] Action=[ 0.8411541   0.2714877   0.82830364  0.          0.         -0.42140195
 -0.73291963] | Reward=+0.011 | Cum=+0.635 | Info={'shot_attempted': False, 'pass_attempted': False, 'goal_scored': False, 'goal_team': None, 'ball_out_by': None, 'has_ball': False, 'start_shot_bonus': False, 'start_pass_bonus': False, 'possession_lost': False}

[Step 137] Action=[ 0.8412708   0.27157727  0.82843417  0.          0.         -0.421513
 -0.7330665 ] | Reward=+0.011 | Cum=+0.646 | Info={'shot_attempted': False, 'pass_attempted': False, 'goal_scored': False, 'goal_team': None, 'ball_out_by': None, 'has_ball': False, 'start_shot_bonus': False, 'start_pass_bonus': False, 'possession_lost': False}

[Step 138] Action=[ 0.8413877   0.27166712  0.8285648   0.          0.         -0.42162433
 -0.73321337] | Reward=+0.011 | Cum=+0.657 | Info={'shot_attempted': False, 'pass_attempted': False, 'goal_scored': False, 'goal_team': None, 'ball_out_by': None, 'has_ball': False, 'start_shot_bonus': False, 'start_pass_bonus': False, 'possession_lost': False}

[Step 139] Action=[ 0.84150445  0.27175722  0.82869536  0.          0.         -0.4217355
 -0.7333602 ] | Reward=+0.010 | Cum=+0.667 | Info={'shot_attempted': False, 'pass_attempted': False, 'goal_scored': False, 'goal_team': None, 'ball_out_by': None, 'has_ball': False, 'start_shot_bonus': False, 'start_pass_bonus': False, 'possession_lost': False}

[Step 140] Action=[ 0.8416211   0.2718471   0.82882583  0.          0.         -0.42184648
 -0.73350686] | Reward=+0.011 | Cum=+0.678 | Info={'shot_attempted': False, 'pass_attempted': False, 'goal_scored': False, 'goal_team': None, 'ball_out_by': None, 'has_ball': False, 'start_shot_bonus': False, 'start_pass_bonus': False, 'possession_lost': False}

[Step 141] Action=[ 0.84173775  0.27193695  0.8289562   0.          0.         -0.42195758
 -0.73365355] | Reward=+0.011 | Cum=+0.689 | Info={'shot_attempted': False, 'pass_attempted': False, 'goal_scored': False, 'goal_team': None, 'ball_out_by': None, 'has_ball': False, 'start_shot_bonus': False, 'start_pass_bonus': False, 'possession_lost': False}

[Step 142] Action=[ 0.8418542   0.2720267   0.8290864   0.          0.         -0.42206872
 -0.7338001 ] | Reward=+0.011 | Cum=+0.700 | Info={'shot_attempted': False, 'pass_attempted': False, 'goal_scored': False, 'goal_team': None, 'ball_out_by': None, 'has_ball': False, 'start_shot_bonus': False, 'start_pass_bonus': False, 'possession_lost': False}

[Step 143] Action=[ 0.8419707   0.2721169   0.82921666  0.          0.         -0.42217973
 -0.73394674] | Reward=+0.011 | Cum=+0.711 | Info={'shot_attempted': False, 'pass_attempted': False, 'goal_scored': False, 'goal_team': None, 'ball_out_by': None, 'has_ball': False, 'start_shot_bonus': False, 'start_pass_bonus': False, 'possession_lost': False}

[Step 144] Action=[ 0.84208703  0.2722063   0.8293468   0.          0.         -0.4222907
 -0.7340931 ] | Reward=+0.011 | Cum=+0.722 | Info={'shot_attempted': False, 'pass_attempted': False, 'goal_scored': False, 'goal_team': None, 'ball_out_by': None, 'has_ball': False, 'start_shot_bonus': False, 'start_pass_bonus': False, 'possession_lost': False}

[Step 145] Action=[ 0.8422034   0.27229637  0.8294768   0.          0.         -0.42240208
 -0.7342396 ] | Reward=+0.011 | Cum=+0.733 | Info={'shot_attempted': False, 'pass_attempted': False, 'goal_scored': False, 'goal_team': None, 'ball_out_by': None, 'has_ball': False, 'start_shot_bonus': False, 'start_pass_bonus': False, 'possession_lost': False}

[Step 146] Action=[ 0.84231955  0.27238643  0.8296068   0.          0.         -0.4225132
 -0.73438597] | Reward=+0.011 | Cum=+0.744 | Info={'shot_attempted': False, 'pass_attempted': False, 'goal_scored': False, 'goal_team': None, 'ball_out_by': None, 'has_ball': False, 'start_shot_bonus': False, 'start_pass_bonus': False, 'possession_lost': False}

[Step 147] Action=[ 0.8424357   0.27247626  0.82973653  0.          0.         -0.42262417
 -0.7345322 ] | Reward=+0.011 | Cum=+0.756 | Info={'shot_attempted': False, 'pass_attempted': False, 'goal_scored': False, 'goal_team': None, 'ball_out_by': None, 'has_ball': False, 'start_shot_bonus': False, 'start_pass_bonus': False, 'possession_lost': False}

[Step 148] Action=[ 0.8425518   0.2725662   0.82986635  0.          0.         -0.4227354
 -0.73467827] | Reward=+0.011 | Cum=+0.767 | Info={'shot_attempted': False, 'pass_attempted': False, 'goal_scored': False, 'goal_team': None, 'ball_out_by': None, 'has_ball': False, 'start_shot_bonus': False, 'start_pass_bonus': False, 'possession_lost': False}

[Step 149] Action=[ 0.8426678   0.27265623  0.829996    0.          0.         -0.42284632
 -0.7348245 ] | Reward=+0.011 | Cum=+0.778 | Info={'shot_attempted': False, 'pass_attempted': False, 'goal_scored': False, 'goal_team': None, 'ball_out_by': None, 'has_ball': False, 'start_shot_bonus': False, 'start_pass_bonus': False, 'possession_lost': False}

[Step 150] Action=[ 0.84278375  0.27274594  0.8301256   0.          0.         -0.42295727
 -0.7349706 ] | Reward=+0.012 | Cum=+0.790 | Info={'shot_attempted': False, 'pass_attempted': False, 'goal_scored': False, 'goal_team': None, 'ball_out_by': None, 'has_ball': False, 'start_shot_bonus': False, 'start_pass_bonus': False, 'possession_lost': False}

[Step 151] Action=[ 0.84289956  0.27283588  0.83025515  0.          0.         -0.42306814
 -0.7351167 ] | Reward=+0.012 | Cum=+0.802 | Info={'shot_attempted': False, 'pass_attempted': False, 'goal_scored': False, 'goal_team': None, 'ball_out_by': None, 'has_ball': False, 'start_shot_bonus': False, 'start_pass_bonus': False, 'possession_lost': False}

[Step 152] Action=[ 0.84301543  0.27292567  0.8303845   0.          0.         -0.42317945
 -0.7352626 ] | Reward=+0.012 | Cum=+0.814 | Info={'shot_attempted': False, 'pass_attempted': False, 'goal_scored': False, 'goal_team': None, 'ball_out_by': None, 'has_ball': False, 'start_shot_bonus': False, 'start_pass_bonus': False, 'possession_lost': False}

[Step 153] Action=[ 0.84313107  0.2730155   0.83051383  0.          0.         -0.4232903
 -0.7354085 ] | Reward=+0.011 | Cum=+0.825 | Info={'shot_attempted': False, 'pass_attempted': False, 'goal_scored': False, 'goal_team': None, 'ball_out_by': None, 'has_ball': False, 'start_shot_bonus': False, 'start_pass_bonus': False, 'possession_lost': False}

[Step 154] Action=[ 0.84324664  0.2731055   0.8306432   0.          0.         -0.42340133
 -0.7355543 ] | Reward=+0.011 | Cum=+0.836 | Info={'shot_attempted': False, 'pass_attempted': False, 'goal_scored': False, 'goal_team': None, 'ball_out_by': None, 'has_ball': False, 'start_shot_bonus': False, 'start_pass_bonus': False, 'possession_lost': False}

[Step 155] Action=[ 0.8433623   0.27319542  0.83077234  0.          0.         -0.4235126
 -0.7357    ] | Reward=+0.011 | Cum=+0.848 | Info={'shot_attempted': False, 'pass_attempted': False, 'goal_scored': False, 'goal_team': None, 'ball_out_by': None, 'has_ball': False, 'start_shot_bonus': False, 'start_pass_bonus': False, 'possession_lost': False}

[Step 156] Action=[ 0.8434777   0.27328533  0.8309014   0.          0.         -0.42362344
 -0.73584574] | Reward=+0.011 | Cum=+0.859 | Info={'shot_attempted': False, 'pass_attempted': False, 'goal_scored': False, 'goal_team': None, 'ball_out_by': None, 'has_ball': False, 'start_shot_bonus': False, 'start_pass_bonus': False, 'possession_lost': False}

[Step 157] Action=[ 0.8435931   0.2733751   0.83103037  0.          0.         -0.4237344
 -0.73599136] | Reward=+0.011 | Cum=+0.870 | Info={'shot_attempted': False, 'pass_attempted': False, 'goal_scored': False, 'goal_team': None, 'ball_out_by': None, 'has_ball': False, 'start_shot_bonus': False, 'start_pass_bonus': False, 'possession_lost': False}

[Step 158] Action=[ 0.84370846  0.273465    0.83115923  0.          0.         -0.42384535
 -0.7361369 ] | Reward=+0.011 | Cum=+0.881 | Info={'shot_attempted': False, 'pass_attempted': False, 'goal_scored': False, 'goal_team': None, 'ball_out_by': None, 'has_ball': False, 'start_shot_bonus': False, 'start_pass_bonus': False, 'possession_lost': False}

[Step 159] Action=[ 0.8438237   0.2735549   0.8312881   0.          0.         -0.42395622
 -0.73628247] | Reward=+0.012 | Cum=+0.893 | Info={'shot_attempted': False, 'pass_attempted': False, 'goal_scored': False, 'goal_team': None, 'ball_out_by': None, 'has_ball': False, 'start_shot_bonus': False, 'start_pass_bonus': False, 'possession_lost': False}

[Step 160] Action=[ 0.8439388   0.27364466  0.8314168   0.          0.         -0.42406717
 -0.7364279 ] | Reward=+0.012 | Cum=+0.905 | Info={'shot_attempted': False, 'pass_attempted': False, 'goal_scored': False, 'goal_team': None, 'ball_out_by': None, 'has_ball': False, 'start_shot_bonus': False, 'start_pass_bonus': False, 'possession_lost': False}

[Step 161] Action=[ 0.8440539   0.27373466  0.83154553  0.          0.         -0.42417812
 -0.7365732 ] | Reward=+0.012 | Cum=+0.917 | Info={'shot_attempted': False, 'pass_attempted': False, 'goal_scored': False, 'goal_team': None, 'ball_out_by': None, 'has_ball': False, 'start_shot_bonus': False, 'start_pass_bonus': False, 'possession_lost': False}

[Step 162] Action=[ 0.84416896  0.27382442  0.83167404  0.          0.         -0.42428908
 -0.7367185 ] | Reward=+0.012 | Cum=+0.929 | Info={'shot_attempted': False, 'pass_attempted': False, 'goal_scored': False, 'goal_team': None, 'ball_out_by': None, 'has_ball': False, 'start_shot_bonus': False, 'start_pass_bonus': False, 'possession_lost': False}

[Step 163] Action=[ 0.844284    0.27391428  0.8318025   0.          0.         -0.42439985
 -0.73686385] | Reward=+0.012 | Cum=+0.940 | Info={'shot_attempted': False, 'pass_attempted': False, 'goal_scored': False, 'goal_team': None, 'ball_out_by': None, 'has_ball': False, 'start_shot_bonus': False, 'start_pass_bonus': False, 'possession_lost': False}

[Step 164] Action=[ 0.84439874  0.27400404  0.8319309   0.          0.         -0.42451084
 -0.7370089 ] | Reward=+0.012 | Cum=+0.953 | Info={'shot_attempted': False, 'pass_attempted': False, 'goal_scored': False, 'goal_team': None, 'ball_out_by': None, 'has_ball': False, 'start_shot_bonus': False, 'start_pass_bonus': False, 'possession_lost': False}

[Step 165] Action=[ 0.84451354  0.27409402  0.8320592   0.          0.         -0.4246217
 -0.737154  ] | Reward=+0.012 | Cum=+0.965 | Info={'shot_attempted': False, 'pass_attempted': False, 'goal_scored': False, 'goal_team': None, 'ball_out_by': None, 'has_ball': False, 'start_shot_bonus': False, 'start_pass_bonus': False, 'possession_lost': False}

[Step 166] Action=[ 0.8446283   0.27418396  0.8321874   0.          0.         -0.42473257
 -0.7372991 ] | Reward=+0.011 | Cum=+0.976 | Info={'shot_attempted': False, 'pass_attempted': False, 'goal_scored': False, 'goal_team': None, 'ball_out_by': None, 'has_ball': False, 'start_shot_bonus': False, 'start_pass_bonus': False, 'possession_lost': False}

[Step 167] Action=[ 0.8447429   0.2742738   0.83231556  0.          0.         -0.42484373
 -0.73744404] | Reward=+0.011 | Cum=+0.987 | Info={'shot_attempted': False, 'pass_attempted': False, 'goal_scored': False, 'goal_team': None, 'ball_out_by': None, 'has_ball': False, 'start_shot_bonus': False, 'start_pass_bonus': False, 'possession_lost': False}

[Step 168] Action=[ 0.84485745  0.27436343  0.8324436   0.          0.         -0.42495456
 -0.7375889 ] | Reward=+0.011 | Cum=+0.998 | Info={'shot_attempted': False, 'pass_attempted': False, 'goal_scored': False, 'goal_team': None, 'ball_out_by': None, 'has_ball': False, 'start_shot_bonus': False, 'start_pass_bonus': False, 'possession_lost': False}

[Step 169] Action=[ 0.844972    0.2744536   0.83257157  0.          0.         -0.42506534
 -0.73773366] | Reward=+0.011 | Cum=+1.010 | Info={'shot_attempted': False, 'pass_attempted': False, 'goal_scored': False, 'goal_team': None, 'ball_out_by': None, 'has_ball': False, 'start_shot_bonus': False, 'start_pass_bonus': False, 'possession_lost': False}

[Step 170] Action=[ 0.8450864   0.27454334  0.8326994   0.          0.         -0.42517626
 -0.73787856] | Reward=+0.011 | Cum=+1.021 | Info={'shot_attempted': False, 'pass_attempted': False, 'goal_scored': False, 'goal_team': None, 'ball_out_by': None, 'has_ball': False, 'start_shot_bonus': False, 'start_pass_bonus': False, 'possession_lost': False}

[Step 171] Action=[ 0.8452008   0.2746326   0.83282727  0.          0.         -0.4252869
 -0.7380233 ] | Reward=+0.011 | Cum=+1.033 | Info={'shot_attempted': False, 'pass_attempted': False, 'goal_scored': False, 'goal_team': None, 'ball_out_by': None, 'has_ball': False, 'start_shot_bonus': False, 'start_pass_bonus': False, 'possession_lost': False}

[Step 172] Action=[ 0.84531504  0.274723    0.83295494  0.          0.         -0.4253979
 -0.7381678 ] | Reward=+0.011 | Cum=+1.044 | Info={'shot_attempted': False, 'pass_attempted': False, 'goal_scored': False, 'goal_team': None, 'ball_out_by': None, 'has_ball': False, 'start_shot_bonus': False, 'start_pass_bonus': False, 'possession_lost': False}

[Step 173] Action=[ 0.84542924  0.27481282  0.83308256  0.          0.         -0.4255086
 -0.7383124 ] | Reward=+0.012 | Cum=+1.056 | Info={'shot_attempted': False, 'pass_attempted': False, 'goal_scored': False, 'goal_team': None, 'ball_out_by': None, 'has_ball': False, 'start_shot_bonus': False, 'start_pass_bonus': False, 'possession_lost': False}

[Step 174] Action=[ 0.8455434   0.27490273  0.8332101   0.          0.         -0.42561972
 -0.7384569 ] | Reward=+0.012 | Cum=+1.068 | Info={'shot_attempted': False, 'pass_attempted': False, 'goal_scored': False, 'goal_team': None, 'ball_out_by': None, 'has_ball': False, 'start_shot_bonus': False, 'start_pass_bonus': False, 'possession_lost': False}

[Step 175] Action=[ 0.84565735  0.27499223  0.83333755  0.          0.         -0.4257304
 -0.7386014 ] | Reward=+0.012 | Cum=+1.080 | Info={'shot_attempted': False, 'pass_attempted': False, 'goal_scored': False, 'goal_team': None, 'ball_out_by': None, 'has_ball': False, 'start_shot_bonus': False, 'start_pass_bonus': False, 'possession_lost': False}

[Step 176] Action=[ 0.8457714   0.27508235  0.8334649   0.          0.         -0.42584112
 -0.7387458 ] | Reward=+0.012 | Cum=+1.092 | Info={'shot_attempted': False, 'pass_attempted': False, 'goal_scored': False, 'goal_team': None, 'ball_out_by': None, 'has_ball': False, 'start_shot_bonus': False, 'start_pass_bonus': False, 'possession_lost': False}

[Step 177] Action=[ 0.8458853   0.27517194  0.83359224  0.          0.         -0.42595205
 -0.7388902 ] | Reward=+0.012 | Cum=+1.104 | Info={'shot_attempted': False, 'pass_attempted': False, 'goal_scored': False, 'goal_team': None, 'ball_out_by': None, 'has_ball': False, 'start_shot_bonus': False, 'start_pass_bonus': False, 'possession_lost': False}

[Step 178] Action=[ 0.84599906  0.27526185  0.83371943  0.          0.         -0.4260628
 -0.7390344 ] | Reward=+0.012 | Cum=+1.116 | Info={'shot_attempted': False, 'pass_attempted': False, 'goal_scored': False, 'goal_team': None, 'ball_out_by': None, 'has_ball': False, 'start_shot_bonus': False, 'start_pass_bonus': False, 'possession_lost': False}

[Step 179] Action=[ 0.84611285  0.27535173  0.83384657  0.          0.         -0.42617363
 -0.7391786 ] | Reward=+0.012 | Cum=+1.128 | Info={'shot_attempted': False, 'pass_attempted': False, 'goal_scored': False, 'goal_team': None, 'ball_out_by': None, 'has_ball': False, 'start_shot_bonus': False, 'start_pass_bonus': False, 'possession_lost': False}

[Step 180] Action=[ 0.8462266   0.27544165  0.8339735   0.          0.         -0.42628434
 -0.73932266] | Reward=+0.011 | Cum=+1.139 | Info={'shot_attempted': False, 'pass_attempted': False, 'goal_scored': False, 'goal_team': None, 'ball_out_by': None, 'has_ball': False, 'start_shot_bonus': False, 'start_pass_bonus': False, 'possession_lost': False}

[Step 181] Action=[ 0.84634006  0.27553153  0.83410054  0.          0.         -0.42639524
 -0.7394668 ] | Reward=+0.011 | Cum=+1.151 | Info={'shot_attempted': False, 'pass_attempted': False, 'goal_scored': False, 'goal_team': None, 'ball_out_by': None, 'has_ball': False, 'start_shot_bonus': False, 'start_pass_bonus': False, 'possession_lost': False}

[Step 182] Action=[ 0.8464537   0.27562132  0.8342274   0.          0.         -0.4265057
 -0.73961073] | Reward=+0.011 | Cum=+1.162 | Info={'shot_attempted': False, 'pass_attempted': False, 'goal_scored': False, 'goal_team': None, 'ball_out_by': None, 'has_ball': False, 'start_shot_bonus': False, 'start_pass_bonus': False, 'possession_lost': False}

[Step 183] Action=[ 0.8465671   0.2757112   0.83435416  0.          0.         -0.4266167
 -0.7397546 ] | Reward=+0.011 | Cum=+1.173 | Info={'shot_attempted': False, 'pass_attempted': False, 'goal_scored': False, 'goal_team': None, 'ball_out_by': None, 'has_ball': False, 'start_shot_bonus': False, 'start_pass_bonus': False, 'possession_lost': False}

[Step 184] Action=[ 0.8466805   0.27580085  0.8344809   0.          0.         -0.42672756
 -0.7398985 ] | Reward=+0.011 | Cum=+1.185 | Info={'shot_attempted': False, 'pass_attempted': False, 'goal_scored': False, 'goal_team': None, 'ball_out_by': None, 'has_ball': False, 'start_shot_bonus': False, 'start_pass_bonus': False, 'possession_lost': False}

[Step 185] Action=[ 0.84679383  0.27589062  0.83460754  0.          0.         -0.42683813
 -0.7400424 ] | Reward=+0.011 | Cum=+1.196 | Info={'shot_attempted': False, 'pass_attempted': False, 'goal_scored': False, 'goal_team': None, 'ball_out_by': None, 'has_ball': False, 'start_shot_bonus': False, 'start_pass_bonus': False, 'possession_lost': False}

[Step 186] Action=[ 0.846907    0.27598047  0.83473396  0.          0.         -0.42694882
 -0.7401861 ] | Reward=+0.011 | Cum=+1.208 | Info={'shot_attempted': False, 'pass_attempted': False, 'goal_scored': False, 'goal_team': None, 'ball_out_by': None, 'has_ball': False, 'start_shot_bonus': False, 'start_pass_bonus': False, 'possession_lost': False}

[Step 187] Action=[ 0.8470202   0.27607024  0.8348605   0.          0.         -0.42705953
 -0.74032974] | Reward=+0.012 | Cum=+1.219 | Info={'shot_attempted': False, 'pass_attempted': False, 'goal_scored': False, 'goal_team': None, 'ball_out_by': None, 'has_ball': False, 'start_shot_bonus': False, 'start_pass_bonus': False, 'possession_lost': False}

[Step 188] Action=[ 0.84713334  0.27616033  0.8349867   0.          0.         -0.42717025
 -0.7404734 ] | Reward=+0.012 | Cum=+1.231 | Info={'shot_attempted': False, 'pass_attempted': False, 'goal_scored': False, 'goal_team': None, 'ball_out_by': None, 'has_ball': False, 'start_shot_bonus': False, 'start_pass_bonus': False, 'possession_lost': False}

[Step 189] Action=[ 0.8472463   0.27624995  0.83511305  0.          0.         -0.427281
 -0.7406169 ] | Reward=+0.012 | Cum=+1.243 | Info={'shot_attempted': False, 'pass_attempted': False, 'goal_scored': False, 'goal_team': None, 'ball_out_by': None, 'has_ball': False, 'start_shot_bonus': False, 'start_pass_bonus': False, 'possession_lost': False}

[Step 190] Action=[ 0.84735924  0.27633968  0.83523923  0.          0.         -0.42739177
 -0.74076045] | Reward=+0.012 | Cum=+1.254 | Info={'shot_attempted': False, 'pass_attempted': False, 'goal_scored': False, 'goal_team': None, 'ball_out_by': None, 'has_ball': False, 'start_shot_bonus': False, 'start_pass_bonus': False, 'possession_lost': False}

[Step 191] Action=[ 0.8474721   0.27642953  0.83536536  0.          0.         -0.4275023
 -0.7409038 ] | Reward=+0.012 | Cum=+1.266 | Info={'shot_attempted': False, 'pass_attempted': False, 'goal_scored': False, 'goal_team': None, 'ball_out_by': None, 'has_ball': False, 'start_shot_bonus': False, 'start_pass_bonus': False, 'possession_lost': False}

[Step 192] Action=[ 0.8475849   0.27651927  0.83549136  0.          0.         -0.42761293
 -0.7410474 ] | Reward=+0.012 | Cum=+1.279 | Info={'shot_attempted': False, 'pass_attempted': False, 'goal_scored': False, 'goal_team': None, 'ball_out_by': None, 'has_ball': False, 'start_shot_bonus': False, 'start_pass_bonus': False, 'possession_lost': False}

[Step 193] Action=[ 0.8476984   0.27661064  0.83561707  0.          0.         -0.42772213
 -0.7411927 ] | Reward=+0.012 | Cum=+1.291 | Info={'shot_attempted': False, 'pass_attempted': False, 'goal_scored': False, 'goal_team': None, 'ball_out_by': None, 'has_ball': False, 'start_shot_bonus': False, 'start_pass_bonus': False, 'possession_lost': False}

[Step 194] Action=[ 0.8478117   0.2767017   0.8357427   0.          0.         -0.42783132
 -0.741338  ] | Reward=+0.011 | Cum=+1.301 | Info={'shot_attempted': False, 'pass_attempted': False, 'goal_scored': False, 'goal_team': None, 'ball_out_by': None, 'has_ball': False, 'start_shot_bonus': False, 'start_pass_bonus': False, 'possession_lost': False}

[Step 195] Action=[ 0.847925    0.27679294  0.83586824  0.          0.         -0.42794046
 -0.7414832 ] | Reward=+0.011 | Cum=+1.312 | Info={'shot_attempted': False, 'pass_attempted': False, 'goal_scored': False, 'goal_team': None, 'ball_out_by': None, 'has_ball': False, 'start_shot_bonus': False, 'start_pass_bonus': False, 'possession_lost': False}

[Step 196] Action=[ 0.8480382   0.2768842   0.83599377  0.          0.         -0.42804942
 -0.74162835] | Reward=+0.011 | Cum=+1.323 | Info={'shot_attempted': False, 'pass_attempted': False, 'goal_scored': False, 'goal_team': None, 'ball_out_by': None, 'has_ball': False, 'start_shot_bonus': False, 'start_pass_bonus': False, 'possession_lost': False}

[Step 197] Action=[ 0.8481514  0.2769752  0.8361191  0.         0.        -0.4281585
 -0.7417734] | Reward=+0.011 | Cum=+1.334 | Info={'shot_attempted': False, 'pass_attempted': False, 'goal_scored': False, 'goal_team': None, 'ball_out_by': None, 'has_ball': False, 'start_shot_bonus': False, 'start_pass_bonus': False, 'possession_lost': False}

[Step 198] Action=[ 0.84826446  0.27706644  0.8362445   0.          0.         -0.4282676
 -0.7419185 ] | Reward=+0.011 | Cum=+1.345 | Info={'shot_attempted': False, 'pass_attempted': False, 'goal_scored': False, 'goal_team': None, 'ball_out_by': None, 'has_ball': False, 'start_shot_bonus': False, 'start_pass_bonus': False, 'possession_lost': False}

[Step 199] Action=[ 0.8483774   0.27715746  0.8363697   0.          0.         -0.42837667
 -0.74206346] | Reward=+0.011 | Cum=+1.356 | Info={'shot_attempted': False, 'pass_attempted': False, 'goal_scored': False, 'goal_team': None, 'ball_out_by': None, 'has_ball': False, 'start_shot_bonus': False, 'start_pass_bonus': False, 'possession_lost': False}

[Step 200] Action=[ 0.84849036  0.27724904  0.8364948   0.          0.         -0.4284857
 -0.74220836] | Reward=+0.011 | Cum=+1.367 | Info={'shot_attempted': False, 'pass_attempted': False, 'goal_scored': False, 'goal_team': None, 'ball_out_by': None, 'has_ball': False, 'start_shot_bonus': False, 'start_pass_bonus': False, 'possession_lost': False}

[Step 201] Action=[ 0.8486034   0.27734047  0.8366202   0.          0.         -0.42859536
 -0.74235326] | Reward=+0.011 | Cum=+1.379 | Info={'shot_attempted': False, 'pass_attempted': False, 'goal_scored': False, 'goal_team': None, 'ball_out_by': None, 'has_ball': False, 'start_shot_bonus': False, 'start_pass_bonus': False, 'possession_lost': False}

[Step 202] Action=[ 0.8487172   0.27743334  0.8367465   0.          0.         -0.42870584
 -0.7424987 ] | Reward=+0.011 | Cum=+1.390 | Info={'shot_attempted': False, 'pass_attempted': False, 'goal_scored': False, 'goal_team': None, 'ball_out_by': None, 'has_ball': False, 'start_shot_bonus': False, 'start_pass_bonus': False, 'possession_lost': False}

[Step 203] Action=[ 0.84883094  0.277526    0.8368727   0.          0.         -0.4288167
 -0.74264395] | Reward=+0.011 | Cum=+1.401 | Info={'shot_attempted': False, 'pass_attempted': False, 'goal_scored': False, 'goal_team': None, 'ball_out_by': None, 'has_ball': False, 'start_shot_bonus': False, 'start_pass_bonus': False, 'possession_lost': False}

[Step 204] Action=[ 0.8489445   0.27761853  0.8369988   0.          0.         -0.4289273
 -0.7427892 ] | Reward=+0.011 | Cum=+1.412 | Info={'shot_attempted': False, 'pass_attempted': False, 'goal_scored': False, 'goal_team': None, 'ball_out_by': None, 'has_ball': False, 'start_shot_bonus': False, 'start_pass_bonus': False, 'possession_lost': False}

[Step 205] Action=[ 0.849058    0.27771103  0.8371249   0.          0.         -0.4290379
 -0.7429344 ] | Reward=+0.011 | Cum=+1.424 | Info={'shot_attempted': False, 'pass_attempted': False, 'goal_scored': False, 'goal_team': None, 'ball_out_by': None, 'has_ball': False, 'start_shot_bonus': False, 'start_pass_bonus': False, 'possession_lost': False}

[Step 206] Action=[ 0.8491714   0.27780378  0.8372508   0.          0.         -0.42914876
 -0.7430794 ] | Reward=+0.011 | Cum=+1.435 | Info={'shot_attempted': False, 'pass_attempted': False, 'goal_scored': False, 'goal_team': None, 'ball_out_by': None, 'has_ball': False, 'start_shot_bonus': False, 'start_pass_bonus': False, 'possession_lost': False}

[Step 207] Action=[ 0.84928477  0.2778964   0.8373766   0.          0.         -0.42925927
 -0.7432245 ] | Reward=+0.011 | Cum=+1.447 | Info={'shot_attempted': False, 'pass_attempted': False, 'goal_scored': False, 'goal_team': None, 'ball_out_by': None, 'has_ball': False, 'start_shot_bonus': False, 'start_pass_bonus': False, 'possession_lost': False}

[Step 208] Action=[ 0.84939814  0.27798903  0.83750236  0.          0.         -0.42937
 -0.74336946] | Reward=+0.010 | Cum=+1.457 | Info={'shot_attempted': False, 'pass_attempted': False, 'goal_scored': False, 'goal_team': None, 'ball_out_by': None, 'has_ball': False, 'start_shot_bonus': False, 'start_pass_bonus': False, 'possession_lost': False}

[Step 209] Action=[ 0.8495114   0.27808186  0.83762807  0.          0.         -0.42948046
 -0.7435144 ] | Reward=+0.010 | Cum=+1.467 | Info={'shot_attempted': False, 'pass_attempted': False, 'goal_scored': False, 'goal_team': None, 'ball_out_by': None, 'has_ball': False, 'start_shot_bonus': False, 'start_pass_bonus': False, 'possession_lost': False}

[Step 210] Action=[ 0.84962445  0.2781745   0.83775365  0.          0.         -0.42959133
 -0.74365914] | Reward=+0.010 | Cum=+1.478 | Info={'shot_attempted': False, 'pass_attempted': False, 'goal_scored': False, 'goal_team': None, 'ball_out_by': None, 'has_ball': False, 'start_shot_bonus': False, 'start_pass_bonus': False, 'possession_lost': False}

[Step 211] Action=[ 0.8497375   0.2782671   0.8378791   0.          0.         -0.42970172
 -0.7438039 ] | Reward=+0.010 | Cum=+1.488 | Info={'shot_attempted': False, 'pass_attempted': False, 'goal_scored': False, 'goal_team': None, 'ball_out_by': None, 'has_ball': False, 'start_shot_bonus': False, 'start_pass_bonus': False, 'possession_lost': False}

[Step 212] Action=[ 0.8498506   0.2783598   0.83800465  0.          0.         -0.42981243
 -0.74394864] | Reward=+0.010 | Cum=+1.499 | Info={'shot_attempted': False, 'pass_attempted': False, 'goal_scored': False, 'goal_team': None, 'ball_out_by': None, 'has_ball': False, 'start_shot_bonus': False, 'start_pass_bonus': False, 'possession_lost': False}

[Step 213] Action=[ 0.84996355  0.2784525   0.83812994  0.          0.         -0.429923
 -0.7440932 ] | Reward=+0.010 | Cum=+1.509 | Info={'shot_attempted': False, 'pass_attempted': False, 'goal_scored': False, 'goal_team': None, 'ball_out_by': None, 'has_ball': False, 'start_shot_bonus': False, 'start_pass_bonus': False, 'possession_lost': False}

[Step 214] Action=[ 0.8500763   0.2785453   0.83825517  0.          0.         -0.4300338
 -0.7442377 ] | Reward=+0.010 | Cum=+1.519 | Info={'shot_attempted': False, 'pass_attempted': False, 'goal_scored': False, 'goal_team': None, 'ball_out_by': None, 'has_ball': False, 'start_shot_bonus': False, 'start_pass_bonus': False, 'possession_lost': False}

[Step 215] Action=[ 0.85018903  0.27863756  0.83838034  0.          0.         -0.43014422
 -0.74438226] | Reward=+0.011 | Cum=+1.530 | Info={'shot_attempted': False, 'pass_attempted': False, 'goal_scored': False, 'goal_team': None, 'ball_out_by': None, 'has_ball': False, 'start_shot_bonus': False, 'start_pass_bonus': False, 'possession_lost': False}

[Step 216] Action=[ 0.85030174  0.27873024  0.83850545  0.          0.         -0.4302549
 -0.7445267 ] | Reward=+0.011 | Cum=+1.540 | Info={'shot_attempted': False, 'pass_attempted': False, 'goal_scored': False, 'goal_team': None, 'ball_out_by': None, 'has_ball': False, 'start_shot_bonus': False, 'start_pass_bonus': False, 'possession_lost': False}

[Step 217] Action=[ 0.8504144   0.27882326  0.8386305   0.          0.         -0.4303653
 -0.7446711 ] | Reward=+0.011 | Cum=+1.551 | Info={'shot_attempted': False, 'pass_attempted': False, 'goal_scored': False, 'goal_team': None, 'ball_out_by': None, 'has_ball': False, 'start_shot_bonus': False, 'start_pass_bonus': False, 'possession_lost': False}

[Step 218] Action=[ 0.85052687  0.27891582  0.8387554   0.          0.         -0.43047595
 -0.74481535] | Reward=+0.011 | Cum=+1.562 | Info={'shot_attempted': False, 'pass_attempted': False, 'goal_scored': False, 'goal_team': None, 'ball_out_by': None, 'has_ball': False, 'start_shot_bonus': False, 'start_pass_bonus': False, 'possession_lost': False}

[Step 219] Action=[ 0.8506394   0.27900827  0.8388802   0.          0.         -0.43058664
 -0.7449596 ] | Reward=+0.011 | Cum=+1.572 | Info={'shot_attempted': False, 'pass_attempted': False, 'goal_scored': False, 'goal_team': None, 'ball_out_by': None, 'has_ball': False, 'start_shot_bonus': False, 'start_pass_bonus': False, 'possession_lost': False}

[Step 220] Action=[ 0.8507518   0.27910116  0.839005    0.          0.         -0.43069708
 -0.74510366] | Reward=+0.011 | Cum=+1.583 | Info={'shot_attempted': False, 'pass_attempted': False, 'goal_scored': False, 'goal_team': None, 'ball_out_by': None, 'has_ball': False, 'start_shot_bonus': False, 'start_pass_bonus': False, 'possession_lost': False}

[Step 221] Action=[ 0.8508641   0.2791936   0.8391297   0.          0.         -0.4308076
 -0.74524784] | Reward=+0.009 | Cum=+1.592 | Info={'shot_attempted': False, 'pass_attempted': False, 'goal_scored': False, 'goal_team': None, 'ball_out_by': None, 'has_ball': False, 'start_shot_bonus': False, 'start_pass_bonus': False, 'possession_lost': False}

[Step 222] Action=[ 0.8509764   0.27928627  0.8392542   0.          0.         -0.43091822
 -0.74539185] | Reward=+0.009 | Cum=+1.602 | Info={'shot_attempted': False, 'pass_attempted': False, 'goal_scored': False, 'goal_team': None, 'ball_out_by': None, 'has_ball': False, 'start_shot_bonus': False, 'start_pass_bonus': False, 'possession_lost': False}

[Step 223] Action=[ 0.8510885   0.27937892  0.8393787   0.          0.         -0.43102866
 -0.7455358 ] | Reward=+0.009 | Cum=+1.611 | Info={'shot_attempted': False, 'pass_attempted': False, 'goal_scored': False, 'goal_team': None, 'ball_out_by': None, 'has_ball': False, 'start_shot_bonus': False, 'start_pass_bonus': False, 'possession_lost': False}

[Step 224] Action=[ 0.8512006   0.27947158  0.83950317  0.          0.         -0.4311391
 -0.7456797 ] | Reward=+0.010 | Cum=+1.621 | Info={'shot_attempted': False, 'pass_attempted': False, 'goal_scored': False, 'goal_team': None, 'ball_out_by': None, 'has_ball': False, 'start_shot_bonus': False, 'start_pass_bonus': False, 'possession_lost': False}

[Step 225] Action=[ 0.85131276  0.2795642   0.8396275   0.          0.         -0.43124965
 -0.74582356] | Reward=+0.010 | Cum=+1.630 | Info={'shot_attempted': False, 'pass_attempted': False, 'goal_scored': False, 'goal_team': None, 'ball_out_by': None, 'has_ball': False, 'start_shot_bonus': False, 'start_pass_bonus': False, 'possession_lost': False}

[Step 226] Action=[ 0.85142463  0.27965695  0.8397517   0.          0.         -0.4313601
 -0.74596727] | Reward=+0.010 | Cum=+1.640 | Info={'shot_attempted': False, 'pass_attempted': False, 'goal_scored': False, 'goal_team': None, 'ball_out_by': None, 'has_ball': False, 'start_shot_bonus': False, 'start_pass_bonus': False, 'possession_lost': False}

[Step 227] Action=[ 0.85153645  0.27974948  0.8398758   0.          0.         -0.43147063
 -0.7461109 ] | Reward=+0.010 | Cum=+1.649 | Info={'shot_attempted': False, 'pass_attempted': False, 'goal_scored': False, 'goal_team': None, 'ball_out_by': None, 'has_ball': False, 'start_shot_bonus': False, 'start_pass_bonus': False, 'possession_lost': False}

[Step 228] Action=[ 0.85164833  0.27984223  0.84        0.          0.         -0.43158093
 -0.7462546 ] | Reward=+0.010 | Cum=+1.659 | Info={'shot_attempted': False, 'pass_attempted': False, 'goal_scored': False, 'goal_team': None, 'ball_out_by': None, 'has_ball': False, 'start_shot_bonus': False, 'start_pass_bonus': False, 'possession_lost': False}

[Step 229] Action=[ 0.85175997  0.2799345   0.8401239   0.          0.         -0.43169144
 -0.7463982 ] | Reward=+0.010 | Cum=+1.669 | Info={'shot_attempted': False, 'pass_attempted': False, 'goal_scored': False, 'goal_team': None, 'ball_out_by': None, 'has_ball': False, 'start_shot_bonus': False, 'start_pass_bonus': False, 'possession_lost': False}

[Step 230] Action=[ 0.85187167  0.28002712  0.84024787  0.          0.         -0.43180192
 -0.7465417 ] | Reward=+0.010 | Cum=+1.678 | Info={'shot_attempted': False, 'pass_attempted': False, 'goal_scored': False, 'goal_team': None, 'ball_out_by': None, 'has_ball': False, 'start_shot_bonus': False, 'start_pass_bonus': False, 'possession_lost': False}

[Step 231] Action=[ 0.8519832   0.28011984  0.84037167  0.          0.         -0.43191227
 -0.746685  ] | Reward=+0.010 | Cum=+1.688 | Info={'shot_attempted': False, 'pass_attempted': False, 'goal_scored': False, 'goal_team': None, 'ball_out_by': None, 'has_ball': False, 'start_shot_bonus': False, 'start_pass_bonus': False, 'possession_lost': False}

[Step 232] Action=[ 0.85209477  0.28021255  0.84049535  0.          0.         -0.43202284
 -0.7468284 ] | Reward=+0.010 | Cum=+1.697 | Info={'shot_attempted': False, 'pass_attempted': False, 'goal_scored': False, 'goal_team': None, 'ball_out_by': None, 'has_ball': False, 'start_shot_bonus': False, 'start_pass_bonus': False, 'possession_lost': False}

[Step 233] Action=[ 0.85220623  0.28030506  0.8406191   0.          0.         -0.43213344
 -0.74697167] | Reward=+0.010 | Cum=+1.707 | Info={'shot_attempted': False, 'pass_attempted': False, 'goal_scored': False, 'goal_team': None, 'ball_out_by': None, 'has_ball': False, 'start_shot_bonus': False, 'start_pass_bonus': False, 'possession_lost': False}

[Step 234] Action=[ 0.8523175   0.28039786  0.8407426   0.          0.         -0.43224382
 -0.74711484] | Reward=+0.010 | Cum=+1.717 | Info={'shot_attempted': False, 'pass_attempted': False, 'goal_scored': False, 'goal_team': None, 'ball_out_by': None, 'has_ball': False, 'start_shot_bonus': False, 'start_pass_bonus': False, 'possession_lost': False}

[Step 235] Action=[ 0.8524288   0.28049022  0.8408661   0.          0.         -0.43235442
 -0.747258  ] | Reward=+0.008 | Cum=+1.725 | Info={'shot_attempted': False, 'pass_attempted': False, 'goal_scored': False, 'goal_team': None, 'ball_out_by': None, 'has_ball': False, 'start_shot_bonus': False, 'start_pass_bonus': False, 'possession_lost': False}

[Step 236] Action=[ 0.85253996  0.28058302  0.8409896   0.          0.         -0.4324645
 -0.7474012 ] | Reward=+0.008 | Cum=+1.734 | Info={'shot_attempted': False, 'pass_attempted': False, 'goal_scored': False, 'goal_team': None, 'ball_out_by': None, 'has_ball': False, 'start_shot_bonus': False, 'start_pass_bonus': False, 'possession_lost': False}

[Step 237] Action=[ 0.8526511   0.2806755   0.84111285  0.          0.         -0.43257493
 -0.7475442 ] | Reward=+0.008 | Cum=+1.742 | Info={'shot_attempted': False, 'pass_attempted': False, 'goal_scored': False, 'goal_team': None, 'ball_out_by': None, 'has_ball': False, 'start_shot_bonus': False, 'start_pass_bonus': False, 'possession_lost': False}

[Step 238] Action=[ 0.85276216  0.28076798  0.8412361   0.          0.         -0.43268538
 -0.7476871 ] | Reward=+0.008 | Cum=+1.750 | Info={'shot_attempted': False, 'pass_attempted': False, 'goal_scored': False, 'goal_team': None, 'ball_out_by': None, 'has_ball': False, 'start_shot_bonus': False, 'start_pass_bonus': False, 'possession_lost': False}

[Step 239] Action=[ 0.85287315  0.28086066  0.8413593   0.          0.         -0.43279582
 -0.74783003] | Reward=+0.008 | Cum=+1.759 | Info={'shot_attempted': False, 'pass_attempted': False, 'goal_scored': False, 'goal_team': None, 'ball_out_by': None, 'has_ball': False, 'start_shot_bonus': False, 'start_pass_bonus': False, 'possession_lost': False}

[Step 240] Action=[ 0.8529841   0.28095332  0.8414823   0.          0.         -0.43290618
 -0.7479728 ] | Reward=+0.008 | Cum=+1.767 | Info={'shot_attempted': False, 'pass_attempted': False, 'goal_scored': False, 'goal_team': None, 'ball_out_by': None, 'has_ball': False, 'start_shot_bonus': False, 'start_pass_bonus': False, 'possession_lost': False}

