Debug log for gk_1 (Episode 500)
================================================================================
[Step 1] Action=[-0.99426097 -0.8029231   0.          0.          0.6813646  -0.0648671
 -0.1340527 ] | Reward=+0.035 | Cum=+0.035 | Info={'dive_score': None, 'blocked': False, 'deflected': False, 'wasted_dive': False, 'shot_attempted': False, 'invalid_shot_attempt': False, 'invalid_shot_direction': False, 'fov_visible': True, 'shot_quality': None, 'shot_direction': None, 'shot_power': None, 'goal_scored': False, 'goal_team': None, 'ball_out_by': None, 'has_ball': False, 'start_shot_bonus': False, 'deflection_power': 0.0}

[Step 2] Action=[-0.9938625  -0.7937706   0.          0.          0.66641366 -0.05538932
 -0.12748563] | Reward=+0.035 | Cum=+0.070 | Info={'dive_score': None, 'blocked': False, 'deflected': False, 'wasted_dive': False, 'shot_attempted': False, 'invalid_shot_attempt': False, 'invalid_shot_direction': False, 'fov_visible': True, 'shot_quality': None, 'shot_direction': None, 'shot_power': None, 'goal_scored': False, 'goal_team': None, 'ball_out_by': None, 'has_ball': False, 'start_shot_bonus': False, 'deflection_power': 0.0}

[Step 3] Action=[-0.9938823  -0.794012    0.          0.          0.6665158  -0.05533028
 -0.12748834] | Reward=+0.035 | Cum=+0.105 | Info={'dive_score': None, 'blocked': False, 'deflected': False, 'wasted_dive': False, 'shot_attempted': False, 'invalid_shot_attempt': False, 'invalid_shot_direction': False, 'fov_visible': True, 'shot_quality': None, 'shot_direction': None, 'shot_power': None, 'goal_scored': False, 'goal_team': None, 'ball_out_by': None, 'has_ball': False, 'start_shot_bonus': False, 'deflection_power': 0.0}

[Step 4] Action=[-0.99390197 -0.79425263  0.          0.          0.6666175  -0.05527133
 -0.12749097] | Reward=+0.035 | Cum=+0.140 | Info={'dive_score': None, 'blocked': False, 'deflected': False, 'wasted_dive': False, 'shot_attempted': False, 'invalid_shot_attempt': False, 'invalid_shot_direction': False, 'fov_visible': True, 'shot_quality': None, 'shot_direction': None, 'shot_power': None, 'goal_scored': False, 'goal_team': None, 'ball_out_by': None, 'has_ball': False, 'start_shot_bonus': False, 'deflection_power': 0.0}

[Step 5] Action=[-0.9939215  -0.7944925   0.          0.          0.6667187  -0.05521256
 -0.12749325] | Reward=+0.035 | Cum=+0.175 | Info={'dive_score': None, 'blocked': False, 'deflected': False, 'wasted_dive': False, 'shot_attempted': False, 'invalid_shot_attempt': False, 'invalid_shot_direction': False, 'fov_visible': True, 'shot_quality': None, 'shot_direction': None, 'shot_power': None, 'goal_scored': False, 'goal_team': None, 'ball_out_by': None, 'has_ball': False, 'start_shot_bonus': False, 'deflection_power': 0.0}

[Step 6] Action=[-0.99394095 -0.79473144  0.          0.          0.6668197  -0.05515391
 -0.12749556] | Reward=+0.035 | Cum=+0.210 | Info={'dive_score': None, 'blocked': False, 'deflected': False, 'wasted_dive': False, 'shot_attempted': False, 'invalid_shot_attempt': False, 'invalid_shot_direction': False, 'fov_visible': True, 'shot_quality': None, 'shot_direction': None, 'shot_power': None, 'goal_scored': False, 'goal_team': None, 'ball_out_by': None, 'has_ball': False, 'start_shot_bonus': False, 'deflection_power': 0.0}

[Step 7] Action=[-0.99396026 -0.79496974  0.          0.          0.66692024 -0.05509514
 -0.12749779] | Reward=+0.035 | Cum=+0.245 | Info={'dive_score': None, 'blocked': False, 'deflected': False, 'wasted_dive': False, 'shot_attempted': False, 'invalid_shot_attempt': False, 'invalid_shot_direction': False, 'fov_visible': True, 'shot_quality': None, 'shot_direction': None, 'shot_power': None, 'goal_scored': False, 'goal_team': None, 'ball_out_by': None, 'has_ball': False, 'start_shot_bonus': False, 'deflection_power': 0.0}

[Step 8] Action=[-0.9939795  -0.7952072   0.          0.          0.6670203  -0.05503658
 -0.12749988] | Reward=+0.035 | Cum=+0.280 | Info={'dive_score': None, 'blocked': False, 'deflected': False, 'wasted_dive': False, 'shot_attempted': False, 'invalid_shot_attempt': False, 'invalid_shot_direction': False, 'fov_visible': True, 'shot_quality': None, 'shot_direction': None, 'shot_power': None, 'goal_scored': False, 'goal_team': None, 'ball_out_by': None, 'has_ball': False, 'start_shot_bonus': False, 'deflection_power': 0.0}

[Step 9] Action=[-0.99399865 -0.7954439   0.          0.          0.66711986 -0.05497811
 -0.12750204] | Reward=+0.035 | Cum=+0.315 | Info={'dive_score': None, 'blocked': False, 'deflected': False, 'wasted_dive': False, 'shot_attempted': False, 'invalid_shot_attempt': False, 'invalid_shot_direction': False, 'fov_visible': True, 'shot_quality': None, 'shot_direction': None, 'shot_power': None, 'goal_scored': False, 'goal_team': None, 'ball_out_by': None, 'has_ball': False, 'start_shot_bonus': False, 'deflection_power': 0.0}

[Step 10] Action=[-0.99401766 -0.7956797   0.          0.          0.66721904 -0.05491981
 -0.12750395] | Reward=+0.035 | Cum=+0.350 | Info={'dive_score': None, 'blocked': False, 'deflected': False, 'wasted_dive': False, 'shot_attempted': False, 'invalid_shot_attempt': False, 'invalid_shot_direction': False, 'fov_visible': True, 'shot_quality': None, 'shot_direction': None, 'shot_power': None, 'goal_scored': False, 'goal_team': None, 'ball_out_by': None, 'has_ball': False, 'start_shot_bonus': False, 'deflection_power': 0.0}

[Step 11] Action=[-0.9940365  -0.7959154   0.          0.          0.6673185  -0.05485932
 -0.12750603] | Reward=+0.035 | Cum=+0.385 | Info={'dive_score': None, 'blocked': False, 'deflected': False, 'wasted_dive': False, 'shot_attempted': False, 'invalid_shot_attempt': False, 'invalid_shot_direction': False, 'fov_visible': True, 'shot_quality': None, 'shot_direction': None, 'shot_power': None, 'goal_scored': False, 'goal_team': None, 'ball_out_by': None, 'has_ball': False, 'start_shot_bonus': False, 'deflection_power': 0.0}

[Step 12] Action=[-0.9940547  -0.79615545  0.          0.          0.6674226  -0.05478747
 -0.1275107 ] | Reward=+0.035 | Cum=+0.420 | Info={'dive_score': None, 'blocked': False, 'deflected': False, 'wasted_dive': False, 'shot_attempted': False, 'invalid_shot_attempt': False, 'invalid_shot_direction': False, 'fov_visible': True, 'shot_quality': None, 'shot_direction': None, 'shot_power': None, 'goal_scored': False, 'goal_team': None, 'ball_out_by': None, 'has_ball': False, 'start_shot_bonus': False, 'deflection_power': 0.0}

[Step 13] Action=[-0.9940728  -0.79639494  0.          0.          0.66752666 -0.05472003
 -0.1275154 ] | Reward=+0.035 | Cum=+0.455 | Info={'dive_score': None, 'blocked': False, 'deflected': False, 'wasted_dive': False, 'shot_attempted': False, 'invalid_shot_attempt': False, 'invalid_shot_direction': False, 'fov_visible': True, 'shot_quality': None, 'shot_direction': None, 'shot_power': None, 'goal_scored': False, 'goal_team': None, 'ball_out_by': None, 'has_ball': False, 'start_shot_bonus': False, 'deflection_power': 0.0}

[Step 14] Action=[-0.9940908  -0.79663366  0.          0.          0.6676305  -0.05465284
 -0.12752031] | Reward=+0.035 | Cum=+0.490 | Info={'dive_score': None, 'blocked': False, 'deflected': False, 'wasted_dive': False, 'shot_attempted': False, 'invalid_shot_attempt': False, 'invalid_shot_direction': False, 'fov_visible': True, 'shot_quality': None, 'shot_direction': None, 'shot_power': None, 'goal_scored': False, 'goal_team': None, 'ball_out_by': None, 'has_ball': False, 'start_shot_bonus': False, 'deflection_power': 0.0}

[Step 15] Action=[-0.99410874 -0.7968716   0.          0.          0.6677339  -0.05458551
 -0.12752515] | Reward=+0.035 | Cum=+0.525 | Info={'dive_score': None, 'blocked': False, 'deflected': False, 'wasted_dive': False, 'shot_attempted': False, 'invalid_shot_attempt': False, 'invalid_shot_direction': False, 'fov_visible': True, 'shot_quality': None, 'shot_direction': None, 'shot_power': None, 'goal_scored': False, 'goal_team': None, 'ball_out_by': None, 'has_ball': False, 'start_shot_bonus': False, 'deflection_power': 0.0}

[Step 16] Action=[-0.9941265  -0.7971087   0.          0.          0.6678367  -0.05451857
 -0.12752958] | Reward=+0.035 | Cum=+0.560 | Info={'dive_score': None, 'blocked': False, 'deflected': False, 'wasted_dive': False, 'shot_attempted': False, 'invalid_shot_attempt': False, 'invalid_shot_direction': False, 'fov_visible': True, 'shot_quality': None, 'shot_direction': None, 'shot_power': None, 'goal_scored': False, 'goal_team': None, 'ball_out_by': None, 'has_ball': False, 'start_shot_bonus': False, 'deflection_power': 0.0}

[Step 17] Action=[-0.99414426 -0.797345    0.          0.          0.66793925 -0.05445153
 -0.1275338 ] | Reward=+0.035 | Cum=+0.595 | Info={'dive_score': None, 'blocked': False, 'deflected': False, 'wasted_dive': False, 'shot_attempted': False, 'invalid_shot_attempt': False, 'invalid_shot_direction': False, 'fov_visible': True, 'shot_quality': None, 'shot_direction': None, 'shot_power': None, 'goal_scored': False, 'goal_team': None, 'ball_out_by': None, 'has_ball': False, 'start_shot_bonus': False, 'deflection_power': 0.0}

[Step 18] Action=[-0.99416184 -0.7975805   0.          0.          0.66804135 -0.05438468
 -0.12753828] | Reward=+0.035 | Cum=+0.630 | Info={'dive_score': None, 'blocked': False, 'deflected': False, 'wasted_dive': False, 'shot_attempted': False, 'invalid_shot_attempt': False, 'invalid_shot_direction': False, 'fov_visible': True, 'shot_quality': None, 'shot_direction': None, 'shot_power': None, 'goal_scored': False, 'goal_team': None, 'ball_out_by': None, 'has_ball': False, 'start_shot_bonus': False, 'deflection_power': 0.0}

[Step 19] Action=[-0.9941794  -0.79781526  0.          0.          0.6681431  -0.05431782
 -0.12754261] | Reward=+0.035 | Cum=+0.665 | Info={'dive_score': None, 'blocked': False, 'deflected': False, 'wasted_dive': False, 'shot_attempted': False, 'invalid_shot_attempt': False, 'invalid_shot_direction': False, 'fov_visible': True, 'shot_quality': None, 'shot_direction': None, 'shot_power': None, 'goal_scored': False, 'goal_team': None, 'ball_out_by': None, 'has_ball': False, 'start_shot_bonus': False, 'deflection_power': 0.0}

[Step 20] Action=[-0.99419683 -0.7980493   0.          0.          0.66824454 -0.05425111
 -0.12754667] | Reward=+0.035 | Cum=+0.700 | Info={'dive_score': None, 'blocked': False, 'deflected': False, 'wasted_dive': False, 'shot_attempted': False, 'invalid_shot_attempt': False, 'invalid_shot_direction': False, 'fov_visible': True, 'shot_quality': None, 'shot_direction': None, 'shot_power': None, 'goal_scored': False, 'goal_team': None, 'ball_out_by': None, 'has_ball': False, 'start_shot_bonus': False, 'deflection_power': 0.0}

[Step 21] Action=[-0.9942142  -0.79828244  0.          0.          0.66834533 -0.05418446
 -0.12755074] | Reward=+0.035 | Cum=+0.735 | Info={'dive_score': None, 'blocked': False, 'deflected': False, 'wasted_dive': False, 'shot_attempted': False, 'invalid_shot_attempt': False, 'invalid_shot_direction': False, 'fov_visible': True, 'shot_quality': None, 'shot_direction': None, 'shot_power': None, 'goal_scored': False, 'goal_team': None, 'ball_out_by': None, 'has_ball': False, 'start_shot_bonus': False, 'deflection_power': 0.0}

[Step 22] Action=[-0.99423146 -0.7985149   0.          0.          0.66844577 -0.05411802
 -0.12755446] | Reward=+0.035 | Cum=+0.770 | Info={'dive_score': None, 'blocked': False, 'deflected': False, 'wasted_dive': False, 'shot_attempted': False, 'invalid_shot_attempt': False, 'invalid_shot_direction': False, 'fov_visible': True, 'shot_quality': None, 'shot_direction': None, 'shot_power': None, 'goal_scored': False, 'goal_team': None, 'ball_out_by': None, 'has_ball': False, 'start_shot_bonus': False, 'deflection_power': 0.0}

[Step 23] Action=[-0.99424857 -0.79874516  0.          0.          0.6685434  -0.05405401
 -0.12756328] | Reward=+0.035 | Cum=+0.805 | Info={'dive_score': None, 'blocked': False, 'deflected': False, 'wasted_dive': False, 'shot_attempted': False, 'invalid_shot_attempt': False, 'invalid_shot_direction': False, 'fov_visible': True, 'shot_quality': None, 'shot_direction': None, 'shot_power': None, 'goal_scored': False, 'goal_team': None, 'ball_out_by': None, 'has_ball': False, 'start_shot_bonus': False, 'deflection_power': 0.0}

[Step 24] Action=[-0.99426556 -0.7989739   0.          0.          0.66863924 -0.05399125
 -0.12757479] | Reward=+0.035 | Cum=+0.840 | Info={'dive_score': None, 'blocked': False, 'deflected': False, 'wasted_dive': False, 'shot_attempted': False, 'invalid_shot_attempt': False, 'invalid_shot_direction': False, 'fov_visible': True, 'shot_quality': None, 'shot_direction': None, 'shot_power': None, 'goal_scored': False, 'goal_team': None, 'ball_out_by': None, 'has_ball': False, 'start_shot_bonus': False, 'deflection_power': 0.0}

[Step 25] Action=[-0.9942825  -0.79920197  0.          0.          0.66873455 -0.0539287
 -0.12758636] | Reward=+0.035 | Cum=+0.875 | Info={'dive_score': None, 'blocked': False, 'deflected': False, 'wasted_dive': False, 'shot_attempted': False, 'invalid_shot_attempt': False, 'invalid_shot_direction': False, 'fov_visible': True, 'shot_quality': None, 'shot_direction': None, 'shot_power': None, 'goal_scored': False, 'goal_team': None, 'ball_out_by': None, 'has_ball': False, 'start_shot_bonus': False, 'deflection_power': 0.0}

[Step 26] Action=[-0.9942993  -0.7994292   0.          0.          0.6688297  -0.05386612
 -0.1275975 ] | Reward=+0.035 | Cum=+0.910 | Info={'dive_score': None, 'blocked': False, 'deflected': False, 'wasted_dive': False, 'shot_attempted': False, 'invalid_shot_attempt': False, 'invalid_shot_direction': False, 'fov_visible': True, 'shot_quality': None, 'shot_direction': None, 'shot_power': None, 'goal_scored': False, 'goal_team': None, 'ball_out_by': None, 'has_ball': False, 'start_shot_bonus': False, 'deflection_power': 0.0}

[Step 27] Action=[-0.99431604 -0.7996557   0.          0.          0.6689243  -0.05380372
 -0.12760873] | Reward=+0.035 | Cum=+0.945 | Info={'dive_score': None, 'blocked': False, 'deflected': False, 'wasted_dive': False, 'shot_attempted': False, 'invalid_shot_attempt': False, 'invalid_shot_direction': False, 'fov_visible': True, 'shot_quality': None, 'shot_direction': None, 'shot_power': None, 'goal_scored': False, 'goal_team': None, 'ball_out_by': None, 'has_ball': False, 'start_shot_bonus': False, 'deflection_power': 0.0}

[Step 28] Action=[-0.99433273 -0.79988146  0.          0.          0.66901845 -0.0537414
 -0.12762007] | Reward=+0.035 | Cum=+0.980 | Info={'dive_score': None, 'blocked': False, 'deflected': False, 'wasted_dive': False, 'shot_attempted': False, 'invalid_shot_attempt': False, 'invalid_shot_direction': False, 'fov_visible': True, 'shot_quality': None, 'shot_direction': None, 'shot_power': None, 'goal_scored': False, 'goal_team': None, 'ball_out_by': None, 'has_ball': False, 'start_shot_bonus': False, 'deflection_power': 0.0}

[Step 29] Action=[-0.99434924 -0.8001065   0.          0.          0.66911227 -0.05367906
 -0.12763083] | Reward=+0.035 | Cum=+1.015 | Info={'dive_score': None, 'blocked': False, 'deflected': False, 'wasted_dive': False, 'shot_attempted': False, 'invalid_shot_attempt': False, 'invalid_shot_direction': False, 'fov_visible': True, 'shot_quality': None, 'shot_direction': None, 'shot_power': None, 'goal_scored': False, 'goal_team': None, 'ball_out_by': None, 'has_ball': False, 'start_shot_bonus': False, 'deflection_power': 0.0}

[Step 30] Action=[-0.99436575 -0.80033076  0.          0.          0.6692058  -0.05361704
 -0.12764165] | Reward=+0.035 | Cum=+1.050 | Info={'dive_score': None, 'blocked': False, 'deflected': False, 'wasted_dive': False, 'shot_attempted': False, 'invalid_shot_attempt': False, 'invalid_shot_direction': False, 'fov_visible': True, 'shot_quality': None, 'shot_direction': None, 'shot_power': None, 'goal_scored': False, 'goal_team': None, 'ball_out_by': None, 'has_ball': False, 'start_shot_bonus': False, 'deflection_power': 0.0}

[Step 31] Action=[-0.99438214 -0.8005543   0.          0.          0.6692987  -0.05355496
 -0.12765259] | Reward=+0.035 | Cum=+1.085 | Info={'dive_score': None, 'blocked': False, 'deflected': False, 'wasted_dive': False, 'shot_attempted': False, 'invalid_shot_attempt': False, 'invalid_shot_direction': False, 'fov_visible': True, 'shot_quality': None, 'shot_direction': None, 'shot_power': None, 'goal_scored': False, 'goal_team': None, 'ball_out_by': None, 'has_ball': False, 'start_shot_bonus': False, 'deflection_power': 0.0}

[Step 32] Action=[-0.9943984  -0.8007771   0.          0.          0.66939133 -0.05349303
 -0.12766288] | Reward=+0.035 | Cum=+1.120 | Info={'dive_score': None, 'blocked': False, 'deflected': False, 'wasted_dive': False, 'shot_attempted': False, 'invalid_shot_attempt': False, 'invalid_shot_direction': False, 'fov_visible': True, 'shot_quality': None, 'shot_direction': None, 'shot_power': None, 'goal_scored': False, 'goal_team': None, 'ball_out_by': None, 'has_ball': False, 'start_shot_bonus': False, 'deflection_power': 0.0}

[Step 33] Action=[-0.9944147  -0.8009991   0.          0.          0.6694837  -0.05343113
 -0.12767346] | Reward=+0.035 | Cum=+1.155 | Info={'dive_score': None, 'blocked': False, 'deflected': False, 'wasted_dive': False, 'shot_attempted': False, 'invalid_shot_attempt': False, 'invalid_shot_direction': False, 'fov_visible': True, 'shot_quality': None, 'shot_direction': None, 'shot_power': None, 'goal_scored': False, 'goal_team': None, 'ball_out_by': None, 'has_ball': False, 'start_shot_bonus': False, 'deflection_power': 0.0}

[Step 34] Action=[-0.9944308  -0.80122036  0.          0.          0.6695755  -0.05336932
 -0.1276838 ] | Reward=+0.035 | Cum=+1.190 | Info={'dive_score': None, 'blocked': False, 'deflected': False, 'wasted_dive': False, 'shot_attempted': False, 'invalid_shot_attempt': False, 'invalid_shot_direction': False, 'fov_visible': True, 'shot_quality': None, 'shot_direction': None, 'shot_power': None, 'goal_scored': False, 'goal_team': None, 'ball_out_by': None, 'has_ball': False, 'start_shot_bonus': False, 'deflection_power': 0.0}

[Step 35] Action=[-0.99444723 -0.80144507  0.          0.          0.669671   -0.05330159
 -0.127688  ] | Reward=+0.031 | Cum=+1.221 | Info={'dive_score': None, 'blocked': False, 'deflected': False, 'wasted_dive': False, 'shot_attempted': False, 'invalid_shot_attempt': False, 'invalid_shot_direction': False, 'fov_visible': True, 'shot_quality': None, 'shot_direction': None, 'shot_power': None, 'goal_scored': False, 'goal_team': None, 'ball_out_by': None, 'has_ball': False, 'start_shot_bonus': False, 'deflection_power': 0.0}

[Step 36] Action=[-0.9944642  -0.8016731   0.          0.          0.6697685  -0.05322043
 -0.12767665] | Reward=+0.031 | Cum=+1.252 | Info={'dive_score': None, 'blocked': False, 'deflected': False, 'wasted_dive': False, 'shot_attempted': False, 'invalid_shot_attempt': False, 'invalid_shot_direction': False, 'fov_visible': True, 'shot_quality': None, 'shot_direction': None, 'shot_power': None, 'goal_scored': False, 'goal_team': None, 'ball_out_by': None, 'has_ball': False, 'start_shot_bonus': False, 'deflection_power': 0.0}

[Step 37] Action=[-0.9944811  -0.80190045  0.          0.          0.6698657  -0.0531396
 -0.12766528] | Reward=+0.031 | Cum=+1.284 | Info={'dive_score': None, 'blocked': False, 'deflected': False, 'wasted_dive': False, 'shot_attempted': False, 'invalid_shot_attempt': False, 'invalid_shot_direction': False, 'fov_visible': True, 'shot_quality': None, 'shot_direction': None, 'shot_power': None, 'goal_scored': False, 'goal_team': None, 'ball_out_by': None, 'has_ball': False, 'start_shot_bonus': False, 'deflection_power': 0.0}

[Step 38] Action=[-0.99449784 -0.80212694  0.          0.          0.6699624  -0.05305868
 -0.12765361] | Reward=+0.031 | Cum=+1.315 | Info={'dive_score': None, 'blocked': False, 'deflected': False, 'wasted_dive': False, 'shot_attempted': False, 'invalid_shot_attempt': False, 'invalid_shot_direction': False, 'fov_visible': True, 'shot_quality': None, 'shot_direction': None, 'shot_power': None, 'goal_scored': False, 'goal_team': None, 'ball_out_by': None, 'has_ball': False, 'start_shot_bonus': False, 'deflection_power': 0.0}

[Step 39] Action=[-0.9945145  -0.8023528   0.          0.          0.6700587  -0.05297802
 -0.12764198] | Reward=+0.031 | Cum=+1.346 | Info={'dive_score': None, 'blocked': False, 'deflected': False, 'wasted_dive': False, 'shot_attempted': False, 'invalid_shot_attempt': False, 'invalid_shot_direction': False, 'fov_visible': True, 'shot_quality': None, 'shot_direction': None, 'shot_power': None, 'goal_scored': False, 'goal_team': None, 'ball_out_by': None, 'has_ball': False, 'start_shot_bonus': False, 'deflection_power': 0.0}

[Step 40] Action=[-0.99453115 -0.802577    0.          0.          0.67015964 -0.05290286
 -0.12763807] | Reward=+0.024 | Cum=+1.370 | Info={'dive_score': None, 'blocked': False, 'deflected': False, 'wasted_dive': False, 'shot_attempted': False, 'invalid_shot_attempt': False, 'invalid_shot_direction': False, 'fov_visible': True, 'shot_quality': None, 'shot_direction': None, 'shot_power': None, 'goal_scored': False, 'goal_team': None, 'ball_out_by': None, 'has_ball': False, 'start_shot_bonus': False, 'deflection_power': 0.0}

[Step 41] Action=[-0.99454767 -0.80280006  0.          0.          0.67026347 -0.05283156
 -0.12763904] | Reward=+0.024 | Cum=+1.394 | Info={'dive_score': None, 'blocked': False, 'deflected': False, 'wasted_dive': False, 'shot_attempted': False, 'invalid_shot_attempt': False, 'invalid_shot_direction': False, 'fov_visible': True, 'shot_quality': None, 'shot_direction': None, 'shot_power': None, 'goal_scored': False, 'goal_team': None, 'ball_out_by': None, 'has_ball': False, 'start_shot_bonus': False, 'deflection_power': 0.0}

[Step 42] Action=[-0.9945642  -0.80302334  0.          0.          0.67036796 -0.05276098
 -0.1276387 ] | Reward=+2.774 | Cum=+4.167 | Info={'dive_score': None, 'blocked': False, 'deflected': False, 'wasted_dive': False, 'shot_attempted': False, 'invalid_shot_attempt': False, 'invalid_shot_direction': False, 'fov_visible': True, 'shot_quality': None, 'shot_direction': None, 'shot_power': None, 'goal_scored': False, 'goal_team': None, 'ball_out_by': 'att_1', 'has_ball': False, 'start_shot_bonus': False, 'deflection_power': 0.0}

