Debug log for att_3 (Episode 4)
================================================================================
[Step 1] Action=[ 0.00354286 -0.09379216  0.07536272  0.28909376  0.         -0.04566104
  0.14686193] | Reward=-0.003 | Cum=-0.003 | Info={'shot_attempted': False, 'pass_attempted': False, 'goal_scored': False, 'goal_team': None, 'ball_out_by': None, 'has_ball': False, 'start_shot_bonus': False, 'start_pass_bonus': False, 'possession_lost': False}

[Step 2] Action=[ 0.00344203 -0.09384111  0.07542332  0.2893007   0.         -0.04560598
  0.14686738] | Reward=-0.003 | Cum=-0.006 | Info={'shot_attempted': False, 'pass_attempted': False, 'goal_scored': False, 'goal_team': None, 'ball_out_by': None, 'has_ball': False, 'start_shot_bonus': False, 'start_pass_bonus': False, 'possession_lost': False}

[Step 3] Action=[ 0.00342877 -0.0938701   0.0754154   0.289342    0.         -0.04560181
  0.14686674] | Reward=-0.003 | Cum=-0.008 | Info={'shot_attempted': False, 'pass_attempted': False, 'goal_scored': False, 'goal_team': None, 'ball_out_by': None, 'has_ball': False, 'start_shot_bonus': False, 'start_pass_bonus': False, 'possession_lost': False}

[Step 4] Action=[ 0.00341297 -0.09389602  0.07540669  0.2893799   0.         -0.04559731
  0.14686336] | Reward=-0.003 | Cum=-0.011 | Info={'shot_attempted': False, 'pass_attempted': False, 'goal_scored': False, 'goal_team': None, 'ball_out_by': None, 'has_ball': False, 'start_shot_bonus': False, 'start_pass_bonus': False, 'possession_lost': False}

[Step 5] Action=[ 0.00339772 -0.09392334  0.07539905  0.28941867  0.         -0.04559325
  0.14686035] | Reward=-0.003 | Cum=-0.014 | Info={'shot_attempted': False, 'pass_attempted': False, 'goal_scored': False, 'goal_team': None, 'ball_out_by': None, 'has_ball': False, 'start_shot_bonus': False, 'start_pass_bonus': False, 'possession_lost': False}

[Step 6] Action=[-0.00184689 -0.10154263  0.08342943  0.3100685   0.         -0.04169656
  0.1500473 ] | Reward=-0.003 | Cum=-0.017 | Info={'shot_attempted': False, 'pass_attempted': False, 'goal_scored': False, 'goal_team': None, 'ball_out_by': None, 'has_ball': False, 'start_shot_bonus': False, 'start_pass_bonus': False, 'possession_lost': False}

[Step 7] Action=[-0.00264278 -0.10254769  0.07864779  0.2973661   0.         -0.04309981
  0.14789541] | Reward=-0.003 | Cum=-0.020 | Info={'shot_attempted': False, 'pass_attempted': False, 'goal_scored': False, 'goal_team': None, 'ball_out_by': None, 'has_ball': False, 'start_shot_bonus': False, 'start_pass_bonus': False, 'possession_lost': False}

[Step 8] Action=[-0.00266853 -0.10257625  0.07862495  0.2973935   0.         -0.04309952
  0.14790861] | Reward=-0.003 | Cum=-0.023 | Info={'shot_attempted': False, 'pass_attempted': False, 'goal_scored': False, 'goal_team': None, 'ball_out_by': None, 'has_ball': False, 'start_shot_bonus': False, 'start_pass_bonus': False, 'possession_lost': False}

[Step 9] Action=[-0.00269426 -0.10260481  0.0786021   0.29742086  0.         -0.04309924
  0.14792188] | Reward=-0.003 | Cum=-0.027 | Info={'shot_attempted': False, 'pass_attempted': False, 'goal_scored': False, 'goal_team': None, 'ball_out_by': None, 'has_ball': False, 'start_shot_bonus': False, 'start_pass_bonus': False, 'possession_lost': False}

[Step 10] Action=[-0.00272    -0.10263332  0.07857926  0.29744822  0.         -0.0430989
  0.14793518] | Reward=-0.003 | Cum=-0.030 | Info={'shot_attempted': False, 'pass_attempted': False, 'goal_scored': False, 'goal_team': None, 'ball_out_by': None, 'has_ball': False, 'start_shot_bonus': False, 'start_pass_bonus': False, 'possession_lost': False}

[Step 11] Action=[-0.00274577 -0.10266187  0.07855637  0.29747555  0.         -0.04309862
  0.14794844] | Reward=-0.003 | Cum=-0.033 | Info={'shot_attempted': False, 'pass_attempted': False, 'goal_scored': False, 'goal_team': None, 'ball_out_by': None, 'has_ball': False, 'start_shot_bonus': False, 'start_pass_bonus': False, 'possession_lost': False}

[Step 12] Action=[-0.00277152 -0.10269037  0.07853349  0.29750288  0.         -0.04309832
  0.14796174] | Reward=-0.003 | Cum=-0.037 | Info={'shot_attempted': False, 'pass_attempted': False, 'goal_scored': False, 'goal_team': None, 'ball_out_by': None, 'has_ball': False, 'start_shot_bonus': False, 'start_pass_bonus': False, 'possession_lost': False}

[Step 13] Action=[-0.00279632 -0.1027189   0.07851143  0.29753077  0.         -0.04309759
  0.14797421] | Reward=-0.004 | Cum=-0.041 | Info={'shot_attempted': False, 'pass_attempted': False, 'goal_scored': False, 'goal_team': None, 'ball_out_by': None, 'has_ball': False, 'start_shot_bonus': False, 'start_pass_bonus': False, 'possession_lost': False}

[Step 14] Action=[-0.00281162 -0.10274679  0.07849762  0.2975636   0.         -0.04309196
  0.1479782 ] | Reward=-0.004 | Cum=-0.045 | Info={'shot_attempted': False, 'pass_attempted': False, 'goal_scored': False, 'goal_team': None, 'ball_out_by': None, 'has_ball': False, 'start_shot_bonus': False, 'start_pass_bonus': False, 'possession_lost': False}

[Step 15] Action=[-0.00282691 -0.10277469  0.07848377  0.29759642  0.         -0.04308638
  0.14798228] | Reward=-0.004 | Cum=-0.050 | Info={'shot_attempted': False, 'pass_attempted': False, 'goal_scored': False, 'goal_team': None, 'ball_out_by': None, 'has_ball': False, 'start_shot_bonus': False, 'start_pass_bonus': False, 'possession_lost': False}

[Step 16] Action=[-0.00284223 -0.1028026   0.07846997  0.2976293   0.         -0.04308075
  0.14798631] | Reward=-0.004 | Cum=-0.054 | Info={'shot_attempted': False, 'pass_attempted': False, 'goal_scored': False, 'goal_team': None, 'ball_out_by': None, 'has_ball': False, 'start_shot_bonus': False, 'start_pass_bonus': False, 'possession_lost': False}

[Step 17] Action=[-0.00285752 -0.10283051  0.07845613  0.29766217  0.         -0.04307519
  0.14799033] | Reward=-0.004 | Cum=-0.058 | Info={'shot_attempted': False, 'pass_attempted': False, 'goal_scored': False, 'goal_team': None, 'ball_out_by': None, 'has_ball': False, 'start_shot_bonus': False, 'start_pass_bonus': False, 'possession_lost': False}

[Step 18] Action=[-0.00287284 -0.10285839  0.07844229  0.29769504  0.         -0.04306959
  0.14799438] | Reward=-0.005 | Cum=-0.063 | Info={'shot_attempted': False, 'pass_attempted': False, 'goal_scored': False, 'goal_team': None, 'ball_out_by': None, 'has_ball': False, 'start_shot_bonus': False, 'start_pass_bonus': False, 'possession_lost': False}

[Step 19] Action=[-0.00288813 -0.10288631  0.07842847  0.2977279   0.         -0.04306398
  0.14799842] | Reward=-0.005 | Cum=-0.067 | Info={'shot_attempted': False, 'pass_attempted': False, 'goal_scored': False, 'goal_team': None, 'ball_out_by': None, 'has_ball': False, 'start_shot_bonus': False, 'start_pass_bonus': False, 'possession_lost': False}

[Step 20] Action=[-0.00290342 -0.10291421  0.07841463  0.29776075  0.         -0.04305838
  0.14800245] | Reward=-0.005 | Cum=-0.072 | Info={'shot_attempted': False, 'pass_attempted': False, 'goal_scored': False, 'goal_team': None, 'ball_out_by': None, 'has_ball': False, 'start_shot_bonus': False, 'start_pass_bonus': False, 'possession_lost': False}

[Step 21] Action=[-0.00291873 -0.10294213  0.07840076  0.29779357  0.         -0.04305279
  0.14800647] | Reward=-0.005 | Cum=-0.077 | Info={'shot_attempted': False, 'pass_attempted': False, 'goal_scored': False, 'goal_team': None, 'ball_out_by': None, 'has_ball': False, 'start_shot_bonus': False, 'start_pass_bonus': False, 'possession_lost': False}

[Step 22] Action=[-0.00293404 -0.10297003  0.07838692  0.29782638  0.         -0.04304719
  0.14801052] | Reward=-0.005 | Cum=-0.082 | Info={'shot_attempted': False, 'pass_attempted': False, 'goal_scored': False, 'goal_team': None, 'ball_out_by': None, 'has_ball': False, 'start_shot_bonus': False, 'start_pass_bonus': False, 'possession_lost': False}

[Step 23] Action=[-0.00294912 -0.10299812  0.07837317  0.29785937  0.         -0.04304132
  0.14801502] | Reward=-0.005 | Cum=-0.087 | Info={'shot_attempted': False, 'pass_attempted': False, 'goal_scored': False, 'goal_team': None, 'ball_out_by': None, 'has_ball': False, 'start_shot_bonus': False, 'start_pass_bonus': False, 'possession_lost': False}

[Step 24] Action=[-0.00296335 -0.10302707  0.07835983  0.297893    0.         -0.04303432
  0.14802119] | Reward=-0.005 | Cum=-0.092 | Info={'shot_attempted': False, 'pass_attempted': False, 'goal_scored': False, 'goal_team': None, 'ball_out_by': None, 'has_ball': False, 'start_shot_bonus': False, 'start_pass_bonus': False, 'possession_lost': False}

[Step 25] Action=[-0.00297757 -0.10305604  0.07834647  0.29792655  0.         -0.0430273
  0.14802735] | Reward=-0.005 | Cum=-0.097 | Info={'shot_attempted': False, 'pass_attempted': False, 'goal_scored': False, 'goal_team': None, 'ball_out_by': None, 'has_ball': False, 'start_shot_bonus': False, 'start_pass_bonus': False, 'possession_lost': False}

[Step 26] Action=[-0.00299179 -0.10308499  0.07833309  0.2979601   0.         -0.04302031
  0.14803356] | Reward=-0.005 | Cum=-0.102 | Info={'shot_attempted': False, 'pass_attempted': False, 'goal_scored': False, 'goal_team': None, 'ball_out_by': None, 'has_ball': False, 'start_shot_bonus': False, 'start_pass_bonus': False, 'possession_lost': False}

[Step 27] Action=[-0.00300602 -0.10311393  0.07831974  0.29799366  0.         -0.04301332
  0.1480397 ] | Reward=-0.005 | Cum=-0.107 | Info={'shot_attempted': False, 'pass_attempted': False, 'goal_scored': False, 'goal_team': None, 'ball_out_by': None, 'has_ball': False, 'start_shot_bonus': False, 'start_pass_bonus': False, 'possession_lost': False}

[Step 28] Action=[-0.00302022 -0.10314287  0.07830639  0.2980272   0.         -0.04300633
  0.14804591] | Reward=-0.005 | Cum=-0.112 | Info={'shot_attempted': False, 'pass_attempted': False, 'goal_scored': False, 'goal_team': None, 'ball_out_by': None, 'has_ball': False, 'start_shot_bonus': False, 'start_pass_bonus': False, 'possession_lost': False}

[Step 29] Action=[-0.00303447 -0.1031718   0.078293    0.29806075  0.         -0.04299933
  0.14805207] | Reward=-0.005 | Cum=-0.118 | Info={'shot_attempted': False, 'pass_attempted': False, 'goal_scored': False, 'goal_team': None, 'ball_out_by': None, 'has_ball': False, 'start_shot_bonus': False, 'start_pass_bonus': False, 'possession_lost': False}

[Step 30] Action=[-0.0030487  -0.10320073  0.07827964  0.29809424  0.         -0.04299235
  0.14805825] | Reward=-0.006 | Cum=-0.123 | Info={'shot_attempted': False, 'pass_attempted': False, 'goal_scored': False, 'goal_team': None, 'ball_out_by': None, 'has_ball': False, 'start_shot_bonus': False, 'start_pass_bonus': False, 'possession_lost': False}

[Step 31] Action=[-0.00306291 -0.1032297   0.07826629  0.29812783  0.         -0.04298534
  0.14806442] | Reward=-0.006 | Cum=-0.129 | Info={'shot_attempted': False, 'pass_attempted': False, 'goal_scored': False, 'goal_team': None, 'ball_out_by': None, 'has_ball': False, 'start_shot_bonus': False, 'start_pass_bonus': False, 'possession_lost': False}

[Step 32] Action=[-0.00307717 -0.10325861  0.07825289  0.29816133  0.         -0.04297838
  0.14807057] | Reward=-0.006 | Cum=-0.135 | Info={'shot_attempted': False, 'pass_attempted': False, 'goal_scored': False, 'goal_team': None, 'ball_out_by': None, 'has_ball': False, 'start_shot_bonus': False, 'start_pass_bonus': False, 'possession_lost': False}

[Step 33] Action=[-0.00309139 -0.10328758  0.07823955  0.2981949   0.         -0.04297136
  0.14807679] | Reward=-0.006 | Cum=-0.140 | Info={'shot_attempted': False, 'pass_attempted': False, 'goal_scored': False, 'goal_team': None, 'ball_out_by': None, 'has_ball': False, 'start_shot_bonus': False, 'start_pass_bonus': False, 'possession_lost': False}

[Step 34] Action=[-0.00310562 -0.10331654  0.07822617  0.29822838  0.         -0.04296436
  0.14808293] | Reward=-0.006 | Cum=-0.146 | Info={'shot_attempted': False, 'pass_attempted': False, 'goal_scored': False, 'goal_team': None, 'ball_out_by': None, 'has_ball': False, 'start_shot_bonus': False, 'start_pass_bonus': False, 'possession_lost': False}

[Step 35] Action=[-0.00311986 -0.10334545  0.07821277  0.2982619   0.         -0.04295738
  0.14808911] | Reward=-0.006 | Cum=-0.152 | Info={'shot_attempted': False, 'pass_attempted': False, 'goal_scored': False, 'goal_team': None, 'ball_out_by': None, 'has_ball': False, 'start_shot_bonus': False, 'start_pass_bonus': False, 'possession_lost': False}

[Step 36] Action=[-0.00313408 -0.10337438  0.07819938  0.29829544  0.         -0.04295041
  0.1480953 ] | Reward=-0.006 | Cum=-0.158 | Info={'shot_attempted': False, 'pass_attempted': False, 'goal_scored': False, 'goal_team': None, 'ball_out_by': None, 'has_ball': False, 'start_shot_bonus': False, 'start_pass_bonus': False, 'possession_lost': False}

[Step 37] Action=[-0.00314832 -0.10340335  0.07818601  0.29832897  0.         -0.04294336
  0.14810148] | Reward=-0.006 | Cum=-0.164 | Info={'shot_attempted': False, 'pass_attempted': False, 'goal_scored': False, 'goal_team': None, 'ball_out_by': None, 'has_ball': False, 'start_shot_bonus': False, 'start_pass_bonus': False, 'possession_lost': False}

[Step 38] Action=[-0.00316257 -0.10343229  0.07817263  0.29836246  0.         -0.0429364
  0.14810765] | Reward=-0.006 | Cum=-0.170 | Info={'shot_attempted': False, 'pass_attempted': False, 'goal_scored': False, 'goal_team': None, 'ball_out_by': None, 'has_ball': False, 'start_shot_bonus': False, 'start_pass_bonus': False, 'possession_lost': False}

[Step 39] Action=[-0.00317681 -0.10346118  0.07815923  0.29839596  0.         -0.04292941
  0.1481138 ] | Reward=-0.006 | Cum=-0.177 | Info={'shot_attempted': False, 'pass_attempted': False, 'goal_scored': False, 'goal_team': None, 'ball_out_by': None, 'has_ball': False, 'start_shot_bonus': False, 'start_pass_bonus': False, 'possession_lost': False}

[Step 40] Action=[-0.00319106 -0.10349015  0.07814584  0.29842946  0.         -0.04292242
  0.14811999] | Reward=-0.006 | Cum=-0.183 | Info={'shot_attempted': False, 'pass_attempted': False, 'goal_scored': False, 'goal_team': None, 'ball_out_by': None, 'has_ball': False, 'start_shot_bonus': False, 'start_pass_bonus': False, 'possession_lost': False}

[Step 41] Action=[-0.00320528 -0.10351904  0.07813245  0.29846296  0.         -0.04291544
  0.14812616] | Reward=-0.006 | Cum=-0.190 | Info={'shot_attempted': False, 'pass_attempted': False, 'goal_scored': False, 'goal_team': None, 'ball_out_by': None, 'has_ball': False, 'start_shot_bonus': False, 'start_pass_bonus': False, 'possession_lost': False}

[Step 42] Action=[-0.00321955 -0.10354798  0.07811906  0.29849645  0.         -0.04290845
  0.14813234] | Reward=-0.006 | Cum=-0.196 | Info={'shot_attempted': False, 'pass_attempted': False, 'goal_scored': False, 'goal_team': None, 'ball_out_by': None, 'has_ball': False, 'start_shot_bonus': False, 'start_pass_bonus': False, 'possession_lost': False}

[Step 43] Action=[-0.00323376 -0.10357694  0.07810567  0.29852995  0.         -0.04290147
  0.14813855] | Reward=-0.007 | Cum=-0.203 | Info={'shot_attempted': False, 'pass_attempted': False, 'goal_scored': False, 'goal_team': None, 'ball_out_by': None, 'has_ball': False, 'start_shot_bonus': False, 'start_pass_bonus': False, 'possession_lost': False}

[Step 44] Action=[-0.00324803 -0.10360588  0.07809225  0.29856345  0.         -0.04289444
  0.14814469] | Reward=-0.007 | Cum=-0.210 | Info={'shot_attempted': False, 'pass_attempted': False, 'goal_scored': False, 'goal_team': None, 'ball_out_by': None, 'has_ball': False, 'start_shot_bonus': False, 'start_pass_bonus': False, 'possession_lost': False}

[Step 45] Action=[-0.00326227 -0.10363477  0.07807885  0.29859695  0.         -0.04288748
  0.14815085] | Reward=-0.007 | Cum=-0.217 | Info={'shot_attempted': False, 'pass_attempted': False, 'goal_scored': False, 'goal_team': None, 'ball_out_by': None, 'has_ball': False, 'start_shot_bonus': False, 'start_pass_bonus': False, 'possession_lost': False}

[Step 46] Action=[-0.00327653 -0.10366371  0.07806545  0.2986304   0.         -0.04288051
  0.14815706] | Reward=-0.007 | Cum=-0.223 | Info={'shot_attempted': False, 'pass_attempted': False, 'goal_scored': False, 'goal_team': None, 'ball_out_by': None, 'has_ball': False, 'start_shot_bonus': False, 'start_pass_bonus': False, 'possession_lost': False}

[Step 47] Action=[-0.00329078 -0.10369265  0.07805206  0.2986639   0.         -0.0428735
  0.14816321] | Reward=-0.007 | Cum=-0.231 | Info={'shot_attempted': False, 'pass_attempted': False, 'goal_scored': False, 'goal_team': None, 'ball_out_by': None, 'has_ball': False, 'start_shot_bonus': False, 'start_pass_bonus': False, 'possession_lost': False}

[Step 48] Action=[-0.00330504 -0.1037216   0.07803864  0.29869738  0.         -0.04286652
  0.14816938] | Reward=-0.007 | Cum=-0.238 | Info={'shot_attempted': False, 'pass_attempted': False, 'goal_scored': False, 'goal_team': None, 'ball_out_by': None, 'has_ball': False, 'start_shot_bonus': False, 'start_pass_bonus': False, 'possession_lost': False}

[Step 49] Action=[-0.00331929 -0.10375052  0.07802524  0.29873085  0.         -0.04285956
  0.14817557] | Reward=-0.007 | Cum=-0.245 | Info={'shot_attempted': False, 'pass_attempted': False, 'goal_scored': False, 'goal_team': None, 'ball_out_by': None, 'has_ball': False, 'start_shot_bonus': False, 'start_pass_bonus': False, 'possession_lost': False}

[Step 50] Action=[-0.00333208 -0.10377964  0.07801468  0.298766    0.         -0.042852
  0.14818087] | Reward=-0.007 | Cum=-0.252 | Info={'shot_attempted': False, 'pass_attempted': False, 'goal_scored': False, 'goal_team': None, 'ball_out_by': None, 'has_ball': False, 'start_shot_bonus': False, 'start_pass_bonus': False, 'possession_lost': False}

[Step 51] Action=[-0.00334369 -0.10380894  0.07800634  0.29880238  0.         -0.04284405
  0.1481856 ] | Reward=-0.007 | Cum=-0.259 | Info={'shot_attempted': False, 'pass_attempted': False, 'goal_scored': False, 'goal_team': None, 'ball_out_by': None, 'has_ball': False, 'start_shot_bonus': False, 'start_pass_bonus': False, 'possession_lost': False}

[Step 52] Action=[-0.00335534 -0.10383824  0.07799798  0.29883873  0.         -0.04283607
  0.1481902 ] | Reward=-0.008 | Cum=-0.267 | Info={'shot_attempted': False, 'pass_attempted': False, 'goal_scored': False, 'goal_team': None, 'ball_out_by': None, 'has_ball': False, 'start_shot_bonus': False, 'start_pass_bonus': False, 'possession_lost': False}

[Step 53] Action=[-0.00336701 -0.10386755  0.07798962  0.2988751   0.         -0.04282813
  0.14819492] | Reward=-0.008 | Cum=-0.275 | Info={'shot_attempted': False, 'pass_attempted': False, 'goal_scored': False, 'goal_team': None, 'ball_out_by': None, 'has_ball': False, 'start_shot_bonus': False, 'start_pass_bonus': False, 'possession_lost': False}

[Step 54] Action=[-0.00337865 -0.10389685  0.07798126  0.29891142  0.         -0.04282019
  0.14819959] | Reward=-0.008 | Cum=-0.282 | Info={'shot_attempted': False, 'pass_attempted': False, 'goal_scored': False, 'goal_team': None, 'ball_out_by': None, 'has_ball': False, 'start_shot_bonus': False, 'start_pass_bonus': False, 'possession_lost': False}

[Step 55] Action=[-0.00339029 -0.10392617  0.0779729   0.2989478   0.         -0.04281222
  0.14820425] | Reward=-0.008 | Cum=-0.290 | Info={'shot_attempted': False, 'pass_attempted': False, 'goal_scored': False, 'goal_team': None, 'ball_out_by': None, 'has_ball': False, 'start_shot_bonus': False, 'start_pass_bonus': False, 'possession_lost': False}

[Step 56] Action=[-0.00340195 -0.10395546  0.07796454  0.29898417  0.         -0.04280427
  0.14820892] | Reward=-0.008 | Cum=-0.298 | Info={'shot_attempted': False, 'pass_attempted': False, 'goal_scored': False, 'goal_team': None, 'ball_out_by': None, 'has_ball': False, 'start_shot_bonus': False, 'start_pass_bonus': False, 'possession_lost': False}

[Step 57] Action=[-0.00341361 -0.10398478  0.07795615  0.29902053  0.         -0.0427963
  0.14821358] | Reward=-0.008 | Cum=-0.306 | Info={'shot_attempted': False, 'pass_attempted': False, 'goal_scored': False, 'goal_team': None, 'ball_out_by': None, 'has_ball': False, 'start_shot_bonus': False, 'start_pass_bonus': False, 'possession_lost': False}

[Step 58] Action=[-0.00342526 -0.10401404  0.07794778  0.2990569   0.         -0.04278835
  0.14821821] | Reward=-0.008 | Cum=-0.314 | Info={'shot_attempted': False, 'pass_attempted': False, 'goal_scored': False, 'goal_team': None, 'ball_out_by': None, 'has_ball': False, 'start_shot_bonus': False, 'start_pass_bonus': False, 'possession_lost': False}

[Step 59] Action=[-0.00343692 -0.10404336  0.07793943  0.29909325  0.         -0.04278041
  0.14822288] | Reward=-0.008 | Cum=-0.322 | Info={'shot_attempted': False, 'pass_attempted': False, 'goal_scored': False, 'goal_team': None, 'ball_out_by': None, 'has_ball': False, 'start_shot_bonus': False, 'start_pass_bonus': False, 'possession_lost': False}

[Step 60] Action=[-0.00344861 -0.10407262  0.07793105  0.29912955  0.         -0.04277244
  0.14822757] | Reward=-0.008 | Cum=-0.331 | Info={'shot_attempted': False, 'pass_attempted': False, 'goal_scored': False, 'goal_team': None, 'ball_out_by': None, 'has_ball': False, 'start_shot_bonus': False, 'start_pass_bonus': False, 'possession_lost': False}

[Step 61] Action=[-0.00346026 -0.10410193  0.07792268  0.29916593  0.         -0.04276449
  0.14823224] | Reward=-0.008 | Cum=-0.339 | Info={'shot_attempted': False, 'pass_attempted': False, 'goal_scored': False, 'goal_team': None, 'ball_out_by': None, 'has_ball': False, 'start_shot_bonus': False, 'start_pass_bonus': False, 'possession_lost': False}

[Step 62] Action=[-0.00347194 -0.10413124  0.07791428  0.2992023   0.         -0.04275651
  0.1482369 ] | Reward=-0.008 | Cum=-0.347 | Info={'shot_attempted': False, 'pass_attempted': False, 'goal_scored': False, 'goal_team': None, 'ball_out_by': None, 'has_ball': False, 'start_shot_bonus': False, 'start_pass_bonus': False, 'possession_lost': False}

[Step 63] Action=[-0.0034836  -0.10416053  0.07790591  0.29923856  0.         -0.04274859
  0.14824153] | Reward=-0.008 | Cum=-0.356 | Info={'shot_attempted': False, 'pass_attempted': False, 'goal_scored': False, 'goal_team': None, 'ball_out_by': None, 'has_ball': False, 'start_shot_bonus': False, 'start_pass_bonus': False, 'possession_lost': False}

[Step 64] Action=[-0.00349527 -0.10418984  0.07789751  0.29927492  0.         -0.04274065
  0.14824618] | Reward=-0.008 | Cum=-0.364 | Info={'shot_attempted': False, 'pass_attempted': False, 'goal_scored': False, 'goal_team': None, 'ball_out_by': None, 'has_ball': False, 'start_shot_bonus': False, 'start_pass_bonus': False, 'possession_lost': False}

[Step 65] Action=[-0.00350697 -0.10421915  0.07788913  0.29931125  0.         -0.04273268
  0.14825083] | Reward=-0.009 | Cum=-0.373 | Info={'shot_attempted': False, 'pass_attempted': False, 'goal_scored': False, 'goal_team': None, 'ball_out_by': None, 'has_ball': False, 'start_shot_bonus': False, 'start_pass_bonus': False, 'possession_lost': False}

[Step 66] Action=[-0.00351865 -0.10424841  0.07788075  0.29934758  0.         -0.04272473
  0.14825548] | Reward=-0.009 | Cum=-0.382 | Info={'shot_attempted': False, 'pass_attempted': False, 'goal_scored': False, 'goal_team': None, 'ball_out_by': None, 'has_ball': False, 'start_shot_bonus': False, 'start_pass_bonus': False, 'possession_lost': False}

[Step 67] Action=[-0.00353032 -0.10427772  0.07787235  0.2993839   0.         -0.04271679
  0.14826015] | Reward=-0.009 | Cum=-0.391 | Info={'shot_attempted': False, 'pass_attempted': False, 'goal_scored': False, 'goal_team': None, 'ball_out_by': None, 'has_ball': False, 'start_shot_bonus': False, 'start_pass_bonus': False, 'possession_lost': False}

[Step 68] Action=[-0.00354201 -0.10430703  0.07786395  0.2994202   0.         -0.04270882
  0.14826478] | Reward=-0.009 | Cum=-0.400 | Info={'shot_attempted': False, 'pass_attempted': False, 'goal_scored': False, 'goal_team': None, 'ball_out_by': None, 'has_ball': False, 'start_shot_bonus': False, 'start_pass_bonus': False, 'possession_lost': False}

[Step 69] Action=[-0.00355371 -0.10433631  0.07785556  0.29945654  0.         -0.04270089
  0.14826941] | Reward=-0.009 | Cum=-0.409 | Info={'shot_attempted': False, 'pass_attempted': False, 'goal_scored': False, 'goal_team': None, 'ball_out_by': None, 'has_ball': False, 'start_shot_bonus': False, 'start_pass_bonus': False, 'possession_lost': False}

[Step 70] Action=[-0.00356543 -0.10436559  0.07784714  0.29949287  0.         -0.04269294
  0.14827405] | Reward=-0.009 | Cum=-0.418 | Info={'shot_attempted': False, 'pass_attempted': False, 'goal_scored': False, 'goal_team': None, 'ball_out_by': None, 'has_ball': False, 'start_shot_bonus': False, 'start_pass_bonus': False, 'possession_lost': False}

[Step 71] Action=[-0.00357713 -0.1043949   0.07783876  0.29952917  0.         -0.042685
  0.14827871] | Reward=-0.009 | Cum=-0.428 | Info={'shot_attempted': False, 'pass_attempted': False, 'goal_scored': False, 'goal_team': None, 'ball_out_by': None, 'has_ball': False, 'start_shot_bonus': False, 'start_pass_bonus': False, 'possession_lost': False}

[Step 72] Action=[-0.00358882 -0.10442422  0.07783033  0.2995655   0.         -0.04267703
  0.14828338] | Reward=-0.009 | Cum=-0.437 | Info={'shot_attempted': False, 'pass_attempted': False, 'goal_scored': False, 'goal_team': None, 'ball_out_by': None, 'has_ball': False, 'start_shot_bonus': False, 'start_pass_bonus': False, 'possession_lost': False}

[Step 73] Action=[-0.00360052 -0.1044535   0.07782193  0.2996018   0.         -0.04266911
  0.14828801] | Reward=-0.010 | Cum=-0.447 | Info={'shot_attempted': False, 'pass_attempted': False, 'goal_scored': False, 'goal_team': None, 'ball_out_by': None, 'has_ball': False, 'start_shot_bonus': False, 'start_pass_bonus': False, 'possession_lost': False}

[Step 74] Action=[-0.00361223 -0.10448277  0.07781355  0.2996381   0.         -0.04266118
  0.14829262] | Reward=-0.010 | Cum=-0.456 | Info={'shot_attempted': False, 'pass_attempted': False, 'goal_scored': False, 'goal_team': None, 'ball_out_by': None, 'has_ball': False, 'start_shot_bonus': False, 'start_pass_bonus': False, 'possession_lost': False}

[Step 75] Action=[-0.00362394 -0.10451206  0.07780511  0.2996744   0.         -0.04265322
  0.14829725] | Reward=-0.010 | Cum=-0.466 | Info={'shot_attempted': False, 'pass_attempted': False, 'goal_scored': False, 'goal_team': None, 'ball_out_by': None, 'has_ball': False, 'start_shot_bonus': False, 'start_pass_bonus': False, 'possession_lost': False}

[Step 76] Action=[-0.00363567 -0.10454135  0.07779668  0.2997107   0.         -0.04264527
  0.14830188] | Reward=-0.010 | Cum=-0.476 | Info={'shot_attempted': False, 'pass_attempted': False, 'goal_scored': False, 'goal_team': None, 'ball_out_by': None, 'has_ball': False, 'start_shot_bonus': False, 'start_pass_bonus': False, 'possession_lost': False}

[Step 77] Action=[-0.00364737 -0.10457064  0.07778827  0.299747    0.         -0.04263734
  0.14830655] | Reward=-0.010 | Cum=-0.486 | Info={'shot_attempted': False, 'pass_attempted': False, 'goal_scored': False, 'goal_team': None, 'ball_out_by': None, 'has_ball': False, 'start_shot_bonus': False, 'start_pass_bonus': False, 'possession_lost': False}

[Step 78] Action=[-0.00365384 -0.1045996   0.07778231  0.29978445  0.         -0.04262895
  0.14831664] | Reward=-0.010 | Cum=-0.496 | Info={'shot_attempted': False, 'pass_attempted': False, 'goal_scored': False, 'goal_team': None, 'ball_out_by': None, 'has_ball': False, 'start_shot_bonus': False, 'start_pass_bonus': False, 'possession_lost': False}

[Step 79] Action=[-0.00366465 -0.10462879  0.07777421  0.2998207   0.         -0.04262095
  0.14832206] | Reward=-0.010 | Cum=-0.506 | Info={'shot_attempted': False, 'pass_attempted': False, 'goal_scored': False, 'goal_team': None, 'ball_out_by': None, 'has_ball': False, 'start_shot_bonus': False, 'start_pass_bonus': False, 'possession_lost': False}

[Step 80] Action=[-0.00367548 -0.10465799  0.07776605  0.2998569   0.         -0.04261294
  0.14832751] | Reward=-0.010 | Cum=-0.516 | Info={'shot_attempted': False, 'pass_attempted': False, 'goal_scored': False, 'goal_team': None, 'ball_out_by': None, 'has_ball': False, 'start_shot_bonus': False, 'start_pass_bonus': False, 'possession_lost': False}

[Step 81] Action=[-0.00368628 -0.10468719  0.07775795  0.2998931   0.         -0.04260496
  0.14833297] | Reward=-0.010 | Cum=-0.527 | Info={'shot_attempted': False, 'pass_attempted': False, 'goal_scored': False, 'goal_team': None, 'ball_out_by': None, 'has_ball': False, 'start_shot_bonus': False, 'start_pass_bonus': False, 'possession_lost': False}

[Step 82] Action=[-0.00369713 -0.10471636  0.0777498   0.29992932  0.         -0.04259697
  0.14833835] | Reward=-0.011 | Cum=-0.537 | Info={'shot_attempted': False, 'pass_attempted': False, 'goal_scored': False, 'goal_team': None, 'ball_out_by': None, 'has_ball': False, 'start_shot_bonus': False, 'start_pass_bonus': False, 'possession_lost': False}

[Step 83] Action=[-0.00370797 -0.10474557  0.07774165  0.2999655   0.         -0.04258896
  0.1483438 ] | Reward=-0.011 | Cum=-0.548 | Info={'shot_attempted': False, 'pass_attempted': False, 'goal_scored': False, 'goal_team': None, 'ball_out_by': None, 'has_ball': False, 'start_shot_bonus': False, 'start_pass_bonus': False, 'possession_lost': False}

[Step 84] Action=[-0.00371866 -0.10477475  0.07773358  0.3000017   0.         -0.04258095
  0.14834937] | Reward=-0.011 | Cum=-0.558 | Info={'shot_attempted': False, 'pass_attempted': False, 'goal_scored': False, 'goal_team': None, 'ball_out_by': None, 'has_ball': False, 'start_shot_bonus': False, 'start_pass_bonus': False, 'possession_lost': False}

[Step 85] Action=[-0.00372947 -0.10480391  0.07772544  0.30003792  0.         -0.04257298
  0.1483548 ] | Reward=-0.011 | Cum=-0.569 | Info={'shot_attempted': False, 'pass_attempted': False, 'goal_scored': False, 'goal_team': None, 'ball_out_by': None, 'has_ball': False, 'start_shot_bonus': False, 'start_pass_bonus': False, 'possession_lost': False}

[Step 86] Action=[-0.0037403  -0.10483308  0.0777173   0.30007413  0.         -0.04256497
  0.14836024] | Reward=-0.011 | Cum=-0.580 | Info={'shot_attempted': False, 'pass_attempted': False, 'goal_scored': False, 'goal_team': None, 'ball_out_by': None, 'has_ball': False, 'start_shot_bonus': False, 'start_pass_bonus': False, 'possession_lost': False}

[Step 87] Action=[-0.00375111 -0.1048623   0.07770915  0.3001103   0.         -0.04255697
  0.14836569] | Reward=-0.011 | Cum=-0.591 | Info={'shot_attempted': False, 'pass_attempted': False, 'goal_scored': False, 'goal_team': None, 'ball_out_by': None, 'has_ball': False, 'start_shot_bonus': False, 'start_pass_bonus': False, 'possession_lost': False}

[Step 88] Action=[-0.00376197 -0.10489147  0.077701    0.30014655  0.         -0.04254898
  0.14837112] | Reward=-0.011 | Cum=-0.602 | Info={'shot_attempted': False, 'pass_attempted': False, 'goal_scored': False, 'goal_team': None, 'ball_out_by': None, 'has_ball': False, 'start_shot_bonus': False, 'start_pass_bonus': False, 'possession_lost': False}

[Step 89] Action=[-0.0037728  -0.10492066  0.07769282  0.3001827   0.         -0.04254101
  0.14837654] | Reward=-0.011 | Cum=-0.613 | Info={'shot_attempted': False, 'pass_attempted': False, 'goal_scored': False, 'goal_team': None, 'ball_out_by': None, 'has_ball': False, 'start_shot_bonus': False, 'start_pass_bonus': False, 'possession_lost': False}

[Step 90] Action=[-0.00378364 -0.10494982  0.07768468  0.30021888  0.         -0.04253299
  0.14838196] | Reward=-0.011 | Cum=-0.624 | Info={'shot_attempted': False, 'pass_attempted': False, 'goal_scored': False, 'goal_team': None, 'ball_out_by': None, 'has_ball': False, 'start_shot_bonus': False, 'start_pass_bonus': False, 'possession_lost': False}

[Step 91] Action=[-0.00378921 -0.10497836  0.07768231  0.3002583   0.         -0.04252895
  0.14838597] | Reward=-0.011 | Cum=-0.636 | Info={'shot_attempted': False, 'pass_attempted': False, 'goal_scored': False, 'goal_team': None, 'ball_out_by': None, 'has_ball': False, 'start_shot_bonus': False, 'start_pass_bonus': False, 'possession_lost': False}

[Step 92] Action=[-0.0037941  -0.1050068   0.0776806   0.30029812  0.         -0.04252535
  0.1483898 ] | Reward=-0.011 | Cum=-0.647 | Info={'shot_attempted': False, 'pass_attempted': False, 'goal_scored': False, 'goal_team': None, 'ball_out_by': None, 'has_ball': False, 'start_shot_bonus': False, 'start_pass_bonus': False, 'possession_lost': False}

[Step 93] Action=[-0.003799   -0.10503525  0.07767893  0.3003379   0.         -0.04252181
  0.14839362] | Reward=-0.011 | Cum=-0.659 | Info={'shot_attempted': False, 'pass_attempted': False, 'goal_scored': False, 'goal_team': None, 'ball_out_by': None, 'has_ball': False, 'start_shot_bonus': False, 'start_pass_bonus': False, 'possession_lost': False}

[Step 94] Action=[-0.00380389 -0.10506371  0.07767726  0.30037773  0.         -0.04251827
  0.14839743] | Reward=-0.012 | Cum=-0.670 | Info={'shot_attempted': False, 'pass_attempted': False, 'goal_scored': False, 'goal_team': None, 'ball_out_by': None, 'has_ball': False, 'start_shot_bonus': False, 'start_pass_bonus': False, 'possession_lost': False}

[Step 95] Action=[-0.00380881 -0.10509212  0.07767556  0.30041757  0.         -0.0425147
  0.14840125] | Reward=-0.012 | Cum=-0.682 | Info={'shot_attempted': False, 'pass_attempted': False, 'goal_scored': False, 'goal_team': None, 'ball_out_by': None, 'has_ball': False, 'start_shot_bonus': False, 'start_pass_bonus': False, 'possession_lost': False}

[Step 96] Action=[-0.00381373 -0.10512061  0.07767387  0.3004574   0.         -0.04251113
  0.14840502] | Reward=-0.012 | Cum=-0.694 | Info={'shot_attempted': False, 'pass_attempted': False, 'goal_scored': False, 'goal_team': None, 'ball_out_by': None, 'has_ball': False, 'start_shot_bonus': False, 'start_pass_bonus': False, 'possession_lost': False}

[Step 97] Action=[-0.00381864 -0.10514904  0.07767219  0.3004972   0.         -0.0425076
  0.14840883] | Reward=-0.012 | Cum=-0.706 | Info={'shot_attempted': False, 'pass_attempted': False, 'goal_scored': False, 'goal_team': None, 'ball_out_by': None, 'has_ball': False, 'start_shot_bonus': False, 'start_pass_bonus': False, 'possession_lost': False}

[Step 98] Action=[-0.00382356 -0.10517748  0.07767049  0.30053702  0.         -0.04250402
  0.14841262] | Reward=-0.012 | Cum=-0.718 | Info={'shot_attempted': False, 'pass_attempted': False, 'goal_scored': False, 'goal_team': None, 'ball_out_by': None, 'has_ball': False, 'start_shot_bonus': False, 'start_pass_bonus': False, 'possession_lost': False}

[Step 99] Action=[-0.0038285  -0.10520594  0.0776688   0.30057684  0.         -0.0425005
  0.14841641] | Reward=-0.012 | Cum=-0.730 | Info={'shot_attempted': False, 'pass_attempted': False, 'goal_scored': False, 'goal_team': None, 'ball_out_by': None, 'has_ball': False, 'start_shot_bonus': False, 'start_pass_bonus': False, 'possession_lost': False}

[Step 100] Action=[-0.00383344 -0.10523438  0.07766711  0.30061662  0.         -0.04249691
  0.1484202 ] | Reward=-0.012 | Cum=-0.742 | Info={'shot_attempted': False, 'pass_attempted': False, 'goal_scored': False, 'goal_team': None, 'ball_out_by': None, 'has_ball': False, 'start_shot_bonus': False, 'start_pass_bonus': False, 'possession_lost': False}

[Step 101] Action=[-0.00383838 -0.1052628   0.07766541  0.30065644  0.         -0.04249335
  0.14842398] | Reward=-0.012 | Cum=-0.755 | Info={'shot_attempted': False, 'pass_attempted': False, 'goal_scored': False, 'goal_team': None, 'ball_out_by': None, 'has_ball': False, 'start_shot_bonus': False, 'start_pass_bonus': False, 'possession_lost': False}

[Step 102] Action=[-0.00384333 -0.10529127  0.07766372  0.30069628  0.         -0.04248977
  0.14842777] | Reward=-0.012 | Cum=-0.767 | Info={'shot_attempted': False, 'pass_attempted': False, 'goal_scored': False, 'goal_team': None, 'ball_out_by': None, 'has_ball': False, 'start_shot_bonus': False, 'start_pass_bonus': False, 'possession_lost': False}

[Step 103] Action=[-0.00384829 -0.10531971  0.07766201  0.30073607  0.         -0.04248624
  0.14843154] | Reward=-0.013 | Cum=-0.780 | Info={'shot_attempted': False, 'pass_attempted': False, 'goal_scored': False, 'goal_team': None, 'ball_out_by': None, 'has_ball': False, 'start_shot_bonus': False, 'start_pass_bonus': False, 'possession_lost': False}

[Step 104] Action=[-0.00385324 -0.10534817  0.0776603   0.30077586  0.         -0.0424827
  0.1484353 ] | Reward=-0.013 | Cum=-0.792 | Info={'shot_attempted': False, 'pass_attempted': False, 'goal_scored': False, 'goal_team': None, 'ball_out_by': None, 'has_ball': False, 'start_shot_bonus': False, 'start_pass_bonus': False, 'possession_lost': False}

[Step 105] Action=[-0.00385821 -0.10537658  0.07765859  0.30081564  0.         -0.04247913
  0.14843908] | Reward=-0.013 | Cum=-0.805 | Info={'shot_attempted': False, 'pass_attempted': False, 'goal_scored': False, 'goal_team': None, 'ball_out_by': None, 'has_ball': False, 'start_shot_bonus': False, 'start_pass_bonus': False, 'possession_lost': False}

[Step 106] Action=[-0.00386316 -0.10540505  0.07765689  0.30085546  0.         -0.04247558
  0.14844285] | Reward=-0.013 | Cum=-0.818 | Info={'shot_attempted': False, 'pass_attempted': False, 'goal_scored': False, 'goal_team': None, 'ball_out_by': None, 'has_ball': False, 'start_shot_bonus': False, 'start_pass_bonus': False, 'possession_lost': False}

[Step 107] Action=[-0.00386815 -0.10543349  0.07765517  0.30089527  0.         -0.04247202
  0.14844657] | Reward=-0.013 | Cum=-0.831 | Info={'shot_attempted': False, 'pass_attempted': False, 'goal_scored': False, 'goal_team': None, 'ball_out_by': None, 'has_ball': False, 'start_shot_bonus': False, 'start_pass_bonus': False, 'possession_lost': False}

[Step 108] Action=[-0.00387313 -0.10546196  0.07765345  0.30093506  0.         -0.04246848
  0.14845036] | Reward=-0.013 | Cum=-0.844 | Info={'shot_attempted': False, 'pass_attempted': False, 'goal_scored': False, 'goal_team': None, 'ball_out_by': None, 'has_ball': False, 'start_shot_bonus': False, 'start_pass_bonus': False, 'possession_lost': False}

[Step 109] Action=[-0.00387811 -0.10549039  0.07765172  0.30097488  0.         -0.04246493
  0.1484541 ] | Reward=-0.013 | Cum=-0.857 | Info={'shot_attempted': False, 'pass_attempted': False, 'goal_scored': False, 'goal_team': None, 'ball_out_by': None, 'has_ball': False, 'start_shot_bonus': False, 'start_pass_bonus': False, 'possession_lost': False}

[Step 110] Action=[-0.0038831  -0.10551889  0.07765003  0.3010147   0.         -0.04246137
  0.1484578 ] | Reward=-0.013 | Cum=-0.870 | Info={'shot_attempted': False, 'pass_attempted': False, 'goal_scored': False, 'goal_team': None, 'ball_out_by': None, 'has_ball': False, 'start_shot_bonus': False, 'start_pass_bonus': False, 'possession_lost': False}

[Step 111] Action=[-0.00388812 -0.10554727  0.07764827  0.30105448  0.         -0.04245782
  0.14846155] | Reward=-0.014 | Cum=-0.884 | Info={'shot_attempted': False, 'pass_attempted': False, 'goal_scored': False, 'goal_team': None, 'ball_out_by': None, 'has_ball': False, 'start_shot_bonus': False, 'start_pass_bonus': False, 'possession_lost': False}

[Step 112] Action=[-0.00389312 -0.10557576  0.07764655  0.30109426  0.         -0.04245427
  0.14846526] | Reward=-0.014 | Cum=-0.897 | Info={'shot_attempted': False, 'pass_attempted': False, 'goal_scored': False, 'goal_team': None, 'ball_out_by': None, 'has_ball': False, 'start_shot_bonus': False, 'start_pass_bonus': False, 'possession_lost': False}

[Step 113] Action=[-0.00389814 -0.10560421  0.07764485  0.30113405  0.         -0.04245071
  0.14846899] | Reward=-0.014 | Cum=-0.911 | Info={'shot_attempted': False, 'pass_attempted': False, 'goal_scored': False, 'goal_team': None, 'ball_out_by': None, 'has_ball': False, 'start_shot_bonus': False, 'start_pass_bonus': False, 'possession_lost': False}

[Step 114] Action=[-0.00390318 -0.10563265  0.07764312  0.30117384  0.         -0.04244716
  0.14847271] | Reward=-0.014 | Cum=-0.925 | Info={'shot_attempted': False, 'pass_attempted': False, 'goal_scored': False, 'goal_team': None, 'ball_out_by': None, 'has_ball': False, 'start_shot_bonus': False, 'start_pass_bonus': False, 'possession_lost': False}

[Step 115] Action=[-0.0039082  -0.10566113  0.07764137  0.30121365  0.         -0.04244361
  0.14847642] | Reward=-0.014 | Cum=-0.938 | Info={'shot_attempted': False, 'pass_attempted': False, 'goal_scored': False, 'goal_team': None, 'ball_out_by': None, 'has_ball': False, 'start_shot_bonus': False, 'start_pass_bonus': False, 'possession_lost': False}

[Step 116] Action=[-0.00391326 -0.10568953  0.07763964  0.30125344  0.         -0.04244008
  0.14848012] | Reward=-0.014 | Cum=-0.952 | Info={'shot_attempted': False, 'pass_attempted': False, 'goal_scored': False, 'goal_team': None, 'ball_out_by': None, 'has_ball': False, 'start_shot_bonus': False, 'start_pass_bonus': False, 'possession_lost': False}

[Step 117] Action=[-0.00391829 -0.10571801  0.07763792  0.30129322  0.         -0.04243655
  0.14848383] | Reward=-0.014 | Cum=-0.966 | Info={'shot_attempted': False, 'pass_attempted': False, 'goal_scored': False, 'goal_team': None, 'ball_out_by': None, 'has_ball': False, 'start_shot_bonus': False, 'start_pass_bonus': False, 'possession_lost': False}

[Step 118] Action=[-0.00392334 -0.10574646  0.07763615  0.301333    0.         -0.04243298
  0.1484875 ] | Reward=-0.014 | Cum=-0.980 | Info={'shot_attempted': False, 'pass_attempted': False, 'goal_scored': False, 'goal_team': None, 'ball_out_by': None, 'has_ball': False, 'start_shot_bonus': False, 'start_pass_bonus': False, 'possession_lost': False}

[Step 119] Action=[-0.00392839 -0.10577491  0.07763441  0.3013728   0.         -0.04242944
  0.14849119] | Reward=-0.014 | Cum=-0.994 | Info={'shot_attempted': False, 'pass_attempted': False, 'goal_scored': False, 'goal_team': None, 'ball_out_by': None, 'has_ball': False, 'start_shot_bonus': False, 'start_pass_bonus': False, 'possession_lost': False}

[Step 120] Action=[-0.00393347 -0.10580332  0.07763267  0.30141258  0.         -0.04242591
  0.14849487] | Reward=-0.014 | Cum=-1.008 | Info={'shot_attempted': False, 'pass_attempted': False, 'goal_scored': False, 'goal_team': None, 'ball_out_by': None, 'has_ball': False, 'start_shot_bonus': False, 'start_pass_bonus': False, 'possession_lost': False}

[Step 121] Action=[-0.00393853 -0.10583182  0.07763091  0.3014524   0.         -0.04242236
  0.14849854] | Reward=-0.014 | Cum=-1.023 | Info={'shot_attempted': False, 'pass_attempted': False, 'goal_scored': False, 'goal_team': None, 'ball_out_by': None, 'has_ball': False, 'start_shot_bonus': False, 'start_pass_bonus': False, 'possession_lost': False}

[Step 122] Action=[-0.00394363 -0.10586025  0.07762916  0.30149215  0.         -0.0424188
  0.14850225] | Reward=-0.014 | Cum=-1.037 | Info={'shot_attempted': False, 'pass_attempted': False, 'goal_scored': False, 'goal_team': None, 'ball_out_by': None, 'has_ball': False, 'start_shot_bonus': False, 'start_pass_bonus': False, 'possession_lost': False}

[Step 123] Action=[-0.00394872 -0.10588872  0.07762739  0.30153194  0.         -0.04241525
  0.14850588] | Reward=-0.014 | Cum=-1.052 | Info={'shot_attempted': False, 'pass_attempted': False, 'goal_scored': False, 'goal_team': None, 'ball_out_by': None, 'has_ball': False, 'start_shot_bonus': False, 'start_pass_bonus': False, 'possession_lost': False}

[Step 124] Action=[-0.00395381 -0.10591717  0.07762564  0.30157173  0.         -0.0424117
  0.14850953] | Reward=-0.015 | Cum=-1.066 | Info={'shot_attempted': False, 'pass_attempted': False, 'goal_scored': False, 'goal_team': None, 'ball_out_by': None, 'has_ball': False, 'start_shot_bonus': False, 'start_pass_bonus': False, 'possession_lost': False}

[Step 125] Action=[-0.00395889 -0.10594561  0.07762388  0.30161148  0.         -0.04240815
  0.1485132 ] | Reward=-0.015 | Cum=-1.081 | Info={'shot_attempted': False, 'pass_attempted': False, 'goal_scored': False, 'goal_team': None, 'ball_out_by': None, 'has_ball': False, 'start_shot_bonus': False, 'start_pass_bonus': False, 'possession_lost': False}

[Step 126] Action=[-0.00396401 -0.10597406  0.07762212  0.30165127  0.         -0.04240463
  0.14851685] | Reward=-0.015 | Cum=-1.096 | Info={'shot_attempted': False, 'pass_attempted': False, 'goal_scored': False, 'goal_team': None, 'ball_out_by': None, 'has_ball': False, 'start_shot_bonus': False, 'start_pass_bonus': False, 'possession_lost': False}

[Step 127] Action=[-0.00396911 -0.10600254  0.07762038  0.301691    0.         -0.04240109
  0.14852048] | Reward=-0.015 | Cum=-1.111 | Info={'shot_attempted': False, 'pass_attempted': False, 'goal_scored': False, 'goal_team': None, 'ball_out_by': None, 'has_ball': False, 'start_shot_bonus': False, 'start_pass_bonus': False, 'possession_lost': False}

[Step 128] Action=[-0.00397424 -0.10603099  0.07761858  0.30173084  0.         -0.04239755
  0.1485241 ] | Reward=-0.015 | Cum=-1.125 | Info={'shot_attempted': False, 'pass_attempted': False, 'goal_scored': False, 'goal_team': None, 'ball_out_by': None, 'has_ball': False, 'start_shot_bonus': False, 'start_pass_bonus': False, 'possession_lost': False}

[Step 129] Action=[-0.00397937 -0.10605947  0.07761681  0.3017706   0.         -0.04239402
  0.14852777] | Reward=-0.015 | Cum=-1.141 | Info={'shot_attempted': False, 'pass_attempted': False, 'goal_scored': False, 'goal_team': None, 'ball_out_by': None, 'has_ball': False, 'start_shot_bonus': False, 'start_pass_bonus': False, 'possession_lost': False}

[Step 130] Action=[-0.00398448 -0.1060879   0.07761504  0.30181038  0.         -0.04239047
  0.14853139] | Reward=-0.015 | Cum=-1.156 | Info={'shot_attempted': False, 'pass_attempted': False, 'goal_scored': False, 'goal_team': None, 'ball_out_by': None, 'has_ball': False, 'start_shot_bonus': False, 'start_pass_bonus': False, 'possession_lost': False}

[Step 131] Action=[-0.00398962 -0.10611637  0.07761326  0.30185017  0.         -0.04238695
  0.14853503] | Reward=-0.015 | Cum=-1.171 | Info={'shot_attempted': False, 'pass_attempted': False, 'goal_scored': False, 'goal_team': None, 'ball_out_by': None, 'has_ball': False, 'start_shot_bonus': False, 'start_pass_bonus': False, 'possession_lost': False}

[Step 132] Action=[-0.00399475 -0.10614483  0.0776115   0.30188993  0.         -0.04238339
  0.14853865] | Reward=-0.015 | Cum=-1.186 | Info={'shot_attempted': False, 'pass_attempted': False, 'goal_scored': False, 'goal_team': None, 'ball_out_by': None, 'has_ball': False, 'start_shot_bonus': False, 'start_pass_bonus': False, 'possession_lost': False}

[Step 133] Action=[-0.00399989 -0.10617328  0.07760972  0.30192974  0.         -0.04237986
  0.14854226] | Reward=-0.016 | Cum=-1.202 | Info={'shot_attempted': False, 'pass_attempted': False, 'goal_scored': False, 'goal_team': None, 'ball_out_by': None, 'has_ball': False, 'start_shot_bonus': False, 'start_pass_bonus': False, 'possession_lost': False}

[Step 134] Action=[-0.00400505 -0.10620173  0.07760793  0.30196947  0.         -0.04237632
  0.14854588] | Reward=-0.016 | Cum=-1.217 | Info={'shot_attempted': False, 'pass_attempted': False, 'goal_scored': False, 'goal_team': None, 'ball_out_by': None, 'has_ball': False, 'start_shot_bonus': False, 'start_pass_bonus': False, 'possession_lost': False}

[Step 135] Action=[-0.00401023 -0.1062302   0.07760613  0.30200922  0.         -0.04237277
  0.14854948] | Reward=-0.016 | Cum=-1.233 | Info={'shot_attempted': False, 'pass_attempted': False, 'goal_scored': False, 'goal_team': None, 'ball_out_by': None, 'has_ball': False, 'start_shot_bonus': False, 'start_pass_bonus': False, 'possession_lost': False}

[Step 136] Action=[-0.00401537 -0.10625865  0.07760435  0.302049    0.         -0.04236924
  0.14855307] | Reward=-0.016 | Cum=-1.249 | Info={'shot_attempted': False, 'pass_attempted': False, 'goal_scored': False, 'goal_team': None, 'ball_out_by': None, 'has_ball': False, 'start_shot_bonus': False, 'start_pass_bonus': False, 'possession_lost': False}

[Step 137] Action=[-0.00402054 -0.10628712  0.07760258  0.30208877  0.         -0.04236573
  0.14855671] | Reward=-0.016 | Cum=-1.265 | Info={'shot_attempted': False, 'pass_attempted': False, 'goal_scored': False, 'goal_team': None, 'ball_out_by': None, 'has_ball': False, 'start_shot_bonus': False, 'start_pass_bonus': False, 'possession_lost': False}

[Step 138] Action=[-0.00402573 -0.10631559  0.07760078  0.3021285   0.         -0.04236216
  0.14856027] | Reward=-0.016 | Cum=-1.281 | Info={'shot_attempted': False, 'pass_attempted': False, 'goal_scored': False, 'goal_team': None, 'ball_out_by': None, 'has_ball': False, 'start_shot_bonus': False, 'start_pass_bonus': False, 'possession_lost': False}

[Step 139] Action=[-0.0040307  -0.10634511  0.07759961  0.30216902  0.         -0.04235901
  0.1485629 ] | Reward=-0.016 | Cum=-1.297 | Info={'shot_attempted': False, 'pass_attempted': False, 'goal_scored': False, 'goal_team': None, 'ball_out_by': None, 'has_ball': False, 'start_shot_bonus': False, 'start_pass_bonus': False, 'possession_lost': False}

[Step 140] Action=[-0.00403427 -0.10638217  0.0776028   0.30221444  0.         -0.04235862
  0.14855893] | Reward=-0.016 | Cum=-1.313 | Info={'shot_attempted': False, 'pass_attempted': False, 'goal_scored': False, 'goal_team': None, 'ball_out_by': None, 'has_ball': False, 'start_shot_bonus': False, 'start_pass_bonus': False, 'possession_lost': False}

[Step 141] Action=[-0.00403784 -0.10641921  0.07760599  0.30225983  0.         -0.04235823
  0.14855503] | Reward=-0.016 | Cum=-1.329 | Info={'shot_attempted': False, 'pass_attempted': False, 'goal_scored': False, 'goal_team': None, 'ball_out_by': None, 'has_ball': False, 'start_shot_bonus': False, 'start_pass_bonus': False, 'possession_lost': False}

[Step 142] Action=[-0.00404143 -0.10645627  0.07760916  0.30230522  0.         -0.04235783
  0.14855103] | Reward=-0.016 | Cum=-1.346 | Info={'shot_attempted': False, 'pass_attempted': False, 'goal_scored': False, 'goal_team': None, 'ball_out_by': None, 'has_ball': False, 'start_shot_bonus': False, 'start_pass_bonus': False, 'possession_lost': False}

[Step 143] Action=[-0.00404503 -0.10649326  0.07761234  0.30235058  0.         -0.04235743
  0.14854704] | Reward=-0.017 | Cum=-1.362 | Info={'shot_attempted': False, 'pass_attempted': False, 'goal_scored': False, 'goal_team': None, 'ball_out_by': None, 'has_ball': False, 'start_shot_bonus': False, 'start_pass_bonus': False, 'possession_lost': False}

[Step 144] Action=[-0.00404861 -0.10653035  0.07761552  0.302396    0.         -0.04235703
  0.14854313] | Reward=-0.017 | Cum=-1.379 | Info={'shot_attempted': False, 'pass_attempted': False, 'goal_scored': False, 'goal_team': None, 'ball_out_by': None, 'has_ball': False, 'start_shot_bonus': False, 'start_pass_bonus': False, 'possession_lost': False}

[Step 145] Action=[-0.00405221 -0.10656741  0.07761868  0.30244136  0.         -0.04235664
  0.14853914] | Reward=-0.017 | Cum=-1.395 | Info={'shot_attempted': False, 'pass_attempted': False, 'goal_scored': False, 'goal_team': None, 'ball_out_by': None, 'has_ball': False, 'start_shot_bonus': False, 'start_pass_bonus': False, 'possession_lost': False}

[Step 146] Action=[-0.00405582 -0.10660438  0.07762185  0.30248675  0.         -0.04235622
  0.1485352 ] | Reward=-0.017 | Cum=-1.412 | Info={'shot_attempted': False, 'pass_attempted': False, 'goal_scored': False, 'goal_team': None, 'ball_out_by': None, 'has_ball': False, 'start_shot_bonus': False, 'start_pass_bonus': False, 'possession_lost': False}

[Step 147] Action=[-0.00405943 -0.10664143  0.07762501  0.30253217  0.         -0.04235582
  0.14853118] | Reward=-0.017 | Cum=-1.430 | Info={'shot_attempted': False, 'pass_attempted': False, 'goal_scored': False, 'goal_team': None, 'ball_out_by': None, 'has_ball': False, 'start_shot_bonus': False, 'start_pass_bonus': False, 'possession_lost': False}

[Step 148] Action=[-0.00406306 -0.10667849  0.07762814  0.30257753  0.         -0.0423554
  0.14852722] | Reward=-0.017 | Cum=-1.447 | Info={'shot_attempted': False, 'pass_attempted': False, 'goal_scored': False, 'goal_team': None, 'ball_out_by': None, 'has_ball': False, 'start_shot_bonus': False, 'start_pass_bonus': False, 'possession_lost': False}

[Step 149] Action=[-0.00406666 -0.10671551  0.07763133  0.30262294  0.         -0.04235505
  0.14852323] | Reward=-0.017 | Cum=-1.464 | Info={'shot_attempted': False, 'pass_attempted': False, 'goal_scored': False, 'goal_team': None, 'ball_out_by': None, 'has_ball': False, 'start_shot_bonus': False, 'start_pass_bonus': False, 'possession_lost': False}

[Step 150] Action=[-0.00407031 -0.10675253  0.07763448  0.3026683   0.         -0.04235461
  0.14851923] | Reward=-0.017 | Cum=-1.481 | Info={'shot_attempted': False, 'pass_attempted': False, 'goal_scored': False, 'goal_team': None, 'ball_out_by': None, 'has_ball': False, 'start_shot_bonus': False, 'start_pass_bonus': False, 'possession_lost': False}

[Step 151] Action=[-0.00407432 -0.10679039  0.07763781  0.30271968  0.         -0.0423481
  0.14851066] | Reward=-0.017 | Cum=-1.498 | Info={'shot_attempted': False, 'pass_attempted': False, 'goal_scored': False, 'goal_team': None, 'ball_out_by': None, 'has_ball': False, 'start_shot_bonus': False, 'start_pass_bonus': False, 'possession_lost': False}

[Step 152] Action=[-0.0040784  -0.10682835  0.0776412   0.30277216  0.         -0.04234057
  0.14850137] | Reward=-0.017 | Cum=-1.516 | Info={'shot_attempted': False, 'pass_attempted': False, 'goal_scored': False, 'goal_team': None, 'ball_out_by': None, 'has_ball': False, 'start_shot_bonus': False, 'start_pass_bonus': False, 'possession_lost': False}

[Step 153] Action=[-0.00408248 -0.10686628  0.07764456  0.30282456  0.         -0.04233306
  0.14849204] | Reward=-0.017 | Cum=-1.533 | Info={'shot_attempted': False, 'pass_attempted': False, 'goal_scored': False, 'goal_team': None, 'ball_out_by': None, 'has_ball': False, 'start_shot_bonus': False, 'start_pass_bonus': False, 'possession_lost': False}

[Step 154] Action=[-0.00408657 -0.10690425  0.0776479   0.302877    0.         -0.0423255
  0.14848268] | Reward=-0.018 | Cum=-1.551 | Info={'shot_attempted': False, 'pass_attempted': False, 'goal_scored': False, 'goal_team': None, 'ball_out_by': None, 'has_ball': False, 'start_shot_bonus': False, 'start_pass_bonus': False, 'possession_lost': False}

[Step 155] Action=[-0.00409068 -0.10694221  0.07765125  0.30292943  0.         -0.04231796
  0.14847335] | Reward=-0.018 | Cum=-1.569 | Info={'shot_attempted': False, 'pass_attempted': False, 'goal_scored': False, 'goal_team': None, 'ball_out_by': None, 'has_ball': False, 'start_shot_bonus': False, 'start_pass_bonus': False, 'possession_lost': False}

[Step 156] Action=[-0.00409478 -0.10698015  0.07765462  0.30298188  0.         -0.04231041
  0.14846401] | Reward=-0.018 | Cum=-1.587 | Info={'shot_attempted': False, 'pass_attempted': False, 'goal_scored': False, 'goal_team': None, 'ball_out_by': None, 'has_ball': False, 'start_shot_bonus': False, 'start_pass_bonus': False, 'possession_lost': False}

[Step 157] Action=[-0.00409888 -0.10701813  0.07765796  0.30303428  0.         -0.04230288
  0.14845468] | Reward=-0.018 | Cum=-1.604 | Info={'shot_attempted': False, 'pass_attempted': False, 'goal_scored': False, 'goal_team': None, 'ball_out_by': None, 'has_ball': False, 'start_shot_bonus': False, 'start_pass_bonus': False, 'possession_lost': False}

[Step 158] Action=[-0.00410301 -0.10705607  0.07766128  0.30308667  0.         -0.04229535
  0.1484453 ] | Reward=-0.018 | Cum=-1.623 | Info={'shot_attempted': False, 'pass_attempted': False, 'goal_scored': False, 'goal_team': None, 'ball_out_by': None, 'has_ball': False, 'start_shot_bonus': False, 'start_pass_bonus': False, 'possession_lost': False}

[Step 159] Action=[-0.00410713 -0.107094    0.07766464  0.30313906  0.         -0.0422878
  0.14843594] | Reward=-0.018 | Cum=-1.641 | Info={'shot_attempted': False, 'pass_attempted': False, 'goal_scored': False, 'goal_team': None, 'ball_out_by': None, 'has_ball': False, 'start_shot_bonus': False, 'start_pass_bonus': False, 'possession_lost': False}

[Step 160] Action=[-0.00411125 -0.10713196  0.07766799  0.3031915   0.         -0.04228027
  0.14842655] | Reward=-0.018 | Cum=-1.659 | Info={'shot_attempted': False, 'pass_attempted': False, 'goal_scored': False, 'goal_team': None, 'ball_out_by': None, 'has_ball': False, 'start_shot_bonus': False, 'start_pass_bonus': False, 'possession_lost': False}

[Step 161] Action=[-0.00411537 -0.10716992  0.0776713   0.3032439   0.         -0.04227273
  0.14841719] | Reward=-0.018 | Cum=-1.677 | Info={'shot_attempted': False, 'pass_attempted': False, 'goal_scored': False, 'goal_team': None, 'ball_out_by': None, 'has_ball': False, 'start_shot_bonus': False, 'start_pass_bonus': False, 'possession_lost': False}

[Step 162] Action=[-0.00411954 -0.10720785  0.07767465  0.3032963   0.         -0.04226522
  0.14840783] | Reward=-0.018 | Cum=-1.695 | Info={'shot_attempted': False, 'pass_attempted': False, 'goal_scored': False, 'goal_team': None, 'ball_out_by': None, 'has_ball': False, 'start_shot_bonus': False, 'start_pass_bonus': False, 'possession_lost': False}

[Step 163] Action=[-0.00412392 -0.10724568  0.07767862  0.30334973  0.         -0.04225676
  0.14839846] | Reward=-0.019 | Cum=-1.714 | Info={'shot_attempted': False, 'pass_attempted': False, 'goal_scored': False, 'goal_team': None, 'ball_out_by': None, 'has_ball': False, 'start_shot_bonus': False, 'start_pass_bonus': False, 'possession_lost': False}

[Step 164] Action=[-0.00412942 -0.10728287  0.07768555  0.30340758  0.         -0.04224417
  0.14838895] | Reward=-0.019 | Cum=-1.732 | Info={'shot_attempted': False, 'pass_attempted': False, 'goal_scored': False, 'goal_team': None, 'ball_out_by': None, 'has_ball': False, 'start_shot_bonus': False, 'start_pass_bonus': False, 'possession_lost': False}

[Step 165] Action=[-0.00413491 -0.10732009  0.0776925   0.30346543  0.         -0.04223154
  0.14837945] | Reward=-0.019 | Cum=-1.751 | Info={'shot_attempted': False, 'pass_attempted': False, 'goal_scored': False, 'goal_team': None, 'ball_out_by': None, 'has_ball': False, 'start_shot_bonus': False, 'start_pass_bonus': False, 'possession_lost': False}

[Step 166] Action=[-0.00414042 -0.10735729  0.07769942  0.3035233   0.         -0.04221893
  0.14836998] | Reward=-0.019 | Cum=-1.769 | Info={'shot_attempted': False, 'pass_attempted': False, 'goal_scored': False, 'goal_team': None, 'ball_out_by': None, 'has_ball': False, 'start_shot_bonus': False, 'start_pass_bonus': False, 'possession_lost': False}

[Step 167] Action=[-0.00414591 -0.10739447  0.07770633  0.30358112  0.         -0.04220635
  0.14836048] | Reward=-0.019 | Cum=-1.788 | Info={'shot_attempted': False, 'pass_attempted': False, 'goal_scored': False, 'goal_team': None, 'ball_out_by': None, 'has_ball': False, 'start_shot_bonus': False, 'start_pass_bonus': False, 'possession_lost': False}

[Step 168] Action=[-0.00415145 -0.10743169  0.07771324  0.303639    0.         -0.04219371
  0.14835094] | Reward=-0.019 | Cum=-1.807 | Info={'shot_attempted': False, 'pass_attempted': False, 'goal_scored': False, 'goal_team': None, 'ball_out_by': None, 'has_ball': False, 'start_shot_bonus': False, 'start_pass_bonus': False, 'possession_lost': False}

[Step 169] Action=[-0.00415693 -0.10746889  0.07772017  0.30369687  0.         -0.04218115
  0.14834148] | Reward=-0.019 | Cum=-1.826 | Info={'shot_attempted': False, 'pass_attempted': False, 'goal_scored': False, 'goal_team': None, 'ball_out_by': None, 'has_ball': False, 'start_shot_bonus': False, 'start_pass_bonus': False, 'possession_lost': False}

[Step 170] Action=[-0.00416247 -0.10750607  0.07772709  0.3037547   0.         -0.04216858
  0.14833197] | Reward=-0.019 | Cum=-1.845 | Info={'shot_attempted': False, 'pass_attempted': False, 'goal_scored': False, 'goal_team': None, 'ball_out_by': None, 'has_ball': False, 'start_shot_bonus': False, 'start_pass_bonus': False, 'possession_lost': False}

[Step 171] Action=[-0.00416801 -0.1075433   0.07773397  0.30381253  0.         -0.04215597
  0.14832243] | Reward=-0.019 | Cum=-1.864 | Info={'shot_attempted': False, 'pass_attempted': False, 'goal_scored': False, 'goal_team': None, 'ball_out_by': None, 'has_ball': False, 'start_shot_bonus': False, 'start_pass_bonus': False, 'possession_lost': False}

[Step 172] Action=[-0.00417354 -0.10758048  0.07774087  0.30387035  0.         -0.0421434
  0.14831294] | Reward=-0.019 | Cum=-1.883 | Info={'shot_attempted': False, 'pass_attempted': False, 'goal_scored': False, 'goal_team': None, 'ball_out_by': None, 'has_ball': False, 'start_shot_bonus': False, 'start_pass_bonus': False, 'possession_lost': False}

[Step 173] Action=[-0.0041791  -0.10761769  0.07774779  0.3039282   0.         -0.04213078
  0.14830337] | Reward=-0.019 | Cum=-1.902 | Info={'shot_attempted': False, 'pass_attempted': False, 'goal_scored': False, 'goal_team': None, 'ball_out_by': None, 'has_ball': False, 'start_shot_bonus': False, 'start_pass_bonus': False, 'possession_lost': False}

[Step 174] Action=[-0.00418466 -0.10765487  0.07775468  0.30398604  0.         -0.04211816
  0.14829388] | Reward=-0.019 | Cum=-1.922 | Info={'shot_attempted': False, 'pass_attempted': False, 'goal_scored': False, 'goal_team': None, 'ball_out_by': None, 'has_ball': False, 'start_shot_bonus': False, 'start_pass_bonus': False, 'possession_lost': False}

[Step 175] Action=[-0.00419021 -0.1076921   0.07776156  0.30404386  0.         -0.04210559
  0.14828435] | Reward=-0.019 | Cum=-1.941 | Info={'shot_attempted': False, 'pass_attempted': False, 'goal_scored': False, 'goal_team': None, 'ball_out_by': None, 'has_ball': False, 'start_shot_bonus': False, 'start_pass_bonus': False, 'possession_lost': False}

[Step 176] Action=[-0.00419579 -0.10772924  0.07776845  0.30410168  0.         -0.042093
  0.14827481] | Reward=-0.020 | Cum=-1.960 | Info={'shot_attempted': False, 'pass_attempted': False, 'goal_scored': False, 'goal_team': None, 'ball_out_by': None, 'has_ball': False, 'start_shot_bonus': False, 'start_pass_bonus': False, 'possession_lost': False}

[Step 177] Action=[-0.00420136 -0.10776648  0.07777537  0.30415952  0.         -0.04208042
  0.14826526] | Reward=-0.020 | Cum=-1.980 | Info={'shot_attempted': False, 'pass_attempted': False, 'goal_scored': False, 'goal_team': None, 'ball_out_by': None, 'has_ball': False, 'start_shot_bonus': False, 'start_pass_bonus': False, 'possession_lost': False}

[Step 178] Action=[-0.00420694 -0.10780368  0.07778221  0.3042173   0.         -0.04206782
  0.14825569] | Reward=-0.020 | Cum=-1.999 | Info={'shot_attempted': False, 'pass_attempted': False, 'goal_scored': False, 'goal_team': None, 'ball_out_by': None, 'has_ball': False, 'start_shot_bonus': False, 'start_pass_bonus': False, 'possession_lost': False}

[Step 179] Action=[-0.00421253 -0.10784085  0.0777891   0.3042751   0.         -0.04205522
  0.14824617] | Reward=-0.020 | Cum=-2.019 | Info={'shot_attempted': False, 'pass_attempted': False, 'goal_scored': False, 'goal_team': None, 'ball_out_by': None, 'has_ball': False, 'start_shot_bonus': False, 'start_pass_bonus': False, 'possession_lost': False}

[Step 180] Action=[-0.0042181  -0.10787807  0.07779598  0.3043329   0.         -0.04204264
  0.1482366 ] | Reward=-0.020 | Cum=-2.039 | Info={'shot_attempted': False, 'pass_attempted': False, 'goal_scored': False, 'goal_team': None, 'ball_out_by': None, 'has_ball': False, 'start_shot_bonus': False, 'start_pass_bonus': False, 'possession_lost': False}

[Step 181] Action=[-0.00422372 -0.10791523  0.07780284  0.30439067  0.         -0.04203006
  0.148227  ] | Reward=-0.020 | Cum=-2.059 | Info={'shot_attempted': False, 'pass_attempted': False, 'goal_scored': False, 'goal_team': None, 'ball_out_by': None, 'has_ball': False, 'start_shot_bonus': False, 'start_pass_bonus': False, 'possession_lost': False}

[Step 182] Action=[-0.00422932 -0.10795246  0.07780971  0.30444852  0.         -0.04201747
  0.14821748] | Reward=-0.020 | Cum=-2.079 | Info={'shot_attempted': False, 'pass_attempted': False, 'goal_scored': False, 'goal_team': None, 'ball_out_by': None, 'has_ball': False, 'start_shot_bonus': False, 'start_pass_bonus': False, 'possession_lost': False}

[Step 183] Action=[-0.00423495 -0.10798966  0.07781658  0.3045063   0.         -0.04200489
  0.14820792] | Reward=-0.020 | Cum=-2.099 | Info={'shot_attempted': False, 'pass_attempted': False, 'goal_scored': False, 'goal_team': None, 'ball_out_by': None, 'has_ball': False, 'start_shot_bonus': False, 'start_pass_bonus': False, 'possession_lost': False}

[Step 184] Action=[-0.00424055 -0.10802685  0.07782346  0.30456412  0.         -0.04199229
  0.14819834] | Reward=-0.020 | Cum=-2.119 | Info={'shot_attempted': False, 'pass_attempted': False, 'goal_scored': False, 'goal_team': None, 'ball_out_by': None, 'has_ball': False, 'start_shot_bonus': False, 'start_pass_bonus': False, 'possession_lost': False}

[Step 185] Action=[-0.00424618 -0.10806403  0.0778303   0.3046219   0.         -0.04197971
  0.14818874] | Reward=-0.020 | Cum=-2.139 | Info={'shot_attempted': False, 'pass_attempted': False, 'goal_scored': False, 'goal_team': None, 'ball_out_by': None, 'has_ball': False, 'start_shot_bonus': False, 'start_pass_bonus': False, 'possession_lost': False}

[Step 186] Action=[-0.00425181 -0.10810122  0.07783716  0.3046797   0.         -0.04196713
  0.14817919] | Reward=-0.020 | Cum=-2.159 | Info={'shot_attempted': False, 'pass_attempted': False, 'goal_scored': False, 'goal_team': None, 'ball_out_by': 'att_1', 'has_ball': False, 'start_shot_bonus': False, 'start_pass_bonus': False, 'possession_lost': False}

