Debug log for att_2 (Episode 4)
================================================================================
[Step 1] Action=[ 0.04045624 -0.0735912   0.0461382   0.16293763  0.         -0.02321934
 -0.26001427] | Reward=-0.002 | Cum=-0.002 | Info={'shot_attempted': False, 'pass_attempted': False, 'goal_scored': False, 'goal_team': None, 'ball_out_by': None, 'has_ball': False, 'start_shot_bonus': False, 'start_pass_bonus': False, 'possession_lost': False}

[Step 2] Action=[ 0.04053703 -0.07372542  0.04588347  0.16309163  0.         -0.0233829
 -0.2602654 ] | Reward=-0.002 | Cum=-0.005 | Info={'shot_attempted': False, 'pass_attempted': False, 'goal_scored': False, 'goal_team': None, 'ball_out_by': None, 'has_ball': False, 'start_shot_bonus': False, 'start_pass_bonus': False, 'possession_lost': False}

[Step 3] Action=[ 0.04055748 -0.0737373   0.04584543  0.16311145  0.         -0.02344975
 -0.26029688] | Reward=-0.002 | Cum=-0.007 | Info={'shot_attempted': False, 'pass_attempted': False, 'goal_scored': False, 'goal_team': None, 'ball_out_by': None, 'has_ball': False, 'start_shot_bonus': False, 'start_pass_bonus': False, 'possession_lost': False}

[Step 4] Action=[ 0.04057885 -0.07375336  0.04580407  0.16312706  0.         -0.02352015
 -0.26032913] | Reward=-0.002 | Cum=-0.010 | Info={'shot_attempted': False, 'pass_attempted': False, 'goal_scored': False, 'goal_team': None, 'ball_out_by': None, 'has_ball': False, 'start_shot_bonus': False, 'start_pass_bonus': False, 'possession_lost': False}

[Step 5] Action=[ 0.04060023 -0.07376942  0.04576262  0.16314271  0.         -0.02359057
 -0.2603613 ] | Reward=-0.002 | Cum=-0.012 | Info={'shot_attempted': False, 'pass_attempted': False, 'goal_scored': False, 'goal_team': None, 'ball_out_by': None, 'has_ball': False, 'start_shot_bonus': False, 'start_pass_bonus': False, 'possession_lost': False}

[Step 6] Action=[ 0.04062159 -0.0737855   0.04572126  0.16315834  0.         -0.02366093
 -0.26039353] | Reward=-0.002 | Cum=-0.014 | Info={'shot_attempted': False, 'pass_attempted': False, 'goal_scored': False, 'goal_team': None, 'ball_out_by': None, 'has_ball': False, 'start_shot_bonus': False, 'start_pass_bonus': False, 'possession_lost': False}

[Step 7] Action=[ 0.0303433  -0.09104253  0.04034685  0.17489536  0.         -0.01681425
 -0.23677719] | Reward=-0.002 | Cum=-0.017 | Info={'shot_attempted': False, 'pass_attempted': False, 'goal_scored': False, 'goal_team': None, 'ball_out_by': None, 'has_ball': False, 'start_shot_bonus': False, 'start_pass_bonus': False, 'possession_lost': False}

[Step 8] Action=[ 0.03039429 -0.09105933  0.04032664  0.1748905   0.         -0.01689408
 -0.23679517] | Reward=-0.002 | Cum=-0.019 | Info={'shot_attempted': False, 'pass_attempted': False, 'goal_scored': False, 'goal_team': None, 'ball_out_by': None, 'has_ball': False, 'start_shot_bonus': False, 'start_pass_bonus': False, 'possession_lost': False}

[Step 9] Action=[ 0.03044529 -0.09107613  0.04030646  0.17488566  0.         -0.01697388
 -0.23681311] | Reward=-0.002 | Cum=-0.021 | Info={'shot_attempted': False, 'pass_attempted': False, 'goal_scored': False, 'goal_team': None, 'ball_out_by': None, 'has_ball': False, 'start_shot_bonus': False, 'start_pass_bonus': False, 'possession_lost': False}

[Step 10] Action=[ 0.0304963  -0.09109294  0.04028625  0.17488082  0.         -0.01705369
 -0.23683108] | Reward=-0.002 | Cum=-0.023 | Info={'shot_attempted': False, 'pass_attempted': False, 'goal_scored': False, 'goal_team': None, 'ball_out_by': None, 'has_ball': False, 'start_shot_bonus': False, 'start_pass_bonus': False, 'possession_lost': False}

[Step 11] Action=[ 0.03054729 -0.09110975  0.04026607  0.17487599  0.         -0.01713351
 -0.23684905] | Reward=-0.001 | Cum=-0.024 | Info={'shot_attempted': False, 'pass_attempted': False, 'goal_scored': False, 'goal_team': None, 'ball_out_by': None, 'has_ball': False, 'start_shot_bonus': False, 'start_pass_bonus': False, 'possession_lost': False}

[Step 12] Action=[ 0.03059831 -0.09112653  0.04024587  0.17487116  0.         -0.0172133
 -0.23686701] | Reward=-0.001 | Cum=-0.026 | Info={'shot_attempted': False, 'pass_attempted': False, 'goal_scored': False, 'goal_team': None, 'ball_out_by': None, 'has_ball': False, 'start_shot_bonus': False, 'start_pass_bonus': False, 'possession_lost': False}

[Step 13] Action=[ 0.03064934 -0.09114336  0.04022567  0.17486632  0.         -0.0172931
 -0.236885  ] | Reward=-0.001 | Cum=-0.027 | Info={'shot_attempted': False, 'pass_attempted': False, 'goal_scored': False, 'goal_team': None, 'ball_out_by': None, 'has_ball': False, 'start_shot_bonus': False, 'start_pass_bonus': False, 'possession_lost': False}

[Step 14] Action=[ 0.03070028 -0.09116007  0.04020549  0.17486137  0.         -0.01737263
 -0.23690295] | Reward=-0.001 | Cum=-0.028 | Info={'shot_attempted': False, 'pass_attempted': False, 'goal_scored': False, 'goal_team': None, 'ball_out_by': None, 'has_ball': False, 'start_shot_bonus': False, 'start_pass_bonus': False, 'possession_lost': False}

[Step 15] Action=[ 0.03075    -0.09117453  0.04018554  0.17485431  0.         -0.01744745
 -0.23691991] | Reward=-0.001 | Cum=-0.029 | Info={'shot_attempted': False, 'pass_attempted': False, 'goal_scored': False, 'goal_team': None, 'ball_out_by': None, 'has_ball': False, 'start_shot_bonus': False, 'start_pass_bonus': False, 'possession_lost': False}

[Step 16] Action=[ 0.03079972 -0.09118903  0.04016559  0.17484726  0.         -0.01752224
 -0.2369369 ] | Reward=-0.001 | Cum=-0.030 | Info={'shot_attempted': False, 'pass_attempted': False, 'goal_scored': False, 'goal_team': None, 'ball_out_by': None, 'has_ball': False, 'start_shot_bonus': False, 'start_pass_bonus': False, 'possession_lost': False}

[Step 17] Action=[ 0.03084943 -0.09120357  0.0401456   0.1748402   0.         -0.01759703
 -0.2369539 ] | Reward=-0.001 | Cum=-0.031 | Info={'shot_attempted': False, 'pass_attempted': False, 'goal_scored': False, 'goal_team': None, 'ball_out_by': None, 'has_ball': False, 'start_shot_bonus': False, 'start_pass_bonus': False, 'possession_lost': False}

[Step 18] Action=[ 0.03089919 -0.09121806  0.04012566  0.17483315  0.         -0.01767184
 -0.2369709 ] | Reward=-0.001 | Cum=-0.032 | Info={'shot_attempted': False, 'pass_attempted': False, 'goal_scored': False, 'goal_team': None, 'ball_out_by': None, 'has_ball': False, 'start_shot_bonus': False, 'start_pass_bonus': False, 'possession_lost': False}

[Step 19] Action=[ 0.03094895 -0.09123259  0.04010571  0.1748261   0.         -0.01774662
 -0.23698787] | Reward=-0.001 | Cum=-0.033 | Info={'shot_attempted': False, 'pass_attempted': False, 'goal_scored': False, 'goal_team': None, 'ball_out_by': None, 'has_ball': False, 'start_shot_bonus': False, 'start_pass_bonus': False, 'possession_lost': False}

[Step 20] Action=[ 0.03099866 -0.09124712  0.04008575  0.17481907  0.         -0.01782141
 -0.23700485] | Reward=-0.001 | Cum=-0.034 | Info={'shot_attempted': False, 'pass_attempted': False, 'goal_scored': False, 'goal_team': None, 'ball_out_by': None, 'has_ball': False, 'start_shot_bonus': False, 'start_pass_bonus': False, 'possession_lost': False}

[Step 21] Action=[ 0.0310484  -0.09126163  0.04006581  0.174812    0.         -0.0178962
 -0.2370219 ] | Reward=-0.001 | Cum=-0.035 | Info={'shot_attempted': False, 'pass_attempted': False, 'goal_scored': False, 'goal_team': None, 'ball_out_by': None, 'has_ball': False, 'start_shot_bonus': False, 'start_pass_bonus': False, 'possession_lost': False}

[Step 22] Action=[ 0.03109817 -0.09127615  0.04004583  0.17480497  0.         -0.017971
 -0.23703888] | Reward=-0.001 | Cum=-0.036 | Info={'shot_attempted': False, 'pass_attempted': False, 'goal_scored': False, 'goal_team': None, 'ball_out_by': None, 'has_ball': False, 'start_shot_bonus': False, 'start_pass_bonus': False, 'possession_lost': False}

[Step 23] Action=[ 0.03114794 -0.09129065  0.04002591  0.17479794  0.         -0.01804578
 -0.2370559 ] | Reward=-0.001 | Cum=-0.037 | Info={'shot_attempted': False, 'pass_attempted': False, 'goal_scored': False, 'goal_team': None, 'ball_out_by': None, 'has_ball': False, 'start_shot_bonus': False, 'start_pass_bonus': False, 'possession_lost': False}

[Step 24] Action=[ 0.03119771 -0.09130517  0.04000596  0.17479087  0.         -0.01812053
 -0.23707289] | Reward=-0.001 | Cum=-0.037 | Info={'shot_attempted': False, 'pass_attempted': False, 'goal_scored': False, 'goal_team': None, 'ball_out_by': None, 'has_ball': False, 'start_shot_bonus': False, 'start_pass_bonus': False, 'possession_lost': False}

[Step 25] Action=[ 0.03124746 -0.0913197   0.039986    0.17478384  0.         -0.01819531
 -0.23708992] | Reward=+0.000 | Cum=-0.037 | Info={'shot_attempted': False, 'pass_attempted': False, 'goal_scored': False, 'goal_team': None, 'ball_out_by': None, 'has_ball': False, 'start_shot_bonus': False, 'start_pass_bonus': False, 'possession_lost': False}

[Step 26] Action=[ 0.03129086 -0.09133711  0.03995673  0.17476624  0.         -0.0182524
 -0.2370988 ] | Reward=+0.000 | Cum=-0.037 | Info={'shot_attempted': False, 'pass_attempted': False, 'goal_scored': False, 'goal_team': None, 'ball_out_by': None, 'has_ball': False, 'start_shot_bonus': False, 'start_pass_bonus': False, 'possession_lost': False}

[Step 27] Action=[ 0.03133352 -0.09135496  0.03992663  0.17474784  0.         -0.01830814
 -0.23710746] | Reward=+0.000 | Cum=-0.037 | Info={'shot_attempted': False, 'pass_attempted': False, 'goal_scored': False, 'goal_team': None, 'ball_out_by': None, 'has_ball': False, 'start_shot_bonus': False, 'start_pass_bonus': False, 'possession_lost': False}

[Step 28] Action=[ 0.03136639 -0.09137753  0.03989438  0.17473207  0.         -0.01836238
 -0.23712856] | Reward=+0.000 | Cum=-0.037 | Info={'shot_attempted': False, 'pass_attempted': False, 'goal_scored': False, 'goal_team': None, 'ball_out_by': None, 'has_ball': False, 'start_shot_bonus': False, 'start_pass_bonus': False, 'possession_lost': False}

[Step 29] Action=[ 0.03139895 -0.09139793  0.03986238  0.17471953  0.         -0.01841571
 -0.2371499 ] | Reward=+0.000 | Cum=-0.037 | Info={'shot_attempted': False, 'pass_attempted': False, 'goal_scored': False, 'goal_team': None, 'ball_out_by': None, 'has_ball': False, 'start_shot_bonus': False, 'start_pass_bonus': False, 'possession_lost': False}

[Step 30] Action=[ 0.0314315  -0.09141829  0.03983038  0.174707    0.         -0.01846902
 -0.23717129] | Reward=+0.000 | Cum=-0.037 | Info={'shot_attempted': False, 'pass_attempted': False, 'goal_scored': False, 'goal_team': None, 'ball_out_by': None, 'has_ball': False, 'start_shot_bonus': False, 'start_pass_bonus': False, 'possession_lost': False}

[Step 31] Action=[ 0.0314641  -0.09143867  0.03979836  0.17469443  0.         -0.01852232
 -0.23719265] | Reward=+0.000 | Cum=-0.037 | Info={'shot_attempted': False, 'pass_attempted': False, 'goal_scored': False, 'goal_team': None, 'ball_out_by': None, 'has_ball': False, 'start_shot_bonus': False, 'start_pass_bonus': False, 'possession_lost': False}

[Step 32] Action=[ 0.03149664 -0.09145904  0.03976637  0.17468193  0.         -0.01857565
 -0.23721404] | Reward=+0.000 | Cum=-0.036 | Info={'shot_attempted': False, 'pass_attempted': False, 'goal_scored': False, 'goal_team': None, 'ball_out_by': None, 'has_ball': False, 'start_shot_bonus': False, 'start_pass_bonus': False, 'possession_lost': False}

[Step 33] Action=[ 0.03152921 -0.09147942  0.0397344   0.17466938  0.         -0.01862896
 -0.23723543] | Reward=+0.000 | Cum=-0.036 | Info={'shot_attempted': False, 'pass_attempted': False, 'goal_scored': False, 'goal_team': None, 'ball_out_by': None, 'has_ball': False, 'start_shot_bonus': False, 'start_pass_bonus': False, 'possession_lost': False}

[Step 34] Action=[ 0.03156179 -0.09149981  0.03970239  0.17465685  0.         -0.01868226
 -0.2372568 ] | Reward=+0.000 | Cum=-0.036 | Info={'shot_attempted': False, 'pass_attempted': False, 'goal_scored': False, 'goal_team': None, 'ball_out_by': None, 'has_ball': False, 'start_shot_bonus': False, 'start_pass_bonus': False, 'possession_lost': False}

[Step 35] Action=[ 0.03159027 -0.09152452  0.03967081  0.17464337  0.         -0.01873698
 -0.2372773 ] | Reward=+0.000 | Cum=-0.035 | Info={'shot_attempted': False, 'pass_attempted': False, 'goal_scored': False, 'goal_team': None, 'ball_out_by': None, 'has_ball': False, 'start_shot_bonus': False, 'start_pass_bonus': False, 'possession_lost': False}

[Step 36] Action=[ 0.03161609 -0.09155214  0.03963954  0.17462923  0.         -0.01879259
 -0.2372972 ] | Reward=+0.000 | Cum=-0.035 | Info={'shot_attempted': False, 'pass_attempted': False, 'goal_scored': False, 'goal_team': None, 'ball_out_by': None, 'has_ball': False, 'start_shot_bonus': False, 'start_pass_bonus': False, 'possession_lost': False}

[Step 37] Action=[ 0.03164188 -0.09157978  0.0396083   0.17461509  0.         -0.01884822
 -0.23731716] | Reward=+0.000 | Cum=-0.035 | Info={'shot_attempted': False, 'pass_attempted': False, 'goal_scored': False, 'goal_team': None, 'ball_out_by': None, 'has_ball': False, 'start_shot_bonus': False, 'start_pass_bonus': False, 'possession_lost': False}

[Step 38] Action=[ 0.03166768 -0.09160743  0.03957703  0.17460097  0.         -0.01890384
 -0.23733707] | Reward=+0.000 | Cum=-0.034 | Info={'shot_attempted': False, 'pass_attempted': False, 'goal_scored': False, 'goal_team': None, 'ball_out_by': None, 'has_ball': False, 'start_shot_bonus': False, 'start_pass_bonus': False, 'possession_lost': False}

[Step 39] Action=[ 0.03169348 -0.09163506  0.03954578  0.17458685  0.         -0.01895943
 -0.23735699] | Reward=+0.001 | Cum=-0.033 | Info={'shot_attempted': False, 'pass_attempted': False, 'goal_scored': False, 'goal_team': None, 'ball_out_by': None, 'has_ball': False, 'start_shot_bonus': False, 'start_pass_bonus': False, 'possession_lost': False}

[Step 40] Action=[ 0.03171929 -0.09166268  0.03951451  0.1745727   0.         -0.01901507
 -0.23737693] | Reward=+0.001 | Cum=-0.032 | Info={'shot_attempted': False, 'pass_attempted': False, 'goal_scored': False, 'goal_team': None, 'ball_out_by': None, 'has_ball': False, 'start_shot_bonus': False, 'start_pass_bonus': False, 'possession_lost': False}

[Step 41] Action=[ 0.03174446 -0.09168927  0.03948365  0.1745591   0.         -0.01907107
 -0.23739713] | Reward=+0.001 | Cum=-0.031 | Info={'shot_attempted': False, 'pass_attempted': False, 'goal_scored': False, 'goal_team': None, 'ball_out_by': None, 'has_ball': False, 'start_shot_bonus': False, 'start_pass_bonus': False, 'possession_lost': False}

[Step 42] Action=[ 0.03176887 -0.09171452  0.03945335  0.17454621  0.         -0.01912754
 -0.23741761] | Reward=+0.001 | Cum=-0.029 | Info={'shot_attempted': False, 'pass_attempted': False, 'goal_scored': False, 'goal_team': None, 'ball_out_by': None, 'has_ball': False, 'start_shot_bonus': False, 'start_pass_bonus': False, 'possession_lost': False}

[Step 43] Action=[ 0.03179326 -0.09173974  0.03942304  0.17453331  0.         -0.01918403
 -0.23743808] | Reward=+0.001 | Cum=-0.028 | Info={'shot_attempted': False, 'pass_attempted': False, 'goal_scored': False, 'goal_team': None, 'ball_out_by': None, 'has_ball': False, 'start_shot_bonus': False, 'start_pass_bonus': False, 'possession_lost': False}

[Step 44] Action=[ 0.03181763 -0.09176503  0.03939272  0.17452042  0.         -0.01924054
 -0.23745859] | Reward=+0.001 | Cum=-0.027 | Info={'shot_attempted': False, 'pass_attempted': False, 'goal_scored': False, 'goal_team': None, 'ball_out_by': None, 'has_ball': False, 'start_shot_bonus': False, 'start_pass_bonus': False, 'possession_lost': False}

[Step 45] Action=[ 0.03184206 -0.09179027  0.03936241  0.17450753  0.         -0.01929702
 -0.23747908] | Reward=+0.001 | Cum=-0.025 | Info={'shot_attempted': False, 'pass_attempted': False, 'goal_scored': False, 'goal_team': None, 'ball_out_by': None, 'has_ball': False, 'start_shot_bonus': False, 'start_pass_bonus': False, 'possession_lost': False}

[Step 46] Action=[ 0.03186646 -0.0918155   0.03933207  0.17449464  0.         -0.01935353
 -0.23749958] | Reward=+0.001 | Cum=-0.024 | Info={'shot_attempted': False, 'pass_attempted': False, 'goal_scored': False, 'goal_team': None, 'ball_out_by': None, 'has_ball': False, 'start_shot_bonus': False, 'start_pass_bonus': False, 'possession_lost': False}

[Step 47] Action=[ 0.03189087 -0.09184077  0.03930175  0.17448173  0.         -0.01941
 -0.23752007] | Reward=+0.001 | Cum=-0.023 | Info={'shot_attempted': False, 'pass_attempted': False, 'goal_scored': False, 'goal_team': None, 'ball_out_by': None, 'has_ball': False, 'start_shot_bonus': False, 'start_pass_bonus': False, 'possession_lost': False}

[Step 48] Action=[ 0.03191527 -0.09186602  0.03927145  0.17446882  0.         -0.0194665
 -0.23754057] | Reward=+0.001 | Cum=-0.021 | Info={'shot_attempted': False, 'pass_attempted': False, 'goal_scored': False, 'goal_team': None, 'ball_out_by': None, 'has_ball': False, 'start_shot_bonus': False, 'start_pass_bonus': False, 'possession_lost': False}

[Step 49] Action=[ 0.03193969 -0.09189127  0.03924115  0.17445591  0.         -0.019523
 -0.23756105] | Reward=+0.001 | Cum=-0.020 | Info={'shot_attempted': False, 'pass_attempted': False, 'goal_scored': False, 'goal_team': None, 'ball_out_by': None, 'has_ball': False, 'start_shot_bonus': False, 'start_pass_bonus': False, 'possession_lost': False}

[Step 50] Action=[ 0.03196411 -0.09191648  0.03921082  0.174443    0.         -0.01957948
 -0.2375816 ] | Reward=+0.001 | Cum=-0.019 | Info={'shot_attempted': False, 'pass_attempted': False, 'goal_scored': False, 'goal_team': None, 'ball_out_by': None, 'has_ball': False, 'start_shot_bonus': False, 'start_pass_bonus': False, 'possession_lost': False}

[Step 51] Action=[ 0.03199007 -0.09194057  0.03918051  0.17442842  0.         -0.01963905
 -0.23760471] | Reward=+0.001 | Cum=-0.017 | Info={'shot_attempted': False, 'pass_attempted': False, 'goal_scored': False, 'goal_team': None, 'ball_out_by': None, 'has_ball': False, 'start_shot_bonus': False, 'start_pass_bonus': False, 'possession_lost': False}

[Step 52] Action=[ 0.03201748 -0.09196468  0.03914988  0.17441286  0.         -0.01969987
 -0.23762937] | Reward=+0.002 | Cum=-0.015 | Info={'shot_attempted': False, 'pass_attempted': False, 'goal_scored': False, 'goal_team': None, 'ball_out_by': None, 'has_ball': False, 'start_shot_bonus': False, 'start_pass_bonus': False, 'possession_lost': False}

[Step 53] Action=[ 0.03204485 -0.09198882  0.03911924  0.17439733  0.         -0.0197607
 -0.23765405] | Reward=+0.002 | Cum=-0.013 | Info={'shot_attempted': False, 'pass_attempted': False, 'goal_scored': False, 'goal_team': None, 'ball_out_by': None, 'has_ball': False, 'start_shot_bonus': False, 'start_pass_bonus': False, 'possession_lost': False}

[Step 54] Action=[ 0.03207226 -0.09201296  0.03908864  0.17438176  0.         -0.01982153
 -0.23767868] | Reward=+0.002 | Cum=-0.011 | Info={'shot_attempted': False, 'pass_attempted': False, 'goal_scored': False, 'goal_team': None, 'ball_out_by': None, 'has_ball': False, 'start_shot_bonus': False, 'start_pass_bonus': False, 'possession_lost': False}

[Step 55] Action=[ 0.0320992  -0.09203672  0.03905857  0.17436852  0.         -0.0198795
 -0.2377045 ] | Reward=+0.002 | Cum=-0.009 | Info={'shot_attempted': False, 'pass_attempted': False, 'goal_scored': False, 'goal_team': None, 'ball_out_by': None, 'has_ball': False, 'start_shot_bonus': False, 'start_pass_bonus': False, 'possession_lost': False}

[Step 56] Action=[ 0.03212325 -0.09205925  0.03903148  0.17436053  0.         -0.01993069
 -0.2377328 ] | Reward=+0.002 | Cum=-0.006 | Info={'shot_attempted': False, 'pass_attempted': False, 'goal_scored': False, 'goal_team': None, 'ball_out_by': None, 'has_ball': False, 'start_shot_bonus': False, 'start_pass_bonus': False, 'possession_lost': False}

[Step 57] Action=[ 0.03214609 -0.09208166  0.03900542  0.17435075  0.         -0.01998397
 -0.23776007] | Reward=+0.002 | Cum=-0.004 | Info={'shot_attempted': False, 'pass_attempted': False, 'goal_scored': False, 'goal_team': None, 'ball_out_by': None, 'has_ball': False, 'start_shot_bonus': False, 'start_pass_bonus': False, 'possession_lost': False}

[Step 58] Action=[ 0.03216891 -0.09210403  0.03897937  0.17434093  0.         -0.02003725
 -0.23778734] | Reward=+0.002 | Cum=-0.002 | Info={'shot_attempted': False, 'pass_attempted': False, 'goal_scored': False, 'goal_team': None, 'ball_out_by': None, 'has_ball': False, 'start_shot_bonus': False, 'start_pass_bonus': False, 'possession_lost': False}

[Step 59] Action=[ 0.03219177 -0.09212644  0.03895332  0.17433113  0.         -0.02009051
 -0.23781458] | Reward=+0.002 | Cum=+0.000 | Info={'shot_attempted': False, 'pass_attempted': False, 'goal_scored': False, 'goal_team': None, 'ball_out_by': None, 'has_ball': False, 'start_shot_bonus': False, 'start_pass_bonus': False, 'possession_lost': False}

[Step 60] Action=[ 0.03221462 -0.09214884  0.03892728  0.17432132  0.         -0.02014379
 -0.23784187] | Reward=+0.002 | Cum=+0.002 | Info={'shot_attempted': False, 'pass_attempted': False, 'goal_scored': False, 'goal_team': None, 'ball_out_by': None, 'has_ball': False, 'start_shot_bonus': False, 'start_pass_bonus': False, 'possession_lost': False}

[Step 61] Action=[ 0.03223746 -0.09217124  0.03890121  0.1743115   0.         -0.02019709
 -0.23786911] | Reward=+0.002 | Cum=+0.004 | Info={'shot_attempted': False, 'pass_attempted': False, 'goal_scored': False, 'goal_team': None, 'ball_out_by': None, 'has_ball': False, 'start_shot_bonus': False, 'start_pass_bonus': False, 'possession_lost': False}

[Step 62] Action=[ 0.03226032 -0.09219366  0.03887517  0.17430168  0.         -0.02025035
 -0.23789638] | Reward=+0.002 | Cum=+0.007 | Info={'shot_attempted': False, 'pass_attempted': False, 'goal_scored': False, 'goal_team': None, 'ball_out_by': None, 'has_ball': False, 'start_shot_bonus': False, 'start_pass_bonus': False, 'possession_lost': False}

[Step 63] Action=[ 0.03228315 -0.09221605  0.03884912  0.1742919   0.         -0.02030363
 -0.23792364] | Reward=+0.002 | Cum=+0.009 | Info={'shot_attempted': False, 'pass_attempted': False, 'goal_scored': False, 'goal_team': None, 'ball_out_by': None, 'has_ball': False, 'start_shot_bonus': False, 'start_pass_bonus': False, 'possession_lost': False}

[Step 64] Action=[ 0.03230602 -0.09223842  0.0388231   0.17428206  0.         -0.02035688
 -0.23795092] | Reward=+0.002 | Cum=+0.011 | Info={'shot_attempted': False, 'pass_attempted': False, 'goal_scored': False, 'goal_team': None, 'ball_out_by': None, 'has_ball': False, 'start_shot_bonus': False, 'start_pass_bonus': False, 'possession_lost': False}

[Step 65] Action=[ 0.03232889 -0.09226087  0.03879703  0.17427225  0.         -0.02041018
 -0.23797822] | Reward=+0.002 | Cum=+0.013 | Info={'shot_attempted': False, 'pass_attempted': False, 'goal_scored': False, 'goal_team': None, 'ball_out_by': None, 'has_ball': False, 'start_shot_bonus': False, 'start_pass_bonus': False, 'possession_lost': False}

[Step 66] Action=[ 0.03235175 -0.09228327  0.03877103  0.17426243  0.         -0.02046344
 -0.23800544] | Reward=+0.003 | Cum=+0.016 | Info={'shot_attempted': False, 'pass_attempted': False, 'goal_scored': False, 'goal_team': None, 'ball_out_by': None, 'has_ball': False, 'start_shot_bonus': False, 'start_pass_bonus': False, 'possession_lost': False}

[Step 67] Action=[ 0.03237462 -0.09230569  0.03874494  0.17425261  0.         -0.02051671
 -0.23803279] | Reward=+0.003 | Cum=+0.019 | Info={'shot_attempted': False, 'pass_attempted': False, 'goal_scored': False, 'goal_team': None, 'ball_out_by': None, 'has_ball': False, 'start_shot_bonus': False, 'start_pass_bonus': False, 'possession_lost': False}

[Step 68] Action=[ 0.03239747 -0.09232807  0.03871892  0.17424281  0.         -0.02057
 -0.23806004] | Reward=+0.003 | Cum=+0.022 | Info={'shot_attempted': False, 'pass_attempted': False, 'goal_scored': False, 'goal_team': None, 'ball_out_by': None, 'has_ball': False, 'start_shot_bonus': False, 'start_pass_bonus': False, 'possession_lost': False}

[Step 69] Action=[ 0.03242064 -0.09235156  0.03869554  0.17423414  0.         -0.02062354
 -0.23808718] | Reward=+0.003 | Cum=+0.024 | Info={'shot_attempted': False, 'pass_attempted': False, 'goal_scored': False, 'goal_team': None, 'ball_out_by': None, 'has_ball': False, 'start_shot_bonus': False, 'start_pass_bonus': False, 'possession_lost': False}

[Step 70] Action=[ 0.03244416 -0.09237523  0.03867967  0.17422752  0.         -0.02067819
 -0.2381144 ] | Reward=+0.003 | Cum=+0.027 | Info={'shot_attempted': False, 'pass_attempted': False, 'goal_scored': False, 'goal_team': None, 'ball_out_by': None, 'has_ball': False, 'start_shot_bonus': False, 'start_pass_bonus': False, 'possession_lost': False}

[Step 71] Action=[ 0.03246768 -0.09239893  0.03866373  0.17422087  0.         -0.02073286
 -0.23814161] | Reward=+0.003 | Cum=+0.030 | Info={'shot_attempted': False, 'pass_attempted': False, 'goal_scored': False, 'goal_team': None, 'ball_out_by': None, 'has_ball': False, 'start_shot_bonus': False, 'start_pass_bonus': False, 'possession_lost': False}

[Step 72] Action=[ 0.03249118 -0.09242264  0.0386478   0.17421427  0.         -0.02078752
 -0.23816882] | Reward=+0.003 | Cum=+0.033 | Info={'shot_attempted': False, 'pass_attempted': False, 'goal_scored': False, 'goal_team': None, 'ball_out_by': None, 'has_ball': False, 'start_shot_bonus': False, 'start_pass_bonus': False, 'possession_lost': False}

[Step 73] Action=[ 0.03251469 -0.09244632  0.03863188  0.17420764  0.         -0.02084216
 -0.23819603] | Reward=+0.003 | Cum=+0.036 | Info={'shot_attempted': False, 'pass_attempted': False, 'goal_scored': False, 'goal_team': None, 'ball_out_by': None, 'has_ball': False, 'start_shot_bonus': False, 'start_pass_bonus': False, 'possession_lost': False}

[Step 74] Action=[ 0.03253823 -0.09246858  0.03861343  0.17420343  0.         -0.02089557
 -0.23822397] | Reward=+0.003 | Cum=+0.038 | Info={'shot_attempted': False, 'pass_attempted': False, 'goal_scored': False, 'goal_team': None, 'ball_out_by': None, 'has_ball': False, 'start_shot_bonus': False, 'start_pass_bonus': False, 'possession_lost': False}

[Step 75] Action=[ 0.03256164 -0.09248819  0.03859048  0.17420368  0.         -0.02094669
 -0.23825313] | Reward=+0.003 | Cum=+0.041 | Info={'shot_attempted': False, 'pass_attempted': False, 'goal_scored': False, 'goal_team': None, 'ball_out_by': None, 'has_ball': False, 'start_shot_bonus': False, 'start_pass_bonus': False, 'possession_lost': False}

[Step 76] Action=[ 0.03258598 -0.09250952  0.03856749  0.1742042   0.         -0.02099705
 -0.23828432] | Reward=+0.003 | Cum=+0.044 | Info={'shot_attempted': False, 'pass_attempted': False, 'goal_scored': False, 'goal_team': None, 'ball_out_by': None, 'has_ball': False, 'start_shot_bonus': False, 'start_pass_bonus': False, 'possession_lost': False}

[Step 77] Action=[ 3.7088130e-02 -7.0423990e-02  5.8547787e-02  1.7112629e-01
  1.4017522e-04 -7.2703329e-03 -2.2245917e-01] | Reward=+0.003 | Cum=+0.047 | Info={'shot_attempted': False, 'pass_attempted': False, 'goal_scored': False, 'goal_team': None, 'ball_out_by': None, 'has_ball': False, 'start_shot_bonus': False, 'start_pass_bonus': False, 'possession_lost': False}

[Step 78] Action=[ 3.7125956e-02 -7.0439339e-02  5.8526568e-02  1.7113118e-01
  1.4589727e-04 -7.3127020e-03 -2.2249472e-01] | Reward=+0.003 | Cum=+0.050 | Info={'shot_attempted': False, 'pass_attempted': False, 'goal_scored': False, 'goal_team': None, 'ball_out_by': None, 'has_ball': False, 'start_shot_bonus': False, 'start_pass_bonus': False, 'possession_lost': False}

[Step 79] Action=[ 3.7167359e-02 -7.0457891e-02  5.8503751e-02  1.7113180e-01
  1.4769658e-04 -7.3589268e-03 -2.2253343e-01] | Reward=+0.003 | Cum=+0.053 | Info={'shot_attempted': False, 'pass_attempted': False, 'goal_scored': False, 'goal_team': None, 'ball_out_by': None, 'has_ball': False, 'start_shot_bonus': False, 'start_pass_bonus': False, 'possession_lost': False}

[Step 80] Action=[ 3.7208766e-02 -7.0476450e-02  5.8480933e-02  1.7113245e-01
  1.4949776e-04 -7.4051325e-03 -2.2257219e-01] | Reward=+0.003 | Cum=+0.057 | Info={'shot_attempted': False, 'pass_attempted': False, 'goal_scored': False, 'goal_team': None, 'ball_out_by': None, 'has_ball': False, 'start_shot_bonus': False, 'start_pass_bonus': False, 'possession_lost': False}

[Step 81] Action=[ 3.7250150e-02 -7.0494972e-02  5.8458138e-02  1.7113307e-01
  1.5127659e-04 -7.4513424e-03 -2.2261094e-01] | Reward=+0.003 | Cum=+0.060 | Info={'shot_attempted': False, 'pass_attempted': False, 'goal_scored': False, 'goal_team': None, 'ball_out_by': None, 'has_ball': False, 'start_shot_bonus': False, 'start_pass_bonus': False, 'possession_lost': False}

[Step 82] Action=[ 3.7291560e-02 -7.0513532e-02  5.8435321e-02  1.7113370e-01
  1.5306473e-04 -7.4975519e-03 -2.2264971e-01] | Reward=+0.003 | Cum=+0.063 | Info={'shot_attempted': False, 'pass_attempted': False, 'goal_scored': False, 'goal_team': None, 'ball_out_by': None, 'has_ball': False, 'start_shot_bonus': False, 'start_pass_bonus': False, 'possession_lost': False}

[Step 83] Action=[ 3.7309140e-02 -7.0367530e-02  5.8435746e-02  1.7101614e-01
  7.1505085e-05 -7.5090365e-03 -2.2267029e-01] | Reward=+0.003 | Cum=+0.067 | Info={'shot_attempted': False, 'pass_attempted': False, 'goal_scored': False, 'goal_team': None, 'ball_out_by': None, 'has_ball': False, 'start_shot_bonus': False, 'start_pass_bonus': False, 'possession_lost': False}

[Step 84] Action=[ 3.7350871e-02 -7.0386097e-02  5.8412220e-02  1.7101695e-01
  7.4671581e-05 -7.5544040e-03 -2.2270919e-01] | Reward=+0.003 | Cum=+0.070 | Info={'shot_attempted': False, 'pass_attempted': False, 'goal_scored': False, 'goal_team': None, 'ball_out_by': None, 'has_ball': False, 'start_shot_bonus': False, 'start_pass_bonus': False, 'possession_lost': False}

[Step 85] Action=[ 3.7392713e-02 -7.0404775e-02  5.8388669e-02  1.7101765e-01
  7.7750534e-05 -7.5998912e-03 -2.2274821e-01] | Reward=+0.003 | Cum=+0.073 | Info={'shot_attempted': False, 'pass_attempted': False, 'goal_scored': False, 'goal_team': None, 'ball_out_by': None, 'has_ball': False, 'start_shot_bonus': False, 'start_pass_bonus': False, 'possession_lost': False}

[Step 86] Action=[ 3.7434518e-02 -7.0423432e-02  5.8365103e-02  1.7101836e-01
  8.0831349e-05 -7.6453481e-03 -2.2278720e-01] | Reward=+0.003 | Cum=+0.076 | Info={'shot_attempted': False, 'pass_attempted': False, 'goal_scored': False, 'goal_team': None, 'ball_out_by': None, 'has_ball': False, 'start_shot_bonus': False, 'start_pass_bonus': False, 'possession_lost': False}

[Step 87] Action=[ 3.7476391e-02 -7.0442125e-02  5.8341533e-02  1.7101903e-01
  8.3908439e-05 -7.6908460e-03 -2.2282621e-01] | Reward=+0.003 | Cum=+0.079 | Info={'shot_attempted': False, 'pass_attempted': False, 'goal_scored': False, 'goal_team': None, 'ball_out_by': None, 'has_ball': False, 'start_shot_bonus': False, 'start_pass_bonus': False, 'possession_lost': False}

[Step 88] Action=[ 3.7519284e-02 -7.0457235e-02  5.8318056e-02  1.7102073e-01
  8.9151785e-05 -7.7349660e-03 -2.2286409e-01] | Reward=+0.004 | Cum=+0.083 | Info={'shot_attempted': False, 'pass_attempted': False, 'goal_scored': False, 'goal_team': None, 'ball_out_by': None, 'has_ball': False, 'start_shot_bonus': False, 'start_pass_bonus': False, 'possession_lost': False}

[Step 89] Action=[ 3.7563924e-02 -7.0466548e-02  5.8294754e-02  1.7102407e-01
  9.7962096e-05 -7.7768019e-03 -2.2290014e-01] | Reward=+0.004 | Cum=+0.087 | Info={'shot_attempted': False, 'pass_attempted': False, 'goal_scored': False, 'goal_team': None, 'ball_out_by': None, 'has_ball': False, 'start_shot_bonus': False, 'start_pass_bonus': False, 'possession_lost': False}

[Step 90] Action=[ 3.76105234e-02 -7.04754442e-02  5.82725815e-02  1.71026006e-01
  1.04622915e-04 -7.81881716e-03 -2.22935826e-01] | Reward=+0.004 | Cum=+0.090 | Info={'shot_attempted': False, 'pass_attempted': False, 'goal_scored': False, 'goal_team': None, 'ball_out_by': None, 'has_ball': False, 'start_shot_bonus': False, 'start_pass_bonus': False, 'possession_lost': False}

[Step 91] Action=[ 3.7658863e-02 -7.0484027e-02  5.8251407e-02  1.7102663e-01
  1.0935031e-04 -7.8609064e-03 -2.2297126e-01] | Reward=+0.004 | Cum=+0.094 | Info={'shot_attempted': False, 'pass_attempted': False, 'goal_scored': False, 'goal_team': None, 'ball_out_by': None, 'has_ball': False, 'start_shot_bonus': False, 'start_pass_bonus': False, 'possession_lost': False}

[Step 92] Action=[ 3.7707221e-02 -7.0492581e-02  5.8230266e-02  1.7102729e-01
  1.1408888e-04 -7.9029696e-03 -2.2300671e-01] | Reward=+0.004 | Cum=+0.098 | Info={'shot_attempted': False, 'pass_attempted': False, 'goal_scored': False, 'goal_team': None, 'ball_out_by': None, 'has_ball': False, 'start_shot_bonus': False, 'start_pass_bonus': False, 'possession_lost': False}

[Step 93] Action=[ 3.7755560e-02 -7.0501186e-02  5.8209088e-02  1.7102794e-01
  1.1879951e-04 -7.9450477e-03 -2.2304218e-01] | Reward=+0.004 | Cum=+0.101 | Info={'shot_attempted': False, 'pass_attempted': False, 'goal_scored': False, 'goal_team': None, 'ball_out_by': None, 'has_ball': False, 'start_shot_bonus': False, 'start_pass_bonus': False, 'possession_lost': False}

[Step 94] Action=[ 3.7803933e-02 -7.0509769e-02  5.8187958e-02  1.7102861e-01
  1.2351759e-04 -7.9871044e-03 -2.2307760e-01] | Reward=+0.004 | Cum=+0.105 | Info={'shot_attempted': False, 'pass_attempted': False, 'goal_scored': False, 'goal_team': None, 'ball_out_by': None, 'has_ball': False, 'start_shot_bonus': False, 'start_pass_bonus': False, 'possession_lost': False}

[Step 95] Action=[ 3.7852310e-02 -7.0518367e-02  5.8166780e-02  1.7102928e-01
  1.2821890e-04 -8.0291750e-03 -2.2311306e-01] | Reward=+0.004 | Cum=+0.108 | Info={'shot_attempted': False, 'pass_attempted': False, 'goal_scored': False, 'goal_team': None, 'ball_out_by': None, 'has_ball': False, 'start_shot_bonus': False, 'start_pass_bonus': False, 'possession_lost': False}

[Step 96] Action=[ 3.7900712e-02 -7.0526965e-02  5.8145594e-02  1.7102993e-01
  1.3292395e-04 -8.0712605e-03 -2.2314854e-01] | Reward=+0.004 | Cum=+0.112 | Info={'shot_attempted': False, 'pass_attempted': False, 'goal_scored': False, 'goal_team': None, 'ball_out_by': None, 'has_ball': False, 'start_shot_bonus': False, 'start_pass_bonus': False, 'possession_lost': False}

[Step 97] Action=[ 3.7949137e-02 -7.0535585e-02  5.8124453e-02  1.7103058e-01
  1.3761409e-04 -8.1133125e-03 -2.2318400e-01] | Reward=+0.004 | Cum=+0.116 | Info={'shot_attempted': False, 'pass_attempted': False, 'goal_scored': False, 'goal_team': None, 'ball_out_by': None, 'has_ball': False, 'start_shot_bonus': False, 'start_pass_bonus': False, 'possession_lost': False}

[Step 98] Action=[ 3.7997313e-02 -7.0544198e-02  5.8103535e-02  1.7103085e-01
  1.4230423e-04 -8.1558637e-03 -2.2321917e-01] | Reward=+0.004 | Cum=+0.120 | Info={'shot_attempted': False, 'pass_attempted': False, 'goal_scored': False, 'goal_team': None, 'ball_out_by': None, 'has_ball': False, 'start_shot_bonus': False, 'start_pass_bonus': False, 'possession_lost': False}

[Step 99] Action=[ 3.8043674e-02 -7.0552856e-02  5.8084633e-02  1.7102748e-01
  1.4708564e-04 -8.2027465e-03 -2.2325192e-01] | Reward=+0.004 | Cum=+0.124 | Info={'shot_attempted': False, 'pass_attempted': False, 'goal_scored': False, 'goal_team': None, 'ball_out_by': None, 'has_ball': False, 'start_shot_bonus': False, 'start_pass_bonus': False, 'possession_lost': False}

[Step 100] Action=[ 3.8090259e-02 -7.0561022e-02  5.8066722e-02  1.7102395e-01
  1.5181303e-04 -8.2506509e-03 -2.2328484e-01] | Reward=+0.004 | Cum=+0.128 | Info={'shot_attempted': False, 'pass_attempted': False, 'goal_scored': False, 'goal_team': None, 'ball_out_by': None, 'has_ball': False, 'start_shot_bonus': False, 'start_pass_bonus': False, 'possession_lost': False}

[Step 101] Action=[ 3.8137253e-02 -7.0568383e-02  5.8050349e-02  1.7102017e-01
  1.5652925e-04 -8.3001079e-03 -2.2331803e-01] | Reward=+0.004 | Cum=+0.132 | Info={'shot_attempted': False, 'pass_attempted': False, 'goal_scored': False, 'goal_team': None, 'ball_out_by': None, 'has_ball': False, 'start_shot_bonus': False, 'start_pass_bonus': False, 'possession_lost': False}

[Step 102] Action=[ 3.8184255e-02 -7.0575751e-02  5.8033999e-02  1.7101634e-01
  1.6122870e-04 -8.3495695e-03 -2.2335121e-01] | Reward=+0.004 | Cum=+0.136 | Info={'shot_attempted': False, 'pass_attempted': False, 'goal_scored': False, 'goal_team': None, 'ball_out_by': None, 'has_ball': False, 'start_shot_bonus': False, 'start_pass_bonus': False, 'possession_lost': False}

[Step 103] Action=[ 3.8231246e-02 -7.0583165e-02  5.8017612e-02  1.7101254e-01
  1.6592070e-04 -8.3990190e-03 -2.2338441e-01] | Reward=+0.004 | Cum=+0.140 | Info={'shot_attempted': False, 'pass_attempted': False, 'goal_scored': False, 'goal_team': None, 'ball_out_by': None, 'has_ball': False, 'start_shot_bonus': False, 'start_pass_bonus': False, 'possession_lost': False}

[Step 104] Action=[ 3.8276821e-02 -7.0592843e-02  5.7999372e-02  1.7100868e-01
  1.7160177e-04 -8.4444303e-03 -2.2341645e-01] | Reward=+0.004 | Cum=+0.144 | Info={'shot_attempted': False, 'pass_attempted': False, 'goal_scored': False, 'goal_team': None, 'ball_out_by': None, 'has_ball': False, 'start_shot_bonus': False, 'start_pass_bonus': False, 'possession_lost': False}

[Step 105] Action=[ 3.8320906e-02 -7.0604958e-02  5.7979107e-02  1.7100482e-01
  1.7829053e-04 -8.4856739e-03 -2.2344734e-01] | Reward=+0.004 | Cum=+0.147 | Info={'shot_attempted': False, 'pass_attempted': False, 'goal_scored': False, 'goal_team': None, 'ball_out_by': None, 'has_ball': False, 'start_shot_bonus': False, 'start_pass_bonus': False, 'possession_lost': False}

[Step 106] Action=[ 3.8365003e-02 -7.0617042e-02  5.7958875e-02  1.7100096e-01
  1.8495880e-04 -8.5269473e-03 -2.2347826e-01] | Reward=+0.004 | Cum=+0.151 | Info={'shot_attempted': False, 'pass_attempted': False, 'goal_scored': False, 'goal_team': None, 'ball_out_by': None, 'has_ball': False, 'start_shot_bonus': False, 'start_pass_bonus': False, 'possession_lost': False}

[Step 107] Action=[ 3.8409110e-02 -7.0629142e-02  5.7938617e-02  1.7099708e-01
  1.9165501e-04 -8.5681984e-03 -2.2350915e-01] | Reward=+0.004 | Cum=+0.155 | Info={'shot_attempted': False, 'pass_attempted': False, 'goal_scored': False, 'goal_team': None, 'ball_out_by': None, 'has_ball': False, 'start_shot_bonus': False, 'start_pass_bonus': False, 'possession_lost': False}

[Step 108] Action=[ 3.8453210e-02 -7.0641249e-02  5.7918359e-02  1.7099319e-01
  1.9831769e-04 -8.6094681e-03 -2.2354010e-01] | Reward=+0.004 | Cum=+0.159 | Info={'shot_attempted': False, 'pass_attempted': False, 'goal_scored': False, 'goal_team': None, 'ball_out_by': None, 'has_ball': False, 'start_shot_bonus': False, 'start_pass_bonus': False, 'possession_lost': False}

[Step 109] Action=[ 3.8497329e-02 -7.0653364e-02  5.7898119e-02  1.7098932e-01
  2.0496361e-04 -8.6507145e-03 -2.2357103e-01] | Reward=+0.004 | Cum=+0.164 | Info={'shot_attempted': False, 'pass_attempted': False, 'goal_scored': False, 'goal_team': None, 'ball_out_by': None, 'has_ball': False, 'start_shot_bonus': False, 'start_pass_bonus': False, 'possession_lost': False}

[Step 110] Action=[ 3.8541455e-02 -7.0665523e-02  5.7877876e-02  1.7098545e-01
  2.1162257e-04 -8.6919731e-03 -2.2360194e-01] | Reward=+0.004 | Cum=+0.168 | Info={'shot_attempted': False, 'pass_attempted': False, 'goal_scored': False, 'goal_team': None, 'ball_out_by': None, 'has_ball': False, 'start_shot_bonus': False, 'start_pass_bonus': False, 'possession_lost': False}

[Step 111] Action=[ 3.8585633e-02 -7.0677638e-02  5.7857588e-02  1.7098156e-01
  2.1827221e-04 -8.7332390e-03 -2.2363287e-01] | Reward=+0.004 | Cum=+0.172 | Info={'shot_attempted': False, 'pass_attempted': False, 'goal_scored': False, 'goal_team': None, 'ball_out_by': None, 'has_ball': False, 'start_shot_bonus': False, 'start_pass_bonus': False, 'possession_lost': False}

[Step 112] Action=[ 0.03862976 -0.07068981  0.05783733  0.17097768  0.00022491 -0.0087745
 -0.22366382] | Reward=+0.004 | Cum=+0.176 | Info={'shot_attempted': False, 'pass_attempted': False, 'goal_scored': False, 'goal_team': None, 'ball_out_by': None, 'has_ball': False, 'start_shot_bonus': False, 'start_pass_bonus': False, 'possession_lost': False}

[Step 113] Action=[ 0.03867393 -0.07070197  0.05781706  0.17097381  0.0002315  -0.00881576
 -0.2236948 ] | Reward=+0.004 | Cum=+0.180 | Info={'shot_attempted': False, 'pass_attempted': False, 'goal_scored': False, 'goal_team': None, 'ball_out_by': None, 'has_ball': False, 'start_shot_bonus': False, 'start_pass_bonus': False, 'possession_lost': False}

[Step 114] Action=[ 0.03871813 -0.07071412  0.0577968   0.17096993  0.00023813 -0.00885703
 -0.22372577] | Reward=+0.004 | Cum=+0.183 | Info={'shot_attempted': False, 'pass_attempted': False, 'goal_scored': False, 'goal_team': None, 'ball_out_by': None, 'has_ball': False, 'start_shot_bonus': False, 'start_pass_bonus': False, 'possession_lost': False}

[Step 115] Action=[ 0.03876217 -0.07072603  0.05777647  0.17096604  0.00024509 -0.00889865
 -0.2237567 ] | Reward=+0.004 | Cum=+0.187 | Info={'shot_attempted': False, 'pass_attempted': False, 'goal_scored': False, 'goal_team': None, 'ball_out_by': None, 'has_ball': False, 'start_shot_bonus': False, 'start_pass_bonus': False, 'possession_lost': False}

[Step 116] Action=[ 0.03880439 -0.07073481  0.05775517  0.17096224  0.00025672 -0.00894496
 -0.22378747] | Reward=+0.005 | Cum=+0.192 | Info={'shot_attempted': False, 'pass_attempted': False, 'goal_scored': False, 'goal_team': None, 'ball_out_by': None, 'has_ball': False, 'start_shot_bonus': False, 'start_pass_bonus': False, 'possession_lost': False}

[Step 117] Action=[ 0.03884663 -0.07074359  0.05773386  0.17095847  0.00026835 -0.00899129
 -0.2238182 ] | Reward=+0.004 | Cum=+0.196 | Info={'shot_attempted': False, 'pass_attempted': False, 'goal_scored': False, 'goal_team': None, 'ball_out_by': None, 'has_ball': False, 'start_shot_bonus': False, 'start_pass_bonus': False, 'possession_lost': False}

[Step 118] Action=[ 0.03888887 -0.07075238  0.05771256  0.17095466  0.00027998 -0.00903759
 -0.22384891] | Reward=+0.004 | Cum=+0.200 | Info={'shot_attempted': False, 'pass_attempted': False, 'goal_scored': False, 'goal_team': None, 'ball_out_by': None, 'has_ball': False, 'start_shot_bonus': False, 'start_pass_bonus': False, 'possession_lost': False}

[Step 119] Action=[ 0.03893112 -0.07076116  0.05769124  0.17095089  0.00029158 -0.0090839
 -0.22387967] | Reward=+0.004 | Cum=+0.204 | Info={'shot_attempted': False, 'pass_attempted': False, 'goal_scored': False, 'goal_team': None, 'ball_out_by': None, 'has_ball': False, 'start_shot_bonus': False, 'start_pass_bonus': False, 'possession_lost': False}

[Step 120] Action=[ 0.03897285 -0.07076992  0.05766857  0.17094667  0.00030058 -0.00912802
 -0.22390987] | Reward=+0.004 | Cum=+0.209 | Info={'shot_attempted': False, 'pass_attempted': False, 'goal_scored': False, 'goal_team': None, 'ball_out_by': None, 'has_ball': False, 'start_shot_bonus': False, 'start_pass_bonus': False, 'possession_lost': False}

[Step 121] Action=[ 0.03901447 -0.07077864  0.05764545  0.17094232  0.00030878 -0.00917151
 -0.22393996] | Reward=+0.004 | Cum=+0.212 | Info={'shot_attempted': False, 'pass_attempted': False, 'goal_scored': False, 'goal_team': None, 'ball_out_by': None, 'has_ball': False, 'start_shot_bonus': False, 'start_pass_bonus': False, 'possession_lost': False}

[Step 122] Action=[ 0.0390584  -0.07078921  0.05762022  0.17093442  0.00031569 -0.00921577
 -0.223974  ] | Reward=+0.004 | Cum=+0.216 | Info={'shot_attempted': False, 'pass_attempted': False, 'goal_scored': False, 'goal_team': None, 'ball_out_by': None, 'has_ball': False, 'start_shot_bonus': False, 'start_pass_bonus': False, 'possession_lost': False}

[Step 123] Action=[ 0.03910271 -0.0708001   0.0575947   0.17092599  0.00032242 -0.00926013
 -0.22400859] | Reward=+0.004 | Cum=+0.220 | Info={'shot_attempted': False, 'pass_attempted': False, 'goal_scored': False, 'goal_team': None, 'ball_out_by': None, 'has_ball': False, 'start_shot_bonus': False, 'start_pass_bonus': False, 'possession_lost': False}

[Step 124] Action=[ 0.03914699 -0.07081099  0.05756916  0.17091757  0.00032912 -0.00930449
 -0.22404316] | Reward=+0.004 | Cum=+0.224 | Info={'shot_attempted': False, 'pass_attempted': False, 'goal_scored': False, 'goal_team': None, 'ball_out_by': None, 'has_ball': False, 'start_shot_bonus': False, 'start_pass_bonus': False, 'possession_lost': False}

[Step 125] Action=[ 0.03918915 -0.07082462  0.05754376  0.17090997  0.00033344 -0.0093516
 -0.22408007] | Reward=+0.004 | Cum=+0.228 | Info={'shot_attempted': False, 'pass_attempted': False, 'goal_scored': False, 'goal_team': None, 'ball_out_by': None, 'has_ball': False, 'start_shot_bonus': False, 'start_pass_bonus': False, 'possession_lost': False}

[Step 126] Action=[ 0.03923035 -0.07083952  0.05751842  0.17090273  0.00033672 -0.00939997
 -0.22411802] | Reward=+0.004 | Cum=+0.232 | Info={'shot_attempted': False, 'pass_attempted': False, 'goal_scored': False, 'goal_team': None, 'ball_out_by': None, 'has_ball': False, 'start_shot_bonus': False, 'start_pass_bonus': False, 'possession_lost': False}

[Step 127] Action=[ 0.03927156 -0.07085445  0.05749309  0.17089549  0.00033992 -0.00944834
 -0.22415602] | Reward=+0.004 | Cum=+0.236 | Info={'shot_attempted': False, 'pass_attempted': False, 'goal_scored': False, 'goal_team': None, 'ball_out_by': None, 'has_ball': False, 'start_shot_bonus': False, 'start_pass_bonus': False, 'possession_lost': False}

[Step 128] Action=[ 0.03931274 -0.07086939  0.05746773  0.17088823  0.00034315 -0.0094967
 -0.22419403] | Reward=+0.004 | Cum=+0.240 | Info={'shot_attempted': False, 'pass_attempted': False, 'goal_scored': False, 'goal_team': None, 'ball_out_by': None, 'has_ball': False, 'start_shot_bonus': False, 'start_pass_bonus': False, 'possession_lost': False}

[Step 129] Action=[ 0.03935396 -0.07088433  0.05744237  0.17088099  0.00034635 -0.00954508
 -0.22423202] | Reward=+0.004 | Cum=+0.244 | Info={'shot_attempted': False, 'pass_attempted': False, 'goal_scored': False, 'goal_team': None, 'ball_out_by': None, 'has_ball': False, 'start_shot_bonus': False, 'start_pass_bonus': False, 'possession_lost': False}

[Step 130] Action=[ 0.03939521 -0.07089928  0.05741698  0.17087376  0.00034956 -0.00959344
 -0.22427003] | Reward=+0.004 | Cum=+0.248 | Info={'shot_attempted': False, 'pass_attempted': False, 'goal_scored': False, 'goal_team': None, 'ball_out_by': None, 'has_ball': False, 'start_shot_bonus': False, 'start_pass_bonus': False, 'possession_lost': False}

[Step 131] Action=[ 0.03943643 -0.07091421  0.05739166  0.1708665   0.00035275 -0.00964181
 -0.22430809] | Reward=+0.004 | Cum=+0.252 | Info={'shot_attempted': False, 'pass_attempted': False, 'goal_scored': False, 'goal_team': None, 'ball_out_by': None, 'has_ball': False, 'start_shot_bonus': False, 'start_pass_bonus': False, 'possession_lost': False}

[Step 132] Action=[ 0.03947792 -0.0709298   0.05736869  0.17086065  0.00035524 -0.00968988
 -0.22434567] | Reward=+0.004 | Cum=+0.255 | Info={'shot_attempted': False, 'pass_attempted': False, 'goal_scored': False, 'goal_team': None, 'ball_out_by': None, 'has_ball': False, 'start_shot_bonus': False, 'start_pass_bonus': False, 'possession_lost': False}

[Step 133] Action=[ 0.0395199  -0.07094662  0.05735047  0.1708575   0.00035628 -0.00973741
 -0.22438246] | Reward=+0.004 | Cum=+0.259 | Info={'shot_attempted': False, 'pass_attempted': False, 'goal_scored': False, 'goal_team': None, 'ball_out_by': None, 'has_ball': False, 'start_shot_bonus': False, 'start_pass_bonus': False, 'possession_lost': False}

[Step 134] Action=[ 0.03956189 -0.07096348  0.05733227  0.17085433  0.00035732 -0.0097849
 -0.22441925] | Reward=+0.004 | Cum=+0.263 | Info={'shot_attempted': False, 'pass_attempted': False, 'goal_scored': False, 'goal_team': None, 'ball_out_by': None, 'has_ball': False, 'start_shot_bonus': False, 'start_pass_bonus': False, 'possession_lost': False}

[Step 135] Action=[ 0.03960387 -0.07098032  0.05731403  0.17085119  0.00035837 -0.0098324
 -0.22445606] | Reward=+0.004 | Cum=+0.267 | Info={'shot_attempted': False, 'pass_attempted': False, 'goal_scored': False, 'goal_team': None, 'ball_out_by': None, 'has_ball': False, 'start_shot_bonus': False, 'start_pass_bonus': False, 'possession_lost': False}

[Step 136] Action=[ 0.03964587 -0.07099716  0.05729581  0.17084801  0.00035941 -0.00987992
 -0.22449286] | Reward=+0.004 | Cum=+0.271 | Info={'shot_attempted': False, 'pass_attempted': False, 'goal_scored': False, 'goal_team': None, 'ball_out_by': None, 'has_ball': False, 'start_shot_bonus': False, 'start_pass_bonus': False, 'possession_lost': False}

[Step 137] Action=[ 0.03968788 -0.07101402  0.05727758  0.17084487  0.00036042 -0.00992742
 -0.22452964] | Reward=+0.004 | Cum=+0.275 | Info={'shot_attempted': False, 'pass_attempted': False, 'goal_scored': False, 'goal_team': None, 'ball_out_by': None, 'has_ball': False, 'start_shot_bonus': False, 'start_pass_bonus': False, 'possession_lost': False}

[Step 138] Action=[ 0.03973027 -0.07103055  0.05725973  0.17084196  0.0003613  -0.00997448
 -0.22456601] | Reward=+0.004 | Cum=+0.278 | Info={'shot_attempted': False, 'pass_attempted': False, 'goal_scored': False, 'goal_team': None, 'ball_out_by': None, 'has_ball': False, 'start_shot_bonus': False, 'start_pass_bonus': False, 'possession_lost': False}

[Step 139] Action=[ 0.03977692 -0.07104867  0.05723848  0.17083919  0.00036293 -0.01002279
 -0.22459987] | Reward=+0.004 | Cum=+0.282 | Info={'shot_attempted': False, 'pass_attempted': False, 'goal_scored': False, 'goal_team': None, 'ball_out_by': None, 'has_ball': False, 'start_shot_bonus': False, 'start_pass_bonus': False, 'possession_lost': False}

[Step 140] Action=[ 0.03982539 -0.07106785  0.05721522  0.17083627  0.00036502 -0.01007206
 -0.22463292] | Reward=+0.004 | Cum=+0.286 | Info={'shot_attempted': False, 'pass_attempted': False, 'goal_scored': False, 'goal_team': None, 'ball_out_by': None, 'has_ball': False, 'start_shot_bonus': False, 'start_pass_bonus': False, 'possession_lost': False}

[Step 141] Action=[ 0.0398738  -0.07108704  0.05719196  0.17083333  0.00036711 -0.01012134
 -0.22466598] | Reward=-0.055 | Cum=+0.231 | Info={'shot_attempted': False, 'pass_attempted': False, 'goal_scored': False, 'goal_team': None, 'ball_out_by': None, 'has_ball': False, 'start_shot_bonus': False, 'start_pass_bonus': False, 'possession_lost': False}

[Step 142] Action=[ 0.03992227 -0.07110622  0.05716872  0.17083041  0.00036919 -0.01017065
 -0.22469904] | Reward=-0.055 | Cum=+0.176 | Info={'shot_attempted': False, 'pass_attempted': False, 'goal_scored': False, 'goal_team': None, 'ball_out_by': None, 'has_ball': False, 'start_shot_bonus': False, 'start_pass_bonus': False, 'possession_lost': False}

[Step 143] Action=[ 0.03997075 -0.07112542  0.05714545  0.17082748  0.00037127 -0.01021992
 -0.2247321 ] | Reward=-0.055 | Cum=+0.121 | Info={'shot_attempted': False, 'pass_attempted': False, 'goal_scored': False, 'goal_team': None, 'ball_out_by': None, 'has_ball': False, 'start_shot_bonus': False, 'start_pass_bonus': False, 'possession_lost': False}

[Step 144] Action=[ 0.0400192  -0.07114465  0.05712221  0.17082456  0.00037333 -0.01026921
 -0.22476518] | Reward=-0.055 | Cum=+0.066 | Info={'shot_attempted': False, 'pass_attempted': False, 'goal_scored': False, 'goal_team': None, 'ball_out_by': None, 'has_ball': False, 'start_shot_bonus': False, 'start_pass_bonus': False, 'possession_lost': False}

[Step 145] Action=[ 0.04006769 -0.07116383  0.05709892  0.17082165  0.00037538 -0.01031847
 -0.22479823] | Reward=-0.055 | Cum=+0.011 | Info={'shot_attempted': False, 'pass_attempted': False, 'goal_scored': False, 'goal_team': None, 'ball_out_by': None, 'has_ball': False, 'start_shot_bonus': False, 'start_pass_bonus': False, 'possession_lost': False}

[Step 146] Action=[ 0.04011618 -0.07118309  0.05707566  0.17081873  0.00037741 -0.01036775
 -0.22483137] | Reward=-0.055 | Cum=-0.044 | Info={'shot_attempted': False, 'pass_attempted': False, 'goal_scored': False, 'goal_team': None, 'ball_out_by': None, 'has_ball': False, 'start_shot_bonus': False, 'start_pass_bonus': False, 'possession_lost': False}

[Step 147] Action=[ 0.04016467 -0.07120229  0.0570524   0.17081581  0.00037948 -0.01041703
 -0.22486442] | Reward=-0.055 | Cum=-0.099 | Info={'shot_attempted': False, 'pass_attempted': False, 'goal_scored': False, 'goal_team': None, 'ball_out_by': None, 'has_ball': False, 'start_shot_bonus': False, 'start_pass_bonus': False, 'possession_lost': False}

[Step 148] Action=[ 0.04021319 -0.07122154  0.05702914  0.17081289  0.00038149 -0.01046631
 -0.22489753] | Reward=-0.055 | Cum=-0.154 | Info={'shot_attempted': False, 'pass_attempted': False, 'goal_scored': False, 'goal_team': None, 'ball_out_by': None, 'has_ball': False, 'start_shot_bonus': False, 'start_pass_bonus': False, 'possession_lost': False}

[Step 149] Action=[ 0.04026172 -0.07124074  0.05700589  0.17080997  0.00038351 -0.01051558
 -0.22493064] | Reward=-0.055 | Cum=-0.209 | Info={'shot_attempted': False, 'pass_attempted': False, 'goal_scored': False, 'goal_team': None, 'ball_out_by': None, 'has_ball': False, 'start_shot_bonus': False, 'start_pass_bonus': False, 'possession_lost': False}

[Step 150] Action=[ 0.04031025 -0.07125998  0.05698261  0.17080703  0.00038551 -0.01056483
 -0.22496374] | Reward=-0.055 | Cum=-0.264 | Info={'shot_attempted': False, 'pass_attempted': False, 'goal_scored': False, 'goal_team': None, 'ball_out_by': None, 'has_ball': False, 'start_shot_bonus': False, 'start_pass_bonus': False, 'possession_lost': False}

[Step 151] Action=[ 0.0403588  -0.07127924  0.05695935  0.17080413  0.0003875  -0.01061411
 -0.22499688] | Reward=-0.055 | Cum=-0.319 | Info={'shot_attempted': False, 'pass_attempted': False, 'goal_scored': False, 'goal_team': None, 'ball_out_by': None, 'has_ball': False, 'start_shot_bonus': False, 'start_pass_bonus': False, 'possession_lost': False}

[Step 152] Action=[ 0.04040734 -0.07129852  0.05693609  0.1708012   0.00038951 -0.01066336
 -0.22502998] | Reward=-0.055 | Cum=-0.374 | Info={'shot_attempted': False, 'pass_attempted': False, 'goal_scored': False, 'goal_team': None, 'ball_out_by': None, 'has_ball': False, 'start_shot_bonus': False, 'start_pass_bonus': False, 'possession_lost': False}

[Step 153] Action=[ 0.04045591 -0.07131777  0.05691282  0.1707983   0.00039148 -0.01071266
 -0.22506312] | Reward=-0.055 | Cum=-0.429 | Info={'shot_attempted': False, 'pass_attempted': False, 'goal_scored': False, 'goal_team': None, 'ball_out_by': None, 'has_ball': False, 'start_shot_bonus': False, 'start_pass_bonus': False, 'possession_lost': False}

[Step 154] Action=[ 0.04050448 -0.07133698  0.05688954  0.17079538  0.00039347 -0.01076188
 -0.22509627] | Reward=-0.055 | Cum=-0.484 | Info={'shot_attempted': False, 'pass_attempted': False, 'goal_scored': False, 'goal_team': None, 'ball_out_by': None, 'has_ball': False, 'start_shot_bonus': False, 'start_pass_bonus': False, 'possession_lost': False}

[Step 155] Action=[ 0.04055307 -0.07135627  0.0568663   0.17079246  0.00039542 -0.01081114
 -0.22512941] | Reward=-0.055 | Cum=-0.539 | Info={'shot_attempted': False, 'pass_attempted': False, 'goal_scored': False, 'goal_team': None, 'ball_out_by': None, 'has_ball': False, 'start_shot_bonus': False, 'start_pass_bonus': False, 'possession_lost': False}

[Step 156] Action=[ 0.04060165 -0.0713756   0.05684302  0.17078955  0.00039738 -0.01086041
 -0.22516257] | Reward=-0.055 | Cum=-0.594 | Info={'shot_attempted': False, 'pass_attempted': False, 'goal_scored': False, 'goal_team': None, 'ball_out_by': None, 'has_ball': False, 'start_shot_bonus': False, 'start_pass_bonus': False, 'possession_lost': False}

[Step 157] Action=[ 0.04065024 -0.07139486  0.05681976  0.17078665  0.00039932 -0.01090966
 -0.2251957 ] | Reward=-0.055 | Cum=-0.649 | Info={'shot_attempted': False, 'pass_attempted': False, 'goal_scored': False, 'goal_team': None, 'ball_out_by': None, 'has_ball': False, 'start_shot_bonus': False, 'start_pass_bonus': False, 'possession_lost': False}

[Step 158] Action=[ 0.04069886 -0.07141416  0.05679646  0.17078371  0.00040123 -0.0109589
 -0.22522888] | Reward=-0.055 | Cum=-0.704 | Info={'shot_attempted': False, 'pass_attempted': False, 'goal_scored': False, 'goal_team': None, 'ball_out_by': None, 'has_ball': False, 'start_shot_bonus': False, 'start_pass_bonus': False, 'possession_lost': False}

[Step 159] Action=[ 0.04074749 -0.07143345  0.0567732   0.1707808   0.00040317 -0.01100815
 -0.22526205] | Reward=-0.055 | Cum=-0.759 | Info={'shot_attempted': False, 'pass_attempted': False, 'goal_scored': False, 'goal_team': None, 'ball_out_by': None, 'has_ball': False, 'start_shot_bonus': False, 'start_pass_bonus': False, 'possession_lost': False}

[Step 160] Action=[ 0.0407961  -0.07145272  0.05674993  0.17077789  0.00040509 -0.0110574
 -0.22529522] | Reward=-0.055 | Cum=-0.814 | Info={'shot_attempted': False, 'pass_attempted': False, 'goal_scored': False, 'goal_team': None, 'ball_out_by': None, 'has_ball': False, 'start_shot_bonus': False, 'start_pass_bonus': False, 'possession_lost': False}

[Step 161] Action=[ 0.04084474 -0.07147206  0.05672663  0.17077497  0.00040697 -0.01110665
 -0.22532845] | Reward=-0.055 | Cum=-0.869 | Info={'shot_attempted': False, 'pass_attempted': False, 'goal_scored': False, 'goal_team': None, 'ball_out_by': None, 'has_ball': False, 'start_shot_bonus': False, 'start_pass_bonus': False, 'possession_lost': False}

[Step 162] Action=[ 0.04089338 -0.07149135  0.05670337  0.17077208  0.00040889 -0.01115589
 -0.22536159] | Reward=-0.055 | Cum=-0.924 | Info={'shot_attempted': False, 'pass_attempted': False, 'goal_scored': False, 'goal_team': None, 'ball_out_by': None, 'has_ball': False, 'start_shot_bonus': False, 'start_pass_bonus': False, 'possession_lost': False}

[Step 163] Action=[ 0.04094205 -0.0715107   0.0566801   0.17076916  0.00041078 -0.01120512
 -0.2253948 ] | Reward=-0.055 | Cum=-0.979 | Info={'shot_attempted': False, 'pass_attempted': False, 'goal_scored': False, 'goal_team': None, 'ball_out_by': None, 'has_ball': False, 'start_shot_bonus': False, 'start_pass_bonus': False, 'possession_lost': False}

[Step 164] Action=[ 0.04099074 -0.07153002  0.05665684  0.17076625  0.00041267 -0.01125436
 -0.22542799] | Reward=-0.055 | Cum=-1.034 | Info={'shot_attempted': False, 'pass_attempted': False, 'goal_scored': False, 'goal_team': None, 'ball_out_by': None, 'has_ball': False, 'start_shot_bonus': False, 'start_pass_bonus': False, 'possession_lost': False}

[Step 165] Action=[ 0.0410394  -0.07154936  0.05663355  0.17076333  0.00041452 -0.01130358
 -0.2254612 ] | Reward=-0.055 | Cum=-1.089 | Info={'shot_attempted': False, 'pass_attempted': False, 'goal_scored': False, 'goal_team': None, 'ball_out_by': None, 'has_ball': False, 'start_shot_bonus': False, 'start_pass_bonus': False, 'possession_lost': False}

[Step 166] Action=[ 0.04108725 -0.07156873  0.05660985  0.17076284  0.00041574 -0.01135143
 -0.22549587] | Reward=-0.055 | Cum=-1.144 | Info={'shot_attempted': False, 'pass_attempted': False, 'goal_scored': False, 'goal_team': None, 'ball_out_by': None, 'has_ball': False, 'start_shot_bonus': False, 'start_pass_bonus': False, 'possession_lost': False}

[Step 167] Action=[ 0.04112297 -0.07158887  0.05657988  0.1707978   0.00040759 -0.01137853
 -0.22555225] | Reward=-0.055 | Cum=-1.199 | Info={'shot_attempted': False, 'pass_attempted': False, 'goal_scored': False, 'goal_team': None, 'ball_out_by': None, 'has_ball': False, 'start_shot_bonus': False, 'start_pass_bonus': False, 'possession_lost': False}

[Step 168] Action=[ 0.04115869 -0.07160901  0.05654995  0.17083277  0.00039944 -0.01140563
 -0.22560863] | Reward=-0.055 | Cum=-1.254 | Info={'shot_attempted': False, 'pass_attempted': False, 'goal_scored': False, 'goal_team': None, 'ball_out_by': None, 'has_ball': False, 'start_shot_bonus': False, 'start_pass_bonus': False, 'possession_lost': False}

[Step 169] Action=[ 0.04119444 -0.07162912  0.05651999  0.1708677   0.00039125 -0.01143274
 -0.225665  ] | Reward=-0.055 | Cum=-1.309 | Info={'shot_attempted': False, 'pass_attempted': False, 'goal_scored': False, 'goal_team': None, 'ball_out_by': None, 'has_ball': False, 'start_shot_bonus': False, 'start_pass_bonus': False, 'possession_lost': False}

[Step 170] Action=[ 0.04123014 -0.07164927  0.05649003  0.17090264  0.00038306 -0.01145985
 -0.22572133] | Reward=-0.055 | Cum=-1.364 | Info={'shot_attempted': False, 'pass_attempted': False, 'goal_scored': False, 'goal_team': None, 'ball_out_by': None, 'has_ball': False, 'start_shot_bonus': False, 'start_pass_bonus': False, 'possession_lost': False}

[Step 171] Action=[ 0.04126591 -0.07166941  0.05646006  0.17093758  0.00037488 -0.01148695
 -0.22577772] | Reward=-0.055 | Cum=-1.419 | Info={'shot_attempted': False, 'pass_attempted': False, 'goal_scored': False, 'goal_team': None, 'ball_out_by': None, 'has_ball': False, 'start_shot_bonus': False, 'start_pass_bonus': False, 'possession_lost': False}

[Step 172] Action=[ 0.04130167 -0.07168956  0.05643011  0.17097253  0.0003667  -0.01151408
 -0.22583409] | Reward=-0.055 | Cum=-1.474 | Info={'shot_attempted': False, 'pass_attempted': False, 'goal_scored': False, 'goal_team': None, 'ball_out_by': None, 'has_ball': False, 'start_shot_bonus': False, 'start_pass_bonus': False, 'possession_lost': False}

[Step 173] Action=[ 0.04133745 -0.07170974  0.05640014  0.17100745  0.00035849 -0.0115412
 -0.22589044] | Reward=-0.055 | Cum=-1.529 | Info={'shot_attempted': False, 'pass_attempted': False, 'goal_scored': False, 'goal_team': None, 'ball_out_by': None, 'has_ball': False, 'start_shot_bonus': False, 'start_pass_bonus': False, 'possession_lost': False}

[Step 174] Action=[ 0.04137323 -0.07172991  0.05637017  0.17104235  0.00035029 -0.01156831
 -0.22594684] | Reward=-0.055 | Cum=-1.584 | Info={'shot_attempted': False, 'pass_attempted': False, 'goal_scored': False, 'goal_team': None, 'ball_out_by': None, 'has_ball': False, 'start_shot_bonus': False, 'start_pass_bonus': False, 'possession_lost': False}

[Step 175] Action=[ 0.04140901 -0.07175006  0.05634022  0.17107727  0.00034206 -0.01159544
 -0.22600321] | Reward=-0.055 | Cum=-1.639 | Info={'shot_attempted': False, 'pass_attempted': False, 'goal_scored': False, 'goal_team': None, 'ball_out_by': None, 'has_ball': False, 'start_shot_bonus': False, 'start_pass_bonus': False, 'possession_lost': False}

[Step 176] Action=[ 0.04144481 -0.07177022  0.05631023  0.1711122   0.00033385 -0.0116226
 -0.22605962] | Reward=-0.055 | Cum=-1.694 | Info={'shot_attempted': False, 'pass_attempted': False, 'goal_scored': False, 'goal_team': None, 'ball_out_by': None, 'has_ball': False, 'start_shot_bonus': False, 'start_pass_bonus': False, 'possession_lost': False}

[Step 177] Action=[ 0.04148261 -0.07178993  0.05627942  0.17114274  0.00032387 -0.01165145
 -0.22611809] | Reward=-0.055 | Cum=-1.749 | Info={'shot_attempted': False, 'pass_attempted': False, 'goal_scored': False, 'goal_team': None, 'ball_out_by': None, 'has_ball': False, 'start_shot_bonus': False, 'start_pass_bonus': False, 'possession_lost': False}

[Step 178] Action=[ 0.04152186 -0.07180925  0.05624795  0.17117012  0.0003126  -0.01168161
 -0.22617818] | Reward=-0.055 | Cum=-1.804 | Info={'shot_attempted': False, 'pass_attempted': False, 'goal_scored': False, 'goal_team': None, 'ball_out_by': None, 'has_ball': False, 'start_shot_bonus': False, 'start_pass_bonus': False, 'possession_lost': False}

[Step 179] Action=[ 0.04156116 -0.07182859  0.05621647  0.17119744  0.00030134 -0.01171175
 -0.22623825] | Reward=-0.055 | Cum=-1.859 | Info={'shot_attempted': False, 'pass_attempted': False, 'goal_scored': False, 'goal_team': None, 'ball_out_by': None, 'has_ball': False, 'start_shot_bonus': False, 'start_pass_bonus': False, 'possession_lost': False}

[Step 180] Action=[ 0.04160044 -0.07184793  0.05618501  0.1712248   0.00029006 -0.01174188
 -0.22629835] | Reward=-0.055 | Cum=-1.914 | Info={'shot_attempted': False, 'pass_attempted': False, 'goal_scored': False, 'goal_team': None, 'ball_out_by': None, 'has_ball': False, 'start_shot_bonus': False, 'start_pass_bonus': False, 'possession_lost': False}

[Step 181] Action=[ 0.04163975 -0.07186729  0.05615352  0.17125213  0.00027877 -0.01177203
 -0.22635843] | Reward=-0.055 | Cum=-1.969 | Info={'shot_attempted': False, 'pass_attempted': False, 'goal_scored': False, 'goal_team': None, 'ball_out_by': None, 'has_ball': False, 'start_shot_bonus': False, 'start_pass_bonus': False, 'possession_lost': False}

[Step 182] Action=[ 0.04167905 -0.07188662  0.05612205  0.17127945  0.00026746 -0.01180219
 -0.2264185 ] | Reward=-0.055 | Cum=-2.024 | Info={'shot_attempted': False, 'pass_attempted': False, 'goal_scored': False, 'goal_team': None, 'ball_out_by': None, 'has_ball': False, 'start_shot_bonus': False, 'start_pass_bonus': False, 'possession_lost': False}

[Step 183] Action=[ 0.04171838 -0.07190599  0.05609058  0.17130677  0.00025614 -0.01183235
 -0.22647858] | Reward=-0.055 | Cum=-2.079 | Info={'shot_attempted': False, 'pass_attempted': False, 'goal_scored': False, 'goal_team': None, 'ball_out_by': None, 'has_ball': False, 'start_shot_bonus': False, 'start_pass_bonus': False, 'possession_lost': False}

[Step 184] Action=[ 0.0417577  -0.07192536  0.0560591   0.17133407  0.00024485 -0.01186251
 -0.2265387 ] | Reward=-0.055 | Cum=-2.134 | Info={'shot_attempted': False, 'pass_attempted': False, 'goal_scored': False, 'goal_team': None, 'ball_out_by': None, 'has_ball': False, 'start_shot_bonus': False, 'start_pass_bonus': False, 'possession_lost': False}

[Step 185] Action=[ 0.04179704 -0.07194472  0.05602764  0.17136137  0.00023353 -0.01189268
 -0.22659881] | Reward=-0.055 | Cum=-2.189 | Info={'shot_attempted': False, 'pass_attempted': False, 'goal_scored': False, 'goal_team': None, 'ball_out_by': None, 'has_ball': False, 'start_shot_bonus': False, 'start_pass_bonus': False, 'possession_lost': False}

[Step 186] Action=[ 4.1836422e-02 -7.1964078e-02  5.5996183e-02  1.7138869e-01
  2.2221729e-04 -1.1922854e-02 -2.2665885e-01] | Reward=-0.055 | Cum=-2.244 | Info={'shot_attempted': False, 'pass_attempted': False, 'goal_scored': False, 'goal_team': None, 'ball_out_by': 'att_1', 'has_ball': False, 'start_shot_bonus': False, 'start_pass_bonus': False, 'possession_lost': False}

