Debug log for att_3 (Episode 200)
================================================================================
[Step 1] Action=[ 0.16796386  0.09878374  0.          0.23932703  0.          0.27193567
 -0.11911657] | Reward=-0.002 | Cum=-0.002 | Info={'shot_attempted': False, 'pass_attempted': False, 'goal_scored': False, 'goal_team': None, 'ball_out_by': None, 'has_ball': False, 'start_shot_bonus': False, 'start_pass_bonus': False, 'possession_lost': False}

[Step 2] Action=[ 0.16799024  0.09889343  0.          0.23912816  0.          0.27182135
 -0.11905029] | Reward=-0.002 | Cum=-0.005 | Info={'shot_attempted': False, 'pass_attempted': False, 'goal_scored': False, 'goal_team': None, 'ball_out_by': None, 'has_ball': False, 'start_shot_bonus': False, 'start_pass_bonus': False, 'possession_lost': False}

[Step 3] Action=[ 0.16801776  0.09894266  0.          0.23914313  0.          0.27181527
 -0.11909739] | Reward=-0.002 | Cum=-0.007 | Info={'shot_attempted': False, 'pass_attempted': False, 'goal_scored': False, 'goal_team': None, 'ball_out_by': None, 'has_ball': False, 'start_shot_bonus': False, 'start_pass_bonus': False, 'possession_lost': False}

[Step 4] Action=[ 0.16804375  0.09899436  0.          0.2391587   0.          0.27181304
 -0.11914603] | Reward=-0.002 | Cum=-0.010 | Info={'shot_attempted': False, 'pass_attempted': False, 'goal_scored': False, 'goal_team': None, 'ball_out_by': None, 'has_ball': False, 'start_shot_bonus': False, 'start_pass_bonus': False, 'possession_lost': False}

[Step 5] Action=[ 0.16806972  0.09904603  0.          0.23917441  0.          0.2718107
 -0.11919466] | Reward=-0.002 | Cum=-0.012 | Info={'shot_attempted': False, 'pass_attempted': False, 'goal_scored': False, 'goal_team': None, 'ball_out_by': None, 'has_ball': False, 'start_shot_bonus': False, 'start_pass_bonus': False, 'possession_lost': False}

[Step 6] Action=[ 0.16809571  0.09909779  0.          0.23919003  0.          0.27180836
 -0.11924338] | Reward=-0.002 | Cum=-0.014 | Info={'shot_attempted': False, 'pass_attempted': False, 'goal_scored': False, 'goal_team': None, 'ball_out_by': None, 'has_ball': False, 'start_shot_bonus': False, 'start_pass_bonus': False, 'possession_lost': False}

[Step 7] Action=[ 0.1681217   0.09914945  0.          0.23920567  0.          0.2718061
 -0.11929206] | Reward=-0.002 | Cum=-0.016 | Info={'shot_attempted': False, 'pass_attempted': False, 'goal_scored': False, 'goal_team': None, 'ball_out_by': None, 'has_ball': False, 'start_shot_bonus': False, 'start_pass_bonus': False, 'possession_lost': False}

[Step 8] Action=[ 0.1681476   0.09920117  0.          0.23922127  0.          0.2718038
 -0.11934072] | Reward=-0.002 | Cum=-0.018 | Info={'shot_attempted': False, 'pass_attempted': False, 'goal_scored': False, 'goal_team': None, 'ball_out_by': None, 'has_ball': False, 'start_shot_bonus': False, 'start_pass_bonus': False, 'possession_lost': False}

[Step 9] Action=[ 0.16817363  0.09925289  0.          0.23923689  0.          0.2718015
 -0.11938941] | Reward=-0.002 | Cum=-0.019 | Info={'shot_attempted': False, 'pass_attempted': False, 'goal_scored': False, 'goal_team': None, 'ball_out_by': None, 'has_ball': False, 'start_shot_bonus': False, 'start_pass_bonus': False, 'possession_lost': False}

[Step 10] Action=[ 0.16819963  0.09930465  0.          0.23925254  0.          0.27179918
 -0.11943812] | Reward=-0.002 | Cum=-0.021 | Info={'shot_attempted': False, 'pass_attempted': False, 'goal_scored': False, 'goal_team': None, 'ball_out_by': None, 'has_ball': False, 'start_shot_bonus': False, 'start_pass_bonus': False, 'possession_lost': False}

[Step 11] Action=[ 0.1682256   0.09935636  0.          0.23926814  0.          0.2717969
 -0.11948679] | Reward=-0.001 | Cum=-0.022 | Info={'shot_attempted': False, 'pass_attempted': False, 'goal_scored': False, 'goal_team': None, 'ball_out_by': None, 'has_ball': False, 'start_shot_bonus': False, 'start_pass_bonus': False, 'possession_lost': False}

[Step 12] Action=[ 0.16825159  0.09940806  0.          0.23928384  0.          0.2717946
 -0.11953551] | Reward=-0.001 | Cum=-0.023 | Info={'shot_attempted': False, 'pass_attempted': False, 'goal_scored': False, 'goal_team': None, 'ball_out_by': None, 'has_ball': False, 'start_shot_bonus': False, 'start_pass_bonus': False, 'possession_lost': False}

[Step 13] Action=[ 0.16827762  0.09945976  0.          0.23929952  0.          0.2717923
 -0.11958423] | Reward=-0.001 | Cum=-0.024 | Info={'shot_attempted': False, 'pass_attempted': False, 'goal_scored': False, 'goal_team': None, 'ball_out_by': None, 'has_ball': False, 'start_shot_bonus': False, 'start_pass_bonus': False, 'possession_lost': False}

[Step 14] Action=[ 0.16830365  0.09951156  0.          0.23931514  0.          0.27179003
 -0.11963297] | Reward=-0.001 | Cum=-0.025 | Info={'shot_attempted': False, 'pass_attempted': False, 'goal_scored': False, 'goal_team': None, 'ball_out_by': None, 'has_ball': False, 'start_shot_bonus': False, 'start_pass_bonus': False, 'possession_lost': False}

[Step 15] Action=[ 0.16833286  0.09956222  0.          0.2393335   0.          0.27178472
 -0.119683  ] | Reward=-0.001 | Cum=-0.026 | Info={'shot_attempted': False, 'pass_attempted': False, 'goal_scored': False, 'goal_team': None, 'ball_out_by': None, 'has_ball': False, 'start_shot_bonus': False, 'start_pass_bonus': False, 'possession_lost': False}

[Step 16] Action=[ 0.16836238  0.09961285  0.          0.239352    0.          0.2717792
 -0.11973321] | Reward=-0.000 | Cum=-0.026 | Info={'shot_attempted': False, 'pass_attempted': False, 'goal_scored': False, 'goal_team': None, 'ball_out_by': None, 'has_ball': False, 'start_shot_bonus': False, 'start_pass_bonus': False, 'possession_lost': False}

[Step 17] Action=[ 0.16839193  0.09966352  0.          0.23937057  0.          0.27177367
 -0.11978332] | Reward=+0.000 | Cum=-0.026 | Info={'shot_attempted': False, 'pass_attempted': False, 'goal_scored': False, 'goal_team': None, 'ball_out_by': None, 'has_ball': False, 'start_shot_bonus': False, 'start_pass_bonus': False, 'possession_lost': False}

[Step 18] Action=[ 0.16842143  0.0997147   0.          0.2393901   0.          0.27176875
 -0.11983496] | Reward=+0.000 | Cum=-0.026 | Info={'shot_attempted': False, 'pass_attempted': False, 'goal_scored': False, 'goal_team': None, 'ball_out_by': None, 'has_ball': False, 'start_shot_bonus': False, 'start_pass_bonus': False, 'possession_lost': False}

[Step 19] Action=[ 0.1684509   0.09976625  0.          0.23941047  0.          0.27176437
 -0.11988764] | Reward=+0.000 | Cum=-0.026 | Info={'shot_attempted': False, 'pass_attempted': False, 'goal_scored': False, 'goal_team': None, 'ball_out_by': None, 'has_ball': False, 'start_shot_bonus': False, 'start_pass_bonus': False, 'possession_lost': False}

[Step 20] Action=[ 0.16848041  0.09981789  0.          0.23943081  0.          0.27175993
 -0.11994036] | Reward=+0.000 | Cum=-0.025 | Info={'shot_attempted': False, 'pass_attempted': False, 'goal_scored': False, 'goal_team': None, 'ball_out_by': None, 'has_ball': False, 'start_shot_bonus': False, 'start_pass_bonus': False, 'possession_lost': False}

[Step 21] Action=[ 0.16850984  0.09986944  0.          0.23945116  0.          0.27175555
 -0.11999305] | Reward=+0.001 | Cum=-0.025 | Info={'shot_attempted': False, 'pass_attempted': False, 'goal_scored': False, 'goal_team': None, 'ball_out_by': None, 'has_ball': False, 'start_shot_bonus': False, 'start_pass_bonus': False, 'possession_lost': False}

[Step 22] Action=[ 0.16853927  0.09992106  0.          0.23947151  0.          0.27175114
 -0.1200458 ] | Reward=+0.001 | Cum=-0.024 | Info={'shot_attempted': False, 'pass_attempted': False, 'goal_scored': False, 'goal_team': None, 'ball_out_by': None, 'has_ball': False, 'start_shot_bonus': False, 'start_pass_bonus': False, 'possession_lost': False}

[Step 23] Action=[ 0.16856873  0.09997264  0.          0.23949185  0.          0.2717467
 -0.12009849] | Reward=+0.001 | Cum=-0.023 | Info={'shot_attempted': False, 'pass_attempted': False, 'goal_scored': False, 'goal_team': None, 'ball_out_by': None, 'has_ball': False, 'start_shot_bonus': False, 'start_pass_bonus': False, 'possession_lost': False}

[Step 24] Action=[ 0.1685982   0.10002425  0.          0.23951222  0.          0.27174228
 -0.12015119] | Reward=+0.001 | Cum=-0.022 | Info={'shot_attempted': False, 'pass_attempted': False, 'goal_scored': False, 'goal_team': None, 'ball_out_by': None, 'has_ball': False, 'start_shot_bonus': False, 'start_pass_bonus': False, 'possession_lost': False}

[Step 25] Action=[ 0.16862768  0.10007582  0.          0.2395325   0.          0.2717379
 -0.12020394] | Reward=+0.001 | Cum=-0.022 | Info={'shot_attempted': False, 'pass_attempted': False, 'goal_scored': False, 'goal_team': None, 'ball_out_by': None, 'has_ball': False, 'start_shot_bonus': False, 'start_pass_bonus': False, 'possession_lost': False}

[Step 26] Action=[ 0.16865724  0.10012741  0.          0.23955293  0.          0.27173346
 -0.12025671] | Reward=+0.002 | Cum=-0.020 | Info={'shot_attempted': False, 'pass_attempted': False, 'goal_scored': False, 'goal_team': None, 'ball_out_by': None, 'has_ball': False, 'start_shot_bonus': False, 'start_pass_bonus': False, 'possession_lost': False}

[Step 27] Action=[ 0.16868667  0.10017905  0.          0.23957327  0.          0.27172905
 -0.12030947] | Reward=+0.002 | Cum=-0.018 | Info={'shot_attempted': False, 'pass_attempted': False, 'goal_scored': False, 'goal_team': None, 'ball_out_by': None, 'has_ball': False, 'start_shot_bonus': False, 'start_pass_bonus': False, 'possession_lost': False}

[Step 28] Action=[ 0.16871622  0.10023063  0.          0.23959361  0.          0.2717246
 -0.12036222] | Reward=+0.002 | Cum=-0.016 | Info={'shot_attempted': False, 'pass_attempted': False, 'goal_scored': False, 'goal_team': None, 'ball_out_by': None, 'has_ball': False, 'start_shot_bonus': False, 'start_pass_bonus': False, 'possession_lost': False}

[Step 29] Action=[ 0.1687457   0.1002822   0.          0.23961405  0.          0.27172017
 -0.120415  ] | Reward=+0.002 | Cum=-0.014 | Info={'shot_attempted': False, 'pass_attempted': False, 'goal_scored': False, 'goal_team': None, 'ball_out_by': None, 'has_ball': False, 'start_shot_bonus': False, 'start_pass_bonus': False, 'possession_lost': False}

[Step 30] Action=[ 0.1687752   0.10033385  0.          0.23963434  0.          0.27171573
 -0.12046778] | Reward=+0.002 | Cum=-0.013 | Info={'shot_attempted': False, 'pass_attempted': False, 'goal_scored': False, 'goal_team': None, 'ball_out_by': None, 'has_ball': False, 'start_shot_bonus': False, 'start_pass_bonus': False, 'possession_lost': False}

[Step 31] Action=[ 0.16880469  0.10038543  0.          0.23965473  0.          0.27171138
 -0.12052051] | Reward=+0.003 | Cum=-0.010 | Info={'shot_attempted': False, 'pass_attempted': False, 'goal_scored': False, 'goal_team': None, 'ball_out_by': None, 'has_ball': False, 'start_shot_bonus': False, 'start_pass_bonus': False, 'possession_lost': False}

[Step 32] Action=[ 0.16883416  0.10043707  0.          0.23967509  0.          0.27170697
 -0.12057336] | Reward=+0.003 | Cum=-0.008 | Info={'shot_attempted': False, 'pass_attempted': False, 'goal_scored': False, 'goal_team': None, 'ball_out_by': None, 'has_ball': False, 'start_shot_bonus': False, 'start_pass_bonus': False, 'possession_lost': False}

[Step 33] Action=[ 0.1688637   0.10048866  0.          0.23969543  0.          0.27170256
 -0.12062614] | Reward=+0.003 | Cum=-0.005 | Info={'shot_attempted': False, 'pass_attempted': False, 'goal_scored': False, 'goal_team': None, 'ball_out_by': None, 'has_ball': False, 'start_shot_bonus': False, 'start_pass_bonus': False, 'possession_lost': False}

[Step 34] Action=[ 0.16889326  0.10054025  0.          0.23971583  0.          0.2716981
 -0.12067895] | Reward=+0.003 | Cum=-0.002 | Info={'shot_attempted': False, 'pass_attempted': False, 'goal_scored': False, 'goal_team': None, 'ball_out_by': None, 'has_ball': False, 'start_shot_bonus': False, 'start_pass_bonus': False, 'possession_lost': False}

[Step 35] Action=[ 0.16892278  0.10059188  0.          0.23973624  0.          0.2716937
 -0.12073182] | Reward=+0.003 | Cum=+0.000 | Info={'shot_attempted': False, 'pass_attempted': False, 'goal_scored': False, 'goal_team': None, 'ball_out_by': None, 'has_ball': False, 'start_shot_bonus': False, 'start_pass_bonus': False, 'possession_lost': False}

[Step 36] Action=[ 0.16895224  0.10064346  0.          0.23975664  0.          0.27168927
 -0.12078458] | Reward=+0.003 | Cum=+0.003 | Info={'shot_attempted': False, 'pass_attempted': False, 'goal_scored': False, 'goal_team': None, 'ball_out_by': None, 'has_ball': False, 'start_shot_bonus': False, 'start_pass_bonus': False, 'possession_lost': False}

[Step 37] Action=[ 0.16898173  0.10069507  0.          0.23977695  0.          0.27168483
 -0.12083747] | Reward=+0.004 | Cum=+0.007 | Info={'shot_attempted': False, 'pass_attempted': False, 'goal_scored': False, 'goal_team': None, 'ball_out_by': None, 'has_ball': False, 'start_shot_bonus': False, 'start_pass_bonus': False, 'possession_lost': False}

[Step 38] Action=[ 0.16901131  0.10074669  0.          0.23979737  0.          0.27168044
 -0.12089027] | Reward=+0.004 | Cum=+0.010 | Info={'shot_attempted': False, 'pass_attempted': False, 'goal_scored': False, 'goal_team': None, 'ball_out_by': None, 'has_ball': False, 'start_shot_bonus': False, 'start_pass_bonus': False, 'possession_lost': False}

[Step 39] Action=[ 0.16904084  0.10079832  0.          0.23981768  0.          0.27167603
 -0.12094311] | Reward=+0.004 | Cum=+0.014 | Info={'shot_attempted': False, 'pass_attempted': False, 'goal_scored': False, 'goal_team': None, 'ball_out_by': None, 'has_ball': False, 'start_shot_bonus': False, 'start_pass_bonus': False, 'possession_lost': False}

[Step 40] Action=[ 0.16907041  0.10084994  0.          0.23983806  0.          0.2716716
 -0.12099599] | Reward=+0.004 | Cum=+0.017 | Info={'shot_attempted': False, 'pass_attempted': False, 'goal_scored': False, 'goal_team': None, 'ball_out_by': None, 'has_ball': False, 'start_shot_bonus': False, 'start_pass_bonus': False, 'possession_lost': False}

[Step 41] Action=[ 0.16909997  0.10090158  0.          0.23985852  0.          0.27166718
 -0.12104884] | Reward=+0.004 | Cum=+0.021 | Info={'shot_attempted': False, 'pass_attempted': False, 'goal_scored': False, 'goal_team': None, 'ball_out_by': None, 'has_ball': False, 'start_shot_bonus': False, 'start_pass_bonus': False, 'possession_lost': False}

[Step 42] Action=[ 0.16912945  0.10095316  0.          0.23987888  0.          0.2716627
 -0.12110175] | Reward=+0.005 | Cum=+0.025 | Info={'shot_attempted': False, 'pass_attempted': False, 'goal_scored': False, 'goal_team': None, 'ball_out_by': None, 'has_ball': False, 'start_shot_bonus': False, 'start_pass_bonus': False, 'possession_lost': False}

[Step 43] Action=[ 0.16915904  0.10100473  0.          0.23989931  0.          0.27165833
 -0.12115465] | Reward=+0.005 | Cum=+0.030 | Info={'shot_attempted': False, 'pass_attempted': False, 'goal_scored': False, 'goal_team': None, 'ball_out_by': None, 'has_ball': False, 'start_shot_bonus': False, 'start_pass_bonus': False, 'possession_lost': False}

[Step 44] Action=[ 0.16918857  0.1010564   0.          0.2399196   0.          0.2716539
 -0.12120754] | Reward=+0.005 | Cum=+0.035 | Info={'shot_attempted': False, 'pass_attempted': False, 'goal_scored': False, 'goal_team': None, 'ball_out_by': None, 'has_ball': False, 'start_shot_bonus': False, 'start_pass_bonus': False, 'possession_lost': False}

[Step 45] Action=[ 0.16921808  0.10110807  0.          0.23994006  0.          0.27164948
 -0.12126043] | Reward=+0.005 | Cum=+0.039 | Info={'shot_attempted': False, 'pass_attempted': False, 'goal_scored': False, 'goal_team': None, 'ball_out_by': None, 'has_ball': False, 'start_shot_bonus': False, 'start_pass_bonus': False, 'possession_lost': False}

[Step 46] Action=[ 0.16924767  0.10115971  0.          0.23996048  0.          0.27164507
 -0.12131331] | Reward=+0.005 | Cum=+0.044 | Info={'shot_attempted': False, 'pass_attempted': False, 'goal_scored': False, 'goal_team': None, 'ball_out_by': None, 'has_ball': False, 'start_shot_bonus': False, 'start_pass_bonus': False, 'possession_lost': False}

[Step 47] Action=[ 0.16927724  0.10121129  0.          0.23998086  0.          0.27164063
 -0.12136623] | Reward=+0.005 | Cum=+0.049 | Info={'shot_attempted': False, 'pass_attempted': False, 'goal_scored': False, 'goal_team': None, 'ball_out_by': None, 'has_ball': False, 'start_shot_bonus': False, 'start_pass_bonus': False, 'possession_lost': False}

[Step 48] Action=[ 0.16930689  0.10126294  0.          0.24000126  0.          0.2716362
 -0.12141918] | Reward=+0.005 | Cum=+0.055 | Info={'shot_attempted': False, 'pass_attempted': False, 'goal_scored': False, 'goal_team': None, 'ball_out_by': None, 'has_ball': False, 'start_shot_bonus': False, 'start_pass_bonus': False, 'possession_lost': False}

[Step 49] Action=[ 0.1693364   0.10131456  0.          0.24002165  0.          0.27163178
 -0.12147214] | Reward=+0.005 | Cum=+0.060 | Info={'shot_attempted': False, 'pass_attempted': False, 'goal_scored': False, 'goal_team': None, 'ball_out_by': None, 'has_ball': False, 'start_shot_bonus': False, 'start_pass_bonus': False, 'possession_lost': False}

[Step 50] Action=[ 0.16936593  0.10136618  0.          0.24004209  0.          0.2716273
 -0.12152503] | Reward=+0.005 | Cum=+0.065 | Info={'shot_attempted': False, 'pass_attempted': False, 'goal_scored': False, 'goal_team': None, 'ball_out_by': None, 'has_ball': False, 'start_shot_bonus': False, 'start_pass_bonus': False, 'possession_lost': False}

[Step 51] Action=[ 0.16939552  0.10141784  0.          0.24006243  0.          0.2716229
 -0.121578  ] | Reward=+0.006 | Cum=+0.071 | Info={'shot_attempted': False, 'pass_attempted': False, 'goal_scored': False, 'goal_team': None, 'ball_out_by': None, 'has_ball': False, 'start_shot_bonus': False, 'start_pass_bonus': False, 'possession_lost': False}

[Step 52] Action=[ 0.16942513  0.10146947  0.          0.2400829   0.          0.27161852
 -0.12163098] | Reward=+0.006 | Cum=+0.077 | Info={'shot_attempted': False, 'pass_attempted': False, 'goal_scored': False, 'goal_team': None, 'ball_out_by': None, 'has_ball': False, 'start_shot_bonus': False, 'start_pass_bonus': False, 'possession_lost': False}

[Step 53] Action=[ 0.16945474  0.10152112  0.          0.24010326  0.          0.27161413
 -0.12168389] | Reward=+0.006 | Cum=+0.084 | Info={'shot_attempted': False, 'pass_attempted': False, 'goal_scored': False, 'goal_team': None, 'ball_out_by': None, 'has_ball': False, 'start_shot_bonus': False, 'start_pass_bonus': False, 'possession_lost': False}

[Step 54] Action=[ 0.16948432  0.10157272  0.          0.2401237   0.          0.27160966
 -0.12173688] | Reward=+0.006 | Cum=+0.090 | Info={'shot_attempted': False, 'pass_attempted': False, 'goal_scored': False, 'goal_team': None, 'ball_out_by': None, 'has_ball': False, 'start_shot_bonus': False, 'start_pass_bonus': False, 'possession_lost': False}

[Step 55] Action=[ 0.16951393  0.1016244   0.          0.24014415  0.          0.27160525
 -0.12178989] | Reward=+0.006 | Cum=+0.097 | Info={'shot_attempted': False, 'pass_attempted': False, 'goal_scored': False, 'goal_team': None, 'ball_out_by': None, 'has_ball': False, 'start_shot_bonus': False, 'start_pass_bonus': False, 'possession_lost': False}

[Step 56] Action=[ 0.16954349  0.10167604  0.          0.24016453  0.          0.27160084
 -0.12184288] | Reward=+0.006 | Cum=+0.103 | Info={'shot_attempted': False, 'pass_attempted': False, 'goal_scored': False, 'goal_team': None, 'ball_out_by': None, 'has_ball': False, 'start_shot_bonus': False, 'start_pass_bonus': False, 'possession_lost': False}

[Step 57] Action=[ 0.1695731   0.10172764  0.          0.24018498  0.          0.27159637
 -0.12189587] | Reward=+0.007 | Cum=+0.111 | Info={'shot_attempted': False, 'pass_attempted': False, 'goal_scored': False, 'goal_team': None, 'ball_out_by': None, 'has_ball': False, 'start_shot_bonus': False, 'start_pass_bonus': False, 'possession_lost': False}

[Step 58] Action=[ 0.16960272  0.10177934  0.          0.24020538  0.          0.27159196
 -0.12194885] | Reward=+0.007 | Cum=+0.118 | Info={'shot_attempted': False, 'pass_attempted': False, 'goal_scored': False, 'goal_team': None, 'ball_out_by': None, 'has_ball': False, 'start_shot_bonus': False, 'start_pass_bonus': False, 'possession_lost': False}

[Step 59] Action=[ 0.16963229  0.10183096  0.          0.24022582  0.          0.27158752
 -0.12200189] | Reward=+0.008 | Cum=+0.125 | Info={'shot_attempted': False, 'pass_attempted': False, 'goal_scored': False, 'goal_team': None, 'ball_out_by': None, 'has_ball': False, 'start_shot_bonus': False, 'start_pass_bonus': False, 'possession_lost': False}

[Step 60] Action=[ 0.16966197  0.10188263  0.          0.24024618  0.          0.2715831
 -0.12205491] | Reward=+0.008 | Cum=+0.133 | Info={'shot_attempted': False, 'pass_attempted': False, 'goal_scored': False, 'goal_team': None, 'ball_out_by': None, 'has_ball': False, 'start_shot_bonus': False, 'start_pass_bonus': False, 'possession_lost': False}

[Step 61] Action=[ 0.16969146  0.10193424  0.          0.2402667   0.          0.2715787
 -0.1221079 ] | Reward=+0.008 | Cum=+0.140 | Info={'shot_attempted': False, 'pass_attempted': False, 'goal_scored': False, 'goal_team': None, 'ball_out_by': None, 'has_ball': False, 'start_shot_bonus': False, 'start_pass_bonus': False, 'possession_lost': False}

[Step 62] Action=[ 0.1697212   0.10198592  0.          0.24028707  0.          0.2715743
 -0.12216098] | Reward=+0.008 | Cum=+0.149 | Info={'shot_attempted': False, 'pass_attempted': False, 'goal_scored': False, 'goal_team': None, 'ball_out_by': None, 'has_ball': False, 'start_shot_bonus': False, 'start_pass_bonus': False, 'possession_lost': False}

[Step 63] Action=[ 0.16975078  0.10203762  0.          0.24030751  0.          0.2715698
 -0.12221403] | Reward=+0.008 | Cum=+0.157 | Info={'shot_attempted': False, 'pass_attempted': False, 'goal_scored': False, 'goal_team': None, 'ball_out_by': None, 'has_ball': False, 'start_shot_bonus': False, 'start_pass_bonus': False, 'possession_lost': False}

[Step 64] Action=[ 0.16978045  0.10208927  0.          0.24032792  0.          0.2715654
 -0.12226712] | Reward=+0.008 | Cum=+0.166 | Info={'shot_attempted': False, 'pass_attempted': False, 'goal_scored': False, 'goal_team': None, 'ball_out_by': None, 'has_ball': False, 'start_shot_bonus': False, 'start_pass_bonus': False, 'possession_lost': False}

[Step 65] Action=[ 0.16981009  0.1021409   0.          0.24034837  0.          0.27156103
 -0.12232012] | Reward=+0.008 | Cum=+0.174 | Info={'shot_attempted': False, 'pass_attempted': False, 'goal_scored': False, 'goal_team': None, 'ball_out_by': None, 'has_ball': False, 'start_shot_bonus': False, 'start_pass_bonus': False, 'possession_lost': False}

[Step 66] Action=[ 0.16983962  0.10219251  0.          0.24036878  0.          0.2715566
 -0.12237322] | Reward=+0.008 | Cum=+0.183 | Info={'shot_attempted': False, 'pass_attempted': False, 'goal_scored': False, 'goal_team': None, 'ball_out_by': None, 'has_ball': False, 'start_shot_bonus': False, 'start_pass_bonus': False, 'possession_lost': False}

[Step 67] Action=[ 0.16986929  0.10224417  0.          0.24038921  0.          0.27155215
 -0.12242631] | Reward=+0.009 | Cum=+0.191 | Info={'shot_attempted': False, 'pass_attempted': False, 'goal_scored': False, 'goal_team': None, 'ball_out_by': None, 'has_ball': False, 'start_shot_bonus': False, 'start_pass_bonus': False, 'possession_lost': False}

[Step 68] Action=[ 0.16989891  0.1022959   0.          0.24040972  0.          0.27154773
 -0.12247939] | Reward=+0.009 | Cum=+0.201 | Info={'shot_attempted': False, 'pass_attempted': False, 'goal_scored': False, 'goal_team': None, 'ball_out_by': None, 'has_ball': False, 'start_shot_bonus': False, 'start_pass_bonus': False, 'possession_lost': False}

[Step 69] Action=[ 0.1699286   0.10234748  0.          0.2404301   0.          0.27154332
 -0.12253247] | Reward=+0.009 | Cum=+0.210 | Info={'shot_attempted': False, 'pass_attempted': False, 'goal_scored': False, 'goal_team': None, 'ball_out_by': None, 'has_ball': False, 'start_shot_bonus': False, 'start_pass_bonus': False, 'possession_lost': False}

[Step 70] Action=[ 0.16995835  0.10239973  0.          0.24044712  0.          0.2715399
 -0.12258659] | Reward=+0.009 | Cum=+0.220 | Info={'shot_attempted': False, 'pass_attempted': False, 'goal_scored': False, 'goal_team': None, 'ball_out_by': None, 'has_ball': False, 'start_shot_bonus': False, 'start_pass_bonus': False, 'possession_lost': False}

[Step 71] Action=[ 0.16998829  0.1024522   0.          0.24046302  0.          0.27153674
 -0.12264095] | Reward=+0.009 | Cum=+0.229 | Info={'shot_attempted': False, 'pass_attempted': False, 'goal_scored': False, 'goal_team': None, 'ball_out_by': None, 'has_ball': False, 'start_shot_bonus': False, 'start_pass_bonus': False, 'possession_lost': False}

[Step 72] Action=[ 0.17001823  0.1025046   0.          0.24047893  0.          0.27153352
 -0.12269531] | Reward=+0.009 | Cum=+0.239 | Info={'shot_attempted': False, 'pass_attempted': False, 'goal_scored': False, 'goal_team': None, 'ball_out_by': None, 'has_ball': False, 'start_shot_bonus': False, 'start_pass_bonus': False, 'possession_lost': False}

[Step 73] Action=[ 0.17004803  0.102557    0.          0.24049488  0.          0.27153045
 -0.12274967] | Reward=+0.010 | Cum=+0.249 | Info={'shot_attempted': False, 'pass_attempted': False, 'goal_scored': False, 'goal_team': None, 'ball_out_by': None, 'has_ball': False, 'start_shot_bonus': False, 'start_pass_bonus': False, 'possession_lost': False}

[Step 74] Action=[ 0.17007788  0.10260946  0.          0.24051078  0.          0.27152726
 -0.1228041 ] | Reward=+0.010 | Cum=+0.259 | Info={'shot_attempted': False, 'pass_attempted': False, 'goal_scored': False, 'goal_team': None, 'ball_out_by': None, 'has_ball': False, 'start_shot_bonus': False, 'start_pass_bonus': False, 'possession_lost': False}

[Step 75] Action=[ 0.17010784  0.10266186  0.          0.24052675  0.          0.27152413
 -0.12285849] | Reward=+0.010 | Cum=+0.270 | Info={'shot_attempted': False, 'pass_attempted': False, 'goal_scored': False, 'goal_team': None, 'ball_out_by': None, 'has_ball': False, 'start_shot_bonus': False, 'start_pass_bonus': False, 'possession_lost': False}

[Step 76] Action=[ 0.17013769  0.10271428  0.          0.24054267  0.          0.27152103
 -0.12291294] | Reward=+0.011 | Cum=+0.280 | Info={'shot_attempted': False, 'pass_attempted': False, 'goal_scored': False, 'goal_team': None, 'ball_out_by': None, 'has_ball': False, 'start_shot_bonus': False, 'start_pass_bonus': False, 'possession_lost': False}

[Step 77] Action=[ 0.17016765  0.10276672  0.          0.24055856  0.          0.2715178
 -0.12296735] | Reward=+0.011 | Cum=+0.291 | Info={'shot_attempted': False, 'pass_attempted': False, 'goal_scored': False, 'goal_team': None, 'ball_out_by': None, 'has_ball': False, 'start_shot_bonus': False, 'start_pass_bonus': False, 'possession_lost': False}

[Step 78] Action=[ 0.1701975   0.10281911  0.          0.24057454  0.          0.2715147
 -0.12302174] | Reward=+0.012 | Cum=+0.303 | Info={'shot_attempted': False, 'pass_attempted': False, 'goal_scored': False, 'goal_team': None, 'ball_out_by': None, 'has_ball': False, 'start_shot_bonus': False, 'start_pass_bonus': False, 'possession_lost': False}

[Step 79] Action=[ 0.17022747  0.1028716   0.          0.24059047  0.          0.2715115
 -0.12307625] | Reward=+0.012 | Cum=+0.314 | Info={'shot_attempted': False, 'pass_attempted': False, 'goal_scored': False, 'goal_team': None, 'ball_out_by': None, 'has_ball': False, 'start_shot_bonus': False, 'start_pass_bonus': False, 'possession_lost': False}

[Step 80] Action=[ 0.17025737  0.10292399  0.          0.24060649  0.          0.27150837
 -0.12313066] | Reward=+0.012 | Cum=+0.326 | Info={'shot_attempted': False, 'pass_attempted': False, 'goal_scored': False, 'goal_team': None, 'ball_out_by': None, 'has_ball': False, 'start_shot_bonus': False, 'start_pass_bonus': False, 'possession_lost': False}

[Step 81] Action=[ 0.17028727  0.1029764   0.          0.24062233  0.          0.27150524
 -0.12318514] | Reward=+0.012 | Cum=+0.337 | Info={'shot_attempted': False, 'pass_attempted': False, 'goal_scored': False, 'goal_team': None, 'ball_out_by': None, 'has_ball': False, 'start_shot_bonus': False, 'start_pass_bonus': False, 'possession_lost': False}

[Step 82] Action=[ 0.17031722  0.10302886  0.          0.24063827  0.          0.27150205
 -0.12323959] | Reward=+0.012 | Cum=+0.349 | Info={'shot_attempted': False, 'pass_attempted': False, 'goal_scored': False, 'goal_team': None, 'ball_out_by': None, 'has_ball': False, 'start_shot_bonus': False, 'start_pass_bonus': False, 'possession_lost': False}

[Step 83] Action=[ 0.17034714  0.10308132  0.          0.24065427  0.          0.2714989
 -0.12329409] | Reward=+0.013 | Cum=+0.361 | Info={'shot_attempted': False, 'pass_attempted': False, 'goal_scored': False, 'goal_team': None, 'ball_out_by': None, 'has_ball': False, 'start_shot_bonus': False, 'start_pass_bonus': False, 'possession_lost': False}

[Step 84] Action=[ 0.17037702  0.10313371  0.          0.24067028  0.          0.27149576
 -0.12334856] | Reward=+0.013 | Cum=+0.374 | Info={'shot_attempted': False, 'pass_attempted': False, 'goal_scored': False, 'goal_team': None, 'ball_out_by': None, 'has_ball': False, 'start_shot_bonus': False, 'start_pass_bonus': False, 'possession_lost': False}

[Step 85] Action=[ 0.17040701  0.10318613  0.          0.24068618  0.          0.2714926
 -0.12340303] | Reward=+0.013 | Cum=+0.386 | Info={'shot_attempted': False, 'pass_attempted': False, 'goal_scored': False, 'goal_team': None, 'ball_out_by': None, 'has_ball': False, 'start_shot_bonus': False, 'start_pass_bonus': False, 'possession_lost': False}

[Step 86] Action=[ 0.1704369   0.1032386   0.          0.2407021   0.          0.27148947
 -0.12345755] | Reward=+0.013 | Cum=+0.399 | Info={'shot_attempted': False, 'pass_attempted': False, 'goal_scored': False, 'goal_team': None, 'ball_out_by': None, 'has_ball': False, 'start_shot_bonus': False, 'start_pass_bonus': False, 'possession_lost': False}

[Step 87] Action=[ 0.17046677  0.10329106  0.          0.24071804  0.          0.2714863
 -0.12351205] | Reward=+0.013 | Cum=+0.412 | Info={'shot_attempted': False, 'pass_attempted': False, 'goal_scored': False, 'goal_team': None, 'ball_out_by': None, 'has_ball': False, 'start_shot_bonus': False, 'start_pass_bonus': False, 'possession_lost': False}

[Step 88] Action=[ 0.17049679  0.10334345  0.          0.24073401  0.          0.27148312
 -0.12356655] | Reward=+0.014 | Cum=+0.425 | Info={'shot_attempted': False, 'pass_attempted': False, 'goal_scored': False, 'goal_team': None, 'ball_out_by': None, 'has_ball': False, 'start_shot_bonus': False, 'start_pass_bonus': False, 'possession_lost': False}

[Step 89] Action=[ 0.17052674  0.10339594  0.          0.24074996  0.          0.27148
 -0.12362108] | Reward=+0.014 | Cum=+0.439 | Info={'shot_attempted': False, 'pass_attempted': False, 'goal_scored': False, 'goal_team': None, 'ball_out_by': None, 'has_ball': False, 'start_shot_bonus': False, 'start_pass_bonus': False, 'possession_lost': False}

[Step 90] Action=[ 0.17055666  0.10344838  0.          0.24076593  0.          0.2714768
 -0.12367562] | Reward=+0.014 | Cum=+0.453 | Info={'shot_attempted': False, 'pass_attempted': False, 'goal_scored': False, 'goal_team': None, 'ball_out_by': None, 'has_ball': False, 'start_shot_bonus': False, 'start_pass_bonus': False, 'possession_lost': False}

[Step 91] Action=[ 0.17058665  0.10350078  0.          0.24078193  0.          0.27147365
 -0.12373013] | Reward=+0.014 | Cum=+0.466 | Info={'shot_attempted': False, 'pass_attempted': False, 'goal_scored': False, 'goal_team': None, 'ball_out_by': None, 'has_ball': False, 'start_shot_bonus': False, 'start_pass_bonus': False, 'possession_lost': False}

[Step 92] Action=[ 0.1706166   0.10355327  0.          0.24079783  0.          0.27147052
 -0.12378471] | Reward=+0.014 | Cum=+0.480 | Info={'shot_attempted': False, 'pass_attempted': False, 'goal_scored': False, 'goal_team': None, 'ball_out_by': None, 'has_ball': False, 'start_shot_bonus': False, 'start_pass_bonus': False, 'possession_lost': False}

[Step 93] Action=[ 0.17064655  0.10360572  0.          0.24081385  0.          0.27146736
 -0.12383921] | Reward=+0.015 | Cum=+0.495 | Info={'shot_attempted': False, 'pass_attempted': False, 'goal_scored': False, 'goal_team': None, 'ball_out_by': None, 'has_ball': False, 'start_shot_bonus': False, 'start_pass_bonus': False, 'possession_lost': False}

[Step 94] Action=[ 0.17067648  0.10365816  0.          0.24082978  0.          0.27146417
 -0.12389379] | Reward=+0.015 | Cum=+0.509 | Info={'shot_attempted': False, 'pass_attempted': False, 'goal_scored': False, 'goal_team': None, 'ball_out_by': None, 'has_ball': False, 'start_shot_bonus': False, 'start_pass_bonus': False, 'possession_lost': False}

[Step 95] Action=[ 0.17070647  0.10371064  0.          0.24084572  0.          0.271461
 -0.12394837] | Reward=+0.015 | Cum=+0.524 | Info={'shot_attempted': False, 'pass_attempted': False, 'goal_scored': False, 'goal_team': None, 'ball_out_by': None, 'has_ball': False, 'start_shot_bonus': False, 'start_pass_bonus': False, 'possession_lost': False}

[Step 96] Action=[ 0.17073646  0.10376304  0.          0.24086173  0.          0.27145788
 -0.12400295] | Reward=+0.015 | Cum=+0.539 | Info={'shot_attempted': False, 'pass_attempted': False, 'goal_scored': False, 'goal_team': None, 'ball_out_by': None, 'has_ball': False, 'start_shot_bonus': False, 'start_pass_bonus': False, 'possession_lost': False}

[Step 97] Action=[ 0.17076647  0.1038155   0.          0.24087773  0.          0.27145472
 -0.12405753] | Reward=+0.015 | Cum=+0.554 | Info={'shot_attempted': False, 'pass_attempted': False, 'goal_scored': False, 'goal_team': None, 'ball_out_by': None, 'has_ball': False, 'start_shot_bonus': False, 'start_pass_bonus': False, 'possession_lost': False}

[Step 98] Action=[ 0.17079636  0.10386796  0.          0.24089368  0.          0.27145162
 -0.12411209] | Reward=+0.015 | Cum=+0.568 | Info={'shot_attempted': False, 'pass_attempted': False, 'goal_scored': False, 'goal_team': None, 'ball_out_by': None, 'has_ball': False, 'start_shot_bonus': False, 'start_pass_bonus': False, 'possession_lost': False}

[Step 99] Action=[ 0.17082636  0.10392037  0.          0.2409097   0.          0.27144843
 -0.1241667 ] | Reward=+0.016 | Cum=+0.584 | Info={'shot_attempted': False, 'pass_attempted': False, 'goal_scored': False, 'goal_team': None, 'ball_out_by': None, 'has_ball': False, 'start_shot_bonus': False, 'start_pass_bonus': False, 'possession_lost': False}

[Step 100] Action=[ 0.17085642  0.10397287  0.          0.24092567  0.          0.2714452
 -0.1242213 ] | Reward=+0.016 | Cum=+0.600 | Info={'shot_attempted': False, 'pass_attempted': False, 'goal_scored': False, 'goal_team': None, 'ball_out_by': None, 'has_ball': False, 'start_shot_bonus': False, 'start_pass_bonus': False, 'possession_lost': False}

[Step 101] Action=[ 0.17088634  0.10402529  0.          0.24094164  0.          0.2714421
 -0.12427596] | Reward=+0.016 | Cum=+0.616 | Info={'shot_attempted': False, 'pass_attempted': False, 'goal_scored': False, 'goal_team': None, 'ball_out_by': None, 'has_ball': False, 'start_shot_bonus': False, 'start_pass_bonus': False, 'possession_lost': False}

[Step 102] Action=[ 0.17091632  0.10407779  0.          0.24095762  0.          0.27143893
 -0.12433054] | Reward=+0.016 | Cum=+0.632 | Info={'shot_attempted': False, 'pass_attempted': False, 'goal_scored': False, 'goal_team': None, 'ball_out_by': None, 'has_ball': False, 'start_shot_bonus': False, 'start_pass_bonus': False, 'possession_lost': False}

[Step 103] Action=[ 0.17094637  0.10413022  0.          0.24097362  0.          0.2714357
 -0.12438519] | Reward=+0.016 | Cum=+0.647 | Info={'shot_attempted': False, 'pass_attempted': False, 'goal_scored': False, 'goal_team': None, 'ball_out_by': None, 'has_ball': False, 'start_shot_bonus': False, 'start_pass_bonus': False, 'possession_lost': False}

[Step 104] Action=[ 0.17097637  0.10418271  0.          0.2409895   0.          0.2714326
 -0.12443985] | Reward=+0.017 | Cum=+0.664 | Info={'shot_attempted': False, 'pass_attempted': False, 'goal_scored': False, 'goal_team': None, 'ball_out_by': None, 'has_ball': False, 'start_shot_bonus': False, 'start_pass_bonus': False, 'possession_lost': False}

[Step 105] Action=[ 0.17100635  0.10423515  0.          0.2410056   0.          0.27142945
 -0.12449443] | Reward=+0.017 | Cum=+0.681 | Info={'shot_attempted': False, 'pass_attempted': False, 'goal_scored': False, 'goal_team': None, 'ball_out_by': None, 'has_ball': False, 'start_shot_bonus': False, 'start_pass_bonus': False, 'possession_lost': False}

[Step 106] Action=[ 0.17103636  0.10428759  0.          0.24102157  0.          0.27142632
 -0.12454908] | Reward=+0.017 | Cum=+0.698 | Info={'shot_attempted': False, 'pass_attempted': False, 'goal_scored': False, 'goal_team': None, 'ball_out_by': None, 'has_ball': False, 'start_shot_bonus': False, 'start_pass_bonus': False, 'possession_lost': False}

[Step 107] Action=[ 0.1710664   0.10434006  0.          0.24103753  0.          0.27142307
 -0.12460378] | Reward=+0.017 | Cum=+0.715 | Info={'shot_attempted': False, 'pass_attempted': False, 'goal_scored': False, 'goal_team': None, 'ball_out_by': None, 'has_ball': False, 'start_shot_bonus': False, 'start_pass_bonus': False, 'possession_lost': False}

[Step 108] Action=[ 0.17109638  0.10439255  0.          0.24105363  0.          0.27141997
 -0.12465844] | Reward=+0.017 | Cum=+0.732 | Info={'shot_attempted': False, 'pass_attempted': False, 'goal_scored': False, 'goal_team': None, 'ball_out_by': None, 'has_ball': False, 'start_shot_bonus': False, 'start_pass_bonus': False, 'possession_lost': False}

[Step 109] Action=[ 0.17112641  0.104445    0.          0.24106951  0.          0.2714168
 -0.12471309] | Reward=+0.018 | Cum=+0.750 | Info={'shot_attempted': False, 'pass_attempted': False, 'goal_scored': False, 'goal_team': None, 'ball_out_by': None, 'has_ball': False, 'start_shot_bonus': False, 'start_pass_bonus': False, 'possession_lost': False}

[Step 110] Action=[ 0.17115644  0.10449745  0.          0.24108557  0.          0.27141362
 -0.12476781] | Reward=+0.018 | Cum=+0.768 | Info={'shot_attempted': False, 'pass_attempted': False, 'goal_scored': False, 'goal_team': None, 'ball_out_by': None, 'has_ball': False, 'start_shot_bonus': False, 'start_pass_bonus': False, 'possession_lost': False}

[Step 111] Action=[ 0.17118646  0.10454993  0.          0.24110156  0.          0.27141044
 -0.12482244] | Reward=+0.018 | Cum=+0.786 | Info={'shot_attempted': False, 'pass_attempted': False, 'goal_scored': False, 'goal_team': None, 'ball_out_by': None, 'has_ball': False, 'start_shot_bonus': False, 'start_pass_bonus': False, 'possession_lost': False}

[Step 112] Action=[ 0.17121649  0.10460241  0.          0.24111757  0.          0.27140728
 -0.12487715] | Reward=+0.018 | Cum=+0.804 | Info={'shot_attempted': False, 'pass_attempted': False, 'goal_scored': False, 'goal_team': None, 'ball_out_by': None, 'has_ball': False, 'start_shot_bonus': False, 'start_pass_bonus': False, 'possession_lost': False}

[Step 113] Action=[ 0.17124651  0.10465491  0.          0.24113357  0.          0.2714041
 -0.12493186] | Reward=+0.018 | Cum=+0.821 | Info={'shot_attempted': False, 'pass_attempted': False, 'goal_scored': False, 'goal_team': None, 'ball_out_by': None, 'has_ball': False, 'start_shot_bonus': False, 'start_pass_bonus': False, 'possession_lost': False}

[Step 114] Action=[ 0.17127815  0.10471097  0.          0.24115352  0.          0.27140498
 -0.12498646] | Reward=+0.019 | Cum=+0.841 | Info={'shot_attempted': False, 'pass_attempted': False, 'goal_scored': False, 'goal_team': None, 'ball_out_by': None, 'has_ball': False, 'start_shot_bonus': False, 'start_pass_bonus': False, 'possession_lost': False}

[Step 115] Action=[ 0.17131057  0.10476887  0.          0.24117559  0.          0.27140808
 -0.12504096] | Reward=+0.019 | Cum=+0.860 | Info={'shot_attempted': False, 'pass_attempted': False, 'goal_scored': False, 'goal_team': None, 'ball_out_by': None, 'has_ball': False, 'start_shot_bonus': False, 'start_pass_bonus': False, 'possession_lost': False}

[Step 116] Action=[ 0.17134295  0.10482681  0.          0.24119768  0.          0.27141112
 -0.1250955 ] | Reward=+0.019 | Cum=+0.879 | Info={'shot_attempted': False, 'pass_attempted': False, 'goal_scored': False, 'goal_team': None, 'ball_out_by': None, 'has_ball': False, 'start_shot_bonus': False, 'start_pass_bonus': False, 'possession_lost': False}

[Step 117] Action=[ 0.17137536  0.10488476  0.          0.24121982  0.          0.27141422
 -0.12515004] | Reward=+0.019 | Cum=+0.898 | Info={'shot_attempted': False, 'pass_attempted': False, 'goal_scored': False, 'goal_team': None, 'ball_out_by': None, 'has_ball': False, 'start_shot_bonus': False, 'start_pass_bonus': False, 'possession_lost': False}

[Step 118] Action=[ 0.17140777  0.10494267  0.          0.24124186  0.          0.2714173
 -0.12520452] | Reward=+0.019 | Cum=+0.917 | Info={'shot_attempted': False, 'pass_attempted': False, 'goal_scored': False, 'goal_team': None, 'ball_out_by': None, 'has_ball': False, 'start_shot_bonus': False, 'start_pass_bonus': False, 'possession_lost': False}

[Step 119] Action=[ 0.17144023  0.10500066  0.          0.24126403  0.          0.27142033
 -0.12525913] | Reward=+0.020 | Cum=+0.937 | Info={'shot_attempted': False, 'pass_attempted': False, 'goal_scored': False, 'goal_team': None, 'ball_out_by': None, 'has_ball': False, 'start_shot_bonus': False, 'start_pass_bonus': False, 'possession_lost': False}

[Step 120] Action=[ 0.17147265  0.10505863  0.          0.24128608  0.          0.2714234
 -0.12531364] | Reward=+0.020 | Cum=+0.957 | Info={'shot_attempted': False, 'pass_attempted': False, 'goal_scored': False, 'goal_team': None, 'ball_out_by': None, 'has_ball': False, 'start_shot_bonus': False, 'start_pass_bonus': False, 'possession_lost': False}

[Step 121] Action=[ 0.17150508  0.10511654  0.          0.24130818  0.          0.27142647
 -0.12536824] | Reward=+0.020 | Cum=+0.977 | Info={'shot_attempted': False, 'pass_attempted': False, 'goal_scored': False, 'goal_team': None, 'ball_out_by': None, 'has_ball': False, 'start_shot_bonus': False, 'start_pass_bonus': False, 'possession_lost': False}

[Step 122] Action=[ 0.17153747  0.10517448  0.          0.24133027  0.          0.27142954
 -0.12542282] | Reward=+0.020 | Cum=+0.997 | Info={'shot_attempted': False, 'pass_attempted': False, 'goal_scored': False, 'goal_team': None, 'ball_out_by': None, 'has_ball': False, 'start_shot_bonus': False, 'start_pass_bonus': False, 'possession_lost': False}

[Step 123] Action=[ 0.17157     0.10523245  0.          0.24135238  0.          0.27143264
 -0.12547739] | Reward=+0.020 | Cum=+1.017 | Info={'shot_attempted': False, 'pass_attempted': False, 'goal_scored': False, 'goal_team': None, 'ball_out_by': None, 'has_ball': False, 'start_shot_bonus': False, 'start_pass_bonus': False, 'possession_lost': False}

[Step 124] Action=[ 0.17160237  0.1052904   0.          0.24137451  0.          0.27143568
 -0.12553197] | Reward=+0.020 | Cum=+1.037 | Info={'shot_attempted': False, 'pass_attempted': False, 'goal_scored': False, 'goal_team': None, 'ball_out_by': None, 'has_ball': False, 'start_shot_bonus': False, 'start_pass_bonus': False, 'possession_lost': False}

[Step 125] Action=[ 0.17163563  0.10534839  0.          0.24139968  0.          0.27143967
 -0.12558652] | Reward=+0.021 | Cum=+1.058 | Info={'shot_attempted': False, 'pass_attempted': False, 'goal_scored': False, 'goal_team': None, 'ball_out_by': None, 'has_ball': False, 'start_shot_bonus': False, 'start_pass_bonus': False, 'possession_lost': False}

[Step 126] Action=[ 0.17166895  0.10540637  0.          0.2414256   0.          0.27144396
 -0.12564115] | Reward=+0.021 | Cum=+1.079 | Info={'shot_attempted': False, 'pass_attempted': False, 'goal_scored': False, 'goal_team': None, 'ball_out_by': None, 'has_ball': False, 'start_shot_bonus': False, 'start_pass_bonus': False, 'possession_lost': False}

[Step 127] Action=[ 0.17170233  0.10546429  0.          0.24145159  0.          0.27144814
 -0.12569577] | Reward=+0.021 | Cum=+1.100 | Info={'shot_attempted': False, 'pass_attempted': False, 'goal_scored': False, 'goal_team': None, 'ball_out_by': None, 'has_ball': False, 'start_shot_bonus': False, 'start_pass_bonus': False, 'possession_lost': False}

[Step 128] Action=[ 0.17173572  0.10552227  0.          0.2414775   0.          0.2714524
 -0.12575038] | Reward=+0.021 | Cum=+1.121 | Info={'shot_attempted': False, 'pass_attempted': False, 'goal_scored': False, 'goal_team': None, 'ball_out_by': None, 'has_ball': False, 'start_shot_bonus': False, 'start_pass_bonus': False, 'possession_lost': False}

[Step 129] Action=[ 0.17176911  0.10558027  0.          0.24150352  0.          0.27145663
 -0.12580502] | Reward=+0.021 | Cum=+1.142 | Info={'shot_attempted': False, 'pass_attempted': False, 'goal_scored': False, 'goal_team': None, 'ball_out_by': None, 'has_ball': False, 'start_shot_bonus': False, 'start_pass_bonus': False, 'possession_lost': False}

[Step 130] Action=[ 0.17180255  0.1056383   0.          0.24152951  0.          0.27146083
 -0.12585966] | Reward=+0.022 | Cum=+1.164 | Info={'shot_attempted': False, 'pass_attempted': False, 'goal_scored': False, 'goal_team': None, 'ball_out_by': None, 'has_ball': False, 'start_shot_bonus': False, 'start_pass_bonus': False, 'possession_lost': False}

[Step 131] Action=[ 0.17183588  0.10569625  0.          0.24155551  0.          0.27146503
 -0.1259143 ] | Reward=+0.022 | Cum=+1.187 | Info={'shot_attempted': False, 'pass_attempted': False, 'goal_scored': False, 'goal_team': None, 'ball_out_by': None, 'has_ball': False, 'start_shot_bonus': False, 'start_pass_bonus': False, 'possession_lost': False}

[Step 132] Action=[ 0.17186931  0.10575426  0.          0.24158145  0.          0.2714693
 -0.12596898] | Reward=+0.022 | Cum=+1.209 | Info={'shot_attempted': False, 'pass_attempted': False, 'goal_scored': False, 'goal_team': None, 'ball_out_by': None, 'has_ball': False, 'start_shot_bonus': False, 'start_pass_bonus': False, 'possession_lost': False}

[Step 133] Action=[ 0.17190276  0.10581225  0.          0.24160741  0.          0.27147353
 -0.12602362] | Reward=+0.022 | Cum=+1.231 | Info={'shot_attempted': False, 'pass_attempted': False, 'goal_scored': False, 'goal_team': None, 'ball_out_by': None, 'has_ball': False, 'start_shot_bonus': False, 'start_pass_bonus': False, 'possession_lost': False}

[Step 134] Action=[ 0.17193614  0.10587022  0.          0.24163342  0.          0.27147776
 -0.12607828] | Reward=+0.022 | Cum=+1.253 | Info={'shot_attempted': False, 'pass_attempted': False, 'goal_scored': False, 'goal_team': None, 'ball_out_by': None, 'has_ball': False, 'start_shot_bonus': False, 'start_pass_bonus': False, 'possession_lost': False}

[Step 135] Action=[ 0.1719696   0.10592824  0.          0.2416594   0.          0.27148196
 -0.12613301] | Reward=+0.023 | Cum=+1.276 | Info={'shot_attempted': False, 'pass_attempted': False, 'goal_scored': False, 'goal_team': None, 'ball_out_by': None, 'has_ball': False, 'start_shot_bonus': False, 'start_pass_bonus': False, 'possession_lost': False}

[Step 136] Action=[ 0.17200303  0.10598624  0.          0.24168539  0.          0.2714862
 -0.12618771] | Reward=+0.023 | Cum=+1.299 | Info={'shot_attempted': False, 'pass_attempted': False, 'goal_scored': False, 'goal_team': None, 'ball_out_by': None, 'has_ball': False, 'start_shot_bonus': False, 'start_pass_bonus': False, 'possession_lost': False}

[Step 137] Action=[ 0.17203644  0.10604423  0.          0.24171132  0.          0.27149042
 -0.12624234] | Reward=+0.023 | Cum=+1.322 | Info={'shot_attempted': False, 'pass_attempted': False, 'goal_scored': False, 'goal_team': None, 'ball_out_by': None, 'has_ball': False, 'start_shot_bonus': False, 'start_pass_bonus': False, 'possession_lost': False}

[Step 138] Action=[ 0.17206986  0.10610222  0.          0.24173737  0.          0.2714946
 -0.1262971 ] | Reward=+0.023 | Cum=+1.345 | Info={'shot_attempted': False, 'pass_attempted': False, 'goal_scored': False, 'goal_team': None, 'ball_out_by': None, 'has_ball': False, 'start_shot_bonus': False, 'start_pass_bonus': False, 'possession_lost': False}

[Step 139] Action=[ 0.17210329  0.10616022  0.          0.24176337  0.          0.27149886
 -0.12635182] | Reward=+0.023 | Cum=+1.368 | Info={'shot_attempted': False, 'pass_attempted': False, 'goal_scored': False, 'goal_team': None, 'ball_out_by': None, 'has_ball': False, 'start_shot_bonus': False, 'start_pass_bonus': False, 'possession_lost': False}

[Step 140] Action=[ 0.17213672  0.10621821  0.          0.24178942  0.          0.2715031
 -0.12640649] | Reward=+0.024 | Cum=+1.393 | Info={'shot_attempted': False, 'pass_attempted': False, 'goal_scored': False, 'goal_team': None, 'ball_out_by': None, 'has_ball': False, 'start_shot_bonus': False, 'start_pass_bonus': False, 'possession_lost': False}

[Step 141] Action=[ 0.1721702   0.10627618  0.          0.24181537  0.          0.27150732
 -0.12646124] | Reward=+0.024 | Cum=+1.417 | Info={'shot_attempted': False, 'pass_attempted': False, 'goal_scored': False, 'goal_team': None, 'ball_out_by': None, 'has_ball': False, 'start_shot_bonus': False, 'start_pass_bonus': False, 'possession_lost': False}

[Step 142] Action=[ 0.17220357  0.10633417  0.          0.24184138  0.          0.27151152
 -0.12651598] | Reward=+0.024 | Cum=+1.441 | Info={'shot_attempted': False, 'pass_attempted': False, 'goal_scored': False, 'goal_team': None, 'ball_out_by': None, 'has_ball': False, 'start_shot_bonus': False, 'start_pass_bonus': False, 'possession_lost': False}

[Step 143] Action=[ 0.17223705  0.10639219  0.          0.24186736  0.          0.2715158
 -0.12657073] | Reward=+0.024 | Cum=+1.464 | Info={'shot_attempted': False, 'pass_attempted': False, 'goal_scored': False, 'goal_team': None, 'ball_out_by': None, 'has_ball': False, 'start_shot_bonus': False, 'start_pass_bonus': False, 'possession_lost': False}

[Step 144] Action=[ 0.17227048  0.10645018  0.          0.24189343  0.          0.27152
 -0.1266255 ] | Reward=+0.024 | Cum=+1.488 | Info={'shot_attempted': False, 'pass_attempted': False, 'goal_scored': False, 'goal_team': None, 'ball_out_by': None, 'has_ball': False, 'start_shot_bonus': False, 'start_pass_bonus': False, 'possession_lost': False}

[Step 145] Action=[ 0.172304    0.1065082   0.          0.24191944  0.          0.27152422
 -0.12668024] | Reward=+0.025 | Cum=+1.513 | Info={'shot_attempted': False, 'pass_attempted': False, 'goal_scored': False, 'goal_team': None, 'ball_out_by': None, 'has_ball': False, 'start_shot_bonus': False, 'start_pass_bonus': False, 'possession_lost': False}

[Step 146] Action=[ 0.17233747  0.10656621  0.          0.24194545  0.          0.27152845
 -0.12673502] | Reward=+0.025 | Cum=+1.539 | Info={'shot_attempted': False, 'pass_attempted': False, 'goal_scored': False, 'goal_team': None, 'ball_out_by': None, 'has_ball': False, 'start_shot_bonus': False, 'start_pass_bonus': False, 'possession_lost': False}

[Step 147] Action=[ 0.17237088  0.10662421  0.          0.2419715   0.          0.27153268
 -0.12678976] | Reward=+0.025 | Cum=+1.564 | Info={'shot_attempted': False, 'pass_attempted': False, 'goal_scored': False, 'goal_team': None, 'ball_out_by': None, 'has_ball': False, 'start_shot_bonus': False, 'start_pass_bonus': False, 'possession_lost': False}

[Step 148] Action=[ 0.1724044   0.10668226  0.          0.24199747  0.          0.27153692
 -0.12684454] | Reward=+0.025 | Cum=+1.589 | Info={'shot_attempted': False, 'pass_attempted': False, 'goal_scored': False, 'goal_team': None, 'ball_out_by': None, 'has_ball': False, 'start_shot_bonus': False, 'start_pass_bonus': False, 'possession_lost': False}

[Step 149] Action=[ 0.17243789  0.10674025  0.          0.2420235   0.          0.2715411
 -0.12689936] | Reward=+0.025 | Cum=+1.613 | Info={'shot_attempted': False, 'pass_attempted': False, 'goal_scored': False, 'goal_team': None, 'ball_out_by': None, 'has_ball': False, 'start_shot_bonus': False, 'start_pass_bonus': False, 'possession_lost': False}

[Step 150] Action=[ 0.17247134  0.10679825  0.          0.24204955  0.          0.27154535
 -0.1269542 ] | Reward=+0.025 | Cum=+1.638 | Info={'shot_attempted': False, 'pass_attempted': False, 'goal_scored': False, 'goal_team': None, 'ball_out_by': None, 'has_ball': False, 'start_shot_bonus': False, 'start_pass_bonus': False, 'possession_lost': False}

[Step 151] Action=[ 0.17250486  0.1068563   0.          0.24207564  0.          0.27154955
 -0.12700897] | Reward=+0.026 | Cum=+1.664 | Info={'shot_attempted': False, 'pass_attempted': False, 'goal_scored': False, 'goal_team': None, 'ball_out_by': None, 'has_ball': False, 'start_shot_bonus': False, 'start_pass_bonus': False, 'possession_lost': False}

[Step 152] Action=[ 0.17253825  0.10691428  0.          0.24210167  0.          0.2715538
 -0.12706387] | Reward=+0.026 | Cum=+1.690 | Info={'shot_attempted': False, 'pass_attempted': False, 'goal_scored': False, 'goal_team': None, 'ball_out_by': None, 'has_ball': False, 'start_shot_bonus': False, 'start_pass_bonus': False, 'possession_lost': False}

[Step 153] Action=[ 0.17257175  0.10697231  0.          0.24212767  0.          0.27155802
 -0.12711863] | Reward=+0.026 | Cum=+1.715 | Info={'shot_attempted': False, 'pass_attempted': False, 'goal_scored': False, 'goal_team': None, 'ball_out_by': None, 'has_ball': False, 'start_shot_bonus': False, 'start_pass_bonus': False, 'possession_lost': False}

[Step 154] Action=[ 0.17260528  0.10703033  0.          0.24215373  0.          0.27156222
 -0.12717353] | Reward=+0.026 | Cum=+1.741 | Info={'shot_attempted': False, 'pass_attempted': False, 'goal_scored': False, 'goal_team': None, 'ball_out_by': None, 'has_ball': False, 'start_shot_bonus': False, 'start_pass_bonus': False, 'possession_lost': False}

[Step 155] Action=[ 0.17263882  0.10708833  0.          0.24217977  0.          0.27156648
 -0.12722832] | Reward=+0.026 | Cum=+1.767 | Info={'shot_attempted': False, 'pass_attempted': False, 'goal_scored': False, 'goal_team': None, 'ball_out_by': None, 'has_ball': False, 'start_shot_bonus': False, 'start_pass_bonus': False, 'possession_lost': False}

[Step 156] Action=[ 0.17267227  0.10714633  0.          0.24220586  0.          0.2715707
 -0.12728319] | Reward=+0.027 | Cum=+1.794 | Info={'shot_attempted': False, 'pass_attempted': False, 'goal_scored': False, 'goal_team': None, 'ball_out_by': None, 'has_ball': False, 'start_shot_bonus': False, 'start_pass_bonus': False, 'possession_lost': False}

[Step 157] Action=[ 0.17270587  0.10720436  0.          0.24223189  0.          0.2715749
 -0.12733804] | Reward=+0.026 | Cum=+1.820 | Info={'shot_attempted': False, 'pass_attempted': False, 'goal_scored': False, 'goal_team': None, 'ball_out_by': None, 'has_ball': False, 'start_shot_bonus': False, 'start_pass_bonus': False, 'possession_lost': False}

[Step 158] Action=[ 0.17273934  0.10726236  0.          0.24225792  0.          0.27157912
 -0.12739289] | Reward=+0.026 | Cum=+1.847 | Info={'shot_attempted': False, 'pass_attempted': False, 'goal_scored': False, 'goal_team': None, 'ball_out_by': None, 'has_ball': False, 'start_shot_bonus': False, 'start_pass_bonus': False, 'possession_lost': False}

[Step 159] Action=[ 0.17277285  0.10732042  0.          0.24228401  0.          0.27158338
 -0.1274478 ] | Reward=+0.026 | Cum=+1.873 | Info={'shot_attempted': False, 'pass_attempted': False, 'goal_scored': False, 'goal_team': None, 'ball_out_by': None, 'has_ball': False, 'start_shot_bonus': False, 'start_pass_bonus': False, 'possession_lost': False}

[Step 160] Action=[ 0.1728064   0.10737845  0.          0.24231005  0.          0.27158764
 -0.12750272] | Reward=+0.026 | Cum=+1.900 | Info={'shot_attempted': False, 'pass_attempted': False, 'goal_scored': False, 'goal_team': None, 'ball_out_by': None, 'has_ball': False, 'start_shot_bonus': False, 'start_pass_bonus': False, 'possession_lost': False}

[Step 161] Action=[ 0.17283994  0.10743646  0.          0.24233614  0.          0.27159184
 -0.1275576 ] | Reward=+0.028 | Cum=+1.927 | Info={'shot_attempted': False, 'pass_attempted': False, 'goal_scored': False, 'goal_team': None, 'ball_out_by': None, 'has_ball': False, 'start_shot_bonus': False, 'start_pass_bonus': False, 'possession_lost': False}

[Step 162] Action=[ 0.17287344  0.10749447  0.          0.24236223  0.          0.271596
 -0.12761252] | Reward=+0.028 | Cum=+1.955 | Info={'shot_attempted': False, 'pass_attempted': False, 'goal_scored': False, 'goal_team': None, 'ball_out_by': None, 'has_ball': False, 'start_shot_bonus': False, 'start_pass_bonus': False, 'possession_lost': False}

[Step 163] Action=[ 0.17290701  0.10755264  0.          0.24238837  0.          0.27160028
 -0.12766746] | Reward=+0.028 | Cum=+1.982 | Info={'shot_attempted': False, 'pass_attempted': False, 'goal_scored': False, 'goal_team': None, 'ball_out_by': None, 'has_ball': False, 'start_shot_bonus': False, 'start_pass_bonus': False, 'possession_lost': False}

[Step 164] Action=[ 0.17294168  0.10761238  0.          0.24241519  0.          0.27160445
 -0.12772319] | Reward=+0.028 | Cum=+2.010 | Info={'shot_attempted': False, 'pass_attempted': False, 'goal_scored': False, 'goal_team': None, 'ball_out_by': None, 'has_ball': False, 'start_shot_bonus': False, 'start_pass_bonus': False, 'possession_lost': False}

[Step 165] Action=[ 0.17297602  0.10767251  0.          0.24244179  0.          0.27160913
 -0.12777892] | Reward=+0.027 | Cum=+2.037 | Info={'shot_attempted': False, 'pass_attempted': False, 'goal_scored': False, 'goal_team': None, 'ball_out_by': None, 'has_ball': False, 'start_shot_bonus': False, 'start_pass_bonus': False, 'possession_lost': False}

[Step 166] Action=[ 0.1730092   0.10773371  0.          0.2424671   0.          0.27161527
 -0.1278347 ] | Reward=+0.028 | Cum=+2.064 | Info={'shot_attempted': False, 'pass_attempted': False, 'goal_scored': False, 'goal_team': None, 'ball_out_by': None, 'has_ball': False, 'start_shot_bonus': False, 'start_pass_bonus': False, 'possession_lost': False}

[Step 167] Action=[ 0.17304234  0.1077949   0.          0.24249241  0.          0.2716214
 -0.12789042] | Reward=+0.028 | Cum=+2.092 | Info={'shot_attempted': False, 'pass_attempted': False, 'goal_scored': False, 'goal_team': None, 'ball_out_by': None, 'has_ball': False, 'start_shot_bonus': False, 'start_pass_bonus': False, 'possession_lost': False}

[Step 168] Action=[ 0.17307556  0.1078561   0.          0.2425178   0.          0.27162752
 -0.12794612] | Reward=+0.028 | Cum=+2.120 | Info={'shot_attempted': False, 'pass_attempted': False, 'goal_scored': False, 'goal_team': None, 'ball_out_by': None, 'has_ball': False, 'start_shot_bonus': False, 'start_pass_bonus': False, 'possession_lost': False}

[Step 169] Action=[ 0.17310868  0.10791731  0.          0.24254318  0.          0.27163365
 -0.12800191] | Reward=+0.028 | Cum=+2.148 | Info={'shot_attempted': False, 'pass_attempted': False, 'goal_scored': False, 'goal_team': None, 'ball_out_by': None, 'has_ball': False, 'start_shot_bonus': False, 'start_pass_bonus': False, 'possession_lost': False}

[Step 170] Action=[ 0.1731419   0.10797852  0.          0.24256851  0.          0.27163982
 -0.12805769] | Reward=+0.028 | Cum=+2.176 | Info={'shot_attempted': False, 'pass_attempted': False, 'goal_scored': False, 'goal_team': None, 'ball_out_by': None, 'has_ball': False, 'start_shot_bonus': False, 'start_pass_bonus': False, 'possession_lost': False}

[Step 171] Action=[ 0.17317514  0.10803974  0.          0.24259387  0.          0.27164593
 -0.12811345] | Reward=+0.029 | Cum=+2.205 | Info={'shot_attempted': False, 'pass_attempted': False, 'goal_scored': False, 'goal_team': None, 'ball_out_by': None, 'has_ball': False, 'start_shot_bonus': False, 'start_pass_bonus': False, 'possession_lost': False}

[Step 172] Action=[ 0.17320827  0.10810091  0.          0.24261922  0.          0.2716521
 -0.1281692 ] | Reward=+0.029 | Cum=+2.234 | Info={'shot_attempted': False, 'pass_attempted': False, 'goal_scored': False, 'goal_team': None, 'ball_out_by': None, 'has_ball': False, 'start_shot_bonus': False, 'start_pass_bonus': False, 'possession_lost': False}

[Step 173] Action=[ 0.17324151  0.10816213  0.          0.24264467  0.          0.2716582
 -0.12822501] | Reward=+0.028 | Cum=+2.263 | Info={'shot_attempted': False, 'pass_attempted': False, 'goal_scored': False, 'goal_team': None, 'ball_out_by': None, 'has_ball': False, 'start_shot_bonus': False, 'start_pass_bonus': False, 'possession_lost': False}

[Step 174] Action=[ 0.1732747   0.10822328  0.          0.24267001  0.          0.27166438
 -0.12828079] | Reward=+0.028 | Cum=+2.291 | Info={'shot_attempted': False, 'pass_attempted': False, 'goal_scored': False, 'goal_team': None, 'ball_out_by': None, 'has_ball': False, 'start_shot_bonus': False, 'start_pass_bonus': False, 'possession_lost': False}

[Step 175] Action=[ 0.17330801  0.10828339  0.          0.24269786  0.          0.2716722
 -0.12833868] | Reward=+0.028 | Cum=+2.319 | Info={'shot_attempted': False, 'pass_attempted': False, 'goal_scored': False, 'goal_team': None, 'ball_out_by': None, 'has_ball': False, 'start_shot_bonus': False, 'start_pass_bonus': False, 'possession_lost': False}

[Step 176] Action=[ 0.17334127  0.10834354  0.          0.24272564  0.          0.2716801
 -0.12839648] | Reward=+0.028 | Cum=+2.347 | Info={'shot_attempted': False, 'pass_attempted': False, 'goal_scored': False, 'goal_team': None, 'ball_out_by': None, 'has_ball': False, 'start_shot_bonus': False, 'start_pass_bonus': False, 'possession_lost': False}

[Step 177] Action=[ 0.17337452  0.10840365  0.          0.24275337  0.          0.27168798
 -0.12845437] | Reward=+0.029 | Cum=+2.376 | Info={'shot_attempted': False, 'pass_attempted': False, 'goal_scored': False, 'goal_team': None, 'ball_out_by': None, 'has_ball': False, 'start_shot_bonus': False, 'start_pass_bonus': False, 'possession_lost': False}

[Step 178] Action=[ 0.1734078   0.10846376  0.          0.24278122  0.          0.27169585
 -0.12851226] | Reward=+0.029 | Cum=+2.406 | Info={'shot_attempted': False, 'pass_attempted': False, 'goal_scored': False, 'goal_team': None, 'ball_out_by': None, 'has_ball': False, 'start_shot_bonus': False, 'start_pass_bonus': False, 'possession_lost': False}

[Step 179] Action=[ 0.17344113  0.10852391  0.          0.24280904  0.          0.2717037
 -0.12857015] | Reward=+0.029 | Cum=+2.435 | Info={'shot_attempted': False, 'pass_attempted': False, 'goal_scored': False, 'goal_team': None, 'ball_out_by': None, 'has_ball': False, 'start_shot_bonus': False, 'start_pass_bonus': False, 'possession_lost': False}

[Step 180] Action=[ 0.17347445  0.10858401  0.          0.2428368   0.          0.27171156
 -0.12862806] | Reward=+0.029 | Cum=+2.464 | Info={'shot_attempted': False, 'pass_attempted': False, 'goal_scored': False, 'goal_team': None, 'ball_out_by': None, 'has_ball': False, 'start_shot_bonus': False, 'start_pass_bonus': False, 'possession_lost': False}

[Step 181] Action=[ 0.17350684  0.10864397  0.          0.24286598  0.          0.2717206
 -0.12868759] | Reward=+0.028 | Cum=+2.492 | Info={'shot_attempted': False, 'pass_attempted': False, 'goal_scored': False, 'goal_team': None, 'ball_out_by': None, 'has_ball': False, 'start_shot_bonus': False, 'start_pass_bonus': False, 'possession_lost': False}

[Step 182] Action=[ 0.17353898  0.10870343  0.          0.24289651  0.          0.2717311
 -0.12874818] | Reward=+0.029 | Cum=+2.522 | Info={'shot_attempted': False, 'pass_attempted': False, 'goal_scored': False, 'goal_team': None, 'ball_out_by': None, 'has_ball': False, 'start_shot_bonus': False, 'start_pass_bonus': False, 'possession_lost': False}

[Step 183] Action=[ 0.17357147  0.10876253  0.          0.24292755  0.          0.27174225
 -0.12880836] | Reward=+0.029 | Cum=+2.551 | Info={'shot_attempted': False, 'pass_attempted': False, 'goal_scored': False, 'goal_team': None, 'ball_out_by': None, 'has_ball': False, 'start_shot_bonus': False, 'start_pass_bonus': False, 'possession_lost': False}

[Step 184] Action=[ 0.17360373  0.10882172  0.          0.24295886  0.          0.27175373
 -0.12886839] | Reward=+0.029 | Cum=+2.580 | Info={'shot_attempted': False, 'pass_attempted': False, 'goal_scored': False, 'goal_team': None, 'ball_out_by': None, 'has_ball': False, 'start_shot_bonus': False, 'start_pass_bonus': False, 'possession_lost': False}

[Step 185] Action=[ 0.17363547  0.10888102  0.          0.24299015  0.          0.2717661
 -0.12892792] | Reward=+0.029 | Cum=+2.609 | Info={'shot_attempted': False, 'pass_attempted': False, 'goal_scored': False, 'goal_team': None, 'ball_out_by': None, 'has_ball': False, 'start_shot_bonus': False, 'start_pass_bonus': False, 'possession_lost': False}

[Step 186] Action=[ 0.1736672   0.10894031  0.          0.24302156  0.          0.27177846
 -0.12898749] | Reward=+0.029 | Cum=+2.639 | Info={'shot_attempted': False, 'pass_attempted': False, 'goal_scored': False, 'goal_team': None, 'ball_out_by': None, 'has_ball': False, 'start_shot_bonus': False, 'start_pass_bonus': False, 'possession_lost': False}

[Step 187] Action=[ 0.17369896  0.10899963  0.          0.24305296  0.          0.27179077
 -0.12904711] | Reward=+0.030 | Cum=+2.669 | Info={'shot_attempted': False, 'pass_attempted': False, 'goal_scored': False, 'goal_team': None, 'ball_out_by': None, 'has_ball': False, 'start_shot_bonus': False, 'start_pass_bonus': False, 'possession_lost': False}

[Step 188] Action=[ 0.1737307   0.10905897  0.          0.24308431  0.          0.27180317
 -0.12910672] | Reward=+0.030 | Cum=+2.699 | Info={'shot_attempted': False, 'pass_attempted': False, 'goal_scored': False, 'goal_team': None, 'ball_out_by': None, 'has_ball': False, 'start_shot_bonus': False, 'start_pass_bonus': False, 'possession_lost': False}

[Step 189] Action=[ 0.1737625   0.10911828  0.          0.24311575  0.          0.27181557
 -0.12916632] | Reward=+0.029 | Cum=+2.728 | Info={'shot_attempted': False, 'pass_attempted': False, 'goal_scored': False, 'goal_team': None, 'ball_out_by': None, 'has_ball': False, 'start_shot_bonus': False, 'start_pass_bonus': False, 'possession_lost': False}

[Step 190] Action=[ 0.1737936   0.10917767  0.          0.24314854  0.          0.27182856
 -0.12922654] | Reward=+0.029 | Cum=+2.758 | Info={'shot_attempted': False, 'pass_attempted': False, 'goal_scored': False, 'goal_team': None, 'ball_out_by': None, 'has_ball': False, 'start_shot_bonus': False, 'start_pass_bonus': False, 'possession_lost': False}

[Step 191] Action=[ 0.17382368  0.10923737  0.          0.24318352  0.          0.27184266
 -0.12928765] | Reward=+0.029 | Cum=+2.787 | Info={'shot_attempted': False, 'pass_attempted': False, 'goal_scored': False, 'goal_team': None, 'ball_out_by': None, 'has_ball': False, 'start_shot_bonus': False, 'start_pass_bonus': False, 'possession_lost': False}

[Step 192] Action=[ 0.17385377  0.10929693  0.          0.24321857  0.          0.27185673
 -0.12934877] | Reward=+0.030 | Cum=+2.817 | Info={'shot_attempted': False, 'pass_attempted': False, 'goal_scored': False, 'goal_team': None, 'ball_out_by': None, 'has_ball': False, 'start_shot_bonus': False, 'start_pass_bonus': False, 'possession_lost': False}

[Step 193] Action=[ 0.17388397  0.10935656  0.          0.24325356  0.          0.27187082
 -0.12940992] | Reward=+0.030 | Cum=+2.847 | Info={'shot_attempted': False, 'pass_attempted': False, 'goal_scored': False, 'goal_team': None, 'ball_out_by': None, 'has_ball': False, 'start_shot_bonus': False, 'start_pass_bonus': False, 'possession_lost': False}

[Step 194] Action=[ 0.17391405  0.10941616  0.          0.24328867  0.          0.2718849
 -0.12947102] | Reward=+0.030 | Cum=+2.877 | Info={'shot_attempted': False, 'pass_attempted': False, 'goal_scored': False, 'goal_team': None, 'ball_out_by': None, 'has_ball': False, 'start_shot_bonus': False, 'start_pass_bonus': False, 'possession_lost': False}

[Step 195] Action=[ 0.1739442   0.10947578  0.          0.24332365  0.          0.27189893
 -0.1295322 ] | Reward=+0.030 | Cum=+2.907 | Info={'shot_attempted': False, 'pass_attempted': False, 'goal_scored': False, 'goal_team': None, 'ball_out_by': None, 'has_ball': False, 'start_shot_bonus': False, 'start_pass_bonus': False, 'possession_lost': False}

[Step 196] Action=[ 0.17397428  0.10953544  0.          0.2433587   0.          0.27191302
 -0.12959333] | Reward=+0.030 | Cum=+2.937 | Info={'shot_attempted': False, 'pass_attempted': False, 'goal_scored': False, 'goal_team': None, 'ball_out_by': None, 'has_ball': False, 'start_shot_bonus': False, 'start_pass_bonus': False, 'possession_lost': False}

[Step 197] Action=[ 0.17400444  0.10959507  0.          0.2433937   0.          0.27192706
 -0.12965457] | Reward=+0.029 | Cum=+2.966 | Info={'shot_attempted': False, 'pass_attempted': False, 'goal_scored': False, 'goal_team': None, 'ball_out_by': None, 'has_ball': False, 'start_shot_bonus': False, 'start_pass_bonus': False, 'possession_lost': False}

[Step 198] Action=[ 0.17403458  0.10965469  0.          0.2434288   0.          0.27194124
 -0.1297157 ] | Reward=+0.030 | Cum=+2.995 | Info={'shot_attempted': False, 'pass_attempted': False, 'goal_scored': False, 'goal_team': None, 'ball_out_by': None, 'has_ball': False, 'start_shot_bonus': False, 'start_pass_bonus': False, 'possession_lost': False}

[Step 199] Action=[ 0.17406471  0.1097143   0.          0.24346384  0.          0.27195522
 -0.12977687] | Reward=+0.030 | Cum=+3.025 | Info={'shot_attempted': False, 'pass_attempted': False, 'goal_scored': False, 'goal_team': None, 'ball_out_by': None, 'has_ball': False, 'start_shot_bonus': False, 'start_pass_bonus': False, 'possession_lost': False}

[Step 200] Action=[ 0.17409487  0.10977393  0.          0.24349883  0.          0.2719693
 -0.12983811] | Reward=+0.030 | Cum=+3.055 | Info={'shot_attempted': False, 'pass_attempted': False, 'goal_scored': False, 'goal_team': None, 'ball_out_by': None, 'has_ball': False, 'start_shot_bonus': False, 'start_pass_bonus': False, 'possession_lost': False}

[Step 201] Action=[ 0.17412505  0.10983359  0.          0.24353391  0.          0.2719834
 -0.12989932] | Reward=+0.030 | Cum=+3.084 | Info={'shot_attempted': False, 'pass_attempted': False, 'goal_scored': False, 'goal_team': None, 'ball_out_by': None, 'has_ball': False, 'start_shot_bonus': False, 'start_pass_bonus': False, 'possession_lost': False}

[Step 202] Action=[ 0.17415522  0.10989321  0.          0.24356897  0.          0.27199748
 -0.12996049] | Reward=+0.030 | Cum=+3.114 | Info={'shot_attempted': False, 'pass_attempted': False, 'goal_scored': False, 'goal_team': None, 'ball_out_by': None, 'has_ball': False, 'start_shot_bonus': False, 'start_pass_bonus': False, 'possession_lost': False}

[Step 203] Action=[ 0.17418534  0.10995286  0.          0.24360396  0.          0.27201152
 -0.13002175] | Reward=+0.031 | Cum=+3.145 | Info={'shot_attempted': False, 'pass_attempted': False, 'goal_scored': False, 'goal_team': None, 'ball_out_by': None, 'has_ball': False, 'start_shot_bonus': False, 'start_pass_bonus': False, 'possession_lost': False}

[Step 204] Action=[ 0.1742155   0.11001246  0.          0.24363907  0.          0.2720256
 -0.13008294] | Reward=+0.031 | Cum=+3.175 | Info={'shot_attempted': False, 'pass_attempted': False, 'goal_scored': False, 'goal_team': None, 'ball_out_by': None, 'has_ball': False, 'start_shot_bonus': False, 'start_pass_bonus': False, 'possession_lost': False}

[Step 205] Action=[ 0.17424563  0.11007207  0.          0.24367413  0.          0.2720397
 -0.1301442 ] | Reward=+0.029 | Cum=+3.204 | Info={'shot_attempted': False, 'pass_attempted': False, 'goal_scored': False, 'goal_team': None, 'ball_out_by': None, 'has_ball': False, 'start_shot_bonus': False, 'start_pass_bonus': False, 'possession_lost': False}

[Step 206] Action=[ 0.17427588  0.11013175  0.          0.24370925  0.          0.27205372
 -0.13020545] | Reward=+0.029 | Cum=+3.233 | Info={'shot_attempted': False, 'pass_attempted': False, 'goal_scored': False, 'goal_team': None, 'ball_out_by': None, 'has_ball': False, 'start_shot_bonus': False, 'start_pass_bonus': False, 'possession_lost': False}

[Step 207] Action=[ 0.17430598  0.11019137  0.          0.2437443   0.          0.27206782
 -0.13026674] | Reward=+0.029 | Cum=+3.262 | Info={'shot_attempted': False, 'pass_attempted': False, 'goal_scored': False, 'goal_team': None, 'ball_out_by': None, 'has_ball': False, 'start_shot_bonus': False, 'start_pass_bonus': False, 'possession_lost': False}

[Step 208] Action=[ 0.17433618  0.11025104  0.          0.24377933  0.          0.27208188
 -0.13032797] | Reward=+0.030 | Cum=+3.292 | Info={'shot_attempted': False, 'pass_attempted': False, 'goal_scored': False, 'goal_team': None, 'ball_out_by': None, 'has_ball': False, 'start_shot_bonus': False, 'start_pass_bonus': False, 'possession_lost': False}

[Step 209] Action=[ 0.17436633  0.11031061  0.          0.24381445  0.          0.272096
 -0.1303892 ] | Reward=+0.030 | Cum=+3.322 | Info={'shot_attempted': False, 'pass_attempted': False, 'goal_scored': False, 'goal_team': None, 'ball_out_by': None, 'has_ball': False, 'start_shot_bonus': False, 'start_pass_bonus': False, 'possession_lost': False}

[Step 210] Action=[ 0.1743966   0.1103703   0.          0.24384955  0.          0.27211004
 -0.13045052] | Reward=+0.030 | Cum=+3.352 | Info={'shot_attempted': False, 'pass_attempted': False, 'goal_scored': False, 'goal_team': None, 'ball_out_by': None, 'has_ball': False, 'start_shot_bonus': False, 'start_pass_bonus': False, 'possession_lost': False}

[Step 211] Action=[ 0.1744269   0.11043027  0.          0.24388444  0.          0.2721237
 -0.13051209] | Reward=+0.030 | Cum=+3.382 | Info={'shot_attempted': False, 'pass_attempted': False, 'goal_scored': False, 'goal_team': None, 'ball_out_by': None, 'has_ball': False, 'start_shot_bonus': False, 'start_pass_bonus': False, 'possession_lost': False}

[Step 212] Action=[ 0.1744577   0.11049187  0.          0.24391855  0.          0.27213556
 -0.13057514] | Reward=+0.030 | Cum=+3.411 | Info={'shot_attempted': False, 'pass_attempted': False, 'goal_scored': False, 'goal_team': None, 'ball_out_by': None, 'has_ball': False, 'start_shot_bonus': False, 'start_pass_bonus': False, 'possession_lost': False}

[Step 213] Action=[ 0.17448857  0.11055348  0.          0.24395278  0.          0.27214748
 -0.13063812] | Reward=+0.029 | Cum=+3.441 | Info={'shot_attempted': False, 'pass_attempted': False, 'goal_scored': False, 'goal_team': None, 'ball_out_by': None, 'has_ball': False, 'start_shot_bonus': False, 'start_pass_bonus': False, 'possession_lost': False}

[Step 214] Action=[ 0.17451943  0.11061511  0.          0.24398692  0.          0.27215937
 -0.1307011 ] | Reward=+0.029 | Cum=+3.470 | Info={'shot_attempted': False, 'pass_attempted': False, 'goal_scored': False, 'goal_team': None, 'ball_out_by': None, 'has_ball': False, 'start_shot_bonus': False, 'start_pass_bonus': False, 'possession_lost': False}

[Step 215] Action=[ 0.1745502   0.11067669  0.          0.24402115  0.          0.27217126
 -0.13076408] | Reward=+0.029 | Cum=+3.499 | Info={'shot_attempted': False, 'pass_attempted': False, 'goal_scored': False, 'goal_team': None, 'ball_out_by': None, 'has_ball': False, 'start_shot_bonus': False, 'start_pass_bonus': False, 'possession_lost': False}

[Step 216] Action=[ 0.17458108  0.11073832  0.          0.24405536  0.          0.27218315
 -0.13082711] | Reward=+0.029 | Cum=+3.528 | Info={'shot_attempted': False, 'pass_attempted': False, 'goal_scored': False, 'goal_team': None, 'ball_out_by': None, 'has_ball': False, 'start_shot_bonus': False, 'start_pass_bonus': False, 'possession_lost': False}

[Step 217] Action=[ 0.17461188  0.11079992  0.          0.24408956  0.          0.272195
 -0.13089018] | Reward=+0.029 | Cum=+3.557 | Info={'shot_attempted': False, 'pass_attempted': False, 'goal_scored': False, 'goal_team': None, 'ball_out_by': None, 'has_ball': False, 'start_shot_bonus': False, 'start_pass_bonus': False, 'possession_lost': False}

[Step 218] Action=[ 0.17464276  0.11086155  0.          0.24412376  0.          0.2722069
 -0.13095316] | Reward=+0.029 | Cum=+3.586 | Info={'shot_attempted': False, 'pass_attempted': False, 'goal_scored': False, 'goal_team': None, 'ball_out_by': None, 'has_ball': False, 'start_shot_bonus': False, 'start_pass_bonus': False, 'possession_lost': False}

[Step 219] Action=[ 0.17467357  0.1109231   0.          0.244158    0.          0.2722188
 -0.1310162 ] | Reward=+0.030 | Cum=+3.615 | Info={'shot_attempted': False, 'pass_attempted': False, 'goal_scored': False, 'goal_team': None, 'ball_out_by': None, 'has_ball': False, 'start_shot_bonus': False, 'start_pass_bonus': False, 'possession_lost': False}

[Step 220] Action=[ 0.17470442  0.11098471  0.          0.24419218  0.          0.27223068
 -0.13107923] | Reward=+0.030 | Cum=+3.645 | Info={'shot_attempted': False, 'pass_attempted': False, 'goal_scored': False, 'goal_team': None, 'ball_out_by': None, 'has_ball': False, 'start_shot_bonus': False, 'start_pass_bonus': False, 'possession_lost': False}

[Step 221] Action=[ 0.17473531  0.11104635  0.          0.24422641  0.          0.2722426
 -0.13114232] | Reward=+0.028 | Cum=+3.673 | Info={'shot_attempted': False, 'pass_attempted': False, 'goal_scored': False, 'goal_team': None, 'ball_out_by': None, 'has_ball': False, 'start_shot_bonus': False, 'start_pass_bonus': False, 'possession_lost': False}

[Step 222] Action=[ 0.17476612  0.11110802  0.          0.24426056  0.          0.2722545
 -0.13120535] | Reward=+0.028 | Cum=+3.701 | Info={'shot_attempted': False, 'pass_attempted': False, 'goal_scored': False, 'goal_team': None, 'ball_out_by': None, 'has_ball': False, 'start_shot_bonus': False, 'start_pass_bonus': False, 'possession_lost': False}

[Step 223] Action=[ 0.17479701  0.11116959  0.          0.24429476  0.          0.27226633
 -0.13126844] | Reward=+0.028 | Cum=+3.729 | Info={'shot_attempted': False, 'pass_attempted': False, 'goal_scored': False, 'goal_team': None, 'ball_out_by': None, 'has_ball': False, 'start_shot_bonus': False, 'start_pass_bonus': False, 'possession_lost': False}

[Step 224] Action=[ 0.1748279   0.11123119  0.          0.24432907  0.          0.27227822
 -0.13133152] | Reward=+0.029 | Cum=+3.758 | Info={'shot_attempted': False, 'pass_attempted': False, 'goal_scored': False, 'goal_team': None, 'ball_out_by': None, 'has_ball': False, 'start_shot_bonus': False, 'start_pass_bonus': False, 'possession_lost': False}

[Step 225] Action=[ 0.1748588   0.11129285  0.          0.24436328  0.          0.2722901
 -0.13139464] | Reward=+0.029 | Cum=+3.786 | Info={'shot_attempted': False, 'pass_attempted': False, 'goal_scored': False, 'goal_team': None, 'ball_out_by': None, 'has_ball': False, 'start_shot_bonus': False, 'start_pass_bonus': False, 'possession_lost': False}

[Step 226] Action=[ 0.17488962  0.11135445  0.          0.24439755  0.          0.27230203
 -0.13145773] | Reward=+0.029 | Cum=+3.815 | Info={'shot_attempted': False, 'pass_attempted': False, 'goal_scored': False, 'goal_team': None, 'ball_out_by': None, 'has_ball': False, 'start_shot_bonus': False, 'start_pass_bonus': False, 'possession_lost': False}

[Step 227] Action=[ 0.1749206   0.11141606  0.          0.2444317   0.          0.2723139
 -0.13152087] | Reward=+0.029 | Cum=+3.843 | Info={'shot_attempted': False, 'pass_attempted': False, 'goal_scored': False, 'goal_team': None, 'ball_out_by': None, 'has_ball': False, 'start_shot_bonus': False, 'start_pass_bonus': False, 'possession_lost': False}

[Step 228] Action=[ 0.17495143  0.11147767  0.          0.24446592  0.          0.27232572
 -0.13158397] | Reward=+0.029 | Cum=+3.872 | Info={'shot_attempted': False, 'pass_attempted': False, 'goal_scored': False, 'goal_team': None, 'ball_out_by': None, 'has_ball': False, 'start_shot_bonus': False, 'start_pass_bonus': False, 'possession_lost': False}

[Step 229] Action=[ 0.17498235  0.1115393   0.          0.24450013  0.          0.27233768
 -0.13164712] | Reward=+0.027 | Cum=+3.899 | Info={'shot_attempted': False, 'pass_attempted': False, 'goal_scored': False, 'goal_team': None, 'ball_out_by': None, 'has_ball': False, 'start_shot_bonus': False, 'start_pass_bonus': False, 'possession_lost': False}

[Step 230] Action=[ 0.17501317  0.1116009   0.          0.2445344   0.          0.27234957
 -0.13171023] | Reward=+0.027 | Cum=+3.927 | Info={'shot_attempted': False, 'pass_attempted': False, 'goal_scored': False, 'goal_team': None, 'ball_out_by': None, 'has_ball': False, 'start_shot_bonus': False, 'start_pass_bonus': False, 'possession_lost': False}

[Step 231] Action=[ 0.17504415  0.11166253  0.          0.24456865  0.          0.2723614
 -0.13177337] | Reward=+0.027 | Cum=+3.954 | Info={'shot_attempted': False, 'pass_attempted': False, 'goal_scored': False, 'goal_team': None, 'ball_out_by': None, 'has_ball': False, 'start_shot_bonus': False, 'start_pass_bonus': False, 'possession_lost': False}

[Step 232] Action=[ 0.17507507  0.11172418  0.          0.24460293  0.          0.27237326
 -0.13183656] | Reward=+0.027 | Cum=+3.982 | Info={'shot_attempted': False, 'pass_attempted': False, 'goal_scored': False, 'goal_team': None, 'ball_out_by': None, 'has_ball': False, 'start_shot_bonus': False, 'start_pass_bonus': False, 'possession_lost': False}

[Step 233] Action=[ 0.17510591  0.11178578  0.          0.24463715  0.          0.27238524
 -0.1318997 ] | Reward=+0.027 | Cum=+4.009 | Info={'shot_attempted': False, 'pass_attempted': False, 'goal_scored': False, 'goal_team': None, 'ball_out_by': None, 'has_ball': False, 'start_shot_bonus': False, 'start_pass_bonus': False, 'possession_lost': False}

[Step 234] Action=[ 0.17513686  0.11184738  0.          0.24467136  0.          0.27239704
 -0.13196287] | Reward=+0.028 | Cum=+4.037 | Info={'shot_attempted': False, 'pass_attempted': False, 'goal_scored': False, 'goal_team': None, 'ball_out_by': None, 'has_ball': False, 'start_shot_bonus': False, 'start_pass_bonus': False, 'possession_lost': False}

[Step 235] Action=[ 0.17516781  0.11190903  0.          0.24470563  0.          0.27240893
 -0.13202606] | Reward=+0.028 | Cum=+4.065 | Info={'shot_attempted': False, 'pass_attempted': False, 'goal_scored': False, 'goal_team': None, 'ball_out_by': None, 'has_ball': False, 'start_shot_bonus': False, 'start_pass_bonus': False, 'possession_lost': False}

[Step 236] Action=[ 0.17519878  0.11197069  0.          0.24473989  0.          0.27242085
 -0.13208926] | Reward=+0.028 | Cum=+4.093 | Info={'shot_attempted': False, 'pass_attempted': False, 'goal_scored': False, 'goal_team': None, 'ball_out_by': None, 'has_ball': False, 'start_shot_bonus': False, 'start_pass_bonus': False, 'possession_lost': False}

[Step 237] Action=[ 0.17522967  0.11203234  0.          0.24477416  0.          0.2724327
 -0.13215247] | Reward=+0.026 | Cum=+4.119 | Info={'shot_attempted': False, 'pass_attempted': False, 'goal_scored': False, 'goal_team': None, 'ball_out_by': None, 'has_ball': False, 'start_shot_bonus': False, 'start_pass_bonus': False, 'possession_lost': False}

[Step 238] Action=[ 0.17526017  0.11209387  0.          0.24480848  0.          0.27244464
 -0.13221548] | Reward=+0.026 | Cum=+4.145 | Info={'shot_attempted': False, 'pass_attempted': False, 'goal_scored': False, 'goal_team': None, 'ball_out_by': None, 'has_ball': False, 'start_shot_bonus': False, 'start_pass_bonus': False, 'possession_lost': False}

[Step 239] Action=[ 0.17528832  0.11215535  0.          0.24484277  0.          0.2724569
 -0.13227753] | Reward=+0.026 | Cum=+4.171 | Info={'shot_attempted': False, 'pass_attempted': False, 'goal_scored': False, 'goal_team': None, 'ball_out_by': None, 'has_ball': False, 'start_shot_bonus': False, 'start_pass_bonus': False, 'possession_lost': False}

[Step 240] Action=[ 0.17531644  0.11221688  0.          0.24487714  0.          0.2724692
 -0.13233952] | Reward=+0.027 | Cum=+4.198 | Info={'shot_attempted': False, 'pass_attempted': False, 'goal_scored': False, 'goal_team': None, 'ball_out_by': None, 'has_ball': False, 'start_shot_bonus': False, 'start_pass_bonus': False, 'possession_lost': False}

