Debug log for att_1 (Episode 200)
================================================================================
[Step 1] Action=[ 0.20063168 -0.66947377  0.00133231  0.18515833  0.26303488 -0.25498277
  0.45744088] | Reward=-0.001 | Cum=-0.001 | Info={'shot_attempted': False, 'pass_attempted': False, 'goal_scored': False, 'goal_team': None, 'ball_out_by': None, 'has_ball': True, 'start_shot_bonus': False, 'start_pass_bonus': False, 'possession_lost': False}

[Step 2] Action=[ 0.19122528 -0.6440805   0.01008843  0.17828484  0.24497041 -0.24548526
  0.42603916] | Reward=-0.001 | Cum=-0.002 | Info={'shot_attempted': False, 'pass_attempted': False, 'goal_scored': False, 'goal_team': None, 'ball_out_by': None, 'has_ball': True, 'start_shot_bonus': False, 'start_pass_bonus': False, 'possession_lost': False}

[Step 3] Action=[ 0.19113655 -0.64396363  0.01012955  0.17821501  0.24490283 -0.24543658
  0.42588887] | Reward=-0.001 | Cum=-0.002 | Info={'shot_attempted': False, 'pass_attempted': False, 'goal_scored': False, 'goal_team': None, 'ball_out_by': None, 'has_ball': True, 'start_shot_bonus': False, 'start_pass_bonus': False, 'possession_lost': False}

[Step 4] Action=[ 0.1910482  -0.64384735  0.01017085  0.17814547  0.24483548 -0.2453881
  0.42573932] | Reward=-0.001 | Cum=-0.003 | Info={'shot_attempted': False, 'pass_attempted': False, 'goal_scored': False, 'goal_team': None, 'ball_out_by': None, 'has_ball': True, 'start_shot_bonus': False, 'start_pass_bonus': False, 'possession_lost': False}

[Step 5] Action=[ 0.19095983 -0.6437311   0.01021214  0.1780759   0.24476819 -0.24533959
  0.42558977] | Reward=-0.001 | Cum=-0.004 | Info={'shot_attempted': False, 'pass_attempted': False, 'goal_scored': False, 'goal_team': None, 'ball_out_by': None, 'has_ball': True, 'start_shot_bonus': False, 'start_pass_bonus': False, 'possession_lost': False}

[Step 6] Action=[ 0.19087146 -0.64361465  0.01025356  0.17800635  0.2447008  -0.24529111
  0.4254401 ] | Reward=-0.001 | Cum=-0.005 | Info={'shot_attempted': False, 'pass_attempted': False, 'goal_scored': False, 'goal_team': None, 'ball_out_by': None, 'has_ball': True, 'start_shot_bonus': False, 'start_pass_bonus': False, 'possession_lost': False}

[Step 7] Action=[ 0.19078319 -0.6434983   0.01029482  0.17793678  0.24463345 -0.2452426
  0.42529052] | Reward=-0.001 | Cum=-0.006 | Info={'shot_attempted': False, 'pass_attempted': False, 'goal_scored': False, 'goal_team': None, 'ball_out_by': None, 'has_ball': True, 'start_shot_bonus': False, 'start_pass_bonus': False, 'possession_lost': False}

[Step 8] Action=[ 0.1906948  -0.64338195  0.01033612  0.17786719  0.2445661  -0.2451941
  0.4251409 ] | Reward=-0.001 | Cum=-0.007 | Info={'shot_attempted': False, 'pass_attempted': False, 'goal_scored': False, 'goal_team': None, 'ball_out_by': None, 'has_ball': True, 'start_shot_bonus': False, 'start_pass_bonus': False, 'possession_lost': False}

[Step 9] Action=[ 0.19060634 -0.64326555  0.01037751  0.17779765  0.2444987  -0.24514557
  0.4249911 ] | Reward=-0.001 | Cum=-0.007 | Info={'shot_attempted': False, 'pass_attempted': False, 'goal_scored': False, 'goal_team': None, 'ball_out_by': None, 'has_ball': True, 'start_shot_bonus': False, 'start_pass_bonus': False, 'possession_lost': False}

[Step 10] Action=[ 0.19051807 -0.643149    0.01041883  0.17772806  0.24443129 -0.24509706
  0.42484143] | Reward=-0.001 | Cum=-0.008 | Info={'shot_attempted': False, 'pass_attempted': False, 'goal_scored': False, 'goal_team': None, 'ball_out_by': None, 'has_ball': True, 'start_shot_bonus': False, 'start_pass_bonus': False, 'possession_lost': False}

[Step 11] Action=[ 0.19042963 -0.6430325   0.0104601   0.17765844  0.24436395 -0.24504854
  0.42469165] | Reward=-0.001 | Cum=-0.009 | Info={'shot_attempted': False, 'pass_attempted': False, 'goal_scored': False, 'goal_team': None, 'ball_out_by': None, 'has_ball': True, 'start_shot_bonus': False, 'start_pass_bonus': False, 'possession_lost': False}

[Step 12] Action=[ 0.19034125 -0.6429159   0.0105015   0.1775888   0.24429652 -0.24499999
  0.42454183] | Reward=-0.001 | Cum=-0.010 | Info={'shot_attempted': False, 'pass_attempted': False, 'goal_scored': False, 'goal_team': None, 'ball_out_by': None, 'has_ball': True, 'start_shot_bonus': False, 'start_pass_bonus': False, 'possession_lost': False}

[Step 13] Action=[ 0.19025287 -0.64279926  0.01054282  0.17751925  0.24422908 -0.24495147
  0.42439198] | Reward=-0.001 | Cum=-0.011 | Info={'shot_attempted': False, 'pass_attempted': False, 'goal_scored': False, 'goal_team': None, 'ball_out_by': None, 'has_ball': True, 'start_shot_bonus': False, 'start_pass_bonus': False, 'possession_lost': False}

[Step 14] Action=[ 0.1901645  -0.6426826   0.01058415  0.17744963  0.24416167 -0.24490291
  0.42424214] | Reward=-0.001 | Cum=-0.012 | Info={'shot_attempted': False, 'pass_attempted': False, 'goal_scored': False, 'goal_team': None, 'ball_out_by': None, 'has_ball': True, 'start_shot_bonus': False, 'start_pass_bonus': False, 'possession_lost': False}

[Step 15] Action=[ 0.19007605 -0.6425659   0.0106255   0.17738     0.24409421 -0.24485439
  0.42409217] | Reward=-0.001 | Cum=-0.013 | Info={'shot_attempted': False, 'pass_attempted': False, 'goal_scored': False, 'goal_team': None, 'ball_out_by': None, 'has_ball': True, 'start_shot_bonus': False, 'start_pass_bonus': False, 'possession_lost': False}

[Step 16] Action=[ 0.18998761 -0.6424492   0.01066685  0.17731032  0.24402681 -0.2448058
  0.42394224] | Reward=-0.000 | Cum=-0.013 | Info={'shot_attempted': False, 'pass_attempted': False, 'goal_scored': False, 'goal_team': None, 'ball_out_by': None, 'has_ball': True, 'start_shot_bonus': False, 'start_pass_bonus': False, 'possession_lost': False}

[Step 17] Action=[ 0.18989919 -0.6423324   0.01070822  0.17724076  0.24395934 -0.2447573
  0.42379233] | Reward=-0.000 | Cum=-0.013 | Info={'shot_attempted': False, 'pass_attempted': False, 'goal_scored': False, 'goal_team': None, 'ball_out_by': None, 'has_ball': True, 'start_shot_bonus': False, 'start_pass_bonus': False, 'possession_lost': False}

[Step 18] Action=[ 0.18981077 -0.6422155   0.01074949  0.17717107  0.24389192 -0.24470873
  0.4236423 ] | Reward=-0.000 | Cum=-0.014 | Info={'shot_attempted': False, 'pass_attempted': False, 'goal_scored': False, 'goal_team': None, 'ball_out_by': None, 'has_ball': True, 'start_shot_bonus': False, 'start_pass_bonus': False, 'possession_lost': False}

[Step 19] Action=[ 0.18972233 -0.6420986   0.01079081  0.17710136  0.24382441 -0.24466015
  0.42349222] | Reward=-0.000 | Cum=-0.014 | Info={'shot_attempted': False, 'pass_attempted': False, 'goal_scored': False, 'goal_team': None, 'ball_out_by': None, 'has_ball': True, 'start_shot_bonus': False, 'start_pass_bonus': False, 'possession_lost': False}

[Step 20] Action=[ 0.18963392 -0.64198166  0.01083217  0.17703173  0.24375702 -0.24461158
  0.42334205] | Reward=-0.000 | Cum=-0.014 | Info={'shot_attempted': False, 'pass_attempted': False, 'goal_scored': False, 'goal_team': None, 'ball_out_by': None, 'has_ball': True, 'start_shot_bonus': False, 'start_pass_bonus': False, 'possession_lost': False}

[Step 21] Action=[ 0.18954547 -0.6418648   0.01087357  0.17696212  0.24368949 -0.24456304
  0.423192  ] | Reward=-0.000 | Cum=-0.015 | Info={'shot_attempted': False, 'pass_attempted': False, 'goal_scored': False, 'goal_team': None, 'ball_out_by': None, 'has_ball': True, 'start_shot_bonus': False, 'start_pass_bonus': False, 'possession_lost': False}

[Step 22] Action=[ 0.18945701 -0.6417478   0.01091491  0.1768924   0.24362205 -0.24451445
  0.42304182] | Reward=-0.000 | Cum=-0.015 | Info={'shot_attempted': False, 'pass_attempted': False, 'goal_scored': False, 'goal_team': None, 'ball_out_by': None, 'has_ball': True, 'start_shot_bonus': False, 'start_pass_bonus': False, 'possession_lost': False}

[Step 23] Action=[ 0.1893686  -0.6416307   0.01095624  0.17682268  0.24355452 -0.24446584
  0.42289168] | Reward=-0.000 | Cum=-0.015 | Info={'shot_attempted': False, 'pass_attempted': False, 'goal_scored': False, 'goal_team': None, 'ball_out_by': None, 'has_ball': True, 'start_shot_bonus': False, 'start_pass_bonus': False, 'possession_lost': False}

[Step 24] Action=[ 0.18928014 -0.64151365  0.01099749  0.17675298  0.24348703 -0.24441725
  0.42274144] | Reward=-0.000 | Cum=-0.016 | Info={'shot_attempted': False, 'pass_attempted': False, 'goal_scored': False, 'goal_team': None, 'ball_out_by': None, 'has_ball': True, 'start_shot_bonus': False, 'start_pass_bonus': False, 'possession_lost': False}

[Step 25] Action=[ 0.18919528 -0.6413927   0.01104151  0.17668061  0.24342266 -0.24436967
  0.42259353] | Reward=-0.000 | Cum=-0.016 | Info={'shot_attempted': False, 'pass_attempted': False, 'goal_scored': False, 'goal_team': None, 'ball_out_by': None, 'has_ball': True, 'start_shot_bonus': False, 'start_pass_bonus': False, 'possession_lost': False}

[Step 26] Action=[ 0.18912049 -0.64126146  0.01109246  0.17660083  0.24336709 -0.2443247
  0.42245224] | Reward=-0.000 | Cum=-0.017 | Info={'shot_attempted': False, 'pass_attempted': False, 'goal_scored': False, 'goal_team': None, 'ball_out_by': None, 'has_ball': True, 'start_shot_bonus': False, 'start_pass_bonus': False, 'possession_lost': False}

[Step 27] Action=[ 0.18904571 -0.6411301   0.01114339  0.17652106  0.24331138 -0.24427977
  0.42231092] | Reward=-0.001 | Cum=-0.017 | Info={'shot_attempted': False, 'pass_attempted': False, 'goal_scored': False, 'goal_team': None, 'ball_out_by': None, 'has_ball': True, 'start_shot_bonus': False, 'start_pass_bonus': False, 'possession_lost': False}

[Step 28] Action=[ 0.18897091 -0.6409987   0.01119436  0.17644128  0.24325575 -0.24423485
  0.4221695 ] | Reward=-0.001 | Cum=-0.018 | Info={'shot_attempted': False, 'pass_attempted': False, 'goal_scored': False, 'goal_team': None, 'ball_out_by': None, 'has_ball': True, 'start_shot_bonus': False, 'start_pass_bonus': False, 'possession_lost': False}

[Step 29] Action=[ 0.18889609 -0.6408673   0.01124531  0.17636144  0.2432001  -0.24418986
  0.42202818] | Reward=-0.001 | Cum=-0.019 | Info={'shot_attempted': False, 'pass_attempted': False, 'goal_scored': False, 'goal_team': None, 'ball_out_by': None, 'has_ball': True, 'start_shot_bonus': False, 'start_pass_bonus': False, 'possession_lost': False}

[Step 30] Action=[ 0.18882129 -0.6407358   0.01129633  0.17628166  0.24314441 -0.24414489
  0.42188674] | Reward=-0.001 | Cum=-0.019 | Info={'shot_attempted': False, 'pass_attempted': False, 'goal_scored': False, 'goal_team': None, 'ball_out_by': None, 'has_ball': True, 'start_shot_bonus': False, 'start_pass_bonus': False, 'possession_lost': False}

[Step 31] Action=[ 0.18874642 -0.64060426  0.01134725  0.1762018   0.24308877 -0.24409992
  0.4217453 ] | Reward=-0.001 | Cum=-0.020 | Info={'shot_attempted': False, 'pass_attempted': False, 'goal_scored': False, 'goal_team': None, 'ball_out_by': None, 'has_ball': True, 'start_shot_bonus': False, 'start_pass_bonus': False, 'possession_lost': False}

[Step 32] Action=[ 0.18867162 -0.6404727   0.01139818  0.17612202  0.24303308 -0.24405499
  0.42160386] | Reward=-0.000 | Cum=-0.020 | Info={'shot_attempted': False, 'pass_attempted': False, 'goal_scored': False, 'goal_team': None, 'ball_out_by': None, 'has_ball': True, 'start_shot_bonus': False, 'start_pass_bonus': False, 'possession_lost': False}

[Step 33] Action=[ 0.18859681 -0.64034104  0.01144915  0.17604217  0.24297743 -0.24401003
  0.4214623 ] | Reward=-0.000 | Cum=-0.020 | Info={'shot_attempted': False, 'pass_attempted': False, 'goal_scored': False, 'goal_team': None, 'ball_out_by': None, 'has_ball': True, 'start_shot_bonus': False, 'start_pass_bonus': False, 'possession_lost': False}

[Step 34] Action=[ 0.1885234  -0.64020884  0.01150042  0.17596258  0.24292049 -0.24396461
  0.42132092] | Reward=-0.000 | Cum=-0.020 | Info={'shot_attempted': False, 'pass_attempted': False, 'goal_scored': False, 'goal_team': None, 'ball_out_by': None, 'has_ball': True, 'start_shot_bonus': False, 'start_pass_bonus': False, 'possession_lost': False}

[Step 35] Action=[ 0.18845157 -0.6400767   0.01155049  0.1758874   0.24285978 -0.24391958
  0.42118242] | Reward=-0.000 | Cum=-0.020 | Info={'shot_attempted': False, 'pass_attempted': False, 'goal_scored': False, 'goal_team': None, 'ball_out_by': None, 'has_ball': True, 'start_shot_bonus': False, 'start_pass_bonus': False, 'possession_lost': False}

[Step 36] Action=[ 0.18837948 -0.6399446   0.01159974  0.17581296  0.24279915 -0.2438747
  0.4210441 ] | Reward=-0.000 | Cum=-0.020 | Info={'shot_attempted': False, 'pass_attempted': False, 'goal_scored': False, 'goal_team': None, 'ball_out_by': None, 'has_ball': True, 'start_shot_bonus': False, 'start_pass_bonus': False, 'possession_lost': False}

[Step 37] Action=[ 0.1883076  -0.63981235  0.01164697  0.17573905  0.24273935 -0.24382925
  0.42090517] | Reward=-0.000 | Cum=-0.021 | Info={'shot_attempted': False, 'pass_attempted': False, 'goal_scored': False, 'goal_team': None, 'ball_out_by': None, 'has_ball': True, 'start_shot_bonus': False, 'start_pass_bonus': False, 'possession_lost': False}

[Step 38] Action=[ 0.18823558 -0.6396801   0.0116942   0.17566514  0.24267952 -0.24378385
  0.42076614] | Reward=-0.000 | Cum=-0.021 | Info={'shot_attempted': False, 'pass_attempted': False, 'goal_scored': False, 'goal_team': None, 'ball_out_by': None, 'has_ball': True, 'start_shot_bonus': False, 'start_pass_bonus': False, 'possession_lost': False}

[Step 39] Action=[ 0.1881638  -0.6395475   0.01174245  0.17559062  0.24261917 -0.24373882
  0.4206263 ] | Reward=-0.000 | Cum=-0.021 | Info={'shot_attempted': False, 'pass_attempted': False, 'goal_scored': False, 'goal_team': None, 'ball_out_by': None, 'has_ball': True, 'start_shot_bonus': False, 'start_pass_bonus': False, 'possession_lost': False}

[Step 40] Action=[ 0.1880924  -0.6394146   0.0117929   0.17551474  0.24255748 -0.24369444
  0.42048457] | Reward=-0.000 | Cum=-0.022 | Info={'shot_attempted': False, 'pass_attempted': False, 'goal_scored': False, 'goal_team': None, 'ball_out_by': None, 'has_ball': True, 'start_shot_bonus': False, 'start_pass_bonus': False, 'possession_lost': False}

[Step 41] Action=[ 0.18802099 -0.6392817   0.01184332  0.17543887  0.24249578 -0.24365005
  0.42034274] | Reward=-0.001 | Cum=-0.022 | Info={'shot_attempted': False, 'pass_attempted': False, 'goal_scored': False, 'goal_team': None, 'ball_out_by': None, 'has_ball': True, 'start_shot_bonus': False, 'start_pass_bonus': False, 'possession_lost': False}

[Step 42] Action=[ 0.18794957 -0.63914865  0.01189377  0.175363    0.24243407 -0.2436057
  0.42020097] | Reward=-0.001 | Cum=-0.023 | Info={'shot_attempted': False, 'pass_attempted': False, 'goal_scored': False, 'goal_team': None, 'ball_out_by': None, 'has_ball': True, 'start_shot_bonus': False, 'start_pass_bonus': False, 'possession_lost': False}

[Step 43] Action=[ 0.18787813 -0.6390156   0.0119442   0.1752871   0.24237235 -0.24356128
  0.4200591 ] | Reward=-0.001 | Cum=-0.023 | Info={'shot_attempted': False, 'pass_attempted': False, 'goal_scored': False, 'goal_team': None, 'ball_out_by': None, 'has_ball': True, 'start_shot_bonus': False, 'start_pass_bonus': False, 'possession_lost': False}

[Step 44] Action=[ 0.18780668 -0.6388825   0.01199462  0.1752112   0.2423107  -0.24351694
  0.41991723] | Reward=-0.001 | Cum=-0.024 | Info={'shot_attempted': False, 'pass_attempted': False, 'goal_scored': False, 'goal_team': None, 'ball_out_by': None, 'has_ball': True, 'start_shot_bonus': False, 'start_pass_bonus': False, 'possession_lost': False}

[Step 45] Action=[ 0.18773527 -0.63874936  0.01204501  0.17513528  0.24224898 -0.24347252
  0.41977534] | Reward=-0.001 | Cum=-0.024 | Info={'shot_attempted': False, 'pass_attempted': False, 'goal_scored': False, 'goal_team': None, 'ball_out_by': None, 'has_ball': True, 'start_shot_bonus': False, 'start_pass_bonus': False, 'possession_lost': False}

[Step 46] Action=[ 0.18766382 -0.63861614  0.0120955   0.17505945  0.24218726 -0.24342814
  0.41963348] | Reward=-0.001 | Cum=-0.025 | Info={'shot_attempted': False, 'pass_attempted': False, 'goal_scored': False, 'goal_team': None, 'ball_out_by': None, 'has_ball': True, 'start_shot_bonus': False, 'start_pass_bonus': False, 'possession_lost': False}

[Step 47] Action=[ 0.1875924  -0.6384829   0.01214598  0.17498349  0.24212554 -0.24338374
  0.41949144] | Reward=-0.000 | Cum=-0.025 | Info={'shot_attempted': False, 'pass_attempted': False, 'goal_scored': False, 'goal_team': None, 'ball_out_by': None, 'has_ball': True, 'start_shot_bonus': False, 'start_pass_bonus': False, 'possession_lost': False}

[Step 48] Action=[ 0.18752092 -0.6383491   0.01219822  0.17490813  0.24206328 -0.2433386
  0.41934973] | Reward=-0.000 | Cum=-0.025 | Info={'shot_attempted': False, 'pass_attempted': False, 'goal_scored': False, 'goal_team': None, 'ball_out_by': None, 'has_ball': True, 'start_shot_bonus': False, 'start_pass_bonus': False, 'possession_lost': False}

[Step 49] Action=[ 0.18744925 -0.6382137   0.01225501  0.17483406  0.24199963 -0.24329178
  0.41920885] | Reward=-0.000 | Cum=-0.026 | Info={'shot_attempted': False, 'pass_attempted': False, 'goal_scored': False, 'goal_team': None, 'ball_out_by': None, 'has_ball': True, 'start_shot_bonus': False, 'start_pass_bonus': False, 'possession_lost': False}

[Step 50] Action=[ 0.1873777  -0.63807833  0.01231176  0.17475998  0.24193597 -0.24324489
  0.4190679 ] | Reward=-0.000 | Cum=-0.026 | Info={'shot_attempted': False, 'pass_attempted': False, 'goal_scored': False, 'goal_team': None, 'ball_out_by': None, 'has_ball': True, 'start_shot_bonus': False, 'start_pass_bonus': False, 'possession_lost': False}

[Step 51] Action=[ 0.18730608 -0.63794297  0.01236854  0.17468584  0.2418723  -0.24319805
  0.4189268 ] | Reward=-0.000 | Cum=-0.026 | Info={'shot_attempted': False, 'pass_attempted': False, 'goal_scored': False, 'goal_team': None, 'ball_out_by': None, 'has_ball': True, 'start_shot_bonus': False, 'start_pass_bonus': False, 'possession_lost': False}

[Step 52] Action=[ 0.1872345  -0.63780755  0.01242527  0.17461176  0.24180871 -0.2431512
  0.41878578] | Reward=-0.000 | Cum=-0.027 | Info={'shot_attempted': False, 'pass_attempted': False, 'goal_scored': False, 'goal_team': None, 'ball_out_by': None, 'has_ball': True, 'start_shot_bonus': False, 'start_pass_bonus': False, 'possession_lost': False}

[Step 53] Action=[ 0.18716286 -0.63767195  0.01248208  0.17453767  0.24174505 -0.24310434
  0.41864473] | Reward=-0.000 | Cum=-0.027 | Info={'shot_attempted': False, 'pass_attempted': False, 'goal_scored': False, 'goal_team': None, 'ball_out_by': None, 'has_ball': True, 'start_shot_bonus': False, 'start_pass_bonus': False, 'possession_lost': False}

[Step 54] Action=[ 0.18709128 -0.63753647  0.01253883  0.17446361  0.24168138 -0.24305744
  0.41850364] | Reward=-0.001 | Cum=-0.028 | Info={'shot_attempted': False, 'pass_attempted': False, 'goal_scored': False, 'goal_team': None, 'ball_out_by': None, 'has_ball': True, 'start_shot_bonus': False, 'start_pass_bonus': False, 'possession_lost': False}

[Step 55] Action=[ 0.18701963 -0.6374008   0.01259566  0.17438947  0.24161771 -0.2430106
  0.41836253] | Reward=-0.001 | Cum=-0.028 | Info={'shot_attempted': False, 'pass_attempted': False, 'goal_scored': False, 'goal_team': None, 'ball_out_by': None, 'has_ball': True, 'start_shot_bonus': False, 'start_pass_bonus': False, 'possession_lost': False}

[Step 56] Action=[ 0.18694797 -0.63726515  0.01265238  0.17431535  0.24155404 -0.24296372
  0.41822132] | Reward=-0.001 | Cum=-0.029 | Info={'shot_attempted': False, 'pass_attempted': False, 'goal_scored': False, 'goal_team': None, 'ball_out_by': None, 'has_ball': True, 'start_shot_bonus': False, 'start_pass_bonus': False, 'possession_lost': False}

[Step 57] Action=[ 0.18687637 -0.6371294   0.01270916  0.1742412   0.2414903  -0.24291682
  0.41808012] | Reward=-0.001 | Cum=-0.030 | Info={'shot_attempted': False, 'pass_attempted': False, 'goal_scored': False, 'goal_team': None, 'ball_out_by': None, 'has_ball': True, 'start_shot_bonus': False, 'start_pass_bonus': False, 'possession_lost': False}

[Step 58] Action=[ 0.18680476 -0.6369937   0.012766    0.17416711  0.24142668 -0.24286997
  0.41793895] | Reward=-0.001 | Cum=-0.031 | Info={'shot_attempted': False, 'pass_attempted': False, 'goal_scored': False, 'goal_team': None, 'ball_out_by': None, 'has_ball': True, 'start_shot_bonus': False, 'start_pass_bonus': False, 'possession_lost': False}

[Step 59] Action=[ 0.18673308 -0.6368579   0.01282279  0.17409301  0.24136296 -0.24282306
  0.41779774] | Reward=-0.001 | Cum=-0.031 | Info={'shot_attempted': False, 'pass_attempted': False, 'goal_scored': False, 'goal_team': None, 'ball_out_by': None, 'has_ball': True, 'start_shot_bonus': False, 'start_pass_bonus': False, 'possession_lost': False}

[Step 60] Action=[ 0.18666144 -0.636722    0.01287951  0.17401886  0.24129923 -0.2427762
  0.41765648] | Reward=-0.001 | Cum=-0.032 | Info={'shot_attempted': False, 'pass_attempted': False, 'goal_scored': False, 'goal_team': None, 'ball_out_by': None, 'has_ball': True, 'start_shot_bonus': False, 'start_pass_bonus': False, 'possession_lost': False}

[Step 61] Action=[ 0.18658979 -0.6365861   0.01293633  0.1739447   0.24123554 -0.24272929
  0.41751516] | Reward=-0.001 | Cum=-0.033 | Info={'shot_attempted': False, 'pass_attempted': False, 'goal_scored': False, 'goal_team': None, 'ball_out_by': None, 'has_ball': True, 'start_shot_bonus': False, 'start_pass_bonus': False, 'possession_lost': False}

[Step 62] Action=[ 0.18651818 -0.63645023  0.0129931   0.17387053  0.24117182 -0.2426824
  0.41737387] | Reward=-0.001 | Cum=-0.034 | Info={'shot_attempted': False, 'pass_attempted': False, 'goal_scored': False, 'goal_team': None, 'ball_out_by': None, 'has_ball': True, 'start_shot_bonus': False, 'start_pass_bonus': False, 'possession_lost': False}

[Step 63] Action=[ 0.18644652 -0.6363142   0.01304989  0.17379637  0.24110813 -0.2426355
  0.4172325 ] | Reward=-0.001 | Cum=-0.035 | Info={'shot_attempted': False, 'pass_attempted': False, 'goal_scored': False, 'goal_team': None, 'ball_out_by': None, 'has_ball': True, 'start_shot_bonus': False, 'start_pass_bonus': False, 'possession_lost': False}

[Step 64] Action=[ 0.18637474 -0.6361772   0.01310653  0.17372285  0.2410452  -0.24258909
  0.41709188] | Reward=-0.001 | Cum=-0.036 | Info={'shot_attempted': False, 'pass_attempted': False, 'goal_scored': False, 'goal_team': None, 'ball_out_by': None, 'has_ball': True, 'start_shot_bonus': False, 'start_pass_bonus': False, 'possession_lost': False}

[Step 65] Action=[ 0.18630262 -0.6360374   0.01316264  0.17365117  0.2409844  -0.24254404
  0.41695297] | Reward=-0.001 | Cum=-0.036 | Info={'shot_attempted': False, 'pass_attempted': False, 'goal_scored': False, 'goal_team': None, 'ball_out_by': None, 'has_ball': True, 'start_shot_bonus': False, 'start_pass_bonus': False, 'possession_lost': False}

[Step 66] Action=[ 0.18623056 -0.6358976   0.0132189   0.17357948  0.24092363 -0.24249898
  0.4168141 ] | Reward=-0.001 | Cum=-0.037 | Info={'shot_attempted': False, 'pass_attempted': False, 'goal_scored': False, 'goal_team': None, 'ball_out_by': None, 'has_ball': True, 'start_shot_bonus': False, 'start_pass_bonus': False, 'possession_lost': False}

[Step 67] Action=[ 0.18615846 -0.63575757  0.01327499  0.17350775  0.24086285 -0.24245395
  0.41667515] | Reward=-0.001 | Cum=-0.038 | Info={'shot_attempted': False, 'pass_attempted': False, 'goal_scored': False, 'goal_team': None, 'ball_out_by': None, 'has_ball': True, 'start_shot_bonus': False, 'start_pass_bonus': False, 'possession_lost': False}

[Step 68] Action=[ 0.18608636 -0.6356176   0.01333113  0.173436    0.24080206 -0.24240887
  0.41653624] | Reward=-0.001 | Cum=-0.039 | Info={'shot_attempted': False, 'pass_attempted': False, 'goal_scored': False, 'goal_team': None, 'ball_out_by': None, 'has_ball': True, 'start_shot_bonus': False, 'start_pass_bonus': False, 'possession_lost': False}

[Step 69] Action=[ 0.18601424 -0.6354777   0.01338731  0.17336425  0.24074128 -0.24236378
  0.41639727] | Reward=-0.001 | Cum=-0.040 | Info={'shot_attempted': False, 'pass_attempted': False, 'goal_scored': False, 'goal_team': None, 'ball_out_by': None, 'has_ball': True, 'start_shot_bonus': False, 'start_pass_bonus': False, 'possession_lost': False}

[Step 70] Action=[ 0.18594216 -0.63533765  0.01344345  0.1732925   0.2406805  -0.2423187
  0.41625825] | Reward=-0.001 | Cum=-0.041 | Info={'shot_attempted': False, 'pass_attempted': False, 'goal_scored': False, 'goal_team': None, 'ball_out_by': None, 'has_ball': True, 'start_shot_bonus': False, 'start_pass_bonus': False, 'possession_lost': False}

[Step 71] Action=[ 0.18586999 -0.6351975   0.01349953  0.17322075  0.24061972 -0.24227366
  0.41611925] | Reward=-0.001 | Cum=-0.042 | Info={'shot_attempted': False, 'pass_attempted': False, 'goal_scored': False, 'goal_team': None, 'ball_out_by': None, 'has_ball': True, 'start_shot_bonus': False, 'start_pass_bonus': False, 'possession_lost': False}

[Step 72] Action=[ 0.18579787 -0.6350574   0.01355575  0.17314903  0.24055892 -0.2422286
  0.41598016] | Reward=-0.001 | Cum=-0.043 | Info={'shot_attempted': False, 'pass_attempted': False, 'goal_scored': False, 'goal_team': None, 'ball_out_by': None, 'has_ball': True, 'start_shot_bonus': False, 'start_pass_bonus': False, 'possession_lost': False}

[Step 73] Action=[ 0.18572575 -0.6349172   0.01361191  0.17307729  0.24049808 -0.24218352
  0.4158411 ] | Reward=-0.001 | Cum=-0.045 | Info={'shot_attempted': False, 'pass_attempted': False, 'goal_scored': False, 'goal_team': None, 'ball_out_by': None, 'has_ball': True, 'start_shot_bonus': False, 'start_pass_bonus': False, 'possession_lost': False}

[Step 74] Action=[ 0.18565363 -0.6347769   0.01366807  0.17300557  0.2404373  -0.24213843
  0.41570202] | Reward=-0.001 | Cum=-0.046 | Info={'shot_attempted': False, 'pass_attempted': False, 'goal_scored': False, 'goal_team': None, 'ball_out_by': None, 'has_ball': True, 'start_shot_bonus': False, 'start_pass_bonus': False, 'possession_lost': False}

[Step 75] Action=[ 0.18558145 -0.6346366   0.01372424  0.1729338   0.24037644 -0.24209335
  0.41556287] | Reward=-0.001 | Cum=-0.048 | Info={'shot_attempted': False, 'pass_attempted': False, 'goal_scored': False, 'goal_team': None, 'ball_out_by': None, 'has_ball': True, 'start_shot_bonus': False, 'start_pass_bonus': False, 'possession_lost': False}

[Step 76] Action=[ 0.18550941 -0.6344962   0.01378035  0.172862    0.24031565 -0.24204826
  0.4154237 ] | Reward=-0.002 | Cum=-0.049 | Info={'shot_attempted': False, 'pass_attempted': False, 'goal_scored': False, 'goal_team': None, 'ball_out_by': None, 'has_ball': True, 'start_shot_bonus': False, 'start_pass_bonus': False, 'possession_lost': False}

[Step 77] Action=[ 0.18543926 -0.6343601   0.0138292   0.17279091  0.24025786 -0.24200208
  0.41528887] | Reward=-0.002 | Cum=-0.051 | Info={'shot_attempted': False, 'pass_attempted': False, 'goal_scored': False, 'goal_team': None, 'ball_out_by': None, 'has_ball': True, 'start_shot_bonus': False, 'start_pass_bonus': False, 'possession_lost': False}

[Step 78] Action=[ 0.18537173 -0.6342291   0.01386852  0.17272061  0.24020405 -0.24195455
  0.41515943] | Reward=-0.002 | Cum=-0.053 | Info={'shot_attempted': False, 'pass_attempted': False, 'goal_scored': False, 'goal_team': None, 'ball_out_by': None, 'has_ball': True, 'start_shot_bonus': False, 'start_pass_bonus': False, 'possession_lost': False}

[Step 79] Action=[ 0.18530414 -0.63409805  0.01390795  0.17265037  0.24015024 -0.24190696
  0.41502997] | Reward=-0.001 | Cum=-0.054 | Info={'shot_attempted': False, 'pass_attempted': False, 'goal_scored': False, 'goal_team': None, 'ball_out_by': None, 'has_ball': True, 'start_shot_bonus': False, 'start_pass_bonus': False, 'possession_lost': False}

[Step 80] Action=[ 0.18523657 -0.6339671   0.0139473   0.17258005  0.24009646 -0.24185936
  0.4149005 ] | Reward=-0.001 | Cum=-0.055 | Info={'shot_attempted': False, 'pass_attempted': False, 'goal_scored': False, 'goal_team': None, 'ball_out_by': None, 'has_ball': True, 'start_shot_bonus': False, 'start_pass_bonus': False, 'possession_lost': False}

[Step 81] Action=[ 0.18516906 -0.6338359   0.0139867   0.17250976  0.24004254 -0.24181178
  0.41477105] | Reward=-0.002 | Cum=-0.057 | Info={'shot_attempted': False, 'pass_attempted': False, 'goal_scored': False, 'goal_team': None, 'ball_out_by': None, 'has_ball': True, 'start_shot_bonus': False, 'start_pass_bonus': False, 'possession_lost': False}

[Step 82] Action=[ 0.18510152 -0.63370484  0.01402606  0.1724395   0.23998879 -0.24176423
  0.41464144] | Reward=-0.002 | Cum=-0.059 | Info={'shot_attempted': False, 'pass_attempted': False, 'goal_scored': False, 'goal_team': None, 'ball_out_by': None, 'has_ball': True, 'start_shot_bonus': False, 'start_pass_bonus': False, 'possession_lost': False}

[Step 83] Action=[ 0.18503404 -0.63357365  0.01406543  0.17236923  0.23993489 -0.24171662
  0.41451192] | Reward=-0.002 | Cum=-0.060 | Info={'shot_attempted': False, 'pass_attempted': False, 'goal_scored': False, 'goal_team': None, 'ball_out_by': None, 'has_ball': True, 'start_shot_bonus': False, 'start_pass_bonus': False, 'possession_lost': False}

[Step 84] Action=[ 0.1849665  -0.63344246  0.01410485  0.17229891  0.23988104 -0.24166903
  0.4143824 ] | Reward=-0.002 | Cum=-0.062 | Info={'shot_attempted': False, 'pass_attempted': False, 'goal_scored': False, 'goal_team': None, 'ball_out_by': None, 'has_ball': True, 'start_shot_bonus': False, 'start_pass_bonus': False, 'possession_lost': False}

[Step 85] Action=[ 0.18489888 -0.6333113   0.01414422  0.1722286   0.2398272  -0.2416214
  0.4142528 ] | Reward=-0.002 | Cum=-0.064 | Info={'shot_attempted': False, 'pass_attempted': False, 'goal_scored': False, 'goal_team': None, 'ball_out_by': None, 'has_ball': True, 'start_shot_bonus': False, 'start_pass_bonus': False, 'possession_lost': False}

[Step 86] Action=[ 0.18482906 -0.63318264  0.01418224  0.17215873  0.2397748  -0.2415745
  0.41412553] | Reward=-0.002 | Cum=-0.066 | Info={'shot_attempted': False, 'pass_attempted': False, 'goal_scored': False, 'goal_team': None, 'ball_out_by': None, 'has_ball': True, 'start_shot_bonus': False, 'start_pass_bonus': False, 'possession_lost': False}

[Step 87] Action=[ 0.1847592  -0.63305396  0.01422035  0.17208883  0.23972234 -0.24152757
  0.4139982 ] | Reward=-0.002 | Cum=-0.068 | Info={'shot_attempted': False, 'pass_attempted': False, 'goal_scored': False, 'goal_team': None, 'ball_out_by': None, 'has_ball': True, 'start_shot_bonus': False, 'start_pass_bonus': False, 'possession_lost': False}

[Step 88] Action=[ 0.18468934 -0.6329252   0.01425842  0.17201896  0.23966984 -0.24148063
  0.41387093] | Reward=-0.002 | Cum=-0.070 | Info={'shot_attempted': False, 'pass_attempted': False, 'goal_scored': False, 'goal_team': None, 'ball_out_by': None, 'has_ball': True, 'start_shot_bonus': False, 'start_pass_bonus': False, 'possession_lost': False}

[Step 89] Action=[ 0.18461946 -0.6327964   0.01429647  0.17194909  0.23961735 -0.24143371
  0.4137436 ] | Reward=-0.002 | Cum=-0.072 | Info={'shot_attempted': False, 'pass_attempted': False, 'goal_scored': False, 'goal_team': None, 'ball_out_by': None, 'has_ball': True, 'start_shot_bonus': False, 'start_pass_bonus': False, 'possession_lost': False}

[Step 90] Action=[ 0.1845496  -0.6326676   0.01433452  0.17187916  0.2395649  -0.24138676
  0.41361624] | Reward=-0.002 | Cum=-0.075 | Info={'shot_attempted': False, 'pass_attempted': False, 'goal_scored': False, 'goal_team': None, 'ball_out_by': None, 'has_ball': True, 'start_shot_bonus': False, 'start_pass_bonus': False, 'possession_lost': False}

[Step 91] Action=[ 0.18447974 -0.63253874  0.01437266  0.17180929  0.23951244 -0.24133985
  0.41348884] | Reward=-0.002 | Cum=-0.077 | Info={'shot_attempted': False, 'pass_attempted': False, 'goal_scored': False, 'goal_team': None, 'ball_out_by': None, 'has_ball': True, 'start_shot_bonus': False, 'start_pass_bonus': False, 'possession_lost': False}

[Step 92] Action=[ 0.18440989 -0.6324099   0.01441072  0.17173935  0.23945996 -0.24129283
  0.41336146] | Reward=-0.002 | Cum=-0.080 | Info={'shot_attempted': False, 'pass_attempted': False, 'goal_scored': False, 'goal_team': None, 'ball_out_by': None, 'has_ball': True, 'start_shot_bonus': False, 'start_pass_bonus': False, 'possession_lost': False}

[Step 93] Action=[ 0.18433996 -0.6322809   0.01444878  0.17166947  0.23940752 -0.24124596
  0.41323403] | Reward=-0.002 | Cum=-0.082 | Info={'shot_attempted': False, 'pass_attempted': False, 'goal_scored': False, 'goal_team': None, 'ball_out_by': None, 'has_ball': True, 'start_shot_bonus': False, 'start_pass_bonus': False, 'possession_lost': False}

[Step 94] Action=[ 0.18427017 -0.6321519   0.01448683  0.17159954  0.23935501 -0.24119897
  0.41310656] | Reward=-0.003 | Cum=-0.085 | Info={'shot_attempted': False, 'pass_attempted': False, 'goal_scored': False, 'goal_team': None, 'ball_out_by': None, 'has_ball': True, 'start_shot_bonus': False, 'start_pass_bonus': False, 'possession_lost': False}

[Step 95] Action=[ 0.18420029 -0.63202286  0.01452494  0.17152959  0.2393025  -0.24115199
  0.41297907] | Reward=-0.002 | Cum=-0.088 | Info={'shot_attempted': False, 'pass_attempted': False, 'goal_scored': False, 'goal_team': None, 'ball_out_by': None, 'has_ball': True, 'start_shot_bonus': False, 'start_pass_bonus': False, 'possession_lost': False}

[Step 96] Action=[ 0.18413039 -0.6318939   0.01456299  0.1714597   0.23925002 -0.24110505
  0.4128516 ] | Reward=-0.002 | Cum=-0.090 | Info={'shot_attempted': False, 'pass_attempted': False, 'goal_scored': False, 'goal_team': None, 'ball_out_by': None, 'has_ball': True, 'start_shot_bonus': False, 'start_pass_bonus': False, 'possession_lost': False}

[Step 97] Action=[ 0.18406051 -0.6317647   0.0146011   0.1713897   0.23919754 -0.24105807
  0.41272402] | Reward=-0.002 | Cum=-0.092 | Info={'shot_attempted': False, 'pass_attempted': False, 'goal_scored': False, 'goal_team': None, 'ball_out_by': None, 'has_ball': True, 'start_shot_bonus': False, 'start_pass_bonus': False, 'possession_lost': False}

[Step 98] Action=[ 0.1839906  -0.63163555  0.01463918  0.17131981  0.23914494 -0.24101107
  0.4125965 ] | Reward=-0.003 | Cum=-0.095 | Info={'shot_attempted': False, 'pass_attempted': False, 'goal_scored': False, 'goal_team': None, 'ball_out_by': None, 'has_ball': True, 'start_shot_bonus': False, 'start_pass_bonus': False, 'possession_lost': False}

[Step 99] Action=[ 0.18392071 -0.6315063   0.01467725  0.17124984  0.23909247 -0.24096411
  0.4124689 ] | Reward=-0.003 | Cum=-0.098 | Info={'shot_attempted': False, 'pass_attempted': False, 'goal_scored': False, 'goal_team': None, 'ball_out_by': None, 'has_ball': True, 'start_shot_bonus': False, 'start_pass_bonus': False, 'possession_lost': False}

[Step 100] Action=[ 0.18385082 -0.6313771   0.01471534  0.17117992  0.23903996 -0.24091716
  0.4123414 ] | Reward=-0.003 | Cum=-0.101 | Info={'shot_attempted': False, 'pass_attempted': False, 'goal_scored': False, 'goal_team': None, 'ball_out_by': None, 'has_ball': True, 'start_shot_bonus': False, 'start_pass_bonus': False, 'possession_lost': False}

[Step 101] Action=[ 0.18378091 -0.6312479   0.01475342  0.17110993  0.23898743 -0.24087016
  0.4122137 ] | Reward=-0.003 | Cum=-0.104 | Info={'shot_attempted': False, 'pass_attempted': False, 'goal_scored': False, 'goal_team': None, 'ball_out_by': None, 'has_ball': True, 'start_shot_bonus': False, 'start_pass_bonus': False, 'possession_lost': False}

[Step 102] Action=[ 0.18371104 -0.63111854  0.01479151  0.17103995  0.23893492 -0.24082318
  0.41208604] | Reward=-0.003 | Cum=-0.107 | Info={'shot_attempted': False, 'pass_attempted': False, 'goal_scored': False, 'goal_team': None, 'ball_out_by': None, 'has_ball': True, 'start_shot_bonus': False, 'start_pass_bonus': False, 'possession_lost': False}

[Step 103] Action=[ 0.18364108 -0.63098913  0.01482959  0.17097002  0.2388824  -0.24077624
  0.41195843] | Reward=-0.003 | Cum=-0.110 | Info={'shot_attempted': False, 'pass_attempted': False, 'goal_scored': False, 'goal_team': None, 'ball_out_by': None, 'has_ball': True, 'start_shot_bonus': False, 'start_pass_bonus': False, 'possession_lost': False}

[Step 104] Action=[ 0.18357119 -0.63085973  0.01486767  0.17090005  0.23882982 -0.24072921
  0.41183078] | Reward=-0.003 | Cum=-0.114 | Info={'shot_attempted': False, 'pass_attempted': False, 'goal_scored': False, 'goal_team': None, 'ball_out_by': None, 'has_ball': True, 'start_shot_bonus': False, 'start_pass_bonus': False, 'possession_lost': False}

[Step 105] Action=[ 0.1835013  -0.6307303   0.01490578  0.17083006  0.2387773  -0.24068224
  0.41170302] | Reward=-0.003 | Cum=-0.117 | Info={'shot_attempted': False, 'pass_attempted': False, 'goal_scored': False, 'goal_team': None, 'ball_out_by': None, 'has_ball': True, 'start_shot_bonus': False, 'start_pass_bonus': False, 'possession_lost': False}

[Step 106] Action=[ 0.18343139 -0.6306008   0.01494381  0.17076004  0.23872474 -0.24063523
  0.41157532] | Reward=-0.003 | Cum=-0.120 | Info={'shot_attempted': False, 'pass_attempted': False, 'goal_scored': False, 'goal_team': None, 'ball_out_by': None, 'has_ball': True, 'start_shot_bonus': False, 'start_pass_bonus': False, 'possession_lost': False}

[Step 107] Action=[ 0.18336144 -0.6304713   0.01498192  0.17069004  0.23867215 -0.24058823
  0.41144755] | Reward=-0.004 | Cum=-0.124 | Info={'shot_attempted': False, 'pass_attempted': False, 'goal_scored': False, 'goal_team': None, 'ball_out_by': None, 'has_ball': True, 'start_shot_bonus': False, 'start_pass_bonus': False, 'possession_lost': False}

[Step 108] Action=[ 0.18329147 -0.63034165  0.01502008  0.17062008  0.23861966 -0.2405412
  0.41131976] | Reward=-0.004 | Cum=-0.128 | Info={'shot_attempted': False, 'pass_attempted': False, 'goal_scored': False, 'goal_team': None, 'ball_out_by': None, 'has_ball': True, 'start_shot_bonus': False, 'start_pass_bonus': False, 'possession_lost': False}

[Step 109] Action=[ 0.18322162 -0.63021207  0.01505814  0.17055012  0.23856707 -0.2404942
  0.411192  ] | Reward=-0.004 | Cum=-0.132 | Info={'shot_attempted': False, 'pass_attempted': False, 'goal_scored': False, 'goal_team': None, 'ball_out_by': None, 'has_ball': True, 'start_shot_bonus': False, 'start_pass_bonus': False, 'possession_lost': False}

[Step 110] Action=[ 0.18315174 -0.63008237  0.01509625  0.1704801   0.23851448 -0.24044721
  0.41106415] | Reward=-0.004 | Cum=-0.136 | Info={'shot_attempted': False, 'pass_attempted': False, 'goal_scored': False, 'goal_team': None, 'ball_out_by': None, 'has_ball': True, 'start_shot_bonus': False, 'start_pass_bonus': False, 'possession_lost': False}

[Step 111] Action=[ 0.18308178 -0.6299526   0.01513428  0.17041007  0.23846193 -0.24040018
  0.4109363 ] | Reward=-0.003 | Cum=-0.139 | Info={'shot_attempted': False, 'pass_attempted': False, 'goal_scored': False, 'goal_team': None, 'ball_out_by': None, 'has_ball': True, 'start_shot_bonus': False, 'start_pass_bonus': False, 'possession_lost': False}

[Step 112] Action=[ 0.18301186 -0.6298229   0.01517239  0.17034008  0.23840933 -0.24035317
  0.41080844] | Reward=-0.004 | Cum=-0.143 | Info={'shot_attempted': False, 'pass_attempted': False, 'goal_scored': False, 'goal_team': None, 'ball_out_by': None, 'has_ball': True, 'start_shot_bonus': False, 'start_pass_bonus': False, 'possession_lost': False}

[Step 113] Action=[ 0.18295282 -0.6296957   0.01521017  0.17027383  0.23835893 -0.24031126
  0.41068643] | Reward=-0.004 | Cum=-0.147 | Info={'shot_attempted': False, 'pass_attempted': False, 'goal_scored': False, 'goal_team': None, 'ball_out_by': None, 'has_ball': True, 'start_shot_bonus': False, 'start_pass_bonus': False, 'possession_lost': False}

[Step 114] Action=[ 0.1828959  -0.62956905  0.01524785  0.17020836  0.23830888 -0.24027035
  0.41056544] | Reward=-0.004 | Cum=-0.151 | Info={'shot_attempted': False, 'pass_attempted': False, 'goal_scored': False, 'goal_team': None, 'ball_out_by': None, 'has_ball': True, 'start_shot_bonus': False, 'start_pass_bonus': False, 'possession_lost': False}

[Step 115] Action=[ 0.1828389  -0.6294423   0.01528566  0.1701429   0.23825887 -0.24022944
  0.4104444 ] | Reward=-0.004 | Cum=-0.155 | Info={'shot_attempted': False, 'pass_attempted': False, 'goal_scored': False, 'goal_team': None, 'ball_out_by': None, 'has_ball': True, 'start_shot_bonus': False, 'start_pass_bonus': False, 'possession_lost': False}

[Step 116] Action=[ 0.18278195 -0.6293155   0.01532333  0.17007738  0.2382088  -0.24018848
  0.4103234 ] | Reward=-0.004 | Cum=-0.159 | Info={'shot_attempted': False, 'pass_attempted': False, 'goal_scored': False, 'goal_team': None, 'ball_out_by': None, 'has_ball': True, 'start_shot_bonus': False, 'start_pass_bonus': False, 'possession_lost': False}

[Step 117] Action=[ 0.18272497 -0.6291887   0.01536101  0.1700119   0.23815879 -0.24014756
  0.4102024 ] | Reward=-0.004 | Cum=-0.163 | Info={'shot_attempted': False, 'pass_attempted': False, 'goal_scored': False, 'goal_team': None, 'ball_out_by': None, 'has_ball': True, 'start_shot_bonus': False, 'start_pass_bonus': False, 'possession_lost': False}

[Step 118] Action=[ 0.18266802 -0.6290618   0.01539878  0.1699464   0.23810874 -0.24010661
  0.41008133] | Reward=-0.004 | Cum=-0.168 | Info={'shot_attempted': False, 'pass_attempted': False, 'goal_scored': False, 'goal_team': None, 'ball_out_by': None, 'has_ball': True, 'start_shot_bonus': False, 'start_pass_bonus': False, 'possession_lost': False}

[Step 119] Action=[ 0.18261096 -0.628935    0.01543651  0.16988091  0.23805873 -0.24006565
  0.40996024] | Reward=-0.004 | Cum=-0.172 | Info={'shot_attempted': False, 'pass_attempted': False, 'goal_scored': False, 'goal_team': None, 'ball_out_by': None, 'has_ball': True, 'start_shot_bonus': False, 'start_pass_bonus': False, 'possession_lost': False}

[Step 120] Action=[ 0.18255407 -0.6288081   0.01547422  0.1698154   0.23800866 -0.24002472
  0.40983915] | Reward=-0.004 | Cum=-0.176 | Info={'shot_attempted': False, 'pass_attempted': False, 'goal_scored': False, 'goal_team': None, 'ball_out_by': None, 'has_ball': True, 'start_shot_bonus': False, 'start_pass_bonus': False, 'possession_lost': False}

[Step 121] Action=[ 0.18249707 -0.62868106  0.01551191  0.16974986  0.23795864 -0.23998377
  0.4097181 ] | Reward=-0.005 | Cum=-0.181 | Info={'shot_attempted': False, 'pass_attempted': False, 'goal_scored': False, 'goal_team': None, 'ball_out_by': None, 'has_ball': True, 'start_shot_bonus': False, 'start_pass_bonus': False, 'possession_lost': False}

[Step 122] Action=[ 0.1824401  -0.62855405  0.01554964  0.16968435  0.23790857 -0.2399428
  0.40959692] | Reward=-0.005 | Cum=-0.186 | Info={'shot_attempted': False, 'pass_attempted': False, 'goal_scored': False, 'goal_team': None, 'ball_out_by': None, 'has_ball': True, 'start_shot_bonus': False, 'start_pass_bonus': False, 'possession_lost': False}

[Step 123] Action=[ 0.1823831  -0.62842697  0.01558739  0.16961883  0.23785853 -0.23990187
  0.40947577] | Reward=-0.005 | Cum=-0.191 | Info={'shot_attempted': False, 'pass_attempted': False, 'goal_scored': False, 'goal_team': None, 'ball_out_by': None, 'has_ball': True, 'start_shot_bonus': False, 'start_pass_bonus': False, 'possession_lost': False}

[Step 124] Action=[ 0.18232614 -0.6282999   0.01562507  0.16955332  0.23780848 -0.2398609
  0.40935466] | Reward=-0.005 | Cum=-0.196 | Info={'shot_attempted': False, 'pass_attempted': False, 'goal_scored': False, 'goal_team': None, 'ball_out_by': None, 'has_ball': True, 'start_shot_bonus': False, 'start_pass_bonus': False, 'possession_lost': False}

[Step 125] Action=[ 0.18226911 -0.62817276  0.01566286  0.16948782  0.23775837 -0.23981996
  0.40923348] | Reward=-0.005 | Cum=-0.202 | Info={'shot_attempted': False, 'pass_attempted': False, 'goal_scored': False, 'goal_team': None, 'ball_out_by': None, 'has_ball': True, 'start_shot_bonus': False, 'start_pass_bonus': False, 'possession_lost': False}

[Step 126] Action=[ 0.18221211 -0.6280456   0.01570052  0.16942228  0.23770833 -0.23977898
  0.40911224] | Reward=-0.005 | Cum=-0.207 | Info={'shot_attempted': False, 'pass_attempted': False, 'goal_scored': False, 'goal_team': None, 'ball_out_by': None, 'has_ball': True, 'start_shot_bonus': False, 'start_pass_bonus': False, 'possession_lost': False}

[Step 127] Action=[ 0.18215515 -0.6279184   0.01573832  0.16935678  0.23765822 -0.23973808
  0.408991  ] | Reward=-0.005 | Cum=-0.212 | Info={'shot_attempted': False, 'pass_attempted': False, 'goal_scored': False, 'goal_team': None, 'ball_out_by': None, 'has_ball': True, 'start_shot_bonus': False, 'start_pass_bonus': False, 'possession_lost': False}

[Step 128] Action=[ 0.18209817 -0.62779117  0.01577604  0.16929124  0.23760816 -0.23969708
  0.40886983] | Reward=-0.005 | Cum=-0.217 | Info={'shot_attempted': False, 'pass_attempted': False, 'goal_scored': False, 'goal_team': None, 'ball_out_by': None, 'has_ball': True, 'start_shot_bonus': False, 'start_pass_bonus': False, 'possession_lost': False}

[Step 129] Action=[ 0.18204115 -0.6276639   0.01581372  0.16922566  0.23755814 -0.23965612
  0.4087485 ] | Reward=-0.006 | Cum=-0.223 | Info={'shot_attempted': False, 'pass_attempted': False, 'goal_scored': False, 'goal_team': None, 'ball_out_by': None, 'has_ball': True, 'start_shot_bonus': False, 'start_pass_bonus': False, 'possession_lost': False}

[Step 130] Action=[ 0.18198413 -0.62753654  0.01585147  0.16916013  0.23750806 -0.23961513
  0.40862727] | Reward=-0.006 | Cum=-0.228 | Info={'shot_attempted': False, 'pass_attempted': False, 'goal_scored': False, 'goal_team': None, 'ball_out_by': None, 'has_ball': True, 'start_shot_bonus': False, 'start_pass_bonus': False, 'possession_lost': False}

[Step 131] Action=[ 0.18192713 -0.6274092   0.01588922  0.16909458  0.237458   -0.2395742
  0.40850598] | Reward=-0.006 | Cum=-0.234 | Info={'shot_attempted': False, 'pass_attempted': False, 'goal_scored': False, 'goal_team': None, 'ball_out_by': None, 'has_ball': True, 'start_shot_bonus': False, 'start_pass_bonus': False, 'possession_lost': False}

[Step 132] Action=[ 0.18187013 -0.6272818   0.01592695  0.16902904  0.2374079  -0.23953322
  0.40838465] | Reward=-0.006 | Cum=-0.239 | Info={'shot_attempted': False, 'pass_attempted': False, 'goal_scored': False, 'goal_team': None, 'ball_out_by': None, 'has_ball': True, 'start_shot_bonus': False, 'start_pass_bonus': False, 'possession_lost': False}

[Step 133] Action=[ 0.18181315 -0.6271544   0.01596464  0.16896346  0.23735775 -0.23949227
  0.40826327] | Reward=-0.006 | Cum=-0.245 | Info={'shot_attempted': False, 'pass_attempted': False, 'goal_scored': False, 'goal_team': None, 'ball_out_by': None, 'has_ball': True, 'start_shot_bonus': False, 'start_pass_bonus': False, 'possession_lost': False}

[Step 134] Action=[ 0.1817562  -0.627027    0.01600235  0.1688979   0.23730762 -0.2394513
  0.40814197] | Reward=-0.006 | Cum=-0.251 | Info={'shot_attempted': False, 'pass_attempted': False, 'goal_scored': False, 'goal_team': None, 'ball_out_by': None, 'has_ball': True, 'start_shot_bonus': False, 'start_pass_bonus': False, 'possession_lost': False}

[Step 135] Action=[ 0.18169913 -0.6268994   0.01604011  0.16883238  0.23725757 -0.2394103
  0.4080206 ] | Reward=-0.006 | Cum=-0.257 | Info={'shot_attempted': False, 'pass_attempted': False, 'goal_scored': False, 'goal_team': None, 'ball_out_by': None, 'has_ball': True, 'start_shot_bonus': False, 'start_pass_bonus': False, 'possession_lost': False}

[Step 136] Action=[ 0.18164213 -0.6267719   0.01607782  0.16876677  0.23720747 -0.23936932
  0.4078992 ] | Reward=-0.006 | Cum=-0.263 | Info={'shot_attempted': False, 'pass_attempted': False, 'goal_scored': False, 'goal_team': None, 'ball_out_by': None, 'has_ball': True, 'start_shot_bonus': False, 'start_pass_bonus': False, 'possession_lost': False}

[Step 137] Action=[ 0.18158518 -0.62664425  0.01611552  0.16870125  0.23715733 -0.2393283
  0.40777782] | Reward=-0.006 | Cum=-0.269 | Info={'shot_attempted': False, 'pass_attempted': False, 'goal_scored': False, 'goal_team': None, 'ball_out_by': None, 'has_ball': True, 'start_shot_bonus': False, 'start_pass_bonus': False, 'possession_lost': False}

[Step 138] Action=[ 0.18152808 -0.6265167   0.0161533   0.16863558  0.23710726 -0.23928733
  0.40765637] | Reward=-0.007 | Cum=-0.276 | Info={'shot_attempted': False, 'pass_attempted': False, 'goal_scored': False, 'goal_team': None, 'ball_out_by': None, 'has_ball': True, 'start_shot_bonus': False, 'start_pass_bonus': False, 'possession_lost': False}

[Step 139] Action=[ 0.18147114 -0.626389    0.01619105  0.16857004  0.2370571  -0.23924634
  0.40753493] | Reward=-0.007 | Cum=-0.282 | Info={'shot_attempted': False, 'pass_attempted': False, 'goal_scored': False, 'goal_team': None, 'ball_out_by': None, 'has_ball': True, 'start_shot_bonus': False, 'start_pass_bonus': False, 'possession_lost': False}

[Step 140] Action=[ 0.18141407 -0.62626135  0.01622874  0.16850446  0.23700702 -0.23920536
  0.40741345] | Reward=-0.007 | Cum=-0.289 | Info={'shot_attempted': False, 'pass_attempted': False, 'goal_scored': False, 'goal_team': None, 'ball_out_by': None, 'has_ball': True, 'start_shot_bonus': False, 'start_pass_bonus': False, 'possession_lost': False}

[Step 141] Action=[ 0.18135706 -0.62613356  0.01626649  0.1684389   0.23695686 -0.23916435
  0.407292  ] | Reward=-0.007 | Cum=-0.295 | Info={'shot_attempted': False, 'pass_attempted': False, 'goal_scored': False, 'goal_team': None, 'ball_out_by': None, 'has_ball': True, 'start_shot_bonus': False, 'start_pass_bonus': False, 'possession_lost': False}

[Step 142] Action=[ 0.1813001  -0.6260058   0.01630425  0.16837332  0.23690674 -0.23912337
  0.40717047] | Reward=-0.006 | Cum=-0.302 | Info={'shot_attempted': False, 'pass_attempted': False, 'goal_scored': False, 'goal_team': None, 'ball_out_by': None, 'has_ball': True, 'start_shot_bonus': False, 'start_pass_bonus': False, 'possession_lost': False}

[Step 143] Action=[ 0.18124302 -0.625878    0.01634199  0.16830772  0.23685667 -0.23908237
  0.40704894] | Reward=-0.007 | Cum=-0.308 | Info={'shot_attempted': False, 'pass_attempted': False, 'goal_scored': False, 'goal_team': None, 'ball_out_by': None, 'has_ball': True, 'start_shot_bonus': False, 'start_pass_bonus': False, 'possession_lost': False}

[Step 144] Action=[ 0.18118602 -0.6257501   0.01637974  0.16824208  0.23680654 -0.23904137
  0.40692735] | Reward=-0.007 | Cum=-0.315 | Info={'shot_attempted': False, 'pass_attempted': False, 'goal_scored': False, 'goal_team': None, 'ball_out_by': None, 'has_ball': True, 'start_shot_bonus': False, 'start_pass_bonus': False, 'possession_lost': False}

[Step 145] Action=[ 0.18112898 -0.6256222   0.01641743  0.16817649  0.2367564  -0.23900035
  0.40680584] | Reward=-0.007 | Cum=-0.322 | Info={'shot_attempted': False, 'pass_attempted': False, 'goal_scored': False, 'goal_team': None, 'ball_out_by': None, 'has_ball': True, 'start_shot_bonus': False, 'start_pass_bonus': False, 'possession_lost': False}

[Step 146] Action=[ 0.18107171 -0.6254955   0.0164557   0.16810727  0.23670205 -0.23895536
  0.40668055] | Reward=-0.007 | Cum=-0.329 | Info={'shot_attempted': False, 'pass_attempted': False, 'goal_scored': False, 'goal_team': None, 'ball_out_by': None, 'has_ball': True, 'start_shot_bonus': False, 'start_pass_bonus': False, 'possession_lost': False}

[Step 147] Action=[ 0.18101436 -0.6253695   0.01649422  0.16803572  0.23664516 -0.2389079
  0.40655288] | Reward=-0.007 | Cum=-0.336 | Info={'shot_attempted': False, 'pass_attempted': False, 'goal_scored': False, 'goal_team': None, 'ball_out_by': None, 'has_ball': True, 'start_shot_bonus': False, 'start_pass_bonus': False, 'possession_lost': False}

[Step 148] Action=[ 0.18095781 -0.62524533  0.01653415  0.1679635   0.23658867 -0.23885949
  0.40642422] | Reward=-0.007 | Cum=-0.343 | Info={'shot_attempted': False, 'pass_attempted': False, 'goal_scored': False, 'goal_team': None, 'ball_out_by': None, 'has_ball': True, 'start_shot_bonus': False, 'start_pass_bonus': False, 'possession_lost': False}

[Step 149] Action=[ 0.18090336 -0.6251261   0.01657781  0.16788934  0.23653358 -0.23880862
  0.40629295] | Reward=-0.007 | Cum=-0.351 | Info={'shot_attempted': False, 'pass_attempted': False, 'goal_scored': False, 'goal_team': None, 'ball_out_by': None, 'has_ball': True, 'start_shot_bonus': False, 'start_pass_bonus': False, 'possession_lost': False}

[Step 150] Action=[ 0.18084902 -0.62500685  0.01662156  0.16781525  0.23647852 -0.2387578
  0.4061616 ] | Reward=-0.007 | Cum=-0.358 | Info={'shot_attempted': False, 'pass_attempted': False, 'goal_scored': False, 'goal_team': None, 'ball_out_by': None, 'has_ball': True, 'start_shot_bonus': False, 'start_pass_bonus': False, 'possession_lost': False}

[Step 151] Action=[ 0.18079457 -0.6248876   0.01666526  0.1677411   0.23642343 -0.23870693
  0.40603024] | Reward=-0.007 | Cum=-0.365 | Info={'shot_attempted': False, 'pass_attempted': False, 'goal_scored': False, 'goal_team': None, 'ball_out_by': None, 'has_ball': True, 'start_shot_bonus': False, 'start_pass_bonus': False, 'possession_lost': False}

[Step 152] Action=[ 0.18074016 -0.62476826  0.01670898  0.16766702  0.23636831 -0.23865607
  0.40589887] | Reward=-0.008 | Cum=-0.373 | Info={'shot_attempted': False, 'pass_attempted': False, 'goal_scored': False, 'goal_team': None, 'ball_out_by': None, 'has_ball': True, 'start_shot_bonus': False, 'start_pass_bonus': False, 'possession_lost': False}

[Step 153] Action=[ 0.18068574 -0.6246488   0.0167527   0.1675929   0.23631322 -0.23860523
  0.40576753] | Reward=-0.008 | Cum=-0.381 | Info={'shot_attempted': False, 'pass_attempted': False, 'goal_scored': False, 'goal_team': None, 'ball_out_by': None, 'has_ball': True, 'start_shot_bonus': False, 'start_pass_bonus': False, 'possession_lost': False}

[Step 154] Action=[ 0.1806313  -0.6245294   0.01679635  0.16751875  0.23625815 -0.23855433
  0.40563604] | Reward=-0.008 | Cum=-0.389 | Info={'shot_attempted': False, 'pass_attempted': False, 'goal_scored': False, 'goal_team': None, 'ball_out_by': None, 'has_ball': True, 'start_shot_bonus': False, 'start_pass_bonus': False, 'possession_lost': False}

[Step 155] Action=[ 0.18057697 -0.62441     0.01684007  0.16744456  0.23620306 -0.23850347
  0.40550467] | Reward=-0.008 | Cum=-0.397 | Info={'shot_attempted': False, 'pass_attempted': False, 'goal_scored': False, 'goal_team': None, 'ball_out_by': None, 'has_ball': True, 'start_shot_bonus': False, 'start_pass_bonus': False, 'possession_lost': False}

[Step 156] Action=[ 0.18052246 -0.6242905   0.01688377  0.16737044  0.23614791 -0.23845258
  0.40537322] | Reward=-0.008 | Cum=-0.405 | Info={'shot_attempted': False, 'pass_attempted': False, 'goal_scored': False, 'goal_team': None, 'ball_out_by': None, 'has_ball': True, 'start_shot_bonus': False, 'start_pass_bonus': False, 'possession_lost': False}

[Step 157] Action=[ 0.18046808 -0.62417096  0.01692747  0.16729628  0.2360928  -0.23840173
  0.40524176] | Reward=-0.008 | Cum=-0.414 | Info={'shot_attempted': False, 'pass_attempted': False, 'goal_scored': False, 'goal_team': None, 'ball_out_by': None, 'has_ball': True, 'start_shot_bonus': False, 'start_pass_bonus': False, 'possession_lost': False}

[Step 158] Action=[ 0.18041368 -0.62405145  0.01697124  0.16722211  0.23603767 -0.23835085
  0.4051103 ] | Reward=-0.008 | Cum=-0.422 | Info={'shot_attempted': False, 'pass_attempted': False, 'goal_scored': False, 'goal_team': None, 'ball_out_by': None, 'has_ball': True, 'start_shot_bonus': False, 'start_pass_bonus': False, 'possession_lost': False}

[Step 159] Action=[ 0.18035924 -0.6239319   0.01701492  0.16714795  0.23598257 -0.23829997
  0.40497878] | Reward=-0.008 | Cum=-0.430 | Info={'shot_attempted': False, 'pass_attempted': False, 'goal_scored': False, 'goal_team': None, 'ball_out_by': None, 'has_ball': True, 'start_shot_bonus': False, 'start_pass_bonus': False, 'possession_lost': False}

[Step 160] Action=[ 0.18030481 -0.6238123   0.01705863  0.16707379  0.23592746 -0.23824906
  0.40484723] | Reward=-0.008 | Cum=-0.438 | Info={'shot_attempted': False, 'pass_attempted': False, 'goal_scored': False, 'goal_team': None, 'ball_out_by': None, 'has_ball': True, 'start_shot_bonus': False, 'start_pass_bonus': False, 'possession_lost': False}

[Step 161] Action=[ 0.18025039 -0.62369263  0.01710238  0.1669996   0.23587233 -0.23819818
  0.40471566] | Reward=-0.009 | Cum=-0.446 | Info={'shot_attempted': False, 'pass_attempted': False, 'goal_scored': False, 'goal_team': None, 'ball_out_by': None, 'has_ball': True, 'start_shot_bonus': False, 'start_pass_bonus': False, 'possession_lost': False}

[Step 162] Action=[ 0.180196   -0.6235729   0.01714602  0.16692546  0.2358172  -0.23814729
  0.40458408] | Reward=-0.009 | Cum=-0.455 | Info={'shot_attempted': False, 'pass_attempted': False, 'goal_scored': False, 'goal_team': None, 'ball_out_by': None, 'has_ball': True, 'start_shot_bonus': False, 'start_pass_bonus': False, 'possession_lost': False}

[Step 163] Action=[ 0.18014158 -0.62345326  0.01718975  0.16685124  0.23576203 -0.23809637
  0.40445247] | Reward=-0.009 | Cum=-0.464 | Info={'shot_attempted': False, 'pass_attempted': False, 'goal_scored': False, 'goal_team': None, 'ball_out_by': None, 'has_ball': True, 'start_shot_bonus': False, 'start_pass_bonus': False, 'possession_lost': False}

[Step 164] Action=[ 0.18008713 -0.62333345  0.01723344  0.16677709  0.23570693 -0.2380455
  0.4043209 ] | Reward=-0.009 | Cum=-0.472 | Info={'shot_attempted': False, 'pass_attempted': False, 'goal_scored': False, 'goal_team': None, 'ball_out_by': None, 'has_ball': True, 'start_shot_bonus': False, 'start_pass_bonus': False, 'possession_lost': False}

[Step 165] Action=[ 0.18003272 -0.6232137   0.01727722  0.16670291  0.2356518  -0.2379946
  0.4041892 ] | Reward=-0.009 | Cum=-0.481 | Info={'shot_attempted': False, 'pass_attempted': False, 'goal_scored': False, 'goal_team': None, 'ball_out_by': None, 'has_ball': True, 'start_shot_bonus': False, 'start_pass_bonus': False, 'possession_lost': False}

[Step 166] Action=[ 0.17997827 -0.6230939   0.01732091  0.16662875  0.23559664 -0.23794372
  0.40405753] | Reward=-0.009 | Cum=-0.491 | Info={'shot_attempted': False, 'pass_attempted': False, 'goal_scored': False, 'goal_team': None, 'ball_out_by': None, 'has_ball': True, 'start_shot_bonus': False, 'start_pass_bonus': False, 'possession_lost': False}

[Step 167] Action=[ 0.17992376 -0.6229741   0.0173646   0.16655448  0.23554151 -0.23789276
  0.40392587] | Reward=-0.009 | Cum=-0.500 | Info={'shot_attempted': False, 'pass_attempted': False, 'goal_scored': False, 'goal_team': None, 'ball_out_by': None, 'has_ball': True, 'start_shot_bonus': False, 'start_pass_bonus': False, 'possession_lost': False}

[Step 168] Action=[ 0.17986935 -0.62285405  0.01740834  0.16648033  0.23548636 -0.2378419
  0.40379417] | Reward=-0.009 | Cum=-0.509 | Info={'shot_attempted': False, 'pass_attempted': False, 'goal_scored': False, 'goal_team': None, 'ball_out_by': None, 'has_ball': True, 'start_shot_bonus': False, 'start_pass_bonus': False, 'possession_lost': False}

[Step 169] Action=[ 0.17981496 -0.6227342   0.01745199  0.16640612  0.23543118 -0.23779099
  0.40366247] | Reward=-0.010 | Cum=-0.519 | Info={'shot_attempted': False, 'pass_attempted': False, 'goal_scored': False, 'goal_team': None, 'ball_out_by': None, 'has_ball': True, 'start_shot_bonus': False, 'start_pass_bonus': False, 'possession_lost': False}

[Step 170] Action=[ 0.1797605  -0.62261426  0.01749577  0.16633187  0.23537603 -0.2377401
  0.4035307 ] | Reward=-0.010 | Cum=-0.528 | Info={'shot_attempted': False, 'pass_attempted': False, 'goal_scored': False, 'goal_team': None, 'ball_out_by': None, 'has_ball': True, 'start_shot_bonus': False, 'start_pass_bonus': False, 'possession_lost': False}

[Step 171] Action=[ 0.17970602 -0.6224942   0.01753945  0.16625763  0.23532085 -0.23768917
  0.4033989 ] | Reward=-0.010 | Cum=-0.538 | Info={'shot_attempted': False, 'pass_attempted': False, 'goal_scored': False, 'goal_team': None, 'ball_out_by': None, 'has_ball': True, 'start_shot_bonus': False, 'start_pass_bonus': False, 'possession_lost': False}

[Step 172] Action=[ 0.17965163 -0.62237424  0.01758323  0.16618352  0.23526567 -0.23763824
  0.40326715] | Reward=-0.010 | Cum=-0.548 | Info={'shot_attempted': False, 'pass_attempted': False, 'goal_scored': False, 'goal_team': None, 'ball_out_by': None, 'has_ball': True, 'start_shot_bonus': False, 'start_pass_bonus': False, 'possession_lost': False}

[Step 173] Action=[ 0.17959712 -0.6222542   0.01762692  0.16610926  0.23521052 -0.23758732
  0.4031354 ] | Reward=-0.010 | Cum=-0.558 | Info={'shot_attempted': False, 'pass_attempted': False, 'goal_scored': False, 'goal_team': None, 'ball_out_by': None, 'has_ball': True, 'start_shot_bonus': False, 'start_pass_bonus': False, 'possession_lost': False}

[Step 174] Action=[ 0.1795427  -0.6221341   0.01767068  0.16603504  0.23515537 -0.23753642
  0.40300348] | Reward=-0.010 | Cum=-0.568 | Info={'shot_attempted': False, 'pass_attempted': False, 'goal_scored': False, 'goal_team': None, 'ball_out_by': None, 'has_ball': True, 'start_shot_bonus': False, 'start_pass_bonus': False, 'possession_lost': False}

[Step 175] Action=[ 0.17948855 -0.62201464  0.01771619  0.16596146  0.23510024 -0.23748513
  0.40287253] | Reward=-0.010 | Cum=-0.577 | Info={'shot_attempted': False, 'pass_attempted': False, 'goal_scored': False, 'goal_team': None, 'ball_out_by': None, 'has_ball': True, 'start_shot_bonus': False, 'start_pass_bonus': False, 'possession_lost': False}

[Step 176] Action=[ 0.17944475 -0.62189996  0.01776924  0.16589217  0.23504424 -0.23743492
  0.4027456 ] | Reward=-0.010 | Cum=-0.587 | Info={'shot_attempted': False, 'pass_attempted': False, 'goal_scored': False, 'goal_team': None, 'ball_out_by': None, 'has_ball': True, 'start_shot_bonus': False, 'start_pass_bonus': False, 'possession_lost': False}

[Step 177] Action=[ 0.17940089 -0.6217853   0.01782226  0.16582292  0.23498833 -0.2373848
  0.40261865] | Reward=-0.010 | Cum=-0.597 | Info={'shot_attempted': False, 'pass_attempted': False, 'goal_scored': False, 'goal_team': None, 'ball_out_by': None, 'has_ball': True, 'start_shot_bonus': False, 'start_pass_bonus': False, 'possession_lost': False}

[Step 178] Action=[ 0.1793571  -0.6216704   0.01787526  0.1657536   0.23493244 -0.23733465
  0.40249163] | Reward=-0.055 | Cum=-0.652 | Info={'shot_attempted': False, 'pass_attempted': False, 'goal_scored': False, 'goal_team': None, 'ball_out_by': None, 'has_ball': True, 'start_shot_bonus': False, 'start_pass_bonus': False, 'possession_lost': False}

[Step 179] Action=[ 0.17931324 -0.62155575  0.01792829  0.1656843   0.23487648 -0.2372845
  0.4023646 ] | Reward=-1.555 | Cum=-2.207 | Info={'shot_attempted': False, 'pass_attempted': False, 'goal_scored': False, 'goal_team': None, 'ball_out_by': 'att_1', 'has_ball': True, 'start_shot_bonus': False, 'start_pass_bonus': False, 'possession_lost': False}

