Debug log for att_2 (Episode 200)
================================================================================
[Step 1] Action=[-0.10520495  0.14803268  0.          0.25240925  0.08058689  0.4386096
 -0.15370217] | Reward=-0.003 | Cum=-0.003 | Info={'shot_attempted': False, 'pass_attempted': False, 'goal_scored': False, 'goal_team': None, 'ball_out_by': None, 'has_ball': False, 'start_shot_bonus': False, 'start_pass_bonus': False, 'possession_lost': False}

[Step 2] Action=[-0.10528769  0.14795989  0.          0.252225    0.08028721  0.4381835
 -0.15332364] | Reward=-0.003 | Cum=-0.007 | Info={'shot_attempted': False, 'pass_attempted': False, 'goal_scored': False, 'goal_team': None, 'ball_out_by': None, 'has_ball': False, 'start_shot_bonus': False, 'start_pass_bonus': False, 'possession_lost': False}

[Step 3] Action=[-0.10530268  0.14795895  0.          0.25219294  0.08024355  0.43810418
 -0.15326054] | Reward=-0.003 | Cum=-0.010 | Info={'shot_attempted': False, 'pass_attempted': False, 'goal_scored': False, 'goal_team': None, 'ball_out_by': None, 'has_ball': False, 'start_shot_bonus': False, 'start_pass_bonus': False, 'possession_lost': False}

[Step 4] Action=[-0.10531771  0.14795831  0.          0.25216153  0.08020037  0.4380254
 -0.15319769] | Reward=-0.003 | Cum=-0.014 | Info={'shot_attempted': False, 'pass_attempted': False, 'goal_scored': False, 'goal_team': None, 'ball_out_by': None, 'has_ball': False, 'start_shot_bonus': False, 'start_pass_bonus': False, 'possession_lost': False}

[Step 5] Action=[-0.10533284  0.1479577   0.          0.2521301   0.08015727  0.43794668
 -0.15313482] | Reward=-0.003 | Cum=-0.017 | Info={'shot_attempted': False, 'pass_attempted': False, 'goal_scored': False, 'goal_team': None, 'ball_out_by': None, 'has_ball': False, 'start_shot_bonus': False, 'start_pass_bonus': False, 'possession_lost': False}

[Step 6] Action=[-0.10534789  0.14795704  0.          0.25209865  0.08011401  0.4378679
 -0.15307195] | Reward=-0.004 | Cum=-0.021 | Info={'shot_attempted': False, 'pass_attempted': False, 'goal_scored': False, 'goal_team': None, 'ball_out_by': None, 'has_ball': False, 'start_shot_bonus': False, 'start_pass_bonus': False, 'possession_lost': False}

[Step 7] Action=[-0.10536298  0.14795634  0.          0.25206724  0.08007085  0.43778905
 -0.15300909] | Reward=-0.004 | Cum=-0.024 | Info={'shot_attempted': False, 'pass_attempted': False, 'goal_scored': False, 'goal_team': None, 'ball_out_by': None, 'has_ball': False, 'start_shot_bonus': False, 'start_pass_bonus': False, 'possession_lost': False}

[Step 8] Action=[-0.10537802  0.14795566  0.          0.25203586  0.08002765  0.43771026
 -0.1529462 ] | Reward=-0.004 | Cum=-0.029 | Info={'shot_attempted': False, 'pass_attempted': False, 'goal_scored': False, 'goal_team': None, 'ball_out_by': None, 'has_ball': False, 'start_shot_bonus': False, 'start_pass_bonus': False, 'possession_lost': False}

[Step 9] Action=[-0.1053931   0.14795502  0.          0.25200438  0.0799845   0.43763146
 -0.1528833 ] | Reward=-0.004 | Cum=-0.033 | Info={'shot_attempted': False, 'pass_attempted': False, 'goal_scored': False, 'goal_team': None, 'ball_out_by': None, 'has_ball': False, 'start_shot_bonus': False, 'start_pass_bonus': False, 'possession_lost': False}

[Step 10] Action=[-0.10540822  0.14795436  0.          0.2519729   0.07994128  0.43755263
 -0.15282044] | Reward=-0.004 | Cum=-0.037 | Info={'shot_attempted': False, 'pass_attempted': False, 'goal_scored': False, 'goal_team': None, 'ball_out_by': None, 'has_ball': False, 'start_shot_bonus': False, 'start_pass_bonus': False, 'possession_lost': False}

[Step 11] Action=[-0.10542387  0.14795381  0.          0.25194174  0.07989812  0.43747377
 -0.15275715] | Reward=-0.005 | Cum=-0.042 | Info={'shot_attempted': False, 'pass_attempted': False, 'goal_scored': False, 'goal_team': None, 'ball_out_by': None, 'has_ball': False, 'start_shot_bonus': False, 'start_pass_bonus': False, 'possession_lost': False}

[Step 12] Action=[-0.10544176  0.14795364  0.          0.25191194  0.07985499  0.4373949
 -0.15269248] | Reward=-0.005 | Cum=-0.046 | Info={'shot_attempted': False, 'pass_attempted': False, 'goal_scored': False, 'goal_team': None, 'ball_out_by': None, 'has_ball': False, 'start_shot_bonus': False, 'start_pass_bonus': False, 'possession_lost': False}

[Step 13] Action=[-0.10545962  0.14795345  0.          0.25188202  0.0798119   0.437316
 -0.15262783] | Reward=-0.005 | Cum=-0.051 | Info={'shot_attempted': False, 'pass_attempted': False, 'goal_scored': False, 'goal_team': None, 'ball_out_by': None, 'has_ball': False, 'start_shot_bonus': False, 'start_pass_bonus': False, 'possession_lost': False}

[Step 14] Action=[-0.10547753  0.14795335  0.          0.2518521   0.07976877  0.4372371
 -0.15256315] | Reward=-0.005 | Cum=-0.055 | Info={'shot_attempted': False, 'pass_attempted': False, 'goal_scored': False, 'goal_team': None, 'ball_out_by': None, 'has_ball': False, 'start_shot_bonus': False, 'start_pass_bonus': False, 'possession_lost': False}

[Step 15] Action=[-0.10549545  0.14795318  0.          0.25182223  0.07972566  0.4371582
 -0.15249844] | Reward=-0.005 | Cum=-0.060 | Info={'shot_attempted': False, 'pass_attempted': False, 'goal_scored': False, 'goal_team': None, 'ball_out_by': None, 'has_ball': False, 'start_shot_bonus': False, 'start_pass_bonus': False, 'possession_lost': False}

[Step 16] Action=[-0.1055134   0.14795302  0.          0.2517923   0.07968254  0.43707928
 -0.15243375] | Reward=-0.005 | Cum=-0.066 | Info={'shot_attempted': False, 'pass_attempted': False, 'goal_scored': False, 'goal_team': None, 'ball_out_by': None, 'has_ball': False, 'start_shot_bonus': False, 'start_pass_bonus': False, 'possession_lost': False}

[Step 17] Action=[-0.10553126  0.14795281  0.          0.25176245  0.0796394   0.43700036
 -0.15236902] | Reward=-0.005 | Cum=-0.071 | Info={'shot_attempted': False, 'pass_attempted': False, 'goal_scored': False, 'goal_team': None, 'ball_out_by': None, 'has_ball': False, 'start_shot_bonus': False, 'start_pass_bonus': False, 'possession_lost': False}

[Step 18] Action=[-0.10554918  0.14795265  0.          0.2517325   0.07959629  0.4369214
 -0.15230434] | Reward=-0.005 | Cum=-0.076 | Info={'shot_attempted': False, 'pass_attempted': False, 'goal_scored': False, 'goal_team': None, 'ball_out_by': None, 'has_ball': False, 'start_shot_bonus': False, 'start_pass_bonus': False, 'possession_lost': False}

[Step 19] Action=[-0.10556713  0.14795251  0.          0.2517026   0.07955314  0.43684244
 -0.15223962] | Reward=-0.005 | Cum=-0.082 | Info={'shot_attempted': False, 'pass_attempted': False, 'goal_scored': False, 'goal_team': None, 'ball_out_by': None, 'has_ball': False, 'start_shot_bonus': False, 'start_pass_bonus': False, 'possession_lost': False}

[Step 20] Action=[-0.10558502  0.14795235  0.          0.2516727   0.07951001  0.4367635
 -0.15217493] | Reward=-0.005 | Cum=-0.087 | Info={'shot_attempted': False, 'pass_attempted': False, 'goal_scored': False, 'goal_team': None, 'ball_out_by': None, 'has_ball': False, 'start_shot_bonus': False, 'start_pass_bonus': False, 'possession_lost': False}

[Step 21] Action=[-0.10560291  0.14795212  0.          0.25164276  0.07946683  0.43668446
 -0.15211022] | Reward=-0.006 | Cum=-0.093 | Info={'shot_attempted': False, 'pass_attempted': False, 'goal_scored': False, 'goal_team': None, 'ball_out_by': None, 'has_ball': False, 'start_shot_bonus': False, 'start_pass_bonus': False, 'possession_lost': False}

[Step 22] Action=[-0.10562082  0.14795198  0.          0.25161284  0.07942363  0.43660548
 -0.15204547] | Reward=-0.006 | Cum=-0.099 | Info={'shot_attempted': False, 'pass_attempted': False, 'goal_scored': False, 'goal_team': None, 'ball_out_by': None, 'has_ball': False, 'start_shot_bonus': False, 'start_pass_bonus': False, 'possession_lost': False}

[Step 23] Action=[-0.10563871  0.14795183  0.          0.2515829   0.0793805   0.4365264
 -0.15198071] | Reward=-0.006 | Cum=-0.105 | Info={'shot_attempted': False, 'pass_attempted': False, 'goal_scored': False, 'goal_team': None, 'ball_out_by': None, 'has_ball': False, 'start_shot_bonus': False, 'start_pass_bonus': False, 'possession_lost': False}

[Step 24] Action=[-0.1056566   0.14795162  0.          0.2515529   0.07933733  0.4364474
 -0.15191597] | Reward=-0.006 | Cum=-0.112 | Info={'shot_attempted': False, 'pass_attempted': False, 'goal_scored': False, 'goal_team': None, 'ball_out_by': None, 'has_ball': False, 'start_shot_bonus': False, 'start_pass_bonus': False, 'possession_lost': False}

[Step 25] Action=[-0.10567451  0.14795147  0.          0.25152293  0.07929415  0.43636835
 -0.15185116] | Reward=-0.006 | Cum=-0.118 | Info={'shot_attempted': False, 'pass_attempted': False, 'goal_scored': False, 'goal_team': None, 'ball_out_by': None, 'has_ball': False, 'start_shot_bonus': False, 'start_pass_bonus': False, 'possession_lost': False}

[Step 26] Action=[-0.10569246  0.14795126  0.          0.251493    0.07925101  0.43628928
 -0.1517864 ] | Reward=-0.006 | Cum=-0.124 | Info={'shot_attempted': False, 'pass_attempted': False, 'goal_scored': False, 'goal_team': None, 'ball_out_by': None, 'has_ball': False, 'start_shot_bonus': False, 'start_pass_bonus': False, 'possession_lost': False}

[Step 27] Action=[-0.10571035  0.14795117  0.          0.25146312  0.07920776  0.43621013
 -0.15172166] | Reward=-0.007 | Cum=-0.131 | Info={'shot_attempted': False, 'pass_attempted': False, 'goal_scored': False, 'goal_team': None, 'ball_out_by': None, 'has_ball': False, 'start_shot_bonus': False, 'start_pass_bonus': False, 'possession_lost': False}

[Step 28] Action=[-0.10572827  0.14795098  0.          0.2514331   0.07916462  0.43613106
 -0.15165687] | Reward=-0.007 | Cum=-0.137 | Info={'shot_attempted': False, 'pass_attempted': False, 'goal_scored': False, 'goal_team': None, 'ball_out_by': None, 'has_ball': False, 'start_shot_bonus': False, 'start_pass_bonus': False, 'possession_lost': False}

[Step 29] Action=[-0.10574616  0.14795074  0.          0.25140315  0.07912142  0.436052
 -0.15159209] | Reward=-0.007 | Cum=-0.144 | Info={'shot_attempted': False, 'pass_attempted': False, 'goal_scored': False, 'goal_team': None, 'ball_out_by': None, 'has_ball': False, 'start_shot_bonus': False, 'start_pass_bonus': False, 'possession_lost': False}

[Step 30] Action=[-0.10576405  0.14795057  0.          0.25137317  0.0790782   0.43597287
 -0.15152727] | Reward=-0.007 | Cum=-0.151 | Info={'shot_attempted': False, 'pass_attempted': False, 'goal_scored': False, 'goal_team': None, 'ball_out_by': None, 'has_ball': False, 'start_shot_bonus': False, 'start_pass_bonus': False, 'possession_lost': False}

[Step 31] Action=[-0.10578199  0.14795044  0.          0.2513432   0.079035    0.43589368
 -0.15146245] | Reward=-0.007 | Cum=-0.158 | Info={'shot_attempted': False, 'pass_attempted': False, 'goal_scored': False, 'goal_team': None, 'ball_out_by': None, 'has_ball': False, 'start_shot_bonus': False, 'start_pass_bonus': False, 'possession_lost': False}

[Step 32] Action=[-0.10579938  0.14794996  0.          0.2513134   0.07899147  0.435813
 -0.15139769] | Reward=-0.007 | Cum=-0.165 | Info={'shot_attempted': False, 'pass_attempted': False, 'goal_scored': False, 'goal_team': None, 'ball_out_by': None, 'has_ball': False, 'start_shot_bonus': False, 'start_pass_bonus': False, 'possession_lost': False}

[Step 33] Action=[-0.10581555  0.14794873  0.          0.25128397  0.07894726  0.43572882
 -0.15133287] | Reward=-0.007 | Cum=-0.173 | Info={'shot_attempted': False, 'pass_attempted': False, 'goal_scored': False, 'goal_team': None, 'ball_out_by': None, 'has_ball': False, 'start_shot_bonus': False, 'start_pass_bonus': False, 'possession_lost': False}

[Step 34] Action=[-0.10583179  0.14794753  0.          0.25125453  0.07890303  0.43564457
 -0.15126802] | Reward=-0.007 | Cum=-0.180 | Info={'shot_attempted': False, 'pass_attempted': False, 'goal_scored': False, 'goal_team': None, 'ball_out_by': None, 'has_ball': False, 'start_shot_bonus': False, 'start_pass_bonus': False, 'possession_lost': False}

[Step 35] Action=[-0.105848    0.14794637  0.          0.25122508  0.07885877  0.43556035
 -0.15120317] | Reward=-0.007 | Cum=-0.188 | Info={'shot_attempted': False, 'pass_attempted': False, 'goal_scored': False, 'goal_team': None, 'ball_out_by': None, 'has_ball': False, 'start_shot_bonus': False, 'start_pass_bonus': False, 'possession_lost': False}

[Step 36] Action=[-0.1058642   0.14794512  0.          0.25119567  0.07881457  0.43547606
 -0.15113838] | Reward=-0.007 | Cum=-0.195 | Info={'shot_attempted': False, 'pass_attempted': False, 'goal_scored': False, 'goal_team': None, 'ball_out_by': None, 'has_ball': False, 'start_shot_bonus': False, 'start_pass_bonus': False, 'possession_lost': False}

[Step 37] Action=[-0.10588045  0.14794393  0.          0.25116616  0.07877029  0.43539178
 -0.15107352] | Reward=-0.008 | Cum=-0.203 | Info={'shot_attempted': False, 'pass_attempted': False, 'goal_scored': False, 'goal_team': None, 'ball_out_by': None, 'has_ball': False, 'start_shot_bonus': False, 'start_pass_bonus': False, 'possession_lost': False}

[Step 38] Action=[-0.10589662  0.14794272  0.          0.25113675  0.07872605  0.43530753
 -0.15100864] | Reward=-0.008 | Cum=-0.211 | Info={'shot_attempted': False, 'pass_attempted': False, 'goal_scored': False, 'goal_team': None, 'ball_out_by': None, 'has_ball': False, 'start_shot_bonus': False, 'start_pass_bonus': False, 'possession_lost': False}

[Step 39] Action=[-0.10591286  0.14794153  0.          0.25110728  0.07868182  0.43522325
 -0.15094377] | Reward=-0.008 | Cum=-0.219 | Info={'shot_attempted': False, 'pass_attempted': False, 'goal_scored': False, 'goal_team': None, 'ball_out_by': None, 'has_ball': False, 'start_shot_bonus': False, 'start_pass_bonus': False, 'possession_lost': False}

[Step 40] Action=[-0.10592907  0.14794028  0.          0.25107777  0.07863756  0.43513894
 -0.15087886] | Reward=-0.008 | Cum=-0.227 | Info={'shot_attempted': False, 'pass_attempted': False, 'goal_scored': False, 'goal_team': None, 'ball_out_by': None, 'has_ball': False, 'start_shot_bonus': False, 'start_pass_bonus': False, 'possession_lost': False}

[Step 41] Action=[-0.1059453   0.14793912  0.          0.2510483   0.07859331  0.43505463
 -0.150814  ] | Reward=-0.008 | Cum=-0.236 | Info={'shot_attempted': False, 'pass_attempted': False, 'goal_scored': False, 'goal_team': None, 'ball_out_by': None, 'has_ball': False, 'start_shot_bonus': False, 'start_pass_bonus': False, 'possession_lost': False}

[Step 42] Action=[-0.10596275  0.14793919  0.          0.25102052  0.07854922  0.43497097
 -0.150754  ] | Reward=-0.009 | Cum=-0.244 | Info={'shot_attempted': False, 'pass_attempted': False, 'goal_scored': False, 'goal_team': None, 'ball_out_by': None, 'has_ball': False, 'start_shot_bonus': False, 'start_pass_bonus': False, 'possession_lost': False}

[Step 43] Action=[-0.10598155  0.14793746  0.          0.250994    0.0785082   0.43488723
 -0.1506935 ] | Reward=-0.009 | Cum=-0.253 | Info={'shot_attempted': False, 'pass_attempted': False, 'goal_scored': False, 'goal_team': None, 'ball_out_by': None, 'has_ball': False, 'start_shot_bonus': False, 'start_pass_bonus': False, 'possession_lost': False}

[Step 44] Action=[-0.10599964  0.14793596  0.          0.25096983  0.07846947  0.4348051
 -0.15063415] | Reward=-0.009 | Cum=-0.262 | Info={'shot_attempted': False, 'pass_attempted': False, 'goal_scored': False, 'goal_team': None, 'ball_out_by': None, 'has_ball': False, 'start_shot_bonus': False, 'start_pass_bonus': False, 'possession_lost': False}

[Step 45] Action=[-0.10601768  0.14793445  0.          0.25094563  0.07843073  0.4347228
 -0.15057467] | Reward=-0.009 | Cum=-0.270 | Info={'shot_attempted': False, 'pass_attempted': False, 'goal_scored': False, 'goal_team': None, 'ball_out_by': None, 'has_ball': False, 'start_shot_bonus': False, 'start_pass_bonus': False, 'possession_lost': False}

[Step 46] Action=[-0.10603571  0.14793296  0.          0.25092146  0.07839204  0.43464056
 -0.15051529] | Reward=-0.009 | Cum=-0.279 | Info={'shot_attempted': False, 'pass_attempted': False, 'goal_scored': False, 'goal_team': None, 'ball_out_by': None, 'has_ball': False, 'start_shot_bonus': False, 'start_pass_bonus': False, 'possession_lost': False}

[Step 47] Action=[-0.10605342  0.14792985  0.          0.25089827  0.07835513  0.43455666
 -0.15045695] | Reward=-0.009 | Cum=-0.288 | Info={'shot_attempted': False, 'pass_attempted': False, 'goal_scored': False, 'goal_team': None, 'ball_out_by': None, 'has_ball': False, 'start_shot_bonus': False, 'start_pass_bonus': False, 'possession_lost': False}

[Step 48] Action=[-0.10607104  0.14792654  0.          0.2508752   0.07831831  0.43447274
 -0.15039869] | Reward=-0.009 | Cum=-0.298 | Info={'shot_attempted': False, 'pass_attempted': False, 'goal_scored': False, 'goal_team': None, 'ball_out_by': None, 'has_ball': False, 'start_shot_bonus': False, 'start_pass_bonus': False, 'possession_lost': False}

[Step 49] Action=[-0.10608872  0.14792326  0.          0.25085208  0.07828146  0.43438885
 -0.15034038] | Reward=-0.009 | Cum=-0.307 | Info={'shot_attempted': False, 'pass_attempted': False, 'goal_scored': False, 'goal_team': None, 'ball_out_by': None, 'has_ball': False, 'start_shot_bonus': False, 'start_pass_bonus': False, 'possession_lost': False}

[Step 50] Action=[-0.10610637  0.14792001  0.          0.25082898  0.07824464  0.43430492
 -0.15028211] | Reward=-0.009 | Cum=-0.317 | Info={'shot_attempted': False, 'pass_attempted': False, 'goal_scored': False, 'goal_team': None, 'ball_out_by': None, 'has_ball': False, 'start_shot_bonus': False, 'start_pass_bonus': False, 'possession_lost': False}

[Step 51] Action=[-0.10612408  0.14791675  0.          0.25080588  0.07820786  0.4342209
 -0.15022379] | Reward=-0.009 | Cum=-0.326 | Info={'shot_attempted': False, 'pass_attempted': False, 'goal_scored': False, 'goal_team': None, 'ball_out_by': None, 'has_ball': False, 'start_shot_bonus': False, 'start_pass_bonus': False, 'possession_lost': False}

[Step 52] Action=[-0.1061417   0.14791341  0.          0.2507828   0.07817102  0.434137
 -0.15016551] | Reward=-0.009 | Cum=-0.335 | Info={'shot_attempted': False, 'pass_attempted': False, 'goal_scored': False, 'goal_team': None, 'ball_out_by': None, 'has_ball': False, 'start_shot_bonus': False, 'start_pass_bonus': False, 'possession_lost': False}

[Step 53] Action=[-0.10615935  0.14791016  0.          0.25075963  0.07813416  0.43405294
 -0.15010719] | Reward=-0.010 | Cum=-0.345 | Info={'shot_attempted': False, 'pass_attempted': False, 'goal_scored': False, 'goal_team': None, 'ball_out_by': None, 'has_ball': False, 'start_shot_bonus': False, 'start_pass_bonus': False, 'possession_lost': False}

[Step 54] Action=[-0.10617706  0.1479069   0.          0.25073656  0.07809733  0.43396893
 -0.1500489 ] | Reward=-0.010 | Cum=-0.355 | Info={'shot_attempted': False, 'pass_attempted': False, 'goal_scored': False, 'goal_team': None, 'ball_out_by': None, 'has_ball': False, 'start_shot_bonus': False, 'start_pass_bonus': False, 'possession_lost': False}

[Step 55] Action=[-0.10619471  0.1479036   0.          0.25071344  0.07806043  0.4338849
 -0.14999057] | Reward=-0.010 | Cum=-0.366 | Info={'shot_attempted': False, 'pass_attempted': False, 'goal_scored': False, 'goal_team': None, 'ball_out_by': None, 'has_ball': False, 'start_shot_bonus': False, 'start_pass_bonus': False, 'possession_lost': False}

[Step 56] Action=[-0.10621236  0.14790031  0.          0.2506903   0.07802359  0.43380085
 -0.14993222] | Reward=-0.010 | Cum=-0.376 | Info={'shot_attempted': False, 'pass_attempted': False, 'goal_scored': False, 'goal_team': None, 'ball_out_by': None, 'has_ball': False, 'start_shot_bonus': False, 'start_pass_bonus': False, 'possession_lost': False}

[Step 57] Action=[-0.10623001  0.14789705  0.          0.25066718  0.07798671  0.4337168
 -0.14987393] | Reward=-0.010 | Cum=-0.386 | Info={'shot_attempted': False, 'pass_attempted': False, 'goal_scored': False, 'goal_team': None, 'ball_out_by': None, 'has_ball': False, 'start_shot_bonus': False, 'start_pass_bonus': False, 'possession_lost': False}

[Step 58] Action=[-0.10624769  0.14789373  0.          0.25064406  0.07794987  0.43363276
 -0.14981554] | Reward=-0.011 | Cum=-0.397 | Info={'shot_attempted': False, 'pass_attempted': False, 'goal_scored': False, 'goal_team': None, 'ball_out_by': None, 'has_ball': False, 'start_shot_bonus': False, 'start_pass_bonus': False, 'possession_lost': False}

[Step 59] Action=[-0.1062654   0.14789046  0.          0.25062093  0.07791302  0.43354863
 -0.14975719] | Reward=-0.011 | Cum=-0.407 | Info={'shot_attempted': False, 'pass_attempted': False, 'goal_scored': False, 'goal_team': None, 'ball_out_by': None, 'has_ball': False, 'start_shot_bonus': False, 'start_pass_bonus': False, 'possession_lost': False}

[Step 60] Action=[-0.10628299  0.14788722  0.          0.25059777  0.0778762   0.43346456
 -0.14969884] | Reward=-0.011 | Cum=-0.418 | Info={'shot_attempted': False, 'pass_attempted': False, 'goal_scored': False, 'goal_team': None, 'ball_out_by': None, 'has_ball': False, 'start_shot_bonus': False, 'start_pass_bonus': False, 'possession_lost': False}

[Step 61] Action=[-0.1063007   0.14788389  0.          0.25057465  0.07783929  0.43338042
 -0.14964052] | Reward=-0.011 | Cum=-0.429 | Info={'shot_attempted': False, 'pass_attempted': False, 'goal_scored': False, 'goal_team': None, 'ball_out_by': None, 'has_ball': False, 'start_shot_bonus': False, 'start_pass_bonus': False, 'possession_lost': False}

[Step 62] Action=[-0.10631832  0.14788061  0.          0.25055152  0.07780239  0.43329632
 -0.14958212] | Reward=-0.011 | Cum=-0.440 | Info={'shot_attempted': False, 'pass_attempted': False, 'goal_scored': False, 'goal_team': None, 'ball_out_by': None, 'has_ball': False, 'start_shot_bonus': False, 'start_pass_bonus': False, 'possession_lost': False}

[Step 63] Action=[-0.10633603  0.1478773   0.          0.25052837  0.07776548  0.43321213
 -0.1495238 ] | Reward=-0.011 | Cum=-0.451 | Info={'shot_attempted': False, 'pass_attempted': False, 'goal_scored': False, 'goal_team': None, 'ball_out_by': None, 'has_ball': False, 'start_shot_bonus': False, 'start_pass_bonus': False, 'possession_lost': False}

[Step 64] Action=[-0.10635368  0.14787406  0.          0.25050518  0.0777286   0.433128
 -0.14946537] | Reward=-0.011 | Cum=-0.462 | Info={'shot_attempted': False, 'pass_attempted': False, 'goal_scored': False, 'goal_team': None, 'ball_out_by': None, 'has_ball': False, 'start_shot_bonus': False, 'start_pass_bonus': False, 'possession_lost': False}

[Step 65] Action=[-0.1063713   0.1478708   0.          0.25048205  0.0776917   0.4330438
 -0.14940695] | Reward=-0.011 | Cum=-0.473 | Info={'shot_attempted': False, 'pass_attempted': False, 'goal_scored': False, 'goal_team': None, 'ball_out_by': None, 'has_ball': False, 'start_shot_bonus': False, 'start_pass_bonus': False, 'possession_lost': False}

[Step 66] Action=[-0.10638901  0.14786744  0.          0.2504589   0.07765478  0.4329596
 -0.14934859] | Reward=-0.011 | Cum=-0.485 | Info={'shot_attempted': False, 'pass_attempted': False, 'goal_scored': False, 'goal_team': None, 'ball_out_by': None, 'has_ball': False, 'start_shot_bonus': False, 'start_pass_bonus': False, 'possession_lost': False}

[Step 67] Action=[-0.10640666  0.14786416  0.          0.2504357   0.0776179   0.43287542
 -0.14929017] | Reward=-0.011 | Cum=-0.496 | Info={'shot_attempted': False, 'pass_attempted': False, 'goal_scored': False, 'goal_team': None, 'ball_out_by': None, 'has_ball': False, 'start_shot_bonus': False, 'start_pass_bonus': False, 'possession_lost': False}

[Step 68] Action=[-0.10642434  0.1478609   0.          0.25041252  0.07758099  0.4327912
 -0.1492318 ] | Reward=-0.011 | Cum=-0.507 | Info={'shot_attempted': False, 'pass_attempted': False, 'goal_scored': False, 'goal_team': None, 'ball_out_by': None, 'has_ball': False, 'start_shot_bonus': False, 'start_pass_bonus': False, 'possession_lost': False}

[Step 69] Action=[-0.10644252  0.14785863  0.          0.25038967  0.07754537  0.43270695
 -0.14917432] | Reward=-0.012 | Cum=-0.519 | Info={'shot_attempted': False, 'pass_attempted': False, 'goal_scored': False, 'goal_team': None, 'ball_out_by': None, 'has_ball': False, 'start_shot_bonus': False, 'start_pass_bonus': False, 'possession_lost': False}

[Step 70] Action=[-0.10646123  0.14785746  0.          0.25036713  0.07751105  0.43262276
 -0.14911778] | Reward=-0.012 | Cum=-0.531 | Info={'shot_attempted': False, 'pass_attempted': False, 'goal_scored': False, 'goal_team': None, 'ball_out_by': None, 'has_ball': False, 'start_shot_bonus': False, 'start_pass_bonus': False, 'possession_lost': False}

[Step 71] Action=[-0.10647994  0.14785624  0.          0.25034466  0.07747672  0.43253848
 -0.14906125] | Reward=-0.012 | Cum=-0.543 | Info={'shot_attempted': False, 'pass_attempted': False, 'goal_scored': False, 'goal_team': None, 'ball_out_by': None, 'has_ball': False, 'start_shot_bonus': False, 'start_pass_bonus': False, 'possession_lost': False}

[Step 72] Action=[-0.10649867  0.14785507  0.          0.25032213  0.07744244  0.4324542
 -0.14900473] | Reward=-0.012 | Cum=-0.555 | Info={'shot_attempted': False, 'pass_attempted': False, 'goal_scored': False, 'goal_team': None, 'ball_out_by': None, 'has_ball': False, 'start_shot_bonus': False, 'start_pass_bonus': False, 'possession_lost': False}

[Step 73] Action=[-0.10651739  0.1478539   0.          0.25029957  0.07740814  0.4323699
 -0.14894816] | Reward=-0.012 | Cum=-0.567 | Info={'shot_attempted': False, 'pass_attempted': False, 'goal_scored': False, 'goal_team': None, 'ball_out_by': None, 'has_ball': False, 'start_shot_bonus': False, 'start_pass_bonus': False, 'possession_lost': False}

[Step 74] Action=[-0.1065361   0.14785264  0.          0.2502771   0.07737382  0.43228564
 -0.14889163] | Reward=-0.012 | Cum=-0.580 | Info={'shot_attempted': False, 'pass_attempted': False, 'goal_scored': False, 'goal_team': None, 'ball_out_by': None, 'has_ball': False, 'start_shot_bonus': False, 'start_pass_bonus': False, 'possession_lost': False}

[Step 75] Action=[-0.10655481  0.1478515   0.          0.25025457  0.07733947  0.4322013
 -0.14883506] | Reward=-0.012 | Cum=-0.592 | Info={'shot_attempted': False, 'pass_attempted': False, 'goal_scored': False, 'goal_team': None, 'ball_out_by': None, 'has_ball': False, 'start_shot_bonus': False, 'start_pass_bonus': False, 'possession_lost': False}

[Step 76] Action=[-0.10657357  0.14785033  0.          0.25023198  0.07730514  0.4321169
 -0.14877847] | Reward=-0.012 | Cum=-0.604 | Info={'shot_attempted': False, 'pass_attempted': False, 'goal_scored': False, 'goal_team': None, 'ball_out_by': None, 'has_ball': False, 'start_shot_bonus': False, 'start_pass_bonus': False, 'possession_lost': False}

[Step 77] Action=[-0.10659222  0.14784913  0.          0.2502095   0.07727081  0.43203261
 -0.14872196] | Reward=-0.013 | Cum=-0.617 | Info={'shot_attempted': False, 'pass_attempted': False, 'goal_scored': False, 'goal_team': None, 'ball_out_by': None, 'has_ball': False, 'start_shot_bonus': False, 'start_pass_bonus': False, 'possession_lost': False}

[Step 78] Action=[-0.10661099  0.14784788  0.          0.25018698  0.07723645  0.43194824
 -0.14866534] | Reward=-0.013 | Cum=-0.630 | Info={'shot_attempted': False, 'pass_attempted': False, 'goal_scored': False, 'goal_team': None, 'ball_out_by': None, 'has_ball': False, 'start_shot_bonus': False, 'start_pass_bonus': False, 'possession_lost': False}

[Step 79] Action=[-0.10662967  0.1478467   0.          0.2501644   0.0772021   0.43186384
 -0.14860879] | Reward=-0.013 | Cum=-0.643 | Info={'shot_attempted': False, 'pass_attempted': False, 'goal_scored': False, 'goal_team': None, 'ball_out_by': None, 'has_ball': False, 'start_shot_bonus': False, 'start_pass_bonus': False, 'possession_lost': False}

[Step 80] Action=[-0.10664841  0.14784555  0.          0.25014186  0.0771678   0.43177947
 -0.1485522 ] | Reward=-0.013 | Cum=-0.656 | Info={'shot_attempted': False, 'pass_attempted': False, 'goal_scored': False, 'goal_team': None, 'ball_out_by': None, 'has_ball': False, 'start_shot_bonus': False, 'start_pass_bonus': False, 'possession_lost': False}

[Step 81] Action=[-0.10666706  0.14784434  0.          0.25011936  0.07713343  0.43169504
 -0.14849566] | Reward=-0.013 | Cum=-0.669 | Info={'shot_attempted': False, 'pass_attempted': False, 'goal_scored': False, 'goal_team': None, 'ball_out_by': None, 'has_ball': False, 'start_shot_bonus': False, 'start_pass_bonus': False, 'possession_lost': False}

[Step 82] Action=[-0.10668586  0.14784311  0.          0.25009674  0.0770991   0.4316106
 -0.14843899] | Reward=-0.013 | Cum=-0.682 | Info={'shot_attempted': False, 'pass_attempted': False, 'goal_scored': False, 'goal_team': None, 'ball_out_by': None, 'has_ball': False, 'start_shot_bonus': False, 'start_pass_bonus': False, 'possession_lost': False}

[Step 83] Action=[-0.10670359  0.14784083  0.          0.25007603  0.07706572  0.43152943
 -0.14838606] | Reward=-0.013 | Cum=-0.695 | Info={'shot_attempted': False, 'pass_attempted': False, 'goal_scored': False, 'goal_team': None, 'ball_out_by': None, 'has_ball': False, 'start_shot_bonus': False, 'start_pass_bonus': False, 'possession_lost': False}

[Step 84] Action=[-0.10672119  0.14783846  0.          0.2500556   0.07703247  0.43144867
 -0.14833364] | Reward=-0.014 | Cum=-0.709 | Info={'shot_attempted': False, 'pass_attempted': False, 'goal_scored': False, 'goal_team': None, 'ball_out_by': None, 'has_ball': False, 'start_shot_bonus': False, 'start_pass_bonus': False, 'possession_lost': False}

[Step 85] Action=[-0.10673878  0.14783604  0.          0.25003514  0.07699922  0.43136793
 -0.14828114] | Reward=-0.014 | Cum=-0.723 | Info={'shot_attempted': False, 'pass_attempted': False, 'goal_scored': False, 'goal_team': None, 'ball_out_by': None, 'has_ball': False, 'start_shot_bonus': False, 'start_pass_bonus': False, 'possession_lost': False}

[Step 86] Action=[-0.10675643  0.14783368  0.          0.25001463  0.07696596  0.43128714
 -0.14822865] | Reward=-0.014 | Cum=-0.736 | Info={'shot_attempted': False, 'pass_attempted': False, 'goal_scored': False, 'goal_team': None, 'ball_out_by': None, 'has_ball': False, 'start_shot_bonus': False, 'start_pass_bonus': False, 'possession_lost': False}

[Step 87] Action=[-0.10677404  0.14783125  0.          0.24999414  0.07693272  0.4312063
 -0.14817618] | Reward=-0.014 | Cum=-0.750 | Info={'shot_attempted': False, 'pass_attempted': False, 'goal_scored': False, 'goal_team': None, 'ball_out_by': None, 'has_ball': False, 'start_shot_bonus': False, 'start_pass_bonus': False, 'possession_lost': False}

[Step 88] Action=[-0.10679166  0.14782882  0.          0.24997365  0.07689945  0.4311255
 -0.14812368] | Reward=-0.014 | Cum=-0.764 | Info={'shot_attempted': False, 'pass_attempted': False, 'goal_scored': False, 'goal_team': None, 'ball_out_by': None, 'has_ball': False, 'start_shot_bonus': False, 'start_pass_bonus': False, 'possession_lost': False}

[Step 89] Action=[-0.10680931  0.14782645  0.          0.24995318  0.07686619  0.43104467
 -0.14807118] | Reward=-0.014 | Cum=-0.778 | Info={'shot_attempted': False, 'pass_attempted': False, 'goal_scored': False, 'goal_team': None, 'ball_out_by': None, 'has_ball': False, 'start_shot_bonus': False, 'start_pass_bonus': False, 'possession_lost': False}

[Step 90] Action=[-0.10682684  0.14782399  0.          0.24993269  0.07683294  0.4309638
 -0.14801869] | Reward=-0.014 | Cum=-0.792 | Info={'shot_attempted': False, 'pass_attempted': False, 'goal_scored': False, 'goal_team': None, 'ball_out_by': None, 'has_ball': False, 'start_shot_bonus': False, 'start_pass_bonus': False, 'possession_lost': False}

[Step 91] Action=[-0.10684369  0.14782096  0.          0.24991216  0.07679899  0.43088225
 -0.14796674] | Reward=-0.014 | Cum=-0.806 | Info={'shot_attempted': False, 'pass_attempted': False, 'goal_scored': False, 'goal_team': None, 'ball_out_by': None, 'has_ball': False, 'start_shot_bonus': False, 'start_pass_bonus': False, 'possession_lost': False}

[Step 92] Action=[-0.10685822  0.14781594  0.          0.24989153  0.076763    0.4307988
 -0.1479165 ] | Reward=-0.014 | Cum=-0.820 | Info={'shot_attempted': False, 'pass_attempted': False, 'goal_scored': False, 'goal_team': None, 'ball_out_by': None, 'has_ball': False, 'start_shot_bonus': False, 'start_pass_bonus': False, 'possession_lost': False}

[Step 93] Action=[-0.10687263  0.14781092  0.          0.24987087  0.07672711  0.43071526
 -0.14786626] | Reward=-0.014 | Cum=-0.835 | Info={'shot_attempted': False, 'pass_attempted': False, 'goal_scored': False, 'goal_team': None, 'ball_out_by': None, 'has_ball': False, 'start_shot_bonus': False, 'start_pass_bonus': False, 'possession_lost': False}

[Step 94] Action=[-0.10688715  0.14780593  0.          0.24985018  0.07669117  0.43063176
 -0.14781597] | Reward=-0.014 | Cum=-0.849 | Info={'shot_attempted': False, 'pass_attempted': False, 'goal_scored': False, 'goal_team': None, 'ball_out_by': None, 'has_ball': False, 'start_shot_bonus': False, 'start_pass_bonus': False, 'possession_lost': False}

[Step 95] Action=[-0.10690165  0.14780095  0.          0.24982956  0.07665522  0.43054816
 -0.14776573] | Reward=-0.015 | Cum=-0.864 | Info={'shot_attempted': False, 'pass_attempted': False, 'goal_scored': False, 'goal_team': None, 'ball_out_by': None, 'has_ball': False, 'start_shot_bonus': False, 'start_pass_bonus': False, 'possession_lost': False}

[Step 96] Action=[-0.10691605  0.14779592  0.          0.2498089   0.07661927  0.4304646
 -0.14771546] | Reward=-0.015 | Cum=-0.879 | Info={'shot_attempted': False, 'pass_attempted': False, 'goal_scored': False, 'goal_team': None, 'ball_out_by': None, 'has_ball': False, 'start_shot_bonus': False, 'start_pass_bonus': False, 'possession_lost': False}

[Step 97] Action=[-0.10693055  0.14779091  0.          0.24978821  0.07658332  0.43038097
 -0.1476652 ] | Reward=-0.015 | Cum=-0.893 | Info={'shot_attempted': False, 'pass_attempted': False, 'goal_scored': False, 'goal_team': None, 'ball_out_by': None, 'has_ball': False, 'start_shot_bonus': False, 'start_pass_bonus': False, 'possession_lost': False}

[Step 98] Action=[-0.08685622  0.15359011  0.          0.24647783  0.09487967  0.44528347
 -0.16282105] | Reward=-0.015 | Cum=-0.908 | Info={'shot_attempted': False, 'pass_attempted': False, 'goal_scored': False, 'goal_team': None, 'ball_out_by': None, 'has_ball': False, 'start_shot_bonus': False, 'start_pass_bonus': False, 'possession_lost': False}

[Step 99] Action=[-0.08688515  0.15360484  0.          0.24643895  0.09481706  0.44518903
 -0.16273344] | Reward=-0.015 | Cum=-0.923 | Info={'shot_attempted': False, 'pass_attempted': False, 'goal_scored': False, 'goal_team': None, 'ball_out_by': None, 'has_ball': False, 'start_shot_bonus': False, 'start_pass_bonus': False, 'possession_lost': False}

[Step 100] Action=[-0.08691417  0.15361953  0.          0.24639998  0.09475442  0.44509453
 -0.16264579] | Reward=-0.015 | Cum=-0.938 | Info={'shot_attempted': False, 'pass_attempted': False, 'goal_scored': False, 'goal_team': None, 'ball_out_by': None, 'has_ball': False, 'start_shot_bonus': False, 'start_pass_bonus': False, 'possession_lost': False}

[Step 101] Action=[-0.08705782  0.15363285  0.          0.24638884  0.09467829  0.44494194
 -0.1623881 ] | Reward=-0.015 | Cum=-0.953 | Info={'shot_attempted': False, 'pass_attempted': False, 'goal_scored': False, 'goal_team': None, 'ball_out_by': None, 'has_ball': False, 'start_shot_bonus': False, 'start_pass_bonus': False, 'possession_lost': False}

[Step 102] Action=[-0.08708802  0.15365192  0.          0.24635555  0.09461636  0.44485477
 -0.16230291] | Reward=-0.015 | Cum=-0.969 | Info={'shot_attempted': False, 'pass_attempted': False, 'goal_scored': False, 'goal_team': None, 'ball_out_by': None, 'has_ball': False, 'start_shot_bonus': False, 'start_pass_bonus': False, 'possession_lost': False}

[Step 103] Action=[-0.08711828  0.15367107  0.          0.24632241  0.09455441  0.4447678
 -0.1622178 ] | Reward=-0.015 | Cum=-0.984 | Info={'shot_attempted': False, 'pass_attempted': False, 'goal_scored': False, 'goal_team': None, 'ball_out_by': None, 'has_ball': False, 'start_shot_bonus': False, 'start_pass_bonus': False, 'possession_lost': False}

[Step 104] Action=[-0.0871485   0.15369028  0.          0.24628921  0.09449244  0.4446808
 -0.1621326 ] | Reward=-0.015 | Cum=-1.000 | Info={'shot_attempted': False, 'pass_attempted': False, 'goal_scored': False, 'goal_team': None, 'ball_out_by': None, 'has_ball': False, 'start_shot_bonus': False, 'start_pass_bonus': False, 'possession_lost': False}

[Step 105] Action=[-0.08717879  0.15370938  0.          0.24625601  0.0944305   0.4445938
 -0.16204746] | Reward=-0.016 | Cum=-1.015 | Info={'shot_attempted': False, 'pass_attempted': False, 'goal_scored': False, 'goal_team': None, 'ball_out_by': None, 'has_ball': False, 'start_shot_bonus': False, 'start_pass_bonus': False, 'possession_lost': False}

[Step 106] Action=[-0.08720905  0.15372853  0.          0.24622285  0.0943685   0.44450673
 -0.16196229] | Reward=-0.016 | Cum=-1.031 | Info={'shot_attempted': False, 'pass_attempted': False, 'goal_scored': False, 'goal_team': None, 'ball_out_by': None, 'has_ball': False, 'start_shot_bonus': False, 'start_pass_bonus': False, 'possession_lost': False}

[Step 107] Action=[-0.08723933  0.15374771  0.          0.2461896   0.09430652  0.4444197
 -0.16187711] | Reward=-0.016 | Cum=-1.047 | Info={'shot_attempted': False, 'pass_attempted': False, 'goal_scored': False, 'goal_team': None, 'ball_out_by': None, 'has_ball': False, 'start_shot_bonus': False, 'start_pass_bonus': False, 'possession_lost': False}

[Step 108] Action=[-0.08726962  0.15376689  0.          0.24615651  0.09424451  0.44433263
 -0.16179188] | Reward=-0.016 | Cum=-1.062 | Info={'shot_attempted': False, 'pass_attempted': False, 'goal_scored': False, 'goal_team': None, 'ball_out_by': None, 'has_ball': False, 'start_shot_bonus': False, 'start_pass_bonus': False, 'possession_lost': False}

[Step 109] Action=[-0.08729988  0.15378599  0.          0.24612325  0.09418254  0.4442455
 -0.16170666] | Reward=-0.016 | Cum=-1.078 | Info={'shot_attempted': False, 'pass_attempted': False, 'goal_scored': False, 'goal_team': None, 'ball_out_by': None, 'has_ball': False, 'start_shot_bonus': False, 'start_pass_bonus': False, 'possession_lost': False}

[Step 110] Action=[-0.08733016  0.15380517  0.          0.24609004  0.0941205   0.44415843
 -0.16162148] | Reward=-0.016 | Cum=-1.095 | Info={'shot_attempted': False, 'pass_attempted': False, 'goal_scored': False, 'goal_team': None, 'ball_out_by': None, 'has_ball': False, 'start_shot_bonus': False, 'start_pass_bonus': False, 'possession_lost': False}

[Step 111] Action=[-0.08736038  0.1538243   0.          0.24605684  0.09405851  0.44407135
 -0.16153623] | Reward=-0.016 | Cum=-1.111 | Info={'shot_attempted': False, 'pass_attempted': False, 'goal_scored': False, 'goal_team': None, 'ball_out_by': None, 'has_ball': False, 'start_shot_bonus': False, 'start_pass_bonus': False, 'possession_lost': False}

[Step 112] Action=[-0.08739064  0.15384348  0.          0.24602363  0.09399649  0.44398418
 -0.16145107] | Reward=-0.016 | Cum=-1.127 | Info={'shot_attempted': False, 'pass_attempted': False, 'goal_scored': False, 'goal_team': None, 'ball_out_by': None, 'has_ball': False, 'start_shot_bonus': False, 'start_pass_bonus': False, 'possession_lost': False}

[Step 113] Action=[-0.08742093  0.15386258  0.          0.2459904   0.09393447  0.443897
 -0.16136579] | Reward=-0.016 | Cum=-1.144 | Info={'shot_attempted': False, 'pass_attempted': False, 'goal_scored': False, 'goal_team': None, 'ball_out_by': None, 'has_ball': False, 'start_shot_bonus': False, 'start_pass_bonus': False, 'possession_lost': False}

[Step 114] Action=[-0.08745117  0.15388177  0.          0.24595723  0.09387242  0.44380987
 -0.16128051] | Reward=-0.016 | Cum=-1.160 | Info={'shot_attempted': False, 'pass_attempted': False, 'goal_scored': False, 'goal_team': None, 'ball_out_by': None, 'has_ball': False, 'start_shot_bonus': False, 'start_pass_bonus': False, 'possession_lost': False}

[Step 115] Action=[-0.08747984  0.15389638  0.          0.24592516  0.09380909  0.44372422
 -0.16119808] | Reward=-0.017 | Cum=-1.176 | Info={'shot_attempted': False, 'pass_attempted': False, 'goal_scored': False, 'goal_team': None, 'ball_out_by': None, 'has_ball': False, 'start_shot_bonus': False, 'start_pass_bonus': False, 'possession_lost': False}

[Step 116] Action=[-0.0875074   0.15390809  0.          0.24589382  0.09374487  0.44363937
 -0.16111743] | Reward=-0.017 | Cum=-1.193 | Info={'shot_attempted': False, 'pass_attempted': False, 'goal_scored': False, 'goal_team': None, 'ball_out_by': None, 'has_ball': False, 'start_shot_bonus': False, 'start_pass_bonus': False, 'possession_lost': False}

[Step 117] Action=[-0.08753499  0.15391983  0.          0.24586256  0.09368065  0.44355458
 -0.16103676] | Reward=-0.017 | Cum=-1.210 | Info={'shot_attempted': False, 'pass_attempted': False, 'goal_scored': False, 'goal_team': None, 'ball_out_by': None, 'has_ball': False, 'start_shot_bonus': False, 'start_pass_bonus': False, 'possession_lost': False}

[Step 118] Action=[-0.08756258  0.15393163  0.          0.24583122  0.09361643  0.44346985
 -0.16095605] | Reward=-0.017 | Cum=-1.227 | Info={'shot_attempted': False, 'pass_attempted': False, 'goal_scored': False, 'goal_team': None, 'ball_out_by': None, 'has_ball': False, 'start_shot_bonus': False, 'start_pass_bonus': False, 'possession_lost': False}

[Step 119] Action=[-0.0875902   0.15394333  0.          0.24579988  0.09355219  0.44338495
 -0.16087538] | Reward=-0.017 | Cum=-1.243 | Info={'shot_attempted': False, 'pass_attempted': False, 'goal_scored': False, 'goal_team': None, 'ball_out_by': None, 'has_ball': False, 'start_shot_bonus': False, 'start_pass_bonus': False, 'possession_lost': False}

[Step 120] Action=[-0.0876178   0.15395512  0.          0.2457686   0.09348796  0.44330013
 -0.16079473] | Reward=-0.017 | Cum=-1.261 | Info={'shot_attempted': False, 'pass_attempted': False, 'goal_scored': False, 'goal_team': None, 'ball_out_by': None, 'has_ball': False, 'start_shot_bonus': False, 'start_pass_bonus': False, 'possession_lost': False}

[Step 121] Action=[-0.08764539  0.15396678  0.          0.24573727  0.09342371  0.4432153
 -0.16071397] | Reward=-0.017 | Cum=-1.278 | Info={'shot_attempted': False, 'pass_attempted': False, 'goal_scored': False, 'goal_team': None, 'ball_out_by': None, 'has_ball': False, 'start_shot_bonus': False, 'start_pass_bonus': False, 'possession_lost': False}

[Step 122] Action=[-0.08767304  0.15397857  0.          0.24570593  0.09335946  0.44313043
 -0.16063325] | Reward=-0.017 | Cum=-1.295 | Info={'shot_attempted': False, 'pass_attempted': False, 'goal_scored': False, 'goal_team': None, 'ball_out_by': None, 'has_ball': False, 'start_shot_bonus': False, 'start_pass_bonus': False, 'possession_lost': False}

[Step 123] Action=[-0.08770066  0.15399027  0.          0.24567463  0.09329517  0.44304553
 -0.1605526 ] | Reward=-0.017 | Cum=-1.312 | Info={'shot_attempted': False, 'pass_attempted': False, 'goal_scored': False, 'goal_team': None, 'ball_out_by': None, 'has_ball': False, 'start_shot_bonus': False, 'start_pass_bonus': False, 'possession_lost': False}

[Step 124] Action=[-0.08772822  0.15400201  0.          0.24564326  0.09323092  0.44296062
 -0.16047183] | Reward=-0.017 | Cum=-1.329 | Info={'shot_attempted': False, 'pass_attempted': False, 'goal_scored': False, 'goal_team': None, 'ball_out_by': None, 'has_ball': False, 'start_shot_bonus': False, 'start_pass_bonus': False, 'possession_lost': False}

[Step 125] Action=[-0.08775502  0.15401347  0.          0.24561296  0.09316661  0.44287717
 -0.16039206] | Reward=-0.017 | Cum=-1.347 | Info={'shot_attempted': False, 'pass_attempted': False, 'goal_scored': False, 'goal_team': None, 'ball_out_by': None, 'has_ball': False, 'start_shot_bonus': False, 'start_pass_bonus': False, 'possession_lost': False}

[Step 126] Action=[-0.08778042  0.15402427  0.          0.24558468  0.09310224  0.4427966
 -0.16031422] | Reward=-0.017 | Cum=-1.364 | Info={'shot_attempted': False, 'pass_attempted': False, 'goal_scored': False, 'goal_team': None, 'ball_out_by': None, 'has_ball': False, 'start_shot_bonus': False, 'start_pass_bonus': False, 'possession_lost': False}

[Step 127] Action=[-0.0878057   0.1540352   0.          0.2455564   0.09303784  0.44271585
 -0.16023634] | Reward=-0.018 | Cum=-1.382 | Info={'shot_attempted': False, 'pass_attempted': False, 'goal_scored': False, 'goal_team': None, 'ball_out_by': None, 'has_ball': False, 'start_shot_bonus': False, 'start_pass_bonus': False, 'possession_lost': False}

[Step 128] Action=[-0.08783102  0.15404607  0.          0.24552816  0.09297344  0.44263524
 -0.16015853] | Reward=-0.018 | Cum=-1.400 | Info={'shot_attempted': False, 'pass_attempted': False, 'goal_scored': False, 'goal_team': None, 'ball_out_by': None, 'has_ball': False, 'start_shot_bonus': False, 'start_pass_bonus': False, 'possession_lost': False}

[Step 129] Action=[-0.0878563   0.15405692  0.          0.24549982  0.09290905  0.44255462
 -0.16008064] | Reward=-0.018 | Cum=-1.418 | Info={'shot_attempted': False, 'pass_attempted': False, 'goal_scored': False, 'goal_team': None, 'ball_out_by': None, 'has_ball': False, 'start_shot_bonus': False, 'start_pass_bonus': False, 'possession_lost': False}

[Step 130] Action=[-0.08788168  0.15406777  0.          0.24547154  0.09284467  0.4424739
 -0.16000277] | Reward=-0.018 | Cum=-1.436 | Info={'shot_attempted': False, 'pass_attempted': False, 'goal_scored': False, 'goal_team': None, 'ball_out_by': None, 'has_ball': False, 'start_shot_bonus': False, 'start_pass_bonus': False, 'possession_lost': False}

[Step 131] Action=[-0.08790667  0.15407859  0.          0.2454433   0.09278037  0.44239312
 -0.15992525] | Reward=-0.018 | Cum=-1.454 | Info={'shot_attempted': False, 'pass_attempted': False, 'goal_scored': False, 'goal_team': None, 'ball_out_by': None, 'has_ball': False, 'start_shot_bonus': False, 'start_pass_bonus': False, 'possession_lost': False}

[Step 132] Action=[-0.08792816  0.15408918  0.          0.2454154   0.09271876  0.44231123
 -0.15985306] | Reward=-0.018 | Cum=-1.472 | Info={'shot_attempted': False, 'pass_attempted': False, 'goal_scored': False, 'goal_team': None, 'ball_out_by': None, 'has_ball': False, 'start_shot_bonus': False, 'start_pass_bonus': False, 'possession_lost': False}

[Step 133] Action=[-0.08794963  0.1540999   0.          0.24538763  0.09265713  0.4422293
 -0.15978086] | Reward=-0.018 | Cum=-1.490 | Info={'shot_attempted': False, 'pass_attempted': False, 'goal_scored': False, 'goal_team': None, 'ball_out_by': None, 'has_ball': False, 'start_shot_bonus': False, 'start_pass_bonus': False, 'possession_lost': False}

[Step 134] Action=[-0.08797101  0.1541104   0.          0.24535978  0.09259544  0.44214743
 -0.1597087 ] | Reward=-0.018 | Cum=-1.508 | Info={'shot_attempted': False, 'pass_attempted': False, 'goal_scored': False, 'goal_team': None, 'ball_out_by': None, 'has_ball': False, 'start_shot_bonus': False, 'start_pass_bonus': False, 'possession_lost': False}

[Step 135] Action=[-0.08799254  0.15412101  0.          0.245332    0.09253378  0.44206548
 -0.15963644] | Reward=-0.018 | Cum=-1.527 | Info={'shot_attempted': False, 'pass_attempted': False, 'goal_scored': False, 'goal_team': None, 'ball_out_by': None, 'has_ball': False, 'start_shot_bonus': False, 'start_pass_bonus': False, 'possession_lost': False}

[Step 136] Action=[-0.08801398  0.15413158  0.          0.24530417  0.09247211  0.44198352
 -0.15956427] | Reward=-0.019 | Cum=-1.545 | Info={'shot_attempted': False, 'pass_attempted': False, 'goal_scored': False, 'goal_team': None, 'ball_out_by': None, 'has_ball': False, 'start_shot_bonus': False, 'start_pass_bonus': False, 'possession_lost': False}

[Step 137] Action=[-0.08803545  0.15414222  0.          0.24527638  0.09241042  0.4419016
 -0.15949203] | Reward=-0.019 | Cum=-1.564 | Info={'shot_attempted': False, 'pass_attempted': False, 'goal_scored': False, 'goal_team': None, 'ball_out_by': None, 'has_ball': False, 'start_shot_bonus': False, 'start_pass_bonus': False, 'possession_lost': False}

[Step 138] Action=[-0.08805688  0.15415281  0.          0.24524854  0.09234872  0.44181967
 -0.15941983] | Reward=-0.019 | Cum=-1.582 | Info={'shot_attempted': False, 'pass_attempted': False, 'goal_scored': False, 'goal_team': None, 'ball_out_by': None, 'has_ball': False, 'start_shot_bonus': False, 'start_pass_bonus': False, 'possession_lost': False}

[Step 139] Action=[-0.08807839  0.15416344  0.          0.24522069  0.092287    0.44173762
 -0.15934756] | Reward=-0.019 | Cum=-1.601 | Info={'shot_attempted': False, 'pass_attempted': False, 'goal_scored': False, 'goal_team': None, 'ball_out_by': None, 'has_ball': False, 'start_shot_bonus': False, 'start_pass_bonus': False, 'possession_lost': False}

[Step 140] Action=[-0.08809982  0.154174    0.          0.24519286  0.09222536  0.44165564
 -0.15927535] | Reward=-0.019 | Cum=-1.620 | Info={'shot_attempted': False, 'pass_attempted': False, 'goal_scored': False, 'goal_team': None, 'ball_out_by': None, 'has_ball': False, 'start_shot_bonus': False, 'start_pass_bonus': False, 'possession_lost': False}

[Step 141] Action=[-0.08812132  0.15418456  0.          0.24516498  0.09216366  0.44157365
 -0.15920308] | Reward=-0.019 | Cum=-1.639 | Info={'shot_attempted': False, 'pass_attempted': False, 'goal_scored': False, 'goal_team': None, 'ball_out_by': None, 'has_ball': False, 'start_shot_bonus': False, 'start_pass_bonus': False, 'possession_lost': False}

[Step 142] Action=[-0.08814282  0.15419523  0.          0.24513711  0.09210195  0.44149163
 -0.15913087] | Reward=-0.019 | Cum=-1.658 | Info={'shot_attempted': False, 'pass_attempted': False, 'goal_scored': False, 'goal_team': None, 'ball_out_by': None, 'has_ball': False, 'start_shot_bonus': False, 'start_pass_bonus': False, 'possession_lost': False}

[Step 143] Action=[-0.08816426  0.15420577  0.          0.24510932  0.09204023  0.44140962
 -0.15905857] | Reward=-0.019 | Cum=-1.677 | Info={'shot_attempted': False, 'pass_attempted': False, 'goal_scored': False, 'goal_team': None, 'ball_out_by': None, 'has_ball': False, 'start_shot_bonus': False, 'start_pass_bonus': False, 'possession_lost': False}

[Step 144] Action=[-0.0881857   0.15421641  0.          0.24508142  0.09197849  0.4413275
 -0.1589863 ] | Reward=-0.019 | Cum=-1.696 | Info={'shot_attempted': False, 'pass_attempted': False, 'goal_scored': False, 'goal_team': None, 'ball_out_by': None, 'has_ball': False, 'start_shot_bonus': False, 'start_pass_bonus': False, 'possession_lost': False}

[Step 145] Action=[-0.08820719  0.15422697  0.          0.2450536   0.09191681  0.44124556
 -0.15891403] | Reward=-0.019 | Cum=-1.716 | Info={'shot_attempted': False, 'pass_attempted': False, 'goal_scored': False, 'goal_team': None, 'ball_out_by': None, 'has_ball': False, 'start_shot_bonus': False, 'start_pass_bonus': False, 'possession_lost': False}

[Step 146] Action=[-0.08822861  0.15423757  0.          0.24502572  0.09185509  0.44116345
 -0.15884174] | Reward=-0.019 | Cum=-1.735 | Info={'shot_attempted': False, 'pass_attempted': False, 'goal_scored': False, 'goal_team': None, 'ball_out_by': None, 'has_ball': False, 'start_shot_bonus': False, 'start_pass_bonus': False, 'possession_lost': False}

[Step 147] Action=[-0.08824948  0.1542483   0.          0.24499822  0.09179378  0.4410815
 -0.15876988] | Reward=-0.019 | Cum=-1.754 | Info={'shot_attempted': False, 'pass_attempted': False, 'goal_scored': False, 'goal_team': None, 'ball_out_by': None, 'has_ball': False, 'start_shot_bonus': False, 'start_pass_bonus': False, 'possession_lost': False}

[Step 148] Action=[-0.08826808  0.15425962  0.          0.24497183  0.09173445  0.44099998
 -0.15869948] | Reward=-0.019 | Cum=-1.774 | Info={'shot_attempted': False, 'pass_attempted': False, 'goal_scored': False, 'goal_team': None, 'ball_out_by': None, 'has_ball': False, 'start_shot_bonus': False, 'start_pass_bonus': False, 'possession_lost': False}

[Step 149] Action=[-0.08828662  0.15427089  0.          0.24494545  0.09167509  0.44091853
 -0.15862909] | Reward=-0.020 | Cum=-1.793 | Info={'shot_attempted': False, 'pass_attempted': False, 'goal_scored': False, 'goal_team': None, 'ball_out_by': None, 'has_ball': False, 'start_shot_bonus': False, 'start_pass_bonus': False, 'possession_lost': False}

[Step 150] Action=[-0.08830513  0.15428224  0.          0.24491908  0.09161576  0.44083697
 -0.1585587 ] | Reward=-0.020 | Cum=-1.813 | Info={'shot_attempted': False, 'pass_attempted': False, 'goal_scored': False, 'goal_team': None, 'ball_out_by': None, 'has_ball': False, 'start_shot_bonus': False, 'start_pass_bonus': False, 'possession_lost': False}

[Step 151] Action=[-0.0883237   0.15429348  0.          0.24489272  0.09155635  0.44075552
 -0.15848833] | Reward=-0.020 | Cum=-1.833 | Info={'shot_attempted': False, 'pass_attempted': False, 'goal_scored': False, 'goal_team': None, 'ball_out_by': None, 'has_ball': False, 'start_shot_bonus': False, 'start_pass_bonus': False, 'possession_lost': False}

[Step 152] Action=[-0.08834221  0.15430476  0.          0.24486633  0.091497    0.440674
 -0.15841791] | Reward=-0.020 | Cum=-1.853 | Info={'shot_attempted': False, 'pass_attempted': False, 'goal_scored': False, 'goal_team': None, 'ball_out_by': None, 'has_ball': False, 'start_shot_bonus': False, 'start_pass_bonus': False, 'possession_lost': False}

[Step 153] Action=[-0.08836076  0.15431607  0.          0.24483998  0.09143757  0.44059247
 -0.15834753] | Reward=-0.020 | Cum=-1.872 | Info={'shot_attempted': False, 'pass_attempted': False, 'goal_scored': False, 'goal_team': None, 'ball_out_by': None, 'has_ball': False, 'start_shot_bonus': False, 'start_pass_bonus': False, 'possession_lost': False}

[Step 154] Action=[-0.08837935  0.15432738  0.          0.24481362  0.0913782   0.4405109
 -0.15827714] | Reward=-0.020 | Cum=-1.893 | Info={'shot_attempted': False, 'pass_attempted': False, 'goal_scored': False, 'goal_team': None, 'ball_out_by': None, 'has_ball': False, 'start_shot_bonus': False, 'start_pass_bonus': False, 'possession_lost': False}

[Step 155] Action=[-0.08839783  0.15433869  0.          0.24478729  0.09131888  0.4404294
 -0.15820676] | Reward=-0.020 | Cum=-1.913 | Info={'shot_attempted': False, 'pass_attempted': False, 'goal_scored': False, 'goal_team': None, 'ball_out_by': None, 'has_ball': False, 'start_shot_bonus': False, 'start_pass_bonus': False, 'possession_lost': False}

[Step 156] Action=[-0.0884162   0.15435018  0.          0.2447611   0.09125993  0.4403484
 -0.15813668] | Reward=-0.020 | Cum=-1.933 | Info={'shot_attempted': False, 'pass_attempted': False, 'goal_scored': False, 'goal_team': None, 'ball_out_by': None, 'has_ball': False, 'start_shot_bonus': False, 'start_pass_bonus': False, 'possession_lost': False}

[Step 157] Action=[-0.08843467  0.15436171  0.          0.24473491  0.09120099  0.44026735
 -0.15806659] | Reward=-0.020 | Cum=-1.953 | Info={'shot_attempted': False, 'pass_attempted': False, 'goal_scored': False, 'goal_team': None, 'ball_out_by': None, 'has_ball': False, 'start_shot_bonus': False, 'start_pass_bonus': False, 'possession_lost': False}

[Step 158] Action=[-0.08845301  0.15437329  0.          0.2447088   0.09114204  0.4401863
 -0.15799648] | Reward=-0.020 | Cum=-1.973 | Info={'shot_attempted': False, 'pass_attempted': False, 'goal_scored': False, 'goal_team': None, 'ball_out_by': None, 'has_ball': False, 'start_shot_bonus': False, 'start_pass_bonus': False, 'possession_lost': False}

[Step 159] Action=[-0.08847143  0.15438487  0.          0.24468258  0.0910831   0.44010526
 -0.15792635] | Reward=-0.020 | Cum=-1.994 | Info={'shot_attempted': False, 'pass_attempted': False, 'goal_scored': False, 'goal_team': None, 'ball_out_by': None, 'has_ball': False, 'start_shot_bonus': False, 'start_pass_bonus': False, 'possession_lost': False}

[Step 160] Action=[-0.08848985  0.1543963   0.          0.24465643  0.09102414  0.44002417
 -0.15785629] | Reward=-0.020 | Cum=-2.014 | Info={'shot_attempted': False, 'pass_attempted': False, 'goal_scored': False, 'goal_team': None, 'ball_out_by': None, 'has_ball': False, 'start_shot_bonus': False, 'start_pass_bonus': False, 'possession_lost': False}

[Step 161] Action=[-0.08850822  0.15440784  0.          0.24463025  0.09096517  0.43994308
 -0.15778618] | Reward=-0.020 | Cum=-2.035 | Info={'shot_attempted': False, 'pass_attempted': False, 'goal_scored': False, 'goal_team': None, 'ball_out_by': None, 'has_ball': False, 'start_shot_bonus': False, 'start_pass_bonus': False, 'possession_lost': False}

[Step 162] Action=[-0.08852667  0.15441936  0.          0.24460405  0.09090618  0.43986192
 -0.15771608] | Reward=-0.021 | Cum=-2.055 | Info={'shot_attempted': False, 'pass_attempted': False, 'goal_scored': False, 'goal_team': None, 'ball_out_by': None, 'has_ball': False, 'start_shot_bonus': False, 'start_pass_bonus': False, 'possession_lost': False}

[Step 163] Action=[-0.08854503  0.15443085  0.          0.24457787  0.09084719  0.4397809
 -0.1576459 ] | Reward=-0.021 | Cum=-2.076 | Info={'shot_attempted': False, 'pass_attempted': False, 'goal_scored': False, 'goal_team': None, 'ball_out_by': None, 'has_ball': False, 'start_shot_bonus': False, 'start_pass_bonus': False, 'possession_lost': False}

[Step 164] Action=[-0.08856342  0.15444237  0.          0.24455166  0.09078824  0.43969974
 -0.15757579] | Reward=-0.021 | Cum=-2.097 | Info={'shot_attempted': False, 'pass_attempted': False, 'goal_scored': False, 'goal_team': None, 'ball_out_by': None, 'has_ball': False, 'start_shot_bonus': False, 'start_pass_bonus': False, 'possession_lost': False}

[Step 165] Action=[-0.08858184  0.15445389  0.          0.24452554  0.09072926  0.43961862
 -0.15750566] | Reward=-0.021 | Cum=-2.118 | Info={'shot_attempted': False, 'pass_attempted': False, 'goal_scored': False, 'goal_team': None, 'ball_out_by': None, 'has_ball': False, 'start_shot_bonus': False, 'start_pass_bonus': False, 'possession_lost': False}

[Step 166] Action=[-0.08860023  0.15446545  0.          0.24449936  0.09067027  0.4395375
 -0.1574355 ] | Reward=-0.021 | Cum=-2.139 | Info={'shot_attempted': False, 'pass_attempted': False, 'goal_scored': False, 'goal_team': None, 'ball_out_by': None, 'has_ball': False, 'start_shot_bonus': False, 'start_pass_bonus': False, 'possession_lost': False}

[Step 167] Action=[-0.08861865  0.15447699  0.          0.24447313  0.09061132  0.4394563
 -0.15736538] | Reward=-0.021 | Cum=-2.160 | Info={'shot_attempted': False, 'pass_attempted': False, 'goal_scored': False, 'goal_team': None, 'ball_out_by': None, 'has_ball': False, 'start_shot_bonus': False, 'start_pass_bonus': False, 'possession_lost': False}

[Step 168] Action=[-0.08863711  0.15448853  0.          0.24444693  0.0905523   0.43937513
 -0.15729521] | Reward=-0.021 | Cum=-2.181 | Info={'shot_attempted': False, 'pass_attempted': False, 'goal_scored': False, 'goal_team': None, 'ball_out_by': None, 'has_ball': False, 'start_shot_bonus': False, 'start_pass_bonus': False, 'possession_lost': False}

[Step 169] Action=[-0.08865546  0.1545      0.          0.24442072  0.09049327  0.43929395
 -0.15722504] | Reward=-0.021 | Cum=-2.202 | Info={'shot_attempted': False, 'pass_attempted': False, 'goal_scored': False, 'goal_team': None, 'ball_out_by': None, 'has_ball': False, 'start_shot_bonus': False, 'start_pass_bonus': False, 'possession_lost': False}

[Step 170] Action=[-0.08867389  0.15451144  0.          0.24439454  0.09043427  0.4392128
 -0.15715492] | Reward=-0.021 | Cum=-2.223 | Info={'shot_attempted': False, 'pass_attempted': False, 'goal_scored': False, 'goal_team': None, 'ball_out_by': None, 'has_ball': False, 'start_shot_bonus': False, 'start_pass_bonus': False, 'possession_lost': False}

[Step 171] Action=[-0.08869234  0.15452299  0.          0.24436831  0.09037527  0.43913156
 -0.15708472] | Reward=-0.021 | Cum=-2.244 | Info={'shot_attempted': False, 'pass_attempted': False, 'goal_scored': False, 'goal_team': None, 'ball_out_by': None, 'has_ball': False, 'start_shot_bonus': False, 'start_pass_bonus': False, 'possession_lost': False}

[Step 172] Action=[-0.0887107   0.15453453  0.          0.24434213  0.09031624  0.43905044
 -0.15701455] | Reward=-0.021 | Cum=-2.266 | Info={'shot_attempted': False, 'pass_attempted': False, 'goal_scored': False, 'goal_team': None, 'ball_out_by': None, 'has_ball': False, 'start_shot_bonus': False, 'start_pass_bonus': False, 'possession_lost': False}

[Step 173] Action=[-0.08872912  0.15454605  0.          0.2443159   0.09025723  0.4389692
 -0.15694438] | Reward=-0.021 | Cum=-2.287 | Info={'shot_attempted': False, 'pass_attempted': False, 'goal_scored': False, 'goal_team': None, 'ball_out_by': None, 'has_ball': False, 'start_shot_bonus': False, 'start_pass_bonus': False, 'possession_lost': False}

[Step 174] Action=[-0.08874751  0.15455759  0.          0.24428971  0.09019818  0.43888795
 -0.15687421] | Reward=-0.022 | Cum=-2.309 | Info={'shot_attempted': False, 'pass_attempted': False, 'goal_scored': False, 'goal_team': None, 'ball_out_by': None, 'has_ball': False, 'start_shot_bonus': False, 'start_pass_bonus': False, 'possession_lost': False}

[Step 175] Action=[-0.08876596  0.15456909  0.          0.24426353  0.09013918  0.43880668
 -0.15680404] | Reward=-0.022 | Cum=-2.330 | Info={'shot_attempted': False, 'pass_attempted': False, 'goal_scored': False, 'goal_team': None, 'ball_out_by': None, 'has_ball': False, 'start_shot_bonus': False, 'start_pass_bonus': False, 'possession_lost': False}

[Step 176] Action=[-0.08878459  0.15458111  0.          0.24424048  0.09008162  0.4387266
 -0.15673624] | Reward=-0.022 | Cum=-2.352 | Info={'shot_attempted': False, 'pass_attempted': False, 'goal_scored': False, 'goal_team': None, 'ball_out_by': None, 'has_ball': False, 'start_shot_bonus': False, 'start_pass_bonus': False, 'possession_lost': False}

[Step 177] Action=[-0.08880346  0.1545936   0.          0.24422134  0.09002581  0.43864793
 -0.15667148] | Reward=-0.022 | Cum=-2.374 | Info={'shot_attempted': False, 'pass_attempted': False, 'goal_scored': False, 'goal_team': None, 'ball_out_by': None, 'has_ball': False, 'start_shot_bonus': False, 'start_pass_bonus': False, 'possession_lost': False}

[Step 178] Action=[-0.08882231  0.15460622  0.          0.24420217  0.08997006  0.43856928
 -0.1566067 ] | Reward=-0.022 | Cum=-2.395 | Info={'shot_attempted': False, 'pass_attempted': False, 'goal_scored': False, 'goal_team': None, 'ball_out_by': None, 'has_ball': False, 'start_shot_bonus': False, 'start_pass_bonus': False, 'possession_lost': False}

[Step 179] Action=[-0.08884118  0.15461878  0.          0.24418302  0.08991424  0.43849057
 -0.1565419 ] | Reward=-0.022 | Cum=-2.417 | Info={'shot_attempted': False, 'pass_attempted': False, 'goal_scored': False, 'goal_team': None, 'ball_out_by': 'att_1', 'has_ball': False, 'start_shot_bonus': False, 'start_pass_bonus': False, 'possession_lost': False}

