Debug log for att_3 (Episode 2)
================================================================================
[Step 1] Action=[ 0.01602238 -0.08929917  0.05310689  0.18980736  0.         -0.03150038
  0.15356098] | Reward=-0.003 | Cum=-0.003 | Info={'shot_attempted': False, 'pass_attempted': False, 'goal_scored': False, 'goal_team': None, 'ball_out_by': None, 'has_ball': False, 'start_shot_bonus': False, 'start_pass_bonus': False, 'possession_lost': False}

[Step 2] Action=[ 0.01591367 -0.08931395  0.05311132  0.18991135  0.         -0.03138078
  0.15352024] | Reward=-0.003 | Cum=-0.006 | Info={'shot_attempted': False, 'pass_attempted': False, 'goal_scored': False, 'goal_team': None, 'ball_out_by': None, 'has_ball': False, 'start_shot_bonus': False, 'start_pass_bonus': False, 'possession_lost': False}

[Step 3] Action=[ 0.01589704 -0.08934277  0.05309844  0.18994085  0.         -0.03135926
  0.15352084] | Reward=-0.003 | Cum=-0.008 | Info={'shot_attempted': False, 'pass_attempted': False, 'goal_scored': False, 'goal_team': None, 'ball_out_by': None, 'has_ball': False, 'start_shot_bonus': False, 'start_pass_bonus': False, 'possession_lost': False}

[Step 4] Action=[ 0.01587404 -0.08936223  0.0530828   0.1899665   0.         -0.0313368
  0.15351188] | Reward=-0.003 | Cum=-0.011 | Info={'shot_attempted': False, 'pass_attempted': False, 'goal_scored': False, 'goal_team': None, 'ball_out_by': None, 'has_ball': False, 'start_shot_bonus': False, 'start_pass_bonus': False, 'possession_lost': False}

[Step 5] Action=[ 0.01585107 -0.08938166  0.05306717  0.18999213  0.         -0.03131434
  0.15350294] | Reward=-0.003 | Cum=-0.014 | Info={'shot_attempted': False, 'pass_attempted': False, 'goal_scored': False, 'goal_team': None, 'ball_out_by': None, 'has_ball': False, 'start_shot_bonus': False, 'start_pass_bonus': False, 'possession_lost': False}

[Step 6] Action=[ 0.01582889 -0.0893992   0.05305477  0.19001661  0.         -0.0312922
  0.15349464] | Reward=-0.003 | Cum=-0.017 | Info={'shot_attempted': False, 'pass_attempted': False, 'goal_scored': False, 'goal_team': None, 'ball_out_by': None, 'has_ball': False, 'start_shot_bonus': False, 'start_pass_bonus': False, 'possession_lost': False}

[Step 7] Action=[ 0.01580689 -0.0894163   0.05304301  0.19004083  0.         -0.03127012
  0.15348645] | Reward=-0.003 | Cum=-0.020 | Info={'shot_attempted': False, 'pass_attempted': False, 'goal_scored': False, 'goal_team': None, 'ball_out_by': None, 'has_ball': False, 'start_shot_bonus': False, 'start_pass_bonus': False, 'possession_lost': False}

[Step 8] Action=[ 0.01578488 -0.08943342  0.05303126  0.19006504  0.         -0.03124809
  0.15347826] | Reward=-0.003 | Cum=-0.023 | Info={'shot_attempted': False, 'pass_attempted': False, 'goal_scored': False, 'goal_team': None, 'ball_out_by': None, 'has_ball': False, 'start_shot_bonus': False, 'start_pass_bonus': False, 'possession_lost': False}

[Step 9] Action=[ 0.01576353 -0.08945049  0.05302088  0.19008824  0.         -0.03122775
  0.15347078] | Reward=-0.003 | Cum=-0.027 | Info={'shot_attempted': False, 'pass_attempted': False, 'goal_scored': False, 'goal_team': None, 'ball_out_by': None, 'has_ball': False, 'start_shot_bonus': False, 'start_pass_bonus': False, 'possession_lost': False}

[Step 10] Action=[ 0.0157448  -0.08946747  0.05301599  0.19010766  0.         -0.03121428
  0.15346602] | Reward=-0.003 | Cum=-0.030 | Info={'shot_attempted': False, 'pass_attempted': False, 'goal_scored': False, 'goal_team': None, 'ball_out_by': None, 'has_ball': False, 'start_shot_bonus': False, 'start_pass_bonus': False, 'possession_lost': False}

[Step 11] Action=[ 0.01572625 -0.0894844   0.05301107  0.19012703  0.         -0.0312009
  0.15346129] | Reward=-0.003 | Cum=-0.033 | Info={'shot_attempted': False, 'pass_attempted': False, 'goal_scored': False, 'goal_team': None, 'ball_out_by': None, 'has_ball': False, 'start_shot_bonus': False, 'start_pass_bonus': False, 'possession_lost': False}

[Step 12] Action=[ 0.01570812 -0.08950125  0.05300589  0.19014648  0.         -0.03118778
  0.15345658] | Reward=-0.003 | Cum=-0.037 | Info={'shot_attempted': False, 'pass_attempted': False, 'goal_scored': False, 'goal_team': None, 'ball_out_by': None, 'has_ball': False, 'start_shot_bonus': False, 'start_pass_bonus': False, 'possession_lost': False}

[Step 13] Action=[ 0.01568999 -0.0895181   0.05300073  0.19016589  0.         -0.03117466
  0.15345187] | Reward=-0.004 | Cum=-0.040 | Info={'shot_attempted': False, 'pass_attempted': False, 'goal_scored': False, 'goal_team': None, 'ball_out_by': None, 'has_ball': False, 'start_shot_bonus': False, 'start_pass_bonus': False, 'possession_lost': False}

[Step 14] Action=[ 0.01567188 -0.08953493  0.05299556  0.19018531  0.         -0.03116156
  0.15344718] | Reward=-0.004 | Cum=-0.044 | Info={'shot_attempted': False, 'pass_attempted': False, 'goal_scored': False, 'goal_team': None, 'ball_out_by': None, 'has_ball': False, 'start_shot_bonus': False, 'start_pass_bonus': False, 'possession_lost': False}

[Step 15] Action=[ 0.01565375 -0.08955178  0.05299038  0.19020474  0.         -0.03114845
  0.15344246] | Reward=-0.004 | Cum=-0.048 | Info={'shot_attempted': False, 'pass_attempted': False, 'goal_scored': False, 'goal_team': None, 'ball_out_by': None, 'has_ball': False, 'start_shot_bonus': False, 'start_pass_bonus': False, 'possession_lost': False}

[Step 16] Action=[ 0.01563563 -0.08956859  0.05298521  0.19022414  0.         -0.03113533
  0.15343778] | Reward=-0.004 | Cum=-0.052 | Info={'shot_attempted': False, 'pass_attempted': False, 'goal_scored': False, 'goal_team': None, 'ball_out_by': None, 'has_ball': False, 'start_shot_bonus': False, 'start_pass_bonus': False, 'possession_lost': False}

[Step 17] Action=[ 0.0156175  -0.08958543  0.05298002  0.19024353  0.         -0.03112223
  0.15343307] | Reward=-0.004 | Cum=-0.055 | Info={'shot_attempted': False, 'pass_attempted': False, 'goal_scored': False, 'goal_team': None, 'ball_out_by': None, 'has_ball': False, 'start_shot_bonus': False, 'start_pass_bonus': False, 'possession_lost': False}

[Step 18] Action=[ 0.01559937 -0.08960225  0.05297483  0.19026294  0.         -0.03110914
  0.1534284 ] | Reward=-0.004 | Cum=-0.059 | Info={'shot_attempted': False, 'pass_attempted': False, 'goal_scored': False, 'goal_team': None, 'ball_out_by': None, 'has_ball': False, 'start_shot_bonus': False, 'start_pass_bonus': False, 'possession_lost': False}

[Step 19] Action=[ 0.01558123 -0.08961909  0.05296965  0.19028234  0.         -0.03109603
  0.15342371] | Reward=-0.004 | Cum=-0.063 | Info={'shot_attempted': False, 'pass_attempted': False, 'goal_scored': False, 'goal_team': None, 'ball_out_by': None, 'has_ball': False, 'start_shot_bonus': False, 'start_pass_bonus': False, 'possession_lost': False}

[Step 20] Action=[ 0.01556311 -0.08963594  0.05296448  0.19030173  0.         -0.03108295
  0.15341903] | Reward=-0.004 | Cum=-0.067 | Info={'shot_attempted': False, 'pass_attempted': False, 'goal_scored': False, 'goal_team': None, 'ball_out_by': None, 'has_ball': False, 'start_shot_bonus': False, 'start_pass_bonus': False, 'possession_lost': False}

[Step 21] Action=[ 0.01554497 -0.08965277  0.05295928  0.1903211   0.         -0.03106985
  0.15341435] | Reward=-0.004 | Cum=-0.071 | Info={'shot_attempted': False, 'pass_attempted': False, 'goal_scored': False, 'goal_team': None, 'ball_out_by': None, 'has_ball': False, 'start_shot_bonus': False, 'start_pass_bonus': False, 'possession_lost': False}

[Step 22] Action=[ 0.01552682 -0.0896696   0.05295408  0.19034047  0.         -0.03105678
  0.15340967] | Reward=-0.004 | Cum=-0.076 | Info={'shot_attempted': False, 'pass_attempted': False, 'goal_scored': False, 'goal_team': None, 'ball_out_by': None, 'has_ball': False, 'start_shot_bonus': False, 'start_pass_bonus': False, 'possession_lost': False}

[Step 23] Action=[ 0.01550869 -0.08968645  0.0529489   0.19035985  0.         -0.03104368
  0.153405  ] | Reward=-0.004 | Cum=-0.080 | Info={'shot_attempted': False, 'pass_attempted': False, 'goal_scored': False, 'goal_team': None, 'ball_out_by': None, 'has_ball': False, 'start_shot_bonus': False, 'start_pass_bonus': False, 'possession_lost': False}

[Step 24] Action=[ 0.01549053 -0.08970327  0.05294369  0.19037919  0.         -0.03103061
  0.15340032] | Reward=-0.004 | Cum=-0.085 | Info={'shot_attempted': False, 'pass_attempted': False, 'goal_scored': False, 'goal_team': None, 'ball_out_by': None, 'has_ball': False, 'start_shot_bonus': False, 'start_pass_bonus': False, 'possession_lost': False}

[Step 25] Action=[ 0.01547238 -0.0897201   0.05293849  0.19039857  0.         -0.03101752
  0.15339568] | Reward=-0.004 | Cum=-0.089 | Info={'shot_attempted': False, 'pass_attempted': False, 'goal_scored': False, 'goal_team': None, 'ball_out_by': None, 'has_ball': False, 'start_shot_bonus': False, 'start_pass_bonus': False, 'possession_lost': False}

[Step 26] Action=[ 0.01545424 -0.08973693  0.05293329  0.1904179   0.         -0.03100446
  0.153391  ] | Reward=-0.004 | Cum=-0.093 | Info={'shot_attempted': False, 'pass_attempted': False, 'goal_scored': False, 'goal_team': None, 'ball_out_by': None, 'has_ball': False, 'start_shot_bonus': False, 'start_pass_bonus': False, 'possession_lost': False}

[Step 27] Action=[ 0.01543609 -0.08975373  0.05292809  0.19043724  0.         -0.03099139
  0.15338635] | Reward=-0.004 | Cum=-0.097 | Info={'shot_attempted': False, 'pass_attempted': False, 'goal_scored': False, 'goal_team': None, 'ball_out_by': None, 'has_ball': False, 'start_shot_bonus': False, 'start_pass_bonus': False, 'possession_lost': False}

[Step 28] Action=[ 0.01541793 -0.08977056  0.05292287  0.1904566   0.         -0.03097835
  0.15338169] | Reward=-0.004 | Cum=-0.101 | Info={'shot_attempted': False, 'pass_attempted': False, 'goal_scored': False, 'goal_team': None, 'ball_out_by': None, 'has_ball': False, 'start_shot_bonus': False, 'start_pass_bonus': False, 'possession_lost': False}

[Step 29] Action=[ 0.01539978 -0.08978738  0.05291765  0.19047593  0.         -0.03096526
  0.15337704] | Reward=-0.004 | Cum=-0.106 | Info={'shot_attempted': False, 'pass_attempted': False, 'goal_scored': False, 'goal_team': None, 'ball_out_by': None, 'has_ball': False, 'start_shot_bonus': False, 'start_pass_bonus': False, 'possession_lost': False}

[Step 30] Action=[ 0.01538161 -0.08980421  0.05291244  0.19049524  0.         -0.03095219
  0.15337239] | Reward=-0.004 | Cum=-0.110 | Info={'shot_attempted': False, 'pass_attempted': False, 'goal_scored': False, 'goal_team': None, 'ball_out_by': None, 'has_ball': False, 'start_shot_bonus': False, 'start_pass_bonus': False, 'possession_lost': False}

[Step 31] Action=[ 0.01536326 -0.0898189   0.05290864  0.19051476  0.         -0.03094002
  0.15336753] | Reward=-0.005 | Cum=-0.114 | Info={'shot_attempted': False, 'pass_attempted': False, 'goal_scored': False, 'goal_team': None, 'ball_out_by': None, 'has_ball': False, 'start_shot_bonus': False, 'start_pass_bonus': False, 'possession_lost': False}

[Step 32] Action=[ 0.0153449  -0.08983359  0.05290484  0.19053425  0.         -0.03092784
  0.15336268] | Reward=-0.005 | Cum=-0.119 | Info={'shot_attempted': False, 'pass_attempted': False, 'goal_scored': False, 'goal_team': None, 'ball_out_by': None, 'has_ball': False, 'start_shot_bonus': False, 'start_pass_bonus': False, 'possession_lost': False}

[Step 33] Action=[ 0.01532653 -0.0898483   0.05290104  0.19055375  0.         -0.03091565
  0.15335783] | Reward=-0.005 | Cum=-0.124 | Info={'shot_attempted': False, 'pass_attempted': False, 'goal_scored': False, 'goal_team': None, 'ball_out_by': None, 'has_ball': False, 'start_shot_bonus': False, 'start_pass_bonus': False, 'possession_lost': False}

[Step 34] Action=[ 0.01530817 -0.08986297  0.05289724  0.19057323  0.         -0.03090346
  0.15335296] | Reward=-0.005 | Cum=-0.128 | Info={'shot_attempted': False, 'pass_attempted': False, 'goal_scored': False, 'goal_team': None, 'ball_out_by': None, 'has_ball': False, 'start_shot_bonus': False, 'start_pass_bonus': False, 'possession_lost': False}

[Step 35] Action=[ 0.0152898  -0.08987765  0.05289343  0.1905927   0.         -0.03089128
  0.15334812] | Reward=-0.005 | Cum=-0.133 | Info={'shot_attempted': False, 'pass_attempted': False, 'goal_scored': False, 'goal_team': None, 'ball_out_by': None, 'has_ball': False, 'start_shot_bonus': False, 'start_pass_bonus': False, 'possession_lost': False}

[Step 36] Action=[ 0.01527144 -0.08989234  0.05288961  0.19061218  0.         -0.0308791
  0.15334326] | Reward=-0.005 | Cum=-0.138 | Info={'shot_attempted': False, 'pass_attempted': False, 'goal_scored': False, 'goal_team': None, 'ball_out_by': None, 'has_ball': False, 'start_shot_bonus': False, 'start_pass_bonus': False, 'possession_lost': False}

[Step 37] Action=[ 0.01525306 -0.08990701  0.0528858   0.19063164  0.         -0.03086692
  0.15333839] | Reward=-0.005 | Cum=-0.143 | Info={'shot_attempted': False, 'pass_attempted': False, 'goal_scored': False, 'goal_team': None, 'ball_out_by': None, 'has_ball': False, 'start_shot_bonus': False, 'start_pass_bonus': False, 'possession_lost': False}

[Step 38] Action=[ 0.01523469 -0.0899217   0.05288199  0.19065112  0.         -0.03085475
  0.15333354] | Reward=-0.005 | Cum=-0.148 | Info={'shot_attempted': False, 'pass_attempted': False, 'goal_scored': False, 'goal_team': None, 'ball_out_by': None, 'has_ball': False, 'start_shot_bonus': False, 'start_pass_bonus': False, 'possession_lost': False}

[Step 39] Action=[ 0.01521631 -0.08993637  0.05287816  0.19067056  0.         -0.03084258
  0.15332872] | Reward=-0.005 | Cum=-0.153 | Info={'shot_attempted': False, 'pass_attempted': False, 'goal_scored': False, 'goal_team': None, 'ball_out_by': None, 'has_ball': False, 'start_shot_bonus': False, 'start_pass_bonus': False, 'possession_lost': False}

[Step 40] Action=[ 0.01519791 -0.08995102  0.05287435  0.19069001  0.         -0.03083043
  0.15332386] | Reward=-0.005 | Cum=-0.159 | Info={'shot_attempted': False, 'pass_attempted': False, 'goal_scored': False, 'goal_team': None, 'ball_out_by': None, 'has_ball': False, 'start_shot_bonus': False, 'start_pass_bonus': False, 'possession_lost': False}

[Step 41] Action=[ 0.01517953 -0.08996569  0.05287053  0.19070944  0.         -0.03081826
  0.15331903] | Reward=-0.005 | Cum=-0.164 | Info={'shot_attempted': False, 'pass_attempted': False, 'goal_scored': False, 'goal_team': None, 'ball_out_by': None, 'has_ball': False, 'start_shot_bonus': False, 'start_pass_bonus': False, 'possession_lost': False}

[Step 42] Action=[ 0.01516113 -0.08998036  0.0528667   0.19072889  0.         -0.03080611
  0.15331419] | Reward=-0.005 | Cum=-0.169 | Info={'shot_attempted': False, 'pass_attempted': False, 'goal_scored': False, 'goal_team': None, 'ball_out_by': None, 'has_ball': False, 'start_shot_bonus': False, 'start_pass_bonus': False, 'possession_lost': False}

[Step 43] Action=[ 0.01514273 -0.089995    0.05286288  0.19074832  0.         -0.03079394
  0.15330933] | Reward=-0.005 | Cum=-0.175 | Info={'shot_attempted': False, 'pass_attempted': False, 'goal_scored': False, 'goal_team': None, 'ball_out_by': None, 'has_ball': False, 'start_shot_bonus': False, 'start_pass_bonus': False, 'possession_lost': False}

[Step 44] Action=[ 0.01512432 -0.09000964  0.05285903  0.19076774  0.         -0.03078179
  0.15330449] | Reward=-0.006 | Cum=-0.181 | Info={'shot_attempted': False, 'pass_attempted': False, 'goal_scored': False, 'goal_team': None, 'ball_out_by': None, 'has_ball': False, 'start_shot_bonus': False, 'start_pass_bonus': False, 'possession_lost': False}

[Step 45] Action=[ 0.01510592 -0.09002431  0.05285522  0.19078712  0.         -0.03076967
  0.15329966] | Reward=-0.006 | Cum=-0.186 | Info={'shot_attempted': False, 'pass_attempted': False, 'goal_scored': False, 'goal_team': None, 'ball_out_by': None, 'has_ball': False, 'start_shot_bonus': False, 'start_pass_bonus': False, 'possession_lost': False}

[Step 46] Action=[ 0.01508768 -0.09003931  0.05285158  0.19080696  0.         -0.0307574
  0.15329495] | Reward=-0.006 | Cum=-0.192 | Info={'shot_attempted': False, 'pass_attempted': False, 'goal_scored': False, 'goal_team': None, 'ball_out_by': None, 'has_ball': False, 'start_shot_bonus': False, 'start_pass_bonus': False, 'possession_lost': False}

[Step 47] Action=[ 0.0150707  -0.09005703  0.05284961  0.19082986  0.         -0.03074433
  0.1532914 ] | Reward=-0.006 | Cum=-0.198 | Info={'shot_attempted': False, 'pass_attempted': False, 'goal_scored': False, 'goal_team': None, 'ball_out_by': None, 'has_ball': False, 'start_shot_bonus': False, 'start_pass_bonus': False, 'possession_lost': False}

[Step 48] Action=[ 0.01505374 -0.09007475  0.05284764  0.19085278  0.         -0.03073127
  0.15328784] | Reward=-0.006 | Cum=-0.204 | Info={'shot_attempted': False, 'pass_attempted': False, 'goal_scored': False, 'goal_team': None, 'ball_out_by': None, 'has_ball': False, 'start_shot_bonus': False, 'start_pass_bonus': False, 'possession_lost': False}

[Step 49] Action=[ 0.01503676 -0.09009247  0.05284568  0.19087565  0.         -0.03071821
  0.1532843 ] | Reward=-0.006 | Cum=-0.210 | Info={'shot_attempted': False, 'pass_attempted': False, 'goal_scored': False, 'goal_team': None, 'ball_out_by': None, 'has_ball': False, 'start_shot_bonus': False, 'start_pass_bonus': False, 'possession_lost': False}

[Step 50] Action=[ 0.01501979 -0.09011018  0.0528437   0.19089857  0.         -0.03070514
  0.15328075] | Reward=-0.006 | Cum=-0.217 | Info={'shot_attempted': False, 'pass_attempted': False, 'goal_scored': False, 'goal_team': None, 'ball_out_by': None, 'has_ball': False, 'start_shot_bonus': False, 'start_pass_bonus': False, 'possession_lost': False}

[Step 51] Action=[ 0.01500281 -0.0901279   0.05284172  0.19092144  0.         -0.03069208
  0.15327719] | Reward=-0.006 | Cum=-0.223 | Info={'shot_attempted': False, 'pass_attempted': False, 'goal_scored': False, 'goal_team': None, 'ball_out_by': None, 'has_ball': False, 'start_shot_bonus': False, 'start_pass_bonus': False, 'possession_lost': False}

[Step 52] Action=[ 0.01498582 -0.09014561  0.05283973  0.19094433  0.         -0.03067902
  0.15327364] | Reward=-0.007 | Cum=-0.230 | Info={'shot_attempted': False, 'pass_attempted': False, 'goal_scored': False, 'goal_team': None, 'ball_out_by': None, 'has_ball': False, 'start_shot_bonus': False, 'start_pass_bonus': False, 'possession_lost': False}

[Step 53] Action=[ 0.01496883 -0.09016332  0.05283777  0.1909672   0.         -0.03066596
  0.15327011] | Reward=-0.006 | Cum=-0.236 | Info={'shot_attempted': False, 'pass_attempted': False, 'goal_scored': False, 'goal_team': None, 'ball_out_by': None, 'has_ball': False, 'start_shot_bonus': False, 'start_pass_bonus': False, 'possession_lost': False}

[Step 54] Action=[ 0.01495146 -0.09018037  0.05283494  0.19099084  0.         -0.0306533
  0.15326634] | Reward=-0.006 | Cum=-0.242 | Info={'shot_attempted': False, 'pass_attempted': False, 'goal_scored': False, 'goal_team': None, 'ball_out_by': None, 'has_ball': False, 'start_shot_bonus': False, 'start_pass_bonus': False, 'possession_lost': False}

[Step 55] Action=[ 0.01493374 -0.09019677  0.0528313   0.19101521  0.         -0.03064107
  0.1532623 ] | Reward=-0.006 | Cum=-0.248 | Info={'shot_attempted': False, 'pass_attempted': False, 'goal_scored': False, 'goal_team': None, 'ball_out_by': None, 'has_ball': False, 'start_shot_bonus': False, 'start_pass_bonus': False, 'possession_lost': False}

[Step 56] Action=[ 0.01491602 -0.09021317  0.05282765  0.1910396   0.         -0.03062881
  0.15325831] | Reward=-0.006 | Cum=-0.254 | Info={'shot_attempted': False, 'pass_attempted': False, 'goal_scored': False, 'goal_team': None, 'ball_out_by': None, 'has_ball': False, 'start_shot_bonus': False, 'start_pass_bonus': False, 'possession_lost': False}

[Step 57] Action=[ 0.01489826 -0.09022958  0.05282411  0.19106399  0.         -0.03061658
  0.1532544 ] | Reward=-0.007 | Cum=-0.261 | Info={'shot_attempted': False, 'pass_attempted': False, 'goal_scored': False, 'goal_team': None, 'ball_out_by': None, 'has_ball': False, 'start_shot_bonus': False, 'start_pass_bonus': False, 'possession_lost': False}

[Step 58] Action=[ 0.01487841 -0.09024554  0.05282179  0.19108689  0.         -0.03060583
  0.153252  ] | Reward=-0.007 | Cum=-0.267 | Info={'shot_attempted': False, 'pass_attempted': False, 'goal_scored': False, 'goal_team': None, 'ball_out_by': None, 'has_ball': False, 'start_shot_bonus': False, 'start_pass_bonus': False, 'possession_lost': False}

[Step 59] Action=[ 0.01485515 -0.09026036  0.05282044  0.19110742  0.         -0.03059755
  0.15325135] | Reward=-0.007 | Cum=-0.274 | Info={'shot_attempted': False, 'pass_attempted': False, 'goal_scored': False, 'goal_team': None, 'ball_out_by': None, 'has_ball': False, 'start_shot_bonus': False, 'start_pass_bonus': False, 'possession_lost': False}

[Step 60] Action=[ 0.01483188 -0.09027518  0.05281908  0.19112796  0.         -0.03058927
  0.15325068] | Reward=-0.007 | Cum=-0.281 | Info={'shot_attempted': False, 'pass_attempted': False, 'goal_scored': False, 'goal_team': None, 'ball_out_by': None, 'has_ball': False, 'start_shot_bonus': False, 'start_pass_bonus': False, 'possession_lost': False}

[Step 61] Action=[ 0.01480863 -0.09029002  0.05281772  0.19114849  0.         -0.03058099
  0.15325002] | Reward=-0.007 | Cum=-0.288 | Info={'shot_attempted': False, 'pass_attempted': False, 'goal_scored': False, 'goal_team': None, 'ball_out_by': None, 'has_ball': False, 'start_shot_bonus': False, 'start_pass_bonus': False, 'possession_lost': False}

[Step 62] Action=[ 0.01478731 -0.0903074   0.05281631  0.19116972  0.         -0.03057285
  0.15325145] | Reward=-0.007 | Cum=-0.295 | Info={'shot_attempted': False, 'pass_attempted': False, 'goal_scored': False, 'goal_team': None, 'ball_out_by': None, 'has_ball': False, 'start_shot_bonus': False, 'start_pass_bonus': False, 'possession_lost': False}

[Step 63] Action=[ 0.01476432 -0.09032258  0.0528149   0.19119033  0.         -0.03056463
  0.15325107] | Reward=-0.007 | Cum=-0.302 | Info={'shot_attempted': False, 'pass_attempted': False, 'goal_scored': False, 'goal_team': None, 'ball_out_by': None, 'has_ball': False, 'start_shot_bonus': False, 'start_pass_bonus': False, 'possession_lost': False}

[Step 64] Action=[ 0.01474133 -0.09033775  0.05281349  0.19121091  0.         -0.0305564
  0.1532507 ] | Reward=-0.007 | Cum=-0.309 | Info={'shot_attempted': False, 'pass_attempted': False, 'goal_scored': False, 'goal_team': None, 'ball_out_by': None, 'has_ball': False, 'start_shot_bonus': False, 'start_pass_bonus': False, 'possession_lost': False}

[Step 65] Action=[ 0.01471846 -0.09035633  0.05281593  0.1912374   0.         -0.0305456
  0.153253  ] | Reward=-0.008 | Cum=-0.316 | Info={'shot_attempted': False, 'pass_attempted': False, 'goal_scored': False, 'goal_team': None, 'ball_out_by': None, 'has_ball': False, 'start_shot_bonus': False, 'start_pass_bonus': False, 'possession_lost': False}

[Step 66] Action=[ 0.01469562 -0.09037568  0.05281933  0.19126539  0.         -0.03053417
  0.15325601] | Reward=-0.008 | Cum=-0.324 | Info={'shot_attempted': False, 'pass_attempted': False, 'goal_scored': False, 'goal_team': None, 'ball_out_by': None, 'has_ball': False, 'start_shot_bonus': False, 'start_pass_bonus': False, 'possession_lost': False}

[Step 67] Action=[ 0.01467274 -0.09039508  0.05282272  0.19129337  0.         -0.03052273
  0.15325898] | Reward=-0.008 | Cum=-0.331 | Info={'shot_attempted': False, 'pass_attempted': False, 'goal_scored': False, 'goal_team': None, 'ball_out_by': None, 'has_ball': False, 'start_shot_bonus': False, 'start_pass_bonus': False, 'possession_lost': False}

[Step 68] Action=[ 0.01464988 -0.09041443  0.0528261   0.19132133  0.         -0.0305113
  0.15326194] | Reward=-0.008 | Cum=-0.339 | Info={'shot_attempted': False, 'pass_attempted': False, 'goal_scored': False, 'goal_team': None, 'ball_out_by': None, 'has_ball': False, 'start_shot_bonus': False, 'start_pass_bonus': False, 'possession_lost': False}

[Step 69] Action=[ 0.014627   -0.09043379  0.05282949  0.19134928  0.         -0.03049988
  0.15326491] | Reward=-0.008 | Cum=-0.346 | Info={'shot_attempted': False, 'pass_attempted': False, 'goal_scored': False, 'goal_team': None, 'ball_out_by': None, 'has_ball': False, 'start_shot_bonus': False, 'start_pass_bonus': False, 'possession_lost': False}

[Step 70] Action=[ 0.01460411 -0.09045313  0.05283286  0.19137721  0.         -0.03048845
  0.1532679 ] | Reward=-0.008 | Cum=-0.354 | Info={'shot_attempted': False, 'pass_attempted': False, 'goal_scored': False, 'goal_team': None, 'ball_out_by': None, 'has_ball': False, 'start_shot_bonus': False, 'start_pass_bonus': False, 'possession_lost': False}

[Step 71] Action=[ 0.0145812  -0.09047249  0.05283625  0.19140516  0.         -0.03047705
  0.15327089] | Reward=-0.008 | Cum=-0.362 | Info={'shot_attempted': False, 'pass_attempted': False, 'goal_scored': False, 'goal_team': None, 'ball_out_by': None, 'has_ball': False, 'start_shot_bonus': False, 'start_pass_bonus': False, 'possession_lost': False}

[Step 72] Action=[ 0.01455832 -0.09049183  0.05283964  0.19143312  0.         -0.03046561
  0.15327385] | Reward=-0.008 | Cum=-0.370 | Info={'shot_attempted': False, 'pass_attempted': False, 'goal_scored': False, 'goal_team': None, 'ball_out_by': None, 'has_ball': False, 'start_shot_bonus': False, 'start_pass_bonus': False, 'possession_lost': False}

[Step 73] Action=[ 0.01453539 -0.09051115  0.05284302  0.19146104  0.         -0.03045421
  0.15327682] | Reward=-0.008 | Cum=-0.378 | Info={'shot_attempted': False, 'pass_attempted': False, 'goal_scored': False, 'goal_team': None, 'ball_out_by': None, 'has_ball': False, 'start_shot_bonus': False, 'start_pass_bonus': False, 'possession_lost': False}

[Step 74] Action=[ 0.01451248 -0.09053047  0.05284639  0.19148894  0.         -0.03044279
  0.15327978] | Reward=-0.008 | Cum=-0.387 | Info={'shot_attempted': False, 'pass_attempted': False, 'goal_scored': False, 'goal_team': None, 'ball_out_by': None, 'has_ball': False, 'start_shot_bonus': False, 'start_pass_bonus': False, 'possession_lost': False}

[Step 75] Action=[ 0.01448955 -0.09054977  0.05284976  0.19151688  0.         -0.03043136
  0.15328275] | Reward=-0.008 | Cum=-0.395 | Info={'shot_attempted': False, 'pass_attempted': False, 'goal_scored': False, 'goal_team': None, 'ball_out_by': None, 'has_ball': False, 'start_shot_bonus': False, 'start_pass_bonus': False, 'possession_lost': False}

[Step 76] Action=[ 0.01446661 -0.09056909  0.05285315  0.19154479  0.         -0.03041995
  0.15328573] | Reward=-0.008 | Cum=-0.404 | Info={'shot_attempted': False, 'pass_attempted': False, 'goal_scored': False, 'goal_team': None, 'ball_out_by': None, 'has_ball': False, 'start_shot_bonus': False, 'start_pass_bonus': False, 'possession_lost': False}

[Step 77] Action=[ 0.01444366 -0.09058838  0.0528565   0.19157268  0.         -0.03040856
  0.15328869] | Reward=-0.008 | Cum=-0.412 | Info={'shot_attempted': False, 'pass_attempted': False, 'goal_scored': False, 'goal_team': None, 'ball_out_by': None, 'has_ball': False, 'start_shot_bonus': False, 'start_pass_bonus': False, 'possession_lost': False}

[Step 78] Action=[ 0.01442071 -0.09060768  0.05285987  0.19160056  0.         -0.03039715
  0.15329164] | Reward=-0.009 | Cum=-0.421 | Info={'shot_attempted': False, 'pass_attempted': False, 'goal_scored': False, 'goal_team': None, 'ball_out_by': None, 'has_ball': False, 'start_shot_bonus': False, 'start_pass_bonus': False, 'possession_lost': False}

[Step 79] Action=[ 0.01439775 -0.09062696  0.05286325  0.19162847  0.         -0.03038575
  0.1532946 ] | Reward=-0.009 | Cum=-0.430 | Info={'shot_attempted': False, 'pass_attempted': False, 'goal_scored': False, 'goal_team': None, 'ball_out_by': None, 'has_ball': False, 'start_shot_bonus': False, 'start_pass_bonus': False, 'possession_lost': False}

[Step 80] Action=[ 0.01437477 -0.09064622  0.05286661  0.19165634  0.         -0.03037434
  0.15329756] | Reward=-0.008 | Cum=-0.438 | Info={'shot_attempted': False, 'pass_attempted': False, 'goal_scored': False, 'goal_team': None, 'ball_out_by': None, 'has_ball': False, 'start_shot_bonus': False, 'start_pass_bonus': False, 'possession_lost': False}

[Step 81] Action=[ 0.0143518  -0.0906655   0.05286997  0.19168422  0.         -0.03036295
  0.15330054] | Reward=-0.008 | Cum=-0.447 | Info={'shot_attempted': False, 'pass_attempted': False, 'goal_scored': False, 'goal_team': None, 'ball_out_by': None, 'has_ball': False, 'start_shot_bonus': False, 'start_pass_bonus': False, 'possession_lost': False}

[Step 82] Action=[ 0.01432877 -0.09068488  0.05287339  0.1917121   0.         -0.03035151
  0.1533034 ] | Reward=-0.008 | Cum=-0.455 | Info={'shot_attempted': False, 'pass_attempted': False, 'goal_scored': False, 'goal_team': None, 'ball_out_by': None, 'has_ball': False, 'start_shot_bonus': False, 'start_pass_bonus': False, 'possession_lost': False}

[Step 83] Action=[ 0.014305   -0.09070635  0.05287772  0.19173992  0.         -0.03033907
  0.15330449] | Reward=-0.009 | Cum=-0.464 | Info={'shot_attempted': False, 'pass_attempted': False, 'goal_scored': False, 'goal_team': None, 'ball_out_by': None, 'has_ball': False, 'start_shot_bonus': False, 'start_pass_bonus': False, 'possession_lost': False}

[Step 84] Action=[ 0.01428123 -0.09072781  0.05288207  0.19176774  0.         -0.03032663
  0.15330556] | Reward=-0.009 | Cum=-0.473 | Info={'shot_attempted': False, 'pass_attempted': False, 'goal_scored': False, 'goal_team': None, 'ball_out_by': None, 'has_ball': False, 'start_shot_bonus': False, 'start_pass_bonus': False, 'possession_lost': False}

[Step 85] Action=[ 0.01425743 -0.09074927  0.0528864   0.19179554  0.         -0.0303142
  0.15330665] | Reward=-0.009 | Cum=-0.482 | Info={'shot_attempted': False, 'pass_attempted': False, 'goal_scored': False, 'goal_team': None, 'ball_out_by': None, 'has_ball': False, 'start_shot_bonus': False, 'start_pass_bonus': False, 'possession_lost': False}

[Step 86] Action=[ 0.01423365 -0.09077076  0.05289074  0.19182338  0.         -0.03030178
  0.15330775] | Reward=-0.009 | Cum=-0.491 | Info={'shot_attempted': False, 'pass_attempted': False, 'goal_scored': False, 'goal_team': None, 'ball_out_by': None, 'has_ball': False, 'start_shot_bonus': False, 'start_pass_bonus': False, 'possession_lost': False}

[Step 87] Action=[ 0.01420985 -0.09079219  0.05289508  0.19185114  0.         -0.03028934
  0.15330882] | Reward=-0.009 | Cum=-0.501 | Info={'shot_attempted': False, 'pass_attempted': False, 'goal_scored': False, 'goal_team': None, 'ball_out_by': None, 'has_ball': False, 'start_shot_bonus': False, 'start_pass_bonus': False, 'possession_lost': False}

[Step 88] Action=[ 0.01418604 -0.09081363  0.05289941  0.19187893  0.         -0.03027692
  0.1533099 ] | Reward=-0.009 | Cum=-0.510 | Info={'shot_attempted': False, 'pass_attempted': False, 'goal_scored': False, 'goal_team': None, 'ball_out_by': None, 'has_ball': False, 'start_shot_bonus': False, 'start_pass_bonus': False, 'possession_lost': False}

[Step 89] Action=[ 0.0141622  -0.09083507  0.05290375  0.19190674  0.         -0.03026448
  0.15331098] | Reward=-0.009 | Cum=-0.520 | Info={'shot_attempted': False, 'pass_attempted': False, 'goal_scored': False, 'goal_team': None, 'ball_out_by': None, 'has_ball': False, 'start_shot_bonus': False, 'start_pass_bonus': False, 'possession_lost': False}

[Step 90] Action=[ 0.01413838 -0.09085651  0.05290809  0.19193451  0.         -0.03025206
  0.15331207] | Reward=-0.009 | Cum=-0.529 | Info={'shot_attempted': False, 'pass_attempted': False, 'goal_scored': False, 'goal_team': None, 'ball_out_by': None, 'has_ball': False, 'start_shot_bonus': False, 'start_pass_bonus': False, 'possession_lost': False}

[Step 91] Action=[ 0.01411462 -0.09087799  0.05291246  0.19196233  0.         -0.03023962
  0.1533131 ] | Reward=-0.010 | Cum=-0.539 | Info={'shot_attempted': False, 'pass_attempted': False, 'goal_scored': False, 'goal_team': None, 'ball_out_by': None, 'has_ball': False, 'start_shot_bonus': False, 'start_pass_bonus': False, 'possession_lost': False}

[Step 92] Action=[ 0.01409583 -0.09090416  0.05291964  0.19199365  0.         -0.03022604
  0.1533125 ] | Reward=-0.010 | Cum=-0.549 | Info={'shot_attempted': False, 'pass_attempted': False, 'goal_scored': False, 'goal_team': None, 'ball_out_by': None, 'has_ball': False, 'start_shot_bonus': False, 'start_pass_bonus': False, 'possession_lost': False}

[Step 93] Action=[ 0.01407699 -0.09093032  0.0529268   0.19202492  0.         -0.03021247
  0.15331186] | Reward=-0.010 | Cum=-0.559 | Info={'shot_attempted': False, 'pass_attempted': False, 'goal_scored': False, 'goal_team': None, 'ball_out_by': None, 'has_ball': False, 'start_shot_bonus': False, 'start_pass_bonus': False, 'possession_lost': False}

[Step 94] Action=[ 0.01405815 -0.09095647  0.05293395  0.19205621  0.         -0.0301989
  0.15331127] | Reward=-0.010 | Cum=-0.569 | Info={'shot_attempted': False, 'pass_attempted': False, 'goal_scored': False, 'goal_team': None, 'ball_out_by': None, 'has_ball': False, 'start_shot_bonus': False, 'start_pass_bonus': False, 'possession_lost': False}

[Step 95] Action=[ 0.01403933 -0.09098259  0.05294112  0.19208747  0.         -0.03018531
  0.15331063] | Reward=-0.010 | Cum=-0.579 | Info={'shot_attempted': False, 'pass_attempted': False, 'goal_scored': False, 'goal_team': None, 'ball_out_by': None, 'has_ball': False, 'start_shot_bonus': False, 'start_pass_bonus': False, 'possession_lost': False}

[Step 96] Action=[ 0.01402047 -0.09100872  0.05294828  0.19211873  0.         -0.03017174
  0.15330999] | Reward=-0.010 | Cum=-0.589 | Info={'shot_attempted': False, 'pass_attempted': False, 'goal_scored': False, 'goal_team': None, 'ball_out_by': None, 'has_ball': False, 'start_shot_bonus': False, 'start_pass_bonus': False, 'possession_lost': False}

[Step 97] Action=[ 0.01400161 -0.09103485  0.05295543  0.19215001  0.         -0.03015816
  0.15330939] | Reward=-0.010 | Cum=-0.599 | Info={'shot_attempted': False, 'pass_attempted': False, 'goal_scored': False, 'goal_team': None, 'ball_out_by': None, 'has_ball': False, 'start_shot_bonus': False, 'start_pass_bonus': False, 'possession_lost': False}

[Step 98] Action=[ 0.01398276 -0.09106097  0.05296259  0.19218126  0.         -0.03014459
  0.15330876] | Reward=-0.010 | Cum=-0.610 | Info={'shot_attempted': False, 'pass_attempted': False, 'goal_scored': False, 'goal_team': None, 'ball_out_by': None, 'has_ball': False, 'start_shot_bonus': False, 'start_pass_bonus': False, 'possession_lost': False}

[Step 99] Action=[ 0.01396387 -0.09108709  0.05296975  0.19221252  0.         -0.03013102
  0.15330812] | Reward=-0.010 | Cum=-0.620 | Info={'shot_attempted': False, 'pass_attempted': False, 'goal_scored': False, 'goal_team': None, 'ball_out_by': None, 'has_ball': False, 'start_shot_bonus': False, 'start_pass_bonus': False, 'possession_lost': False}

[Step 100] Action=[ 0.013945   -0.09111319  0.05297691  0.19224377  0.         -0.03011747
  0.1533075 ] | Reward=-0.011 | Cum=-0.631 | Info={'shot_attempted': False, 'pass_attempted': False, 'goal_scored': False, 'goal_team': None, 'ball_out_by': None, 'has_ball': False, 'start_shot_bonus': False, 'start_pass_bonus': False, 'possession_lost': False}

[Step 101] Action=[ 0.0139249  -0.09113682  0.05298433  0.19227502  0.         -0.03010583
  0.1533064 ] | Reward=-0.011 | Cum=-0.642 | Info={'shot_attempted': False, 'pass_attempted': False, 'goal_scored': False, 'goal_team': None, 'ball_out_by': None, 'has_ball': False, 'start_shot_bonus': False, 'start_pass_bonus': False, 'possession_lost': False}

[Step 102] Action=[ 0.01390454 -0.0911599   0.05299179  0.19230624  0.         -0.03009463
  0.15330517] | Reward=-0.011 | Cum=-0.653 | Info={'shot_attempted': False, 'pass_attempted': False, 'goal_scored': False, 'goal_team': None, 'ball_out_by': None, 'has_ball': False, 'start_shot_bonus': False, 'start_pass_bonus': False, 'possession_lost': False}

[Step 103] Action=[ 0.01388437 -0.09118316  0.05299915  0.1923376   0.         -0.03008345
  0.1533039 ] | Reward=-0.011 | Cum=-0.664 | Info={'shot_attempted': False, 'pass_attempted': False, 'goal_scored': False, 'goal_team': None, 'ball_out_by': None, 'has_ball': False, 'start_shot_bonus': False, 'start_pass_bonus': False, 'possession_lost': False}

[Step 104] Action=[ 0.01386515 -0.09120718  0.05300593  0.19236948  0.         -0.03007245
  0.15330243] | Reward=-0.011 | Cum=-0.675 | Info={'shot_attempted': False, 'pass_attempted': False, 'goal_scored': False, 'goal_team': None, 'ball_out_by': None, 'has_ball': False, 'start_shot_bonus': False, 'start_pass_bonus': False, 'possession_lost': False}

[Step 105] Action=[ 0.01384592 -0.09123118  0.05301272  0.19240133  0.         -0.03006146
  0.15330094] | Reward=-0.011 | Cum=-0.686 | Info={'shot_attempted': False, 'pass_attempted': False, 'goal_scored': False, 'goal_team': None, 'ball_out_by': None, 'has_ball': False, 'start_shot_bonus': False, 'start_pass_bonus': False, 'possession_lost': False}

[Step 106] Action=[ 0.01382671 -0.09125518  0.0530195   0.19243322  0.         -0.03005045
  0.15329945] | Reward=-0.011 | Cum=-0.698 | Info={'shot_attempted': False, 'pass_attempted': False, 'goal_scored': False, 'goal_team': None, 'ball_out_by': None, 'has_ball': False, 'start_shot_bonus': False, 'start_pass_bonus': False, 'possession_lost': False}

[Step 107] Action=[ 0.01380745 -0.09127919  0.05302629  0.19246511  0.         -0.03003947
  0.15329799] | Reward=-0.011 | Cum=-0.709 | Info={'shot_attempted': False, 'pass_attempted': False, 'goal_scored': False, 'goal_team': None, 'ball_out_by': None, 'has_ball': False, 'start_shot_bonus': False, 'start_pass_bonus': False, 'possession_lost': False}

[Step 108] Action=[ 0.01378835 -0.09130346  0.05303321  0.19249696  0.         -0.030029
  0.15329619] | Reward=-0.011 | Cum=-0.720 | Info={'shot_attempted': False, 'pass_attempted': False, 'goal_scored': False, 'goal_team': None, 'ball_out_by': None, 'has_ball': False, 'start_shot_bonus': False, 'start_pass_bonus': False, 'possession_lost': False}

[Step 109] Action=[ 0.01376999 -0.09132947  0.05304096  0.19252875  0.         -0.0300219
  0.15329215] | Reward=-0.011 | Cum=-0.732 | Info={'shot_attempted': False, 'pass_attempted': False, 'goal_scored': False, 'goal_team': None, 'ball_out_by': None, 'has_ball': False, 'start_shot_bonus': False, 'start_pass_bonus': False, 'possession_lost': False}

[Step 110] Action=[ 0.01375165 -0.09135545  0.05304869  0.19256055  0.         -0.03001476
  0.15328817] | Reward=-0.011 | Cum=-0.743 | Info={'shot_attempted': False, 'pass_attempted': False, 'goal_scored': False, 'goal_team': None, 'ball_out_by': None, 'has_ball': False, 'start_shot_bonus': False, 'start_pass_bonus': False, 'possession_lost': False}

[Step 111] Action=[ 0.01373328 -0.09138145  0.05305648  0.19259235  0.         -0.03000768
  0.15328418] | Reward=-0.011 | Cum=-0.755 | Info={'shot_attempted': False, 'pass_attempted': False, 'goal_scored': False, 'goal_team': None, 'ball_out_by': None, 'has_ball': False, 'start_shot_bonus': False, 'start_pass_bonus': False, 'possession_lost': False}

[Step 112] Action=[ 0.01371938 -0.09140737  0.05306945  0.19263045  0.         -0.02999546
  0.15327647] | Reward=-0.011 | Cum=-0.766 | Info={'shot_attempted': False, 'pass_attempted': False, 'goal_scored': False, 'goal_team': None, 'ball_out_by': None, 'has_ball': False, 'start_shot_bonus': False, 'start_pass_bonus': False, 'possession_lost': False}

[Step 113] Action=[ 0.01370871 -0.09143381  0.05308547  0.1926736   0.         -0.02998097
  0.15326524] | Reward=-0.012 | Cum=-0.778 | Info={'shot_attempted': False, 'pass_attempted': False, 'goal_scored': False, 'goal_team': None, 'ball_out_by': None, 'has_ball': False, 'start_shot_bonus': False, 'start_pass_bonus': False, 'possession_lost': False}

[Step 114] Action=[ 0.01369802 -0.09146025  0.05310146  0.19271672  0.         -0.02996653
  0.15325403] | Reward=-0.012 | Cum=-0.790 | Info={'shot_attempted': False, 'pass_attempted': False, 'goal_scored': False, 'goal_team': None, 'ball_out_by': None, 'has_ball': False, 'start_shot_bonus': False, 'start_pass_bonus': False, 'possession_lost': False}

[Step 115] Action=[ 0.01368732 -0.09148666  0.05311747  0.19275986  0.         -0.02995204
  0.15324278] | Reward=-0.012 | Cum=-0.802 | Info={'shot_attempted': False, 'pass_attempted': False, 'goal_scored': False, 'goal_team': None, 'ball_out_by': None, 'has_ball': False, 'start_shot_bonus': False, 'start_pass_bonus': False, 'possession_lost': False}

[Step 116] Action=[ 0.01367665 -0.09151306  0.05313348  0.19280297  0.         -0.0299376
  0.15323153] | Reward=-0.012 | Cum=-0.814 | Info={'shot_attempted': False, 'pass_attempted': False, 'goal_scored': False, 'goal_team': None, 'ball_out_by': None, 'has_ball': False, 'start_shot_bonus': False, 'start_pass_bonus': False, 'possession_lost': False}

[Step 117] Action=[ 0.01366595 -0.09153948  0.0531495   0.19284609  0.         -0.02992313
  0.1532203 ] | Reward=-0.012 | Cum=-0.826 | Info={'shot_attempted': False, 'pass_attempted': False, 'goal_scored': False, 'goal_team': None, 'ball_out_by': None, 'has_ball': False, 'start_shot_bonus': False, 'start_pass_bonus': False, 'possession_lost': False}

[Step 118] Action=[ 0.01365525 -0.09156591  0.05316551  0.1928892   0.         -0.02990866
  0.15320906] | Reward=-0.012 | Cum=-0.839 | Info={'shot_attempted': False, 'pass_attempted': False, 'goal_scored': False, 'goal_team': None, 'ball_out_by': None, 'has_ball': False, 'start_shot_bonus': False, 'start_pass_bonus': False, 'possession_lost': False}

[Step 119] Action=[ 0.01364455 -0.09159229  0.05318151  0.19293234  0.         -0.0298942
  0.1531978 ] | Reward=-0.012 | Cum=-0.851 | Info={'shot_attempted': False, 'pass_attempted': False, 'goal_scored': False, 'goal_team': None, 'ball_out_by': None, 'has_ball': False, 'start_shot_bonus': False, 'start_pass_bonus': False, 'possession_lost': False}

[Step 120] Action=[ 0.01363384 -0.09161871  0.0531975   0.19297546  0.         -0.02987975
  0.15318656] | Reward=-0.012 | Cum=-0.864 | Info={'shot_attempted': False, 'pass_attempted': False, 'goal_scored': False, 'goal_team': None, 'ball_out_by': None, 'has_ball': False, 'start_shot_bonus': False, 'start_pass_bonus': False, 'possession_lost': False}

[Step 121] Action=[ 0.01362312 -0.09164509  0.05321351  0.19301856  0.         -0.02986529
  0.1531753 ] | Reward=-0.012 | Cum=-0.876 | Info={'shot_attempted': False, 'pass_attempted': False, 'goal_scored': False, 'goal_team': None, 'ball_out_by': None, 'has_ball': False, 'start_shot_bonus': False, 'start_pass_bonus': False, 'possession_lost': False}

[Step 122] Action=[ 0.0136124  -0.09167148  0.05322953  0.19306166  0.         -0.02985083
  0.15316403] | Reward=-0.013 | Cum=-0.889 | Info={'shot_attempted': False, 'pass_attempted': False, 'goal_scored': False, 'goal_team': None, 'ball_out_by': None, 'has_ball': False, 'start_shot_bonus': False, 'start_pass_bonus': False, 'possession_lost': False}

[Step 123] Action=[ 0.01360169 -0.09169789  0.05324554  0.19310477  0.         -0.02983637
  0.15315278] | Reward=-0.013 | Cum=-0.902 | Info={'shot_attempted': False, 'pass_attempted': False, 'goal_scored': False, 'goal_team': None, 'ball_out_by': None, 'has_ball': False, 'start_shot_bonus': False, 'start_pass_bonus': False, 'possession_lost': False}

[Step 124] Action=[ 0.01359095 -0.09172425  0.05326154  0.1931479   0.         -0.02982189
  0.1531415 ] | Reward=-0.013 | Cum=-0.915 | Info={'shot_attempted': False, 'pass_attempted': False, 'goal_scored': False, 'goal_team': None, 'ball_out_by': None, 'has_ball': False, 'start_shot_bonus': False, 'start_pass_bonus': False, 'possession_lost': False}

[Step 125] Action=[ 0.01358024 -0.09175061  0.05327753  0.19319098  0.         -0.02980744
  0.1531302 ] | Reward=-0.013 | Cum=-0.928 | Info={'shot_attempted': False, 'pass_attempted': False, 'goal_scored': False, 'goal_team': None, 'ball_out_by': None, 'has_ball': False, 'start_shot_bonus': False, 'start_pass_bonus': False, 'possession_lost': False}

[Step 126] Action=[ 0.0135695  -0.091777    0.05329354  0.19323407  0.         -0.02979299
  0.15311894] | Reward=-0.013 | Cum=-0.941 | Info={'shot_attempted': False, 'pass_attempted': False, 'goal_scored': False, 'goal_team': None, 'ball_out_by': None, 'has_ball': False, 'start_shot_bonus': False, 'start_pass_bonus': False, 'possession_lost': False}

[Step 127] Action=[ 0.01355875 -0.09180336  0.05330955  0.19327717  0.         -0.02977853
  0.15310764] | Reward=-0.013 | Cum=-0.954 | Info={'shot_attempted': False, 'pass_attempted': False, 'goal_scored': False, 'goal_team': None, 'ball_out_by': None, 'has_ball': False, 'start_shot_bonus': False, 'start_pass_bonus': False, 'possession_lost': False}

[Step 128] Action=[ 0.01354801 -0.09182974  0.05332555  0.19332027  0.         -0.02976407
  0.15309638] | Reward=-0.013 | Cum=-0.968 | Info={'shot_attempted': False, 'pass_attempted': False, 'goal_scored': False, 'goal_team': None, 'ball_out_by': None, 'has_ball': False, 'start_shot_bonus': False, 'start_pass_bonus': False, 'possession_lost': False}

[Step 129] Action=[ 0.01353726 -0.09185609  0.05334154  0.19336338  0.         -0.0297496
  0.15308508] | Reward=-0.013 | Cum=-0.981 | Info={'shot_attempted': False, 'pass_attempted': False, 'goal_scored': False, 'goal_team': None, 'ball_out_by': None, 'has_ball': False, 'start_shot_bonus': False, 'start_pass_bonus': False, 'possession_lost': False}

[Step 130] Action=[ 0.01352651 -0.09188244  0.05335756  0.19340648  0.         -0.02973515
  0.15307376] | Reward=-0.014 | Cum=-0.995 | Info={'shot_attempted': False, 'pass_attempted': False, 'goal_scored': False, 'goal_team': None, 'ball_out_by': None, 'has_ball': False, 'start_shot_bonus': False, 'start_pass_bonus': False, 'possession_lost': False}

[Step 131] Action=[ 0.01351575 -0.09190878  0.05337355  0.19344956  0.         -0.02972068
  0.15306248] | Reward=-0.014 | Cum=-1.009 | Info={'shot_attempted': False, 'pass_attempted': False, 'goal_scored': False, 'goal_team': None, 'ball_out_by': None, 'has_ball': False, 'start_shot_bonus': False, 'start_pass_bonus': False, 'possession_lost': False}

[Step 132] Action=[ 0.01350499 -0.09193514  0.05338955  0.19349264  0.         -0.02970622
  0.15305118] | Reward=-0.014 | Cum=-1.022 | Info={'shot_attempted': False, 'pass_attempted': False, 'goal_scored': False, 'goal_team': None, 'ball_out_by': None, 'has_ball': False, 'start_shot_bonus': False, 'start_pass_bonus': False, 'possession_lost': False}

[Step 133] Action=[ 0.01349423 -0.0919615   0.05340555  0.19353575  0.         -0.02969178
  0.15303987] | Reward=-0.014 | Cum=-1.036 | Info={'shot_attempted': False, 'pass_attempted': False, 'goal_scored': False, 'goal_team': None, 'ball_out_by': None, 'has_ball': False, 'start_shot_bonus': False, 'start_pass_bonus': False, 'possession_lost': False}

[Step 134] Action=[ 0.01348345 -0.09198783  0.05342155  0.19357884  0.         -0.02967729
  0.15302856] | Reward=-0.014 | Cum=-1.050 | Info={'shot_attempted': False, 'pass_attempted': False, 'goal_scored': False, 'goal_team': None, 'ball_out_by': None, 'has_ball': False, 'start_shot_bonus': False, 'start_pass_bonus': False, 'possession_lost': False}

[Step 135] Action=[ 0.01347267 -0.09201415  0.05343755  0.19362192  0.         -0.02966285
  0.15301722] | Reward=-0.014 | Cum=-1.065 | Info={'shot_attempted': False, 'pass_attempted': False, 'goal_scored': False, 'goal_team': None, 'ball_out_by': None, 'has_ball': False, 'start_shot_bonus': False, 'start_pass_bonus': False, 'possession_lost': False}

[Step 136] Action=[ 0.01346191 -0.09204052  0.05345355  0.19366498  0.         -0.0296484
  0.15300591] | Reward=-0.014 | Cum=-1.079 | Info={'shot_attempted': False, 'pass_attempted': False, 'goal_scored': False, 'goal_team': None, 'ball_out_by': None, 'has_ball': False, 'start_shot_bonus': False, 'start_pass_bonus': False, 'possession_lost': False}

[Step 137] Action=[ 0.01345112 -0.09206681  0.05346955  0.19370806  0.         -0.02963393
  0.15299459] | Reward=-0.014 | Cum=-1.093 | Info={'shot_attempted': False, 'pass_attempted': False, 'goal_scored': False, 'goal_team': None, 'ball_out_by': None, 'has_ball': False, 'start_shot_bonus': False, 'start_pass_bonus': False, 'possession_lost': False}

[Step 138] Action=[ 0.01344033 -0.09209311  0.05348554  0.19375113  0.         -0.02961949
  0.15298325] | Reward=-0.014 | Cum=-1.107 | Info={'shot_attempted': False, 'pass_attempted': False, 'goal_scored': False, 'goal_team': None, 'ball_out_by': None, 'has_ball': False, 'start_shot_bonus': False, 'start_pass_bonus': False, 'possession_lost': False}

[Step 139] Action=[ 0.01342954 -0.09211944  0.05350154  0.1937942   0.         -0.02960502
  0.15297192] | Reward=-0.015 | Cum=-1.122 | Info={'shot_attempted': False, 'pass_attempted': False, 'goal_scored': False, 'goal_team': None, 'ball_out_by': None, 'has_ball': False, 'start_shot_bonus': False, 'start_pass_bonus': False, 'possession_lost': False}

[Step 140] Action=[ 0.01341874 -0.09214576  0.05351753  0.19383729  0.         -0.02959057
  0.15296057] | Reward=-0.014 | Cum=-1.137 | Info={'shot_attempted': False, 'pass_attempted': False, 'goal_scored': False, 'goal_team': None, 'ball_out_by': None, 'has_ball': False, 'start_shot_bonus': False, 'start_pass_bonus': False, 'possession_lost': False}

[Step 141] Action=[ 0.01340793 -0.09217206  0.05353352  0.19388036  0.         -0.0295761
  0.15294923] | Reward=-0.014 | Cum=-1.151 | Info={'shot_attempted': False, 'pass_attempted': False, 'goal_scored': False, 'goal_team': None, 'ball_out_by': None, 'has_ball': False, 'start_shot_bonus': False, 'start_pass_bonus': False, 'possession_lost': False}

[Step 142] Action=[ 0.01339713 -0.09219836  0.05354951  0.1939234   0.         -0.02956165
  0.1529379 ] | Reward=-0.014 | Cum=-1.165 | Info={'shot_attempted': False, 'pass_attempted': False, 'goal_scored': False, 'goal_team': None, 'ball_out_by': None, 'has_ball': False, 'start_shot_bonus': False, 'start_pass_bonus': False, 'possession_lost': False}

[Step 143] Action=[ 0.01338632 -0.09222465  0.05356551  0.19396646  0.         -0.02954719
  0.15292652] | Reward=-0.015 | Cum=-1.180 | Info={'shot_attempted': False, 'pass_attempted': False, 'goal_scored': False, 'goal_team': None, 'ball_out_by': None, 'has_ball': False, 'start_shot_bonus': False, 'start_pass_bonus': False, 'possession_lost': False}

[Step 144] Action=[ 0.01337476 -0.09225088  0.05358059  0.1940102   0.         -0.02953397
  0.152917  ] | Reward=-0.015 | Cum=-1.195 | Info={'shot_attempted': False, 'pass_attempted': False, 'goal_scored': False, 'goal_team': None, 'ball_out_by': None, 'has_ball': False, 'start_shot_bonus': False, 'start_pass_bonus': False, 'possession_lost': False}

[Step 145] Action=[ 0.01336292 -0.09227709  0.05359532  0.19405417  0.         -0.02952125
  0.15290818] | Reward=-0.015 | Cum=-1.210 | Info={'shot_attempted': False, 'pass_attempted': False, 'goal_scored': False, 'goal_team': None, 'ball_out_by': None, 'has_ball': False, 'start_shot_bonus': False, 'start_pass_bonus': False, 'possession_lost': False}

[Step 146] Action=[ 0.01335107 -0.09230328  0.05361004  0.19409817  0.         -0.02950851
  0.15289931] | Reward=-0.015 | Cum=-1.225 | Info={'shot_attempted': False, 'pass_attempted': False, 'goal_scored': False, 'goal_team': None, 'ball_out_by': None, 'has_ball': False, 'start_shot_bonus': False, 'start_pass_bonus': False, 'possession_lost': False}

[Step 147] Action=[ 0.01333921 -0.09232946  0.05362477  0.19414213  0.         -0.02949577
  0.15289047] | Reward=-0.015 | Cum=-1.240 | Info={'shot_attempted': False, 'pass_attempted': False, 'goal_scored': False, 'goal_team': None, 'ball_out_by': None, 'has_ball': False, 'start_shot_bonus': False, 'start_pass_bonus': False, 'possession_lost': False}

[Step 148] Action=[ 0.01332736 -0.09235566  0.0536395   0.19418612  0.         -0.02948303
  0.1528816 ] | Reward=-0.015 | Cum=-1.256 | Info={'shot_attempted': False, 'pass_attempted': False, 'goal_scored': False, 'goal_team': None, 'ball_out_by': None, 'has_ball': False, 'start_shot_bonus': False, 'start_pass_bonus': False, 'possession_lost': False}

[Step 149] Action=[ 0.01331549 -0.09238183  0.05365422  0.19423011  0.         -0.02947032
  0.15287276] | Reward=-0.015 | Cum=-1.271 | Info={'shot_attempted': False, 'pass_attempted': False, 'goal_scored': False, 'goal_team': None, 'ball_out_by': None, 'has_ball': False, 'start_shot_bonus': False, 'start_pass_bonus': False, 'possession_lost': False}

[Step 150] Action=[ 0.01330363 -0.092408    0.05366895  0.19427405  0.         -0.02945759
  0.15286392] | Reward=-0.015 | Cum=-1.286 | Info={'shot_attempted': False, 'pass_attempted': False, 'goal_scored': False, 'goal_team': None, 'ball_out_by': None, 'has_ball': False, 'start_shot_bonus': False, 'start_pass_bonus': False, 'possession_lost': False}

[Step 151] Action=[ 0.01329175 -0.09243418  0.05368367  0.19431801  0.         -0.02944486
  0.15285505] | Reward=-0.015 | Cum=-1.302 | Info={'shot_attempted': False, 'pass_attempted': False, 'goal_scored': False, 'goal_team': None, 'ball_out_by': None, 'has_ball': False, 'start_shot_bonus': False, 'start_pass_bonus': False, 'possession_lost': False}

[Step 152] Action=[ 0.01327986 -0.09246033  0.05369836  0.19436201  0.         -0.02943211
  0.15284616] | Reward=-0.016 | Cum=-1.317 | Info={'shot_attempted': False, 'pass_attempted': False, 'goal_scored': False, 'goal_team': None, 'ball_out_by': None, 'has_ball': False, 'start_shot_bonus': False, 'start_pass_bonus': False, 'possession_lost': False}

[Step 153] Action=[ 0.01326756 -0.09248441  0.05371329  0.19440486  0.         -0.0294202
  0.15283707] | Reward=-0.016 | Cum=-1.333 | Info={'shot_attempted': False, 'pass_attempted': False, 'goal_scored': False, 'goal_team': None, 'ball_out_by': None, 'has_ball': False, 'start_shot_bonus': False, 'start_pass_bonus': False, 'possession_lost': False}

[Step 154] Action=[ 0.01325469 -0.0925057   0.05372844  0.1944462   0.         -0.02940936
  0.15282762] | Reward=-0.016 | Cum=-1.349 | Info={'shot_attempted': False, 'pass_attempted': False, 'goal_scored': False, 'goal_team': None, 'ball_out_by': None, 'has_ball': False, 'start_shot_bonus': False, 'start_pass_bonus': False, 'possession_lost': False}

[Step 155] Action=[ 0.01324183 -0.09252697  0.05374359  0.19448757  0.         -0.02939852
  0.15281817] | Reward=-0.016 | Cum=-1.365 | Info={'shot_attempted': False, 'pass_attempted': False, 'goal_scored': False, 'goal_team': None, 'ball_out_by': None, 'has_ball': False, 'start_shot_bonus': False, 'start_pass_bonus': False, 'possession_lost': False}

[Step 156] Action=[ 0.01322894 -0.09254824  0.05375873  0.1945289   0.         -0.02938769
  0.15280871] | Reward=-0.016 | Cum=-1.381 | Info={'shot_attempted': False, 'pass_attempted': False, 'goal_scored': False, 'goal_team': None, 'ball_out_by': None, 'has_ball': False, 'start_shot_bonus': False, 'start_pass_bonus': False, 'possession_lost': False}

[Step 157] Action=[ 0.01321606 -0.0925695   0.05377389  0.19457026  0.         -0.02937685
  0.15279926] | Reward=-0.016 | Cum=-1.397 | Info={'shot_attempted': False, 'pass_attempted': False, 'goal_scored': False, 'goal_team': None, 'ball_out_by': None, 'has_ball': False, 'start_shot_bonus': False, 'start_pass_bonus': False, 'possession_lost': False}

[Step 158] Action=[ 0.01320317 -0.09259076  0.05378903  0.1946116   0.         -0.02936602
  0.15278979] | Reward=-0.016 | Cum=-1.413 | Info={'shot_attempted': False, 'pass_attempted': False, 'goal_scored': False, 'goal_team': None, 'ball_out_by': None, 'has_ball': False, 'start_shot_bonus': False, 'start_pass_bonus': False, 'possession_lost': False}

[Step 159] Action=[ 0.01319029 -0.09261201  0.05380419  0.19465294  0.         -0.02935518
  0.15278034] | Reward=-0.016 | Cum=-1.429 | Info={'shot_attempted': False, 'pass_attempted': False, 'goal_scored': False, 'goal_team': None, 'ball_out_by': None, 'has_ball': False, 'start_shot_bonus': False, 'start_pass_bonus': False, 'possession_lost': False}

[Step 160] Action=[ 0.01317738 -0.09263327  0.05381932  0.19469428  0.         -0.02934436
  0.15277086] | Reward=-0.017 | Cum=-1.446 | Info={'shot_attempted': False, 'pass_attempted': False, 'goal_scored': False, 'goal_team': None, 'ball_out_by': None, 'has_ball': False, 'start_shot_bonus': False, 'start_pass_bonus': False, 'possession_lost': False}

[Step 161] Action=[ 0.01316449 -0.09265451  0.05383449  0.19473563  0.         -0.02933353
  0.15276141] | Reward=-0.017 | Cum=-1.463 | Info={'shot_attempted': False, 'pass_attempted': False, 'goal_scored': False, 'goal_team': None, 'ball_out_by': None, 'has_ball': False, 'start_shot_bonus': False, 'start_pass_bonus': False, 'possession_lost': False}

[Step 162] Action=[ 0.01315158 -0.09267574  0.05384962  0.19477695  0.         -0.0293227
  0.15275192] | Reward=-0.017 | Cum=-1.479 | Info={'shot_attempted': False, 'pass_attempted': False, 'goal_scored': False, 'goal_team': None, 'ball_out_by': None, 'has_ball': False, 'start_shot_bonus': False, 'start_pass_bonus': False, 'possession_lost': False}

[Step 163] Action=[ 0.01313866 -0.09269696  0.05386476  0.19481827  0.         -0.02931189
  0.15274246] | Reward=-0.017 | Cum=-1.496 | Info={'shot_attempted': False, 'pass_attempted': False, 'goal_scored': False, 'goal_team': None, 'ball_out_by': None, 'has_ball': False, 'start_shot_bonus': False, 'start_pass_bonus': False, 'possession_lost': False}

[Step 164] Action=[ 0.01312576 -0.09271823  0.05387992  0.19485961  0.         -0.02930105
  0.15273297] | Reward=-0.017 | Cum=-1.512 | Info={'shot_attempted': False, 'pass_attempted': False, 'goal_scored': False, 'goal_team': None, 'ball_out_by': None, 'has_ball': False, 'start_shot_bonus': False, 'start_pass_bonus': False, 'possession_lost': False}

[Step 165] Action=[ 0.01311282 -0.09273942  0.05389504  0.19490093  0.         -0.02929022
  0.15272349] | Reward=-0.017 | Cum=-1.529 | Info={'shot_attempted': False, 'pass_attempted': False, 'goal_scored': False, 'goal_team': None, 'ball_out_by': None, 'has_ball': False, 'start_shot_bonus': False, 'start_pass_bonus': False, 'possession_lost': False}

[Step 166] Action=[ 0.01309989 -0.09276064  0.05391018  0.19494227  0.         -0.0292794
  0.15271397] | Reward=-0.017 | Cum=-1.546 | Info={'shot_attempted': False, 'pass_attempted': False, 'goal_scored': False, 'goal_team': None, 'ball_out_by': None, 'has_ball': False, 'start_shot_bonus': False, 'start_pass_bonus': False, 'possession_lost': False}

[Step 167] Action=[ 0.01308699 -0.09278179  0.05392551  0.19498357  0.         -0.02926873
  0.15270458] | Reward=-0.017 | Cum=-1.564 | Info={'shot_attempted': False, 'pass_attempted': False, 'goal_scored': False, 'goal_team': None, 'ball_out_by': None, 'has_ball': False, 'start_shot_bonus': False, 'start_pass_bonus': False, 'possession_lost': False}

[Step 168] Action=[ 0.01307489 -0.09280128  0.05394582  0.19502515  0.         -0.02926243
  0.1526971 ] | Reward=-0.017 | Cum=-1.581 | Info={'shot_attempted': False, 'pass_attempted': False, 'goal_scored': False, 'goal_team': None, 'ball_out_by': None, 'has_ball': False, 'start_shot_bonus': False, 'start_pass_bonus': False, 'possession_lost': False}

[Step 169] Action=[ 0.01306277 -0.09282076  0.05396614  0.19506672  0.         -0.02925613
  0.15268962] | Reward=-0.017 | Cum=-1.598 | Info={'shot_attempted': False, 'pass_attempted': False, 'goal_scored': False, 'goal_team': None, 'ball_out_by': None, 'has_ball': False, 'start_shot_bonus': False, 'start_pass_bonus': False, 'possession_lost': False}

[Step 170] Action=[ 0.01305065 -0.09284022  0.05398647  0.19510826  0.         -0.02924981
  0.15268216] | Reward=-0.017 | Cum=-1.615 | Info={'shot_attempted': False, 'pass_attempted': False, 'goal_scored': False, 'goal_team': None, 'ball_out_by': None, 'has_ball': False, 'start_shot_bonus': False, 'start_pass_bonus': False, 'possession_lost': False}

[Step 171] Action=[ 0.01303852 -0.09285969  0.0540068   0.19514982  0.         -0.02924352
  0.15267467] | Reward=-0.017 | Cum=-1.633 | Info={'shot_attempted': False, 'pass_attempted': False, 'goal_scored': False, 'goal_team': None, 'ball_out_by': None, 'has_ball': False, 'start_shot_bonus': False, 'start_pass_bonus': False, 'possession_lost': False}

[Step 172] Action=[ 0.0130264  -0.09287915  0.05402711  0.19519137  0.         -0.02923722
  0.15266718] | Reward=-0.017 | Cum=-1.650 | Info={'shot_attempted': False, 'pass_attempted': False, 'goal_scored': False, 'goal_team': None, 'ball_out_by': None, 'has_ball': False, 'start_shot_bonus': False, 'start_pass_bonus': False, 'possession_lost': False}

[Step 173] Action=[ 0.01301426 -0.0928986   0.05404744  0.19523291  0.         -0.02923092
  0.1526597 ] | Reward=-0.018 | Cum=-1.668 | Info={'shot_attempted': False, 'pass_attempted': False, 'goal_scored': False, 'goal_team': None, 'ball_out_by': None, 'has_ball': False, 'start_shot_bonus': False, 'start_pass_bonus': False, 'possession_lost': False}

[Step 174] Action=[ 0.01300212 -0.09291806  0.05406776  0.19527447  0.         -0.02922461
  0.15265222] | Reward=-0.018 | Cum=-1.685 | Info={'shot_attempted': False, 'pass_attempted': False, 'goal_scored': False, 'goal_team': None, 'ball_out_by': None, 'has_ball': False, 'start_shot_bonus': False, 'start_pass_bonus': False, 'possession_lost': False}

[Step 175] Action=[ 0.01298998 -0.09293751  0.05408807  0.195316    0.         -0.02921833
  0.15264472] | Reward=-0.018 | Cum=-1.703 | Info={'shot_attempted': False, 'pass_attempted': False, 'goal_scored': False, 'goal_team': None, 'ball_out_by': None, 'has_ball': False, 'start_shot_bonus': False, 'start_pass_bonus': False, 'possession_lost': False}

[Step 176] Action=[ 0.01297784 -0.09295695  0.05410841  0.19535755  0.         -0.02921204
  0.15263723] | Reward=-0.018 | Cum=-1.720 | Info={'shot_attempted': False, 'pass_attempted': False, 'goal_scored': False, 'goal_team': None, 'ball_out_by': 'att_1', 'has_ball': False, 'start_shot_bonus': False, 'start_pass_bonus': False, 'possession_lost': False}

