Debug log for att_2 (Episode 2)
================================================================================
[Step 1] Action=[-0.02976078 -0.08232234  0.08497515  0.15260777  0.00407558 -0.03671128
 -0.22368075] | Reward=-0.003 | Cum=-0.003 | Info={'shot_attempted': False, 'pass_attempted': False, 'goal_scored': False, 'goal_team': None, 'ball_out_by': None, 'has_ball': False, 'start_shot_bonus': False, 'start_pass_bonus': False, 'possession_lost': False}

[Step 2] Action=[-0.02983639 -0.08242958  0.08475168  0.15272143  0.00402344 -0.03682793
 -0.22386426] | Reward=-0.003 | Cum=-0.006 | Info={'shot_attempted': False, 'pass_attempted': False, 'goal_scored': False, 'goal_team': None, 'ball_out_by': None, 'has_ball': False, 'start_shot_bonus': False, 'start_pass_bonus': False, 'possession_lost': False}

[Step 3] Action=[-0.02985793 -0.08244642  0.08470885  0.15275809  0.0040228  -0.03684643
 -0.22389048] | Reward=-0.003 | Cum=-0.009 | Info={'shot_attempted': False, 'pass_attempted': False, 'goal_scored': False, 'goal_team': None, 'ball_out_by': None, 'has_ball': False, 'start_shot_bonus': False, 'start_pass_bonus': False, 'possession_lost': False}

[Step 4] Action=[-0.02987365 -0.08246846  0.08466594  0.15278445  0.00401606 -0.03687121
 -0.22391546] | Reward=-0.003 | Cum=-0.013 | Info={'shot_attempted': False, 'pass_attempted': False, 'goal_scored': False, 'goal_team': None, 'ball_out_by': None, 'has_ball': False, 'start_shot_bonus': False, 'start_pass_bonus': False, 'possession_lost': False}

[Step 5] Action=[-0.02988936 -0.08249048  0.08462303  0.15281083  0.00400932 -0.03689598
 -0.22394046] | Reward=-0.003 | Cum=-0.015 | Info={'shot_attempted': False, 'pass_attempted': False, 'goal_scored': False, 'goal_team': None, 'ball_out_by': None, 'has_ball': False, 'start_shot_bonus': False, 'start_pass_bonus': False, 'possession_lost': False}

[Step 6] Action=[-0.02990512 -0.08251248  0.08458016  0.15283722  0.00400261 -0.03692077
 -0.2239654 ] | Reward=-0.003 | Cum=-0.018 | Info={'shot_attempted': False, 'pass_attempted': False, 'goal_scored': False, 'goal_team': None, 'ball_out_by': None, 'has_ball': False, 'start_shot_bonus': False, 'start_pass_bonus': False, 'possession_lost': False}

[Step 7] Action=[-0.02992161 -0.08253112  0.08453926  0.15286334  0.00399671 -0.03694514
 -0.2239888 ] | Reward=-0.003 | Cum=-0.021 | Info={'shot_attempted': False, 'pass_attempted': False, 'goal_scored': False, 'goal_team': None, 'ball_out_by': None, 'has_ball': False, 'start_shot_bonus': False, 'start_pass_bonus': False, 'possession_lost': False}

[Step 8] Action=[-0.02993808 -0.08254977  0.08449836  0.15288945  0.00399081 -0.0369695
 -0.22401221] | Reward=-0.003 | Cum=-0.024 | Info={'shot_attempted': False, 'pass_attempted': False, 'goal_scored': False, 'goal_team': None, 'ball_out_by': None, 'has_ball': False, 'start_shot_bonus': False, 'start_pass_bonus': False, 'possession_lost': False}

[Step 9] Action=[-0.0299541  -0.08256867  0.08445792  0.15291491  0.00398458 -0.03699487
 -0.22403626] | Reward=-0.003 | Cum=-0.027 | Info={'shot_attempted': False, 'pass_attempted': False, 'goal_scored': False, 'goal_team': None, 'ball_out_by': None, 'has_ball': False, 'start_shot_bonus': False, 'start_pass_bonus': False, 'possession_lost': False}

[Step 10] Action=[-0.02996995 -0.08258765  0.08441755  0.15294011  0.00397822 -0.03702055
 -0.22406058] | Reward=-0.003 | Cum=-0.030 | Info={'shot_attempted': False, 'pass_attempted': False, 'goal_scored': False, 'goal_team': None, 'ball_out_by': None, 'has_ball': False, 'start_shot_bonus': False, 'start_pass_bonus': False, 'possession_lost': False}

[Step 11] Action=[-0.02998579 -0.08260667  0.08437725  0.15296538  0.00397186 -0.03704621
 -0.22408484] | Reward=-0.003 | Cum=-0.032 | Info={'shot_attempted': False, 'pass_attempted': False, 'goal_scored': False, 'goal_team': None, 'ball_out_by': None, 'has_ball': False, 'start_shot_bonus': False, 'start_pass_bonus': False, 'possession_lost': False}

[Step 12] Action=[-0.03000248 -0.0826261   0.08433416  0.1529868   0.0039657  -0.03707608
 -0.22410904] | Reward=-0.003 | Cum=-0.035 | Info={'shot_attempted': False, 'pass_attempted': False, 'goal_scored': False, 'goal_team': None, 'ball_out_by': None, 'has_ball': False, 'start_shot_bonus': False, 'start_pass_bonus': False, 'possession_lost': False}

[Step 13] Action=[-0.03001973 -0.08264579  0.08428932  0.1530057   0.00395967 -0.03710864
 -0.22413315] | Reward=-0.003 | Cum=-0.037 | Info={'shot_attempted': False, 'pass_attempted': False, 'goal_scored': False, 'goal_team': None, 'ball_out_by': None, 'has_ball': False, 'start_shot_bonus': False, 'start_pass_bonus': False, 'possession_lost': False}

[Step 14] Action=[-0.03003697 -0.0826655   0.08424448  0.1530246   0.00395364 -0.03714122
 -0.22415733] | Reward=-0.003 | Cum=-0.041 | Info={'shot_attempted': False, 'pass_attempted': False, 'goal_scored': False, 'goal_team': None, 'ball_out_by': None, 'has_ball': False, 'start_shot_bonus': False, 'start_pass_bonus': False, 'possession_lost': False}

[Step 15] Action=[-0.03005421 -0.08268521  0.08419964  0.15304354  0.00394762 -0.03717379
 -0.22418144] | Reward=-0.003 | Cum=-0.044 | Info={'shot_attempted': False, 'pass_attempted': False, 'goal_scored': False, 'goal_team': None, 'ball_out_by': None, 'has_ball': False, 'start_shot_bonus': False, 'start_pass_bonus': False, 'possession_lost': False}

[Step 16] Action=[-0.03007145 -0.08270494  0.08415477  0.15306242  0.00394158 -0.03720637
 -0.22420557] | Reward=-0.003 | Cum=-0.047 | Info={'shot_attempted': False, 'pass_attempted': False, 'goal_scored': False, 'goal_team': None, 'ball_out_by': None, 'has_ball': False, 'start_shot_bonus': False, 'start_pass_bonus': False, 'possession_lost': False}

[Step 17] Action=[-0.03008869 -0.08272464  0.08410994  0.15308133  0.00393554 -0.03723894
 -0.22422974] | Reward=-0.003 | Cum=-0.050 | Info={'shot_attempted': False, 'pass_attempted': False, 'goal_scored': False, 'goal_team': None, 'ball_out_by': None, 'has_ball': False, 'start_shot_bonus': False, 'start_pass_bonus': False, 'possession_lost': False}

[Step 18] Action=[-0.03010593 -0.08274438  0.08406507  0.15310028  0.00392952 -0.03727151
 -0.22425388] | Reward=-0.003 | Cum=-0.053 | Info={'shot_attempted': False, 'pass_attempted': False, 'goal_scored': False, 'goal_team': None, 'ball_out_by': None, 'has_ball': False, 'start_shot_bonus': False, 'start_pass_bonus': False, 'possession_lost': False}

[Step 19] Action=[-0.03012317 -0.08276409  0.08402023  0.15311918  0.00392349 -0.03730407
 -0.22427802] | Reward=-0.003 | Cum=-0.056 | Info={'shot_attempted': False, 'pass_attempted': False, 'goal_scored': False, 'goal_team': None, 'ball_out_by': None, 'has_ball': False, 'start_shot_bonus': False, 'start_pass_bonus': False, 'possession_lost': False}

[Step 20] Action=[-0.0301404  -0.08278382  0.08397537  0.1531381   0.00391745 -0.03733664
 -0.22430216] | Reward=-0.003 | Cum=-0.059 | Info={'shot_attempted': False, 'pass_attempted': False, 'goal_scored': False, 'goal_team': None, 'ball_out_by': None, 'has_ball': False, 'start_shot_bonus': False, 'start_pass_bonus': False, 'possession_lost': False}

[Step 21] Action=[-0.03015763 -0.08280353  0.08393049  0.153157    0.00391143 -0.0373692
 -0.22432633] | Reward=-0.003 | Cum=-0.062 | Info={'shot_attempted': False, 'pass_attempted': False, 'goal_scored': False, 'goal_team': None, 'ball_out_by': None, 'has_ball': False, 'start_shot_bonus': False, 'start_pass_bonus': False, 'possession_lost': False}

[Step 22] Action=[-0.03017487 -0.08282325  0.08388563  0.15317594  0.0039054  -0.03740176
 -0.2243505 ] | Reward=-0.003 | Cum=-0.065 | Info={'shot_attempted': False, 'pass_attempted': False, 'goal_scored': False, 'goal_team': None, 'ball_out_by': None, 'has_ball': False, 'start_shot_bonus': False, 'start_pass_bonus': False, 'possession_lost': False}

[Step 23] Action=[-0.03019196 -0.08284282  0.08384182  0.15319507  0.00389877 -0.03743388
 -0.22437426] | Reward=-0.003 | Cum=-0.067 | Info={'shot_attempted': False, 'pass_attempted': False, 'goal_scored': False, 'goal_team': None, 'ball_out_by': None, 'has_ball': False, 'start_shot_bonus': False, 'start_pass_bonus': False, 'possession_lost': False}

[Step 24] Action=[-0.03020894 -0.08286228  0.0837988   0.15321438  0.00389172 -0.0374657
 -0.22439773] | Reward=-0.003 | Cum=-0.070 | Info={'shot_attempted': False, 'pass_attempted': False, 'goal_scored': False, 'goal_team': None, 'ball_out_by': None, 'has_ball': False, 'start_shot_bonus': False, 'start_pass_bonus': False, 'possession_lost': False}

[Step 25] Action=[-0.03022593 -0.08288174  0.08375576  0.15323369  0.00388468 -0.03749753
 -0.22442123] | Reward=-0.003 | Cum=-0.073 | Info={'shot_attempted': False, 'pass_attempted': False, 'goal_scored': False, 'goal_team': None, 'ball_out_by': None, 'has_ball': False, 'start_shot_bonus': False, 'start_pass_bonus': False, 'possession_lost': False}

[Step 26] Action=[-0.03024292 -0.08290122  0.08371273  0.15325297  0.00387764 -0.03752935
 -0.22444472] | Reward=-0.003 | Cum=-0.076 | Info={'shot_attempted': False, 'pass_attempted': False, 'goal_scored': False, 'goal_team': None, 'ball_out_by': None, 'has_ball': False, 'start_shot_bonus': False, 'start_pass_bonus': False, 'possession_lost': False}

[Step 27] Action=[-0.03025991 -0.08292069  0.08366968  0.15327227  0.00387059 -0.03756116
 -0.2244682 ] | Reward=-0.003 | Cum=-0.080 | Info={'shot_attempted': False, 'pass_attempted': False, 'goal_scored': False, 'goal_team': None, 'ball_out_by': None, 'has_ball': False, 'start_shot_bonus': False, 'start_pass_bonus': False, 'possession_lost': False}

[Step 28] Action=[-0.03027689 -0.08294014  0.08362664  0.15329158  0.00386354 -0.03759298
 -0.2244917 ] | Reward=-0.003 | Cum=-0.083 | Info={'shot_attempted': False, 'pass_attempted': False, 'goal_scored': False, 'goal_team': None, 'ball_out_by': None, 'has_ball': False, 'start_shot_bonus': False, 'start_pass_bonus': False, 'possession_lost': False}

[Step 29] Action=[-0.03029388 -0.0829596   0.08358359  0.15331088  0.0038565  -0.03762481
 -0.2245152 ] | Reward=-0.003 | Cum=-0.086 | Info={'shot_attempted': False, 'pass_attempted': False, 'goal_scored': False, 'goal_team': None, 'ball_out_by': None, 'has_ball': False, 'start_shot_bonus': False, 'start_pass_bonus': False, 'possession_lost': False}

[Step 30] Action=[-0.03031087 -0.08297906  0.08354056  0.15333019  0.00384946 -0.03765661
 -0.2245387 ] | Reward=-0.003 | Cum=-0.089 | Info={'shot_attempted': False, 'pass_attempted': False, 'goal_scored': False, 'goal_team': None, 'ball_out_by': None, 'has_ball': False, 'start_shot_bonus': False, 'start_pass_bonus': False, 'possession_lost': False}

[Step 31] Action=[-0.03032785 -0.08299852  0.08349749  0.1533495   0.00384242 -0.03768843
 -0.22456221] | Reward=-0.003 | Cum=-0.093 | Info={'shot_attempted': False, 'pass_attempted': False, 'goal_scored': False, 'goal_team': None, 'ball_out_by': None, 'has_ball': False, 'start_shot_bonus': False, 'start_pass_bonus': False, 'possession_lost': False}

[Step 32] Action=[-0.0303443  -0.0830251   0.08345346  0.15336871  0.00383688 -0.0377188
 -0.22458866] | Reward=-0.003 | Cum=-0.096 | Info={'shot_attempted': False, 'pass_attempted': False, 'goal_scored': False, 'goal_team': None, 'ball_out_by': None, 'has_ball': False, 'start_shot_bonus': False, 'start_pass_bonus': False, 'possession_lost': False}

[Step 33] Action=[-0.03036018 -0.08305982  0.08340827  0.15338783  0.00383306 -0.03774754
 -0.22461855] | Reward=-0.003 | Cum=-0.099 | Info={'shot_attempted': False, 'pass_attempted': False, 'goal_scored': False, 'goal_team': None, 'ball_out_by': None, 'has_ball': False, 'start_shot_bonus': False, 'start_pass_bonus': False, 'possession_lost': False}

[Step 34] Action=[-0.03037607 -0.08309453  0.08336312  0.1534069   0.00382924 -0.03777629
 -0.22464846] | Reward=-0.003 | Cum=-0.102 | Info={'shot_attempted': False, 'pass_attempted': False, 'goal_scored': False, 'goal_team': None, 'ball_out_by': None, 'has_ball': False, 'start_shot_bonus': False, 'start_pass_bonus': False, 'possession_lost': False}

[Step 35] Action=[-0.03039191 -0.08312928  0.08331793  0.15342599  0.00382544 -0.03780504
 -0.22467832] | Reward=-0.003 | Cum=-0.105 | Info={'shot_attempted': False, 'pass_attempted': False, 'goal_scored': False, 'goal_team': None, 'ball_out_by': None, 'has_ball': False, 'start_shot_bonus': False, 'start_pass_bonus': False, 'possession_lost': False}

[Step 36] Action=[-0.03040779 -0.08316399  0.08327277  0.15344511  0.00382163 -0.03783378
 -0.22470821] | Reward=-0.003 | Cum=-0.108 | Info={'shot_attempted': False, 'pass_attempted': False, 'goal_scored': False, 'goal_team': None, 'ball_out_by': None, 'has_ball': False, 'start_shot_bonus': False, 'start_pass_bonus': False, 'possession_lost': False}

[Step 37] Action=[-0.03042362 -0.08319756  0.08322784  0.15346505  0.00381823 -0.03786224
 -0.22473764] | Reward=-0.003 | Cum=-0.111 | Info={'shot_attempted': False, 'pass_attempted': False, 'goal_scored': False, 'goal_team': None, 'ball_out_by': None, 'has_ball': False, 'start_shot_bonus': False, 'start_pass_bonus': False, 'possession_lost': False}

[Step 38] Action=[-0.03043921 -0.08322733  0.08318377  0.15348776  0.00381627 -0.03788981
 -0.22476545] | Reward=-0.003 | Cum=-0.114 | Info={'shot_attempted': False, 'pass_attempted': False, 'goal_scored': False, 'goal_team': None, 'ball_out_by': None, 'has_ball': False, 'start_shot_bonus': False, 'start_pass_bonus': False, 'possession_lost': False}

[Step 39] Action=[-0.03045336 -0.08326048  0.08314045  0.15351273  0.00381411 -0.03791853
 -0.2247985 ] | Reward=-0.004 | Cum=-0.118 | Info={'shot_attempted': False, 'pass_attempted': False, 'goal_scored': False, 'goal_team': None, 'ball_out_by': None, 'has_ball': False, 'start_shot_bonus': False, 'start_pass_bonus': False, 'possession_lost': False}

[Step 40] Action=[-0.03046606 -0.08329692  0.08309775  0.15353985  0.00381202 -0.03794884
 -0.22483626] | Reward=-0.004 | Cum=-0.122 | Info={'shot_attempted': False, 'pass_attempted': False, 'goal_scored': False, 'goal_team': None, 'ball_out_by': None, 'has_ball': False, 'start_shot_bonus': False, 'start_pass_bonus': False, 'possession_lost': False}

[Step 41] Action=[-0.03047848 -0.08333401  0.08305504  0.15356733  0.00381031 -0.0379799
 -0.22487439] | Reward=-0.004 | Cum=-0.125 | Info={'shot_attempted': False, 'pass_attempted': False, 'goal_scored': False, 'goal_team': None, 'ball_out_by': None, 'has_ball': False, 'start_shot_bonus': False, 'start_pass_bonus': False, 'possession_lost': False}

[Step 42] Action=[-0.0304909  -0.08337109  0.08301234  0.15359479  0.00380857 -0.03801095
 -0.22491254] | Reward=-0.004 | Cum=-0.129 | Info={'shot_attempted': False, 'pass_attempted': False, 'goal_scored': False, 'goal_team': None, 'ball_out_by': None, 'has_ball': False, 'start_shot_bonus': False, 'start_pass_bonus': False, 'possession_lost': False}

[Step 43] Action=[-0.03050333 -0.08340818  0.08296967  0.15362225  0.00380682 -0.038042
 -0.22495067] | Reward=-0.004 | Cum=-0.133 | Info={'shot_attempted': False, 'pass_attempted': False, 'goal_scored': False, 'goal_team': None, 'ball_out_by': None, 'has_ball': False, 'start_shot_bonus': False, 'start_pass_bonus': False, 'possession_lost': False}

[Step 44] Action=[-0.03051575 -0.08344527  0.08292696  0.1536497   0.00380508 -0.03807306
 -0.22498882] | Reward=-0.004 | Cum=-0.136 | Info={'shot_attempted': False, 'pass_attempted': False, 'goal_scored': False, 'goal_team': None, 'ball_out_by': None, 'has_ball': False, 'start_shot_bonus': False, 'start_pass_bonus': False, 'possession_lost': False}

[Step 45] Action=[-0.03052816 -0.08348234  0.08288427  0.15367715  0.00380334 -0.03810412
 -0.22502695] | Reward=-0.004 | Cum=-0.140 | Info={'shot_attempted': False, 'pass_attempted': False, 'goal_scored': False, 'goal_team': None, 'ball_out_by': None, 'has_ball': False, 'start_shot_bonus': False, 'start_pass_bonus': False, 'possession_lost': False}

[Step 46] Action=[-0.03054056 -0.08351942  0.0828416   0.15370461  0.00380161 -0.03813518
 -0.22506508] | Reward=-0.004 | Cum=-0.144 | Info={'shot_attempted': False, 'pass_attempted': False, 'goal_scored': False, 'goal_team': None, 'ball_out_by': None, 'has_ball': False, 'start_shot_bonus': False, 'start_pass_bonus': False, 'possession_lost': False}

[Step 47] Action=[-0.03055296 -0.08355653  0.08279888  0.15373206  0.00379986 -0.03816624
 -0.22510321] | Reward=-0.004 | Cum=-0.147 | Info={'shot_attempted': False, 'pass_attempted': False, 'goal_scored': False, 'goal_team': None, 'ball_out_by': None, 'has_ball': False, 'start_shot_bonus': False, 'start_pass_bonus': False, 'possession_lost': False}

[Step 48] Action=[-0.03056538 -0.08359361  0.08275619  0.1537595   0.00379811 -0.03819733
 -0.22514133] | Reward=-0.004 | Cum=-0.151 | Info={'shot_attempted': False, 'pass_attempted': False, 'goal_scored': False, 'goal_team': None, 'ball_out_by': None, 'has_ball': False, 'start_shot_bonus': False, 'start_pass_bonus': False, 'possession_lost': False}

[Step 49] Action=[-0.03057779 -0.08363073  0.0827135   0.15378693  0.00379636 -0.03822837
 -0.22517948] | Reward=-0.004 | Cum=-0.154 | Info={'shot_attempted': False, 'pass_attempted': False, 'goal_scored': False, 'goal_team': None, 'ball_out_by': None, 'has_ball': False, 'start_shot_bonus': False, 'start_pass_bonus': False, 'possession_lost': False}

[Step 50] Action=[-0.0305902  -0.08366781  0.08267077  0.15381438  0.00379462 -0.03825945
 -0.22521761] | Reward=-0.004 | Cum=-0.158 | Info={'shot_attempted': False, 'pass_attempted': False, 'goal_scored': False, 'goal_team': None, 'ball_out_by': None, 'has_ball': False, 'start_shot_bonus': False, 'start_pass_bonus': False, 'possession_lost': False}

[Step 51] Action=[-0.0306026  -0.0837049   0.08262806  0.15384182  0.00379287 -0.03829052
 -0.22525573] | Reward=-0.004 | Cum=-0.161 | Info={'shot_attempted': False, 'pass_attempted': False, 'goal_scored': False, 'goal_team': None, 'ball_out_by': None, 'has_ball': False, 'start_shot_bonus': False, 'start_pass_bonus': False, 'possession_lost': False}

[Step 52] Action=[-0.03061501 -0.08374201  0.08258536  0.15386926  0.00379111 -0.0383216
 -0.22529386] | Reward=-0.004 | Cum=-0.166 | Info={'shot_attempted': False, 'pass_attempted': False, 'goal_scored': False, 'goal_team': None, 'ball_out_by': None, 'has_ball': False, 'start_shot_bonus': False, 'start_pass_bonus': False, 'possession_lost': False}

[Step 53] Action=[-0.03062741 -0.08377909  0.08254264  0.15389669  0.00378936 -0.03835268
 -0.22533199] | Reward=-0.004 | Cum=-0.170 | Info={'shot_attempted': False, 'pass_attempted': False, 'goal_scored': False, 'goal_team': None, 'ball_out_by': None, 'has_ball': False, 'start_shot_bonus': False, 'start_pass_bonus': False, 'possession_lost': False}

[Step 54] Action=[-0.03063981 -0.0838162   0.08249993  0.1539241   0.00378761 -0.03838376
 -0.22537012] | Reward=-0.004 | Cum=-0.174 | Info={'shot_attempted': False, 'pass_attempted': False, 'goal_scored': False, 'goal_team': None, 'ball_out_by': None, 'has_ball': False, 'start_shot_bonus': False, 'start_pass_bonus': False, 'possession_lost': False}

[Step 55] Action=[-0.03065547 -0.08385153  0.08245707  0.15395369  0.00378817 -0.03841671
 -0.22540843] | Reward=-0.004 | Cum=-0.178 | Info={'shot_attempted': False, 'pass_attempted': False, 'goal_scored': False, 'goal_team': None, 'ball_out_by': None, 'has_ball': False, 'start_shot_bonus': False, 'start_pass_bonus': False, 'possession_lost': False}

[Step 56] Action=[-0.03067165 -0.08388653  0.08241419  0.15398364  0.00378917 -0.03845
 -0.22544679] | Reward=-0.004 | Cum=-0.182 | Info={'shot_attempted': False, 'pass_attempted': False, 'goal_scored': False, 'goal_team': None, 'ball_out_by': None, 'has_ball': False, 'start_shot_bonus': False, 'start_pass_bonus': False, 'possession_lost': False}

[Step 57] Action=[-0.03068785 -0.08392152  0.08237129  0.15401359  0.00379016 -0.03848327
 -0.22548513] | Reward=-0.004 | Cum=-0.186 | Info={'shot_attempted': False, 'pass_attempted': False, 'goal_scored': False, 'goal_team': None, 'ball_out_by': None, 'has_ball': False, 'start_shot_bonus': False, 'start_pass_bonus': False, 'possession_lost': False}

[Step 58] Action=[-0.03070408 -0.08395652  0.08232842  0.15404354  0.00379114 -0.03851657
 -0.22552349] | Reward=-0.004 | Cum=-0.191 | Info={'shot_attempted': False, 'pass_attempted': False, 'goal_scored': False, 'goal_team': None, 'ball_out_by': None, 'has_ball': False, 'start_shot_bonus': False, 'start_pass_bonus': False, 'possession_lost': False}

[Step 59] Action=[-0.03072027 -0.08399154  0.08228552  0.1540735   0.0037921  -0.03854986
 -0.22556183] | Reward=-0.004 | Cum=-0.195 | Info={'shot_attempted': False, 'pass_attempted': False, 'goal_scored': False, 'goal_team': None, 'ball_out_by': None, 'has_ball': False, 'start_shot_bonus': False, 'start_pass_bonus': False, 'possession_lost': False}

[Step 60] Action=[-0.03073648 -0.08402655  0.08224262  0.15410343  0.00379311 -0.03858316
 -0.22560021] | Reward=-0.004 | Cum=-0.199 | Info={'shot_attempted': False, 'pass_attempted': False, 'goal_scored': False, 'goal_team': None, 'ball_out_by': None, 'has_ball': False, 'start_shot_bonus': False, 'start_pass_bonus': False, 'possession_lost': False}

[Step 61] Action=[-0.01711283 -0.08031608  0.10398946  0.15264499  0.01244648 -0.03509571
 -0.21299551] | Reward=-0.004 | Cum=-0.203 | Info={'shot_attempted': False, 'pass_attempted': False, 'goal_scored': False, 'goal_team': None, 'ball_out_by': None, 'has_ball': False, 'start_shot_bonus': False, 'start_pass_bonus': False, 'possession_lost': False}

[Step 62] Action=[-0.01709907 -0.08034695  0.10397185  0.15264544  0.01245084 -0.03511545
 -0.2130343 ] | Reward=-0.004 | Cum=-0.207 | Info={'shot_attempted': False, 'pass_attempted': False, 'goal_scored': False, 'goal_team': None, 'ball_out_by': None, 'has_ball': False, 'start_shot_bonus': False, 'start_pass_bonus': False, 'possession_lost': False}

[Step 63] Action=[-0.01708348 -0.08037831  0.10395297  0.15264378  0.01245217 -0.03513424
 -0.21307406] | Reward=-0.004 | Cum=-0.212 | Info={'shot_attempted': False, 'pass_attempted': False, 'goal_scored': False, 'goal_team': None, 'ball_out_by': None, 'has_ball': False, 'start_shot_bonus': False, 'start_pass_bonus': False, 'possession_lost': False}

[Step 64] Action=[-0.01706787 -0.08040962  0.10393414  0.15264212  0.0124535  -0.03515299
 -0.21311377] | Reward=-0.004 | Cum=-0.216 | Info={'shot_attempted': False, 'pass_attempted': False, 'goal_scored': False, 'goal_team': None, 'ball_out_by': None, 'has_ball': False, 'start_shot_bonus': False, 'start_pass_bonus': False, 'possession_lost': False}

[Step 65] Action=[-0.01705226 -0.08044096  0.10391531  0.15264043  0.0124548  -0.03517175
 -0.21315351] | Reward=-0.004 | Cum=-0.220 | Info={'shot_attempted': False, 'pass_attempted': False, 'goal_scored': False, 'goal_team': None, 'ball_out_by': None, 'has_ball': False, 'start_shot_bonus': False, 'start_pass_bonus': False, 'possession_lost': False}

[Step 66] Action=[-0.01703664 -0.08047233  0.10389645  0.15263875  0.0124561  -0.03519053
 -0.21319325] | Reward=-0.004 | Cum=-0.224 | Info={'shot_attempted': False, 'pass_attempted': False, 'goal_scored': False, 'goal_team': None, 'ball_out_by': None, 'has_ball': False, 'start_shot_bonus': False, 'start_pass_bonus': False, 'possession_lost': False}

[Step 67] Action=[-0.01702105 -0.08050367  0.10387761  0.15263708  0.01245738 -0.03520928
 -0.21323298] | Reward=-0.004 | Cum=-0.229 | Info={'shot_attempted': False, 'pass_attempted': False, 'goal_scored': False, 'goal_team': None, 'ball_out_by': None, 'has_ball': False, 'start_shot_bonus': False, 'start_pass_bonus': False, 'possession_lost': False}

[Step 68] Action=[-0.01700541 -0.080535    0.10385875  0.1526354   0.01245865 -0.03522806
 -0.2132727 ] | Reward=-0.005 | Cum=-0.233 | Info={'shot_attempted': False, 'pass_attempted': False, 'goal_scored': False, 'goal_team': None, 'ball_out_by': None, 'has_ball': False, 'start_shot_bonus': False, 'start_pass_bonus': False, 'possession_lost': False}

[Step 69] Action=[-0.01698977 -0.08056635  0.10383991  0.15263368  0.01245993 -0.03524682
 -0.21331245] | Reward=-0.005 | Cum=-0.238 | Info={'shot_attempted': False, 'pass_attempted': False, 'goal_scored': False, 'goal_team': None, 'ball_out_by': None, 'has_ball': False, 'start_shot_bonus': False, 'start_pass_bonus': False, 'possession_lost': False}

[Step 70] Action=[-0.01697414 -0.0805977   0.10382105  0.15263197  0.01246118 -0.03526557
 -0.21335219] | Reward=-0.005 | Cum=-0.243 | Info={'shot_attempted': False, 'pass_attempted': False, 'goal_scored': False, 'goal_team': None, 'ball_out_by': None, 'has_ball': False, 'start_shot_bonus': False, 'start_pass_bonus': False, 'possession_lost': False}

[Step 71] Action=[-0.0169585  -0.08062904  0.10380221  0.15263024  0.01246242 -0.03528434
 -0.2133919 ] | Reward=-0.005 | Cum=-0.248 | Info={'shot_attempted': False, 'pass_attempted': False, 'goal_scored': False, 'goal_team': None, 'ball_out_by': None, 'has_ball': False, 'start_shot_bonus': False, 'start_pass_bonus': False, 'possession_lost': False}

[Step 72] Action=[-0.01694284 -0.08066039  0.10378335  0.15262851  0.01246365 -0.03530308
 -0.21343166] | Reward=-0.005 | Cum=-0.253 | Info={'shot_attempted': False, 'pass_attempted': False, 'goal_scored': False, 'goal_team': None, 'ball_out_by': None, 'has_ball': False, 'start_shot_bonus': False, 'start_pass_bonus': False, 'possession_lost': False}

[Step 73] Action=[-0.01692719 -0.08069172  0.10376449  0.15262678  0.01246487 -0.03532183
 -0.2134714 ] | Reward=-0.005 | Cum=-0.258 | Info={'shot_attempted': False, 'pass_attempted': False, 'goal_scored': False, 'goal_team': None, 'ball_out_by': None, 'has_ball': False, 'start_shot_bonus': False, 'start_pass_bonus': False, 'possession_lost': False}

[Step 74] Action=[-0.01691152 -0.08072307  0.10374565  0.15262507  0.0124661  -0.03534058
 -0.21351112] | Reward=-0.005 | Cum=-0.263 | Info={'shot_attempted': False, 'pass_attempted': False, 'goal_scored': False, 'goal_team': None, 'ball_out_by': None, 'has_ball': False, 'start_shot_bonus': False, 'start_pass_bonus': False, 'possession_lost': False}

[Step 75] Action=[-0.01689604 -0.08075419  0.10372671  0.15262318  0.01246678 -0.03535951
 -0.21355093] | Reward=-0.005 | Cum=-0.268 | Info={'shot_attempted': False, 'pass_attempted': False, 'goal_scored': False, 'goal_team': None, 'ball_out_by': None, 'has_ball': False, 'start_shot_bonus': False, 'start_pass_bonus': False, 'possession_lost': False}

[Step 76] Action=[-0.01688204 -0.08078344  0.10370735  0.15262026  0.01246342 -0.03537992
 -0.21359123] | Reward=-0.005 | Cum=-0.273 | Info={'shot_attempted': False, 'pass_attempted': False, 'goal_scored': False, 'goal_team': None, 'ball_out_by': None, 'has_ball': False, 'start_shot_bonus': False, 'start_pass_bonus': False, 'possession_lost': False}

[Step 77] Action=[-0.01686802 -0.08081269  0.10368797  0.15261735  0.01246005 -0.03540033
 -0.21363157] | Reward=-0.005 | Cum=-0.278 | Info={'shot_attempted': False, 'pass_attempted': False, 'goal_scored': False, 'goal_team': None, 'ball_out_by': None, 'has_ball': False, 'start_shot_bonus': False, 'start_pass_bonus': False, 'possession_lost': False}

[Step 78] Action=[-0.01685403 -0.08084195  0.10366857  0.15261441  0.01245669 -0.03542076
 -0.2136719 ] | Reward=-0.005 | Cum=-0.283 | Info={'shot_attempted': False, 'pass_attempted': False, 'goal_scored': False, 'goal_team': None, 'ball_out_by': None, 'has_ball': False, 'start_shot_bonus': False, 'start_pass_bonus': False, 'possession_lost': False}

[Step 79] Action=[-0.01683999 -0.08087123  0.1036492   0.15261146  0.0124533  -0.03544118
 -0.2137122 ] | Reward=-0.005 | Cum=-0.288 | Info={'shot_attempted': False, 'pass_attempted': False, 'goal_scored': False, 'goal_team': None, 'ball_out_by': None, 'has_ball': False, 'start_shot_bonus': False, 'start_pass_bonus': False, 'possession_lost': False}

[Step 80] Action=[-0.01682596 -0.08090045  0.10362981  0.15260853  0.01244989 -0.03546159
 -0.21375255] | Reward=-0.005 | Cum=-0.293 | Info={'shot_attempted': False, 'pass_attempted': False, 'goal_scored': False, 'goal_team': None, 'ball_out_by': None, 'has_ball': False, 'start_shot_bonus': False, 'start_pass_bonus': False, 'possession_lost': False}

[Step 81] Action=[-0.01681194 -0.08092973  0.1036104   0.1526056   0.01244649 -0.03548199
 -0.21379288] | Reward=-0.005 | Cum=-0.298 | Info={'shot_attempted': False, 'pass_attempted': False, 'goal_scored': False, 'goal_team': None, 'ball_out_by': None, 'has_ball': False, 'start_shot_bonus': False, 'start_pass_bonus': False, 'possession_lost': False}

[Step 82] Action=[-0.01679791 -0.08095898  0.10359102  0.15260263  0.01244307 -0.0355024
 -0.21383321] | Reward=-0.005 | Cum=-0.303 | Info={'shot_attempted': False, 'pass_attempted': False, 'goal_scored': False, 'goal_team': None, 'ball_out_by': None, 'has_ball': False, 'start_shot_bonus': False, 'start_pass_bonus': False, 'possession_lost': False}

[Step 83] Action=[-0.01678384 -0.08098822  0.10357162  0.15259963  0.01243964 -0.03552279
 -0.2138735 ] | Reward=-0.005 | Cum=-0.309 | Info={'shot_attempted': False, 'pass_attempted': False, 'goal_scored': False, 'goal_team': None, 'ball_out_by': None, 'has_ball': False, 'start_shot_bonus': False, 'start_pass_bonus': False, 'possession_lost': False}

[Step 84] Action=[-0.0167698  -0.0810175   0.10355223  0.15259668  0.01243619 -0.03554318
 -0.21391384] | Reward=-0.005 | Cum=-0.314 | Info={'shot_attempted': False, 'pass_attempted': False, 'goal_scored': False, 'goal_team': None, 'ball_out_by': None, 'has_ball': False, 'start_shot_bonus': False, 'start_pass_bonus': False, 'possession_lost': False}

[Step 85] Action=[-0.01675576 -0.08104674  0.10353282  0.15259369  0.01243275 -0.03556359
 -0.21395414] | Reward=-0.005 | Cum=-0.319 | Info={'shot_attempted': False, 'pass_attempted': False, 'goal_scored': False, 'goal_team': None, 'ball_out_by': None, 'has_ball': False, 'start_shot_bonus': False, 'start_pass_bonus': False, 'possession_lost': False}

[Step 86] Action=[-0.0167417  -0.08107597  0.10351343  0.1525907   0.01242928 -0.03558399
 -0.21399449] | Reward=-0.005 | Cum=-0.324 | Info={'shot_attempted': False, 'pass_attempted': False, 'goal_scored': False, 'goal_team': None, 'ball_out_by': None, 'has_ball': False, 'start_shot_bonus': False, 'start_pass_bonus': False, 'possession_lost': False}

[Step 87] Action=[-0.01672764 -0.08110525  0.10349402  0.15258771  0.01242582 -0.03560438
 -0.21403483] | Reward=-0.005 | Cum=-0.330 | Info={'shot_attempted': False, 'pass_attempted': False, 'goal_scored': False, 'goal_team': None, 'ball_out_by': None, 'has_ball': False, 'start_shot_bonus': False, 'start_pass_bonus': False, 'possession_lost': False}

[Step 88] Action=[-0.01671356 -0.08113451  0.1034746   0.15258469  0.01242233 -0.03562478
 -0.21407515] | Reward=-0.005 | Cum=-0.335 | Info={'shot_attempted': False, 'pass_attempted': False, 'goal_scored': False, 'goal_team': None, 'ball_out_by': None, 'has_ball': False, 'start_shot_bonus': False, 'start_pass_bonus': False, 'possession_lost': False}

[Step 89] Action=[-0.0166995  -0.08116376  0.10345522  0.15258169  0.01241882 -0.03564517
 -0.21411549] | Reward=-0.005 | Cum=-0.340 | Info={'shot_attempted': False, 'pass_attempted': False, 'goal_scored': False, 'goal_team': None, 'ball_out_by': None, 'has_ball': False, 'start_shot_bonus': False, 'start_pass_bonus': False, 'possession_lost': False}

[Step 90] Action=[-0.01668541 -0.08119302  0.10343579  0.15257867  0.01241531 -0.03566557
 -0.21415578] | Reward=-0.006 | Cum=-0.346 | Info={'shot_attempted': False, 'pass_attempted': False, 'goal_scored': False, 'goal_team': None, 'ball_out_by': None, 'has_ball': False, 'start_shot_bonus': False, 'start_pass_bonus': False, 'possession_lost': False}

[Step 91] Action=[-0.01667133 -0.08122227  0.10341641  0.15257567  0.0124118  -0.03568595
 -0.21419612] | Reward=-0.006 | Cum=-0.352 | Info={'shot_attempted': False, 'pass_attempted': False, 'goal_scored': False, 'goal_team': None, 'ball_out_by': None, 'has_ball': False, 'start_shot_bonus': False, 'start_pass_bonus': False, 'possession_lost': False}

[Step 92] Action=[-0.01665724 -0.08125152  0.10339699  0.15257265  0.01240828 -0.03570634
 -0.21423644] | Reward=-0.006 | Cum=-0.358 | Info={'shot_attempted': False, 'pass_attempted': False, 'goal_scored': False, 'goal_team': None, 'ball_out_by': None, 'has_ball': False, 'start_shot_bonus': False, 'start_pass_bonus': False, 'possession_lost': False}

[Step 93] Action=[-0.0166441  -0.08128446  0.10337471  0.15257128  0.01240154 -0.035725
 -0.21427736] | Reward=-0.006 | Cum=-0.364 | Info={'shot_attempted': False, 'pass_attempted': False, 'goal_scored': False, 'goal_team': None, 'ball_out_by': None, 'has_ball': False, 'start_shot_bonus': False, 'start_pass_bonus': False, 'possession_lost': False}

[Step 94] Action=[-0.016631   -0.08131748  0.10335241  0.15256996  0.01239472 -0.03574364
 -0.21431829] | Reward=-0.006 | Cum=-0.370 | Info={'shot_attempted': False, 'pass_attempted': False, 'goal_scored': False, 'goal_team': None, 'ball_out_by': None, 'has_ball': False, 'start_shot_bonus': False, 'start_pass_bonus': False, 'possession_lost': False}

[Step 95] Action=[-0.01661787 -0.08135048  0.10333008  0.15256862  0.01238791 -0.03576226
 -0.21435922] | Reward=-0.006 | Cum=-0.377 | Info={'shot_attempted': False, 'pass_attempted': False, 'goal_scored': False, 'goal_team': None, 'ball_out_by': None, 'has_ball': False, 'start_shot_bonus': False, 'start_pass_bonus': False, 'possession_lost': False}

[Step 96] Action=[-0.01660472 -0.08138352  0.10330776  0.15256728  0.01238108 -0.03578088
 -0.21440013] | Reward=-0.006 | Cum=-0.383 | Info={'shot_attempted': False, 'pass_attempted': False, 'goal_scored': False, 'goal_team': None, 'ball_out_by': None, 'has_ball': False, 'start_shot_bonus': False, 'start_pass_bonus': False, 'possession_lost': False}

[Step 97] Action=[-0.0165916  -0.0814165   0.10328542  0.15256594  0.01237423 -0.0357995
 -0.21444103] | Reward=-0.006 | Cum=-0.389 | Info={'shot_attempted': False, 'pass_attempted': False, 'goal_scored': False, 'goal_team': None, 'ball_out_by': None, 'has_ball': False, 'start_shot_bonus': False, 'start_pass_bonus': False, 'possession_lost': False}

[Step 98] Action=[-0.01657847 -0.08144951  0.10326309  0.15256457  0.01236738 -0.03581812
 -0.21448195] | Reward=-0.006 | Cum=-0.395 | Info={'shot_attempted': False, 'pass_attempted': False, 'goal_scored': False, 'goal_team': None, 'ball_out_by': None, 'has_ball': False, 'start_shot_bonus': False, 'start_pass_bonus': False, 'possession_lost': False}

[Step 99] Action=[-0.01656533 -0.08148253  0.10324075  0.15256321  0.0123605  -0.03583672
 -0.21452287] | Reward=-0.006 | Cum=-0.401 | Info={'shot_attempted': False, 'pass_attempted': False, 'goal_scored': False, 'goal_team': None, 'ball_out_by': None, 'has_ball': False, 'start_shot_bonus': False, 'start_pass_bonus': False, 'possession_lost': False}

[Step 100] Action=[-0.01655217 -0.08151553  0.10321842  0.15256187  0.01235362 -0.03585535
 -0.21456379] | Reward=-0.006 | Cum=-0.408 | Info={'shot_attempted': False, 'pass_attempted': False, 'goal_scored': False, 'goal_team': None, 'ball_out_by': None, 'has_ball': False, 'start_shot_bonus': False, 'start_pass_bonus': False, 'possession_lost': False}

[Step 101] Action=[-0.01653903 -0.08154855  0.10319608  0.15256047  0.01234672 -0.03587396
 -0.21460472] | Reward=-0.006 | Cum=-0.414 | Info={'shot_attempted': False, 'pass_attempted': False, 'goal_scored': False, 'goal_team': None, 'ball_out_by': None, 'has_ball': False, 'start_shot_bonus': False, 'start_pass_bonus': False, 'possession_lost': False}

[Step 102] Action=[-0.01652587 -0.08158157  0.10317375  0.1525591   0.01233982 -0.03589256
 -0.21464564] | Reward=-0.006 | Cum=-0.421 | Info={'shot_attempted': False, 'pass_attempted': False, 'goal_scored': False, 'goal_team': None, 'ball_out_by': None, 'has_ball': False, 'start_shot_bonus': False, 'start_pass_bonus': False, 'possession_lost': False}

[Step 103] Action=[-0.01651271 -0.08161458  0.1031514   0.15255773  0.01233292 -0.03591118
 -0.21468656] | Reward=-0.007 | Cum=-0.427 | Info={'shot_attempted': False, 'pass_attempted': False, 'goal_scored': False, 'goal_team': None, 'ball_out_by': None, 'has_ball': False, 'start_shot_bonus': False, 'start_pass_bonus': False, 'possession_lost': False}

[Step 104] Action=[-0.01649953 -0.0816476   0.10312906  0.15255633  0.01232598 -0.03592979
 -0.21472749] | Reward=-0.007 | Cum=-0.434 | Info={'shot_attempted': False, 'pass_attempted': False, 'goal_scored': False, 'goal_team': None, 'ball_out_by': None, 'has_ball': False, 'start_shot_bonus': False, 'start_pass_bonus': False, 'possession_lost': False}

[Step 105] Action=[-0.01648635 -0.0816806   0.1031067   0.15255494  0.01231906 -0.03594839
 -0.2147684 ] | Reward=-0.007 | Cum=-0.440 | Info={'shot_attempted': False, 'pass_attempted': False, 'goal_scored': False, 'goal_team': None, 'ball_out_by': None, 'has_ball': False, 'start_shot_bonus': False, 'start_pass_bonus': False, 'possession_lost': False}

[Step 106] Action=[-0.01647319 -0.08171364  0.10308436  0.15255351  0.01231211 -0.03596699
 -0.21480933] | Reward=-0.007 | Cum=-0.447 | Info={'shot_attempted': False, 'pass_attempted': False, 'goal_scored': False, 'goal_team': None, 'ball_out_by': None, 'has_ball': False, 'start_shot_bonus': False, 'start_pass_bonus': False, 'possession_lost': False}

[Step 107] Action=[-0.01646001 -0.08174666  0.103062    0.15255211  0.01230517 -0.0359856
 -0.21485026] | Reward=-0.007 | Cum=-0.453 | Info={'shot_attempted': False, 'pass_attempted': False, 'goal_scored': False, 'goal_team': None, 'ball_out_by': None, 'has_ball': False, 'start_shot_bonus': False, 'start_pass_bonus': False, 'possession_lost': False}

[Step 108] Action=[-0.01644684 -0.08177965  0.10303965  0.15255073  0.01229821 -0.0360042
 -0.21489117] | Reward=-0.007 | Cum=-0.460 | Info={'shot_attempted': False, 'pass_attempted': False, 'goal_scored': False, 'goal_team': None, 'ball_out_by': None, 'has_ball': False, 'start_shot_bonus': False, 'start_pass_bonus': False, 'possession_lost': False}

[Step 109] Action=[-0.01644071 -0.0818174   0.10301515  0.15255347  0.01229255 -0.03602114
 -0.21492434] | Reward=-0.007 | Cum=-0.467 | Info={'shot_attempted': False, 'pass_attempted': False, 'goal_scored': False, 'goal_team': None, 'ball_out_by': None, 'has_ball': False, 'start_shot_bonus': False, 'start_pass_bonus': False, 'possession_lost': False}

[Step 110] Action=[-0.01643786 -0.08185736  0.10298967  0.15255815  0.01228748 -0.03603733
 -0.21495394] | Reward=-0.007 | Cum=-0.473 | Info={'shot_attempted': False, 'pass_attempted': False, 'goal_scored': False, 'goal_team': None, 'ball_out_by': None, 'has_ball': False, 'start_shot_bonus': False, 'start_pass_bonus': False, 'possession_lost': False}

[Step 111] Action=[-0.01643499 -0.08189727  0.10296419  0.1525628   0.01228241 -0.03605352
 -0.21498354] | Reward=-0.007 | Cum=-0.480 | Info={'shot_attempted': False, 'pass_attempted': False, 'goal_scored': False, 'goal_team': None, 'ball_out_by': None, 'has_ball': False, 'start_shot_bonus': False, 'start_pass_bonus': False, 'possession_lost': False}

[Step 112] Action=[-0.01643392 -0.08193823  0.10293888  0.15256897  0.01227765 -0.0360707
 -0.21501462] | Reward=-0.008 | Cum=-0.488 | Info={'shot_attempted': False, 'pass_attempted': False, 'goal_scored': False, 'goal_team': None, 'ball_out_by': None, 'has_ball': False, 'start_shot_bonus': False, 'start_pass_bonus': False, 'possession_lost': False}

[Step 113] Action=[-0.01643286 -0.08197914  0.10291355  0.15257512  0.01227289 -0.0360879
 -0.2150457 ] | Reward=-0.008 | Cum=-0.495 | Info={'shot_attempted': False, 'pass_attempted': False, 'goal_scored': False, 'goal_team': None, 'ball_out_by': None, 'has_ball': False, 'start_shot_bonus': False, 'start_pass_bonus': False, 'possession_lost': False}

[Step 114] Action=[-0.0164318  -0.08202008  0.10288825  0.15258129  0.01226812 -0.03610509
 -0.2150768 ] | Reward=-0.008 | Cum=-0.503 | Info={'shot_attempted': False, 'pass_attempted': False, 'goal_scored': False, 'goal_team': None, 'ball_out_by': None, 'has_ball': False, 'start_shot_bonus': False, 'start_pass_bonus': False, 'possession_lost': False}

[Step 115] Action=[-0.01643033 -0.0820604   0.10286306  0.15258761  0.01226358 -0.03612227
 -0.21510823] | Reward=-0.008 | Cum=-0.510 | Info={'shot_attempted': False, 'pass_attempted': False, 'goal_scored': False, 'goal_team': None, 'ball_out_by': None, 'has_ball': False, 'start_shot_bonus': False, 'start_pass_bonus': False, 'possession_lost': False}

[Step 116] Action=[-0.01642353 -0.08209301  0.10283929  0.15259598  0.01226188 -0.03613957
 -0.21514344] | Reward=-0.008 | Cum=-0.518 | Info={'shot_attempted': False, 'pass_attempted': False, 'goal_scored': False, 'goal_team': None, 'ball_out_by': None, 'has_ball': False, 'start_shot_bonus': False, 'start_pass_bonus': False, 'possession_lost': False}

[Step 117] Action=[-0.01641967 -0.08212388  0.10281762  0.15260492  0.01226793 -0.03615886
 -0.2151739 ] | Reward=-0.008 | Cum=-0.526 | Info={'shot_attempted': False, 'pass_attempted': False, 'goal_scored': False, 'goal_team': None, 'ball_out_by': None, 'has_ball': False, 'start_shot_bonus': False, 'start_pass_bonus': False, 'possession_lost': False}

[Step 118] Action=[-0.01641648 -0.08215434  0.10279641  0.152614    0.01227589 -0.03617861
 -0.21520321] | Reward=-0.008 | Cum=-0.533 | Info={'shot_attempted': False, 'pass_attempted': False, 'goal_scored': False, 'goal_team': None, 'ball_out_by': None, 'has_ball': False, 'start_shot_bonus': False, 'start_pass_bonus': False, 'possession_lost': False}

[Step 119] Action=[-0.0164133  -0.08218481  0.10277519  0.15262312  0.01228383 -0.03619837
 -0.21523248] | Reward=-0.008 | Cum=-0.541 | Info={'shot_attempted': False, 'pass_attempted': False, 'goal_scored': False, 'goal_team': None, 'ball_out_by': None, 'has_ball': False, 'start_shot_bonus': False, 'start_pass_bonus': False, 'possession_lost': False}

[Step 120] Action=[-0.01641279 -0.08221261  0.10275283  0.15263246  0.01229278 -0.03621894
 -0.21526186] | Reward=-0.008 | Cum=-0.549 | Info={'shot_attempted': False, 'pass_attempted': False, 'goal_scored': False, 'goal_team': None, 'ball_out_by': None, 'has_ball': False, 'start_shot_bonus': False, 'start_pass_bonus': False, 'possession_lost': False}

[Step 121] Action=[-0.01641568 -0.08223706  0.10272896  0.15264215  0.01230301 -0.03624055
 -0.2152913 ] | Reward=-0.008 | Cum=-0.557 | Info={'shot_attempted': False, 'pass_attempted': False, 'goal_scored': False, 'goal_team': None, 'ball_out_by': None, 'has_ball': False, 'start_shot_bonus': False, 'start_pass_bonus': False, 'possession_lost': False}

[Step 122] Action=[-0.01641852 -0.08226145  0.10270511  0.15265182  0.01231325 -0.03626214
 -0.2153208 ] | Reward=-0.008 | Cum=-0.565 | Info={'shot_attempted': False, 'pass_attempted': False, 'goal_scored': False, 'goal_team': None, 'ball_out_by': None, 'has_ball': False, 'start_shot_bonus': False, 'start_pass_bonus': False, 'possession_lost': False}

[Step 123] Action=[-0.01642139 -0.08228587  0.10268126  0.15266147  0.01232347 -0.03628372
 -0.21535024] | Reward=-0.008 | Cum=-0.573 | Info={'shot_attempted': False, 'pass_attempted': False, 'goal_scored': False, 'goal_team': None, 'ball_out_by': None, 'has_ball': False, 'start_shot_bonus': False, 'start_pass_bonus': False, 'possession_lost': False}

[Step 124] Action=[-0.01642427 -0.08231029  0.10265736  0.15267114  0.01233368 -0.03630532
 -0.21537973] | Reward=-0.008 | Cum=-0.581 | Info={'shot_attempted': False, 'pass_attempted': False, 'goal_scored': False, 'goal_team': None, 'ball_out_by': None, 'has_ball': False, 'start_shot_bonus': False, 'start_pass_bonus': False, 'possession_lost': False}

[Step 125] Action=[-0.01642712 -0.08233471  0.10263351  0.1526808   0.01234388 -0.03632691
 -0.2154092 ] | Reward=-0.008 | Cum=-0.589 | Info={'shot_attempted': False, 'pass_attempted': False, 'goal_scored': False, 'goal_team': None, 'ball_out_by': None, 'has_ball': False, 'start_shot_bonus': False, 'start_pass_bonus': False, 'possession_lost': False}

[Step 126] Action=[-0.01642998 -0.08235913  0.1026096   0.15269047  0.01235409 -0.0363485
 -0.21543868] | Reward=-0.008 | Cum=-0.597 | Info={'shot_attempted': False, 'pass_attempted': False, 'goal_scored': False, 'goal_team': None, 'ball_out_by': None, 'has_ball': False, 'start_shot_bonus': False, 'start_pass_bonus': False, 'possession_lost': False}

[Step 127] Action=[-0.01642985 -0.08238628  0.10258479  0.15269996  0.01236097 -0.03637189
 -0.2154655 ] | Reward=-0.008 | Cum=-0.605 | Info={'shot_attempted': False, 'pass_attempted': False, 'goal_scored': False, 'goal_team': None, 'ball_out_by': None, 'has_ball': False, 'start_shot_bonus': False, 'start_pass_bonus': False, 'possession_lost': False}

[Step 128] Action=[-0.01642836 -0.0824146   0.10255955  0.15270938  0.01236631 -0.03639611
 -0.21549113] | Reward=-0.008 | Cum=-0.613 | Info={'shot_attempted': False, 'pass_attempted': False, 'goal_scored': False, 'goal_team': None, 'ball_out_by': None, 'has_ball': False, 'start_shot_bonus': False, 'start_pass_bonus': False, 'possession_lost': False}

[Step 129] Action=[-0.01642687 -0.08244301  0.10253429  0.1527188   0.01237164 -0.03642033
 -0.21551673] | Reward=-0.008 | Cum=-0.622 | Info={'shot_attempted': False, 'pass_attempted': False, 'goal_scored': False, 'goal_team': None, 'ball_out_by': None, 'has_ball': False, 'start_shot_bonus': False, 'start_pass_bonus': False, 'possession_lost': False}

[Step 130] Action=[-0.01642534 -0.08247139  0.10250905  0.15272819  0.01237697 -0.03644455
 -0.21554236] | Reward=-0.008 | Cum=-0.630 | Info={'shot_attempted': False, 'pass_attempted': False, 'goal_scored': False, 'goal_team': None, 'ball_out_by': None, 'has_ball': False, 'start_shot_bonus': False, 'start_pass_bonus': False, 'possession_lost': False}

[Step 131] Action=[-0.01642385 -0.08249974  0.10248379  0.15273759  0.0123823  -0.03646877
 -0.215568  ] | Reward=-0.008 | Cum=-0.639 | Info={'shot_attempted': False, 'pass_attempted': False, 'goal_scored': False, 'goal_team': None, 'ball_out_by': None, 'has_ball': False, 'start_shot_bonus': False, 'start_pass_bonus': False, 'possession_lost': False}

[Step 132] Action=[-0.01642234 -0.08252811  0.10245851  0.15274698  0.01238761 -0.03649297
 -0.21559364] | Reward=-0.008 | Cum=-0.647 | Info={'shot_attempted': False, 'pass_attempted': False, 'goal_scored': False, 'goal_team': None, 'ball_out_by': None, 'has_ball': False, 'start_shot_bonus': False, 'start_pass_bonus': False, 'possession_lost': False}

[Step 133] Action=[-0.01642083 -0.08255646  0.10243326  0.15275636  0.01239293 -0.03651717
 -0.21561925] | Reward=-0.008 | Cum=-0.656 | Info={'shot_attempted': False, 'pass_attempted': False, 'goal_scored': False, 'goal_team': None, 'ball_out_by': None, 'has_ball': False, 'start_shot_bonus': False, 'start_pass_bonus': False, 'possession_lost': False}

[Step 134] Action=[-0.01641933 -0.08258486  0.10240799  0.15276577  0.01239823 -0.03654139
 -0.21564491] | Reward=-0.055 | Cum=-0.711 | Info={'shot_attempted': False, 'pass_attempted': False, 'goal_scored': False, 'goal_team': None, 'ball_out_by': None, 'has_ball': False, 'start_shot_bonus': False, 'start_pass_bonus': False, 'possession_lost': False}

[Step 135] Action=[-0.01641779 -0.08261323  0.10238272  0.15277514  0.01240355 -0.03656561
 -0.2156705 ] | Reward=-0.055 | Cum=-0.766 | Info={'shot_attempted': False, 'pass_attempted': False, 'goal_scored': False, 'goal_team': None, 'ball_out_by': None, 'has_ball': False, 'start_shot_bonus': False, 'start_pass_bonus': False, 'possession_lost': False}

[Step 136] Action=[-0.01641627 -0.08264159  0.10235742  0.15278451  0.01240883 -0.0365898
 -0.21569616] | Reward=-0.055 | Cum=-0.821 | Info={'shot_attempted': False, 'pass_attempted': False, 'goal_scored': False, 'goal_team': None, 'ball_out_by': None, 'has_ball': False, 'start_shot_bonus': False, 'start_pass_bonus': False, 'possession_lost': False}

[Step 137] Action=[-0.01641179 -0.08267223  0.1023309   0.15279216  0.01240958 -0.03661069
 -0.21572159] | Reward=-0.055 | Cum=-0.876 | Info={'shot_attempted': False, 'pass_attempted': False, 'goal_scored': False, 'goal_team': None, 'ball_out_by': None, 'has_ball': False, 'start_shot_bonus': False, 'start_pass_bonus': False, 'possession_lost': False}

[Step 138] Action=[-0.01640684 -0.08270321  0.10230417  0.1527995   0.01240963 -0.03663106
 -0.21574703] | Reward=-0.055 | Cum=-0.931 | Info={'shot_attempted': False, 'pass_attempted': False, 'goal_scored': False, 'goal_team': None, 'ball_out_by': None, 'has_ball': False, 'start_shot_bonus': False, 'start_pass_bonus': False, 'possession_lost': False}

[Step 139] Action=[-0.01640187 -0.08273424  0.10227742  0.15280686  0.01240964 -0.03665143
 -0.21577245] | Reward=-0.055 | Cum=-0.986 | Info={'shot_attempted': False, 'pass_attempted': False, 'goal_scored': False, 'goal_team': None, 'ball_out_by': None, 'has_ball': False, 'start_shot_bonus': False, 'start_pass_bonus': False, 'possession_lost': False}

[Step 140] Action=[-0.0163969  -0.08276521  0.10225067  0.15281422  0.01240966 -0.03667178
 -0.21579787] | Reward=-0.055 | Cum=-1.041 | Info={'shot_attempted': False, 'pass_attempted': False, 'goal_scored': False, 'goal_team': None, 'ball_out_by': None, 'has_ball': False, 'start_shot_bonus': False, 'start_pass_bonus': False, 'possession_lost': False}

[Step 141] Action=[-0.01639193 -0.08279621  0.10222395  0.15282157  0.01240968 -0.03669214
 -0.2158233 ] | Reward=-0.055 | Cum=-1.096 | Info={'shot_attempted': False, 'pass_attempted': False, 'goal_scored': False, 'goal_team': None, 'ball_out_by': None, 'has_ball': False, 'start_shot_bonus': False, 'start_pass_bonus': False, 'possession_lost': False}

[Step 142] Action=[-0.01638697 -0.08282721  0.10219718  0.1528289   0.01240968 -0.03671249
 -0.21584871] | Reward=-0.055 | Cum=-1.151 | Info={'shot_attempted': False, 'pass_attempted': False, 'goal_scored': False, 'goal_team': None, 'ball_out_by': None, 'has_ball': False, 'start_shot_bonus': False, 'start_pass_bonus': False, 'possession_lost': False}

[Step 143] Action=[-0.01638199 -0.08285818  0.10217045  0.15283623  0.01240968 -0.03673285
 -0.21587414] | Reward=-0.055 | Cum=-1.206 | Info={'shot_attempted': False, 'pass_attempted': False, 'goal_scored': False, 'goal_team': None, 'ball_out_by': None, 'has_ball': False, 'start_shot_bonus': False, 'start_pass_bonus': False, 'possession_lost': False}

[Step 144] Action=[-0.01637701 -0.08288918  0.10214369  0.15284353  0.01240966 -0.03675321
 -0.21589956] | Reward=-0.055 | Cum=-1.261 | Info={'shot_attempted': False, 'pass_attempted': False, 'goal_scored': False, 'goal_team': None, 'ball_out_by': None, 'has_ball': False, 'start_shot_bonus': False, 'start_pass_bonus': False, 'possession_lost': False}

[Step 145] Action=[-0.01637154 -0.08292123  0.10211677  0.15285172  0.01241066 -0.03677291
 -0.21592548] | Reward=-0.055 | Cum=-1.316 | Info={'shot_attempted': False, 'pass_attempted': False, 'goal_scored': False, 'goal_team': None, 'ball_out_by': None, 'has_ball': False, 'start_shot_bonus': False, 'start_pass_bonus': False, 'possession_lost': False}

[Step 146] Action=[-0.01636488 -0.08295584  0.10208941  0.15286194  0.01241416 -0.03679099
 -0.21595255] | Reward=-0.055 | Cum=-1.371 | Info={'shot_attempted': False, 'pass_attempted': False, 'goal_scored': False, 'goal_team': None, 'ball_out_by': None, 'has_ball': False, 'start_shot_bonus': False, 'start_pass_bonus': False, 'possession_lost': False}

[Step 147] Action=[-0.0163582  -0.08299045  0.10206205  0.15287216  0.01241766 -0.03680906
 -0.21597962] | Reward=-0.055 | Cum=-1.426 | Info={'shot_attempted': False, 'pass_attempted': False, 'goal_scored': False, 'goal_team': None, 'ball_out_by': None, 'has_ball': False, 'start_shot_bonus': False, 'start_pass_bonus': False, 'possession_lost': False}

[Step 148] Action=[-0.0163515  -0.0830251   0.10203468  0.15288237  0.01242115 -0.03682715
 -0.21600667] | Reward=-0.055 | Cum=-1.481 | Info={'shot_attempted': False, 'pass_attempted': False, 'goal_scored': False, 'goal_team': None, 'ball_out_by': None, 'has_ball': False, 'start_shot_bonus': False, 'start_pass_bonus': False, 'possession_lost': False}

[Step 149] Action=[-0.01634482 -0.08305973  0.10200732  0.15289259  0.01242462 -0.03684521
 -0.21603374] | Reward=-0.055 | Cum=-1.536 | Info={'shot_attempted': False, 'pass_attempted': False, 'goal_scored': False, 'goal_team': None, 'ball_out_by': None, 'has_ball': False, 'start_shot_bonus': False, 'start_pass_bonus': False, 'possession_lost': False}

[Step 150] Action=[-0.01633813 -0.08309435  0.10197996  0.1529028   0.0124281  -0.03686328
 -0.21606082] | Reward=-0.055 | Cum=-1.591 | Info={'shot_attempted': False, 'pass_attempted': False, 'goal_scored': False, 'goal_team': None, 'ball_out_by': None, 'has_ball': False, 'start_shot_bonus': False, 'start_pass_bonus': False, 'possession_lost': False}

[Step 151] Action=[-0.01633144 -0.08312898  0.1019526   0.15291299  0.01243156 -0.03688136
 -0.21608786] | Reward=-0.055 | Cum=-1.646 | Info={'shot_attempted': False, 'pass_attempted': False, 'goal_scored': False, 'goal_team': None, 'ball_out_by': None, 'has_ball': False, 'start_shot_bonus': False, 'start_pass_bonus': False, 'possession_lost': False}

[Step 152] Action=[-0.01632475 -0.08316361  0.10192522  0.15292318  0.01243503 -0.03689943
 -0.21611494] | Reward=-0.055 | Cum=-1.701 | Info={'shot_attempted': False, 'pass_attempted': False, 'goal_scored': False, 'goal_team': None, 'ball_out_by': None, 'has_ball': False, 'start_shot_bonus': False, 'start_pass_bonus': False, 'possession_lost': False}

[Step 153] Action=[-0.01631804 -0.08319823  0.10189787  0.15293339  0.01243848 -0.03691748
 -0.21614201] | Reward=-0.055 | Cum=-1.756 | Info={'shot_attempted': False, 'pass_attempted': False, 'goal_scored': False, 'goal_team': None, 'ball_out_by': None, 'has_ball': False, 'start_shot_bonus': False, 'start_pass_bonus': False, 'possession_lost': False}

[Step 154] Action=[-0.01631134 -0.08323283  0.10187049  0.15294355  0.01244193 -0.03693555
 -0.21616909] | Reward=-0.055 | Cum=-1.811 | Info={'shot_attempted': False, 'pass_attempted': False, 'goal_scored': False, 'goal_team': None, 'ball_out_by': None, 'has_ball': False, 'start_shot_bonus': False, 'start_pass_bonus': False, 'possession_lost': False}

[Step 155] Action=[-0.01630463 -0.08326747  0.10184312  0.15295376  0.01244538 -0.0369536
 -0.21619613] | Reward=-0.055 | Cum=-1.866 | Info={'shot_attempted': False, 'pass_attempted': False, 'goal_scored': False, 'goal_team': None, 'ball_out_by': None, 'has_ball': False, 'start_shot_bonus': False, 'start_pass_bonus': False, 'possession_lost': False}

[Step 156] Action=[-0.01629967 -0.08330055  0.1018148   0.15296511  0.01244762 -0.0369718
 -0.21622714] | Reward=-0.055 | Cum=-1.921 | Info={'shot_attempted': False, 'pass_attempted': False, 'goal_scored': False, 'goal_team': None, 'ball_out_by': None, 'has_ball': False, 'start_shot_bonus': False, 'start_pass_bonus': False, 'possession_lost': False}

[Step 157] Action=[-0.01630536 -0.08332443  0.10178073  0.15298346  0.01244274 -0.03699091
 -0.21628194] | Reward=-0.055 | Cum=-1.976 | Info={'shot_attempted': False, 'pass_attempted': False, 'goal_scored': False, 'goal_team': None, 'ball_out_by': None, 'has_ball': False, 'start_shot_bonus': False, 'start_pass_bonus': False, 'possession_lost': False}

[Step 158] Action=[-0.01631104 -0.08334827  0.10174665  0.15300182  0.01243788 -0.03701002
 -0.21633673] | Reward=-0.055 | Cum=-2.031 | Info={'shot_attempted': False, 'pass_attempted': False, 'goal_scored': False, 'goal_team': None, 'ball_out_by': None, 'has_ball': False, 'start_shot_bonus': False, 'start_pass_bonus': False, 'possession_lost': False}

[Step 159] Action=[-0.01631671 -0.08337209  0.10171258  0.15302016  0.012433   -0.03702912
 -0.21639152] | Reward=-0.055 | Cum=-2.086 | Info={'shot_attempted': False, 'pass_attempted': False, 'goal_scored': False, 'goal_team': None, 'ball_out_by': None, 'has_ball': False, 'start_shot_bonus': False, 'start_pass_bonus': False, 'possession_lost': False}

[Step 160] Action=[-0.0163224  -0.08339597  0.10167849  0.15303849  0.0124281  -0.03704823
 -0.21644633] | Reward=-0.055 | Cum=-2.141 | Info={'shot_attempted': False, 'pass_attempted': False, 'goal_scored': False, 'goal_team': None, 'ball_out_by': None, 'has_ball': False, 'start_shot_bonus': False, 'start_pass_bonus': False, 'possession_lost': False}

[Step 161] Action=[-0.01632807 -0.08341981  0.10164442  0.15305685  0.0124232  -0.03706732
 -0.21650112] | Reward=-0.055 | Cum=-2.196 | Info={'shot_attempted': False, 'pass_attempted': False, 'goal_scored': False, 'goal_team': None, 'ball_out_by': None, 'has_ball': False, 'start_shot_bonus': False, 'start_pass_bonus': False, 'possession_lost': False}

[Step 162] Action=[-0.01633373 -0.08344367  0.10161033  0.15307516  0.01241831 -0.03708642
 -0.2165559 ] | Reward=-0.055 | Cum=-2.251 | Info={'shot_attempted': False, 'pass_attempted': False, 'goal_scored': False, 'goal_team': None, 'ball_out_by': None, 'has_ball': False, 'start_shot_bonus': False, 'start_pass_bonus': False, 'possession_lost': False}

[Step 163] Action=[-0.01633939 -0.08346753  0.10157624  0.15309347  0.01241341 -0.03710552
 -0.2166107 ] | Reward=-0.055 | Cum=-2.306 | Info={'shot_attempted': False, 'pass_attempted': False, 'goal_scored': False, 'goal_team': None, 'ball_out_by': None, 'has_ball': False, 'start_shot_bonus': False, 'start_pass_bonus': False, 'possession_lost': False}

[Step 164] Action=[-0.01634505 -0.08349139  0.10154215  0.1531118   0.0124085  -0.03712462
 -0.21666548] | Reward=-0.055 | Cum=-2.361 | Info={'shot_attempted': False, 'pass_attempted': False, 'goal_scored': False, 'goal_team': None, 'ball_out_by': None, 'has_ball': False, 'start_shot_bonus': False, 'start_pass_bonus': False, 'possession_lost': False}

[Step 165] Action=[-0.01635069 -0.08351522  0.10150805  0.15313011  0.01240358 -0.0371437
 -0.21672028] | Reward=-0.055 | Cum=-2.416 | Info={'shot_attempted': False, 'pass_attempted': False, 'goal_scored': False, 'goal_team': None, 'ball_out_by': None, 'has_ball': False, 'start_shot_bonus': False, 'start_pass_bonus': False, 'possession_lost': False}

[Step 166] Action=[-0.01635635 -0.08353908  0.10147394  0.15314841  0.01239865 -0.0371628
 -0.21677507] | Reward=-0.055 | Cum=-2.471 | Info={'shot_attempted': False, 'pass_attempted': False, 'goal_scored': False, 'goal_team': None, 'ball_out_by': None, 'has_ball': False, 'start_shot_bonus': False, 'start_pass_bonus': False, 'possession_lost': False}

[Step 167] Action=[-0.01636197 -0.08356297  0.10143986  0.15316673  0.01239372 -0.03718186
 -0.21682985] | Reward=-0.055 | Cum=-2.526 | Info={'shot_attempted': False, 'pass_attempted': False, 'goal_scored': False, 'goal_team': None, 'ball_out_by': None, 'has_ball': False, 'start_shot_bonus': False, 'start_pass_bonus': False, 'possession_lost': False}

[Step 168] Action=[-0.01636761 -0.08358682  0.10140575  0.15318502  0.0123888  -0.03720095
 -0.21688464] | Reward=-0.055 | Cum=-2.581 | Info={'shot_attempted': False, 'pass_attempted': False, 'goal_scored': False, 'goal_team': None, 'ball_out_by': None, 'has_ball': False, 'start_shot_bonus': False, 'start_pass_bonus': False, 'possession_lost': False}

[Step 169] Action=[-0.01637326 -0.08361068  0.10137161  0.15320332  0.01238385 -0.03722003
 -0.21693945] | Reward=-0.055 | Cum=-2.636 | Info={'shot_attempted': False, 'pass_attempted': False, 'goal_scored': False, 'goal_team': None, 'ball_out_by': None, 'has_ball': False, 'start_shot_bonus': False, 'start_pass_bonus': False, 'possession_lost': False}

[Step 170] Action=[-0.01637888 -0.08363456  0.10133749  0.1532216   0.01237891 -0.0372391
 -0.21699424] | Reward=-0.055 | Cum=-2.691 | Info={'shot_attempted': False, 'pass_attempted': False, 'goal_scored': False, 'goal_team': None, 'ball_out_by': None, 'has_ball': False, 'start_shot_bonus': False, 'start_pass_bonus': False, 'possession_lost': False}

[Step 171] Action=[-0.01638452 -0.08365841  0.10130338  0.1532399   0.01237396 -0.03725818
 -0.21704902] | Reward=-0.055 | Cum=-2.746 | Info={'shot_attempted': False, 'pass_attempted': False, 'goal_scored': False, 'goal_team': None, 'ball_out_by': None, 'has_ball': False, 'start_shot_bonus': False, 'start_pass_bonus': False, 'possession_lost': False}

[Step 172] Action=[-0.01639013 -0.08368226  0.10126925  0.15325817  0.012369   -0.03727725
 -0.21710382] | Reward=-0.055 | Cum=-2.801 | Info={'shot_attempted': False, 'pass_attempted': False, 'goal_scored': False, 'goal_team': None, 'ball_out_by': None, 'has_ball': False, 'start_shot_bonus': False, 'start_pass_bonus': False, 'possession_lost': False}

[Step 173] Action=[-0.01639576 -0.08370616  0.10123512  0.15327644  0.01236404 -0.03729632
 -0.21715862] | Reward=-0.055 | Cum=-2.856 | Info={'shot_attempted': False, 'pass_attempted': False, 'goal_scored': False, 'goal_team': None, 'ball_out_by': None, 'has_ball': False, 'start_shot_bonus': False, 'start_pass_bonus': False, 'possession_lost': False}

[Step 174] Action=[-0.01640136 -0.08373001  0.10120098  0.15329471  0.01235908 -0.03731538
 -0.2172134 ] | Reward=-0.055 | Cum=-2.911 | Info={'shot_attempted': False, 'pass_attempted': False, 'goal_scored': False, 'goal_team': None, 'ball_out_by': None, 'has_ball': False, 'start_shot_bonus': False, 'start_pass_bonus': False, 'possession_lost': False}

[Step 175] Action=[-0.01640698 -0.08375386  0.10116685  0.15331297  0.01235409 -0.03733445
 -0.21726818] | Reward=-0.055 | Cum=-2.966 | Info={'shot_attempted': False, 'pass_attempted': False, 'goal_scored': False, 'goal_team': None, 'ball_out_by': None, 'has_ball': False, 'start_shot_bonus': False, 'start_pass_bonus': False, 'possession_lost': False}

[Step 176] Action=[-0.01641257 -0.08377774  0.10113272  0.15333124  0.01234912 -0.0373535
 -0.21732299] | Reward=-0.055 | Cum=-3.021 | Info={'shot_attempted': False, 'pass_attempted': False, 'goal_scored': False, 'goal_team': None, 'ball_out_by': 'att_1', 'has_ball': False, 'start_shot_bonus': False, 'start_pass_bonus': False, 'possession_lost': False}

