Debug log for gk_1 (Episode 2)
================================================================================
[Step 1] Action=[-0.1960482  -0.01641681  0.          0.05099344  0.09126846  0.1406279
  0.0115906 ] | Reward=+0.035 | Cum=+0.035 | Info={'dive_score': None, 'blocked': False, 'deflected': False, 'wasted_dive': False, 'shot_attempted': False, 'invalid_shot_attempt': False, 'invalid_shot_direction': False, 'fov_visible': True, 'shot_quality': None, 'shot_direction': None, 'shot_power': None, 'goal_scored': False, 'goal_team': None, 'ball_out_by': None, 'has_ball': False, 'start_shot_bonus': False, 'deflection_power': 0.0}

[Step 2] Action=[-0.19600527 -0.01636029  0.          0.0510856   0.09132132  0.140693
  0.01169304] | Reward=+0.035 | Cum=+0.070 | Info={'dive_score': None, 'blocked': False, 'deflected': False, 'wasted_dive': False, 'shot_attempted': False, 'invalid_shot_attempt': False, 'invalid_shot_direction': False, 'fov_visible': True, 'shot_quality': None, 'shot_direction': None, 'shot_power': None, 'goal_scored': False, 'goal_team': None, 'ball_out_by': None, 'has_ball': False, 'start_shot_bonus': False, 'deflection_power': 0.0}

[Step 3] Action=[-0.1959742  -0.01635141  0.          0.05109939  0.09131328  0.14069061
  0.01169052] | Reward=+0.035 | Cum=+0.105 | Info={'dive_score': None, 'blocked': False, 'deflected': False, 'wasted_dive': False, 'shot_attempted': False, 'invalid_shot_attempt': False, 'invalid_shot_direction': False, 'fov_visible': True, 'shot_quality': None, 'shot_direction': None, 'shot_power': None, 'goal_scored': False, 'goal_team': None, 'ball_out_by': None, 'has_ball': False, 'start_shot_bonus': False, 'deflection_power': 0.0}

[Step 4] Action=[-0.19594912 -0.01634646  0.          0.05111438  0.09131083  0.14069858
  0.01169067] | Reward=+0.035 | Cum=+0.140 | Info={'dive_score': None, 'blocked': False, 'deflected': False, 'wasted_dive': False, 'shot_attempted': False, 'invalid_shot_attempt': False, 'invalid_shot_direction': False, 'fov_visible': True, 'shot_quality': None, 'shot_direction': None, 'shot_power': None, 'goal_scored': False, 'goal_team': None, 'ball_out_by': None, 'has_ball': False, 'start_shot_bonus': False, 'deflection_power': 0.0}

[Step 5] Action=[-0.19592403 -0.01634152  0.          0.05112937  0.0913084   0.14070651
  0.0116908 ] | Reward=+0.035 | Cum=+0.175 | Info={'dive_score': None, 'blocked': False, 'deflected': False, 'wasted_dive': False, 'shot_attempted': False, 'invalid_shot_attempt': False, 'invalid_shot_direction': False, 'fov_visible': True, 'shot_quality': None, 'shot_direction': None, 'shot_power': None, 'goal_scored': False, 'goal_team': None, 'ball_out_by': None, 'has_ball': False, 'start_shot_bonus': False, 'deflection_power': 0.0}

[Step 6] Action=[-0.19589895 -0.01633656  0.          0.05114434  0.09130595  0.14071445
  0.01169094] | Reward=+0.035 | Cum=+0.210 | Info={'dive_score': None, 'blocked': False, 'deflected': False, 'wasted_dive': False, 'shot_attempted': False, 'invalid_shot_attempt': False, 'invalid_shot_direction': False, 'fov_visible': True, 'shot_quality': None, 'shot_direction': None, 'shot_power': None, 'goal_scored': False, 'goal_team': None, 'ball_out_by': None, 'has_ball': False, 'start_shot_bonus': False, 'deflection_power': 0.0}

[Step 7] Action=[-0.19587387 -0.01633161  0.          0.05115933  0.0913035   0.14072238
  0.01169109] | Reward=+0.035 | Cum=+0.245 | Info={'dive_score': None, 'blocked': False, 'deflected': False, 'wasted_dive': False, 'shot_attempted': False, 'invalid_shot_attempt': False, 'invalid_shot_direction': False, 'fov_visible': True, 'shot_quality': None, 'shot_direction': None, 'shot_power': None, 'goal_scored': False, 'goal_team': None, 'ball_out_by': None, 'has_ball': False, 'start_shot_bonus': False, 'deflection_power': 0.0}

[Step 8] Action=[-0.19584876 -0.01632668  0.          0.05117433  0.09130106  0.14073034
  0.01169122] | Reward=+0.035 | Cum=+0.280 | Info={'dive_score': None, 'blocked': False, 'deflected': False, 'wasted_dive': False, 'shot_attempted': False, 'invalid_shot_attempt': False, 'invalid_shot_direction': False, 'fov_visible': True, 'shot_quality': None, 'shot_direction': None, 'shot_power': None, 'goal_scored': False, 'goal_team': None, 'ball_out_by': None, 'has_ball': False, 'start_shot_bonus': False, 'deflection_power': 0.0}

[Step 9] Action=[-0.19582368 -0.01632172  0.          0.05118932  0.0912986   0.14073826
  0.01169135] | Reward=+0.035 | Cum=+0.315 | Info={'dive_score': None, 'blocked': False, 'deflected': False, 'wasted_dive': False, 'shot_attempted': False, 'invalid_shot_attempt': False, 'invalid_shot_direction': False, 'fov_visible': True, 'shot_quality': None, 'shot_direction': None, 'shot_power': None, 'goal_scored': False, 'goal_team': None, 'ball_out_by': None, 'has_ball': False, 'start_shot_bonus': False, 'deflection_power': 0.0}

[Step 10] Action=[-0.1957986  -0.01631677  0.          0.0512043   0.09129617  0.1407462
  0.01169149] | Reward=+0.035 | Cum=+0.350 | Info={'dive_score': None, 'blocked': False, 'deflected': False, 'wasted_dive': False, 'shot_attempted': False, 'invalid_shot_attempt': False, 'invalid_shot_direction': False, 'fov_visible': True, 'shot_quality': None, 'shot_direction': None, 'shot_power': None, 'goal_scored': False, 'goal_team': None, 'ball_out_by': None, 'has_ball': False, 'start_shot_bonus': False, 'deflection_power': 0.0}

[Step 11] Action=[-0.19577353 -0.01631183  0.          0.0512193   0.0912937   0.14075413
  0.01169164] | Reward=+0.035 | Cum=+0.385 | Info={'dive_score': None, 'blocked': False, 'deflected': False, 'wasted_dive': False, 'shot_attempted': False, 'invalid_shot_attempt': False, 'invalid_shot_direction': False, 'fov_visible': True, 'shot_quality': None, 'shot_direction': None, 'shot_power': None, 'goal_scored': False, 'goal_team': None, 'ball_out_by': None, 'has_ball': False, 'start_shot_bonus': False, 'deflection_power': 0.0}

[Step 12] Action=[-0.19574843 -0.01630688  0.          0.05123427  0.09129126  0.14076209
  0.01169178] | Reward=+0.035 | Cum=+0.420 | Info={'dive_score': None, 'blocked': False, 'deflected': False, 'wasted_dive': False, 'shot_attempted': False, 'invalid_shot_attempt': False, 'invalid_shot_direction': False, 'fov_visible': True, 'shot_quality': None, 'shot_direction': None, 'shot_power': None, 'goal_scored': False, 'goal_team': None, 'ball_out_by': None, 'has_ball': False, 'start_shot_bonus': False, 'deflection_power': 0.0}

[Step 13] Action=[-0.19572413 -0.01630297  0.          0.05124838  0.0912905   0.14077029
  0.01169107] | Reward=+0.035 | Cum=+0.455 | Info={'dive_score': None, 'blocked': False, 'deflected': False, 'wasted_dive': False, 'shot_attempted': False, 'invalid_shot_attempt': False, 'invalid_shot_direction': False, 'fov_visible': True, 'shot_quality': None, 'shot_direction': None, 'shot_power': None, 'goal_scored': False, 'goal_team': None, 'ball_out_by': None, 'has_ball': False, 'start_shot_bonus': False, 'deflection_power': 0.0}

[Step 14] Action=[-0.19570181 -0.0163016   0.          0.05126033  0.09129391  0.14077926
  0.0116883 ] | Reward=+0.035 | Cum=+0.490 | Info={'dive_score': None, 'blocked': False, 'deflected': False, 'wasted_dive': False, 'shot_attempted': False, 'invalid_shot_attempt': False, 'invalid_shot_direction': False, 'fov_visible': True, 'shot_quality': None, 'shot_direction': None, 'shot_power': None, 'goal_scored': False, 'goal_team': None, 'ball_out_by': None, 'has_ball': False, 'start_shot_bonus': False, 'deflection_power': 0.0}

[Step 15] Action=[-0.1956809  -0.01629941  0.          0.05127055  0.09129827  0.14079027
  0.01168535] | Reward=+0.035 | Cum=+0.525 | Info={'dive_score': None, 'blocked': False, 'deflected': False, 'wasted_dive': False, 'shot_attempted': False, 'invalid_shot_attempt': False, 'invalid_shot_direction': False, 'fov_visible': True, 'shot_quality': None, 'shot_direction': None, 'shot_power': None, 'goal_scored': False, 'goal_team': None, 'ball_out_by': None, 'has_ball': False, 'start_shot_bonus': False, 'deflection_power': 0.0}

[Step 16] Action=[-0.19567597 -0.01628291  0.          0.05127367  0.09131055  0.14080311
  0.01167887] | Reward=+0.035 | Cum=+0.560 | Info={'dive_score': None, 'blocked': False, 'deflected': False, 'wasted_dive': False, 'shot_attempted': False, 'invalid_shot_attempt': False, 'invalid_shot_direction': False, 'fov_visible': True, 'shot_quality': None, 'shot_direction': None, 'shot_power': None, 'goal_scored': False, 'goal_team': None, 'ball_out_by': None, 'has_ball': False, 'start_shot_bonus': False, 'deflection_power': 0.0}

[Step 17] Action=[-0.19567554 -0.01626218  0.          0.05127528  0.09132494  0.14081557
  0.01167133] | Reward=+0.035 | Cum=+0.595 | Info={'dive_score': None, 'blocked': False, 'deflected': False, 'wasted_dive': False, 'shot_attempted': False, 'invalid_shot_attempt': False, 'invalid_shot_direction': False, 'fov_visible': True, 'shot_quality': None, 'shot_direction': None, 'shot_power': None, 'goal_scored': False, 'goal_team': None, 'ball_out_by': None, 'has_ball': False, 'start_shot_bonus': False, 'deflection_power': 0.0}

[Step 18] Action=[-0.19567509 -0.01624146  0.          0.05127685  0.09133933  0.14082803
  0.01166381] | Reward=+0.035 | Cum=+0.630 | Info={'dive_score': None, 'blocked': False, 'deflected': False, 'wasted_dive': False, 'shot_attempted': False, 'invalid_shot_attempt': False, 'invalid_shot_direction': False, 'fov_visible': True, 'shot_quality': None, 'shot_direction': None, 'shot_power': None, 'goal_scored': False, 'goal_team': None, 'ball_out_by': None, 'has_ball': False, 'start_shot_bonus': False, 'deflection_power': 0.0}

[Step 19] Action=[-0.19567466 -0.01622076  0.          0.05127846  0.09135372  0.14084049
  0.01165627] | Reward=+0.035 | Cum=+0.665 | Info={'dive_score': None, 'blocked': False, 'deflected': False, 'wasted_dive': False, 'shot_attempted': False, 'invalid_shot_attempt': False, 'invalid_shot_direction': False, 'fov_visible': True, 'shot_quality': None, 'shot_direction': None, 'shot_power': None, 'goal_scored': False, 'goal_team': None, 'ball_out_by': None, 'has_ball': False, 'start_shot_bonus': False, 'deflection_power': 0.0}

[Step 20] Action=[-0.19567423 -0.01620003  0.          0.05128007  0.09136812  0.14085296
  0.01164875] | Reward=+0.035 | Cum=+0.700 | Info={'dive_score': None, 'blocked': False, 'deflected': False, 'wasted_dive': False, 'shot_attempted': False, 'invalid_shot_attempt': False, 'invalid_shot_direction': False, 'fov_visible': True, 'shot_quality': None, 'shot_direction': None, 'shot_power': None, 'goal_scored': False, 'goal_team': None, 'ball_out_by': None, 'has_ball': False, 'start_shot_bonus': False, 'deflection_power': 0.0}

[Step 21] Action=[-0.19567376 -0.01618108  0.          0.0512768   0.09138678  0.14086111
  0.01163826] | Reward=+0.035 | Cum=+0.735 | Info={'dive_score': None, 'blocked': False, 'deflected': False, 'wasted_dive': False, 'shot_attempted': False, 'invalid_shot_attempt': False, 'invalid_shot_direction': False, 'fov_visible': True, 'shot_quality': None, 'shot_direction': None, 'shot_power': None, 'goal_scored': False, 'goal_team': None, 'ball_out_by': None, 'has_ball': False, 'start_shot_bonus': False, 'deflection_power': 0.0}

[Step 22] Action=[-0.19567327 -0.01616281  0.          0.05127169  0.09140705  0.14086759
  0.01162663] | Reward=+0.035 | Cum=+0.770 | Info={'dive_score': None, 'blocked': False, 'deflected': False, 'wasted_dive': False, 'shot_attempted': False, 'invalid_shot_attempt': False, 'invalid_shot_direction': False, 'fov_visible': True, 'shot_quality': None, 'shot_direction': None, 'shot_power': None, 'goal_scored': False, 'goal_team': None, 'ball_out_by': None, 'has_ball': False, 'start_shot_bonus': False, 'deflection_power': 0.0}

[Step 23] Action=[-0.19567282 -0.01614453  0.          0.0512666   0.09142733  0.14087409
  0.01161501] | Reward=+0.035 | Cum=+0.805 | Info={'dive_score': None, 'blocked': False, 'deflected': False, 'wasted_dive': False, 'shot_attempted': False, 'invalid_shot_attempt': False, 'invalid_shot_direction': False, 'fov_visible': True, 'shot_quality': None, 'shot_direction': None, 'shot_power': None, 'goal_scored': False, 'goal_team': None, 'ball_out_by': None, 'has_ball': False, 'start_shot_bonus': False, 'deflection_power': 0.0}

[Step 24] Action=[-0.19567233 -0.01612625  0.          0.05126149  0.09144761  0.1408806
  0.01160337] | Reward=+0.035 | Cum=+0.840 | Info={'dive_score': None, 'blocked': False, 'deflected': False, 'wasted_dive': False, 'shot_attempted': False, 'invalid_shot_attempt': False, 'invalid_shot_direction': False, 'fov_visible': True, 'shot_quality': None, 'shot_direction': None, 'shot_power': None, 'goal_scored': False, 'goal_team': None, 'ball_out_by': None, 'has_ball': False, 'start_shot_bonus': False, 'deflection_power': 0.0}

[Step 25] Action=[-0.19567187 -0.01610797  0.          0.05125639  0.09146789  0.14088708
  0.01159175] | Reward=+0.035 | Cum=+0.875 | Info={'dive_score': None, 'blocked': False, 'deflected': False, 'wasted_dive': False, 'shot_attempted': False, 'invalid_shot_attempt': False, 'invalid_shot_direction': False, 'fov_visible': True, 'shot_quality': None, 'shot_direction': None, 'shot_power': None, 'goal_scored': False, 'goal_team': None, 'ball_out_by': None, 'has_ball': False, 'start_shot_bonus': False, 'deflection_power': 0.0}

[Step 26] Action=[-0.19567141 -0.01608968  0.          0.05125127  0.09148818  0.1408936
  0.01158011] | Reward=+0.035 | Cum=+0.910 | Info={'dive_score': None, 'blocked': False, 'deflected': False, 'wasted_dive': False, 'shot_attempted': False, 'invalid_shot_attempt': False, 'invalid_shot_direction': False, 'fov_visible': True, 'shot_quality': None, 'shot_direction': None, 'shot_power': None, 'goal_scored': False, 'goal_team': None, 'ball_out_by': None, 'has_ball': False, 'start_shot_bonus': False, 'deflection_power': 0.0}

[Step 27] Action=[-0.19567093 -0.0160714   0.          0.05124617  0.09150846  0.14090009
  0.01156849] | Reward=+0.031 | Cum=+0.941 | Info={'dive_score': None, 'blocked': False, 'deflected': False, 'wasted_dive': False, 'shot_attempted': False, 'invalid_shot_attempt': False, 'invalid_shot_direction': False, 'fov_visible': True, 'shot_quality': None, 'shot_direction': None, 'shot_power': None, 'goal_scored': False, 'goal_team': None, 'ball_out_by': None, 'has_ball': False, 'start_shot_bonus': False, 'deflection_power': 0.0}

[Step 28] Action=[-0.19567047 -0.01605311  0.          0.05124106  0.09152874  0.1409066
  0.01155687] | Reward=+0.031 | Cum=+0.973 | Info={'dive_score': None, 'blocked': False, 'deflected': False, 'wasted_dive': False, 'shot_attempted': False, 'invalid_shot_attempt': False, 'invalid_shot_direction': False, 'fov_visible': True, 'shot_quality': None, 'shot_direction': None, 'shot_power': None, 'goal_scored': False, 'goal_team': None, 'ball_out_by': None, 'has_ball': False, 'start_shot_bonus': False, 'deflection_power': 0.0}

[Step 29] Action=[-0.19567001 -0.01603483  0.          0.05123597  0.09154904  0.1409131
  0.01154525] | Reward=+0.031 | Cum=+1.004 | Info={'dive_score': None, 'blocked': False, 'deflected': False, 'wasted_dive': False, 'shot_attempted': False, 'invalid_shot_attempt': False, 'invalid_shot_direction': False, 'fov_visible': True, 'shot_quality': None, 'shot_direction': None, 'shot_power': None, 'goal_scored': False, 'goal_team': None, 'ball_out_by': None, 'has_ball': False, 'start_shot_bonus': False, 'deflection_power': 0.0}

[Step 30] Action=[-0.19566955 -0.01601654  0.          0.05123084  0.09156933  0.14091963
  0.01153363] | Reward=+0.031 | Cum=+1.035 | Info={'dive_score': None, 'blocked': False, 'deflected': False, 'wasted_dive': False, 'shot_attempted': False, 'invalid_shot_attempt': False, 'invalid_shot_direction': False, 'fov_visible': True, 'shot_quality': None, 'shot_direction': None, 'shot_power': None, 'goal_scored': False, 'goal_team': None, 'ball_out_by': None, 'has_ball': False, 'start_shot_bonus': False, 'deflection_power': 0.0}

[Step 31] Action=[-0.19566908 -0.01599826  0.          0.05122574  0.09158961  0.14092612
  0.01152201] | Reward=+0.031 | Cum=+1.066 | Info={'dive_score': None, 'blocked': False, 'deflected': False, 'wasted_dive': False, 'shot_attempted': False, 'invalid_shot_attempt': False, 'invalid_shot_direction': False, 'fov_visible': True, 'shot_quality': None, 'shot_direction': None, 'shot_power': None, 'goal_scored': False, 'goal_team': None, 'ball_out_by': None, 'has_ball': False, 'start_shot_bonus': False, 'deflection_power': 0.0}

[Step 32] Action=[-0.19566864 -0.01597996  0.          0.05122062  0.0916099   0.14093263
  0.01151039] | Reward=+0.024 | Cum=+1.090 | Info={'dive_score': None, 'blocked': False, 'deflected': False, 'wasted_dive': False, 'shot_attempted': False, 'invalid_shot_attempt': False, 'invalid_shot_direction': False, 'fov_visible': True, 'shot_quality': None, 'shot_direction': None, 'shot_power': None, 'goal_scored': False, 'goal_team': None, 'ball_out_by': None, 'has_ball': False, 'start_shot_bonus': False, 'deflection_power': 0.0}

[Step 33] Action=[-0.19566818 -0.01596167  0.          0.05121549  0.09163018  0.14093913
  0.01149876] | Reward=+0.024 | Cum=+1.114 | Info={'dive_score': None, 'blocked': False, 'deflected': False, 'wasted_dive': False, 'shot_attempted': False, 'invalid_shot_attempt': False, 'invalid_shot_direction': False, 'fov_visible': True, 'shot_quality': None, 'shot_direction': None, 'shot_power': None, 'goal_scored': False, 'goal_team': None, 'ball_out_by': None, 'has_ball': False, 'start_shot_bonus': False, 'deflection_power': 0.0}

[Step 34] Action=[-0.1956677  -0.01594339  0.          0.05121038  0.09165046  0.14094564
  0.01148714] | Reward=+0.024 | Cum=+1.137 | Info={'dive_score': None, 'blocked': False, 'deflected': False, 'wasted_dive': False, 'shot_attempted': False, 'invalid_shot_attempt': False, 'invalid_shot_direction': False, 'fov_visible': True, 'shot_quality': None, 'shot_direction': None, 'shot_power': None, 'goal_scored': False, 'goal_team': None, 'ball_out_by': None, 'has_ball': False, 'start_shot_bonus': False, 'deflection_power': 0.0}

[Step 35] Action=[-0.19566727 -0.0159251   0.          0.05120528  0.09167077  0.14095215
  0.01147552] | Reward=+0.024 | Cum=+1.161 | Info={'dive_score': None, 'blocked': False, 'deflected': False, 'wasted_dive': False, 'shot_attempted': False, 'invalid_shot_attempt': False, 'invalid_shot_direction': False, 'fov_visible': True, 'shot_quality': None, 'shot_direction': None, 'shot_power': None, 'goal_scored': False, 'goal_team': None, 'ball_out_by': None, 'has_ball': False, 'start_shot_bonus': False, 'deflection_power': 0.0}

[Step 36] Action=[-0.1956668  -0.01590681  0.          0.05120015  0.09169107  0.14095867
  0.0114639 ] | Reward=+0.016 | Cum=+1.177 | Info={'dive_score': None, 'blocked': False, 'deflected': False, 'wasted_dive': False, 'shot_attempted': False, 'invalid_shot_attempt': False, 'invalid_shot_direction': False, 'fov_visible': True, 'shot_quality': None, 'shot_direction': None, 'shot_power': None, 'goal_scored': False, 'goal_team': None, 'ball_out_by': None, 'has_ball': False, 'start_shot_bonus': False, 'deflection_power': 0.0}

[Step 37] Action=[-0.19566634 -0.0158885   0.          0.05119504  0.09171134  0.1409652
  0.01145229] | Reward=+0.016 | Cum=+1.194 | Info={'dive_score': None, 'blocked': False, 'deflected': False, 'wasted_dive': False, 'shot_attempted': False, 'invalid_shot_attempt': False, 'invalid_shot_direction': False, 'fov_visible': True, 'shot_quality': None, 'shot_direction': None, 'shot_power': None, 'goal_scored': False, 'goal_team': None, 'ball_out_by': None, 'has_ball': False, 'start_shot_bonus': False, 'deflection_power': 0.0}

[Step 38] Action=[-0.19566591 -0.01587022  0.          0.05118993  0.09173165  0.1409717
  0.01144067] | Reward=+0.016 | Cum=+1.210 | Info={'dive_score': None, 'blocked': False, 'deflected': False, 'wasted_dive': False, 'shot_attempted': False, 'invalid_shot_attempt': False, 'invalid_shot_direction': False, 'fov_visible': True, 'shot_quality': None, 'shot_direction': None, 'shot_power': None, 'goal_scored': False, 'goal_team': None, 'ball_out_by': None, 'has_ball': False, 'start_shot_bonus': False, 'deflection_power': 0.0}

[Step 39] Action=[-0.19566545 -0.01585193  0.          0.05118481  0.09175193  0.14097823
  0.01142906] | Reward=+0.016 | Cum=+1.226 | Info={'dive_score': None, 'blocked': False, 'deflected': False, 'wasted_dive': False, 'shot_attempted': False, 'invalid_shot_attempt': False, 'invalid_shot_direction': False, 'fov_visible': True, 'shot_quality': None, 'shot_direction': None, 'shot_power': None, 'goal_scored': False, 'goal_team': None, 'ball_out_by': None, 'has_ball': False, 'start_shot_bonus': False, 'deflection_power': 0.0}

[Step 40] Action=[-0.19566502 -0.01583363  0.          0.05117969  0.09177224  0.14098476
  0.01141744] | Reward=+0.016 | Cum=+1.243 | Info={'dive_score': None, 'blocked': False, 'deflected': False, 'wasted_dive': False, 'shot_attempted': False, 'invalid_shot_attempt': False, 'invalid_shot_direction': False, 'fov_visible': True, 'shot_quality': None, 'shot_direction': None, 'shot_power': None, 'goal_scored': False, 'goal_team': None, 'ball_out_by': None, 'has_ball': False, 'start_shot_bonus': False, 'deflection_power': 0.0}

[Step 41] Action=[-0.19566458 -0.01581534  0.          0.05117458  0.09179253  0.14099129
  0.01140584] | Reward=+0.009 | Cum=+1.251 | Info={'dive_score': None, 'blocked': False, 'deflected': False, 'wasted_dive': False, 'shot_attempted': False, 'invalid_shot_attempt': False, 'invalid_shot_direction': False, 'fov_visible': True, 'shot_quality': None, 'shot_direction': None, 'shot_power': None, 'goal_scored': False, 'goal_team': None, 'ball_out_by': None, 'has_ball': False, 'start_shot_bonus': False, 'deflection_power': 0.0}

[Step 42] Action=[-0.19566414 -0.01579705  0.          0.05116945  0.09181283  0.1409978
  0.01139421] | Reward=+0.009 | Cum=+1.260 | Info={'dive_score': None, 'blocked': False, 'deflected': False, 'wasted_dive': False, 'shot_attempted': False, 'invalid_shot_attempt': False, 'invalid_shot_direction': False, 'fov_visible': True, 'shot_quality': None, 'shot_direction': None, 'shot_power': None, 'goal_scored': False, 'goal_team': None, 'ball_out_by': None, 'has_ball': False, 'start_shot_bonus': False, 'deflection_power': 0.0}

[Step 43] Action=[-0.1956637  -0.01577875  0.          0.05116434  0.09183314  0.14100434
  0.01138261] | Reward=+0.009 | Cum=+1.269 | Info={'dive_score': None, 'blocked': False, 'deflected': False, 'wasted_dive': False, 'shot_attempted': False, 'invalid_shot_attempt': False, 'invalid_shot_direction': False, 'fov_visible': True, 'shot_quality': None, 'shot_direction': None, 'shot_power': None, 'goal_scored': False, 'goal_team': None, 'ball_out_by': None, 'has_ball': False, 'start_shot_bonus': False, 'deflection_power': 0.0}

[Step 44] Action=[-0.19566327 -0.01576046  0.          0.05115923  0.09185344  0.1410109
  0.011371  ] | Reward=+0.009 | Cum=+1.278 | Info={'dive_score': None, 'blocked': False, 'deflected': False, 'wasted_dive': False, 'shot_attempted': False, 'invalid_shot_attempt': False, 'invalid_shot_direction': False, 'fov_visible': True, 'shot_quality': None, 'shot_direction': None, 'shot_power': None, 'goal_scored': False, 'goal_team': None, 'ball_out_by': None, 'has_ball': False, 'start_shot_bonus': False, 'deflection_power': 0.0}

[Step 45] Action=[-0.19566284 -0.01574216  0.          0.05115413  0.09187375  0.14101744
  0.01135943] | Reward=+0.001 | Cum=+1.279 | Info={'dive_score': None, 'blocked': False, 'deflected': False, 'wasted_dive': False, 'shot_attempted': False, 'invalid_shot_attempt': False, 'invalid_shot_direction': False, 'fov_visible': True, 'shot_quality': None, 'shot_direction': None, 'shot_power': None, 'goal_scored': False, 'goal_team': None, 'ball_out_by': None, 'has_ball': False, 'start_shot_bonus': False, 'deflection_power': 0.0}

[Step 46] Action=[-0.19566204 -0.01572176  0.          0.05114871  0.09189271  0.14102507
  0.01134895] | Reward=+0.001 | Cum=+1.280 | Info={'dive_score': None, 'blocked': False, 'deflected': False, 'wasted_dive': False, 'shot_attempted': False, 'invalid_shot_attempt': False, 'invalid_shot_direction': False, 'fov_visible': True, 'shot_quality': None, 'shot_direction': None, 'shot_power': None, 'goal_scored': False, 'goal_team': None, 'ball_out_by': None, 'has_ball': False, 'start_shot_bonus': False, 'deflection_power': 0.0}

[Step 47] Action=[-0.19566078 -0.01569897  0.          0.05114293  0.09191013  0.14103395
  0.01133985] | Reward=+0.001 | Cum=+1.281 | Info={'dive_score': None, 'blocked': False, 'deflected': False, 'wasted_dive': False, 'shot_attempted': False, 'invalid_shot_attempt': False, 'invalid_shot_direction': False, 'fov_visible': True, 'shot_quality': None, 'shot_direction': None, 'shot_power': None, 'goal_scored': False, 'goal_team': None, 'ball_out_by': None, 'has_ball': False, 'start_shot_bonus': False, 'deflection_power': 0.0}

[Step 48] Action=[-0.19565952 -0.01567613  0.          0.05113713  0.09192755  0.1410428
  0.01133075] | Reward=+0.001 | Cum=+1.283 | Info={'dive_score': None, 'blocked': False, 'deflected': False, 'wasted_dive': False, 'shot_attempted': False, 'invalid_shot_attempt': False, 'invalid_shot_direction': False, 'fov_visible': True, 'shot_quality': None, 'shot_direction': None, 'shot_power': None, 'goal_scored': False, 'goal_team': None, 'ball_out_by': None, 'has_ball': False, 'start_shot_bonus': False, 'deflection_power': 0.0}

[Step 49] Action=[-0.19565827 -0.01565332  0.          0.05113135  0.09194496  0.1410517
  0.01132163] | Reward=-0.006 | Cum=+1.276 | Info={'dive_score': None, 'blocked': False, 'deflected': False, 'wasted_dive': False, 'shot_attempted': False, 'invalid_shot_attempt': False, 'invalid_shot_direction': False, 'fov_visible': True, 'shot_quality': None, 'shot_direction': None, 'shot_power': None, 'goal_scored': False, 'goal_team': None, 'ball_out_by': None, 'has_ball': False, 'start_shot_bonus': False, 'deflection_power': 0.0}

[Step 50] Action=[-0.19565703 -0.0156305   0.          0.05112556  0.09196236  0.14106056
  0.01131253] | Reward=-0.006 | Cum=+1.270 | Info={'dive_score': None, 'blocked': False, 'deflected': False, 'wasted_dive': False, 'shot_attempted': False, 'invalid_shot_attempt': False, 'invalid_shot_direction': False, 'fov_visible': True, 'shot_quality': None, 'shot_direction': None, 'shot_power': None, 'goal_scored': False, 'goal_team': None, 'ball_out_by': None, 'has_ball': False, 'start_shot_bonus': False, 'deflection_power': 0.0}

[Step 51] Action=[-0.19565576 -0.01560769  0.          0.05111978  0.09197979  0.14106946
  0.01130344] | Reward=-0.006 | Cum=+1.264 | Info={'dive_score': None, 'blocked': False, 'deflected': False, 'wasted_dive': False, 'shot_attempted': False, 'invalid_shot_attempt': False, 'invalid_shot_direction': False, 'fov_visible': True, 'shot_quality': None, 'shot_direction': None, 'shot_power': None, 'goal_scored': False, 'goal_team': None, 'ball_out_by': None, 'has_ball': False, 'start_shot_bonus': False, 'deflection_power': 0.0}

[Step 52] Action=[-0.19565451 -0.01558487  0.          0.05111399  0.0919972   0.14107834
  0.01129432] | Reward=-0.006 | Cum=+1.258 | Info={'dive_score': None, 'blocked': False, 'deflected': False, 'wasted_dive': False, 'shot_attempted': False, 'invalid_shot_attempt': False, 'invalid_shot_direction': False, 'fov_visible': True, 'shot_quality': None, 'shot_direction': None, 'shot_power': None, 'goal_scored': False, 'goal_team': None, 'ball_out_by': None, 'has_ball': False, 'start_shot_bonus': False, 'deflection_power': 0.0}

[Step 53] Action=[-0.19565329 -0.01556204  0.          0.0511082   0.09201463  0.14108722
  0.01128522] | Reward=-0.006 | Cum=+1.251 | Info={'dive_score': None, 'blocked': False, 'deflected': False, 'wasted_dive': False, 'shot_attempted': False, 'invalid_shot_attempt': False, 'invalid_shot_direction': False, 'fov_visible': True, 'shot_quality': None, 'shot_direction': None, 'shot_power': None, 'goal_scored': False, 'goal_team': None, 'ball_out_by': None, 'has_ball': False, 'start_shot_bonus': False, 'deflection_power': 0.0}

[Step 54] Action=[-0.19565332 -0.0155391   0.          0.05110126  0.09203224  0.14109595
  0.01127567] | Reward=-0.014 | Cum=+1.238 | Info={'dive_score': None, 'blocked': False, 'deflected': False, 'wasted_dive': False, 'shot_attempted': False, 'invalid_shot_attempt': False, 'invalid_shot_direction': False, 'fov_visible': True, 'shot_quality': None, 'shot_direction': None, 'shot_power': None, 'goal_scored': False, 'goal_team': None, 'ball_out_by': None, 'has_ball': False, 'start_shot_bonus': False, 'deflection_power': 0.0}

[Step 55] Action=[-0.19565563 -0.01551597  0.          0.05109223  0.09205017  0.14110433
  0.01126532] | Reward=-0.014 | Cum=+1.224 | Info={'dive_score': None, 'blocked': False, 'deflected': False, 'wasted_dive': False, 'shot_attempted': False, 'invalid_shot_attempt': False, 'invalid_shot_direction': False, 'fov_visible': True, 'shot_quality': None, 'shot_direction': None, 'shot_power': None, 'goal_scored': False, 'goal_team': None, 'ball_out_by': None, 'has_ball': False, 'start_shot_bonus': False, 'deflection_power': 0.0}

[Step 56] Action=[-0.19565791 -0.01549284  0.          0.05108322  0.09206809  0.14111273
  0.011255  ] | Reward=-0.014 | Cum=+1.210 | Info={'dive_score': None, 'blocked': False, 'deflected': False, 'wasted_dive': False, 'shot_attempted': False, 'invalid_shot_attempt': False, 'invalid_shot_direction': False, 'fov_visible': True, 'shot_quality': None, 'shot_direction': None, 'shot_power': None, 'goal_scored': False, 'goal_team': None, 'ball_out_by': None, 'has_ball': False, 'start_shot_bonus': False, 'deflection_power': 0.0}

[Step 57] Action=[-0.19566022 -0.01546969  0.          0.05107418  0.09208604  0.1411211
  0.01124466] | Reward=-0.014 | Cum=+1.196 | Info={'dive_score': None, 'blocked': False, 'deflected': False, 'wasted_dive': False, 'shot_attempted': False, 'invalid_shot_attempt': False, 'invalid_shot_direction': False, 'fov_visible': True, 'shot_quality': None, 'shot_direction': None, 'shot_power': None, 'goal_scored': False, 'goal_team': None, 'ball_out_by': None, 'has_ball': False, 'start_shot_bonus': False, 'deflection_power': 0.0}

[Step 58] Action=[-0.1956625  -0.01544654  0.          0.05106514  0.09210398  0.14112952
  0.01123432] | Reward=-0.021 | Cum=+1.175 | Info={'dive_score': None, 'blocked': False, 'deflected': False, 'wasted_dive': False, 'shot_attempted': False, 'invalid_shot_attempt': False, 'invalid_shot_direction': False, 'fov_visible': True, 'shot_quality': None, 'shot_direction': None, 'shot_power': None, 'goal_scored': False, 'goal_team': None, 'ball_out_by': None, 'has_ball': False, 'start_shot_bonus': False, 'deflection_power': 0.0}

[Step 59] Action=[-0.19566482 -0.01542341  0.          0.05105612  0.09212191  0.14113791
  0.01122398] | Reward=-0.021 | Cum=+1.154 | Info={'dive_score': None, 'blocked': False, 'deflected': False, 'wasted_dive': False, 'shot_attempted': False, 'invalid_shot_attempt': False, 'invalid_shot_direction': False, 'fov_visible': True, 'shot_quality': None, 'shot_direction': None, 'shot_power': None, 'goal_scored': False, 'goal_team': None, 'ball_out_by': None, 'has_ball': False, 'start_shot_bonus': False, 'deflection_power': 0.0}

[Step 60] Action=[-0.18036978 -0.01158875  0.          0.02820028  0.08368871  0.13265593
  0.01044298] | Reward=-0.021 | Cum=+1.133 | Info={'dive_score': None, 'blocked': False, 'deflected': False, 'wasted_dive': False, 'shot_attempted': False, 'invalid_shot_attempt': False, 'invalid_shot_direction': False, 'fov_visible': True, 'shot_quality': None, 'shot_direction': None, 'shot_power': None, 'goal_scored': False, 'goal_team': None, 'ball_out_by': None, 'has_ball': False, 'start_shot_bonus': False, 'deflection_power': 0.0}

[Step 61] Action=[-0.18067732 -0.01409225  0.          0.02816845  0.08016798  0.12942253
  0.00524203] | Reward=-0.021 | Cum=+1.111 | Info={'dive_score': None, 'blocked': False, 'deflected': False, 'wasted_dive': False, 'shot_attempted': False, 'invalid_shot_attempt': False, 'invalid_shot_direction': False, 'fov_visible': True, 'shot_quality': None, 'shot_direction': None, 'shot_power': None, 'goal_scored': False, 'goal_team': None, 'ball_out_by': None, 'has_ball': False, 'start_shot_bonus': False, 'deflection_power': 0.0}

[Step 62] Action=[-0.18064752 -0.01411802  0.          0.02817494  0.08019227  0.12941475
  0.00522497] | Reward=-0.021 | Cum=+1.090 | Info={'dive_score': None, 'blocked': False, 'deflected': False, 'wasted_dive': False, 'shot_attempted': False, 'invalid_shot_attempt': False, 'invalid_shot_direction': False, 'fov_visible': True, 'shot_quality': None, 'shot_direction': None, 'shot_power': None, 'goal_scored': False, 'goal_team': None, 'ball_out_by': None, 'has_ball': False, 'start_shot_bonus': False, 'deflection_power': 0.0}

[Step 63] Action=[-0.18061967 -0.01414246  0.          0.02818337  0.08021756  0.12941018
  0.00520911] | Reward=-0.029 | Cum=+1.061 | Info={'dive_score': None, 'blocked': False, 'deflected': False, 'wasted_dive': False, 'shot_attempted': False, 'invalid_shot_attempt': False, 'invalid_shot_direction': False, 'fov_visible': True, 'shot_quality': None, 'shot_direction': None, 'shot_power': None, 'goal_scored': False, 'goal_team': None, 'ball_out_by': None, 'has_ball': False, 'start_shot_bonus': False, 'deflection_power': 0.0}

[Step 64] Action=[-0.18059179 -0.0141669   0.          0.02819181  0.08024282  0.12940562
  0.00519325] | Reward=-0.029 | Cum=+1.033 | Info={'dive_score': None, 'blocked': False, 'deflected': False, 'wasted_dive': False, 'shot_attempted': False, 'invalid_shot_attempt': False, 'invalid_shot_direction': False, 'fov_visible': True, 'shot_quality': None, 'shot_direction': None, 'shot_power': None, 'goal_scored': False, 'goal_team': None, 'ball_out_by': None, 'has_ball': False, 'start_shot_bonus': False, 'deflection_power': 0.0}

[Step 65] Action=[-0.18056405 -0.01419136  0.          0.0282003   0.080268    0.1294011
  0.00517746] | Reward=-0.029 | Cum=+1.004 | Info={'dive_score': None, 'blocked': False, 'deflected': False, 'wasted_dive': False, 'shot_attempted': False, 'invalid_shot_attempt': False, 'invalid_shot_direction': False, 'fov_visible': True, 'shot_quality': None, 'shot_direction': None, 'shot_power': None, 'goal_scored': False, 'goal_team': None, 'ball_out_by': None, 'has_ball': False, 'start_shot_bonus': False, 'deflection_power': 0.0}

[Step 66] Action=[-0.18053687 -0.01421606  0.          0.02820921  0.08029235  0.12939706
  0.00516221] | Reward=-0.029 | Cum=+0.975 | Info={'dive_score': None, 'blocked': False, 'deflected': False, 'wasted_dive': False, 'shot_attempted': False, 'invalid_shot_attempt': False, 'invalid_shot_direction': False, 'fov_visible': True, 'shot_quality': None, 'shot_direction': None, 'shot_power': None, 'goal_scored': False, 'goal_team': None, 'ball_out_by': None, 'has_ball': False, 'start_shot_bonus': False, 'deflection_power': 0.0}

[Step 67] Action=[-0.18050967 -0.01424077  0.          0.02821814  0.08031672  0.12939301
  0.00514698] | Reward=-0.036 | Cum=+0.939 | Info={'dive_score': None, 'blocked': False, 'deflected': False, 'wasted_dive': False, 'shot_attempted': False, 'invalid_shot_attempt': False, 'invalid_shot_direction': False, 'fov_visible': True, 'shot_quality': None, 'shot_direction': None, 'shot_power': None, 'goal_scored': False, 'goal_team': None, 'ball_out_by': None, 'has_ball': False, 'start_shot_bonus': False, 'deflection_power': 0.0}

[Step 68] Action=[-0.18048254 -0.01426547  0.          0.02822706  0.08034109  0.12938897
  0.00513175] | Reward=-0.036 | Cum=+0.903 | Info={'dive_score': None, 'blocked': False, 'deflected': False, 'wasted_dive': False, 'shot_attempted': False, 'invalid_shot_attempt': False, 'invalid_shot_direction': False, 'fov_visible': True, 'shot_quality': None, 'shot_direction': None, 'shot_power': None, 'goal_scored': False, 'goal_team': None, 'ball_out_by': None, 'has_ball': False, 'start_shot_bonus': False, 'deflection_power': 0.0}

[Step 69] Action=[-0.18045536 -0.01429016  0.          0.02823599  0.08036546  0.12938493
  0.0051165 ] | Reward=-0.036 | Cum=+0.866 | Info={'dive_score': None, 'blocked': False, 'deflected': False, 'wasted_dive': False, 'shot_attempted': False, 'invalid_shot_attempt': False, 'invalid_shot_direction': False, 'fov_visible': True, 'shot_quality': None, 'shot_direction': None, 'shot_power': None, 'goal_scored': False, 'goal_team': None, 'ball_out_by': None, 'has_ball': False, 'start_shot_bonus': False, 'deflection_power': 0.0}

[Step 70] Action=[-0.18042819 -0.01431485  0.          0.02824493  0.08038982  0.12938091
  0.00510126] | Reward=-0.036 | Cum=+0.830 | Info={'dive_score': None, 'blocked': False, 'deflected': False, 'wasted_dive': False, 'shot_attempted': False, 'invalid_shot_attempt': False, 'invalid_shot_direction': False, 'fov_visible': True, 'shot_quality': None, 'shot_direction': None, 'shot_power': None, 'goal_scored': False, 'goal_team': None, 'ball_out_by': None, 'has_ball': False, 'start_shot_bonus': False, 'deflection_power': 0.0}

[Step 71] Action=[-0.18040104 -0.01433959  0.          0.02825393  0.08041421  0.12937692
  0.00508601] | Reward=-0.036 | Cum=+0.794 | Info={'dive_score': None, 'blocked': False, 'deflected': False, 'wasted_dive': False, 'shot_attempted': False, 'invalid_shot_attempt': False, 'invalid_shot_direction': False, 'fov_visible': True, 'shot_quality': None, 'shot_direction': None, 'shot_power': None, 'goal_scored': False, 'goal_team': None, 'ball_out_by': None, 'has_ball': False, 'start_shot_bonus': False, 'deflection_power': 0.0}

[Step 72] Action=[-0.18037273 -0.01436704  0.          0.02826514  0.08044011  0.12937315
  0.00506981] | Reward=-0.044 | Cum=+0.750 | Info={'dive_score': None, 'blocked': False, 'deflected': False, 'wasted_dive': False, 'shot_attempted': False, 'invalid_shot_attempt': False, 'invalid_shot_direction': False, 'fov_visible': True, 'shot_quality': None, 'shot_direction': None, 'shot_power': None, 'goal_scored': False, 'goal_team': None, 'ball_out_by': None, 'has_ball': False, 'start_shot_bonus': False, 'deflection_power': 0.0}

[Step 73] Action=[-0.18034443 -0.01439449  0.          0.02827639  0.08046602  0.12936942
  0.00505358] | Reward=-0.044 | Cum=+0.706 | Info={'dive_score': None, 'blocked': False, 'deflected': False, 'wasted_dive': False, 'shot_attempted': False, 'invalid_shot_attempt': False, 'invalid_shot_direction': False, 'fov_visible': True, 'shot_quality': None, 'shot_direction': None, 'shot_power': None, 'goal_scored': False, 'goal_team': None, 'ball_out_by': None, 'has_ball': False, 'start_shot_bonus': False, 'deflection_power': 0.0}

[Step 74] Action=[-0.18031615 -0.01442195  0.          0.02828763  0.0804919   0.1293657
  0.00503738] | Reward=-0.044 | Cum=+0.663 | Info={'dive_score': None, 'blocked': False, 'deflected': False, 'wasted_dive': False, 'shot_attempted': False, 'invalid_shot_attempt': False, 'invalid_shot_direction': False, 'fov_visible': True, 'shot_quality': None, 'shot_direction': None, 'shot_power': None, 'goal_scored': False, 'goal_team': None, 'ball_out_by': None, 'has_ball': False, 'start_shot_bonus': False, 'deflection_power': 0.0}

[Step 75] Action=[-0.18028787 -0.0144494   0.          0.02829887  0.08051781  0.12936197
  0.00502116] | Reward=-0.044 | Cum=+0.619 | Info={'dive_score': None, 'blocked': False, 'deflected': False, 'wasted_dive': False, 'shot_attempted': False, 'invalid_shot_attempt': False, 'invalid_shot_direction': False, 'fov_visible': True, 'shot_quality': None, 'shot_direction': None, 'shot_power': None, 'goal_scored': False, 'goal_team': None, 'ball_out_by': None, 'has_ball': False, 'start_shot_bonus': False, 'deflection_power': 0.0}

[Step 76] Action=[-0.18025959 -0.01447684  0.          0.02831014  0.0805437   0.12935825
  0.00500493] | Reward=-0.045 | Cum=+0.574 | Info={'dive_score': None, 'blocked': False, 'deflected': False, 'wasted_dive': False, 'shot_attempted': False, 'invalid_shot_attempt': False, 'invalid_shot_direction': False, 'fov_visible': True, 'shot_quality': None, 'shot_direction': None, 'shot_power': None, 'goal_scored': False, 'goal_team': None, 'ball_out_by': None, 'has_ball': False, 'start_shot_bonus': False, 'deflection_power': 0.0}

[Step 77] Action=[-0.1802313  -0.01450428  0.          0.02832139  0.08056961  0.12935452
  0.00498873] | Reward=-0.045 | Cum=+0.529 | Info={'dive_score': None, 'blocked': False, 'deflected': False, 'wasted_dive': False, 'shot_attempted': False, 'invalid_shot_attempt': False, 'invalid_shot_direction': False, 'fov_visible': True, 'shot_quality': None, 'shot_direction': None, 'shot_power': None, 'goal_scored': False, 'goal_team': None, 'ball_out_by': None, 'has_ball': False, 'start_shot_bonus': False, 'deflection_power': 0.0}

[Step 78] Action=[-0.180203   -0.01453171  0.          0.02833267  0.08059549  0.12935083
  0.00497251] | Reward=-0.045 | Cum=+0.484 | Info={'dive_score': None, 'blocked': False, 'deflected': False, 'wasted_dive': False, 'shot_attempted': False, 'invalid_shot_attempt': False, 'invalid_shot_direction': False, 'fov_visible': True, 'shot_quality': None, 'shot_direction': None, 'shot_power': None, 'goal_scored': False, 'goal_team': None, 'ball_out_by': None, 'has_ball': False, 'start_shot_bonus': False, 'deflection_power': 0.0}

[Step 79] Action=[-0.18017764 -0.01455645  0.          0.02834299  0.08062275  0.12934689
  0.00495564] | Reward=-0.045 | Cum=+0.439 | Info={'dive_score': None, 'blocked': False, 'deflected': False, 'wasted_dive': False, 'shot_attempted': False, 'invalid_shot_attempt': False, 'invalid_shot_direction': False, 'fov_visible': True, 'shot_quality': None, 'shot_direction': None, 'shot_power': None, 'goal_scored': False, 'goal_team': None, 'ball_out_by': None, 'has_ball': False, 'start_shot_bonus': False, 'deflection_power': 0.0}

[Step 80] Action=[-0.18016498 -0.01457293  0.          0.02834758  0.080658    0.1293431
  0.00493882] | Reward=-0.045 | Cum=+0.394 | Info={'dive_score': None, 'blocked': False, 'deflected': False, 'wasted_dive': False, 'shot_attempted': False, 'invalid_shot_attempt': False, 'invalid_shot_direction': False, 'fov_visible': True, 'shot_quality': None, 'shot_direction': None, 'shot_power': None, 'goal_scored': False, 'goal_team': None, 'ball_out_by': None, 'has_ball': False, 'start_shot_bonus': False, 'deflection_power': 0.0}

[Step 81] Action=[-0.18015304 -0.01458988  0.          0.02835143  0.08069427  0.12933965
  0.0049228 ] | Reward=-0.045 | Cum=+0.349 | Info={'dive_score': None, 'blocked': False, 'deflected': False, 'wasted_dive': False, 'shot_attempted': False, 'invalid_shot_attempt': False, 'invalid_shot_direction': False, 'fov_visible': True, 'shot_quality': None, 'shot_direction': None, 'shot_power': None, 'goal_scored': False, 'goal_team': None, 'ball_out_by': None, 'has_ball': False, 'start_shot_bonus': False, 'deflection_power': 0.0}

[Step 82] Action=[-0.1801412  -0.01460685  0.          0.02835529  0.08073056  0.1293362
  0.00490679] | Reward=-0.045 | Cum=+0.304 | Info={'dive_score': None, 'blocked': False, 'deflected': False, 'wasted_dive': False, 'shot_attempted': False, 'invalid_shot_attempt': False, 'invalid_shot_direction': False, 'fov_visible': True, 'shot_quality': None, 'shot_direction': None, 'shot_power': None, 'goal_scored': False, 'goal_team': None, 'ball_out_by': None, 'has_ball': False, 'start_shot_bonus': False, 'deflection_power': 0.0}

[Step 83] Action=[-0.18012927 -0.01462376  0.          0.02835915  0.08076682  0.12933274
  0.00489078] | Reward=-0.045 | Cum=+0.259 | Info={'dive_score': None, 'blocked': False, 'deflected': False, 'wasted_dive': False, 'shot_attempted': False, 'invalid_shot_attempt': False, 'invalid_shot_direction': False, 'fov_visible': True, 'shot_quality': None, 'shot_direction': None, 'shot_power': None, 'goal_scored': False, 'goal_team': None, 'ball_out_by': None, 'has_ball': False, 'start_shot_bonus': False, 'deflection_power': 0.0}

[Step 84] Action=[-0.1801174  -0.01463969  0.          0.02836307  0.08080269  0.12932944
  0.0048747 ] | Reward=-0.045 | Cum=+0.214 | Info={'dive_score': None, 'blocked': False, 'deflected': False, 'wasted_dive': False, 'shot_attempted': False, 'invalid_shot_attempt': False, 'invalid_shot_direction': False, 'fov_visible': True, 'shot_quality': None, 'shot_direction': None, 'shot_power': None, 'goal_scored': False, 'goal_team': None, 'ball_out_by': None, 'has_ball': False, 'start_shot_bonus': False, 'deflection_power': 0.0}

[Step 85] Action=[-0.18010549 -0.01465508  0.          0.02836702  0.08083834  0.1293262
  0.00485858] | Reward=-0.045 | Cum=+0.169 | Info={'dive_score': None, 'blocked': False, 'deflected': False, 'wasted_dive': False, 'shot_attempted': False, 'invalid_shot_attempt': False, 'invalid_shot_direction': False, 'fov_visible': True, 'shot_quality': None, 'shot_direction': None, 'shot_power': None, 'goal_scored': False, 'goal_team': None, 'ball_out_by': None, 'has_ball': False, 'start_shot_bonus': False, 'deflection_power': 0.0}

[Step 86] Action=[-0.18009359 -0.01467048  0.          0.028371    0.080874    0.12932296
  0.00484244] | Reward=-0.045 | Cum=+0.124 | Info={'dive_score': None, 'blocked': False, 'deflected': False, 'wasted_dive': False, 'shot_attempted': False, 'invalid_shot_attempt': False, 'invalid_shot_direction': False, 'fov_visible': True, 'shot_quality': None, 'shot_direction': None, 'shot_power': None, 'goal_scored': False, 'goal_team': None, 'ball_out_by': None, 'has_ball': False, 'start_shot_bonus': False, 'deflection_power': 0.0}

[Step 87] Action=[-0.1800817  -0.01468586  0.          0.02837496  0.08090965  0.12931974
  0.00482633] | Reward=-0.045 | Cum=+0.079 | Info={'dive_score': None, 'blocked': False, 'deflected': False, 'wasted_dive': False, 'shot_attempted': False, 'invalid_shot_attempt': False, 'invalid_shot_direction': False, 'fov_visible': True, 'shot_quality': None, 'shot_direction': None, 'shot_power': None, 'goal_scored': False, 'goal_team': None, 'ball_out_by': None, 'has_ball': False, 'start_shot_bonus': False, 'deflection_power': 0.0}

[Step 88] Action=[-0.1800698  -0.01470123  0.          0.02837894  0.08094531  0.12931654
  0.00481021] | Reward=-0.045 | Cum=+0.034 | Info={'dive_score': None, 'blocked': False, 'deflected': False, 'wasted_dive': False, 'shot_attempted': False, 'invalid_shot_attempt': False, 'invalid_shot_direction': False, 'fov_visible': True, 'shot_quality': None, 'shot_direction': None, 'shot_power': None, 'goal_scored': False, 'goal_team': None, 'ball_out_by': None, 'has_ball': False, 'start_shot_bonus': False, 'deflection_power': 0.0}

[Step 89] Action=[-0.18005791 -0.01471662  0.          0.02838293  0.08098099  0.12931333
  0.00479409] | Reward=-0.045 | Cum=-0.011 | Info={'dive_score': None, 'blocked': False, 'deflected': False, 'wasted_dive': False, 'shot_attempted': False, 'invalid_shot_attempt': False, 'invalid_shot_direction': False, 'fov_visible': True, 'shot_quality': None, 'shot_direction': None, 'shot_power': None, 'goal_scored': False, 'goal_team': None, 'ball_out_by': None, 'has_ball': False, 'start_shot_bonus': False, 'deflection_power': 0.0}

[Step 90] Action=[-0.18004605 -0.014732    0.          0.0283869   0.08101664  0.12931013
  0.00477796] | Reward=-0.045 | Cum=-0.056 | Info={'dive_score': None, 'blocked': False, 'deflected': False, 'wasted_dive': False, 'shot_attempted': False, 'invalid_shot_attempt': False, 'invalid_shot_direction': False, 'fov_visible': True, 'shot_quality': None, 'shot_direction': None, 'shot_power': None, 'goal_scored': False, 'goal_team': None, 'ball_out_by': None, 'has_ball': False, 'start_shot_bonus': False, 'deflection_power': 0.0}

[Step 91] Action=[-0.18003415 -0.01474736  0.          0.02839091  0.08105231  0.12930694
  0.00476186] | Reward=-0.045 | Cum=-0.101 | Info={'dive_score': None, 'blocked': False, 'deflected': False, 'wasted_dive': False, 'shot_attempted': False, 'invalid_shot_attempt': False, 'invalid_shot_direction': False, 'fov_visible': True, 'shot_quality': None, 'shot_direction': None, 'shot_power': None, 'goal_scored': False, 'goal_team': None, 'ball_out_by': None, 'has_ball': False, 'start_shot_bonus': False, 'deflection_power': 0.0}

[Step 92] Action=[-0.18002228 -0.01476272  0.          0.02839491  0.08108798  0.12930377
  0.00474575] | Reward=-0.045 | Cum=-0.146 | Info={'dive_score': None, 'blocked': False, 'deflected': False, 'wasted_dive': False, 'shot_attempted': False, 'invalid_shot_attempt': False, 'invalid_shot_direction': False, 'fov_visible': True, 'shot_quality': None, 'shot_direction': None, 'shot_power': None, 'goal_scored': False, 'goal_team': None, 'ball_out_by': None, 'has_ball': False, 'start_shot_bonus': False, 'deflection_power': 0.0}

[Step 93] Action=[-0.18001042 -0.01477809  0.          0.02839893  0.08112364  0.1293006
  0.00472964] | Reward=-0.045 | Cum=-0.191 | Info={'dive_score': None, 'blocked': False, 'deflected': False, 'wasted_dive': False, 'shot_attempted': False, 'invalid_shot_attempt': False, 'invalid_shot_direction': False, 'fov_visible': True, 'shot_quality': None, 'shot_direction': None, 'shot_power': None, 'goal_scored': False, 'goal_team': None, 'ball_out_by': None, 'has_ball': False, 'start_shot_bonus': False, 'deflection_power': 0.0}

[Step 94] Action=[-0.17999858 -0.01479343  0.          0.02840294  0.0811593   0.12929744
  0.00471352] | Reward=-0.045 | Cum=-0.236 | Info={'dive_score': None, 'blocked': False, 'deflected': False, 'wasted_dive': False, 'shot_attempted': False, 'invalid_shot_attempt': False, 'invalid_shot_direction': False, 'fov_visible': True, 'shot_quality': None, 'shot_direction': None, 'shot_power': None, 'goal_scored': False, 'goal_team': None, 'ball_out_by': None, 'has_ball': False, 'start_shot_bonus': False, 'deflection_power': 0.0}

[Step 95] Action=[-0.17998672 -0.01480878  0.          0.02840698  0.08119497  0.12929426
  0.00469742] | Reward=-0.045 | Cum=-0.281 | Info={'dive_score': None, 'blocked': False, 'deflected': False, 'wasted_dive': False, 'shot_attempted': False, 'invalid_shot_attempt': False, 'invalid_shot_direction': False, 'fov_visible': True, 'shot_quality': None, 'shot_direction': None, 'shot_power': None, 'goal_scored': False, 'goal_team': None, 'ball_out_by': None, 'has_ball': False, 'start_shot_bonus': False, 'deflection_power': 0.0}

[Step 96] Action=[-0.17997487 -0.01482412  0.          0.028411    0.08123065  0.12929113
  0.00468133] | Reward=-0.045 | Cum=-0.326 | Info={'dive_score': None, 'blocked': False, 'deflected': False, 'wasted_dive': False, 'shot_attempted': False, 'invalid_shot_attempt': False, 'invalid_shot_direction': False, 'fov_visible': True, 'shot_quality': None, 'shot_direction': None, 'shot_power': None, 'goal_scored': False, 'goal_team': None, 'ball_out_by': None, 'has_ball': False, 'start_shot_bonus': False, 'deflection_power': 0.0}

[Step 97] Action=[-0.17996301 -0.01483947  0.          0.02841504  0.08126631  0.12928797
  0.00466521] | Reward=-0.045 | Cum=-0.371 | Info={'dive_score': None, 'blocked': False, 'deflected': False, 'wasted_dive': False, 'shot_attempted': False, 'invalid_shot_attempt': False, 'invalid_shot_direction': False, 'fov_visible': True, 'shot_quality': None, 'shot_direction': None, 'shot_power': None, 'goal_scored': False, 'goal_team': None, 'ball_out_by': None, 'has_ball': False, 'start_shot_bonus': False, 'deflection_power': 0.0}

[Step 98] Action=[-0.17995118 -0.01485479  0.          0.02841908  0.08130199  0.12928489
  0.00464913] | Reward=-0.045 | Cum=-0.416 | Info={'dive_score': None, 'blocked': False, 'deflected': False, 'wasted_dive': False, 'shot_attempted': False, 'invalid_shot_attempt': False, 'invalid_shot_direction': False, 'fov_visible': True, 'shot_quality': None, 'shot_direction': None, 'shot_power': None, 'goal_scored': False, 'goal_team': None, 'ball_out_by': None, 'has_ball': False, 'start_shot_bonus': False, 'deflection_power': 0.0}

[Step 99] Action=[-0.17993933 -0.01487012  0.          0.02842314  0.08133766  0.12928174
  0.00463302] | Reward=-0.045 | Cum=-0.461 | Info={'dive_score': None, 'blocked': False, 'deflected': False, 'wasted_dive': False, 'shot_attempted': False, 'invalid_shot_attempt': False, 'invalid_shot_direction': False, 'fov_visible': True, 'shot_quality': None, 'shot_direction': None, 'shot_power': None, 'goal_scored': False, 'goal_team': None, 'ball_out_by': None, 'has_ball': False, 'start_shot_bonus': False, 'deflection_power': 0.0}

[Step 100] Action=[-0.17992751 -0.01488545  0.          0.02842719  0.08137335  0.12927864
  0.00461693] | Reward=-0.045 | Cum=-0.506 | Info={'dive_score': None, 'blocked': False, 'deflected': False, 'wasted_dive': False, 'shot_attempted': False, 'invalid_shot_attempt': False, 'invalid_shot_direction': False, 'fov_visible': True, 'shot_quality': None, 'shot_direction': None, 'shot_power': None, 'goal_scored': False, 'goal_team': None, 'ball_out_by': None, 'has_ball': False, 'start_shot_bonus': False, 'deflection_power': 0.0}

[Step 101] Action=[-0.17991568 -0.01490079  0.          0.02843127  0.08140901  0.12927555
  0.00460086] | Reward=-0.045 | Cum=-0.551 | Info={'dive_score': None, 'blocked': False, 'deflected': False, 'wasted_dive': False, 'shot_attempted': False, 'invalid_shot_attempt': False, 'invalid_shot_direction': False, 'fov_visible': True, 'shot_quality': None, 'shot_direction': None, 'shot_power': None, 'goal_scored': False, 'goal_team': None, 'ball_out_by': None, 'has_ball': False, 'start_shot_bonus': False, 'deflection_power': 0.0}

[Step 102] Action=[-0.17990386 -0.01491609  0.          0.02843536  0.0814447   0.12927246
  0.00458476] | Reward=-0.045 | Cum=-0.596 | Info={'dive_score': None, 'blocked': False, 'deflected': False, 'wasted_dive': False, 'shot_attempted': False, 'invalid_shot_attempt': False, 'invalid_shot_direction': False, 'fov_visible': True, 'shot_quality': None, 'shot_direction': None, 'shot_power': None, 'goal_scored': False, 'goal_team': None, 'ball_out_by': None, 'has_ball': False, 'start_shot_bonus': False, 'deflection_power': 0.0}

[Step 103] Action=[-0.17989206 -0.0149314   0.          0.02843944  0.08148038  0.12926938
  0.00456868] | Reward=-0.045 | Cum=-0.641 | Info={'dive_score': None, 'blocked': False, 'deflected': False, 'wasted_dive': False, 'shot_attempted': False, 'invalid_shot_attempt': False, 'invalid_shot_direction': False, 'fov_visible': True, 'shot_quality': None, 'shot_direction': None, 'shot_power': None, 'goal_scored': False, 'goal_team': None, 'ball_out_by': None, 'has_ball': False, 'start_shot_bonus': False, 'deflection_power': 0.0}

[Step 104] Action=[-0.17988025 -0.01494671  0.          0.02844353  0.08151606  0.12926629
  0.00455259] | Reward=-0.045 | Cum=-0.686 | Info={'dive_score': None, 'blocked': False, 'deflected': False, 'wasted_dive': False, 'shot_attempted': False, 'invalid_shot_attempt': False, 'invalid_shot_direction': False, 'fov_visible': True, 'shot_quality': None, 'shot_direction': None, 'shot_power': None, 'goal_scored': False, 'goal_team': None, 'ball_out_by': None, 'has_ball': False, 'start_shot_bonus': False, 'deflection_power': 0.0}

[Step 105] Action=[-0.17986844 -0.014962    0.          0.02844762  0.08155175  0.12926324
  0.00453652] | Reward=-0.045 | Cum=-0.731 | Info={'dive_score': None, 'blocked': False, 'deflected': False, 'wasted_dive': False, 'shot_attempted': False, 'invalid_shot_attempt': False, 'invalid_shot_direction': False, 'fov_visible': True, 'shot_quality': None, 'shot_direction': None, 'shot_power': None, 'goal_scored': False, 'goal_team': None, 'ball_out_by': None, 'has_ball': False, 'start_shot_bonus': False, 'deflection_power': 0.0}

[Step 106] Action=[-0.17985666 -0.0149773   0.          0.02845172  0.08158743  0.12926018
  0.00452043] | Reward=-0.045 | Cum=-0.776 | Info={'dive_score': None, 'blocked': False, 'deflected': False, 'wasted_dive': False, 'shot_attempted': False, 'invalid_shot_attempt': False, 'invalid_shot_direction': False, 'fov_visible': True, 'shot_quality': None, 'shot_direction': None, 'shot_power': None, 'goal_scored': False, 'goal_team': None, 'ball_out_by': None, 'has_ball': False, 'start_shot_bonus': False, 'deflection_power': 0.0}

[Step 107] Action=[-0.17984484 -0.0149926   0.          0.02845584  0.08162311  0.12925711
  0.00450435] | Reward=-0.045 | Cum=-0.821 | Info={'dive_score': None, 'blocked': False, 'deflected': False, 'wasted_dive': False, 'shot_attempted': False, 'invalid_shot_attempt': False, 'invalid_shot_direction': False, 'fov_visible': True, 'shot_quality': None, 'shot_direction': None, 'shot_power': None, 'goal_scored': False, 'goal_team': None, 'ball_out_by': None, 'has_ball': False, 'start_shot_bonus': False, 'deflection_power': 0.0}

[Step 108] Action=[-0.17983307 -0.0150079   0.          0.02845993  0.08165879  0.12925406
  0.00448827] | Reward=-0.045 | Cum=-0.866 | Info={'dive_score': None, 'blocked': False, 'deflected': False, 'wasted_dive': False, 'shot_attempted': False, 'invalid_shot_attempt': False, 'invalid_shot_direction': False, 'fov_visible': True, 'shot_quality': None, 'shot_direction': None, 'shot_power': None, 'goal_scored': False, 'goal_team': None, 'ball_out_by': None, 'has_ball': False, 'start_shot_bonus': False, 'deflection_power': 0.0}

[Step 109] Action=[-0.17982124 -0.0150232   0.          0.02846405  0.08169449  0.129251
  0.0044722 ] | Reward=-0.045 | Cum=-0.911 | Info={'dive_score': None, 'blocked': False, 'deflected': False, 'wasted_dive': False, 'shot_attempted': False, 'invalid_shot_attempt': False, 'invalid_shot_direction': False, 'fov_visible': True, 'shot_quality': None, 'shot_direction': None, 'shot_power': None, 'goal_scored': False, 'goal_team': None, 'ball_out_by': None, 'has_ball': False, 'start_shot_bonus': False, 'deflection_power': 0.0}

[Step 110] Action=[-0.17980948 -0.01503847  0.          0.02846817  0.08173016  0.12924796
  0.00445612] | Reward=-0.045 | Cum=-0.956 | Info={'dive_score': None, 'blocked': False, 'deflected': False, 'wasted_dive': False, 'shot_attempted': False, 'invalid_shot_attempt': False, 'invalid_shot_direction': False, 'fov_visible': True, 'shot_quality': None, 'shot_direction': None, 'shot_power': None, 'goal_scored': False, 'goal_team': None, 'ball_out_by': None, 'has_ball': False, 'start_shot_bonus': False, 'deflection_power': 0.0}

[Step 111] Action=[-0.17979768 -0.01505377  0.          0.0284723   0.08176585  0.12924492
  0.00444004] | Reward=-0.045 | Cum=-1.001 | Info={'dive_score': None, 'blocked': False, 'deflected': False, 'wasted_dive': False, 'shot_attempted': False, 'invalid_shot_attempt': False, 'invalid_shot_direction': False, 'fov_visible': True, 'shot_quality': None, 'shot_direction': None, 'shot_power': None, 'goal_scored': False, 'goal_team': None, 'ball_out_by': None, 'has_ball': False, 'start_shot_bonus': False, 'deflection_power': 0.0}

[Step 112] Action=[-0.17978592 -0.01506903  0.          0.02847644  0.08180153  0.1292419
  0.00442397] | Reward=-0.045 | Cum=-1.046 | Info={'dive_score': None, 'blocked': False, 'deflected': False, 'wasted_dive': False, 'shot_attempted': False, 'invalid_shot_attempt': False, 'invalid_shot_direction': False, 'fov_visible': True, 'shot_quality': None, 'shot_direction': None, 'shot_power': None, 'goal_scored': False, 'goal_team': None, 'ball_out_by': None, 'has_ball': False, 'start_shot_bonus': False, 'deflection_power': 0.0}

[Step 113] Action=[-0.17977412 -0.01508433  0.          0.02848058  0.08183722  0.12923887
  0.0044079 ] | Reward=-0.045 | Cum=-1.091 | Info={'dive_score': None, 'blocked': False, 'deflected': False, 'wasted_dive': False, 'shot_attempted': False, 'invalid_shot_attempt': False, 'invalid_shot_direction': False, 'fov_visible': True, 'shot_quality': None, 'shot_direction': None, 'shot_power': None, 'goal_scored': False, 'goal_team': None, 'ball_out_by': None, 'has_ball': False, 'start_shot_bonus': False, 'deflection_power': 0.0}

[Step 114] Action=[-0.17976235 -0.0150996   0.          0.02848473  0.08187291  0.12923588
  0.00439184] | Reward=-0.045 | Cum=-1.136 | Info={'dive_score': None, 'blocked': False, 'deflected': False, 'wasted_dive': False, 'shot_attempted': False, 'invalid_shot_attempt': False, 'invalid_shot_direction': False, 'fov_visible': True, 'shot_quality': None, 'shot_direction': None, 'shot_power': None, 'goal_scored': False, 'goal_team': None, 'ball_out_by': None, 'has_ball': False, 'start_shot_bonus': False, 'deflection_power': 0.0}

[Step 115] Action=[-0.17975059 -0.01511486  0.          0.02848888  0.0819086   0.12923287
  0.00437577] | Reward=-0.045 | Cum=-1.181 | Info={'dive_score': None, 'blocked': False, 'deflected': False, 'wasted_dive': False, 'shot_attempted': False, 'invalid_shot_attempt': False, 'invalid_shot_direction': False, 'fov_visible': True, 'shot_quality': None, 'shot_direction': None, 'shot_power': None, 'goal_scored': False, 'goal_team': None, 'ball_out_by': None, 'has_ball': False, 'start_shot_bonus': False, 'deflection_power': 0.0}

[Step 116] Action=[-0.17973882 -0.01513012  0.          0.02849303  0.08194429  0.12922987
  0.0043597 ] | Reward=-0.045 | Cum=-1.226 | Info={'dive_score': None, 'blocked': False, 'deflected': False, 'wasted_dive': False, 'shot_attempted': False, 'invalid_shot_attempt': False, 'invalid_shot_direction': False, 'fov_visible': True, 'shot_quality': None, 'shot_direction': None, 'shot_power': None, 'goal_scored': False, 'goal_team': None, 'ball_out_by': None, 'has_ball': False, 'start_shot_bonus': False, 'deflection_power': 0.0}

[Step 117] Action=[-0.17972705 -0.01514539  0.          0.02849719  0.08197998  0.12922688
  0.00434364] | Reward=-0.045 | Cum=-1.271 | Info={'dive_score': None, 'blocked': False, 'deflected': False, 'wasted_dive': False, 'shot_attempted': False, 'invalid_shot_attempt': False, 'invalid_shot_direction': False, 'fov_visible': True, 'shot_quality': None, 'shot_direction': None, 'shot_power': None, 'goal_scored': False, 'goal_team': None, 'ball_out_by': None, 'has_ball': False, 'start_shot_bonus': False, 'deflection_power': 0.0}

[Step 118] Action=[-0.17971529 -0.01516064  0.          0.02850137  0.08201566  0.12922388
  0.00432758] | Reward=-0.045 | Cum=-1.316 | Info={'dive_score': None, 'blocked': False, 'deflected': False, 'wasted_dive': False, 'shot_attempted': False, 'invalid_shot_attempt': False, 'invalid_shot_direction': False, 'fov_visible': True, 'shot_quality': None, 'shot_direction': None, 'shot_power': None, 'goal_scored': False, 'goal_team': None, 'ball_out_by': None, 'has_ball': False, 'start_shot_bonus': False, 'deflection_power': 0.0}

[Step 119] Action=[-0.17970356 -0.0151759   0.          0.02850555  0.08205137  0.12922092
  0.00431152] | Reward=-0.045 | Cum=-1.361 | Info={'dive_score': None, 'blocked': False, 'deflected': False, 'wasted_dive': False, 'shot_attempted': False, 'invalid_shot_attempt': False, 'invalid_shot_direction': False, 'fov_visible': True, 'shot_quality': None, 'shot_direction': None, 'shot_power': None, 'goal_scored': False, 'goal_team': None, 'ball_out_by': None, 'has_ball': False, 'start_shot_bonus': False, 'deflection_power': 0.0}

[Step 120] Action=[-0.17969178 -0.01519115  0.          0.02850973  0.08208705  0.12921794
  0.00429546] | Reward=-0.045 | Cum=-1.406 | Info={'dive_score': None, 'blocked': False, 'deflected': False, 'wasted_dive': False, 'shot_attempted': False, 'invalid_shot_attempt': False, 'invalid_shot_direction': False, 'fov_visible': True, 'shot_quality': None, 'shot_direction': None, 'shot_power': None, 'goal_scored': False, 'goal_team': None, 'ball_out_by': None, 'has_ball': False, 'start_shot_bonus': False, 'deflection_power': 0.0}

[Step 121] Action=[-0.17968005 -0.01520638  0.          0.02851389  0.08212274  0.12921497
  0.00427939] | Reward=-0.045 | Cum=-1.451 | Info={'dive_score': None, 'blocked': False, 'deflected': False, 'wasted_dive': False, 'shot_attempted': False, 'invalid_shot_attempt': False, 'invalid_shot_direction': False, 'fov_visible': True, 'shot_quality': None, 'shot_direction': None, 'shot_power': None, 'goal_scored': False, 'goal_team': None, 'ball_out_by': None, 'has_ball': False, 'start_shot_bonus': False, 'deflection_power': 0.0}

[Step 122] Action=[-0.1796683  -0.01522163  0.          0.02851811  0.08215843  0.12921204
  0.00426335] | Reward=-0.045 | Cum=-1.496 | Info={'dive_score': None, 'blocked': False, 'deflected': False, 'wasted_dive': False, 'shot_attempted': False, 'invalid_shot_attempt': False, 'invalid_shot_direction': False, 'fov_visible': True, 'shot_quality': None, 'shot_direction': None, 'shot_power': None, 'goal_scored': False, 'goal_team': None, 'ball_out_by': None, 'has_ball': False, 'start_shot_bonus': False, 'deflection_power': 0.0}

[Step 123] Action=[-0.17965657 -0.01523688  0.          0.0285223   0.08219414  0.12920907
  0.0042473 ] | Reward=-0.045 | Cum=-1.541 | Info={'dive_score': None, 'blocked': False, 'deflected': False, 'wasted_dive': False, 'shot_attempted': False, 'invalid_shot_attempt': False, 'invalid_shot_direction': False, 'fov_visible': True, 'shot_quality': None, 'shot_direction': None, 'shot_power': None, 'goal_scored': False, 'goal_team': None, 'ball_out_by': None, 'has_ball': False, 'start_shot_bonus': False, 'deflection_power': 0.0}

[Step 124] Action=[-0.17964497 -0.01525214  0.          0.02852644  0.08222976  0.12920581
  0.00423083] | Reward=-0.045 | Cum=-1.586 | Info={'dive_score': None, 'blocked': False, 'deflected': False, 'wasted_dive': False, 'shot_attempted': False, 'invalid_shot_attempt': False, 'invalid_shot_direction': False, 'fov_visible': True, 'shot_quality': None, 'shot_direction': None, 'shot_power': None, 'goal_scored': False, 'goal_team': None, 'ball_out_by': None, 'has_ball': False, 'start_shot_bonus': False, 'deflection_power': 0.0}

[Step 125] Action=[-0.17963336 -0.01526742  0.          0.02853056  0.08226535  0.12920249
  0.00421428] | Reward=-0.045 | Cum=-1.631 | Info={'dive_score': None, 'blocked': False, 'deflected': False, 'wasted_dive': False, 'shot_attempted': False, 'invalid_shot_attempt': False, 'invalid_shot_direction': False, 'fov_visible': True, 'shot_quality': None, 'shot_direction': None, 'shot_power': None, 'goal_scored': False, 'goal_team': None, 'ball_out_by': None, 'has_ball': False, 'start_shot_bonus': False, 'deflection_power': 0.0}

[Step 126] Action=[-0.17962177 -0.01528269  0.          0.0285347   0.08230095  0.12919916
  0.00419775] | Reward=-0.045 | Cum=-1.676 | Info={'dive_score': None, 'blocked': False, 'deflected': False, 'wasted_dive': False, 'shot_attempted': False, 'invalid_shot_attempt': False, 'invalid_shot_direction': False, 'fov_visible': True, 'shot_quality': None, 'shot_direction': None, 'shot_power': None, 'goal_scored': False, 'goal_team': None, 'ball_out_by': None, 'has_ball': False, 'start_shot_bonus': False, 'deflection_power': 0.0}

[Step 127] Action=[-0.17961027 -0.01529783  0.          0.02853871  0.08233649  0.12919575
  0.00418114] | Reward=-0.045 | Cum=-1.721 | Info={'dive_score': None, 'blocked': False, 'deflected': False, 'wasted_dive': False, 'shot_attempted': False, 'invalid_shot_attempt': False, 'invalid_shot_direction': False, 'fov_visible': True, 'shot_quality': None, 'shot_direction': None, 'shot_power': None, 'goal_scored': False, 'goal_team': None, 'ball_out_by': None, 'has_ball': False, 'start_shot_bonus': False, 'deflection_power': 0.0}

[Step 128] Action=[-0.17959926 -0.01531221  0.          0.02854181  0.08237166  0.1291913
  0.00416385] | Reward=-0.045 | Cum=-1.766 | Info={'dive_score': None, 'blocked': False, 'deflected': False, 'wasted_dive': False, 'shot_attempted': False, 'invalid_shot_attempt': False, 'invalid_shot_direction': False, 'fov_visible': True, 'shot_quality': None, 'shot_direction': None, 'shot_power': None, 'goal_scored': False, 'goal_team': None, 'ball_out_by': None, 'has_ball': False, 'start_shot_bonus': False, 'deflection_power': 0.0}

[Step 129] Action=[-0.17958827 -0.01532658  0.          0.02854493  0.08240684  0.12918687
  0.0041466 ] | Reward=-0.045 | Cum=-1.811 | Info={'dive_score': None, 'blocked': False, 'deflected': False, 'wasted_dive': False, 'shot_attempted': False, 'invalid_shot_attempt': False, 'invalid_shot_direction': False, 'fov_visible': True, 'shot_quality': None, 'shot_direction': None, 'shot_power': None, 'goal_scored': False, 'goal_team': None, 'ball_out_by': None, 'has_ball': False, 'start_shot_bonus': False, 'deflection_power': 0.0}

[Step 130] Action=[-0.1795773  -0.01534093  0.          0.02854803  0.08244199  0.12918246
  0.00412932] | Reward=-0.045 | Cum=-1.856 | Info={'dive_score': None, 'blocked': False, 'deflected': False, 'wasted_dive': False, 'shot_attempted': False, 'invalid_shot_attempt': False, 'invalid_shot_direction': False, 'fov_visible': True, 'shot_quality': None, 'shot_direction': None, 'shot_power': None, 'goal_scored': False, 'goal_team': None, 'ball_out_by': None, 'has_ball': False, 'start_shot_bonus': False, 'deflection_power': 0.0}

[Step 131] Action=[-0.17956632 -0.0153553   0.          0.02855116  0.08247716  0.12917805
  0.00411206] | Reward=-0.045 | Cum=-1.901 | Info={'dive_score': None, 'blocked': False, 'deflected': False, 'wasted_dive': False, 'shot_attempted': False, 'invalid_shot_attempt': False, 'invalid_shot_direction': False, 'fov_visible': True, 'shot_quality': None, 'shot_direction': None, 'shot_power': None, 'goal_scored': False, 'goal_team': None, 'ball_out_by': None, 'has_ball': False, 'start_shot_bonus': False, 'deflection_power': 0.0}

[Step 132] Action=[-0.17955676 -0.01536845  0.          0.02855311  0.08251002  0.12917426
  0.00409691] | Reward=-0.045 | Cum=-1.946 | Info={'dive_score': None, 'blocked': False, 'deflected': False, 'wasted_dive': False, 'shot_attempted': False, 'invalid_shot_attempt': False, 'invalid_shot_direction': False, 'fov_visible': True, 'shot_quality': None, 'shot_direction': None, 'shot_power': None, 'goal_scored': False, 'goal_team': None, 'ball_out_by': None, 'has_ball': False, 'start_shot_bonus': False, 'deflection_power': 0.0}

[Step 133] Action=[-0.17954783 -0.01538101  0.          0.02855452  0.08254173  0.1291708
  0.00408282] | Reward=-0.045 | Cum=-1.991 | Info={'dive_score': None, 'blocked': False, 'deflected': False, 'wasted_dive': False, 'shot_attempted': False, 'invalid_shot_attempt': False, 'invalid_shot_direction': False, 'fov_visible': True, 'shot_quality': None, 'shot_direction': None, 'shot_power': None, 'goal_scored': False, 'goal_team': None, 'ball_out_by': None, 'has_ball': False, 'start_shot_bonus': False, 'deflection_power': 0.0}

[Step 134] Action=[-0.17953898 -0.01539353  0.          0.0285559   0.08257344  0.12916736
  0.00406874] | Reward=-0.045 | Cum=-2.036 | Info={'dive_score': None, 'blocked': False, 'deflected': False, 'wasted_dive': False, 'shot_attempted': False, 'invalid_shot_attempt': False, 'invalid_shot_direction': False, 'fov_visible': True, 'shot_quality': None, 'shot_direction': None, 'shot_power': None, 'goal_scored': False, 'goal_team': None, 'ball_out_by': None, 'has_ball': False, 'start_shot_bonus': False, 'deflection_power': 0.0}

[Step 135] Action=[-0.17953008 -0.01540608  0.          0.02855729  0.08260514  0.1291639
  0.00405464] | Reward=-0.045 | Cum=-2.081 | Info={'dive_score': None, 'blocked': False, 'deflected': False, 'wasted_dive': False, 'shot_attempted': False, 'invalid_shot_attempt': False, 'invalid_shot_direction': False, 'fov_visible': True, 'shot_quality': None, 'shot_direction': None, 'shot_power': None, 'goal_scored': False, 'goal_team': None, 'ball_out_by': None, 'has_ball': False, 'start_shot_bonus': False, 'deflection_power': 0.0}

[Step 136] Action=[-0.17952251 -0.01541819  0.          0.02856013  0.08263934  0.12916234
  0.00404235] | Reward=-0.045 | Cum=-2.126 | Info={'dive_score': None, 'blocked': False, 'deflected': False, 'wasted_dive': False, 'shot_attempted': False, 'invalid_shot_attempt': False, 'invalid_shot_direction': False, 'fov_visible': True, 'shot_quality': None, 'shot_direction': None, 'shot_power': None, 'goal_scored': False, 'goal_team': None, 'ball_out_by': None, 'has_ball': False, 'start_shot_bonus': False, 'deflection_power': 0.0}

[Step 137] Action=[-0.17951518 -0.01543027  0.          0.02856321  0.08267396  0.12916106
  0.00403035] | Reward=-0.045 | Cum=-2.171 | Info={'dive_score': None, 'blocked': False, 'deflected': False, 'wasted_dive': False, 'shot_attempted': False, 'invalid_shot_attempt': False, 'invalid_shot_direction': False, 'fov_visible': True, 'shot_quality': None, 'shot_direction': None, 'shot_power': None, 'goal_scored': False, 'goal_team': None, 'ball_out_by': None, 'has_ball': False, 'start_shot_bonus': False, 'deflection_power': 0.0}

[Step 138] Action=[-0.17950784 -0.01544229  0.          0.02856628  0.08270855  0.1291598
  0.00401834] | Reward=-0.045 | Cum=-2.216 | Info={'dive_score': None, 'blocked': False, 'deflected': False, 'wasted_dive': False, 'shot_attempted': False, 'invalid_shot_attempt': False, 'invalid_shot_direction': False, 'fov_visible': True, 'shot_quality': None, 'shot_direction': None, 'shot_power': None, 'goal_scored': False, 'goal_team': None, 'ball_out_by': None, 'has_ball': False, 'start_shot_bonus': False, 'deflection_power': 0.0}

[Step 139] Action=[-0.17950062 -0.01545464  0.          0.02856931  0.08274347  0.12915848
  0.00400644] | Reward=-0.045 | Cum=-2.261 | Info={'dive_score': None, 'blocked': False, 'deflected': False, 'wasted_dive': False, 'shot_attempted': False, 'invalid_shot_attempt': False, 'invalid_shot_direction': False, 'fov_visible': True, 'shot_quality': None, 'shot_direction': None, 'shot_power': None, 'goal_scored': False, 'goal_team': None, 'ball_out_by': None, 'has_ball': False, 'start_shot_bonus': False, 'deflection_power': 0.0}

[Step 140] Action=[-0.17949344 -0.01546714  0.          0.02857226  0.08277856  0.12915711
  0.00399459] | Reward=-0.045 | Cum=-2.306 | Info={'dive_score': None, 'blocked': False, 'deflected': False, 'wasted_dive': False, 'shot_attempted': False, 'invalid_shot_attempt': False, 'invalid_shot_direction': False, 'fov_visible': True, 'shot_quality': None, 'shot_direction': None, 'shot_power': None, 'goal_scored': False, 'goal_team': None, 'ball_out_by': None, 'has_ball': False, 'start_shot_bonus': False, 'deflection_power': 0.0}

[Step 141] Action=[-0.17948623 -0.01547966  0.          0.02857523  0.08281367  0.12915574
  0.00398276] | Reward=-0.045 | Cum=-2.351 | Info={'dive_score': None, 'blocked': False, 'deflected': False, 'wasted_dive': False, 'shot_attempted': False, 'invalid_shot_attempt': False, 'invalid_shot_direction': False, 'fov_visible': True, 'shot_quality': None, 'shot_direction': None, 'shot_power': None, 'goal_scored': False, 'goal_team': None, 'ball_out_by': None, 'has_ball': False, 'start_shot_bonus': False, 'deflection_power': 0.0}

[Step 142] Action=[-0.17947905 -0.01549215  0.          0.0285782   0.08284876  0.12915438
  0.00397091] | Reward=-0.045 | Cum=-2.396 | Info={'dive_score': None, 'blocked': False, 'deflected': False, 'wasted_dive': False, 'shot_attempted': False, 'invalid_shot_attempt': False, 'invalid_shot_direction': False, 'fov_visible': True, 'shot_quality': None, 'shot_direction': None, 'shot_power': None, 'goal_scored': False, 'goal_team': None, 'ball_out_by': None, 'has_ball': False, 'start_shot_bonus': False, 'deflection_power': 0.0}

[Step 143] Action=[-0.1794719  -0.01550466  0.          0.02858117  0.08288386  0.12915304
  0.00395907] | Reward=-0.045 | Cum=-2.441 | Info={'dive_score': None, 'blocked': False, 'deflected': False, 'wasted_dive': False, 'shot_attempted': False, 'invalid_shot_attempt': False, 'invalid_shot_direction': False, 'fov_visible': True, 'shot_quality': None, 'shot_direction': None, 'shot_power': None, 'goal_scored': False, 'goal_team': None, 'ball_out_by': None, 'has_ball': False, 'start_shot_bonus': False, 'deflection_power': 0.0}

[Step 144] Action=[-0.17946471 -0.01551715  0.          0.02858416  0.08291893  0.1291517
  0.00394724] | Reward=-0.045 | Cum=-2.486 | Info={'dive_score': None, 'blocked': False, 'deflected': False, 'wasted_dive': False, 'shot_attempted': False, 'invalid_shot_attempt': False, 'invalid_shot_direction': False, 'fov_visible': True, 'shot_quality': None, 'shot_direction': None, 'shot_power': None, 'goal_scored': False, 'goal_team': None, 'ball_out_by': None, 'has_ball': False, 'start_shot_bonus': False, 'deflection_power': 0.0}

[Step 145] Action=[-0.17945756 -0.01552965  0.          0.02858715  0.08295404  0.12915038
  0.00393541] | Reward=-0.045 | Cum=-2.531 | Info={'dive_score': None, 'blocked': False, 'deflected': False, 'wasted_dive': False, 'shot_attempted': False, 'invalid_shot_attempt': False, 'invalid_shot_direction': False, 'fov_visible': True, 'shot_quality': None, 'shot_direction': None, 'shot_power': None, 'goal_scored': False, 'goal_team': None, 'ball_out_by': None, 'has_ball': False, 'start_shot_bonus': False, 'deflection_power': 0.0}

[Step 146] Action=[-0.17945041 -0.01554213  0.          0.02859014  0.08298914  0.12914908
  0.00392357] | Reward=-0.045 | Cum=-2.576 | Info={'dive_score': None, 'blocked': False, 'deflected': False, 'wasted_dive': False, 'shot_attempted': False, 'invalid_shot_attempt': False, 'invalid_shot_direction': False, 'fov_visible': True, 'shot_quality': None, 'shot_direction': None, 'shot_power': None, 'goal_scored': False, 'goal_team': None, 'ball_out_by': None, 'has_ball': False, 'start_shot_bonus': False, 'deflection_power': 0.0}

[Step 147] Action=[-0.17944326 -0.01555463  0.          0.02859315  0.08302424  0.12914775
  0.00391175] | Reward=-0.045 | Cum=-2.621 | Info={'dive_score': None, 'blocked': False, 'deflected': False, 'wasted_dive': False, 'shot_attempted': False, 'invalid_shot_attempt': False, 'invalid_shot_direction': False, 'fov_visible': True, 'shot_quality': None, 'shot_direction': None, 'shot_power': None, 'goal_scored': False, 'goal_team': None, 'ball_out_by': None, 'has_ball': False, 'start_shot_bonus': False, 'deflection_power': 0.0}

[Step 148] Action=[-0.1794361  -0.0155671   0.          0.02859614  0.08305933  0.12914647
  0.00389993] | Reward=-0.045 | Cum=-2.666 | Info={'dive_score': None, 'blocked': False, 'deflected': False, 'wasted_dive': False, 'shot_attempted': False, 'invalid_shot_attempt': False, 'invalid_shot_direction': False, 'fov_visible': True, 'shot_quality': None, 'shot_direction': None, 'shot_power': None, 'goal_scored': False, 'goal_team': None, 'ball_out_by': None, 'has_ball': False, 'start_shot_bonus': False, 'deflection_power': 0.0}

[Step 149] Action=[-0.17942894 -0.01557959  0.          0.02859916  0.08309442  0.12914516
  0.00388811] | Reward=-0.045 | Cum=-2.711 | Info={'dive_score': None, 'blocked': False, 'deflected': False, 'wasted_dive': False, 'shot_attempted': False, 'invalid_shot_attempt': False, 'invalid_shot_direction': False, 'fov_visible': True, 'shot_quality': None, 'shot_direction': None, 'shot_power': None, 'goal_scored': False, 'goal_team': None, 'ball_out_by': None, 'has_ball': False, 'start_shot_bonus': False, 'deflection_power': 0.0}

[Step 150] Action=[-0.1794218  -0.01559206  0.          0.02860218  0.08312953  0.12914391
  0.00387631] | Reward=-0.045 | Cum=-2.756 | Info={'dive_score': None, 'blocked': False, 'deflected': False, 'wasted_dive': False, 'shot_attempted': False, 'invalid_shot_attempt': False, 'invalid_shot_direction': False, 'fov_visible': True, 'shot_quality': None, 'shot_direction': None, 'shot_power': None, 'goal_scored': False, 'goal_team': None, 'ball_out_by': None, 'has_ball': False, 'start_shot_bonus': False, 'deflection_power': 0.0}

[Step 151] Action=[-0.17941467 -0.01560454  0.          0.02860521  0.08316462  0.12914263
  0.00386449] | Reward=-0.045 | Cum=-2.801 | Info={'dive_score': None, 'blocked': False, 'deflected': False, 'wasted_dive': False, 'shot_attempted': False, 'invalid_shot_attempt': False, 'invalid_shot_direction': False, 'fov_visible': True, 'shot_quality': None, 'shot_direction': None, 'shot_power': None, 'goal_scored': False, 'goal_team': None, 'ball_out_by': None, 'has_ball': False, 'start_shot_bonus': False, 'deflection_power': 0.0}

[Step 152] Action=[-0.17940752 -0.01561701  0.          0.02860826  0.08319972  0.12914135
  0.00385268] | Reward=-0.045 | Cum=-2.846 | Info={'dive_score': None, 'blocked': False, 'deflected': False, 'wasted_dive': False, 'shot_attempted': False, 'invalid_shot_attempt': False, 'invalid_shot_direction': False, 'fov_visible': True, 'shot_quality': None, 'shot_direction': None, 'shot_power': None, 'goal_scored': False, 'goal_team': None, 'ball_out_by': None, 'has_ball': False, 'start_shot_bonus': False, 'deflection_power': 0.0}

[Step 153] Action=[-0.17940038 -0.01562948  0.          0.02861128  0.08323482  0.12914011
  0.00384087] | Reward=-0.045 | Cum=-2.891 | Info={'dive_score': None, 'blocked': False, 'deflected': False, 'wasted_dive': False, 'shot_attempted': False, 'invalid_shot_attempt': False, 'invalid_shot_direction': False, 'fov_visible': True, 'shot_quality': None, 'shot_direction': None, 'shot_power': None, 'goal_scored': False, 'goal_team': None, 'ball_out_by': None, 'has_ball': False, 'start_shot_bonus': False, 'deflection_power': 0.0}

[Step 154] Action=[-0.17939325 -0.01564194  0.          0.02861431  0.08326991  0.12913883
  0.00382907] | Reward=-0.045 | Cum=-2.936 | Info={'dive_score': None, 'blocked': False, 'deflected': False, 'wasted_dive': False, 'shot_attempted': False, 'invalid_shot_attempt': False, 'invalid_shot_direction': False, 'fov_visible': True, 'shot_quality': None, 'shot_direction': None, 'shot_power': None, 'goal_scored': False, 'goal_team': None, 'ball_out_by': None, 'has_ball': False, 'start_shot_bonus': False, 'deflection_power': 0.0}

[Step 155] Action=[-0.17938612 -0.0156544   0.          0.02861737  0.08330501  0.12913759
  0.00381726] | Reward=-0.045 | Cum=-2.981 | Info={'dive_score': None, 'blocked': False, 'deflected': False, 'wasted_dive': False, 'shot_attempted': False, 'invalid_shot_attempt': False, 'invalid_shot_direction': False, 'fov_visible': True, 'shot_quality': None, 'shot_direction': None, 'shot_power': None, 'goal_scored': False, 'goal_team': None, 'ball_out_by': None, 'has_ball': False, 'start_shot_bonus': False, 'deflection_power': 0.0}

[Step 156] Action=[-0.179379   -0.01566687  0.          0.02862043  0.08334011  0.12913634
  0.00380547] | Reward=-0.045 | Cum=-3.026 | Info={'dive_score': None, 'blocked': False, 'deflected': False, 'wasted_dive': False, 'shot_attempted': False, 'invalid_shot_attempt': False, 'invalid_shot_direction': False, 'fov_visible': True, 'shot_quality': None, 'shot_direction': None, 'shot_power': None, 'goal_scored': False, 'goal_team': None, 'ball_out_by': None, 'has_ball': False, 'start_shot_bonus': False, 'deflection_power': 0.0}

[Step 157] Action=[-0.17937186 -0.01567932  0.          0.02862347  0.08337522  0.12913512
  0.00379367] | Reward=-0.045 | Cum=-3.071 | Info={'dive_score': None, 'blocked': False, 'deflected': False, 'wasted_dive': False, 'shot_attempted': False, 'invalid_shot_attempt': False, 'invalid_shot_direction': False, 'fov_visible': True, 'shot_quality': None, 'shot_direction': None, 'shot_power': None, 'goal_scored': False, 'goal_team': None, 'ball_out_by': None, 'has_ball': False, 'start_shot_bonus': False, 'deflection_power': 0.0}

[Step 158] Action=[-0.17936476 -0.0156918   0.          0.02862653  0.08341032  0.12913388
  0.00378187] | Reward=-0.045 | Cum=-3.116 | Info={'dive_score': None, 'blocked': False, 'deflected': False, 'wasted_dive': False, 'shot_attempted': False, 'invalid_shot_attempt': False, 'invalid_shot_direction': False, 'fov_visible': True, 'shot_quality': None, 'shot_direction': None, 'shot_power': None, 'goal_scored': False, 'goal_team': None, 'ball_out_by': None, 'has_ball': False, 'start_shot_bonus': False, 'deflection_power': 0.0}

[Step 159] Action=[-0.17935763 -0.01570425  0.          0.02862961  0.08344541  0.12913264
  0.00377007] | Reward=-0.045 | Cum=-3.161 | Info={'dive_score': None, 'blocked': False, 'deflected': False, 'wasted_dive': False, 'shot_attempted': False, 'invalid_shot_attempt': False, 'invalid_shot_direction': False, 'fov_visible': True, 'shot_quality': None, 'shot_direction': None, 'shot_power': None, 'goal_scored': False, 'goal_team': None, 'ball_out_by': None, 'has_ball': False, 'start_shot_bonus': False, 'deflection_power': 0.0}

[Step 160] Action=[-0.17935053 -0.0157167   0.          0.02863268  0.08348051  0.12913145
  0.0037583 ] | Reward=-0.045 | Cum=-3.206 | Info={'dive_score': None, 'blocked': False, 'deflected': False, 'wasted_dive': False, 'shot_attempted': False, 'invalid_shot_attempt': False, 'invalid_shot_direction': False, 'fov_visible': True, 'shot_quality': None, 'shot_direction': None, 'shot_power': None, 'goal_scored': False, 'goal_team': None, 'ball_out_by': None, 'has_ball': False, 'start_shot_bonus': False, 'deflection_power': 0.0}

[Step 161] Action=[-0.17934346 -0.01572914  0.          0.02863574  0.08351561  0.12913024
  0.00374649] | Reward=-0.045 | Cum=-3.251 | Info={'dive_score': None, 'blocked': False, 'deflected': False, 'wasted_dive': False, 'shot_attempted': False, 'invalid_shot_attempt': False, 'invalid_shot_direction': False, 'fov_visible': True, 'shot_quality': None, 'shot_direction': None, 'shot_power': None, 'goal_scored': False, 'goal_team': None, 'ball_out_by': None, 'has_ball': False, 'start_shot_bonus': False, 'deflection_power': 0.0}

[Step 162] Action=[-0.17933634 -0.01574159  0.          0.02863884  0.08355069  0.12912904
  0.00373471] | Reward=-0.045 | Cum=-3.296 | Info={'dive_score': None, 'blocked': False, 'deflected': False, 'wasted_dive': False, 'shot_attempted': False, 'invalid_shot_attempt': False, 'invalid_shot_direction': False, 'fov_visible': True, 'shot_quality': None, 'shot_direction': None, 'shot_power': None, 'goal_scored': False, 'goal_team': None, 'ball_out_by': None, 'has_ball': False, 'start_shot_bonus': False, 'deflection_power': 0.0}

[Step 163] Action=[-0.17932922 -0.01575404  0.          0.02864194  0.08358579  0.12912785
  0.00372293] | Reward=-0.045 | Cum=-3.341 | Info={'dive_score': None, 'blocked': False, 'deflected': False, 'wasted_dive': False, 'shot_attempted': False, 'invalid_shot_attempt': False, 'invalid_shot_direction': False, 'fov_visible': True, 'shot_quality': None, 'shot_direction': None, 'shot_power': None, 'goal_scored': False, 'goal_team': None, 'ball_out_by': None, 'has_ball': False, 'start_shot_bonus': False, 'deflection_power': 0.0}

[Step 164] Action=[-0.17932214 -0.01576648  0.          0.02864502  0.08362091  0.12912667
  0.00371113] | Reward=-0.045 | Cum=-3.386 | Info={'dive_score': None, 'blocked': False, 'deflected': False, 'wasted_dive': False, 'shot_attempted': False, 'invalid_shot_attempt': False, 'invalid_shot_direction': False, 'fov_visible': True, 'shot_quality': None, 'shot_direction': None, 'shot_power': None, 'goal_scored': False, 'goal_team': None, 'ball_out_by': None, 'has_ball': False, 'start_shot_bonus': False, 'deflection_power': 0.0}

[Step 165] Action=[-0.17931473 -0.01577942  0.          0.02864829  0.08365585  0.12912378
  0.00369905] | Reward=-0.045 | Cum=-3.431 | Info={'dive_score': None, 'blocked': False, 'deflected': False, 'wasted_dive': False, 'shot_attempted': False, 'invalid_shot_attempt': False, 'invalid_shot_direction': False, 'fov_visible': True, 'shot_quality': None, 'shot_direction': None, 'shot_power': None, 'goal_scored': False, 'goal_team': None, 'ball_out_by': None, 'has_ball': False, 'start_shot_bonus': False, 'deflection_power': 0.0}

[Step 166] Action=[-0.17930757 -0.01579249  0.          0.02865191  0.08368974  0.12911761
  0.00368677] | Reward=-0.045 | Cum=-3.476 | Info={'dive_score': None, 'blocked': False, 'deflected': False, 'wasted_dive': False, 'shot_attempted': False, 'invalid_shot_attempt': False, 'invalid_shot_direction': False, 'fov_visible': True, 'shot_quality': None, 'shot_direction': None, 'shot_power': None, 'goal_scored': False, 'goal_team': None, 'ball_out_by': None, 'has_ball': False, 'start_shot_bonus': False, 'deflection_power': 0.0}

[Step 167] Action=[-0.1793045  -0.01580289  0.          0.02865558  0.08371875  0.12910832
  0.00367588] | Reward=-0.045 | Cum=-3.521 | Info={'dive_score': None, 'blocked': False, 'deflected': False, 'wasted_dive': False, 'shot_attempted': False, 'invalid_shot_attempt': False, 'invalid_shot_direction': False, 'fov_visible': True, 'shot_quality': None, 'shot_direction': None, 'shot_power': None, 'goal_scored': False, 'goal_team': None, 'ball_out_by': None, 'has_ball': False, 'start_shot_bonus': False, 'deflection_power': 0.0}

[Step 168] Action=[-0.1793017  -0.01581346  0.          0.02865919  0.08374758  0.12909894
  0.00366486] | Reward=-0.045 | Cum=-3.566 | Info={'dive_score': None, 'blocked': False, 'deflected': False, 'wasted_dive': False, 'shot_attempted': False, 'invalid_shot_attempt': False, 'invalid_shot_direction': False, 'fov_visible': True, 'shot_quality': None, 'shot_direction': None, 'shot_power': None, 'goal_scored': False, 'goal_team': None, 'ball_out_by': None, 'has_ball': False, 'start_shot_bonus': False, 'deflection_power': 0.0}

[Step 169] Action=[-0.1792988  -0.01582404  0.          0.02866279  0.08377641  0.12908953
  0.00365387] | Reward=-0.045 | Cum=-3.611 | Info={'dive_score': None, 'blocked': False, 'deflected': False, 'wasted_dive': False, 'shot_attempted': False, 'invalid_shot_attempt': False, 'invalid_shot_direction': False, 'fov_visible': True, 'shot_quality': None, 'shot_direction': None, 'shot_power': None, 'goal_scored': False, 'goal_team': None, 'ball_out_by': None, 'has_ball': False, 'start_shot_bonus': False, 'deflection_power': 0.0}

[Step 170] Action=[-0.17929599 -0.0158346   0.          0.02866642  0.08380521  0.12908016
  0.00364287] | Reward=-0.045 | Cum=-3.656 | Info={'dive_score': None, 'blocked': False, 'deflected': False, 'wasted_dive': False, 'shot_attempted': False, 'invalid_shot_attempt': False, 'invalid_shot_direction': False, 'fov_visible': True, 'shot_quality': None, 'shot_direction': None, 'shot_power': None, 'goal_scored': False, 'goal_team': None, 'ball_out_by': None, 'has_ball': False, 'start_shot_bonus': False, 'deflection_power': 0.0}

[Step 171] Action=[-0.17929313 -0.01584518  0.          0.02867004  0.08383405  0.12907079
  0.00363187] | Reward=-0.045 | Cum=-3.701 | Info={'dive_score': None, 'blocked': False, 'deflected': False, 'wasted_dive': False, 'shot_attempted': False, 'invalid_shot_attempt': False, 'invalid_shot_direction': False, 'fov_visible': True, 'shot_quality': None, 'shot_direction': None, 'shot_power': None, 'goal_scored': False, 'goal_team': None, 'ball_out_by': None, 'has_ball': False, 'start_shot_bonus': False, 'deflection_power': 0.0}

[Step 172] Action=[-0.17928989 -0.0158556   0.          0.02867433  0.08386308  0.12906203
  0.00362129] | Reward=-0.045 | Cum=-3.746 | Info={'dive_score': None, 'blocked': False, 'deflected': False, 'wasted_dive': False, 'shot_attempted': False, 'invalid_shot_attempt': False, 'invalid_shot_direction': False, 'fov_visible': True, 'shot_quality': None, 'shot_direction': None, 'shot_power': None, 'goal_scored': False, 'goal_team': None, 'ball_out_by': None, 'has_ball': False, 'start_shot_bonus': False, 'deflection_power': 0.0}

[Step 173] Action=[-0.17928633 -0.01586589  0.          0.02867918  0.08389228  0.12905382
  0.00361107] | Reward=-0.045 | Cum=-3.791 | Info={'dive_score': None, 'blocked': False, 'deflected': False, 'wasted_dive': False, 'shot_attempted': False, 'invalid_shot_attempt': False, 'invalid_shot_direction': False, 'fov_visible': True, 'shot_quality': None, 'shot_direction': None, 'shot_power': None, 'goal_scored': False, 'goal_team': None, 'ball_out_by': None, 'has_ball': False, 'start_shot_bonus': False, 'deflection_power': 0.0}

[Step 174] Action=[-0.17928275 -0.01587619  0.          0.02868404  0.08392148  0.1290456
  0.00360084] | Reward=-0.045 | Cum=-3.836 | Info={'dive_score': None, 'blocked': False, 'deflected': False, 'wasted_dive': False, 'shot_attempted': False, 'invalid_shot_attempt': False, 'invalid_shot_direction': False, 'fov_visible': True, 'shot_quality': None, 'shot_direction': None, 'shot_power': None, 'goal_scored': False, 'goal_team': None, 'ball_out_by': None, 'has_ball': False, 'start_shot_bonus': False, 'deflection_power': 0.0}

[Step 175] Action=[-0.17927921 -0.01588648  0.          0.0286889   0.08395069  0.12903741
  0.00359061] | Reward=-0.045 | Cum=-3.881 | Info={'dive_score': None, 'blocked': False, 'deflected': False, 'wasted_dive': False, 'shot_attempted': False, 'invalid_shot_attempt': False, 'invalid_shot_direction': False, 'fov_visible': True, 'shot_quality': None, 'shot_direction': None, 'shot_power': None, 'goal_scored': False, 'goal_team': None, 'ball_out_by': None, 'has_ball': False, 'start_shot_bonus': False, 'deflection_power': 0.0}

[Step 176] Action=[-0.17927565 -0.01589677  0.          0.02869378  0.0839799   0.12902921
  0.00358041] | Reward=+2.705 | Cum=-1.176 | Info={'dive_score': None, 'blocked': False, 'deflected': False, 'wasted_dive': False, 'shot_attempted': False, 'invalid_shot_attempt': False, 'invalid_shot_direction': False, 'fov_visible': True, 'shot_quality': None, 'shot_direction': None, 'shot_power': None, 'goal_scored': False, 'goal_team': None, 'ball_out_by': 'att_1', 'has_ball': False, 'start_shot_bonus': False, 'deflection_power': 0.0}

