Debug log for att_2 (Episode 600)
================================================================================
[Step 1] Action=[-0.06222308  0.10046266  0.          0.7962461   0.78654706  0.99720716
 -0.91433674] | Reward=-0.003 | Cum=-0.003 | Info={'shot_attempted': False, 'pass_attempted': False, 'goal_scored': False, 'goal_team': None, 'ball_out_by': None, 'has_ball': False, 'start_shot_bonus': False, 'start_pass_bonus': False, 'possession_lost': False}

[Step 2] Action=[-0.0528728   0.09835257  0.          0.80575     0.803277    0.99773926
 -0.9213949 ] | Reward=-0.003 | Cum=-0.006 | Info={'shot_attempted': False, 'pass_attempted': False, 'goal_scored': False, 'goal_team': None, 'ball_out_by': None, 'has_ball': False, 'start_shot_bonus': False, 'start_pass_bonus': False, 'possession_lost': False}

[Step 3] Action=[-0.05278756  0.09843809  0.          0.80610555  0.8037642   0.99775517
 -0.9216774 ] | Reward=-0.003 | Cum=-0.009 | Info={'shot_attempted': False, 'pass_attempted': False, 'goal_scored': False, 'goal_team': None, 'ball_out_by': None, 'has_ball': False, 'start_shot_bonus': False, 'start_pass_bonus': False, 'possession_lost': False}

[Step 4] Action=[-0.05270305  0.09852409  0.          0.80646014  0.8042498   0.9977709
 -0.9219587 ] | Reward=-0.003 | Cum=-0.012 | Info={'shot_attempted': False, 'pass_attempted': False, 'goal_scored': False, 'goal_team': None, 'ball_out_by': None, 'has_ball': False, 'start_shot_bonus': False, 'start_pass_bonus': False, 'possession_lost': False}

[Step 5] Action=[-0.05261793  0.09860957  0.          0.80681384  0.8047339   0.9977865
 -0.92223865] | Reward=-0.004 | Cum=-0.015 | Info={'shot_attempted': False, 'pass_attempted': False, 'goal_scored': False, 'goal_team': None, 'ball_out_by': None, 'has_ball': False, 'start_shot_bonus': False, 'start_pass_bonus': False, 'possession_lost': False}

[Step 6] Action=[-0.05253305  0.09869504  0.          0.80716664  0.8052161   0.997802
 -0.9225173 ] | Reward=-0.004 | Cum=-0.019 | Info={'shot_attempted': False, 'pass_attempted': False, 'goal_scored': False, 'goal_team': None, 'ball_out_by': None, 'has_ball': False, 'start_shot_bonus': False, 'start_pass_bonus': False, 'possession_lost': False}

[Step 7] Action=[-0.05244828  0.09878016  0.          0.8075184   0.8056968   0.9978174
 -0.9227947 ] | Reward=-0.004 | Cum=-0.023 | Info={'shot_attempted': False, 'pass_attempted': False, 'goal_scored': False, 'goal_team': None, 'ball_out_by': None, 'has_ball': False, 'start_shot_bonus': False, 'start_pass_bonus': False, 'possession_lost': False}

[Step 8] Action=[-0.05236043  0.09886645  0.          0.80786806  0.8061764   0.9978326
 -0.92307043] | Reward=-0.004 | Cum=-0.026 | Info={'shot_attempted': False, 'pass_attempted': False, 'goal_scored': False, 'goal_team': None, 'ball_out_by': None, 'has_ball': False, 'start_shot_bonus': False, 'start_pass_bonus': False, 'possession_lost': False}

[Step 9] Action=[-0.05226937  0.09895297  0.          0.80821574  0.8066546   0.99784774
 -0.92334414] | Reward=-0.004 | Cum=-0.030 | Info={'shot_attempted': False, 'pass_attempted': False, 'goal_scored': False, 'goal_team': None, 'ball_out_by': None, 'has_ball': False, 'start_shot_bonus': False, 'start_pass_bonus': False, 'possession_lost': False}

[Step 10] Action=[-0.05218662  0.09903834  0.          0.8085633   0.8071289   0.9978628
 -0.92361456] | Reward=-0.005 | Cum=-0.034 | Info={'shot_attempted': False, 'pass_attempted': False, 'goal_scored': False, 'goal_team': None, 'ball_out_by': None, 'has_ball': False, 'start_shot_bonus': False, 'start_pass_bonus': False, 'possession_lost': False}

[Step 11] Action=[-0.05210352  0.09912381  0.          0.8089099   0.80760175  0.9978778
 -0.9238837 ] | Reward=-0.005 | Cum=-0.039 | Info={'shot_attempted': False, 'pass_attempted': False, 'goal_scored': False, 'goal_team': None, 'ball_out_by': None, 'has_ball': False, 'start_shot_bonus': False, 'start_pass_bonus': False, 'possession_lost': False}

[Step 12] Action=[-0.05202066  0.09920914  0.          0.80925554  0.8080729   0.9978926
 -0.9241516 ] | Reward=-0.005 | Cum=-0.043 | Info={'shot_attempted': False, 'pass_attempted': False, 'goal_scored': False, 'goal_team': None, 'ball_out_by': None, 'has_ball': False, 'start_shot_bonus': False, 'start_pass_bonus': False, 'possession_lost': False}

[Step 13] Action=[-0.0519366   0.09929065  0.          0.8096021   0.8085431   0.9979074
 -0.92441946] | Reward=-0.005 | Cum=-0.048 | Info={'shot_attempted': False, 'pass_attempted': False, 'goal_scored': False, 'goal_team': None, 'ball_out_by': None, 'has_ball': False, 'start_shot_bonus': False, 'start_pass_bonus': False, 'possession_lost': False}

[Step 14] Action=[-0.05185267  0.09937224  0.          0.80994767  0.80901176  0.997922
 -0.92468613] | Reward=-0.005 | Cum=-0.053 | Info={'shot_attempted': False, 'pass_attempted': False, 'goal_scored': False, 'goal_team': None, 'ball_out_by': None, 'has_ball': False, 'start_shot_bonus': False, 'start_pass_bonus': False, 'possession_lost': False}

[Step 15] Action=[-0.05176303  0.09944873  0.          0.810295    0.8094839   0.99793667
 -0.9249534 ] | Reward=-0.005 | Cum=-0.057 | Info={'shot_attempted': False, 'pass_attempted': False, 'goal_scored': False, 'goal_team': None, 'ball_out_by': None, 'has_ball': False, 'start_shot_bonus': False, 'start_pass_bonus': False, 'possession_lost': False}

[Step 16] Action=[-0.05166399  0.09951585  0.          0.8106426   0.80995935  0.9979512
 -0.92522085] | Reward=-0.005 | Cum=-0.062 | Info={'shot_attempted': False, 'pass_attempted': False, 'goal_scored': False, 'goal_team': None, 'ball_out_by': None, 'has_ball': False, 'start_shot_bonus': False, 'start_pass_bonus': False, 'possession_lost': False}

[Step 17] Action=[-0.05156555  0.0995832   0.          0.8109892   0.81043303  0.99796563
 -0.9254871 ] | Reward=-0.005 | Cum=-0.067 | Info={'shot_attempted': False, 'pass_attempted': False, 'goal_scored': False, 'goal_team': None, 'ball_out_by': None, 'has_ball': False, 'start_shot_bonus': False, 'start_pass_bonus': False, 'possession_lost': False}

[Step 18] Action=[-0.05146687  0.09964993  0.          0.81133497  0.8109052   0.99797994
 -0.9257521 ] | Reward=-0.005 | Cum=-0.072 | Info={'shot_attempted': False, 'pass_attempted': False, 'goal_scored': False, 'goal_team': None, 'ball_out_by': None, 'has_ball': False, 'start_shot_bonus': False, 'start_pass_bonus': False, 'possession_lost': False}

[Step 19] Action=[-0.05136878  0.09971727  0.          0.8116797   0.81137586  0.9979941
 -0.9260159 ] | Reward=-0.005 | Cum=-0.078 | Info={'shot_attempted': False, 'pass_attempted': False, 'goal_scored': False, 'goal_team': None, 'ball_out_by': None, 'has_ball': False, 'start_shot_bonus': False, 'start_pass_bonus': False, 'possession_lost': False}

[Step 20] Action=[-0.05127034  0.09978389  0.          0.81202364  0.8118447   0.9980082
 -0.92627853] | Reward=-0.006 | Cum=-0.083 | Info={'shot_attempted': False, 'pass_attempted': False, 'goal_scored': False, 'goal_team': None, 'ball_out_by': None, 'has_ball': False, 'start_shot_bonus': False, 'start_pass_bonus': False, 'possession_lost': False}

[Step 21] Action=[-0.05117236  0.09985109  0.          0.8123674   0.81231296  0.99802214
 -0.92654043] | Reward=-0.006 | Cum=-0.089 | Info={'shot_attempted': False, 'pass_attempted': False, 'goal_scored': False, 'goal_team': None, 'ball_out_by': None, 'has_ball': False, 'start_shot_bonus': False, 'start_pass_bonus': False, 'possession_lost': False}

[Step 22] Action=[-0.05107665  0.09991933  0.          0.8127128   0.8127823   0.9980361
 -0.9268029 ] | Reward=-0.006 | Cum=-0.095 | Info={'shot_attempted': False, 'pass_attempted': False, 'goal_scored': False, 'goal_team': None, 'ball_out_by': None, 'has_ball': False, 'start_shot_bonus': False, 'start_pass_bonus': False, 'possession_lost': False}

[Step 23] Action=[-0.05097904  0.09998956  0.          0.8130577   0.8132527   0.99805
 -0.9270654 ] | Reward=-0.006 | Cum=-0.101 | Info={'shot_attempted': False, 'pass_attempted': False, 'goal_scored': False, 'goal_team': None, 'ball_out_by': None, 'has_ball': False, 'start_shot_bonus': False, 'start_pass_bonus': False, 'possession_lost': False}

[Step 24] Action=[-0.05088202  0.10005967  0.          0.81340164  0.8137215   0.9980637
 -0.92732674] | Reward=-0.006 | Cum=-0.106 | Info={'shot_attempted': False, 'pass_attempted': False, 'goal_scored': False, 'goal_team': None, 'ball_out_by': None, 'has_ball': False, 'start_shot_bonus': False, 'start_pass_bonus': False, 'possession_lost': False}

[Step 25] Action=[-0.05078511  0.10012956  0.          0.81374454  0.8141888   0.99807733
 -0.92758685] | Reward=-0.006 | Cum=-0.112 | Info={'shot_attempted': False, 'pass_attempted': False, 'goal_scored': False, 'goal_team': None, 'ball_out_by': None, 'has_ball': False, 'start_shot_bonus': False, 'start_pass_bonus': False, 'possession_lost': False}

[Step 26] Action=[-0.05068808  0.10019953  0.          0.8140867   0.81465435  0.99809086
 -0.92784584] | Reward=-0.006 | Cum=-0.119 | Info={'shot_attempted': False, 'pass_attempted': False, 'goal_scored': False, 'goal_team': None, 'ball_out_by': None, 'has_ball': False, 'start_shot_bonus': False, 'start_pass_bonus': False, 'possession_lost': False}

[Step 27] Action=[-0.05059118  0.10026941  0.          0.8144276   0.81511843  0.9981043
 -0.9281036 ] | Reward=-0.006 | Cum=-0.125 | Info={'shot_attempted': False, 'pass_attempted': False, 'goal_scored': False, 'goal_team': None, 'ball_out_by': None, 'has_ball': False, 'start_shot_bonus': False, 'start_pass_bonus': False, 'possession_lost': False}

[Step 28] Action=[-0.05049439  0.10033918  0.          0.8147679   0.81558096  0.99811757
 -0.9283602 ] | Reward=-0.006 | Cum=-0.131 | Info={'shot_attempted': False, 'pass_attempted': False, 'goal_scored': False, 'goal_team': None, 'ball_out_by': None, 'has_ball': False, 'start_shot_bonus': False, 'start_pass_bonus': False, 'possession_lost': False}

[Step 29] Action=[-0.05039808  0.10040876  0.          0.815107    0.8160418   0.99813074
 -0.9286156 ] | Reward=-0.007 | Cum=-0.138 | Info={'shot_attempted': False, 'pass_attempted': False, 'goal_scored': False, 'goal_team': None, 'ball_out_by': None, 'has_ball': False, 'start_shot_bonus': False, 'start_pass_bonus': False, 'possession_lost': False}

[Step 30] Action=[-0.05031056  0.10048501  0.          0.8154451   0.81649977  0.9981438
 -0.9288691 ] | Reward=-0.007 | Cum=-0.145 | Info={'shot_attempted': False, 'pass_attempted': False, 'goal_scored': False, 'goal_team': None, 'ball_out_by': None, 'has_ball': False, 'start_shot_bonus': False, 'start_pass_bonus': False, 'possession_lost': False}

[Step 31] Action=[-0.05023351  0.1005689   0.          0.81578195  0.8169547   0.9981567
 -0.92912054] | Reward=-0.007 | Cum=-0.152 | Info={'shot_attempted': False, 'pass_attempted': False, 'goal_scored': False, 'goal_team': None, 'ball_out_by': None, 'has_ball': False, 'start_shot_bonus': False, 'start_pass_bonus': False, 'possession_lost': False}

[Step 32] Action=[-0.05015705  0.1006529   0.          0.81611794  0.8174079   0.99816954
 -0.9293709 ] | Reward=-0.007 | Cum=-0.158 | Info={'shot_attempted': False, 'pass_attempted': False, 'goal_scored': False, 'goal_team': None, 'ball_out_by': None, 'has_ball': False, 'start_shot_bonus': False, 'start_pass_bonus': False, 'possession_lost': False}

[Step 33] Action=[-0.05008035  0.1007368   0.          0.816453    0.8178596   0.99818224
 -0.9296201 ] | Reward=-0.007 | Cum=-0.165 | Info={'shot_attempted': False, 'pass_attempted': False, 'goal_scored': False, 'goal_team': None, 'ball_out_by': None, 'has_ball': False, 'start_shot_bonus': False, 'start_pass_bonus': False, 'possession_lost': False}

[Step 34] Action=[-0.05000401  0.10082056  0.          0.81678706  0.81830984  0.9981949
 -0.92986816] | Reward=-0.007 | Cum=-0.173 | Info={'shot_attempted': False, 'pass_attempted': False, 'goal_scored': False, 'goal_team': None, 'ball_out_by': None, 'has_ball': False, 'start_shot_bonus': False, 'start_pass_bonus': False, 'possession_lost': False}

[Step 35] Action=[-0.04992755  0.10090419  0.          0.8171202   0.8187585   0.9982074
 -0.93011504] | Reward=-0.007 | Cum=-0.180 | Info={'shot_attempted': False, 'pass_attempted': False, 'goal_scored': False, 'goal_team': None, 'ball_out_by': None, 'has_ball': False, 'start_shot_bonus': False, 'start_pass_bonus': False, 'possession_lost': False}

[Step 36] Action=[-0.04985121  0.10098795  0.          0.8174524   0.81920564  0.9982198
 -0.93036085] | Reward=-0.007 | Cum=-0.187 | Info={'shot_attempted': False, 'pass_attempted': False, 'goal_scored': False, 'goal_team': None, 'ball_out_by': None, 'has_ball': False, 'start_shot_bonus': False, 'start_pass_bonus': False, 'possession_lost': False}

[Step 37] Action=[-0.0497776   0.1010728   0.          0.8177847   0.81965256  0.9982321
 -0.9306055 ] | Reward=-0.007 | Cum=-0.195 | Info={'shot_attempted': False, 'pass_attempted': False, 'goal_scored': False, 'goal_team': None, 'ball_out_by': None, 'has_ball': False, 'start_shot_bonus': False, 'start_pass_bonus': False, 'possession_lost': False}

[Step 38] Action=[-0.04971434  0.10116302  0.          0.81812084  0.82010454  0.9982444
 -0.930849  ] | Reward=-0.007 | Cum=-0.202 | Info={'shot_attempted': False, 'pass_attempted': False, 'goal_scored': False, 'goal_team': None, 'ball_out_by': None, 'has_ball': False, 'start_shot_bonus': False, 'start_pass_bonus': False, 'possession_lost': False}

[Step 39] Action=[-0.04965084  0.10125017  0.          0.8184574   0.8205556   0.9982566
 -0.93109214] | Reward=-0.008 | Cum=-0.210 | Info={'shot_attempted': False, 'pass_attempted': False, 'goal_scored': False, 'goal_team': None, 'ball_out_by': None, 'has_ball': False, 'start_shot_bonus': False, 'start_pass_bonus': False, 'possession_lost': False}

[Step 40] Action=[-0.04959364  0.10133372  0.          0.81879765  0.82100505  0.99826884
 -0.9313357 ] | Reward=-0.008 | Cum=-0.218 | Info={'shot_attempted': False, 'pass_attempted': False, 'goal_scored': False, 'goal_team': None, 'ball_out_by': None, 'has_ball': False, 'start_shot_bonus': False, 'start_pass_bonus': False, 'possession_lost': False}

[Step 41] Action=[-0.0495393   0.10141808  0.          0.8191369   0.82145315  0.998281
 -0.93157846] | Reward=-0.008 | Cum=-0.226 | Info={'shot_attempted': False, 'pass_attempted': False, 'goal_scored': False, 'goal_team': None, 'ball_out_by': None, 'has_ball': False, 'start_shot_bonus': False, 'start_pass_bonus': False, 'possession_lost': False}

[Step 42] Action=[-0.04948424  0.10150246  0.          0.81947535  0.8218998   0.99829304
 -0.93182003] | Reward=-0.008 | Cum=-0.234 | Info={'shot_attempted': False, 'pass_attempted': False, 'goal_scored': False, 'goal_team': None, 'ball_out_by': None, 'has_ball': False, 'start_shot_bonus': False, 'start_pass_bonus': False, 'possession_lost': False}

[Step 43] Action=[-0.04942966  0.10158666  0.          0.8198128   0.82234484  0.99830496
 -0.9320606 ] | Reward=-0.008 | Cum=-0.242 | Info={'shot_attempted': False, 'pass_attempted': False, 'goal_scored': False, 'goal_team': None, 'ball_out_by': None, 'has_ball': False, 'start_shot_bonus': False, 'start_pass_bonus': False, 'possession_lost': False}

[Step 44] Action=[-0.04937519  0.1016715   0.          0.82014924  0.8227883   0.9983168
 -0.93230003] | Reward=-0.008 | Cum=-0.251 | Info={'shot_attempted': False, 'pass_attempted': False, 'goal_scored': False, 'goal_team': None, 'ball_out_by': 'att_1', 'has_ball': False, 'start_shot_bonus': False, 'start_pass_bonus': False, 'possession_lost': False}

