Debug log for att_3 (Episode 600)
================================================================================
[Step 1] Action=[ 0.92165196 -0.99730486  0.          0.5028003   0.02161302  0.38692412
  0.99882966] | Reward=-0.003 | Cum=-0.003 | Info={'shot_attempted': False, 'pass_attempted': False, 'goal_scored': False, 'goal_team': None, 'ball_out_by': None, 'has_ball': False, 'start_shot_bonus': False, 'start_pass_bonus': False, 'possession_lost': False}

[Step 2] Action=[ 0.921874   -0.9973216   0.          0.5033018   0.02173735  0.38708386
  0.998838  ] | Reward=-0.003 | Cum=-0.006 | Info={'shot_attempted': False, 'pass_attempted': False, 'goal_scored': False, 'goal_team': None, 'ball_out_by': None, 'has_ball': False, 'start_shot_bonus': False, 'start_pass_bonus': False, 'possession_lost': False}

[Step 3] Action=[ 0.92188644 -0.9973227   0.          0.5033541   0.02171939  0.38709235
  0.99883854] | Reward=-0.003 | Cum=-0.008 | Info={'shot_attempted': False, 'pass_attempted': False, 'goal_scored': False, 'goal_team': None, 'ball_out_by': None, 'has_ball': False, 'start_shot_bonus': False, 'start_pass_bonus': False, 'possession_lost': False}

[Step 4] Action=[ 0.92189896 -0.9973238   0.          0.5034067   0.02170182  0.3871013
  0.9988391 ] | Reward=-0.003 | Cum=-0.011 | Info={'shot_attempted': False, 'pass_attempted': False, 'goal_scored': False, 'goal_team': None, 'ball_out_by': None, 'has_ball': False, 'start_shot_bonus': False, 'start_pass_bonus': False, 'possession_lost': False}

[Step 5] Action=[ 0.92191154 -0.99732494  0.          0.5034596   0.02168439  0.3871099
  0.9988396 ] | Reward=-0.003 | Cum=-0.014 | Info={'shot_attempted': False, 'pass_attempted': False, 'goal_scored': False, 'goal_team': None, 'ball_out_by': None, 'has_ball': False, 'start_shot_bonus': False, 'start_pass_bonus': False, 'possession_lost': False}

[Step 6] Action=[ 0.92192423 -0.997326    0.          0.50351274  0.02166807  0.3871189
  0.99884015] | Reward=-0.003 | Cum=-0.017 | Info={'shot_attempted': False, 'pass_attempted': False, 'goal_scored': False, 'goal_team': None, 'ball_out_by': None, 'has_ball': False, 'start_shot_bonus': False, 'start_pass_bonus': False, 'possession_lost': False}

[Step 7] Action=[ 0.92193687 -0.99732715  0.          0.50356597  0.02165159  0.38712794
  0.9988407 ] | Reward=-0.002 | Cum=-0.019 | Info={'shot_attempted': False, 'pass_attempted': False, 'goal_scored': False, 'goal_team': None, 'ball_out_by': None, 'has_ball': False, 'start_shot_bonus': False, 'start_pass_bonus': False, 'possession_lost': False}

[Step 8] Action=[ 0.92194957 -0.9973283   0.          0.5036192   0.02163539  0.38713697
  0.9988412 ] | Reward=-0.002 | Cum=-0.022 | Info={'shot_attempted': False, 'pass_attempted': False, 'goal_scored': False, 'goal_team': None, 'ball_out_by': None, 'has_ball': False, 'start_shot_bonus': False, 'start_pass_bonus': False, 'possession_lost': False}

[Step 9] Action=[ 0.9219622  -0.9973294   0.          0.5036723   0.02161883  0.38714597
  0.99884176] | Reward=-0.002 | Cum=-0.024 | Info={'shot_attempted': False, 'pass_attempted': False, 'goal_scored': False, 'goal_team': None, 'ball_out_by': None, 'has_ball': False, 'start_shot_bonus': False, 'start_pass_bonus': False, 'possession_lost': False}

[Step 10] Action=[ 0.9219749  -0.99733055  0.          0.50372565  0.02160247  0.3871549
  0.9988423 ] | Reward=-0.002 | Cum=-0.027 | Info={'shot_attempted': False, 'pass_attempted': False, 'goal_scored': False, 'goal_team': None, 'ball_out_by': None, 'has_ball': False, 'start_shot_bonus': False, 'start_pass_bonus': False, 'possession_lost': False}

[Step 11] Action=[ 0.92198753 -0.9973317   0.          0.50377876  0.02158612  0.38716412
  0.99884284] | Reward=-0.002 | Cum=-0.029 | Info={'shot_attempted': False, 'pass_attempted': False, 'goal_scored': False, 'goal_team': None, 'ball_out_by': None, 'has_ball': False, 'start_shot_bonus': False, 'start_pass_bonus': False, 'possession_lost': False}

[Step 12] Action=[ 0.9220002  -0.99733275  0.          0.503832    0.02156953  0.38717303
  0.9988434 ] | Reward=-0.003 | Cum=-0.032 | Info={'shot_attempted': False, 'pass_attempted': False, 'goal_scored': False, 'goal_team': None, 'ball_out_by': None, 'has_ball': False, 'start_shot_bonus': False, 'start_pass_bonus': False, 'possession_lost': False}

[Step 13] Action=[ 0.9220129  -0.9973339   0.          0.5038851   0.02155332  0.38718215
  0.9988439 ] | Reward=-0.003 | Cum=-0.034 | Info={'shot_attempted': False, 'pass_attempted': False, 'goal_scored': False, 'goal_team': None, 'ball_out_by': None, 'has_ball': False, 'start_shot_bonus': False, 'start_pass_bonus': False, 'possession_lost': False}

[Step 14] Action=[ 0.9220256  -0.997335    0.          0.50393826  0.02153691  0.38719097
  0.99884444] | Reward=-0.002 | Cum=-0.037 | Info={'shot_attempted': False, 'pass_attempted': False, 'goal_scored': False, 'goal_team': None, 'ball_out_by': None, 'has_ball': False, 'start_shot_bonus': False, 'start_pass_bonus': False, 'possession_lost': False}

[Step 15] Action=[ 0.9220382  -0.99733615  0.          0.50399154  0.02152044  0.3872001
  0.998845  ] | Reward=-0.002 | Cum=-0.039 | Info={'shot_attempted': False, 'pass_attempted': False, 'goal_scored': False, 'goal_team': None, 'ball_out_by': None, 'has_ball': False, 'start_shot_bonus': False, 'start_pass_bonus': False, 'possession_lost': False}

[Step 16] Action=[ 0.9220509  -0.9973373   0.          0.5040448   0.02150411  0.3872092
  0.99884546] | Reward=-0.002 | Cum=-0.041 | Info={'shot_attempted': False, 'pass_attempted': False, 'goal_scored': False, 'goal_team': None, 'ball_out_by': None, 'has_ball': False, 'start_shot_bonus': False, 'start_pass_bonus': False, 'possession_lost': False}

[Step 17] Action=[ 0.9220635  -0.99733835  0.          0.5040978   0.02148761  0.38721812
  0.998846  ] | Reward=-0.002 | Cum=-0.043 | Info={'shot_attempted': False, 'pass_attempted': False, 'goal_scored': False, 'goal_team': None, 'ball_out_by': None, 'has_ball': False, 'start_shot_bonus': False, 'start_pass_bonus': False, 'possession_lost': False}

[Step 18] Action=[ 0.9220762  -0.9973395   0.          0.5041511   0.02147128  0.38722706
  0.99884653] | Reward=-0.002 | Cum=-0.045 | Info={'shot_attempted': False, 'pass_attempted': False, 'goal_scored': False, 'goal_team': None, 'ball_out_by': None, 'has_ball': False, 'start_shot_bonus': False, 'start_pass_bonus': False, 'possession_lost': False}

[Step 19] Action=[ 0.92208886 -0.9973406   0.          0.5042044   0.02145493  0.38723636
  0.99884707] | Reward=-0.002 | Cum=-0.048 | Info={'shot_attempted': False, 'pass_attempted': False, 'goal_scored': False, 'goal_team': None, 'ball_out_by': None, 'has_ball': False, 'start_shot_bonus': False, 'start_pass_bonus': False, 'possession_lost': False}

[Step 20] Action=[ 0.92210156 -0.99734175  0.          0.50425726  0.02143849  0.3872453
  0.9988476 ] | Reward=-0.002 | Cum=-0.050 | Info={'shot_attempted': False, 'pass_attempted': False, 'goal_scored': False, 'goal_team': None, 'ball_out_by': None, 'has_ball': False, 'start_shot_bonus': False, 'start_pass_bonus': False, 'possession_lost': False}

[Step 21] Action=[ 0.9388613  -0.998488    0.          0.5426984   0.04305862  0.40743342
  0.9993429 ] | Reward=-0.002 | Cum=-0.052 | Info={'shot_attempted': False, 'pass_attempted': False, 'goal_scored': False, 'goal_team': None, 'ball_out_by': None, 'has_ball': False, 'start_shot_bonus': False, 'start_pass_bonus': False, 'possession_lost': False}

[Step 22] Action=[ 0.93881726 -0.9984859   0.          0.54265624  0.04302191  0.40737098
  0.99934185] | Reward=-0.002 | Cum=-0.053 | Info={'shot_attempted': False, 'pass_attempted': False, 'goal_scored': False, 'goal_team': None, 'ball_out_by': None, 'has_ball': False, 'start_shot_bonus': False, 'start_pass_bonus': False, 'possession_lost': False}

[Step 23] Action=[ 0.9387732  -0.9984838   0.          0.5426141   0.04298532  0.40730795
  0.99934083] | Reward=-0.002 | Cum=-0.055 | Info={'shot_attempted': False, 'pass_attempted': False, 'goal_scored': False, 'goal_team': None, 'ball_out_by': None, 'has_ball': False, 'start_shot_bonus': False, 'start_pass_bonus': False, 'possession_lost': False}

[Step 24] Action=[ 0.9387291  -0.9984817   0.          0.5425721   0.04294868  0.40724522
  0.99933976] | Reward=-0.002 | Cum=-0.057 | Info={'shot_attempted': False, 'pass_attempted': False, 'goal_scored': False, 'goal_team': None, 'ball_out_by': None, 'has_ball': False, 'start_shot_bonus': False, 'start_pass_bonus': False, 'possession_lost': False}

[Step 25] Action=[ 0.93873703 -0.9984822   0.          0.5426127   0.04293651  0.4072505
  0.99934   ] | Reward=-0.002 | Cum=-0.060 | Info={'shot_attempted': False, 'pass_attempted': False, 'goal_scored': False, 'goal_team': None, 'ball_out_by': None, 'has_ball': False, 'start_shot_bonus': False, 'start_pass_bonus': False, 'possession_lost': False}

[Step 26] Action=[ 0.938745   -0.9984827   0.          0.5426538   0.04292473  0.40725565
  0.99934024] | Reward=-0.002 | Cum=-0.062 | Info={'shot_attempted': False, 'pass_attempted': False, 'goal_scored': False, 'goal_team': None, 'ball_out_by': None, 'has_ball': False, 'start_shot_bonus': False, 'start_pass_bonus': False, 'possession_lost': False}

[Step 27] Action=[ 0.93875295 -0.99848324  0.          0.5426944   0.04291271  0.4072613
  0.9993405 ] | Reward=-0.002 | Cum=-0.064 | Info={'shot_attempted': False, 'pass_attempted': False, 'goal_scored': False, 'goal_team': None, 'ball_out_by': None, 'has_ball': False, 'start_shot_bonus': False, 'start_pass_bonus': False, 'possession_lost': False}

[Step 28] Action=[ 0.9387609  -0.9984837   0.          0.5427352   0.04290066  0.4072663
  0.9993407 ] | Reward=-0.002 | Cum=-0.065 | Info={'shot_attempted': False, 'pass_attempted': False, 'goal_scored': False, 'goal_team': None, 'ball_out_by': None, 'has_ball': False, 'start_shot_bonus': False, 'start_pass_bonus': False, 'possession_lost': False}

[Step 29] Action=[ 0.9387688  -0.99848425  0.          0.5427759   0.04288853  0.40727165
  0.999341  ] | Reward=-0.002 | Cum=-0.067 | Info={'shot_attempted': False, 'pass_attempted': False, 'goal_scored': False, 'goal_team': None, 'ball_out_by': None, 'has_ball': False, 'start_shot_bonus': False, 'start_pass_bonus': False, 'possession_lost': False}

[Step 30] Action=[ 0.93877673 -0.9984848   0.          0.5428167   0.0428766   0.40727675
  0.99934125] | Reward=-0.002 | Cum=-0.069 | Info={'shot_attempted': False, 'pass_attempted': False, 'goal_scored': False, 'goal_team': None, 'ball_out_by': None, 'has_ball': False, 'start_shot_bonus': False, 'start_pass_bonus': False, 'possession_lost': False}

[Step 31] Action=[ 0.9387847  -0.99848527  0.          0.5428574   0.04286458  0.4072822
  0.9993415 ] | Reward=-0.002 | Cum=-0.071 | Info={'shot_attempted': False, 'pass_attempted': False, 'goal_scored': False, 'goal_team': None, 'ball_out_by': None, 'has_ball': False, 'start_shot_bonus': False, 'start_pass_bonus': False, 'possession_lost': False}

[Step 32] Action=[ 0.93879265 -0.9984858   0.          0.5428981   0.04285262  0.40728778
  0.9993417 ] | Reward=-0.002 | Cum=-0.073 | Info={'shot_attempted': False, 'pass_attempted': False, 'goal_scored': False, 'goal_team': None, 'ball_out_by': None, 'has_ball': False, 'start_shot_bonus': False, 'start_pass_bonus': False, 'possession_lost': False}

[Step 33] Action=[ 0.9388006  -0.9984863   0.          0.5429389   0.04284051  0.40729284
  0.99934196] | Reward=-0.001 | Cum=-0.074 | Info={'shot_attempted': False, 'pass_attempted': False, 'goal_scored': False, 'goal_team': None, 'ball_out_by': None, 'has_ball': False, 'start_shot_bonus': False, 'start_pass_bonus': False, 'possession_lost': False}

[Step 34] Action=[ 0.9388085  -0.9984868   0.          0.5429796   0.04282859  0.40729803
  0.9993422 ] | Reward=-0.001 | Cum=-0.075 | Info={'shot_attempted': False, 'pass_attempted': False, 'goal_scored': False, 'goal_team': None, 'ball_out_by': None, 'has_ball': False, 'start_shot_bonus': False, 'start_pass_bonus': False, 'possession_lost': False}

[Step 35] Action=[ 0.9388165  -0.9984873   0.          0.5430204   0.04281651  0.40730357
  0.99934244] | Reward=-0.002 | Cum=-0.077 | Info={'shot_attempted': False, 'pass_attempted': False, 'goal_scored': False, 'goal_team': None, 'ball_out_by': None, 'has_ball': False, 'start_shot_bonus': False, 'start_pass_bonus': False, 'possession_lost': False}

[Step 36] Action=[ 0.9388244  -0.99848783  0.          0.54306126  0.04280458  0.40730876
  0.9993427 ] | Reward=-0.002 | Cum=-0.079 | Info={'shot_attempted': False, 'pass_attempted': False, 'goal_scored': False, 'goal_team': None, 'ball_out_by': None, 'has_ball': False, 'start_shot_bonus': False, 'start_pass_bonus': False, 'possession_lost': False}

[Step 37] Action=[ 0.93883234 -0.99848837  0.          0.54310185  0.04279253  0.4073139
  0.9993429 ] | Reward=-0.002 | Cum=-0.081 | Info={'shot_attempted': False, 'pass_attempted': False, 'goal_scored': False, 'goal_team': None, 'ball_out_by': None, 'has_ball': False, 'start_shot_bonus': False, 'start_pass_bonus': False, 'possession_lost': False}

[Step 38] Action=[ 0.93884027 -0.99848884  0.          0.5431427   0.04278043  0.4073193
  0.99934316] | Reward=-0.002 | Cum=-0.083 | Info={'shot_attempted': False, 'pass_attempted': False, 'goal_scored': False, 'goal_team': None, 'ball_out_by': None, 'has_ball': False, 'start_shot_bonus': False, 'start_pass_bonus': False, 'possession_lost': False}

[Step 39] Action=[ 0.9388482  -0.9984894   0.          0.54318345  0.04276855  0.40732425
  0.9993434 ] | Reward=-0.001 | Cum=-0.084 | Info={'shot_attempted': False, 'pass_attempted': False, 'goal_scored': False, 'goal_team': None, 'ball_out_by': None, 'has_ball': False, 'start_shot_bonus': False, 'start_pass_bonus': False, 'possession_lost': False}

[Step 40] Action=[ 0.9388562  -0.99848986  0.          0.5432242   0.04275645  0.40732962
  0.99934363] | Reward=-0.001 | Cum=-0.085 | Info={'shot_attempted': False, 'pass_attempted': False, 'goal_scored': False, 'goal_team': None, 'ball_out_by': None, 'has_ball': False, 'start_shot_bonus': False, 'start_pass_bonus': False, 'possession_lost': False}

[Step 41] Action=[ 0.93886405 -0.9984904   0.          0.543265    0.04274464  0.407335
  0.9993439 ] | Reward=-0.002 | Cum=-0.087 | Info={'shot_attempted': False, 'pass_attempted': False, 'goal_scored': False, 'goal_team': None, 'ball_out_by': None, 'has_ball': False, 'start_shot_bonus': False, 'start_pass_bonus': False, 'possession_lost': False}

[Step 42] Action=[ 0.93887204 -0.99849087  0.          0.5433057   0.0427325   0.40734017
  0.9993441 ] | Reward=-0.002 | Cum=-0.089 | Info={'shot_attempted': False, 'pass_attempted': False, 'goal_scored': False, 'goal_team': None, 'ball_out_by': None, 'has_ball': False, 'start_shot_bonus': False, 'start_pass_bonus': False, 'possession_lost': False}

[Step 43] Action=[ 0.9388799  -0.9984914   0.          0.5433464   0.04272045  0.40734553
  0.9993444 ] | Reward=-0.002 | Cum=-0.090 | Info={'shot_attempted': False, 'pass_attempted': False, 'goal_scored': False, 'goal_team': None, 'ball_out_by': None, 'has_ball': False, 'start_shot_bonus': False, 'start_pass_bonus': False, 'possession_lost': False}

[Step 44] Action=[ 0.9388879  -0.9984919   0.          0.5433873   0.04270846  0.4073508
  0.99934465] | Reward=-0.002 | Cum=-0.092 | Info={'shot_attempted': False, 'pass_attempted': False, 'goal_scored': False, 'goal_team': None, 'ball_out_by': None, 'has_ball': False, 'start_shot_bonus': False, 'start_pass_bonus': False, 'possession_lost': False}

[Step 45] Action=[ 0.9388958  -0.9984924   0.          0.543428    0.04269651  0.40735608
  0.9993449 ] | Reward=-0.002 | Cum=-0.094 | Info={'shot_attempted': False, 'pass_attempted': False, 'goal_scored': False, 'goal_team': None, 'ball_out_by': None, 'has_ball': False, 'start_shot_bonus': False, 'start_pass_bonus': False, 'possession_lost': False}

[Step 46] Action=[ 0.93890375 -0.9984929   0.          0.54346865  0.04268452  0.40736136
  0.9993451 ] | Reward=-0.001 | Cum=-0.095 | Info={'shot_attempted': False, 'pass_attempted': False, 'goal_scored': False, 'goal_team': None, 'ball_out_by': None, 'has_ball': False, 'start_shot_bonus': False, 'start_pass_bonus': False, 'possession_lost': False}

[Step 47] Action=[ 0.9389117  -0.99849343  0.          0.5435093   0.04267247  0.40736663
  0.99934536] | Reward=-0.002 | Cum=-0.096 | Info={'shot_attempted': False, 'pass_attempted': False, 'goal_scored': False, 'goal_team': None, 'ball_out_by': None, 'has_ball': False, 'start_shot_bonus': False, 'start_pass_bonus': False, 'possession_lost': False}

[Step 48] Action=[ 0.9389202  -0.99849397  0.          0.54355305  0.04266096  0.40737247
  0.9993456 ] | Reward=-0.002 | Cum=-0.098 | Info={'shot_attempted': False, 'pass_attempted': False, 'goal_scored': False, 'goal_team': None, 'ball_out_by': None, 'has_ball': False, 'start_shot_bonus': False, 'start_pass_bonus': False, 'possession_lost': False}

[Step 49] Action=[ 0.93892837 -0.9984945   0.          0.5435947   0.04264918  0.40737796
  0.99934584] | Reward=-0.002 | Cum=-0.099 | Info={'shot_attempted': False, 'pass_attempted': False, 'goal_scored': False, 'goal_team': None, 'ball_out_by': None, 'has_ball': False, 'start_shot_bonus': False, 'start_pass_bonus': False, 'possession_lost': False}

[Step 50] Action=[ 0.9389365  -0.99849504  0.          0.54363626  0.04263746  0.40738353
  0.99934614] | Reward=-0.002 | Cum=-0.101 | Info={'shot_attempted': False, 'pass_attempted': False, 'goal_scored': False, 'goal_team': None, 'ball_out_by': None, 'has_ball': False, 'start_shot_bonus': False, 'start_pass_bonus': False, 'possession_lost': False}

[Step 51] Action=[ 0.93894464 -0.9984956   0.          0.54367787  0.04262559  0.4073888
  0.9993464 ] | Reward=-0.002 | Cum=-0.102 | Info={'shot_attempted': False, 'pass_attempted': False, 'goal_scored': False, 'goal_team': None, 'ball_out_by': None, 'has_ball': False, 'start_shot_bonus': False, 'start_pass_bonus': False, 'possession_lost': False}

[Step 52] Action=[ 0.9389528  -0.9984961   0.          0.5437195   0.0426138   0.40739426
  0.9993466 ] | Reward=-0.001 | Cum=-0.103 | Info={'shot_attempted': False, 'pass_attempted': False, 'goal_scored': False, 'goal_team': None, 'ball_out_by': None, 'has_ball': False, 'start_shot_bonus': False, 'start_pass_bonus': False, 'possession_lost': False}

[Step 53] Action=[ 0.93896097 -0.99849665  0.          0.5437612   0.04260194  0.40739945
  0.99934685] | Reward=-0.001 | Cum=-0.105 | Info={'shot_attempted': False, 'pass_attempted': False, 'goal_scored': False, 'goal_team': None, 'ball_out_by': None, 'has_ball': False, 'start_shot_bonus': False, 'start_pass_bonus': False, 'possession_lost': False}

[Step 54] Action=[ 0.93896914 -0.9984971   0.          0.5438028   0.04259022  0.407405
  0.9993471 ] | Reward=-0.001 | Cum=-0.106 | Info={'shot_attempted': False, 'pass_attempted': False, 'goal_scored': False, 'goal_team': None, 'ball_out_by': None, 'has_ball': False, 'start_shot_bonus': False, 'start_pass_bonus': False, 'possession_lost': False}

[Step 55] Action=[ 0.9389773  -0.99849766  0.          0.5438442   0.04257832  0.40741038
  0.9993473 ] | Reward=-0.001 | Cum=-0.108 | Info={'shot_attempted': False, 'pass_attempted': False, 'goal_scored': False, 'goal_team': None, 'ball_out_by': None, 'has_ball': False, 'start_shot_bonus': False, 'start_pass_bonus': False, 'possession_lost': False}

[Step 56] Action=[ 0.9389854  -0.9984982   0.          0.5438857   0.04256677  0.40741575
  0.9993476 ] | Reward=-0.001 | Cum=-0.109 | Info={'shot_attempted': False, 'pass_attempted': False, 'goal_scored': False, 'goal_team': None, 'ball_out_by': None, 'has_ball': False, 'start_shot_bonus': False, 'start_pass_bonus': False, 'possession_lost': False}

[Step 57] Action=[ 0.9389936  -0.99849874  0.          0.54392755  0.04255484  0.40742132
  0.99934787] | Reward=-0.001 | Cum=-0.111 | Info={'shot_attempted': False, 'pass_attempted': False, 'goal_scored': False, 'goal_team': None, 'ball_out_by': None, 'has_ball': False, 'start_shot_bonus': False, 'start_pass_bonus': False, 'possession_lost': False}

[Step 58] Action=[ 0.93900174 -0.9984993   0.          0.54396904  0.04254315  0.40742686
  0.9993481 ] | Reward=-0.001 | Cum=-0.112 | Info={'shot_attempted': False, 'pass_attempted': False, 'goal_scored': False, 'goal_team': None, 'ball_out_by': None, 'has_ball': False, 'start_shot_bonus': False, 'start_pass_bonus': False, 'possession_lost': False}

[Step 59] Action=[ 0.9390099  -0.99849975  0.          0.5440107   0.04253117  0.40743235
  0.99934834] | Reward=-0.001 | Cum=-0.114 | Info={'shot_attempted': False, 'pass_attempted': False, 'goal_scored': False, 'goal_team': None, 'ball_out_by': None, 'has_ball': False, 'start_shot_bonus': False, 'start_pass_bonus': False, 'possession_lost': False}

[Step 60] Action=[ 0.93963987 -0.99854386  0.          0.5473136   0.04275211  0.4091579
  0.99935985] | Reward=-0.001 | Cum=-0.115 | Info={'shot_attempted': False, 'pass_attempted': False, 'goal_scored': False, 'goal_team': None, 'ball_out_by': None, 'has_ball': False, 'start_shot_bonus': False, 'start_pass_bonus': False, 'possession_lost': False}

[Step 61] Action=[ 0.93961996 -0.998543    0.          0.5473258   0.04272575  0.40913767
  0.9993594 ] | Reward=-0.001 | Cum=-0.117 | Info={'shot_attempted': False, 'pass_attempted': False, 'goal_scored': False, 'goal_team': None, 'ball_out_by': None, 'has_ball': False, 'start_shot_bonus': False, 'start_pass_bonus': False, 'possession_lost': False}

[Step 62] Action=[ 0.93959993 -0.99854225  0.          0.54733753  0.04269918  0.40911752
  0.999359  ] | Reward=-0.001 | Cum=-0.118 | Info={'shot_attempted': False, 'pass_attempted': False, 'goal_scored': False, 'goal_team': None, 'ball_out_by': None, 'has_ball': False, 'start_shot_bonus': False, 'start_pass_bonus': False, 'possession_lost': False}

[Step 63] Action=[ 0.93958235 -0.99854153  0.          0.54735315  0.04267345  0.40909618
  0.99935865] | Reward=-0.001 | Cum=-0.119 | Info={'shot_attempted': False, 'pass_attempted': False, 'goal_scored': False, 'goal_team': None, 'ball_out_by': None, 'has_ball': False, 'start_shot_bonus': False, 'start_pass_bonus': False, 'possession_lost': False}

[Step 64] Action=[ 0.93956524 -0.9985408   0.          0.5473692   0.04264808  0.40907446
  0.9993583 ] | Reward=-0.001 | Cum=-0.121 | Info={'shot_attempted': False, 'pass_attempted': False, 'goal_scored': False, 'goal_team': None, 'ball_out_by': None, 'has_ball': False, 'start_shot_bonus': False, 'start_pass_bonus': False, 'possession_lost': False}

[Step 65] Action=[ 0.93957675 -0.9985415   0.          0.5474162   0.04263766  0.40907902
  0.9993586 ] | Reward=-0.001 | Cum=-0.122 | Info={'shot_attempted': False, 'pass_attempted': False, 'goal_scored': False, 'goal_team': None, 'ball_out_by': None, 'has_ball': False, 'start_shot_bonus': False, 'start_pass_bonus': False, 'possession_lost': False}

[Step 66] Action=[ 0.93958825 -0.99854213  0.          0.54746324  0.04262716  0.40908387
  0.9993589 ] | Reward=-0.001 | Cum=-0.124 | Info={'shot_attempted': False, 'pass_attempted': False, 'goal_scored': False, 'goal_team': None, 'ball_out_by': None, 'has_ball': False, 'start_shot_bonus': False, 'start_pass_bonus': False, 'possession_lost': False}

[Step 67] Action=[ 0.93959975 -0.99854285  0.          0.54751045  0.04261681  0.40908873
  0.99935925] | Reward=-0.001 | Cum=-0.125 | Info={'shot_attempted': False, 'pass_attempted': False, 'goal_scored': False, 'goal_team': None, 'ball_out_by': None, 'has_ball': False, 'start_shot_bonus': False, 'start_pass_bonus': False, 'possession_lost': False}

[Step 68] Action=[ 0.93961126 -0.9985435   0.          0.5475573   0.04260613  0.4090934
  0.99935955] | Reward=-0.001 | Cum=-0.127 | Info={'shot_attempted': False, 'pass_attempted': False, 'goal_scored': False, 'goal_team': None, 'ball_out_by': None, 'has_ball': False, 'start_shot_bonus': False, 'start_pass_bonus': False, 'possession_lost': False}

[Step 69] Action=[ 0.93962276 -0.99854416  0.          0.54760444  0.04259563  0.40909797
  0.99935985] | Reward=-0.001 | Cum=-0.128 | Info={'shot_attempted': False, 'pass_attempted': False, 'goal_scored': False, 'goal_team': None, 'ball_out_by': None, 'has_ball': False, 'start_shot_bonus': False, 'start_pass_bonus': False, 'possession_lost': False}

[Step 70] Action=[ 0.93963426 -0.9985448   0.          0.5476514   0.04258522  0.40910274
  0.99936014] | Reward=-0.001 | Cum=-0.129 | Info={'shot_attempted': False, 'pass_attempted': False, 'goal_scored': False, 'goal_team': None, 'ball_out_by': None, 'has_ball': False, 'start_shot_bonus': False, 'start_pass_bonus': False, 'possession_lost': False}

[Step 71] Action=[ 0.93964577 -0.9985455   0.          0.5476985   0.04257477  0.4091073
  0.9993605 ] | Reward=-0.002 | Cum=-0.132 | Info={'shot_attempted': False, 'pass_attempted': False, 'goal_scored': False, 'goal_team': None, 'ball_out_by': None, 'has_ball': False, 'start_shot_bonus': False, 'start_pass_bonus': False, 'possession_lost': False}

[Step 72] Action=[ 0.9396572  -0.9985462   0.          0.5477457   0.0425643   0.40911224
  0.9993608 ] | Reward=-0.001 | Cum=-0.133 | Info={'shot_attempted': False, 'pass_attempted': False, 'goal_scored': False, 'goal_team': None, 'ball_out_by': None, 'has_ball': False, 'start_shot_bonus': False, 'start_pass_bonus': False, 'possession_lost': False}

[Step 73] Action=[ 0.9396688  -0.99854684  0.          0.54779273  0.0425538   0.40911692
  0.9993611 ] | Reward=-0.001 | Cum=-0.134 | Info={'shot_attempted': False, 'pass_attempted': False, 'goal_scored': False, 'goal_team': None, 'ball_out_by': None, 'has_ball': False, 'start_shot_bonus': False, 'start_pass_bonus': False, 'possession_lost': False}

[Step 74] Action=[ 0.9396802  -0.9985475   0.          0.54783964  0.04254333  0.40912157
  0.9993614 ] | Reward=-0.001 | Cum=-0.136 | Info={'shot_attempted': False, 'pass_attempted': False, 'goal_scored': False, 'goal_team': None, 'ball_out_by': None, 'has_ball': False, 'start_shot_bonus': False, 'start_pass_bonus': False, 'possession_lost': False}

[Step 75] Action=[ 0.9396917  -0.99854815  0.          0.54788667  0.04253283  0.40912634
  0.9993617 ] | Reward=-0.001 | Cum=-0.137 | Info={'shot_attempted': False, 'pass_attempted': False, 'goal_scored': False, 'goal_team': None, 'ball_out_by': None, 'has_ball': False, 'start_shot_bonus': False, 'start_pass_bonus': False, 'possession_lost': False}

[Step 76] Action=[ 0.9397032  -0.9985488   0.          0.54793376  0.04252242  0.4091311
  0.99936205] | Reward=-0.002 | Cum=-0.139 | Info={'shot_attempted': False, 'pass_attempted': False, 'goal_scored': False, 'goal_team': None, 'ball_out_by': None, 'has_ball': False, 'start_shot_bonus': False, 'start_pass_bonus': False, 'possession_lost': False}

[Step 77] Action=[ 0.93971467 -0.9985495   0.          0.54798067  0.04251177  0.40913567
  0.99936235] | Reward=-0.002 | Cum=-0.142 | Info={'shot_attempted': False, 'pass_attempted': False, 'goal_scored': False, 'goal_team': None, 'ball_out_by': None, 'has_ball': False, 'start_shot_bonus': False, 'start_pass_bonus': False, 'possession_lost': False}

[Step 78] Action=[ 0.9397262  -0.9985502   0.          0.5480277   0.04250151  0.40914044
  0.99936265] | Reward=-0.002 | Cum=-0.143 | Info={'shot_attempted': False, 'pass_attempted': False, 'goal_scored': False, 'goal_team': None, 'ball_out_by': None, 'has_ball': False, 'start_shot_bonus': False, 'start_pass_bonus': False, 'possession_lost': False}

[Step 79] Action=[ 0.9397377  -0.99855083  0.          0.5480749   0.04249103  0.409145
  0.99936295] | Reward=-0.002 | Cum=-0.145 | Info={'shot_attempted': False, 'pass_attempted': False, 'goal_scored': False, 'goal_team': None, 'ball_out_by': None, 'has_ball': False, 'start_shot_bonus': False, 'start_pass_bonus': False, 'possession_lost': False}

[Step 80] Action=[ 0.9397491  -0.9985515   0.          0.5481219   0.04248062  0.40914997
  0.9993633 ] | Reward=-0.002 | Cum=-0.146 | Info={'shot_attempted': False, 'pass_attempted': False, 'goal_scored': False, 'goal_team': None, 'ball_out_by': None, 'has_ball': False, 'start_shot_bonus': False, 'start_pass_bonus': False, 'possession_lost': False}

[Step 81] Action=[ 0.9397606  -0.99855214  0.          0.5481689   0.04247     0.40915453
  0.9993636 ] | Reward=-0.002 | Cum=-0.148 | Info={'shot_attempted': False, 'pass_attempted': False, 'goal_scored': False, 'goal_team': None, 'ball_out_by': None, 'has_ball': False, 'start_shot_bonus': False, 'start_pass_bonus': False, 'possession_lost': False}

[Step 82] Action=[ 0.9397721  -0.9985528   0.          0.54821587  0.04245944  0.4091587
  0.9993639 ] | Reward=-0.002 | Cum=-0.150 | Info={'shot_attempted': False, 'pass_attempted': False, 'goal_scored': False, 'goal_team': None, 'ball_out_by': None, 'has_ball': False, 'start_shot_bonus': False, 'start_pass_bonus': False, 'possession_lost': False}

[Step 83] Action=[ 0.9397837  -0.99855345  0.          0.5482627   0.04244805  0.4091597
  0.9993642 ] | Reward=-0.002 | Cum=-0.152 | Info={'shot_attempted': False, 'pass_attempted': False, 'goal_scored': False, 'goal_team': None, 'ball_out_by': None, 'has_ball': False, 'start_shot_bonus': False, 'start_pass_bonus': False, 'possession_lost': False}

[Step 84] Action=[ 0.9397952  -0.9985541   0.          0.5483098   0.04243683  0.40916088
  0.99936455] | Reward=-0.002 | Cum=-0.154 | Info={'shot_attempted': False, 'pass_attempted': False, 'goal_scored': False, 'goal_team': None, 'ball_out_by': None, 'has_ball': False, 'start_shot_bonus': False, 'start_pass_bonus': False, 'possession_lost': False}

[Step 85] Action=[ 0.93980676 -0.99855477  0.          0.5483567   0.04242523  0.40916267
  0.99936485] | Reward=-0.002 | Cum=-0.156 | Info={'shot_attempted': False, 'pass_attempted': False, 'goal_scored': False, 'goal_team': None, 'ball_out_by': None, 'has_ball': False, 'start_shot_bonus': False, 'start_pass_bonus': False, 'possession_lost': False}

[Step 86] Action=[ 0.9398183  -0.9985554   0.          0.5484037   0.04241395  0.40916386
  0.99936515] | Reward=-0.002 | Cum=-0.157 | Info={'shot_attempted': False, 'pass_attempted': False, 'goal_scored': False, 'goal_team': None, 'ball_out_by': None, 'has_ball': False, 'start_shot_bonus': False, 'start_pass_bonus': False, 'possession_lost': False}

[Step 87] Action=[ 0.9398299  -0.9985561   0.          0.5484504   0.04240283  0.40916505
  0.9993655 ] | Reward=-0.002 | Cum=-0.159 | Info={'shot_attempted': False, 'pass_attempted': False, 'goal_scored': False, 'goal_team': None, 'ball_out_by': None, 'has_ball': False, 'start_shot_bonus': False, 'start_pass_bonus': False, 'possession_lost': False}

[Step 88] Action=[ 0.93984145 -0.99855673  0.          0.5484975   0.04239093  0.40916723
  0.9993658 ] | Reward=-0.002 | Cum=-0.161 | Info={'shot_attempted': False, 'pass_attempted': False, 'goal_scored': False, 'goal_team': None, 'ball_out_by': None, 'has_ball': False, 'start_shot_bonus': False, 'start_pass_bonus': False, 'possession_lost': False}

[Step 89] Action=[ 0.939853   -0.9985574   0.          0.5485446   0.04237921  0.40916863
  0.9993661 ] | Reward=-0.002 | Cum=-0.164 | Info={'shot_attempted': False, 'pass_attempted': False, 'goal_scored': False, 'goal_team': None, 'ball_out_by': None, 'has_ball': False, 'start_shot_bonus': False, 'start_pass_bonus': False, 'possession_lost': False}

[Step 90] Action=[ 0.93986464 -0.99855804  0.          0.5485917   0.04236782  0.40917063
  0.99936646] | Reward=-0.002 | Cum=-0.166 | Info={'shot_attempted': False, 'pass_attempted': False, 'goal_scored': False, 'goal_team': None, 'ball_out_by': None, 'has_ball': False, 'start_shot_bonus': False, 'start_pass_bonus': False, 'possession_lost': False}

[Step 91] Action=[ 0.93987614 -0.9985587   0.          0.5486387   0.04235603  0.4091728
  0.99936676] | Reward=-0.002 | Cum=-0.168 | Info={'shot_attempted': False, 'pass_attempted': False, 'goal_scored': False, 'goal_team': None, 'ball_out_by': None, 'has_ball': False, 'start_shot_bonus': False, 'start_pass_bonus': False, 'possession_lost': False}

[Step 92] Action=[ 0.93988776 -0.99855936  0.          0.54868555  0.04234434  0.4091748
  0.99936706] | Reward=-0.002 | Cum=-0.170 | Info={'shot_attempted': False, 'pass_attempted': False, 'goal_scored': False, 'goal_team': None, 'ball_out_by': None, 'has_ball': False, 'start_shot_bonus': False, 'start_pass_bonus': False, 'possession_lost': False}

[Step 93] Action=[ 0.9398993  -0.99856     0.          0.5487327   0.04233268  0.40917677
  0.9993674 ] | Reward=-0.002 | Cum=-0.171 | Info={'shot_attempted': False, 'pass_attempted': False, 'goal_scored': False, 'goal_team': None, 'ball_out_by': None, 'has_ball': False, 'start_shot_bonus': False, 'start_pass_bonus': False, 'possession_lost': False}

[Step 94] Action=[ 0.9399109  -0.99856067  0.          0.54877967  0.04232099  0.40917835
  0.9993677 ] | Reward=-0.002 | Cum=-0.174 | Info={'shot_attempted': False, 'pass_attempted': False, 'goal_scored': False, 'goal_team': None, 'ball_out_by': None, 'has_ball': False, 'start_shot_bonus': False, 'start_pass_bonus': False, 'possession_lost': False}

[Step 95] Action=[ 0.93992245 -0.9985613   0.          0.5488265   0.04230933  0.40918055
  0.999368  ] | Reward=-0.002 | Cum=-0.176 | Info={'shot_attempted': False, 'pass_attempted': False, 'goal_scored': False, 'goal_team': None, 'ball_out_by': None, 'has_ball': False, 'start_shot_bonus': False, 'start_pass_bonus': False, 'possession_lost': False}

[Step 96] Action=[ 0.939934   -0.998562    0.          0.54887354  0.04229779  0.40918213
  0.99936837] | Reward=-0.002 | Cum=-0.179 | Info={'shot_attempted': False, 'pass_attempted': False, 'goal_scored': False, 'goal_team': None, 'ball_out_by': None, 'has_ball': False, 'start_shot_bonus': False, 'start_pass_bonus': False, 'possession_lost': False}

[Step 97] Action=[ 0.9399456  -0.99856263  0.          0.54892063  0.04228598  0.4091843
  0.99936867] | Reward=-0.002 | Cum=-0.181 | Info={'shot_attempted': False, 'pass_attempted': False, 'goal_scored': False, 'goal_team': None, 'ball_out_by': None, 'has_ball': False, 'start_shot_bonus': False, 'start_pass_bonus': False, 'possession_lost': False}

[Step 98] Action=[ 0.93995714 -0.9985633   0.          0.5489678   0.04227417  0.4091861
  0.99936897] | Reward=-0.002 | Cum=-0.183 | Info={'shot_attempted': False, 'pass_attempted': False, 'goal_scored': False, 'goal_team': None, 'ball_out_by': None, 'has_ball': False, 'start_shot_bonus': False, 'start_pass_bonus': False, 'possession_lost': False}

[Step 99] Action=[ 0.9399687  -0.99856395  0.          0.5490146   0.04226242  0.40918827
  0.9993693 ] | Reward=-0.002 | Cum=-0.185 | Info={'shot_attempted': False, 'pass_attempted': False, 'goal_scored': False, 'goal_team': None, 'ball_out_by': None, 'has_ball': False, 'start_shot_bonus': False, 'start_pass_bonus': False, 'possession_lost': False}

[Step 100] Action=[ 0.93998027 -0.9985646   0.          0.5490616   0.04225084  0.40918988
  0.9993696 ] | Reward=-0.003 | Cum=-0.188 | Info={'shot_attempted': False, 'pass_attempted': False, 'goal_scored': False, 'goal_team': None, 'ball_out_by': None, 'has_ball': False, 'start_shot_bonus': False, 'start_pass_bonus': False, 'possession_lost': False}

[Step 101] Action=[ 0.93999183 -0.99856526  0.          0.54910856  0.04223912  0.40919197
  0.9993699 ] | Reward=-0.003 | Cum=-0.190 | Info={'shot_attempted': False, 'pass_attempted': False, 'goal_scored': False, 'goal_team': None, 'ball_out_by': None, 'has_ball': False, 'start_shot_bonus': False, 'start_pass_bonus': False, 'possession_lost': False}

[Step 102] Action=[ 0.9400034  -0.9985659   0.          0.54915565  0.04222779  0.40919384
  0.9993703 ] | Reward=-0.003 | Cum=-0.193 | Info={'shot_attempted': False, 'pass_attempted': False, 'goal_scored': False, 'goal_team': None, 'ball_out_by': None, 'has_ball': False, 'start_shot_bonus': False, 'start_pass_bonus': False, 'possession_lost': False}

[Step 103] Action=[ 0.94001496 -0.99856657  0.          0.5492027   0.04221607  0.40919542
  0.9993706 ] | Reward=-0.003 | Cum=-0.196 | Info={'shot_attempted': False, 'pass_attempted': False, 'goal_scored': False, 'goal_team': None, 'ball_out_by': None, 'has_ball': False, 'start_shot_bonus': False, 'start_pass_bonus': False, 'possession_lost': False}

[Step 104] Action=[ 0.9400265  -0.9985672   0.          0.54924965  0.04220399  0.4091978
  0.9993709 ] | Reward=-0.002 | Cum=-0.198 | Info={'shot_attempted': False, 'pass_attempted': False, 'goal_scored': False, 'goal_team': None, 'ball_out_by': None, 'has_ball': False, 'start_shot_bonus': False, 'start_pass_bonus': False, 'possession_lost': False}

[Step 105] Action=[ 0.9400381  -0.9985678   0.          0.54929656  0.04219235  0.40919968
  0.99937123] | Reward=-0.002 | Cum=-0.200 | Info={'shot_attempted': False, 'pass_attempted': False, 'goal_scored': False, 'goal_team': None, 'ball_out_by': None, 'has_ball': False, 'start_shot_bonus': False, 'start_pass_bonus': False, 'possession_lost': False}

[Step 106] Action=[ 0.94004965 -0.9985685   0.          0.5493435   0.04218072  0.4092016
  0.9993715 ] | Reward=-0.003 | Cum=-0.203 | Info={'shot_attempted': False, 'pass_attempted': False, 'goal_scored': False, 'goal_team': None, 'ball_out_by': None, 'has_ball': False, 'start_shot_bonus': False, 'start_pass_bonus': False, 'possession_lost': False}

[Step 107] Action=[ 0.94006115 -0.99856913  0.          0.54939044  0.04216891  0.40920338
  0.9993718 ] | Reward=-0.003 | Cum=-0.206 | Info={'shot_attempted': False, 'pass_attempted': False, 'goal_scored': False, 'goal_team': None, 'ball_out_by': None, 'has_ball': False, 'start_shot_bonus': False, 'start_pass_bonus': False, 'possession_lost': False}

[Step 108] Action=[ 0.9400727  -0.9985698   0.          0.5494374   0.04215734  0.40920517
  0.9993721 ] | Reward=-0.003 | Cum=-0.209 | Info={'shot_attempted': False, 'pass_attempted': False, 'goal_scored': False, 'goal_team': None, 'ball_out_by': None, 'has_ball': False, 'start_shot_bonus': False, 'start_pass_bonus': False, 'possession_lost': False}

[Step 109] Action=[ 0.9400843  -0.99857044  0.          0.54948455  0.04214577  0.40920755
  0.9993725 ] | Reward=-0.003 | Cum=-0.211 | Info={'shot_attempted': False, 'pass_attempted': False, 'goal_scored': False, 'goal_team': None, 'ball_out_by': None, 'has_ball': False, 'start_shot_bonus': False, 'start_pass_bonus': False, 'possession_lost': False}

[Step 110] Action=[ 0.94009584 -0.9985711   0.          0.5495314   0.04213402  0.4092093
  0.9993728 ] | Reward=-0.003 | Cum=-0.214 | Info={'shot_attempted': False, 'pass_attempted': False, 'goal_scored': False, 'goal_team': None, 'ball_out_by': None, 'has_ball': False, 'start_shot_bonus': False, 'start_pass_bonus': False, 'possession_lost': False}

[Step 111] Action=[ 0.94010735 -0.99857175  0.          0.54957855  0.04212224  0.4092113
  0.9993731 ] | Reward=-0.002 | Cum=-0.217 | Info={'shot_attempted': False, 'pass_attempted': False, 'goal_scored': False, 'goal_team': None, 'ball_out_by': None, 'has_ball': False, 'start_shot_bonus': False, 'start_pass_bonus': False, 'possession_lost': False}

[Step 112] Action=[ 0.94011885 -0.9985724   0.          0.5496253   0.04211069  0.4092131
  0.99937344] | Reward=-0.003 | Cum=-0.220 | Info={'shot_attempted': False, 'pass_attempted': False, 'goal_scored': False, 'goal_team': None, 'ball_out_by': None, 'has_ball': False, 'start_shot_bonus': False, 'start_pass_bonus': False, 'possession_lost': False}

[Step 113] Action=[ 0.9401304  -0.99857306  0.          0.54967254  0.04209894  0.40921468
  0.99937373] | Reward=-0.003 | Cum=-0.223 | Info={'shot_attempted': False, 'pass_attempted': False, 'goal_scored': False, 'goal_team': None, 'ball_out_by': None, 'has_ball': False, 'start_shot_bonus': False, 'start_pass_bonus': False, 'possession_lost': False}

[Step 114] Action=[ 0.940142   -0.9985737   0.          0.54971933  0.0420874   0.40921667
  0.99937403] | Reward=-0.003 | Cum=-0.226 | Info={'shot_attempted': False, 'pass_attempted': False, 'goal_scored': False, 'goal_team': None, 'ball_out_by': None, 'has_ball': False, 'start_shot_bonus': False, 'start_pass_bonus': False, 'possession_lost': False}

[Step 115] Action=[ 0.94015354 -0.9985744   0.          0.5497664   0.04207571  0.40921864
  0.9993744 ] | Reward=-0.003 | Cum=-0.229 | Info={'shot_attempted': False, 'pass_attempted': False, 'goal_scored': False, 'goal_team': None, 'ball_out_by': None, 'has_ball': False, 'start_shot_bonus': False, 'start_pass_bonus': False, 'possession_lost': False}

[Step 116] Action=[ 0.94016504 -0.998575    0.          0.54981333  0.04206404  0.40922064
  0.9993747 ] | Reward=-0.003 | Cum=-0.232 | Info={'shot_attempted': False, 'pass_attempted': False, 'goal_scored': False, 'goal_team': None, 'ball_out_by': None, 'has_ball': False, 'start_shot_bonus': False, 'start_pass_bonus': False, 'possession_lost': False}

[Step 117] Action=[ 0.9401766  -0.9985756   0.          0.54986024  0.0420523   0.40922263
  0.999375  ] | Reward=-0.003 | Cum=-0.236 | Info={'shot_attempted': False, 'pass_attempted': False, 'goal_scored': False, 'goal_team': None, 'ball_out_by': None, 'has_ball': False, 'start_shot_bonus': False, 'start_pass_bonus': False, 'possession_lost': False}

[Step 118] Action=[ 0.9401881  -0.9985763   0.          0.5499073   0.04204052  0.4092246
  0.9993753 ] | Reward=-0.003 | Cum=-0.239 | Info={'shot_attempted': False, 'pass_attempted': False, 'goal_scored': False, 'goal_team': None, 'ball_out_by': None, 'has_ball': False, 'start_shot_bonus': False, 'start_pass_bonus': False, 'possession_lost': False}

[Step 119] Action=[ 0.9401997  -0.99857694  0.          0.5499543   0.04202885  0.4092264
  0.99937564] | Reward=-0.003 | Cum=-0.242 | Info={'shot_attempted': False, 'pass_attempted': False, 'goal_scored': False, 'goal_team': None, 'ball_out_by': None, 'has_ball': False, 'start_shot_bonus': False, 'start_pass_bonus': False, 'possession_lost': False}

[Step 120] Action=[ 0.9402112  -0.9985776   0.          0.550001    0.04201737  0.40922838
  0.99937594] | Reward=-0.003 | Cum=-0.246 | Info={'shot_attempted': False, 'pass_attempted': False, 'goal_scored': False, 'goal_team': None, 'ball_out_by': None, 'has_ball': False, 'start_shot_bonus': False, 'start_pass_bonus': False, 'possession_lost': False}

[Step 121] Action=[ 0.94022274 -0.99857825  0.          0.5500481   0.04200559  0.40923038
  0.99937624] | Reward=-0.003 | Cum=-0.249 | Info={'shot_attempted': False, 'pass_attempted': False, 'goal_scored': False, 'goal_team': None, 'ball_out_by': None, 'has_ball': False, 'start_shot_bonus': False, 'start_pass_bonus': False, 'possession_lost': False}

[Step 122] Action=[ 0.94023424 -0.9985789   0.          0.5500951   0.04199384  0.40923235
  0.99937654] | Reward=-0.003 | Cum=-0.253 | Info={'shot_attempted': False, 'pass_attempted': False, 'goal_scored': False, 'goal_team': None, 'ball_out_by': None, 'has_ball': False, 'start_shot_bonus': False, 'start_pass_bonus': False, 'possession_lost': False}

[Step 123] Action=[ 0.94024575 -0.9985795   0.          0.55014193  0.04198226  0.40923414
  0.9993769 ] | Reward=-0.004 | Cum=-0.257 | Info={'shot_attempted': False, 'pass_attempted': False, 'goal_scored': False, 'goal_team': None, 'ball_out_by': None, 'has_ball': False, 'start_shot_bonus': False, 'start_pass_bonus': False, 'possession_lost': False}

[Step 124] Action=[ 0.94025725 -0.99858016  0.          0.550189    0.04197039  0.4092363
  0.9993772 ] | Reward=-0.004 | Cum=-0.261 | Info={'shot_attempted': False, 'pass_attempted': False, 'goal_scored': False, 'goal_team': None, 'ball_out_by': None, 'has_ball': False, 'start_shot_bonus': False, 'start_pass_bonus': False, 'possession_lost': False}

[Step 125] Action=[ 0.9402688  -0.9985808   0.          0.55023587  0.04195888  0.4092381
  0.9993775 ] | Reward=-0.004 | Cum=-0.264 | Info={'shot_attempted': False, 'pass_attempted': False, 'goal_scored': False, 'goal_team': None, 'ball_out_by': None, 'has_ball': False, 'start_shot_bonus': False, 'start_pass_bonus': False, 'possession_lost': False}

[Step 126] Action=[ 0.9402803  -0.99858147  0.          0.55028284  0.04194704  0.40924
  0.99937785] | Reward=-0.004 | Cum=-0.268 | Info={'shot_attempted': False, 'pass_attempted': False, 'goal_scored': False, 'goal_team': None, 'ball_out_by': None, 'has_ball': False, 'start_shot_bonus': False, 'start_pass_bonus': False, 'possession_lost': False}

[Step 127] Action=[ 0.9402918  -0.9985821   0.          0.5503298   0.04193556  0.40924168
  0.99937814] | Reward=-0.004 | Cum=-0.272 | Info={'shot_attempted': False, 'pass_attempted': False, 'goal_scored': False, 'goal_team': None, 'ball_out_by': None, 'has_ball': False, 'start_shot_bonus': False, 'start_pass_bonus': False, 'possession_lost': False}

[Step 128] Action=[ 0.9403033  -0.9985828   0.          0.55037665  0.0419239   0.40924367
  0.99937844] | Reward=-0.004 | Cum=-0.275 | Info={'shot_attempted': False, 'pass_attempted': False, 'goal_scored': False, 'goal_team': None, 'ball_out_by': None, 'has_ball': False, 'start_shot_bonus': False, 'start_pass_bonus': False, 'possession_lost': False}

[Step 129] Action=[ 0.9403149  -0.9985834   0.          0.5504236   0.04191217  0.40924576
  0.99937874] | Reward=-0.004 | Cum=-0.280 | Info={'shot_attempted': False, 'pass_attempted': False, 'goal_scored': False, 'goal_team': None, 'ball_out_by': None, 'has_ball': False, 'start_shot_bonus': False, 'start_pass_bonus': False, 'possession_lost': False}

[Step 130] Action=[ 0.9403264  -0.99858403  0.          0.5504707   0.04190045  0.40924764
  0.9993791 ] | Reward=-0.004 | Cum=-0.284 | Info={'shot_attempted': False, 'pass_attempted': False, 'goal_scored': False, 'goal_team': None, 'ball_out_by': None, 'has_ball': False, 'start_shot_bonus': False, 'start_pass_bonus': False, 'possession_lost': False}

[Step 131] Action=[ 0.9403379  -0.9985847   0.          0.5505176   0.04188876  0.40924942
  0.9993794 ] | Reward=-0.004 | Cum=-0.288 | Info={'shot_attempted': False, 'pass_attempted': False, 'goal_scored': False, 'goal_team': None, 'ball_out_by': None, 'has_ball': False, 'start_shot_bonus': False, 'start_pass_bonus': False, 'possession_lost': False}

[Step 132] Action=[ 0.9403494  -0.99858534  0.          0.5505645   0.04187722  0.4092514
  0.9993797 ] | Reward=-0.004 | Cum=-0.292 | Info={'shot_attempted': False, 'pass_attempted': False, 'goal_scored': False, 'goal_team': None, 'ball_out_by': None, 'has_ball': False, 'start_shot_bonus': False, 'start_pass_bonus': False, 'possession_lost': False}

[Step 133] Action=[ 0.9403609  -0.998586    0.          0.5506114   0.04186549  0.4092536
  0.99938   ] | Reward=-0.004 | Cum=-0.296 | Info={'shot_attempted': False, 'pass_attempted': False, 'goal_scored': False, 'goal_team': None, 'ball_out_by': None, 'has_ball': False, 'start_shot_bonus': False, 'start_pass_bonus': False, 'possession_lost': False}

[Step 134] Action=[ 0.9403724  -0.99858665  0.          0.5506582   0.04185377  0.40925527
  0.9993803 ] | Reward=-0.004 | Cum=-0.300 | Info={'shot_attempted': False, 'pass_attempted': False, 'goal_scored': False, 'goal_team': None, 'ball_out_by': None, 'has_ball': False, 'start_shot_bonus': False, 'start_pass_bonus': False, 'possession_lost': False}

[Step 135] Action=[ 0.9403839  -0.99858725  0.          0.55070543  0.04184196  0.40925735
  0.99938065] | Reward=-0.005 | Cum=-0.305 | Info={'shot_attempted': False, 'pass_attempted': False, 'goal_scored': False, 'goal_team': None, 'ball_out_by': None, 'has_ball': False, 'start_shot_bonus': False, 'start_pass_bonus': False, 'possession_lost': False}

[Step 136] Action=[ 0.9403954  -0.9985879   0.          0.55075216  0.04183054  0.40925944
  0.99938095] | Reward=-0.004 | Cum=-0.309 | Info={'shot_attempted': False, 'pass_attempted': False, 'goal_scored': False, 'goal_team': None, 'ball_out_by': None, 'has_ball': False, 'start_shot_bonus': False, 'start_pass_bonus': False, 'possession_lost': False}

[Step 137] Action=[ 0.9404069  -0.99858856  0.          0.5507992   0.0418187   0.40926114
  0.99938124] | Reward=-0.004 | Cum=-0.314 | Info={'shot_attempted': False, 'pass_attempted': False, 'goal_scored': False, 'goal_team': None, 'ball_out_by': None, 'has_ball': False, 'start_shot_bonus': False, 'start_pass_bonus': False, 'possession_lost': False}

[Step 138] Action=[ 0.9404184  -0.9985892   0.          0.55084604  0.04180722  0.4092628
  0.99938154] | Reward=-0.004 | Cum=-0.318 | Info={'shot_attempted': False, 'pass_attempted': False, 'goal_scored': False, 'goal_team': None, 'ball_out_by': None, 'has_ball': False, 'start_shot_bonus': False, 'start_pass_bonus': False, 'possession_lost': False}

[Step 139] Action=[ 0.9404299  -0.9985898   0.          0.550893    0.04179558  0.4092649
  0.9993819 ] | Reward=-0.004 | Cum=-0.323 | Info={'shot_attempted': False, 'pass_attempted': False, 'goal_scored': False, 'goal_team': None, 'ball_out_by': None, 'has_ball': False, 'start_shot_bonus': False, 'start_pass_bonus': False, 'possession_lost': False}

[Step 140] Action=[ 0.9404414  -0.99859047  0.          0.5509399   0.04178383  0.4092669
  0.9993822 ] | Reward=-0.004 | Cum=-0.327 | Info={'shot_attempted': False, 'pass_attempted': False, 'goal_scored': False, 'goal_team': None, 'ball_out_by': None, 'has_ball': False, 'start_shot_bonus': False, 'start_pass_bonus': False, 'possession_lost': False}

[Step 141] Action=[ 0.94045293 -0.9985911   0.          0.5509868   0.04177208  0.40926898
  0.9993825 ] | Reward=-0.005 | Cum=-0.332 | Info={'shot_attempted': False, 'pass_attempted': False, 'goal_scored': False, 'goal_team': None, 'ball_out_by': None, 'has_ball': False, 'start_shot_bonus': False, 'start_pass_bonus': False, 'possession_lost': False}

[Step 142] Action=[ 0.94046444 -0.9985918   0.          0.5510339   0.04176027  0.40927076
  0.9993828 ] | Reward=-0.005 | Cum=-0.337 | Info={'shot_attempted': False, 'pass_attempted': False, 'goal_scored': False, 'goal_team': None, 'ball_out_by': None, 'has_ball': False, 'start_shot_bonus': False, 'start_pass_bonus': False, 'possession_lost': False}

[Step 143] Action=[ 0.9404759  -0.99859244  0.          0.5510808   0.04174893  0.40927255
  0.99938315] | Reward=-0.005 | Cum=-0.342 | Info={'shot_attempted': False, 'pass_attempted': False, 'goal_scored': False, 'goal_team': None, 'ball_out_by': None, 'has_ball': False, 'start_shot_bonus': False, 'start_pass_bonus': False, 'possession_lost': False}

[Step 144] Action=[ 0.9404874  -0.99859303  0.          0.55112827  0.04173798  0.40927345
  0.99938345] | Reward=-0.005 | Cum=-0.347 | Info={'shot_attempted': False, 'pass_attempted': False, 'goal_scored': False, 'goal_team': None, 'ball_out_by': None, 'has_ball': False, 'start_shot_bonus': False, 'start_pass_bonus': False, 'possession_lost': False}

[Step 145] Action=[ 0.940499   -0.9985937   0.          0.55117667  0.04172802  0.40927362
  0.99938375] | Reward=-0.005 | Cum=-0.352 | Info={'shot_attempted': False, 'pass_attempted': False, 'goal_scored': False, 'goal_team': None, 'ball_out_by': None, 'has_ball': False, 'start_shot_bonus': False, 'start_pass_bonus': False, 'possession_lost': False}

[Step 146] Action=[ 0.9405105  -0.99859434  0.          0.5512251   0.04171802  0.40927333
  0.99938405] | Reward=-0.005 | Cum=-0.356 | Info={'shot_attempted': False, 'pass_attempted': False, 'goal_scored': False, 'goal_team': None, 'ball_out_by': None, 'has_ball': False, 'start_shot_bonus': False, 'start_pass_bonus': False, 'possession_lost': False}

[Step 147] Action=[ 0.9405221  -0.998595    0.          0.5512736   0.04170782  0.40927362
  0.99938434] | Reward=-0.006 | Cum=-0.362 | Info={'shot_attempted': False, 'pass_attempted': False, 'goal_scored': False, 'goal_team': None, 'ball_out_by': None, 'has_ball': False, 'start_shot_bonus': False, 'start_pass_bonus': False, 'possession_lost': False}

[Step 148] Action=[ 0.94053364 -0.99859565  0.          0.55132174  0.04169785  0.40927324
  0.99938464] | Reward=-0.006 | Cum=-0.367 | Info={'shot_attempted': False, 'pass_attempted': False, 'goal_scored': False, 'goal_team': None, 'ball_out_by': None, 'has_ball': False, 'start_shot_bonus': False, 'start_pass_bonus': False, 'possession_lost': False}

[Step 149] Action=[ 0.9405452  -0.9985963   0.          0.55137026  0.04168768  0.40927362
  0.999385  ] | Reward=-0.005 | Cum=-0.373 | Info={'shot_attempted': False, 'pass_attempted': False, 'goal_scored': False, 'goal_team': None, 'ball_out_by': None, 'has_ball': False, 'start_shot_bonus': False, 'start_pass_bonus': False, 'possession_lost': False}

[Step 150] Action=[ 0.94055736 -0.99859697  0.          0.5514188   0.04168048  0.40927583
  0.9993853 ] | Reward=-0.005 | Cum=-0.378 | Info={'shot_attempted': False, 'pass_attempted': False, 'goal_scored': False, 'goal_team': None, 'ball_out_by': None, 'has_ball': False, 'start_shot_bonus': False, 'start_pass_bonus': False, 'possession_lost': False}

[Step 151] Action=[ 0.94057006 -0.9985977   0.          0.55146706  0.04167334  0.40928018
  0.99938565] | Reward=-0.005 | Cum=-0.383 | Info={'shot_attempted': False, 'pass_attempted': False, 'goal_scored': False, 'goal_team': None, 'ball_out_by': None, 'has_ball': False, 'start_shot_bonus': False, 'start_pass_bonus': False, 'possession_lost': False}

[Step 152] Action=[ 0.9405831  -0.99859846  0.          0.5515159   0.04166584  0.40928465
  0.999386  ] | Reward=-0.005 | Cum=-0.388 | Info={'shot_attempted': False, 'pass_attempted': False, 'goal_scored': False, 'goal_team': None, 'ball_out_by': None, 'has_ball': False, 'start_shot_bonus': False, 'start_pass_bonus': False, 'possession_lost': False}

[Step 153] Action=[ 0.94059616 -0.9985992   0.          0.5515649   0.04165829  0.4092898
  0.99938637] | Reward=-0.006 | Cum=-0.394 | Info={'shot_attempted': False, 'pass_attempted': False, 'goal_scored': False, 'goal_team': None, 'ball_out_by': None, 'has_ball': False, 'start_shot_bonus': False, 'start_pass_bonus': False, 'possession_lost': False}

[Step 154] Action=[ 0.9406093  -0.99859995  0.          0.55161387  0.04165085  0.4092945
  0.99938667] | Reward=-0.006 | Cum=-0.400 | Info={'shot_attempted': False, 'pass_attempted': False, 'goal_scored': False, 'goal_team': None, 'ball_out_by': None, 'has_ball': False, 'start_shot_bonus': False, 'start_pass_bonus': False, 'possession_lost': False}

[Step 155] Action=[ 0.9406224  -0.99860066  0.          0.5516628   0.04164359  0.40929905
  0.999387  ] | Reward=-0.006 | Cum=-0.406 | Info={'shot_attempted': False, 'pass_attempted': False, 'goal_scored': False, 'goal_team': None, 'ball_out_by': None, 'has_ball': False, 'start_shot_bonus': False, 'start_pass_bonus': False, 'possession_lost': False}

[Step 156] Action=[ 0.9406355  -0.99860144  0.          0.55171174  0.04163609  0.4093036
  0.9993874 ] | Reward=-0.006 | Cum=-0.412 | Info={'shot_attempted': False, 'pass_attempted': False, 'goal_scored': False, 'goal_team': None, 'ball_out_by': None, 'has_ball': False, 'start_shot_bonus': False, 'start_pass_bonus': False, 'possession_lost': False}

[Step 157] Action=[ 0.9406485  -0.99860215  0.          0.5517606   0.04162868  0.40930837
  0.99938774] | Reward=-0.006 | Cum=-0.417 | Info={'shot_attempted': False, 'pass_attempted': False, 'goal_scored': False, 'goal_team': None, 'ball_out_by': None, 'has_ball': False, 'start_shot_bonus': False, 'start_pass_bonus': False, 'possession_lost': False}

[Step 158] Action=[ 0.9406616  -0.99860287  0.          0.5518095   0.04162128  0.40931293
  0.9993881 ] | Reward=-0.006 | Cum=-0.423 | Info={'shot_attempted': False, 'pass_attempted': False, 'goal_scored': False, 'goal_team': None, 'ball_out_by': None, 'has_ball': False, 'start_shot_bonus': False, 'start_pass_bonus': False, 'possession_lost': False}

[Step 159] Action=[ 0.94067466 -0.99860364  0.          0.55185854  0.04161369  0.4093179
  0.99938846] | Reward=-0.006 | Cum=-0.429 | Info={'shot_attempted': False, 'pass_attempted': False, 'goal_scored': False, 'goal_team': None, 'ball_out_by': None, 'has_ball': False, 'start_shot_bonus': False, 'start_pass_bonus': False, 'possession_lost': False}

[Step 160] Action=[ 0.9406878  -0.99860436  0.          0.5519074   0.04160631  0.40932247
  0.9993888 ] | Reward=-0.006 | Cum=-0.436 | Info={'shot_attempted': False, 'pass_attempted': False, 'goal_scored': False, 'goal_team': None, 'ball_out_by': None, 'has_ball': False, 'start_shot_bonus': False, 'start_pass_bonus': False, 'possession_lost': False}

[Step 161] Action=[ 0.9407008  -0.99860513  0.          0.55195636  0.04159884  0.40932742
  0.9993892 ] | Reward=-0.006 | Cum=-0.442 | Info={'shot_attempted': False, 'pass_attempted': False, 'goal_scored': False, 'goal_team': None, 'ball_out_by': None, 'has_ball': False, 'start_shot_bonus': False, 'start_pass_bonus': False, 'possession_lost': False}

[Step 162] Action=[ 0.9407139  -0.99860585  0.          0.55200523  0.04159141  0.40933198
  0.9993895 ] | Reward=-0.006 | Cum=-0.448 | Info={'shot_attempted': False, 'pass_attempted': False, 'goal_scored': False, 'goal_team': None, 'ball_out_by': None, 'has_ball': False, 'start_shot_bonus': False, 'start_pass_bonus': False, 'possession_lost': False}

[Step 163] Action=[ 0.94072694 -0.99860656  0.          0.5520542   0.04158412  0.40933695
  0.9993898 ] | Reward=-0.006 | Cum=-0.454 | Info={'shot_attempted': False, 'pass_attempted': False, 'goal_scored': False, 'goal_team': None, 'ball_out_by': None, 'has_ball': False, 'start_shot_bonus': False, 'start_pass_bonus': False, 'possession_lost': False}

[Step 164] Action=[ 0.94074    -0.99860734  0.          0.5521031   0.04157674  0.4093415
  0.9993902 ] | Reward=-0.007 | Cum=-0.461 | Info={'shot_attempted': False, 'pass_attempted': False, 'goal_scored': False, 'goal_team': None, 'ball_out_by': None, 'has_ball': False, 'start_shot_bonus': False, 'start_pass_bonus': False, 'possession_lost': False}

[Step 165] Action=[ 0.9407531  -0.99860805  0.          0.5521519   0.04156921  0.40934628
  0.99939054] | Reward=-0.007 | Cum=-0.468 | Info={'shot_attempted': False, 'pass_attempted': False, 'goal_scored': False, 'goal_team': None, 'ball_out_by': None, 'has_ball': False, 'start_shot_bonus': False, 'start_pass_bonus': False, 'possession_lost': False}

[Step 166] Action=[ 0.94076616 -0.99860877  0.          0.5522009   0.04156174  0.40935105
  0.9993909 ] | Reward=-0.007 | Cum=-0.475 | Info={'shot_attempted': False, 'pass_attempted': False, 'goal_scored': False, 'goal_team': None, 'ball_out_by': None, 'has_ball': False, 'start_shot_bonus': False, 'start_pass_bonus': False, 'possession_lost': False}

[Step 167] Action=[ 0.94077915 -0.99860954  0.          0.5522498   0.04155442  0.4093558
  0.99939126] | Reward=-0.007 | Cum=-0.481 | Info={'shot_attempted': False, 'pass_attempted': False, 'goal_scored': False, 'goal_team': None, 'ball_out_by': None, 'has_ball': False, 'start_shot_bonus': False, 'start_pass_bonus': False, 'possession_lost': False}

[Step 168] Action=[ 0.94079226 -0.99861026  0.          0.5522988   0.04154702  0.40936056
  0.9993916 ] | Reward=-0.007 | Cum=-0.488 | Info={'shot_attempted': False, 'pass_attempted': False, 'goal_scored': False, 'goal_team': None, 'ball_out_by': None, 'has_ball': False, 'start_shot_bonus': False, 'start_pass_bonus': False, 'possession_lost': False}

[Step 169] Action=[ 0.94080526 -0.998611    0.          0.55234754  0.04153964  0.40936515
  0.999392  ] | Reward=-0.007 | Cum=-0.495 | Info={'shot_attempted': False, 'pass_attempted': False, 'goal_scored': False, 'goal_team': None, 'ball_out_by': None, 'has_ball': False, 'start_shot_bonus': False, 'start_pass_bonus': False, 'possession_lost': False}

[Step 170] Action=[ 0.9408183  -0.99861175  0.          0.5523965   0.04153199  0.4093698
  0.9993923 ] | Reward=-0.007 | Cum=-0.502 | Info={'shot_attempted': False, 'pass_attempted': False, 'goal_scored': False, 'goal_team': None, 'ball_out_by': None, 'has_ball': False, 'start_shot_bonus': False, 'start_pass_bonus': False, 'possession_lost': False}

[Step 171] Action=[ 0.94083136 -0.99861246  0.          0.5524453   0.04152479  0.40937445
  0.9993926 ] | Reward=-0.007 | Cum=-0.509 | Info={'shot_attempted': False, 'pass_attempted': False, 'goal_scored': False, 'goal_team': None, 'ball_out_by': None, 'has_ball': False, 'start_shot_bonus': False, 'start_pass_bonus': False, 'possession_lost': False}

[Step 172] Action=[ 0.9408444  -0.9986132   0.          0.5524941   0.04151718  0.4093795
  0.999393  ] | Reward=-0.007 | Cum=-0.516 | Info={'shot_attempted': False, 'pass_attempted': False, 'goal_scored': False, 'goal_team': None, 'ball_out_by': None, 'has_ball': False, 'start_shot_bonus': False, 'start_pass_bonus': False, 'possession_lost': False}

[Step 173] Action=[ 0.94085747 -0.99861395  0.          0.5525433   0.04150992  0.40938398
  0.99939334] | Reward=-0.007 | Cum=-0.524 | Info={'shot_attempted': False, 'pass_attempted': False, 'goal_scored': False, 'goal_team': None, 'ball_out_by': None, 'has_ball': False, 'start_shot_bonus': False, 'start_pass_bonus': False, 'possession_lost': False}

[Step 174] Action=[ 0.9408705  -0.99861467  0.          0.55259216  0.0415023   0.40938896
  0.9993937 ] | Reward=-0.007 | Cum=-0.531 | Info={'shot_attempted': False, 'pass_attempted': False, 'goal_scored': False, 'goal_team': None, 'ball_out_by': None, 'has_ball': False, 'start_shot_bonus': False, 'start_pass_bonus': False, 'possession_lost': False}

[Step 175] Action=[ 0.9408835  -0.9986154   0.          0.5526409   0.04149484  0.4093936
  0.99939406] | Reward=-0.007 | Cum=-0.538 | Info={'shot_attempted': False, 'pass_attempted': False, 'goal_scored': False, 'goal_team': None, 'ball_out_by': None, 'has_ball': False, 'start_shot_bonus': False, 'start_pass_bonus': False, 'possession_lost': False}

[Step 176] Action=[ 0.9408966  -0.99861616  0.          0.5526899   0.04148751  0.4093983
  0.9993944 ] | Reward=-0.008 | Cum=-0.546 | Info={'shot_attempted': False, 'pass_attempted': False, 'goal_scored': False, 'goal_team': None, 'ball_out_by': None, 'has_ball': False, 'start_shot_bonus': False, 'start_pass_bonus': False, 'possession_lost': False}

[Step 177] Action=[ 0.94090956 -0.9986169   0.          0.55273885  0.04148008  0.40940315
  0.9993947 ] | Reward=-0.008 | Cum=-0.553 | Info={'shot_attempted': False, 'pass_attempted': False, 'goal_scored': False, 'goal_team': None, 'ball_out_by': None, 'has_ball': False, 'start_shot_bonus': False, 'start_pass_bonus': False, 'possession_lost': False}

[Step 178] Action=[ 0.9409226 -0.9986176  0.         0.5527876  0.0414727  0.4094078
  0.9993951] | Reward=-0.008 | Cum=-0.561 | Info={'shot_attempted': False, 'pass_attempted': False, 'goal_scored': False, 'goal_team': None, 'ball_out_by': None, 'has_ball': False, 'start_shot_bonus': False, 'start_pass_bonus': False, 'possession_lost': False}

[Step 179] Action=[ 0.9409357  -0.99861836  0.          0.5528365   0.04146535  0.40941256
  0.99939543] | Reward=-0.008 | Cum=-0.569 | Info={'shot_attempted': False, 'pass_attempted': False, 'goal_scored': False, 'goal_team': None, 'ball_out_by': None, 'has_ball': False, 'start_shot_bonus': False, 'start_pass_bonus': False, 'possession_lost': False}

[Step 180] Action=[ 0.94094867 -0.9986191   0.          0.5528853   0.04145797  0.40941733
  0.9993958 ] | Reward=-0.008 | Cum=-0.577 | Info={'shot_attempted': False, 'pass_attempted': False, 'goal_scored': False, 'goal_team': None, 'ball_out_by': None, 'has_ball': False, 'start_shot_bonus': False, 'start_pass_bonus': False, 'possession_lost': False}

[Step 181] Action=[ 0.9409617  -0.9986198   0.          0.5529343   0.04145036  0.4094222
  0.99939615] | Reward=-0.008 | Cum=-0.584 | Info={'shot_attempted': False, 'pass_attempted': False, 'goal_scored': False, 'goal_team': None, 'ball_out_by': None, 'has_ball': False, 'start_shot_bonus': False, 'start_pass_bonus': False, 'possession_lost': False}

[Step 182] Action=[ 0.9409747  -0.9986205   0.          0.55298305  0.04144298  0.40942696
  0.99939644] | Reward=-0.008 | Cum=-0.593 | Info={'shot_attempted': False, 'pass_attempted': False, 'goal_scored': False, 'goal_team': None, 'ball_out_by': None, 'has_ball': False, 'start_shot_bonus': False, 'start_pass_bonus': False, 'possession_lost': False}

[Step 183] Action=[ 0.94098777 -0.9986213   0.          0.553032    0.0414356   0.4094316
  0.9993968 ] | Reward=-0.008 | Cum=-0.601 | Info={'shot_attempted': False, 'pass_attempted': False, 'goal_scored': False, 'goal_team': None, 'ball_out_by': None, 'has_ball': False, 'start_shot_bonus': False, 'start_pass_bonus': False, 'possession_lost': False}

[Step 184] Action=[ 0.94100076 -0.998622    0.          0.5530809   0.04142822  0.4094363
  0.99939716] | Reward=-0.008 | Cum=-0.609 | Info={'shot_attempted': False, 'pass_attempted': False, 'goal_scored': False, 'goal_team': None, 'ball_out_by': None, 'has_ball': False, 'start_shot_bonus': False, 'start_pass_bonus': False, 'possession_lost': False}

[Step 185] Action=[ 0.94101375 -0.9986227   0.          0.5531297   0.04142081  0.40944114
  0.9993975 ] | Reward=-0.008 | Cum=-0.617 | Info={'shot_attempted': False, 'pass_attempted': False, 'goal_scored': False, 'goal_team': None, 'ball_out_by': None, 'has_ball': False, 'start_shot_bonus': False, 'start_pass_bonus': False, 'possession_lost': False}

[Step 186] Action=[ 0.9410268  -0.99862343  0.          0.55317867  0.04141323  0.4094459
  0.9993979 ] | Reward=-0.008 | Cum=-0.625 | Info={'shot_attempted': False, 'pass_attempted': False, 'goal_scored': False, 'goal_team': None, 'ball_out_by': None, 'has_ball': False, 'start_shot_bonus': False, 'start_pass_bonus': False, 'possession_lost': False}

[Step 187] Action=[ 0.9410398  -0.9986242   0.          0.55322737  0.04140585  0.40945038
  0.9993982 ] | Reward=-0.008 | Cum=-0.633 | Info={'shot_attempted': False, 'pass_attempted': False, 'goal_scored': False, 'goal_team': None, 'ball_out_by': None, 'has_ball': False, 'start_shot_bonus': False, 'start_pass_bonus': False, 'possession_lost': False}

[Step 188] Action=[ 0.94105285 -0.9986249   0.          0.55327606  0.04139856  0.40945554
  0.9993985 ] | Reward=-0.009 | Cum=-0.642 | Info={'shot_attempted': False, 'pass_attempted': False, 'goal_scored': False, 'goal_team': None, 'ball_out_by': None, 'has_ball': False, 'start_shot_bonus': False, 'start_pass_bonus': False, 'possession_lost': False}

[Step 189] Action=[ 0.9410658  -0.99862564  0.          0.5533252   0.04139109  0.4094599
  0.9993989 ] | Reward=-0.009 | Cum=-0.651 | Info={'shot_attempted': False, 'pass_attempted': False, 'goal_scored': False, 'goal_team': None, 'ball_out_by': None, 'has_ball': False, 'start_shot_bonus': False, 'start_pass_bonus': False, 'possession_lost': False}

[Step 190] Action=[ 0.94107884 -0.99862635  0.          0.55337393  0.04138359  0.40946496
  0.99939924] | Reward=-0.009 | Cum=-0.660 | Info={'shot_attempted': False, 'pass_attempted': False, 'goal_scored': False, 'goal_team': None, 'ball_out_by': None, 'has_ball': False, 'start_shot_bonus': False, 'start_pass_bonus': False, 'possession_lost': False}

[Step 191] Action=[ 0.94109184 -0.9986271   0.          0.5534227   0.0413763   0.40946972
  0.9993996 ] | Reward=-0.009 | Cum=-0.668 | Info={'shot_attempted': False, 'pass_attempted': False, 'goal_scored': False, 'goal_team': None, 'ball_out_by': None, 'has_ball': False, 'start_shot_bonus': False, 'start_pass_bonus': False, 'possession_lost': False}

[Step 192] Action=[ 0.9411048  -0.99862784  0.          0.55347157  0.04136866  0.40947428
  0.9993999 ] | Reward=-0.009 | Cum=-0.677 | Info={'shot_attempted': False, 'pass_attempted': False, 'goal_scored': False, 'goal_team': None, 'ball_out_by': None, 'has_ball': False, 'start_shot_bonus': False, 'start_pass_bonus': False, 'possession_lost': False}

[Step 193] Action=[ 0.9411178  -0.99862856  0.          0.55352044  0.04136122  0.40947923
  0.99940026] | Reward=-0.009 | Cum=-0.686 | Info={'shot_attempted': False, 'pass_attempted': False, 'goal_scored': False, 'goal_team': None, 'ball_out_by': None, 'has_ball': False, 'start_shot_bonus': False, 'start_pass_bonus': False, 'possession_lost': False}

[Step 194] Action=[ 0.9411308  -0.9986293   0.          0.5535695   0.04135408  0.40948382
  0.9994006 ] | Reward=-0.009 | Cum=-0.695 | Info={'shot_attempted': False, 'pass_attempted': False, 'goal_scored': False, 'goal_team': None, 'ball_out_by': None, 'has_ball': False, 'start_shot_bonus': False, 'start_pass_bonus': False, 'possession_lost': False}

[Step 195] Action=[ 0.9411438  -0.99863     0.          0.5536183   0.04134676  0.40948838
  0.999401  ] | Reward=-0.009 | Cum=-0.704 | Info={'shot_attempted': False, 'pass_attempted': False, 'goal_scored': False, 'goal_team': None, 'ball_out_by': None, 'has_ball': False, 'start_shot_bonus': False, 'start_pass_bonus': False, 'possession_lost': False}

[Step 196] Action=[ 0.9411568  -0.99863076  0.          0.5536672   0.04133914  0.40949363
  0.99940133] | Reward=-0.009 | Cum=-0.713 | Info={'shot_attempted': False, 'pass_attempted': False, 'goal_scored': False, 'goal_team': None, 'ball_out_by': None, 'has_ball': False, 'start_shot_bonus': False, 'start_pass_bonus': False, 'possession_lost': False}

[Step 197] Action=[ 0.9411698  -0.9986315   0.          0.553716    0.04133183  0.4094977
  0.9994016 ] | Reward=-0.009 | Cum=-0.722 | Info={'shot_attempted': False, 'pass_attempted': False, 'goal_scored': False, 'goal_team': None, 'ball_out_by': None, 'has_ball': False, 'start_shot_bonus': False, 'start_pass_bonus': False, 'possession_lost': False}

[Step 198] Action=[ 0.9411828  -0.9986322   0.          0.55376476  0.04132433  0.40950325
  0.999402  ] | Reward=-0.009 | Cum=-0.732 | Info={'shot_attempted': False, 'pass_attempted': False, 'goal_scored': False, 'goal_team': None, 'ball_out_by': None, 'has_ball': False, 'start_shot_bonus': False, 'start_pass_bonus': False, 'possession_lost': False}

[Step 199] Action=[ 0.9411958  -0.9986329   0.          0.5538136   0.04131698  0.40950763
  0.99940234] | Reward=-0.009 | Cum=-0.741 | Info={'shot_attempted': False, 'pass_attempted': False, 'goal_scored': False, 'goal_team': None, 'ball_out_by': None, 'has_ball': False, 'start_shot_bonus': False, 'start_pass_bonus': False, 'possession_lost': False}

[Step 200] Action=[ 0.9412087  -0.9986336   0.          0.55386245  0.04130945  0.40951228
  0.9994027 ] | Reward=-0.010 | Cum=-0.751 | Info={'shot_attempted': False, 'pass_attempted': False, 'goal_scored': False, 'goal_team': None, 'ball_out_by': None, 'has_ball': False, 'start_shot_bonus': False, 'start_pass_bonus': False, 'possession_lost': False}

[Step 201] Action=[ 0.9412218  -0.99863434  0.          0.5539113   0.04130204  0.40951714
  0.999403  ] | Reward=-0.010 | Cum=-0.760 | Info={'shot_attempted': False, 'pass_attempted': False, 'goal_scored': False, 'goal_team': None, 'ball_out_by': None, 'has_ball': False, 'start_shot_bonus': False, 'start_pass_bonus': False, 'possession_lost': False}

[Step 202] Action=[ 0.9412347  -0.9986351   0.          0.5539601   0.04129482  0.40952212
  0.99940336] | Reward=-0.010 | Cum=-0.770 | Info={'shot_attempted': False, 'pass_attempted': False, 'goal_scored': False, 'goal_team': None, 'ball_out_by': None, 'has_ball': False, 'start_shot_bonus': False, 'start_pass_bonus': False, 'possession_lost': False}

[Step 203] Action=[ 0.9412477  -0.9986358   0.          0.55400884  0.04128726  0.40952685
  0.9994037 ] | Reward=-0.010 | Cum=-0.780 | Info={'shot_attempted': False, 'pass_attempted': False, 'goal_scored': False, 'goal_team': None, 'ball_out_by': None, 'has_ball': False, 'start_shot_bonus': False, 'start_pass_bonus': False, 'possession_lost': False}

[Step 204] Action=[ 0.9412607  -0.99863654  0.          0.55405784  0.04127985  0.40953162
  0.9994041 ] | Reward=-0.010 | Cum=-0.789 | Info={'shot_attempted': False, 'pass_attempted': False, 'goal_scored': False, 'goal_team': None, 'ball_out_by': None, 'has_ball': False, 'start_shot_bonus': False, 'start_pass_bonus': False, 'possession_lost': False}

[Step 205] Action=[ 0.9412736  -0.99863726  0.          0.55410665  0.04127256  0.4095364
  0.9994044 ] | Reward=-0.010 | Cum=-0.800 | Info={'shot_attempted': False, 'pass_attempted': False, 'goal_scored': False, 'goal_team': None, 'ball_out_by': None, 'has_ball': False, 'start_shot_bonus': False, 'start_pass_bonus': False, 'possession_lost': False}

[Step 206] Action=[ 0.9412866  -0.998638    0.          0.55415547  0.04126521  0.40954116
  0.9994047 ] | Reward=-0.010 | Cum=-0.810 | Info={'shot_attempted': False, 'pass_attempted': False, 'goal_scored': False, 'goal_team': None, 'ball_out_by': None, 'has_ball': False, 'start_shot_bonus': False, 'start_pass_bonus': False, 'possession_lost': False}

[Step 207] Action=[ 0.9412994  -0.9986387   0.          0.55420434  0.04125784  0.40954572
  0.9994051 ] | Reward=-0.010 | Cum=-0.820 | Info={'shot_attempted': False, 'pass_attempted': False, 'goal_scored': False, 'goal_team': None, 'ball_out_by': None, 'has_ball': False, 'start_shot_bonus': False, 'start_pass_bonus': False, 'possession_lost': False}

[Step 208] Action=[ 0.9413121  -0.9986394   0.          0.55425304  0.04125037  0.40955028
  0.99940544] | Reward=-0.010 | Cum=-0.831 | Info={'shot_attempted': False, 'pass_attempted': False, 'goal_scored': False, 'goal_team': None, 'ball_out_by': None, 'has_ball': False, 'start_shot_bonus': False, 'start_pass_bonus': False, 'possession_lost': False}

[Step 209] Action=[ 0.9413248  -0.9986401   0.          0.5543019   0.04124331  0.40955505
  0.99940574] | Reward=-0.010 | Cum=-0.841 | Info={'shot_attempted': False, 'pass_attempted': False, 'goal_scored': False, 'goal_team': None, 'ball_out_by': None, 'has_ball': False, 'start_shot_bonus': False, 'start_pass_bonus': False, 'possession_lost': False}

[Step 210] Action=[ 0.94133747 -0.99864084  0.          0.5543506   0.04123582  0.4095596
  0.9994061 ] | Reward=-0.010 | Cum=-0.851 | Info={'shot_attempted': False, 'pass_attempted': False, 'goal_scored': False, 'goal_team': None, 'ball_out_by': None, 'has_ball': False, 'start_shot_bonus': False, 'start_pass_bonus': False, 'possession_lost': False}

[Step 211] Action=[ 0.9413501  -0.99864155  0.          0.5543994   0.04122844  0.40956438
  0.99940646] | Reward=-0.011 | Cum=-0.862 | Info={'shot_attempted': False, 'pass_attempted': False, 'goal_scored': False, 'goal_team': None, 'ball_out_by': None, 'has_ball': False, 'start_shot_bonus': False, 'start_pass_bonus': False, 'possession_lost': False}

[Step 212] Action=[ 0.9413628  -0.99864227  0.          0.5544481   0.041221    0.40956914
  0.9994068 ] | Reward=-0.011 | Cum=-0.873 | Info={'shot_attempted': False, 'pass_attempted': False, 'goal_scored': False, 'goal_team': None, 'ball_out_by': None, 'has_ball': False, 'start_shot_bonus': False, 'start_pass_bonus': False, 'possession_lost': False}

[Step 213] Action=[ 0.9413755  -0.998643    0.          0.55449706  0.04121389  0.4095734
  0.9994071 ] | Reward=-0.011 | Cum=-0.884 | Info={'shot_attempted': False, 'pass_attempted': False, 'goal_scored': False, 'goal_team': None, 'ball_out_by': None, 'has_ball': False, 'start_shot_bonus': False, 'start_pass_bonus': False, 'possession_lost': False}

[Step 214] Action=[ 0.94138813 -0.9986437   0.          0.5545457   0.04120657  0.40957806
  0.9994075 ] | Reward=-0.011 | Cum=-0.894 | Info={'shot_attempted': False, 'pass_attempted': False, 'goal_scored': False, 'goal_team': None, 'ball_out_by': None, 'has_ball': False, 'start_shot_bonus': False, 'start_pass_bonus': False, 'possession_lost': False}

[Step 215] Action=[ 0.9414008  -0.9986444   0.          0.55459446  0.04119925  0.40958282
  0.9994078 ] | Reward=-0.011 | Cum=-0.905 | Info={'shot_attempted': False, 'pass_attempted': False, 'goal_scored': False, 'goal_team': None, 'ball_out_by': None, 'has_ball': False, 'start_shot_bonus': False, 'start_pass_bonus': False, 'possession_lost': False}

[Step 216] Action=[ 0.9414135  -0.9986451   0.          0.55464315  0.04119205  0.4095876
  0.9994082 ] | Reward=-0.011 | Cum=-0.916 | Info={'shot_attempted': False, 'pass_attempted': False, 'goal_scored': False, 'goal_team': None, 'ball_out_by': None, 'has_ball': False, 'start_shot_bonus': False, 'start_pass_bonus': False, 'possession_lost': False}

[Step 217] Action=[ 0.94142616 -0.99864584  0.          0.554692    0.04118482  0.40959194
  0.9994085 ] | Reward=-0.011 | Cum=-0.927 | Info={'shot_attempted': False, 'pass_attempted': False, 'goal_scored': False, 'goal_team': None, 'ball_out_by': None, 'has_ball': False, 'start_shot_bonus': False, 'start_pass_bonus': False, 'possession_lost': False}

[Step 218] Action=[ 0.94143885 -0.99864656  0.          0.5547406   0.04117741  0.40959692
  0.99940884] | Reward=-0.011 | Cum=-0.938 | Info={'shot_attempted': False, 'pass_attempted': False, 'goal_scored': False, 'goal_team': None, 'ball_out_by': None, 'has_ball': False, 'start_shot_bonus': False, 'start_pass_bonus': False, 'possession_lost': False}

[Step 219] Action=[ 0.9414515  -0.9986473   0.          0.55478936  0.04117016  0.40960148
  0.9994092 ] | Reward=-0.011 | Cum=-0.950 | Info={'shot_attempted': False, 'pass_attempted': False, 'goal_scored': False, 'goal_team': None, 'ball_out_by': None, 'has_ball': False, 'start_shot_bonus': False, 'start_pass_bonus': False, 'possession_lost': False}

[Step 220] Action=[ 0.9414641  -0.998648    0.          0.55483806  0.04116281  0.40960643
  0.9994095 ] | Reward=-0.011 | Cum=-0.961 | Info={'shot_attempted': False, 'pass_attempted': False, 'goal_scored': False, 'goal_team': None, 'ball_out_by': None, 'has_ball': False, 'start_shot_bonus': False, 'start_pass_bonus': False, 'possession_lost': False}

[Step 221] Action=[ 0.9414768  -0.99864864  0.          0.5548869   0.04115552  0.409611
  0.99940985] | Reward=-0.011 | Cum=-0.972 | Info={'shot_attempted': False, 'pass_attempted': False, 'goal_scored': False, 'goal_team': None, 'ball_out_by': None, 'has_ball': False, 'start_shot_bonus': False, 'start_pass_bonus': False, 'possession_lost': False}

[Step 222] Action=[ 0.94148946 -0.99864936  0.          0.5549356   0.04114811  0.40961546
  0.9994102 ] | Reward=-0.011 | Cum=-0.983 | Info={'shot_attempted': False, 'pass_attempted': False, 'goal_scored': False, 'goal_team': None, 'ball_out_by': None, 'has_ball': False, 'start_shot_bonus': False, 'start_pass_bonus': False, 'possession_lost': False}

[Step 223] Action=[ 0.9415021  -0.9986501   0.          0.5549843   0.04114067  0.4096203
  0.99941057] | Reward=-0.012 | Cum=-0.995 | Info={'shot_attempted': False, 'pass_attempted': False, 'goal_scored': False, 'goal_team': None, 'ball_out_by': None, 'has_ball': False, 'start_shot_bonus': False, 'start_pass_bonus': False, 'possession_lost': False}

[Step 224] Action=[ 0.94151473 -0.9986508   0.          0.555033    0.04113365  0.4096247
  0.99941087] | Reward=-0.012 | Cum=-1.007 | Info={'shot_attempted': False, 'pass_attempted': False, 'goal_scored': False, 'goal_team': None, 'ball_out_by': None, 'has_ball': False, 'start_shot_bonus': False, 'start_pass_bonus': False, 'possession_lost': False}

[Step 225] Action=[ 0.94152737 -0.9986515   0.          0.5550818   0.04112624  0.40962946
  0.9994112 ] | Reward=-0.012 | Cum=-1.019 | Info={'shot_attempted': False, 'pass_attempted': False, 'goal_scored': False, 'goal_team': None, 'ball_out_by': None, 'has_ball': False, 'start_shot_bonus': False, 'start_pass_bonus': False, 'possession_lost': False}

[Step 226] Action=[ 0.94154    -0.9986522   0.          0.5551306   0.04111907  0.4096342
  0.9994116 ] | Reward=-0.012 | Cum=-1.031 | Info={'shot_attempted': False, 'pass_attempted': False, 'goal_scored': False, 'goal_team': None, 'ball_out_by': None, 'has_ball': False, 'start_shot_bonus': False, 'start_pass_bonus': False, 'possession_lost': False}

[Step 227] Action=[ 0.94155294 -0.99865294  0.          0.5551777   0.0411103   0.4096388
  0.99941194] | Reward=-0.012 | Cum=-1.042 | Info={'shot_attempted': False, 'pass_attempted': False, 'goal_scored': False, 'goal_team': None, 'ball_out_by': None, 'has_ball': False, 'start_shot_bonus': False, 'start_pass_bonus': False, 'possession_lost': False}

[Step 228] Action=[ 0.9415658  -0.99865365  0.          0.55522484  0.04110152  0.40964323
  0.99941224] | Reward=-0.012 | Cum=-1.054 | Info={'shot_attempted': False, 'pass_attempted': False, 'goal_scored': False, 'goal_team': None, 'ball_out_by': None, 'has_ball': False, 'start_shot_bonus': False, 'start_pass_bonus': False, 'possession_lost': False}

[Step 229] Action=[ 0.9415787  -0.9986543   0.          0.5552721   0.04109241  0.4096478
  0.9994126 ] | Reward=-0.012 | Cum=-1.066 | Info={'shot_attempted': False, 'pass_attempted': False, 'goal_scored': False, 'goal_team': None, 'ball_out_by': None, 'has_ball': False, 'start_shot_bonus': False, 'start_pass_bonus': False, 'possession_lost': False}

[Step 230] Action=[ 0.94159156 -0.998655    0.          0.5553191   0.04108349  0.40965208
  0.99941295] | Reward=-0.012 | Cum=-1.079 | Info={'shot_attempted': False, 'pass_attempted': False, 'goal_scored': False, 'goal_team': None, 'ball_out_by': None, 'has_ball': False, 'start_shot_bonus': False, 'start_pass_bonus': False, 'possession_lost': False}

[Step 231] Action=[ 0.94160444 -0.99865574  0.          0.55536616  0.04107468  0.40965664
  0.9994133 ] | Reward=-0.012 | Cum=-1.091 | Info={'shot_attempted': False, 'pass_attempted': False, 'goal_scored': False, 'goal_team': None, 'ball_out_by': None, 'has_ball': False, 'start_shot_bonus': False, 'start_pass_bonus': False, 'possession_lost': False}

[Step 232] Action=[ 0.9416173  -0.9986564   0.          0.5554131   0.04106576  0.4096612
  0.9994136 ] | Reward=-0.012 | Cum=-1.103 | Info={'shot_attempted': False, 'pass_attempted': False, 'goal_scored': False, 'goal_team': None, 'ball_out_by': None, 'has_ball': False, 'start_shot_bonus': False, 'start_pass_bonus': False, 'possession_lost': False}

[Step 233] Action=[ 0.9416302  -0.9986571   0.          0.5554603   0.04105695  0.40966547
  0.99941397] | Reward=-0.012 | Cum=-1.116 | Info={'shot_attempted': False, 'pass_attempted': False, 'goal_scored': False, 'goal_team': None, 'ball_out_by': None, 'has_ball': False, 'start_shot_bonus': False, 'start_pass_bonus': False, 'possession_lost': False}

[Step 234] Action=[ 0.9416433  -0.9986578   0.          0.55550736  0.04104889  0.4096713
  0.9994143 ] | Reward=-0.012 | Cum=-1.128 | Info={'shot_attempted': False, 'pass_attempted': False, 'goal_scored': False, 'goal_team': None, 'ball_out_by': None, 'has_ball': False, 'start_shot_bonus': False, 'start_pass_bonus': False, 'possession_lost': False}

[Step 235] Action=[ 0.9416564  -0.99865854  0.          0.55555445  0.04104103  0.40967727
  0.9994147 ] | Reward=-0.013 | Cum=-1.141 | Info={'shot_attempted': False, 'pass_attempted': False, 'goal_scored': False, 'goal_team': None, 'ball_out_by': None, 'has_ball': False, 'start_shot_bonus': False, 'start_pass_bonus': False, 'possession_lost': False}

[Step 236] Action=[ 0.9416696  -0.99865925  0.          0.55560154  0.04103279  0.40968323
  0.99941504] | Reward=-0.013 | Cum=-1.154 | Info={'shot_attempted': False, 'pass_attempted': False, 'goal_scored': False, 'goal_team': None, 'ball_out_by': None, 'has_ball': False, 'start_shot_bonus': False, 'start_pass_bonus': False, 'possession_lost': False}

[Step 237] Action=[ 0.9416827  -0.99865997  0.          0.5556487   0.04102506  0.4096892
  0.99941534] | Reward=-0.013 | Cum=-1.167 | Info={'shot_attempted': False, 'pass_attempted': False, 'goal_scored': False, 'goal_team': None, 'ball_out_by': None, 'has_ball': False, 'start_shot_bonus': False, 'start_pass_bonus': False, 'possession_lost': False}

[Step 238] Action=[ 0.9416958  -0.9986607   0.          0.55569553  0.04101714  0.40969482
  0.9994157 ] | Reward=-0.013 | Cum=-1.179 | Info={'shot_attempted': False, 'pass_attempted': False, 'goal_scored': False, 'goal_team': None, 'ball_out_by': None, 'has_ball': False, 'start_shot_bonus': False, 'start_pass_bonus': False, 'possession_lost': False}

[Step 239] Action=[ 0.941709   -0.9986614   0.          0.55574244  0.04100932  0.40970078
  0.99941605] | Reward=-0.013 | Cum=-1.192 | Info={'shot_attempted': False, 'pass_attempted': False, 'goal_scored': False, 'goal_team': None, 'ball_out_by': None, 'has_ball': False, 'start_shot_bonus': False, 'start_pass_bonus': False, 'possession_lost': False}

[Step 240] Action=[ 0.9417221  -0.9986621   0.          0.55578965  0.04100125  0.40970662
  0.9994164 ] | Reward=-0.013 | Cum=-1.205 | Info={'shot_attempted': False, 'pass_attempted': False, 'goal_scored': False, 'goal_team': None, 'ball_out_by': None, 'has_ball': False, 'start_shot_bonus': False, 'start_pass_bonus': False, 'possession_lost': False}

