Debug log for att_1 (Episode 600)
================================================================================
[Step 1] Action=[ 0.59492844  0.2973402   0.          0.61546576  0.9304378  -0.19545458
 -0.8776227 ] | Reward=-0.101 | Cum=-0.101 | Info={'shot_attempted': False, 'pass_attempted': False, 'invalid_shot_attempt': True, 'goal_scored': False, 'goal_team': None, 'ball_out_by': None, 'has_ball': True, 'start_shot_bonus': False, 'start_pass_bonus': False, 'possession_lost': False}

[Step 2] Action=[ 0.6014273   0.29978517  0.          0.62457806  0.93343306 -0.1961662
 -0.87895095] | Reward=-0.101 | Cum=-0.202 | Info={'shot_attempted': False, 'pass_attempted': False, 'invalid_shot_attempt': True, 'goal_scored': False, 'goal_team': None, 'ball_out_by': None, 'has_ball': True, 'start_shot_bonus': False, 'start_pass_bonus': False, 'possession_lost': False}

[Step 3] Action=[ 0.60165197  0.2999169   0.          0.6247643   0.93353665 -0.19630885
 -0.87910193] | Reward=-0.101 | Cum=-0.302 | Info={'shot_attempted': False, 'pass_attempted': False, 'invalid_shot_attempt': True, 'goal_scored': False, 'goal_team': None, 'ball_out_by': None, 'has_ball': True, 'start_shot_bonus': False, 'start_pass_bonus': False, 'possession_lost': False}

[Step 4] Action=[ 0.60187674  0.3000492   0.          0.6249507   0.93364024 -0.19645119
 -0.8792529 ] | Reward=-0.101 | Cum=-0.403 | Info={'shot_attempted': False, 'pass_attempted': False, 'invalid_shot_attempt': True, 'goal_scored': False, 'goal_team': None, 'ball_out_by': None, 'has_ball': True, 'start_shot_bonus': False, 'start_pass_bonus': False, 'possession_lost': False}

[Step 5] Action=[ 0.6021012   0.300181    0.          0.62513703  0.9337437  -0.19659376
 -0.87940365] | Reward=-0.100 | Cum=-0.503 | Info={'shot_attempted': False, 'pass_attempted': False, 'invalid_shot_attempt': True, 'goal_scored': False, 'goal_team': None, 'ball_out_by': None, 'has_ball': True, 'start_shot_bonus': False, 'start_pass_bonus': False, 'possession_lost': False}

[Step 6] Action=[ 0.60232586  0.3003133   0.          0.62532324  0.933847   -0.19673656
 -0.8795544 ] | Reward=-0.100 | Cum=-0.603 | Info={'shot_attempted': False, 'pass_attempted': False, 'invalid_shot_attempt': True, 'goal_scored': False, 'goal_team': None, 'ball_out_by': None, 'has_ball': True, 'start_shot_bonus': False, 'start_pass_bonus': False, 'possession_lost': False}

[Step 7] Action=[ 0.6025503   0.30044544  0.          0.62550944  0.9339502  -0.19687904
 -0.8797048 ] | Reward=-0.100 | Cum=-0.703 | Info={'shot_attempted': False, 'pass_attempted': False, 'invalid_shot_attempt': True, 'goal_scored': False, 'goal_team': None, 'ball_out_by': None, 'has_ball': True, 'start_shot_bonus': False, 'start_pass_bonus': False, 'possession_lost': False}

[Step 8] Action=[ 0.6027747   0.30057746  0.          0.6256955   0.9340531  -0.19702153
 -0.87985504] | Reward=-0.100 | Cum=-0.804 | Info={'shot_attempted': False, 'pass_attempted': False, 'invalid_shot_attempt': True, 'goal_scored': False, 'goal_team': None, 'ball_out_by': None, 'has_ball': True, 'start_shot_bonus': False, 'start_pass_bonus': False, 'possession_lost': False}

[Step 9] Action=[ 0.60299903  0.3007095   0.          0.6258817   0.934156   -0.19716407
 -0.8800051 ] | Reward=-0.100 | Cum=-0.904 | Info={'shot_attempted': False, 'pass_attempted': False, 'invalid_shot_attempt': True, 'goal_scored': False, 'goal_team': None, 'ball_out_by': None, 'has_ball': True, 'start_shot_bonus': False, 'start_pass_bonus': False, 'possession_lost': False}

[Step 10] Action=[ 0.6032232   0.3008415   0.          0.6260676   0.9342587  -0.19730671
 -0.8801551 ] | Reward=-0.099 | Cum=-1.003 | Info={'shot_attempted': False, 'pass_attempted': False, 'invalid_shot_attempt': True, 'goal_scored': False, 'goal_team': None, 'ball_out_by': None, 'has_ball': True, 'start_shot_bonus': False, 'start_pass_bonus': False, 'possession_lost': False}

[Step 11] Action=[ 0.60344726  0.30097356  0.          0.62625355  0.9343612  -0.19744912
 -0.8803048 ] | Reward=-0.099 | Cum=-1.102 | Info={'shot_attempted': False, 'pass_attempted': False, 'invalid_shot_attempt': True, 'goal_scored': False, 'goal_team': None, 'ball_out_by': None, 'has_ball': True, 'start_shot_bonus': False, 'start_pass_bonus': False, 'possession_lost': False}

[Step 12] Action=[ 0.6036712   0.30110547  0.          0.62643933  0.93446356 -0.19759151
 -0.8804545 ] | Reward=-0.099 | Cum=-1.202 | Info={'shot_attempted': False, 'pass_attempted': False, 'invalid_shot_attempt': True, 'goal_scored': False, 'goal_team': None, 'ball_out_by': None, 'has_ball': True, 'start_shot_bonus': False, 'start_pass_bonus': False, 'possession_lost': False}

[Step 13] Action=[ 0.6038952   0.30123755  0.          0.6266252   0.93456584 -0.19773413
 -0.88060385] | Reward=-0.099 | Cum=-1.301 | Info={'shot_attempted': False, 'pass_attempted': False, 'invalid_shot_attempt': True, 'goal_scored': False, 'goal_team': None, 'ball_out_by': None, 'has_ball': True, 'start_shot_bonus': False, 'start_pass_bonus': False, 'possession_lost': False}

[Step 14] Action=[ 0.604119    0.30136967  0.          0.62681085  0.93466794 -0.19787651
 -0.8807531 ] | Reward=-0.099 | Cum=-1.400 | Info={'shot_attempted': False, 'pass_attempted': False, 'invalid_shot_attempt': True, 'goal_scored': False, 'goal_team': None, 'ball_out_by': None, 'has_ball': True, 'start_shot_bonus': False, 'start_pass_bonus': False, 'possession_lost': False}

[Step 15] Action=[ 0.6043427   0.30150178  0.          0.6269965   0.9347698  -0.19801906
 -0.8809022 ] | Reward=-0.099 | Cum=-1.499 | Info={'shot_attempted': False, 'pass_attempted': False, 'invalid_shot_attempt': True, 'goal_scored': False, 'goal_team': None, 'ball_out_by': None, 'has_ball': True, 'start_shot_bonus': False, 'start_pass_bonus': False, 'possession_lost': False}

[Step 16] Action=[ 0.6045662   0.30163348  0.          0.627182    0.9348716  -0.19816193
 -0.88105106] | Reward=-0.099 | Cum=-1.598 | Info={'shot_attempted': False, 'pass_attempted': False, 'invalid_shot_attempt': True, 'goal_scored': False, 'goal_team': None, 'ball_out_by': None, 'has_ball': True, 'start_shot_bonus': False, 'start_pass_bonus': False, 'possession_lost': False}

[Step 17] Action=[ 0.60478985  0.30176553  0.          0.6273675   0.93497324 -0.19830428
 -0.8811998 ] | Reward=-0.099 | Cum=-1.696 | Info={'shot_attempted': False, 'pass_attempted': False, 'invalid_shot_attempt': True, 'goal_scored': False, 'goal_team': None, 'ball_out_by': None, 'has_ball': True, 'start_shot_bonus': False, 'start_pass_bonus': False, 'possession_lost': False}

[Step 18] Action=[ 0.6050134   0.30189744  0.          0.6275529   0.9350747  -0.19844675
 -0.88134825] | Reward=-0.099 | Cum=-1.795 | Info={'shot_attempted': False, 'pass_attempted': False, 'invalid_shot_attempt': True, 'goal_scored': False, 'goal_team': None, 'ball_out_by': None, 'has_ball': True, 'start_shot_bonus': False, 'start_pass_bonus': False, 'possession_lost': False}

[Step 19] Action=[ 0.6052366   0.3020295   0.          0.62773824  0.935176   -0.19858909
 -0.8814967 ] | Reward=-0.099 | Cum=-1.894 | Info={'shot_attempted': False, 'pass_attempted': False, 'invalid_shot_attempt': True, 'goal_scored': False, 'goal_team': None, 'ball_out_by': None, 'has_ball': True, 'start_shot_bonus': False, 'start_pass_bonus': False, 'possession_lost': False}

[Step 20] Action=[ 0.6054599   0.3021614   0.          0.6279236   0.9352772  -0.19873147
 -0.8816449 ] | Reward=-0.098 | Cum=-1.992 | Info={'shot_attempted': False, 'pass_attempted': False, 'invalid_shot_attempt': True, 'goal_scored': False, 'goal_team': None, 'ball_out_by': None, 'has_ball': True, 'start_shot_bonus': False, 'start_pass_bonus': False, 'possession_lost': False}

[Step 21] Action=[ 0.60568315  0.3022934   0.          0.6281087   0.9353782  -0.19887419
 -0.88179296] | Reward=-0.098 | Cum=-2.089 | Info={'shot_attempted': False, 'pass_attempted': False, 'invalid_shot_attempt': True, 'goal_scored': False, 'goal_team': None, 'ball_out_by': None, 'has_ball': True, 'start_shot_bonus': False, 'start_pass_bonus': False, 'possession_lost': False}

[Step 22] Action=[ 0.6059061   0.3024252   0.          0.628294    0.93547904 -0.19901684
 -0.8819409 ] | Reward=-0.098 | Cum=-2.187 | Info={'shot_attempted': False, 'pass_attempted': False, 'invalid_shot_attempt': True, 'goal_scored': False, 'goal_team': None, 'ball_out_by': None, 'has_ball': True, 'start_shot_bonus': False, 'start_pass_bonus': False, 'possession_lost': False}

[Step 23] Action=[ 0.60612917  0.3025573   0.          0.62847906  0.9355797  -0.19915904
 -0.88208854] | Reward=-0.098 | Cum=-2.285 | Info={'shot_attempted': False, 'pass_attempted': False, 'invalid_shot_attempt': True, 'goal_scored': False, 'goal_team': None, 'ball_out_by': None, 'has_ball': True, 'start_shot_bonus': False, 'start_pass_bonus': False, 'possession_lost': False}

[Step 24] Action=[ 0.606352    0.30268896  0.          0.6286641   0.9356803  -0.19930133
 -0.88223606] | Reward=-0.098 | Cum=-2.383 | Info={'shot_attempted': False, 'pass_attempted': False, 'invalid_shot_attempt': True, 'goal_scored': False, 'goal_team': None, 'ball_out_by': None, 'has_ball': True, 'start_shot_bonus': False, 'start_pass_bonus': False, 'possession_lost': False}

[Step 25] Action=[ 0.60657465  0.30282092  0.          0.628849    0.93578076 -0.19944397
 -0.88238335] | Reward=-0.097 | Cum=-2.480 | Info={'shot_attempted': False, 'pass_attempted': False, 'invalid_shot_attempt': True, 'goal_scored': False, 'goal_team': None, 'ball_out_by': None, 'has_ball': True, 'start_shot_bonus': False, 'start_pass_bonus': False, 'possession_lost': False}

[Step 26] Action=[ 0.6067976   0.30295303  0.          0.6290339   0.93588096 -0.19958653
 -0.88253057] | Reward=-0.097 | Cum=-2.577 | Info={'shot_attempted': False, 'pass_attempted': False, 'invalid_shot_attempt': True, 'goal_scored': False, 'goal_team': None, 'ball_out_by': None, 'has_ball': True, 'start_shot_bonus': False, 'start_pass_bonus': False, 'possession_lost': False}

[Step 27] Action=[ 0.60702014  0.30308485  0.          0.6292187   0.9359811  -0.19972874
 -0.88267756] | Reward=-0.097 | Cum=-2.675 | Info={'shot_attempted': False, 'pass_attempted': False, 'invalid_shot_attempt': True, 'goal_scored': False, 'goal_team': None, 'ball_out_by': None, 'has_ball': True, 'start_shot_bonus': False, 'start_pass_bonus': False, 'possession_lost': False}

[Step 28] Action=[ 0.60724264  0.3032166   0.          0.6294034   0.93608105 -0.19987112
 -0.8828244 ] | Reward=-0.097 | Cum=-2.772 | Info={'shot_attempted': False, 'pass_attempted': False, 'invalid_shot_attempt': True, 'goal_scored': False, 'goal_team': None, 'ball_out_by': None, 'has_ball': True, 'start_shot_bonus': False, 'start_pass_bonus': False, 'possession_lost': False}

[Step 29] Action=[ 0.60746515  0.30334854  0.          0.62958807  0.9361809  -0.2000136
 -0.88297105] | Reward=-0.097 | Cum=-2.869 | Info={'shot_attempted': False, 'pass_attempted': False, 'invalid_shot_attempt': True, 'goal_scored': False, 'goal_team': None, 'ball_out_by': None, 'has_ball': True, 'start_shot_bonus': False, 'start_pass_bonus': False, 'possession_lost': False}

[Step 30] Action=[ 0.6076874   0.30348042  0.          0.6297727   0.93628055 -0.20015596
 -0.8831176 ] | Reward=-0.096 | Cum=-2.965 | Info={'shot_attempted': False, 'pass_attempted': False, 'invalid_shot_attempt': True, 'goal_scored': False, 'goal_team': None, 'ball_out_by': None, 'has_ball': True, 'start_shot_bonus': False, 'start_pass_bonus': False, 'possession_lost': False}

[Step 31] Action=[ 0.6079096   0.30361217  0.          0.6299573   0.93638    -0.20029853
 -0.88326395] | Reward=-0.096 | Cum=-3.062 | Info={'shot_attempted': False, 'pass_attempted': False, 'invalid_shot_attempt': True, 'goal_scored': False, 'goal_team': None, 'ball_out_by': None, 'has_ball': True, 'start_shot_bonus': False, 'start_pass_bonus': False, 'possession_lost': False}

[Step 32] Action=[ 0.6081319   0.30374414  0.          0.6301417   0.9364794  -0.2004411
 -0.8834101 ] | Reward=-0.096 | Cum=-3.158 | Info={'shot_attempted': False, 'pass_attempted': False, 'invalid_shot_attempt': True, 'goal_scored': False, 'goal_team': None, 'ball_out_by': None, 'has_ball': True, 'start_shot_bonus': False, 'start_pass_bonus': False, 'possession_lost': False}

[Step 33] Action=[ 0.60835385  0.3038759   0.          0.63032615  0.93657863 -0.20058322
 -0.8835561 ] | Reward=-0.096 | Cum=-3.255 | Info={'shot_attempted': False, 'pass_attempted': False, 'invalid_shot_attempt': True, 'goal_scored': False, 'goal_team': None, 'ball_out_by': None, 'has_ball': True, 'start_shot_bonus': False, 'start_pass_bonus': False, 'possession_lost': False}

[Step 34] Action=[ 0.60857576  0.30400774  0.          0.6305104   0.9366777  -0.20072566
 -0.8837019 ] | Reward=-0.096 | Cum=-3.351 | Info={'shot_attempted': False, 'pass_attempted': False, 'invalid_shot_attempt': True, 'goal_scored': False, 'goal_team': None, 'ball_out_by': None, 'has_ball': True, 'start_shot_bonus': False, 'start_pass_bonus': False, 'possession_lost': False}

[Step 35] Action=[ 0.6087978   0.3041395   0.          0.6306946   0.93677664 -0.20086803
 -0.8838476 ] | Reward=-0.096 | Cum=-3.447 | Info={'shot_attempted': False, 'pass_attempted': False, 'invalid_shot_attempt': True, 'goal_scored': False, 'goal_team': None, 'ball_out_by': None, 'has_ball': True, 'start_shot_bonus': False, 'start_pass_bonus': False, 'possession_lost': False}

[Step 36] Action=[ 0.60901946  0.30427134  0.          0.6308789   0.9368754  -0.20101063
 -0.883993  ] | Reward=-0.096 | Cum=-3.542 | Info={'shot_attempted': False, 'pass_attempted': False, 'invalid_shot_attempt': True, 'goal_scored': False, 'goal_team': None, 'ball_out_by': None, 'has_ball': True, 'start_shot_bonus': False, 'start_pass_bonus': False, 'possession_lost': False}

[Step 37] Action=[ 0.6092412   0.30440322  0.          0.63106304  0.936974   -0.20115276
 -0.8841384 ] | Reward=-0.096 | Cum=-3.638 | Info={'shot_attempted': False, 'pass_attempted': False, 'invalid_shot_attempt': True, 'goal_scored': False, 'goal_team': None, 'ball_out_by': None, 'has_ball': True, 'start_shot_bonus': False, 'start_pass_bonus': False, 'possession_lost': False}

[Step 38] Action=[ 0.60946274  0.30453503  0.          0.6312471   0.93707246 -0.20129499
 -0.88428354] | Reward=-0.096 | Cum=-3.734 | Info={'shot_attempted': False, 'pass_attempted': False, 'invalid_shot_attempt': True, 'goal_scored': False, 'goal_team': None, 'ball_out_by': None, 'has_ball': True, 'start_shot_bonus': False, 'start_pass_bonus': False, 'possession_lost': False}

[Step 39] Action=[ 0.60968417  0.3046667   0.          0.63143104  0.9371708  -0.20143767
 -0.8844285 ] | Reward=-0.096 | Cum=-3.829 | Info={'shot_attempted': False, 'pass_attempted': False, 'invalid_shot_attempt': True, 'goal_scored': False, 'goal_team': None, 'ball_out_by': None, 'has_ball': True, 'start_shot_bonus': False, 'start_pass_bonus': False, 'possession_lost': False}

[Step 40] Action=[ 0.60990566  0.3047986   0.          0.631615    0.937269   -0.20157994
 -0.88457334] | Reward=-0.095 | Cum=-3.924 | Info={'shot_attempted': False, 'pass_attempted': False, 'invalid_shot_attempt': True, 'goal_scored': False, 'goal_team': None, 'ball_out_by': None, 'has_ball': True, 'start_shot_bonus': False, 'start_pass_bonus': False, 'possession_lost': False}

[Step 41] Action=[ 0.610127    0.30493033  0.          0.63179886  0.937367   -0.2017222
 -0.88471794] | Reward=-0.095 | Cum=-4.019 | Info={'shot_attempted': False, 'pass_attempted': False, 'invalid_shot_attempt': True, 'goal_scored': False, 'goal_team': None, 'ball_out_by': None, 'has_ball': True, 'start_shot_bonus': False, 'start_pass_bonus': False, 'possession_lost': False}

[Step 42] Action=[ 0.61034817  0.30506194  0.          0.6319827   0.9374649  -0.2018644
 -0.8848624 ] | Reward=-0.095 | Cum=-4.114 | Info={'shot_attempted': False, 'pass_attempted': False, 'invalid_shot_attempt': True, 'goal_scored': False, 'goal_team': None, 'ball_out_by': None, 'has_ball': True, 'start_shot_bonus': False, 'start_pass_bonus': False, 'possession_lost': False}

[Step 43] Action=[ 0.6105693   0.30519366  0.          0.6321664   0.93756264 -0.20200689
 -0.8850068 ] | Reward=-0.095 | Cum=-4.209 | Info={'shot_attempted': False, 'pass_attempted': False, 'invalid_shot_attempt': True, 'goal_scored': False, 'goal_team': None, 'ball_out_by': None, 'has_ball': True, 'start_shot_bonus': False, 'start_pass_bonus': False, 'possession_lost': False}

[Step 44] Action=[ 0.61079     0.3053277   0.          0.6323499   0.9376603  -0.20215061
 -0.8851512 ] | Reward=-0.095 | Cum=-4.304 | Info={'shot_attempted': False, 'pass_attempted': False, 'invalid_shot_attempt': True, 'goal_scored': False, 'goal_team': None, 'ball_out_by': None, 'has_ball': True, 'start_shot_bonus': False, 'start_pass_bonus': False, 'possession_lost': False}

[Step 45] Action=[ 0.6110105   0.30546284  0.          0.6325335   0.93775773 -0.20229456
 -0.8852957 ] | Reward=-0.094 | Cum=-4.398 | Info={'shot_attempted': False, 'pass_attempted': False, 'invalid_shot_attempt': True, 'goal_scored': False, 'goal_team': None, 'ball_out_by': None, 'has_ball': True, 'start_shot_bonus': False, 'start_pass_bonus': False, 'possession_lost': False}

[Step 46] Action=[ 0.6112311   0.3055978   0.          0.63271695  0.9378551  -0.20243873
 -0.8854399 ] | Reward=-0.094 | Cum=-4.492 | Info={'shot_attempted': False, 'pass_attempted': False, 'invalid_shot_attempt': True, 'goal_scored': False, 'goal_team': None, 'ball_out_by': None, 'has_ball': True, 'start_shot_bonus': False, 'start_pass_bonus': False, 'possession_lost': False}

[Step 47] Action=[ 0.67520225  0.36007532  0.          0.667013    0.95756054 -0.23488119
 -0.9142819 ] | Reward=-0.094 | Cum=-4.586 | Info={'shot_attempted': False, 'pass_attempted': False, 'invalid_shot_attempt': True, 'goal_scored': False, 'goal_team': None, 'ball_out_by': None, 'has_ball': True, 'start_shot_bonus': False, 'start_pass_bonus': False, 'possession_lost': False}

[Step 48] Action=[ 0.67541003  0.3602213   0.          0.6672075   0.95763475 -0.23504518
 -0.914407  ] | Reward=-0.094 | Cum=-4.681 | Info={'shot_attempted': False, 'pass_attempted': False, 'invalid_shot_attempt': True, 'goal_scored': False, 'goal_team': None, 'ball_out_by': None, 'has_ball': True, 'start_shot_bonus': False, 'start_pass_bonus': False, 'possession_lost': False}

[Step 49] Action=[ 0.6756104   0.36035904  0.          0.66739714  0.95770645 -0.23520374
 -0.914528  ] | Reward=-0.094 | Cum=-4.775 | Info={'shot_attempted': False, 'pass_attempted': False, 'invalid_shot_attempt': True, 'goal_scored': False, 'goal_team': None, 'ball_out_by': None, 'has_ball': True, 'start_shot_bonus': False, 'start_pass_bonus': False, 'possession_lost': False}

[Step 50] Action=[ 0.6754942   0.36013955  0.          0.6673852   0.95767635 -0.23512395
 -0.91443753] | Reward=-0.093 | Cum=-4.868 | Info={'shot_attempted': False, 'pass_attempted': False, 'invalid_shot_attempt': True, 'goal_scored': False, 'goal_team': None, 'ball_out_by': None, 'has_ball': True, 'start_shot_bonus': False, 'start_pass_bonus': False, 'possession_lost': False}

[Step 51] Action=[ 0.67569435  0.3602773   0.          0.66757494  0.95774794 -0.23528223
 -0.9145584 ] | Reward=-0.093 | Cum=-4.962 | Info={'shot_attempted': False, 'pass_attempted': False, 'invalid_shot_attempt': True, 'goal_scored': False, 'goal_team': None, 'ball_out_by': None, 'has_ball': True, 'start_shot_bonus': False, 'start_pass_bonus': False, 'possession_lost': False}

[Step 52] Action=[ 0.6758945   0.36041528  0.          0.6677646   0.9578194  -0.23544045
 -0.9146792 ] | Reward=-0.093 | Cum=-5.055 | Info={'shot_attempted': False, 'pass_attempted': False, 'invalid_shot_attempt': True, 'goal_scored': False, 'goal_team': None, 'ball_out_by': None, 'has_ball': True, 'start_shot_bonus': False, 'start_pass_bonus': False, 'possession_lost': False}

[Step 53] Action=[ 0.67609453  0.36055306  0.          0.6679542   0.95789075 -0.23559892
 -0.9147998 ] | Reward=-0.093 | Cum=-5.149 | Info={'shot_attempted': False, 'pass_attempted': False, 'invalid_shot_attempt': True, 'goal_scored': False, 'goal_team': None, 'ball_out_by': None, 'has_ball': True, 'start_shot_bonus': False, 'start_pass_bonus': False, 'possession_lost': False}

[Step 54] Action=[ 0.67629445  0.3606909   0.          0.66814375  0.95796204 -0.23575705
 -0.91492033] | Reward=-0.093 | Cum=-5.242 | Info={'shot_attempted': False, 'pass_attempted': False, 'invalid_shot_attempt': True, 'goal_scored': False, 'goal_team': None, 'ball_out_by': None, 'has_ball': True, 'start_shot_bonus': False, 'start_pass_bonus': False, 'possession_lost': False}

[Step 55] Action=[ 0.6764943   0.36082876  0.          0.6683332   0.95803314 -0.23591557
 -0.9150407 ] | Reward=-0.093 | Cum=-5.335 | Info={'shot_attempted': False, 'pass_attempted': False, 'invalid_shot_attempt': True, 'goal_scored': False, 'goal_team': None, 'ball_out_by': None, 'has_ball': True, 'start_shot_bonus': False, 'start_pass_bonus': False, 'possession_lost': False}

[Step 56] Action=[ 0.67669415  0.3609668   0.          0.6685224   0.9581042  -0.2360735
 -0.9151608 ] | Reward=-0.093 | Cum=-5.427 | Info={'shot_attempted': False, 'pass_attempted': False, 'invalid_shot_attempt': True, 'goal_scored': False, 'goal_team': None, 'ball_out_by': None, 'has_ball': True, 'start_shot_bonus': False, 'start_pass_bonus': False, 'possession_lost': False}

[Step 57] Action=[ 0.6768937   0.36110452  0.          0.6687118   0.95817506 -0.23623198
 -0.9152808 ] | Reward=-0.093 | Cum=-5.520 | Info={'shot_attempted': False, 'pass_attempted': False, 'invalid_shot_attempt': True, 'goal_scored': False, 'goal_team': None, 'ball_out_by': None, 'has_ball': True, 'start_shot_bonus': False, 'start_pass_bonus': False, 'possession_lost': False}

[Step 58] Action=[ 0.6770932   0.36124218  0.          0.66890085  0.9582459  -0.23639007
 -0.9154006 ] | Reward=-0.093 | Cum=-5.613 | Info={'shot_attempted': False, 'pass_attempted': False, 'invalid_shot_attempt': True, 'goal_scored': False, 'goal_team': None, 'ball_out_by': None, 'has_ball': True, 'start_shot_bonus': False, 'start_pass_bonus': False, 'possession_lost': False}

[Step 59] Action=[ 0.6772927   0.36138013  0.          0.66908985  0.9583165  -0.23654853
 -0.9155203 ] | Reward=-0.093 | Cum=-5.706 | Info={'shot_attempted': False, 'pass_attempted': False, 'invalid_shot_attempt': True, 'goal_scored': False, 'goal_team': None, 'ball_out_by': None, 'has_ball': True, 'start_shot_bonus': False, 'start_pass_bonus': False, 'possession_lost': False}

[Step 60] Action=[ 0.677492    0.36151794  0.          0.6692789   0.9583871  -0.23670681
 -0.9156398 ] | Reward=-0.092 | Cum=-5.798 | Info={'shot_attempted': False, 'pass_attempted': False, 'invalid_shot_attempt': True, 'goal_scored': False, 'goal_team': None, 'ball_out_by': None, 'has_ball': True, 'start_shot_bonus': False, 'start_pass_bonus': False, 'possession_lost': False}

[Step 61] Action=[ 0.67570376  0.35855785  0.          0.6678745   0.9573741  -0.23607631
 -0.9141438 ] | Reward=-0.092 | Cum=-5.890 | Info={'shot_attempted': False, 'pass_attempted': False, 'invalid_shot_attempt': True, 'goal_scored': False, 'goal_team': None, 'ball_out_by': None, 'has_ball': True, 'start_shot_bonus': False, 'start_pass_bonus': False, 'possession_lost': False}

[Step 62] Action=[ 0.6757951   0.35865098  0.          0.6679543   0.95740694 -0.2361864
 -0.91420484] | Reward=-0.092 | Cum=-5.982 | Info={'shot_attempted': False, 'pass_attempted': False, 'invalid_shot_attempt': True, 'goal_scored': False, 'goal_team': None, 'ball_out_by': None, 'has_ball': True, 'start_shot_bonus': False, 'start_pass_bonus': False, 'possession_lost': False}

[Step 63] Action=[ 0.67588705  0.35874462  0.          0.6680343   0.95743996 -0.2362976
 -0.91426605] | Reward=-0.092 | Cum=-6.073 | Info={'shot_attempted': False, 'pass_attempted': False, 'invalid_shot_attempt': True, 'goal_scored': False, 'goal_team': None, 'ball_out_by': None, 'has_ball': True, 'start_shot_bonus': False, 'start_pass_bonus': False, 'possession_lost': False}

[Step 64] Action=[ 0.675979    0.35883835  0.          0.6681144   0.957473   -0.23640847
 -0.9143273 ] | Reward=-0.092 | Cum=-6.165 | Info={'shot_attempted': False, 'pass_attempted': False, 'invalid_shot_attempt': True, 'goal_scored': False, 'goal_team': None, 'ball_out_by': None, 'has_ball': True, 'start_shot_bonus': False, 'start_pass_bonus': False, 'possession_lost': False}

[Step 65] Action=[ 0.6760708   0.3589325   0.          0.668194    0.9575059  -0.23651876
 -0.9143884 ] | Reward=-0.091 | Cum=-6.256 | Info={'shot_attempted': False, 'pass_attempted': False, 'invalid_shot_attempt': True, 'goal_scored': False, 'goal_team': None, 'ball_out_by': None, 'has_ball': True, 'start_shot_bonus': False, 'start_pass_bonus': False, 'possession_lost': False}

[Step 66] Action=[ 0.67627054  0.35907048  0.          0.6683833   0.9575777  -0.23667681
 -0.91450936] | Reward=-0.091 | Cum=-6.348 | Info={'shot_attempted': False, 'pass_attempted': False, 'invalid_shot_attempt': True, 'goal_scored': False, 'goal_team': None, 'ball_out_by': None, 'has_ball': True, 'start_shot_bonus': False, 'start_pass_bonus': False, 'possession_lost': False}

[Step 67] Action=[ 0.6764702   0.35920814  0.          0.66857255  0.95764947 -0.23683497
 -0.91463006] | Reward=-0.091 | Cum=-6.439 | Info={'shot_attempted': False, 'pass_attempted': False, 'invalid_shot_attempt': True, 'goal_scored': False, 'goal_team': None, 'ball_out_by': None, 'has_ball': True, 'start_shot_bonus': False, 'start_pass_bonus': False, 'possession_lost': False}

[Step 68] Action=[ 0.67666984  0.35934588  0.          0.6687617   0.957721   -0.23699318
 -0.9147507 ] | Reward=-0.091 | Cum=-6.530 | Info={'shot_attempted': False, 'pass_attempted': False, 'invalid_shot_attempt': True, 'goal_scored': False, 'goal_team': None, 'ball_out_by': None, 'has_ball': True, 'start_shot_bonus': False, 'start_pass_bonus': False, 'possession_lost': False}

[Step 69] Action=[ 0.6768694   0.35948378  0.          0.66895074  0.9577925  -0.23715137
 -0.91487116] | Reward=-0.091 | Cum=-6.622 | Info={'shot_attempted': False, 'pass_attempted': False, 'invalid_shot_attempt': True, 'goal_scored': False, 'goal_team': None, 'ball_out_by': None, 'has_ball': True, 'start_shot_bonus': False, 'start_pass_bonus': False, 'possession_lost': False}

[Step 70] Action=[ 0.67706877  0.3596214   0.          0.6691396   0.95786387 -0.23730932
 -0.91499144] | Reward=-0.090 | Cum=-6.712 | Info={'shot_attempted': False, 'pass_attempted': False, 'invalid_shot_attempt': True, 'goal_scored': False, 'goal_team': None, 'ball_out_by': None, 'has_ball': True, 'start_shot_bonus': False, 'start_pass_bonus': False, 'possession_lost': False}

[Step 71] Action=[ 0.6772681   0.35975915  0.          0.6693285   0.9579351  -0.23746726
 -0.91511154] | Reward=-0.090 | Cum=-6.803 | Info={'shot_attempted': False, 'pass_attempted': False, 'invalid_shot_attempt': True, 'goal_scored': False, 'goal_team': None, 'ball_out_by': None, 'has_ball': True, 'start_shot_bonus': False, 'start_pass_bonus': False, 'possession_lost': False}

[Step 72] Action=[ 0.67746717  0.35989702  0.          0.6695173   0.9580062  -0.23762529
 -0.91523147] | Reward=-0.090 | Cum=-6.893 | Info={'shot_attempted': False, 'pass_attempted': False, 'invalid_shot_attempt': True, 'goal_scored': False, 'goal_team': None, 'ball_out_by': None, 'has_ball': True, 'start_shot_bonus': False, 'start_pass_bonus': False, 'possession_lost': False}

[Step 73] Action=[ 0.67766637  0.36003473  0.          0.6697059   0.95807725 -0.23778337
 -0.9153513 ] | Reward=-0.090 | Cum=-6.984 | Info={'shot_attempted': False, 'pass_attempted': False, 'invalid_shot_attempt': True, 'goal_scored': False, 'goal_team': None, 'ball_out_by': None, 'has_ball': True, 'start_shot_bonus': False, 'start_pass_bonus': False, 'possession_lost': False}

[Step 74] Action=[ 0.6778655   0.36017257  0.          0.6698945   0.9581481  -0.23794132
 -0.9154709 ] | Reward=-0.090 | Cum=-7.074 | Info={'shot_attempted': False, 'pass_attempted': False, 'invalid_shot_attempt': True, 'goal_scored': False, 'goal_team': None, 'ball_out_by': None, 'has_ball': True, 'start_shot_bonus': False, 'start_pass_bonus': False, 'possession_lost': False}

[Step 75] Action=[ 0.6780644   0.36031014  0.          0.6700829   0.9582189  -0.23809922
 -0.91559035] | Reward=-0.090 | Cum=-7.164 | Info={'shot_attempted': False, 'pass_attempted': False, 'invalid_shot_attempt': True, 'goal_scored': False, 'goal_team': None, 'ball_out_by': None, 'has_ball': True, 'start_shot_bonus': False, 'start_pass_bonus': False, 'possession_lost': False}

[Step 76] Action=[ 0.6782631   0.3604478   0.          0.67027134  0.9582895  -0.2382572
 -0.9157097 ] | Reward=-0.090 | Cum=-7.254 | Info={'shot_attempted': False, 'pass_attempted': False, 'invalid_shot_attempt': True, 'goal_scored': False, 'goal_team': None, 'ball_out_by': None, 'has_ball': True, 'start_shot_bonus': False, 'start_pass_bonus': False, 'possession_lost': False}

[Step 77] Action=[ 0.6784619   0.36058572  0.          0.6704596   0.9583601  -0.23841524
 -0.9158288 ] | Reward=-0.090 | Cum=-7.344 | Info={'shot_attempted': False, 'pass_attempted': False, 'invalid_shot_attempt': True, 'goal_scored': False, 'goal_team': None, 'ball_out_by': None, 'has_ball': True, 'start_shot_bonus': False, 'start_pass_bonus': False, 'possession_lost': False}

[Step 78] Action=[ 0.6786605   0.36072323  0.          0.6706479   0.95843047 -0.2385732
 -0.9159478 ] | Reward=-0.090 | Cum=-7.434 | Info={'shot_attempted': False, 'pass_attempted': False, 'invalid_shot_attempt': True, 'goal_scored': False, 'goal_team': None, 'ball_out_by': None, 'has_ball': True, 'start_shot_bonus': False, 'start_pass_bonus': False, 'possession_lost': False}

[Step 79] Action=[ 0.67885906  0.360861    0.          0.67083603  0.95850074 -0.23873098
 -0.91606665] | Reward=-0.090 | Cum=-7.523 | Info={'shot_attempted': False, 'pass_attempted': False, 'invalid_shot_attempt': True, 'goal_scored': False, 'goal_team': None, 'ball_out_by': None, 'has_ball': True, 'start_shot_bonus': False, 'start_pass_bonus': False, 'possession_lost': False}

[Step 80] Action=[ 0.6790574   0.36099863  0.          0.671024    0.95857096 -0.2388888
 -0.91618526] | Reward=-0.089 | Cum=-7.612 | Info={'shot_attempted': False, 'pass_attempted': False, 'invalid_shot_attempt': True, 'goal_scored': False, 'goal_team': None, 'ball_out_by': None, 'has_ball': True, 'start_shot_bonus': False, 'start_pass_bonus': False, 'possession_lost': False}

[Step 81] Action=[ 0.67925584  0.36113647  0.          0.6712121   0.95864105 -0.23904684
 -0.9163038 ] | Reward=-0.089 | Cum=-7.701 | Info={'shot_attempted': False, 'pass_attempted': False, 'invalid_shot_attempt': True, 'goal_scored': False, 'goal_team': None, 'ball_out_by': None, 'has_ball': True, 'start_shot_bonus': False, 'start_pass_bonus': False, 'possession_lost': False}

[Step 82] Action=[ 0.6794541   0.36127415  0.          0.6713999   0.95871097 -0.23920469
 -0.9164222 ] | Reward=-0.089 | Cum=-7.790 | Info={'shot_attempted': False, 'pass_attempted': False, 'invalid_shot_attempt': True, 'goal_scored': False, 'goal_team': None, 'ball_out_by': None, 'has_ball': True, 'start_shot_bonus': False, 'start_pass_bonus': False, 'possession_lost': False}

[Step 83] Action=[ 0.6796522   0.3614117   0.          0.6715877   0.9587808  -0.23936266
 -0.9165404 ] | Reward=-0.089 | Cum=-7.879 | Info={'shot_attempted': False, 'pass_attempted': False, 'invalid_shot_attempt': True, 'goal_scored': False, 'goal_team': None, 'ball_out_by': None, 'has_ball': True, 'start_shot_bonus': False, 'start_pass_bonus': False, 'possession_lost': False}

[Step 84] Action=[ 0.6798503   0.36154944  0.          0.6717754   0.95885056 -0.23952065
 -0.91665846] | Reward=-0.089 | Cum=-7.968 | Info={'shot_attempted': False, 'pass_attempted': False, 'invalid_shot_attempt': True, 'goal_scored': False, 'goal_team': None, 'ball_out_by': None, 'has_ball': True, 'start_shot_bonus': False, 'start_pass_bonus': False, 'possession_lost': False}

[Step 85] Action=[ 0.68004817  0.36168703  0.          0.67196304  0.9589202  -0.23967852
 -0.9167763 ] | Reward=-0.088 | Cum=-8.057 | Info={'shot_attempted': False, 'pass_attempted': False, 'invalid_shot_attempt': True, 'goal_scored': False, 'goal_team': None, 'ball_out_by': None, 'has_ball': True, 'start_shot_bonus': False, 'start_pass_bonus': False, 'possession_lost': False}

[Step 86] Action=[ 0.6802461   0.36182478  0.          0.6721505   0.9589897  -0.23983628
 -0.9168941 ] | Reward=-0.088 | Cum=-8.145 | Info={'shot_attempted': False, 'pass_attempted': False, 'invalid_shot_attempt': True, 'goal_scored': False, 'goal_team': None, 'ball_out_by': None, 'has_ball': True, 'start_shot_bonus': False, 'start_pass_bonus': False, 'possession_lost': False}

[Step 87] Action=[ 0.6804439   0.36196232  0.          0.6723382   0.9590591  -0.239994
 -0.9170116 ] | Reward=-0.088 | Cum=-8.234 | Info={'shot_attempted': False, 'pass_attempted': False, 'invalid_shot_attempt': True, 'goal_scored': False, 'goal_team': None, 'ball_out_by': None, 'has_ball': True, 'start_shot_bonus': False, 'start_pass_bonus': False, 'possession_lost': False}

[Step 88] Action=[ 0.68064153  0.36209992  0.          0.6725255   0.9591283  -0.24015196
 -0.91712904] | Reward=-0.088 | Cum=-8.322 | Info={'shot_attempted': False, 'pass_attempted': False, 'invalid_shot_attempt': True, 'goal_scored': False, 'goal_team': None, 'ball_out_by': None, 'has_ball': True, 'start_shot_bonus': False, 'start_pass_bonus': False, 'possession_lost': False}

[Step 89] Action=[ 0.68083906  0.36223745  0.          0.6727128   0.9591975  -0.24030967
 -0.9172463 ] | Reward=-0.088 | Cum=-8.411 | Info={'shot_attempted': False, 'pass_attempted': False, 'invalid_shot_attempt': True, 'goal_scored': False, 'goal_team': None, 'ball_out_by': None, 'has_ball': True, 'start_shot_bonus': False, 'start_pass_bonus': False, 'possession_lost': False}

[Step 90] Action=[ 0.6810366  0.3623751  0.         0.6729001  0.9592666 -0.2404677
 -0.9173634] | Reward=-0.088 | Cum=-8.498 | Info={'shot_attempted': False, 'pass_attempted': False, 'invalid_shot_attempt': True, 'goal_scored': False, 'goal_team': None, 'ball_out_by': None, 'has_ball': True, 'start_shot_bonus': False, 'start_pass_bonus': False, 'possession_lost': False}

[Step 91] Action=[ 0.6812339   0.36251265  0.          0.67308724  0.9593355  -0.24062538
 -0.91748035] | Reward=-0.088 | Cum=-8.586 | Info={'shot_attempted': False, 'pass_attempted': False, 'invalid_shot_attempt': True, 'goal_scored': False, 'goal_team': None, 'ball_out_by': None, 'has_ball': True, 'start_shot_bonus': False, 'start_pass_bonus': False, 'possession_lost': False}

[Step 92] Action=[ 0.68143123  0.36265016  0.          0.67327416  0.9594043  -0.2407834
 -0.9175971 ] | Reward=-0.088 | Cum=-8.674 | Info={'shot_attempted': False, 'pass_attempted': False, 'invalid_shot_attempt': True, 'goal_scored': False, 'goal_team': None, 'ball_out_by': None, 'has_ball': True, 'start_shot_bonus': False, 'start_pass_bonus': False, 'possession_lost': False}

[Step 93] Action=[ 0.6816283   0.36278763  0.          0.67346114  0.959473   -0.24094117
 -0.91771376] | Reward=-0.088 | Cum=-8.761 | Info={'shot_attempted': False, 'pass_attempted': False, 'invalid_shot_attempt': True, 'goal_scored': False, 'goal_team': None, 'ball_out_by': None, 'has_ball': True, 'start_shot_bonus': False, 'start_pass_bonus': False, 'possession_lost': False}

[Step 94] Action=[ 0.6818255   0.3629252   0.          0.67364806  0.9595416  -0.24109887
 -0.9178303 ] | Reward=-0.088 | Cum=-8.849 | Info={'shot_attempted': False, 'pass_attempted': False, 'invalid_shot_attempt': True, 'goal_scored': False, 'goal_team': None, 'ball_out_by': None, 'has_ball': True, 'start_shot_bonus': False, 'start_pass_bonus': False, 'possession_lost': False}

[Step 95] Action=[ 0.68202245  0.36306277  0.          0.6738349   0.9596101  -0.24125656
 -0.9179466 ] | Reward=-0.087 | Cum=-8.936 | Info={'shot_attempted': False, 'pass_attempted': False, 'invalid_shot_attempt': True, 'goal_scored': False, 'goal_team': None, 'ball_out_by': None, 'has_ball': True, 'start_shot_bonus': False, 'start_pass_bonus': False, 'possession_lost': False}

[Step 96] Action=[ 0.68221945  0.36320025  0.          0.6740216   0.9596785  -0.24141435
 -0.91806275] | Reward=-0.087 | Cum=-9.023 | Info={'shot_attempted': False, 'pass_attempted': False, 'invalid_shot_attempt': True, 'goal_scored': False, 'goal_team': None, 'ball_out_by': None, 'has_ball': True, 'start_shot_bonus': False, 'start_pass_bonus': False, 'possession_lost': False}

[Step 97] Action=[ 0.6824161   0.3633376   0.          0.6742082   0.9597467  -0.24157213
 -0.91817874] | Reward=-0.087 | Cum=-9.111 | Info={'shot_attempted': False, 'pass_attempted': False, 'invalid_shot_attempt': True, 'goal_scored': False, 'goal_team': None, 'ball_out_by': None, 'has_ball': True, 'start_shot_bonus': False, 'start_pass_bonus': False, 'possession_lost': False}

[Step 98] Action=[ 0.6826129   0.3634751   0.          0.6743949   0.9598149  -0.24173006
 -0.9182946 ] | Reward=-0.087 | Cum=-9.198 | Info={'shot_attempted': False, 'pass_attempted': False, 'invalid_shot_attempt': True, 'goal_scored': False, 'goal_team': None, 'ball_out_by': None, 'has_ball': True, 'start_shot_bonus': False, 'start_pass_bonus': False, 'possession_lost': False}

[Step 99] Action=[ 0.68280953  0.36361277  0.          0.6745813   0.9598829  -0.24188764
 -0.9184103 ] | Reward=-0.087 | Cum=-9.285 | Info={'shot_attempted': False, 'pass_attempted': False, 'invalid_shot_attempt': True, 'goal_scored': False, 'goal_team': None, 'ball_out_by': None, 'has_ball': True, 'start_shot_bonus': False, 'start_pass_bonus': False, 'possession_lost': False}

[Step 100] Action=[ 0.68300605  0.3637502   0.          0.6747677   0.95995086 -0.24204539
 -0.9185259 ] | Reward=-0.086 | Cum=-9.371 | Info={'shot_attempted': False, 'pass_attempted': False, 'invalid_shot_attempt': True, 'goal_scored': False, 'goal_team': None, 'ball_out_by': None, 'has_ball': True, 'start_shot_bonus': False, 'start_pass_bonus': False, 'possession_lost': False}

[Step 101] Action=[ 0.68320256  0.36388764  0.          0.67495406  0.9600187  -0.24220312
 -0.91864127] | Reward=-0.086 | Cum=-9.457 | Info={'shot_attempted': False, 'pass_attempted': False, 'invalid_shot_attempt': True, 'goal_scored': False, 'goal_team': None, 'ball_out_by': None, 'has_ball': True, 'start_shot_bonus': False, 'start_pass_bonus': False, 'possession_lost': False}

[Step 102] Action=[ 0.68339884  0.3640251   0.          0.67514026  0.96008635 -0.24236089
 -0.9187565 ] | Reward=-0.086 | Cum=-9.543 | Info={'shot_attempted': False, 'pass_attempted': False, 'invalid_shot_attempt': True, 'goal_scored': False, 'goal_team': None, 'ball_out_by': None, 'has_ball': True, 'start_shot_bonus': False, 'start_pass_bonus': False, 'possession_lost': False}

[Step 103] Action=[ 0.68359506  0.36416236  0.          0.67532635  0.96015394 -0.24251853
 -0.9188716 ] | Reward=-0.087 | Cum=-9.630 | Info={'shot_attempted': False, 'pass_attempted': False, 'invalid_shot_attempt': True, 'goal_scored': False, 'goal_team': None, 'ball_out_by': None, 'has_ball': True, 'start_shot_bonus': False, 'start_pass_bonus': False, 'possession_lost': False}

[Step 104] Action=[ 0.6837912   0.36429968  0.          0.67551243  0.9602214  -0.24267627
 -0.9189865 ] | Reward=-0.087 | Cum=-9.717 | Info={'shot_attempted': False, 'pass_attempted': False, 'invalid_shot_attempt': True, 'goal_scored': False, 'goal_team': None, 'ball_out_by': None, 'has_ball': True, 'start_shot_bonus': False, 'start_pass_bonus': False, 'possession_lost': False}

[Step 105] Action=[ 0.6839872   0.36443722  0.          0.67569834  0.9602888  -0.2428339
 -0.9191013 ] | Reward=-0.086 | Cum=-9.803 | Info={'shot_attempted': False, 'pass_attempted': False, 'invalid_shot_attempt': True, 'goal_scored': False, 'goal_team': None, 'ball_out_by': None, 'has_ball': True, 'start_shot_bonus': False, 'start_pass_bonus': False, 'possession_lost': False}

[Step 106] Action=[ 0.6841831   0.36457446  0.          0.67588437  0.96035606 -0.24299167
 -0.9192159 ] | Reward=-0.086 | Cum=-9.889 | Info={'shot_attempted': False, 'pass_attempted': False, 'invalid_shot_attempt': True, 'goal_scored': False, 'goal_team': None, 'ball_out_by': None, 'has_ball': True, 'start_shot_bonus': False, 'start_pass_bonus': False, 'possession_lost': False}

[Step 107] Action=[ 0.6843791   0.36471185  0.          0.6760701   0.96042323 -0.24314931
 -0.9193304 ] | Reward=-0.086 | Cum=-9.975 | Info={'shot_attempted': False, 'pass_attempted': False, 'invalid_shot_attempt': True, 'goal_scored': False, 'goal_team': None, 'ball_out_by': None, 'has_ball': True, 'start_shot_bonus': False, 'start_pass_bonus': False, 'possession_lost': False}

[Step 108] Action=[ 0.6845748   0.36484906  0.          0.67625594  0.9604902  -0.24330707
 -0.9194447 ] | Reward=-0.086 | Cum=-10.060 | Info={'shot_attempted': False, 'pass_attempted': False, 'invalid_shot_attempt': True, 'goal_scored': False, 'goal_team': None, 'ball_out_by': None, 'has_ball': True, 'start_shot_bonus': False, 'start_pass_bonus': False, 'possession_lost': False}

[Step 109] Action=[ 0.68477035  0.36498648  0.          0.6764415   0.96055716 -0.24346457
 -0.9195589 ] | Reward=-0.086 | Cum=-10.146 | Info={'shot_attempted': False, 'pass_attempted': False, 'invalid_shot_attempt': True, 'goal_scored': False, 'goal_team': None, 'ball_out_by': None, 'has_ball': True, 'start_shot_bonus': False, 'start_pass_bonus': False, 'possession_lost': False}

[Step 110] Action=[ 0.684966    0.36512387  0.          0.67662716  0.960624   -0.24362247
 -0.9196729 ] | Reward=-0.085 | Cum=-10.231 | Info={'shot_attempted': False, 'pass_attempted': False, 'invalid_shot_attempt': True, 'goal_scored': False, 'goal_team': None, 'ball_out_by': None, 'has_ball': True, 'start_shot_bonus': False, 'start_pass_bonus': False, 'possession_lost': False}

[Step 111] Action=[ 0.6851615   0.3652611   0.          0.6768125   0.96069074 -0.24377978
 -0.91978675] | Reward=-0.085 | Cum=-10.316 | Info={'shot_attempted': False, 'pass_attempted': False, 'invalid_shot_attempt': True, 'goal_scored': False, 'goal_team': None, 'ball_out_by': None, 'has_ball': True, 'start_shot_bonus': False, 'start_pass_bonus': False, 'possession_lost': False}

[Step 112] Action=[ 0.68535686  0.36539844  0.          0.67699796  0.9607573  -0.24393742
 -0.9199005 ] | Reward=-0.086 | Cum=-10.402 | Info={'shot_attempted': False, 'pass_attempted': False, 'invalid_shot_attempt': True, 'goal_scored': False, 'goal_team': None, 'ball_out_by': None, 'has_ball': True, 'start_shot_bonus': False, 'start_pass_bonus': False, 'possession_lost': False}

[Step 113] Action=[ 0.6855522   0.36553583  0.          0.67718333  0.96082383 -0.2440951
 -0.920014  ] | Reward=-0.086 | Cum=-10.487 | Info={'shot_attempted': False, 'pass_attempted': False, 'invalid_shot_attempt': True, 'goal_scored': False, 'goal_team': None, 'ball_out_by': None, 'has_ball': True, 'start_shot_bonus': False, 'start_pass_bonus': False, 'possession_lost': False}

[Step 114] Action=[ 0.6857475   0.36567265  0.          0.6773684   0.9608902  -0.24425232
 -0.9201273 ] | Reward=-0.086 | Cum=-10.573 | Info={'shot_attempted': False, 'pass_attempted': False, 'invalid_shot_attempt': True, 'goal_scored': False, 'goal_team': None, 'ball_out_by': None, 'has_ball': True, 'start_shot_bonus': False, 'start_pass_bonus': False, 'possession_lost': False}

[Step 115] Action=[ 0.68594694  0.3658101   0.          0.6775521   0.9609567  -0.24440882
 -0.9202403 ] | Reward=-0.085 | Cum=-10.658 | Info={'shot_attempted': False, 'pass_attempted': False, 'invalid_shot_attempt': True, 'goal_scored': False, 'goal_team': None, 'ball_out_by': None, 'has_ball': True, 'start_shot_bonus': False, 'start_pass_bonus': False, 'possession_lost': False}

[Step 116] Action=[ 0.6861473   0.36594862  0.          0.67773575  0.96102333 -0.24456573
 -0.9203533 ] | Reward=-0.085 | Cum=-10.742 | Info={'shot_attempted': False, 'pass_attempted': False, 'invalid_shot_attempt': True, 'goal_scored': False, 'goal_team': None, 'ball_out_by': None, 'has_ball': True, 'start_shot_bonus': False, 'start_pass_bonus': False, 'possession_lost': False}

[Step 117] Action=[ 0.6863474   0.3660869   0.          0.6779192   0.96108985 -0.24472286
 -0.92046624] | Reward=-0.085 | Cum=-10.827 | Info={'shot_attempted': False, 'pass_attempted': False, 'invalid_shot_attempt': True, 'goal_scored': False, 'goal_team': None, 'ball_out_by': None, 'has_ball': True, 'start_shot_bonus': False, 'start_pass_bonus': False, 'possession_lost': False}

[Step 118] Action=[ 0.6865475   0.36622527  0.          0.6781027   0.9611563  -0.24487986
 -0.9205789 ] | Reward=-0.085 | Cum=-10.912 | Info={'shot_attempted': False, 'pass_attempted': False, 'invalid_shot_attempt': True, 'goal_scored': False, 'goal_team': None, 'ball_out_by': None, 'has_ball': True, 'start_shot_bonus': False, 'start_pass_bonus': False, 'possession_lost': False}

[Step 119] Action=[ 0.68674755  0.36636358  0.          0.67828614  0.96122265 -0.24503686
 -0.9206915 ] | Reward=-0.085 | Cum=-10.996 | Info={'shot_attempted': False, 'pass_attempted': False, 'invalid_shot_attempt': True, 'goal_scored': False, 'goal_team': None, 'ball_out_by': None, 'has_ball': True, 'start_shot_bonus': False, 'start_pass_bonus': False, 'possession_lost': False}

[Step 120] Action=[ 0.68694746  0.3665025   0.          0.678468    0.9612888  -0.24519473
 -0.92080384] | Reward=-0.084 | Cum=-11.080 | Info={'shot_attempted': False, 'pass_attempted': False, 'invalid_shot_attempt': True, 'goal_scored': False, 'goal_team': None, 'ball_out_by': None, 'has_ball': True, 'start_shot_bonus': False, 'start_pass_bonus': False, 'possession_lost': False}

[Step 121] Action=[ 0.6871474   0.36664206  0.          0.6786488   0.96135485 -0.24535327
 -0.92091596] | Reward=-0.084 | Cum=-11.164 | Info={'shot_attempted': False, 'pass_attempted': False, 'invalid_shot_attempt': True, 'goal_scored': False, 'goal_team': None, 'ball_out_by': None, 'has_ball': True, 'start_shot_bonus': False, 'start_pass_bonus': False, 'possession_lost': False}

[Step 122] Action=[ 0.68734694  0.3667815   0.          0.67882955  0.96142083 -0.24551211
 -0.92102796] | Reward=-0.084 | Cum=-11.249 | Info={'shot_attempted': False, 'pass_attempted': False, 'invalid_shot_attempt': True, 'goal_scored': False, 'goal_team': None, 'ball_out_by': None, 'has_ball': True, 'start_shot_bonus': False, 'start_pass_bonus': False, 'possession_lost': False}

[Step 123] Action=[ 0.6875466   0.3669213   0.          0.67901015  0.9614867  -0.24567062
 -0.92113984] | Reward=-0.084 | Cum=-11.333 | Info={'shot_attempted': False, 'pass_attempted': False, 'invalid_shot_attempt': True, 'goal_scored': False, 'goal_team': None, 'ball_out_by': None, 'has_ball': True, 'start_shot_bonus': False, 'start_pass_bonus': False, 'possession_lost': False}

[Step 124] Action=[ 0.6877461   0.36706096  0.          0.6791907   0.96155244 -0.24582957
 -0.9212515 ] | Reward=-0.084 | Cum=-11.418 | Info={'shot_attempted': False, 'pass_attempted': False, 'invalid_shot_attempt': True, 'goal_scored': False, 'goal_team': None, 'ball_out_by': None, 'has_ball': True, 'start_shot_bonus': False, 'start_pass_bonus': False, 'possession_lost': False}

[Step 125] Action=[ 0.68794554  0.36720046  0.          0.67937106  0.96161807 -0.24598804
 -0.921363  ] | Reward=-0.084 | Cum=-11.501 | Info={'shot_attempted': False, 'pass_attempted': False, 'invalid_shot_attempt': True, 'goal_scored': False, 'goal_team': None, 'ball_out_by': None, 'has_ball': True, 'start_shot_bonus': False, 'start_pass_bonus': False, 'possession_lost': False}

[Step 126] Action=[ 0.68814474  0.3673399   0.          0.6795516   0.9616836  -0.24614662
 -0.92147446] | Reward=-0.084 | Cum=-11.585 | Info={'shot_attempted': False, 'pass_attempted': False, 'invalid_shot_attempt': True, 'goal_scored': False, 'goal_team': None, 'ball_out_by': None, 'has_ball': True, 'start_shot_bonus': False, 'start_pass_bonus': False, 'possession_lost': False}

[Step 127] Action=[ 0.688344    0.36747947  0.          0.6797318   0.961749   -0.2463053
 -0.9215857 ] | Reward=-0.084 | Cum=-11.669 | Info={'shot_attempted': False, 'pass_attempted': False, 'invalid_shot_attempt': True, 'goal_scored': False, 'goal_team': None, 'ball_out_by': None, 'has_ball': True, 'start_shot_bonus': False, 'start_pass_bonus': False, 'possession_lost': False}

[Step 128] Action=[ 0.6885431   0.367619    0.          0.67991203  0.96181434 -0.24646375
 -0.9216968 ] | Reward=-0.084 | Cum=-11.752 | Info={'shot_attempted': False, 'pass_attempted': False, 'invalid_shot_attempt': True, 'goal_scored': False, 'goal_team': None, 'ball_out_by': None, 'has_ball': True, 'start_shot_bonus': False, 'start_pass_bonus': False, 'possession_lost': False}

[Step 129] Action=[ 0.68874204  0.3677586   0.          0.6800921   0.96187955 -0.24662228
 -0.92180777] | Reward=-0.084 | Cum=-11.836 | Info={'shot_attempted': False, 'pass_attempted': False, 'invalid_shot_attempt': True, 'goal_scored': False, 'goal_team': None, 'ball_out_by': None, 'has_ball': True, 'start_shot_bonus': False, 'start_pass_bonus': False, 'possession_lost': False}

[Step 130] Action=[ 0.68894094  0.36789814  0.          0.6802723   0.96194464 -0.24678116
 -0.9219185 ] | Reward=-0.084 | Cum=-11.919 | Info={'shot_attempted': False, 'pass_attempted': False, 'invalid_shot_attempt': True, 'goal_scored': False, 'goal_team': None, 'ball_out_by': None, 'has_ball': True, 'start_shot_bonus': False, 'start_pass_bonus': False, 'possession_lost': False}

[Step 131] Action=[ 0.6891398   0.36803746  0.          0.68045217  0.9620096  -0.24693955
 -0.9220292 ] | Reward=-0.084 | Cum=-12.003 | Info={'shot_attempted': False, 'pass_attempted': False, 'invalid_shot_attempt': True, 'goal_scored': False, 'goal_team': None, 'ball_out_by': None, 'has_ball': True, 'start_shot_bonus': False, 'start_pass_bonus': False, 'possession_lost': False}

[Step 132] Action=[ 0.6893384   0.3681769   0.          0.6806321   0.9620745  -0.24709849
 -0.92213964] | Reward=-0.083 | Cum=-12.086 | Info={'shot_attempted': False, 'pass_attempted': False, 'invalid_shot_attempt': True, 'goal_scored': False, 'goal_team': None, 'ball_out_by': None, 'has_ball': True, 'start_shot_bonus': False, 'start_pass_bonus': False, 'possession_lost': False}

[Step 133] Action=[ 0.6895371   0.36831638  0.          0.6808119   0.9621393  -0.24725688
 -0.92225003] | Reward=-0.083 | Cum=-12.170 | Info={'shot_attempted': False, 'pass_attempted': False, 'invalid_shot_attempt': True, 'goal_scored': False, 'goal_team': None, 'ball_out_by': None, 'has_ball': True, 'start_shot_bonus': False, 'start_pass_bonus': False, 'possession_lost': False}

[Step 134] Action=[ 0.68973553  0.36845577  0.          0.68099165  0.962204   -0.24741535
 -0.92236024] | Reward=-0.083 | Cum=-12.253 | Info={'shot_attempted': False, 'pass_attempted': False, 'invalid_shot_attempt': True, 'goal_scored': False, 'goal_team': None, 'ball_out_by': None, 'has_ball': True, 'start_shot_bonus': False, 'start_pass_bonus': False, 'possession_lost': False}

[Step 135] Action=[ 0.68993396  0.36859515  0.          0.68117136  0.96226853 -0.24757403
 -0.9224703 ] | Reward=-0.083 | Cum=-12.336 | Info={'shot_attempted': False, 'pass_attempted': False, 'invalid_shot_attempt': True, 'goal_scored': False, 'goal_team': None, 'ball_out_by': None, 'has_ball': True, 'start_shot_bonus': False, 'start_pass_bonus': False, 'possession_lost': False}

[Step 136] Action=[ 0.6901322   0.3687346   0.          0.6813509   0.96233296 -0.24773237
 -0.9225802 ] | Reward=-0.083 | Cum=-12.418 | Info={'shot_attempted': False, 'pass_attempted': False, 'invalid_shot_attempt': True, 'goal_scored': False, 'goal_team': None, 'ball_out_by': None, 'has_ball': True, 'start_shot_bonus': False, 'start_pass_bonus': False, 'possession_lost': False}

[Step 137] Action=[ 0.6903305   0.36887404  0.          0.6815304   0.9623973  -0.2478907
 -0.92269   ] | Reward=-0.083 | Cum=-12.501 | Info={'shot_attempted': False, 'pass_attempted': False, 'invalid_shot_attempt': True, 'goal_scored': False, 'goal_team': None, 'ball_out_by': None, 'has_ball': True, 'start_shot_bonus': False, 'start_pass_bonus': False, 'possession_lost': False}

[Step 138] Action=[ 0.6905286   0.3690135   0.          0.68170977  0.96246153 -0.24804956
 -0.9227996 ] | Reward=-0.083 | Cum=-12.584 | Info={'shot_attempted': False, 'pass_attempted': False, 'invalid_shot_attempt': True, 'goal_scored': False, 'goal_team': None, 'ball_out_by': None, 'has_ball': True, 'start_shot_bonus': False, 'start_pass_bonus': False, 'possession_lost': False}

[Step 139] Action=[ 0.6907265   0.36915275  0.          0.6818892   0.96252567 -0.24820797
 -0.9229091 ] | Reward=-0.083 | Cum=-12.667 | Info={'shot_attempted': False, 'pass_attempted': False, 'invalid_shot_attempt': True, 'goal_scored': False, 'goal_team': None, 'ball_out_by': None, 'has_ball': True, 'start_shot_bonus': False, 'start_pass_bonus': False, 'possession_lost': False}

[Step 140] Action=[ 0.69092447  0.36929214  0.          0.6820685   0.9625897  -0.24836658
 -0.9230184 ] | Reward=-0.083 | Cum=-12.750 | Info={'shot_attempted': False, 'pass_attempted': False, 'invalid_shot_attempt': True, 'goal_scored': False, 'goal_team': None, 'ball_out_by': None, 'has_ball': True, 'start_shot_bonus': False, 'start_pass_bonus': False, 'possession_lost': False}

[Step 141] Action=[ 0.69112223  0.36943159  0.          0.68224764  0.96265364 -0.24852474
 -0.92312753] | Reward=-0.083 | Cum=-12.832 | Info={'shot_attempted': False, 'pass_attempted': False, 'invalid_shot_attempt': True, 'goal_scored': False, 'goal_team': None, 'ball_out_by': None, 'has_ball': True, 'start_shot_bonus': False, 'start_pass_bonus': False, 'possession_lost': False}

[Step 142] Action=[ 0.69132     0.3695709   0.          0.6824268   0.9627175  -0.24868344
 -0.92323655] | Reward=-0.083 | Cum=-12.915 | Info={'shot_attempted': False, 'pass_attempted': False, 'invalid_shot_attempt': True, 'goal_scored': False, 'goal_team': None, 'ball_out_by': None, 'has_ball': True, 'start_shot_bonus': False, 'start_pass_bonus': False, 'possession_lost': False}

[Step 143] Action=[ 0.6915175   0.36971     0.          0.6826059   0.9627812  -0.24884214
 -0.92334545] | Reward=-0.083 | Cum=-12.997 | Info={'shot_attempted': False, 'pass_attempted': False, 'invalid_shot_attempt': True, 'goal_scored': False, 'goal_team': None, 'ball_out_by': None, 'has_ball': True, 'start_shot_bonus': False, 'start_pass_bonus': False, 'possession_lost': False}

[Step 144] Action=[ 0.69171506  0.3698495   0.          0.68278474  0.9628447  -0.24900037
 -0.9234542 ] | Reward=-0.083 | Cum=-13.080 | Info={'shot_attempted': False, 'pass_attempted': False, 'invalid_shot_attempt': True, 'goal_scored': False, 'goal_team': None, 'ball_out_by': None, 'has_ball': True, 'start_shot_bonus': False, 'start_pass_bonus': False, 'possession_lost': False}

[Step 145] Action=[ 0.6919125   0.36998883  0.          0.68296367  0.96290827 -0.24915892
 -0.92356277] | Reward=-0.082 | Cum=-13.162 | Info={'shot_attempted': False, 'pass_attempted': False, 'invalid_shot_attempt': True, 'goal_scored': False, 'goal_team': None, 'ball_out_by': None, 'has_ball': True, 'start_shot_bonus': False, 'start_pass_bonus': False, 'possession_lost': False}

[Step 146] Action=[ 0.69210964  0.37012804  0.          0.6831425   0.9629716  -0.24931723
 -0.92367125] | Reward=-0.082 | Cum=-13.243 | Info={'shot_attempted': False, 'pass_attempted': False, 'invalid_shot_attempt': True, 'goal_scored': False, 'goal_team': None, 'ball_out_by': None, 'has_ball': True, 'start_shot_bonus': False, 'start_pass_bonus': False, 'possession_lost': False}

[Step 147] Action=[ 0.6923069   0.3702673   0.          0.6833211   0.9630349  -0.24947599
 -0.92377955] | Reward=-0.082 | Cum=-13.325 | Info={'shot_attempted': False, 'pass_attempted': False, 'invalid_shot_attempt': True, 'goal_scored': False, 'goal_team': None, 'ball_out_by': None, 'has_ball': True, 'start_shot_bonus': False, 'start_pass_bonus': False, 'possession_lost': False}

[Step 148] Action=[ 0.69250405  0.3704067   0.          0.6834998   0.9630981  -0.24963394
 -0.9238877 ] | Reward=-0.083 | Cum=-13.408 | Info={'shot_attempted': False, 'pass_attempted': False, 'invalid_shot_attempt': True, 'goal_scored': False, 'goal_team': None, 'ball_out_by': None, 'has_ball': True, 'start_shot_bonus': False, 'start_pass_bonus': False, 'possession_lost': False}

[Step 149] Action=[ 0.69270104  0.37054595  0.          0.68367845  0.96316123 -0.24979232
 -0.9239957 ] | Reward=-0.083 | Cum=-13.490 | Info={'shot_attempted': False, 'pass_attempted': False, 'invalid_shot_attempt': True, 'goal_scored': False, 'goal_team': None, 'ball_out_by': None, 'has_ball': True, 'start_shot_bonus': False, 'start_pass_bonus': False, 'possession_lost': False}

[Step 150] Action=[ 0.69289786  0.37068486  0.          0.6838569   0.9632242  -0.24995092
 -0.9241036 ] | Reward=-0.082 | Cum=-13.572 | Info={'shot_attempted': False, 'pass_attempted': False, 'invalid_shot_attempt': True, 'goal_scored': False, 'goal_team': None, 'ball_out_by': None, 'has_ball': True, 'start_shot_bonus': False, 'start_pass_bonus': False, 'possession_lost': False}

[Step 151] Action=[ 0.6930948   0.3708242   0.          0.68403536  0.96328706 -0.2501093
 -0.92421126] | Reward=-0.082 | Cum=-13.654 | Info={'shot_attempted': False, 'pass_attempted': False, 'invalid_shot_attempt': True, 'goal_scored': False, 'goal_team': None, 'ball_out_by': None, 'has_ball': True, 'start_shot_bonus': False, 'start_pass_bonus': False, 'possession_lost': False}

[Step 152] Action=[ 0.6932915   0.3709635   0.          0.68421364  0.9633498  -0.25026762
 -0.92431885] | Reward=-0.082 | Cum=-13.736 | Info={'shot_attempted': False, 'pass_attempted': False, 'invalid_shot_attempt': True, 'goal_scored': False, 'goal_team': None, 'ball_out_by': None, 'has_ball': True, 'start_shot_bonus': False, 'start_pass_bonus': False, 'possession_lost': False}

[Step 153] Action=[ 0.693488    0.37110254  0.          0.6843919   0.96341246 -0.25042617
 -0.92442626] | Reward=-0.082 | Cum=-13.818 | Info={'shot_attempted': False, 'pass_attempted': False, 'invalid_shot_attempt': True, 'goal_scored': False, 'goal_team': None, 'ball_out_by': None, 'has_ball': True, 'start_shot_bonus': False, 'start_pass_bonus': False, 'possession_lost': False}

[Step 154] Action=[ 0.6936846   0.37124208  0.          0.68457     0.96347505 -0.2505844
 -0.92453355] | Reward=-0.082 | Cum=-13.899 | Info={'shot_attempted': False, 'pass_attempted': False, 'invalid_shot_attempt': True, 'goal_scored': False, 'goal_team': None, 'ball_out_by': None, 'has_ball': True, 'start_shot_bonus': False, 'start_pass_bonus': False, 'possession_lost': False}

[Step 155] Action=[ 0.69388086  0.37138107  0.          0.68474823  0.9635375  -0.2507428
 -0.9246407 ] | Reward=-0.082 | Cum=-13.981 | Info={'shot_attempted': False, 'pass_attempted': False, 'invalid_shot_attempt': True, 'goal_scored': False, 'goal_team': None, 'ball_out_by': None, 'has_ball': True, 'start_shot_bonus': False, 'start_pass_bonus': False, 'possession_lost': False}

[Step 156] Action=[ 0.6940772   0.37152022  0.          0.68492603  0.9635998  -0.2509012
 -0.9247477 ] | Reward=-0.081 | Cum=-14.062 | Info={'shot_attempted': False, 'pass_attempted': False, 'invalid_shot_attempt': True, 'goal_scored': False, 'goal_team': None, 'ball_out_by': None, 'has_ball': True, 'start_shot_bonus': False, 'start_pass_bonus': False, 'possession_lost': False}

[Step 157] Action=[ 0.69427335  0.3716594   0.          0.6851041   0.9636621  -0.2510597
 -0.9248546 ] | Reward=-0.082 | Cum=-14.144 | Info={'shot_attempted': False, 'pass_attempted': False, 'invalid_shot_attempt': True, 'goal_scored': False, 'goal_team': None, 'ball_out_by': None, 'has_ball': True, 'start_shot_bonus': False, 'start_pass_bonus': False, 'possession_lost': False}

[Step 158] Action=[ 0.6944696   0.37179834  0.          0.685282    0.96372426 -0.25121808
 -0.9249612 ] | Reward=-0.082 | Cum=-14.226 | Info={'shot_attempted': False, 'pass_attempted': False, 'invalid_shot_attempt': True, 'goal_scored': False, 'goal_team': None, 'ball_out_by': None, 'has_ball': True, 'start_shot_bonus': False, 'start_pass_bonus': False, 'possession_lost': False}

[Step 159] Action=[ 0.6946655   0.37193754  0.          0.6854598   0.96378624 -0.2513762
 -0.92506784] | Reward=-0.082 | Cum=-14.308 | Info={'shot_attempted': False, 'pass_attempted': False, 'invalid_shot_attempt': True, 'goal_scored': False, 'goal_team': None, 'ball_out_by': None, 'has_ball': True, 'start_shot_bonus': False, 'start_pass_bonus': False, 'possession_lost': False}

[Step 160] Action=[ 0.6948614   0.3720766   0.          0.6856374   0.9638482  -0.25153434
 -0.9251743 ] | Reward=-0.082 | Cum=-14.389 | Info={'shot_attempted': False, 'pass_attempted': False, 'invalid_shot_attempt': True, 'goal_scored': False, 'goal_team': None, 'ball_out_by': None, 'has_ball': True, 'start_shot_bonus': False, 'start_pass_bonus': False, 'possession_lost': False}

[Step 161] Action=[ 0.6950572   0.37221587  0.          0.6858151   0.96391004 -0.25169268
 -0.9252805 ] | Reward=-0.081 | Cum=-14.470 | Info={'shot_attempted': False, 'pass_attempted': False, 'invalid_shot_attempt': True, 'goal_scored': False, 'goal_team': None, 'ball_out_by': None, 'has_ball': True, 'start_shot_bonus': False, 'start_pass_bonus': False, 'possession_lost': False}

[Step 162] Action=[ 0.6952529   0.3723549   0.          0.68599266  0.9639718  -0.25185102
 -0.92538667] | Reward=-0.081 | Cum=-14.551 | Info={'shot_attempted': False, 'pass_attempted': False, 'invalid_shot_attempt': True, 'goal_scored': False, 'goal_team': None, 'ball_out_by': None, 'has_ball': True, 'start_shot_bonus': False, 'start_pass_bonus': False, 'possession_lost': False}

[Step 163] Action=[ 0.6954485   0.37249407  0.          0.68617004  0.96403337 -0.2520092
 -0.92549264] | Reward=-0.081 | Cum=-14.632 | Info={'shot_attempted': False, 'pass_attempted': False, 'invalid_shot_attempt': True, 'goal_scored': False, 'goal_team': None, 'ball_out_by': None, 'has_ball': True, 'start_shot_bonus': False, 'start_pass_bonus': False, 'possession_lost': False}

[Step 164] Action=[ 0.6956441   0.3726329   0.          0.6863475   0.96409494 -0.2521676
 -0.9255985 ] | Reward=-0.081 | Cum=-14.713 | Info={'shot_attempted': False, 'pass_attempted': False, 'invalid_shot_attempt': True, 'goal_scored': False, 'goal_team': None, 'ball_out_by': None, 'has_ball': True, 'start_shot_bonus': False, 'start_pass_bonus': False, 'possession_lost': False}

[Step 165] Action=[ 0.6958394   0.372772    0.          0.68652487  0.9641564  -0.2523259
 -0.92570424] | Reward=-0.081 | Cum=-14.794 | Info={'shot_attempted': False, 'pass_attempted': False, 'invalid_shot_attempt': True, 'goal_scored': False, 'goal_team': None, 'ball_out_by': None, 'has_ball': True, 'start_shot_bonus': False, 'start_pass_bonus': False, 'possession_lost': False}

[Step 166] Action=[ 0.69603467  0.372911    0.          0.686702    0.96421766 -0.25248417
 -0.92580986] | Reward=-0.081 | Cum=-14.875 | Info={'shot_attempted': False, 'pass_attempted': False, 'invalid_shot_attempt': True, 'goal_scored': False, 'goal_team': None, 'ball_out_by': None, 'has_ball': True, 'start_shot_bonus': False, 'start_pass_bonus': False, 'possession_lost': False}

[Step 167] Action=[ 0.69622993  0.37305     0.          0.6868792   0.96427894 -0.25264198
 -0.9259153 ] | Reward=-0.081 | Cum=-14.957 | Info={'shot_attempted': False, 'pass_attempted': False, 'invalid_shot_attempt': True, 'goal_scored': False, 'goal_team': None, 'ball_out_by': None, 'has_ball': True, 'start_shot_bonus': False, 'start_pass_bonus': False, 'possession_lost': False}

[Step 168] Action=[ 0.69642514  0.37318915  0.          0.6870561   0.96434003 -0.25280035
 -0.92602056] | Reward=-0.081 | Cum=-15.038 | Info={'shot_attempted': False, 'pass_attempted': False, 'invalid_shot_attempt': True, 'goal_scored': False, 'goal_team': None, 'ball_out_by': None, 'has_ball': True, 'start_shot_bonus': False, 'start_pass_bonus': False, 'possession_lost': False}

[Step 169] Action=[ 0.69662     0.373328    0.          0.6872333   0.96440107 -0.2529587
 -0.9261257 ] | Reward=-0.081 | Cum=-15.119 | Info={'shot_attempted': False, 'pass_attempted': False, 'invalid_shot_attempt': True, 'goal_scored': False, 'goal_team': None, 'ball_out_by': None, 'has_ball': True, 'start_shot_bonus': False, 'start_pass_bonus': False, 'possession_lost': False}

[Step 170] Action=[ 0.69681495  0.37346712  0.          0.68741024  0.964462   -0.2531169
 -0.9262307 ] | Reward=-0.081 | Cum=-15.200 | Info={'shot_attempted': False, 'pass_attempted': False, 'invalid_shot_attempt': True, 'goal_scored': False, 'goal_team': None, 'ball_out_by': None, 'has_ball': True, 'start_shot_bonus': False, 'start_pass_bonus': False, 'possession_lost': False}

[Step 171] Action=[ 0.6970098   0.37360606  0.          0.687587    0.9645228  -0.2532751
 -0.9263355 ] | Reward=-0.080 | Cum=-15.280 | Info={'shot_attempted': False, 'pass_attempted': False, 'invalid_shot_attempt': True, 'goal_scored': False, 'goal_team': None, 'ball_out_by': None, 'has_ball': True, 'start_shot_bonus': False, 'start_pass_bonus': False, 'possession_lost': False}

[Step 172] Action=[ 0.6972046   0.37374493  0.          0.6877637   0.9645835  -0.2534334
 -0.9264403 ] | Reward=-0.080 | Cum=-15.360 | Info={'shot_attempted': False, 'pass_attempted': False, 'invalid_shot_attempt': True, 'goal_scored': False, 'goal_team': None, 'ball_out_by': None, 'has_ball': True, 'start_shot_bonus': False, 'start_pass_bonus': False, 'possession_lost': False}

[Step 173] Action=[ 0.69739944  0.3738844   0.          0.6879405   0.96464413 -0.25359136
 -0.92654496] | Reward=-0.080 | Cum=-15.440 | Info={'shot_attempted': False, 'pass_attempted': False, 'invalid_shot_attempt': True, 'goal_scored': False, 'goal_team': None, 'ball_out_by': None, 'has_ball': True, 'start_shot_bonus': False, 'start_pass_bonus': False, 'possession_lost': False}

[Step 174] Action=[ 0.6975973   0.37402797  0.          0.68811744  0.9647051  -0.25374827
 -0.92665046] | Reward=-0.080 | Cum=-15.520 | Info={'shot_attempted': False, 'pass_attempted': False, 'invalid_shot_attempt': True, 'goal_scored': False, 'goal_team': None, 'ball_out_by': None, 'has_ball': True, 'start_shot_bonus': False, 'start_pass_bonus': False, 'possession_lost': False}

[Step 175] Action=[ 0.697795    0.3741715   0.          0.68829423  0.964766   -0.25390497
 -0.9267557 ] | Reward=-0.081 | Cum=-15.601 | Info={'shot_attempted': False, 'pass_attempted': False, 'invalid_shot_attempt': True, 'goal_scored': False, 'goal_team': None, 'ball_out_by': None, 'has_ball': True, 'start_shot_bonus': False, 'start_pass_bonus': False, 'possession_lost': False}

[Step 176] Action=[ 0.69799256  0.3743152   0.          0.68847096  0.96482676 -0.2540618
 -0.9268609 ] | Reward=-0.080 | Cum=-15.682 | Info={'shot_attempted': False, 'pass_attempted': False, 'invalid_shot_attempt': True, 'goal_scored': False, 'goal_team': None, 'ball_out_by': None, 'has_ball': True, 'start_shot_bonus': False, 'start_pass_bonus': False, 'possession_lost': False}

[Step 177] Action=[ 0.69819     0.37445867  0.          0.6886476   0.96488744 -0.2542188
 -0.92696595] | Reward=-0.080 | Cum=-15.762 | Info={'shot_attempted': False, 'pass_attempted': False, 'invalid_shot_attempt': True, 'goal_scored': False, 'goal_team': None, 'ball_out_by': None, 'has_ball': True, 'start_shot_bonus': False, 'start_pass_bonus': False, 'possession_lost': False}

[Step 178] Action=[ 0.69838744  0.37460214  0.          0.68882424  0.964948   -0.25437543
 -0.92707086] | Reward=-0.080 | Cum=-15.842 | Info={'shot_attempted': False, 'pass_attempted': False, 'invalid_shot_attempt': True, 'goal_scored': False, 'goal_team': None, 'ball_out_by': None, 'has_ball': True, 'start_shot_bonus': False, 'start_pass_bonus': False, 'possession_lost': False}

[Step 179] Action=[ 0.69858474  0.37474573  0.          0.6890007   0.9650085  -0.2545321
 -0.9271756 ] | Reward=-0.080 | Cum=-15.923 | Info={'shot_attempted': False, 'pass_attempted': False, 'invalid_shot_attempt': True, 'goal_scored': False, 'goal_team': None, 'ball_out_by': None, 'has_ball': True, 'start_shot_bonus': False, 'start_pass_bonus': False, 'possession_lost': False}

[Step 180] Action=[ 0.6987819   0.37488905  0.          0.6891772   0.9650688  -0.25468883
 -0.9272802 ] | Reward=-0.080 | Cum=-16.003 | Info={'shot_attempted': False, 'pass_attempted': False, 'invalid_shot_attempt': True, 'goal_scored': False, 'goal_team': None, 'ball_out_by': None, 'has_ball': True, 'start_shot_bonus': False, 'start_pass_bonus': False, 'possession_lost': False}

[Step 181] Action=[ 0.69897896  0.37503254  0.          0.6893535   0.9651291  -0.25484577
 -0.9273847 ] | Reward=-0.079 | Cum=-16.082 | Info={'shot_attempted': False, 'pass_attempted': False, 'invalid_shot_attempt': True, 'goal_scored': False, 'goal_team': None, 'ball_out_by': None, 'has_ball': True, 'start_shot_bonus': False, 'start_pass_bonus': False, 'possession_lost': False}

[Step 182] Action=[ 0.6991761   0.37517604  0.          0.68952984  0.9651893  -0.2550025
 -0.927489  ] | Reward=-0.079 | Cum=-16.161 | Info={'shot_attempted': False, 'pass_attempted': False, 'invalid_shot_attempt': True, 'goal_scored': False, 'goal_team': None, 'ball_out_by': None, 'has_ball': True, 'start_shot_bonus': False, 'start_pass_bonus': False, 'possession_lost': False}

[Step 183] Action=[ 0.69937277  0.3753196   0.          0.689706    0.96524936 -0.25515896
 -0.9275931 ] | Reward=-0.079 | Cum=-16.240 | Info={'shot_attempted': False, 'pass_attempted': False, 'invalid_shot_attempt': True, 'goal_scored': False, 'goal_team': None, 'ball_out_by': None, 'has_ball': True, 'start_shot_bonus': False, 'start_pass_bonus': False, 'possession_lost': False}

[Step 184] Action=[ 0.69956964  0.37546313  0.          0.6898821   0.9653093  -0.2553159
 -0.9276972 ] | Reward=-0.080 | Cum=-16.321 | Info={'shot_attempted': False, 'pass_attempted': False, 'invalid_shot_attempt': True, 'goal_scored': False, 'goal_team': None, 'ball_out_by': None, 'has_ball': True, 'start_shot_bonus': False, 'start_pass_bonus': False, 'possession_lost': False}

[Step 185] Action=[ 0.6997663   0.37560627  0.          0.69005823  0.96536916 -0.25547257
 -0.927801  ] | Reward=-0.080 | Cum=-16.401 | Info={'shot_attempted': False, 'pass_attempted': False, 'invalid_shot_attempt': True, 'goal_scored': False, 'goal_team': None, 'ball_out_by': None, 'has_ball': True, 'start_shot_bonus': False, 'start_pass_bonus': False, 'possession_lost': False}

[Step 186] Action=[ 0.69996196  0.3757499   0.          0.6902332   0.96542853 -0.2556241
 -0.92790484] | Reward=-0.080 | Cum=-16.480 | Info={'shot_attempted': False, 'pass_attempted': False, 'invalid_shot_attempt': True, 'goal_scored': False, 'goal_team': None, 'ball_out_by': None, 'has_ball': True, 'start_shot_bonus': False, 'start_pass_bonus': False, 'possession_lost': False}

[Step 187] Action=[ 0.7001574   0.37589335  0.          0.69040793  0.9654877  -0.2557735
 -0.9280085 ] | Reward=-0.079 | Cum=-16.560 | Info={'shot_attempted': False, 'pass_attempted': False, 'invalid_shot_attempt': True, 'goal_scored': False, 'goal_team': None, 'ball_out_by': None, 'has_ball': True, 'start_shot_bonus': False, 'start_pass_bonus': False, 'possession_lost': False}

[Step 188] Action=[ 0.7003526   0.37603715  0.          0.6905826   0.9655468  -0.25592312
 -0.9281121 ] | Reward=-0.079 | Cum=-16.639 | Info={'shot_attempted': False, 'pass_attempted': False, 'invalid_shot_attempt': True, 'goal_scored': False, 'goal_team': None, 'ball_out_by': None, 'has_ball': True, 'start_shot_bonus': False, 'start_pass_bonus': False, 'possession_lost': False}

[Step 189] Action=[ 0.70054793  0.37618092  0.          0.6907572   0.9656058  -0.25607306
 -0.9282155 ] | Reward=-0.079 | Cum=-16.718 | Info={'shot_attempted': False, 'pass_attempted': False, 'invalid_shot_attempt': True, 'goal_scored': False, 'goal_team': None, 'ball_out_by': None, 'has_ball': True, 'start_shot_bonus': False, 'start_pass_bonus': False, 'possession_lost': False}

[Step 190] Action=[ 0.7007429   0.37632433  0.          0.6909317   0.9656646  -0.25622267
 -0.92831874] | Reward=-0.079 | Cum=-16.797 | Info={'shot_attempted': False, 'pass_attempted': False, 'invalid_shot_attempt': True, 'goal_scored': False, 'goal_team': None, 'ball_out_by': None, 'has_ball': True, 'start_shot_bonus': False, 'start_pass_bonus': False, 'possession_lost': False}

[Step 191] Action=[ 0.70093805  0.37646794  0.          0.6911061   0.9657234  -0.25637236
 -0.92842185] | Reward=-0.078 | Cum=-16.876 | Info={'shot_attempted': False, 'pass_attempted': False, 'invalid_shot_attempt': True, 'goal_scored': False, 'goal_team': None, 'ball_out_by': None, 'has_ball': True, 'start_shot_bonus': False, 'start_pass_bonus': False, 'possession_lost': False}

[Step 192] Action=[ 0.70113283  0.37661147  0.          0.6912805   0.9657821  -0.25652236
 -0.92852485] | Reward=-0.078 | Cum=-16.954 | Info={'shot_attempted': False, 'pass_attempted': False, 'invalid_shot_attempt': True, 'goal_scored': False, 'goal_team': None, 'ball_out_by': None, 'has_ball': True, 'start_shot_bonus': False, 'start_pass_bonus': False, 'possession_lost': False}

[Step 193] Action=[ 0.7013277   0.37675515  0.          0.6914546   0.9658407  -0.25667202
 -0.9286277 ] | Reward=-0.079 | Cum=-17.033 | Info={'shot_attempted': False, 'pass_attempted': False, 'invalid_shot_attempt': True, 'goal_scored': False, 'goal_team': None, 'ball_out_by': None, 'has_ball': True, 'start_shot_bonus': False, 'start_pass_bonus': False, 'possession_lost': False}

[Step 194] Action=[ 0.70152247  0.37689865  0.          0.69162893  0.9658992  -0.25682157
 -0.92873037] | Reward=-0.079 | Cum=-17.112 | Info={'shot_attempted': False, 'pass_attempted': False, 'invalid_shot_attempt': True, 'goal_scored': False, 'goal_team': None, 'ball_out_by': None, 'has_ball': True, 'start_shot_bonus': False, 'start_pass_bonus': False, 'possession_lost': False}

[Step 195] Action=[ 0.7017171   0.3770421   0.          0.69180304  0.9659576  -0.25697157
 -0.928833  ] | Reward=-0.079 | Cum=-17.192 | Info={'shot_attempted': False, 'pass_attempted': False, 'invalid_shot_attempt': True, 'goal_scored': False, 'goal_team': None, 'ball_out_by': None, 'has_ball': True, 'start_shot_bonus': False, 'start_pass_bonus': False, 'possession_lost': False}

[Step 196] Action=[ 0.7019116   0.37718558  0.          0.69197685  0.9660159  -0.25712097
 -0.9289354 ] | Reward=-0.079 | Cum=-17.270 | Info={'shot_attempted': False, 'pass_attempted': False, 'invalid_shot_attempt': True, 'goal_scored': False, 'goal_team': None, 'ball_out_by': None, 'has_ball': True, 'start_shot_bonus': False, 'start_pass_bonus': False, 'possession_lost': False}

[Step 197] Action=[ 0.70210594  0.37732926  0.          0.6921509   0.9660741  -0.2572707
 -0.9290377 ] | Reward=-0.078 | Cum=-17.348 | Info={'shot_attempted': False, 'pass_attempted': False, 'invalid_shot_attempt': True, 'goal_scored': False, 'goal_team': None, 'ball_out_by': None, 'has_ball': True, 'start_shot_bonus': False, 'start_pass_bonus': False, 'possession_lost': False}

[Step 198] Action=[ 0.70230025  0.37747258  0.          0.6923249   0.9661322  -0.2574203
 -0.9291399 ] | Reward=-0.078 | Cum=-17.427 | Info={'shot_attempted': False, 'pass_attempted': False, 'invalid_shot_attempt': True, 'goal_scored': False, 'goal_team': None, 'ball_out_by': None, 'has_ball': True, 'start_shot_bonus': False, 'start_pass_bonus': False, 'possession_lost': False}

[Step 199] Action=[ 0.7024944  0.3776163  0.         0.6924985  0.9661902 -0.25757
 -0.9292419] | Reward=-0.078 | Cum=-17.505 | Info={'shot_attempted': False, 'pass_attempted': False, 'invalid_shot_attempt': True, 'goal_scored': False, 'goal_team': None, 'ball_out_by': None, 'has_ball': True, 'start_shot_bonus': False, 'start_pass_bonus': False, 'possession_lost': False}

[Step 200] Action=[ 0.7026886   0.3777597   0.          0.6926723   0.9662481  -0.2577197
 -0.92934376] | Reward=-0.078 | Cum=-17.583 | Info={'shot_attempted': False, 'pass_attempted': False, 'invalid_shot_attempt': True, 'goal_scored': False, 'goal_team': None, 'ball_out_by': None, 'has_ball': True, 'start_shot_bonus': False, 'start_pass_bonus': False, 'possession_lost': False}

[Step 201] Action=[ 0.7028825   0.3779031   0.          0.6928459   0.9663059  -0.25786948
 -0.92944545] | Reward=-0.077 | Cum=-17.660 | Info={'shot_attempted': False, 'pass_attempted': False, 'invalid_shot_attempt': True, 'goal_scored': False, 'goal_team': None, 'ball_out_by': None, 'has_ball': True, 'start_shot_bonus': False, 'start_pass_bonus': False, 'possession_lost': False}

[Step 202] Action=[ 0.7030764   0.37804672  0.          0.69301945  0.96636367 -0.25801873
 -0.9295471 ] | Reward=-0.079 | Cum=-17.738 | Info={'shot_attempted': False, 'pass_attempted': False, 'invalid_shot_attempt': True, 'goal_scored': False, 'goal_team': None, 'ball_out_by': None, 'has_ball': True, 'start_shot_bonus': False, 'start_pass_bonus': False, 'possession_lost': False}

[Step 203] Action=[ 0.7032703   0.37819007  0.          0.693193    0.96642125 -0.2581685
 -0.9296485 ] | Reward=-0.078 | Cum=-17.817 | Info={'shot_attempted': False, 'pass_attempted': False, 'invalid_shot_attempt': True, 'goal_scored': False, 'goal_team': None, 'ball_out_by': None, 'has_ball': True, 'start_shot_bonus': False, 'start_pass_bonus': False, 'possession_lost': False}

[Step 204] Action=[ 0.703464    0.3783334   0.          0.69336635  0.9664788  -0.25831813
 -0.92974985] | Reward=-0.078 | Cum=-17.895 | Info={'shot_attempted': False, 'pass_attempted': False, 'invalid_shot_attempt': True, 'goal_scored': False, 'goal_team': None, 'ball_out_by': None, 'has_ball': True, 'start_shot_bonus': False, 'start_pass_bonus': False, 'possession_lost': False}

[Step 205] Action=[ 0.7036575   0.37847695  0.          0.69353974  0.9665362  -0.25846788
 -0.92985106] | Reward=-0.078 | Cum=-17.973 | Info={'shot_attempted': False, 'pass_attempted': False, 'invalid_shot_attempt': True, 'goal_scored': False, 'goal_team': None, 'ball_out_by': None, 'has_ball': True, 'start_shot_bonus': False, 'start_pass_bonus': False, 'possession_lost': False}

[Step 206] Action=[ 0.7038511   0.3786202   0.          0.69371295  0.96659356 -0.25861728
 -0.9299521 ] | Reward=-0.078 | Cum=-18.051 | Info={'shot_attempted': False, 'pass_attempted': False, 'invalid_shot_attempt': True, 'goal_scored': False, 'goal_team': None, 'ball_out_by': None, 'has_ball': True, 'start_shot_bonus': False, 'start_pass_bonus': False, 'possession_lost': False}

[Step 207] Action=[ 0.7040446   0.37876368  0.          0.6938861   0.9666508  -0.25876677
 -0.930053  ] | Reward=-0.077 | Cum=-18.128 | Info={'shot_attempted': False, 'pass_attempted': False, 'invalid_shot_attempt': True, 'goal_scored': False, 'goal_team': None, 'ball_out_by': None, 'has_ball': True, 'start_shot_bonus': False, 'start_pass_bonus': False, 'possession_lost': False}

[Step 208] Action=[ 0.7042378   0.37890685  0.          0.6940594   0.96670794 -0.2589166
 -0.9301537 ] | Reward=-0.077 | Cum=-18.205 | Info={'shot_attempted': False, 'pass_attempted': False, 'invalid_shot_attempt': True, 'goal_scored': False, 'goal_team': None, 'ball_out_by': None, 'has_ball': True, 'start_shot_bonus': False, 'start_pass_bonus': False, 'possession_lost': False}

[Step 209] Action=[ 0.704431    0.37905043  0.          0.6942322   0.96676505 -0.25906593
 -0.9302544 ] | Reward=-0.077 | Cum=-18.283 | Info={'shot_attempted': False, 'pass_attempted': False, 'invalid_shot_attempt': True, 'goal_scored': False, 'goal_team': None, 'ball_out_by': None, 'has_ball': True, 'start_shot_bonus': False, 'start_pass_bonus': False, 'possession_lost': False}

[Step 210] Action=[ 0.70462424  0.3791937   0.          0.6944053   0.96682197 -0.25921574
 -0.9303549 ] | Reward=-0.077 | Cum=-18.360 | Info={'shot_attempted': False, 'pass_attempted': False, 'invalid_shot_attempt': True, 'goal_scored': False, 'goal_team': None, 'ball_out_by': None, 'has_ball': True, 'start_shot_bonus': False, 'start_pass_bonus': False, 'possession_lost': False}

[Step 211] Action=[ 0.7048172   0.37933704  0.          0.6945782   0.96687883 -0.25936517
 -0.93045527] | Reward=-0.128 | Cum=-18.488 | Info={'shot_attempted': False, 'pass_attempted': False, 'invalid_shot_attempt': True, 'goal_scored': False, 'goal_team': None, 'ball_out_by': None, 'has_ball': True, 'start_shot_bonus': False, 'start_pass_bonus': False, 'possession_lost': False}

[Step 212] Action=[ 0.70501     0.3794805   0.          0.69475096  0.9669356  -0.2595145
 -0.9305555 ] | Reward=-0.128 | Cum=-18.615 | Info={'shot_attempted': False, 'pass_attempted': False, 'invalid_shot_attempt': True, 'goal_scored': False, 'goal_team': None, 'ball_out_by': None, 'has_ball': True, 'start_shot_bonus': False, 'start_pass_bonus': False, 'possession_lost': False}

[Step 213] Action=[ 0.7052028   0.3796237   0.          0.69492364  0.96699226 -0.25966403
 -0.93065554] | Reward=-0.128 | Cum=-18.743 | Info={'shot_attempted': False, 'pass_attempted': False, 'invalid_shot_attempt': True, 'goal_scored': False, 'goal_team': None, 'ball_out_by': None, 'has_ball': True, 'start_shot_bonus': False, 'start_pass_bonus': False, 'possession_lost': False}

[Step 214] Action=[ 0.7053955   0.37976697  0.          0.6950963   0.9670488  -0.2598138
 -0.9307555 ] | Reward=-0.128 | Cum=-18.870 | Info={'shot_attempted': False, 'pass_attempted': False, 'invalid_shot_attempt': True, 'goal_scored': False, 'goal_team': None, 'ball_out_by': None, 'has_ball': True, 'start_shot_bonus': False, 'start_pass_bonus': False, 'possession_lost': False}

[Step 215] Action=[ 0.7055881   0.37991017  0.          0.69526887  0.9671053  -0.25996327
 -0.93085533] | Reward=-0.127 | Cum=-18.998 | Info={'shot_attempted': False, 'pass_attempted': False, 'invalid_shot_attempt': True, 'goal_scored': False, 'goal_team': None, 'ball_out_by': None, 'has_ball': True, 'start_shot_bonus': False, 'start_pass_bonus': False, 'possession_lost': False}

[Step 216] Action=[ 0.7057806   0.38005337  0.          0.69544137  0.9671617  -0.26011267
 -0.930955  ] | Reward=-0.127 | Cum=-19.125 | Info={'shot_attempted': False, 'pass_attempted': False, 'invalid_shot_attempt': True, 'goal_scored': False, 'goal_team': None, 'ball_out_by': None, 'has_ball': True, 'start_shot_bonus': False, 'start_pass_bonus': False, 'possession_lost': False}

[Step 217] Action=[ 0.705973    0.38019663  0.          0.69561386  0.96721804 -0.26026237
 -0.93105453] | Reward=-0.127 | Cum=-19.252 | Info={'shot_attempted': False, 'pass_attempted': False, 'invalid_shot_attempt': True, 'goal_scored': False, 'goal_team': None, 'ball_out_by': None, 'has_ball': True, 'start_shot_bonus': False, 'start_pass_bonus': False, 'possession_lost': False}

[Step 218] Action=[ 0.7061653   0.38033998  0.          0.6957862   0.96727425 -0.26041183
 -0.9311539 ] | Reward=-0.127 | Cum=-19.378 | Info={'shot_attempted': False, 'pass_attempted': False, 'invalid_shot_attempt': True, 'goal_scored': False, 'goal_team': None, 'ball_out_by': None, 'has_ball': True, 'start_shot_bonus': False, 'start_pass_bonus': False, 'possession_lost': False}

[Step 219] Action=[ 0.70635754  0.38048318  0.          0.69595844  0.96733034 -0.26056108
 -0.9312532 ] | Reward=-0.127 | Cum=-19.505 | Info={'shot_attempted': False, 'pass_attempted': False, 'invalid_shot_attempt': True, 'goal_scored': False, 'goal_team': None, 'ball_out_by': None, 'has_ball': True, 'start_shot_bonus': False, 'start_pass_bonus': False, 'possession_lost': False}

[Step 220] Action=[ 0.7065496   0.38062626  0.          0.6961307   0.96738636 -0.26071095
 -0.9313523 ] | Reward=-0.128 | Cum=-19.633 | Info={'shot_attempted': False, 'pass_attempted': False, 'invalid_shot_attempt': True, 'goal_scored': False, 'goal_team': None, 'ball_out_by': None, 'has_ball': True, 'start_shot_bonus': False, 'start_pass_bonus': False, 'possession_lost': False}

[Step 221] Action=[ 0.7067417   0.38076955  0.          0.6963027   0.9674423  -0.26086017
 -0.9314513 ] | Reward=-0.128 | Cum=-19.760 | Info={'shot_attempted': False, 'pass_attempted': False, 'invalid_shot_attempt': True, 'goal_scored': False, 'goal_team': None, 'ball_out_by': None, 'has_ball': True, 'start_shot_bonus': False, 'start_pass_bonus': False, 'possession_lost': False}

[Step 222] Action=[ 0.7069335   0.38091275  0.          0.69647473  0.9674981  -0.2610098
 -0.9315502 ] | Reward=-0.127 | Cum=-19.888 | Info={'shot_attempted': False, 'pass_attempted': False, 'invalid_shot_attempt': True, 'goal_scored': False, 'goal_team': None, 'ball_out_by': None, 'has_ball': True, 'start_shot_bonus': False, 'start_pass_bonus': False, 'possession_lost': False}

[Step 223] Action=[ 0.70712537  0.38105592  0.          0.6966466   0.96755385 -0.261159
 -0.9316489 ] | Reward=-0.127 | Cum=-20.015 | Info={'shot_attempted': False, 'pass_attempted': False, 'invalid_shot_attempt': True, 'goal_scored': False, 'goal_team': None, 'ball_out_by': None, 'has_ball': True, 'start_shot_bonus': False, 'start_pass_bonus': False, 'possession_lost': False}

[Step 224] Action=[ 0.7073171   0.38119903  0.          0.6968186   0.9676095  -0.26130873
 -0.9317475 ] | Reward=-0.127 | Cum=-20.142 | Info={'shot_attempted': False, 'pass_attempted': False, 'invalid_shot_attempt': True, 'goal_scored': False, 'goal_team': None, 'ball_out_by': None, 'has_ball': True, 'start_shot_bonus': False, 'start_pass_bonus': False, 'possession_lost': False}

[Step 225] Action=[ 0.7075087   0.38134205  0.          0.6969904   0.9676651  -0.2614581
 -0.93184596] | Reward=-0.127 | Cum=-20.269 | Info={'shot_attempted': False, 'pass_attempted': False, 'invalid_shot_attempt': True, 'goal_scored': False, 'goal_team': None, 'ball_out_by': None, 'has_ball': True, 'start_shot_bonus': False, 'start_pass_bonus': False, 'possession_lost': False}

[Step 226] Action=[ 0.70770013  0.38148534  0.          0.6971621   0.9677205  -0.26160738
 -0.9319443 ] | Reward=-0.127 | Cum=-20.396 | Info={'shot_attempted': False, 'pass_attempted': False, 'invalid_shot_attempt': True, 'goal_scored': False, 'goal_team': None, 'ball_out_by': None, 'has_ball': True, 'start_shot_bonus': False, 'start_pass_bonus': False, 'possession_lost': False}

[Step 227] Action=[ 0.7078916   0.3816283   0.          0.6973338   0.9677759  -0.26175696
 -0.9320425 ] | Reward=-0.127 | Cum=-20.523 | Info={'shot_attempted': False, 'pass_attempted': False, 'invalid_shot_attempt': True, 'goal_scored': False, 'goal_team': None, 'ball_out_by': None, 'has_ball': True, 'start_shot_bonus': False, 'start_pass_bonus': False, 'possession_lost': False}

[Step 228] Action=[ 0.708083    0.3817716   0.          0.6975054   0.9678312  -0.26190606
 -0.9321405 ] | Reward=-0.127 | Cum=-20.650 | Info={'shot_attempted': False, 'pass_attempted': False, 'invalid_shot_attempt': True, 'goal_scored': False, 'goal_team': None, 'ball_out_by': None, 'has_ball': True, 'start_shot_bonus': False, 'start_pass_bonus': False, 'possession_lost': False}

[Step 229] Action=[ 0.70827407  0.38191465  0.          0.69767684  0.9678863  -0.26205552
 -0.93223846] | Reward=-0.128 | Cum=-20.777 | Info={'shot_attempted': False, 'pass_attempted': False, 'invalid_shot_attempt': True, 'goal_scored': False, 'goal_team': None, 'ball_out_by': None, 'has_ball': True, 'start_shot_bonus': False, 'start_pass_bonus': False, 'possession_lost': False}

[Step 230] Action=[ 0.7084652   0.3820577   0.          0.6978483   0.96794146 -0.26220495
 -0.9323362 ] | Reward=-0.128 | Cum=-20.905 | Info={'shot_attempted': False, 'pass_attempted': False, 'invalid_shot_attempt': True, 'goal_scored': False, 'goal_team': None, 'ball_out_by': None, 'has_ball': True, 'start_shot_bonus': False, 'start_pass_bonus': False, 'possession_lost': False}

[Step 231] Action=[ 0.7086563   0.38220072  0.          0.69801956  0.9679964  -0.2623547
 -0.9324339 ] | Reward=-0.128 | Cum=-21.033 | Info={'shot_attempted': False, 'pass_attempted': False, 'invalid_shot_attempt': True, 'goal_scored': False, 'goal_team': None, 'ball_out_by': None, 'has_ball': True, 'start_shot_bonus': False, 'start_pass_bonus': False, 'possession_lost': False}

[Step 232] Action=[ 0.7088471   0.38234368  0.          0.69819087  0.9680514  -0.26250377
 -0.9325314 ] | Reward=-0.128 | Cum=-21.160 | Info={'shot_attempted': False, 'pass_attempted': False, 'invalid_shot_attempt': True, 'goal_scored': False, 'goal_team': None, 'ball_out_by': None, 'has_ball': True, 'start_shot_bonus': False, 'start_pass_bonus': False, 'possession_lost': False}

[Step 233] Action=[ 0.70903796  0.38248685  0.          0.69836205  0.96810615 -0.26265314
 -0.93262875] | Reward=-0.127 | Cum=-21.288 | Info={'shot_attempted': False, 'pass_attempted': False, 'invalid_shot_attempt': True, 'goal_scored': False, 'goal_team': None, 'ball_out_by': None, 'has_ball': True, 'start_shot_bonus': False, 'start_pass_bonus': False, 'possession_lost': False}

[Step 234] Action=[ 0.7092287   0.38263002  0.          0.6985333   0.9681609  -0.26280266
 -0.932726  ] | Reward=-0.127 | Cum=-21.415 | Info={'shot_attempted': False, 'pass_attempted': False, 'invalid_shot_attempt': True, 'goal_scored': False, 'goal_team': None, 'ball_out_by': None, 'has_ball': True, 'start_shot_bonus': False, 'start_pass_bonus': False, 'possession_lost': False}

[Step 235] Action=[ 0.7094193   0.38277298  0.          0.69870424  0.9682155  -0.26295203
 -0.9328232 ] | Reward=-0.127 | Cum=-21.543 | Info={'shot_attempted': False, 'pass_attempted': False, 'invalid_shot_attempt': True, 'goal_scored': False, 'goal_team': None, 'ball_out_by': None, 'has_ball': True, 'start_shot_bonus': False, 'start_pass_bonus': False, 'possession_lost': False}

[Step 236] Action=[ 0.7096096   0.38291577  0.          0.69887525  0.96827006 -0.26310125
 -0.9329201 ] | Reward=-0.127 | Cum=-21.670 | Info={'shot_attempted': False, 'pass_attempted': False, 'invalid_shot_attempt': True, 'goal_scored': False, 'goal_team': None, 'ball_out_by': None, 'has_ball': True, 'start_shot_bonus': False, 'start_pass_bonus': False, 'possession_lost': False}

[Step 237] Action=[ 0.7098001   0.3830587   0.          0.6990461   0.96832454 -0.2632507
 -0.93301696] | Reward=-0.127 | Cum=-21.797 | Info={'shot_attempted': False, 'pass_attempted': False, 'invalid_shot_attempt': True, 'goal_scored': False, 'goal_team': None, 'ball_out_by': None, 'has_ball': True, 'start_shot_bonus': False, 'start_pass_bonus': False, 'possession_lost': False}

[Step 238] Action=[ 0.70999044  0.3832018   0.          0.6992169   0.9683789  -0.26339993
 -0.9331137 ] | Reward=-0.128 | Cum=-21.925 | Info={'shot_attempted': False, 'pass_attempted': False, 'invalid_shot_attempt': True, 'goal_scored': False, 'goal_team': None, 'ball_out_by': None, 'has_ball': True, 'start_shot_bonus': False, 'start_pass_bonus': False, 'possession_lost': False}

[Step 239] Action=[ 0.7101807   0.38334468  0.          0.69938767  0.9684332  -0.26354924
 -0.93321025] | Reward=-0.128 | Cum=-22.053 | Info={'shot_attempted': False, 'pass_attempted': False, 'invalid_shot_attempt': True, 'goal_scored': False, 'goal_team': None, 'ball_out_by': None, 'has_ball': True, 'start_shot_bonus': False, 'start_pass_bonus': False, 'possession_lost': False}

[Step 240] Action=[ 0.7103707   0.38348764  0.          0.6995584   0.9684874  -0.26369834
 -0.93330675] | Reward=-0.128 | Cum=-22.182 | Info={'shot_attempted': False, 'pass_attempted': False, 'invalid_shot_attempt': True, 'goal_scored': False, 'goal_team': None, 'ball_out_by': None, 'has_ball': True, 'start_shot_bonus': False, 'start_pass_bonus': False, 'possession_lost': False}

