Debug log for att_1 (Episode 1)
================================================================================
[Step 1] Action=[-0.18158962 -0.05504825  0.          0.13379286  0.         -0.10238361
 -0.04389798] | Reward=-0.002 | Cum=-0.002 | Info={'shot_attempted': False, 'pass_attempted': False, 'goal_scored': False, 'goal_team': None, 'ball_out_by': None, 'has_ball': True, 'start_shot_bonus': False, 'start_pass_bonus': False, 'possession_lost': False}

[Step 2] Action=[-0.17877111 -0.0687779   0.          0.13707554  0.         -0.09795247
 -0.04687475] | Reward=-0.002 | Cum=-0.003 | Info={'shot_attempted': False, 'pass_attempted': False, 'goal_scored': False, 'goal_team': None, 'ball_out_by': None, 'has_ball': True, 'start_shot_bonus': False, 'start_pass_bonus': False, 'possession_lost': False}

[Step 3] Action=[-0.17877448 -0.06879327  0.          0.13704695  0.         -0.09795511
 -0.04688251] | Reward=-0.002 | Cum=-0.005 | Info={'shot_attempted': False, 'pass_attempted': False, 'goal_scored': False, 'goal_team': None, 'ball_out_by': None, 'has_ball': True, 'start_shot_bonus': False, 'start_pass_bonus': False, 'possession_lost': False}

[Step 4] Action=[-0.1787782  -0.06880121  0.          0.13701394  0.         -0.09795977
 -0.04689069] | Reward=-0.002 | Cum=-0.006 | Info={'shot_attempted': False, 'pass_attempted': False, 'goal_scored': False, 'goal_team': None, 'ball_out_by': None, 'has_ball': True, 'start_shot_bonus': False, 'start_pass_bonus': False, 'possession_lost': False}

[Step 5] Action=[-0.17878197 -0.06880911  0.          0.13698094  0.         -0.09796446
 -0.04689887] | Reward=-0.002 | Cum=-0.008 | Info={'shot_attempted': False, 'pass_attempted': False, 'goal_scored': False, 'goal_team': None, 'ball_out_by': None, 'has_ball': True, 'start_shot_bonus': False, 'start_pass_bonus': False, 'possession_lost': False}

[Step 6] Action=[-0.17878574 -0.06881701  0.          0.13694793  0.         -0.09796911
 -0.04690705] | Reward=-0.002 | Cum=-0.010 | Info={'shot_attempted': False, 'pass_attempted': False, 'goal_scored': False, 'goal_team': None, 'ball_out_by': None, 'has_ball': True, 'start_shot_bonus': False, 'start_pass_bonus': False, 'possession_lost': False}

[Step 7] Action=[-0.17878948 -0.06882493  0.          0.13691492  0.         -0.09797378
 -0.04691523] | Reward=-0.002 | Cum=-0.013 | Info={'shot_attempted': False, 'pass_attempted': False, 'goal_scored': False, 'goal_team': None, 'ball_out_by': None, 'has_ball': True, 'start_shot_bonus': False, 'start_pass_bonus': False, 'possession_lost': False}

[Step 8] Action=[-0.17879325 -0.06883285  0.          0.13688193  0.         -0.09797844
 -0.0469234 ] | Reward=-0.002 | Cum=-0.015 | Info={'shot_attempted': False, 'pass_attempted': False, 'goal_scored': False, 'goal_team': None, 'ball_out_by': None, 'has_ball': True, 'start_shot_bonus': False, 'start_pass_bonus': False, 'possession_lost': False}

[Step 9] Action=[-0.17879699 -0.06884076  0.          0.13684891  0.         -0.0979831
 -0.04693158] | Reward=-0.002 | Cum=-0.017 | Info={'shot_attempted': False, 'pass_attempted': False, 'goal_scored': False, 'goal_team': None, 'ball_out_by': None, 'has_ball': True, 'start_shot_bonus': False, 'start_pass_bonus': False, 'possession_lost': False}

[Step 10] Action=[-0.17880073 -0.06884868  0.          0.13681589  0.         -0.09798778
 -0.04693977] | Reward=-0.003 | Cum=-0.020 | Info={'shot_attempted': False, 'pass_attempted': False, 'goal_scored': False, 'goal_team': None, 'ball_out_by': None, 'has_ball': True, 'start_shot_bonus': False, 'start_pass_bonus': False, 'possession_lost': False}

[Step 11] Action=[-0.1788045  -0.0688566   0.          0.1367829   0.         -0.09799244
 -0.04694793] | Reward=-0.003 | Cum=-0.023 | Info={'shot_attempted': False, 'pass_attempted': False, 'goal_scored': False, 'goal_team': None, 'ball_out_by': None, 'has_ball': True, 'start_shot_bonus': False, 'start_pass_bonus': False, 'possession_lost': False}

[Step 12] Action=[-0.17880826 -0.06886452  0.          0.1367499   0.         -0.09799711
 -0.04695613] | Reward=-0.003 | Cum=-0.026 | Info={'shot_attempted': False, 'pass_attempted': False, 'goal_scored': False, 'goal_team': None, 'ball_out_by': None, 'has_ball': True, 'start_shot_bonus': False, 'start_pass_bonus': False, 'possession_lost': False}

[Step 13] Action=[-0.17881201 -0.06887245  0.          0.13671687  0.         -0.09800179
 -0.0469643 ] | Reward=-0.003 | Cum=-0.029 | Info={'shot_attempted': False, 'pass_attempted': False, 'goal_scored': False, 'goal_team': None, 'ball_out_by': None, 'has_ball': True, 'start_shot_bonus': False, 'start_pass_bonus': False, 'possession_lost': False}

[Step 14] Action=[-0.17881577 -0.06888038  0.          0.13668388  0.         -0.09800646
 -0.04697246] | Reward=-0.003 | Cum=-0.031 | Info={'shot_attempted': False, 'pass_attempted': False, 'goal_scored': False, 'goal_team': None, 'ball_out_by': None, 'has_ball': True, 'start_shot_bonus': False, 'start_pass_bonus': False, 'possession_lost': False}

[Step 15] Action=[-0.17881954 -0.06888831  0.          0.13665086  0.         -0.09801114
 -0.04698063] | Reward=-0.004 | Cum=-0.035 | Info={'shot_attempted': False, 'pass_attempted': False, 'goal_scored': False, 'goal_team': None, 'ball_out_by': None, 'has_ball': True, 'start_shot_bonus': False, 'start_pass_bonus': False, 'possession_lost': False}

[Step 16] Action=[-0.17882326 -0.06889623  0.          0.13661784  0.         -0.09801581
 -0.0469888 ] | Reward=-0.004 | Cum=-0.039 | Info={'shot_attempted': False, 'pass_attempted': False, 'goal_scored': False, 'goal_team': None, 'ball_out_by': None, 'has_ball': True, 'start_shot_bonus': False, 'start_pass_bonus': False, 'possession_lost': False}

[Step 17] Action=[-0.17882702 -0.06890415  0.          0.13658485  0.         -0.09802049
 -0.04699699] | Reward=-0.004 | Cum=-0.042 | Info={'shot_attempted': False, 'pass_attempted': False, 'goal_scored': False, 'goal_team': None, 'ball_out_by': None, 'has_ball': True, 'start_shot_bonus': False, 'start_pass_bonus': False, 'possession_lost': False}

[Step 18] Action=[-0.17883077 -0.06891208  0.          0.13655183  0.         -0.09802516
 -0.04700516] | Reward=-0.004 | Cum=-0.046 | Info={'shot_attempted': False, 'pass_attempted': False, 'goal_scored': False, 'goal_team': None, 'ball_out_by': None, 'has_ball': True, 'start_shot_bonus': False, 'start_pass_bonus': False, 'possession_lost': False}

[Step 19] Action=[-0.17883453 -0.06892003  0.          0.13651879  0.         -0.09802982
 -0.04701334] | Reward=-0.004 | Cum=-0.050 | Info={'shot_attempted': False, 'pass_attempted': False, 'goal_scored': False, 'goal_team': None, 'ball_out_by': None, 'has_ball': True, 'start_shot_bonus': False, 'start_pass_bonus': False, 'possession_lost': False}

[Step 20] Action=[-0.17883828 -0.06892797  0.          0.1364858   0.         -0.09803451
 -0.0470215 ] | Reward=-0.004 | Cum=-0.054 | Info={'shot_attempted': False, 'pass_attempted': False, 'goal_scored': False, 'goal_team': None, 'ball_out_by': None, 'has_ball': True, 'start_shot_bonus': False, 'start_pass_bonus': False, 'possession_lost': False}

[Step 21] Action=[-0.17884204 -0.0689359   0.          0.13645276  0.         -0.09803917
 -0.04702968] | Reward=-0.004 | Cum=-0.058 | Info={'shot_attempted': False, 'pass_attempted': False, 'goal_scored': False, 'goal_team': None, 'ball_out_by': None, 'has_ball': True, 'start_shot_bonus': False, 'start_pass_bonus': False, 'possession_lost': False}

[Step 22] Action=[-0.1788458  -0.06894385  0.          0.13641976  0.         -0.09804387
 -0.04703784] | Reward=-0.004 | Cum=-0.062 | Info={'shot_attempted': False, 'pass_attempted': False, 'goal_scored': False, 'goal_team': None, 'ball_out_by': None, 'has_ball': True, 'start_shot_bonus': False, 'start_pass_bonus': False, 'possession_lost': False}

[Step 23] Action=[-0.17884955 -0.06895179  0.          0.13638675  0.         -0.09804854
 -0.04704603] | Reward=-0.004 | Cum=-0.067 | Info={'shot_attempted': False, 'pass_attempted': False, 'goal_scored': False, 'goal_team': None, 'ball_out_by': None, 'has_ball': True, 'start_shot_bonus': False, 'start_pass_bonus': False, 'possession_lost': False}

[Step 24] Action=[-0.1788533  -0.06895974  0.          0.13635372  0.         -0.09805322
 -0.04705419] | Reward=-0.005 | Cum=-0.072 | Info={'shot_attempted': False, 'pass_attempted': False, 'goal_scored': False, 'goal_team': None, 'ball_out_by': None, 'has_ball': True, 'start_shot_bonus': False, 'start_pass_bonus': False, 'possession_lost': False}

[Step 25] Action=[-0.17885706 -0.06896766  0.          0.1363207   0.         -0.0980579
 -0.04706235] | Reward=-0.005 | Cum=-0.076 | Info={'shot_attempted': False, 'pass_attempted': False, 'goal_scored': False, 'goal_team': None, 'ball_out_by': None, 'has_ball': True, 'start_shot_bonus': False, 'start_pass_bonus': False, 'possession_lost': False}

[Step 26] Action=[-0.1788608  -0.06897564  0.          0.13628769  0.         -0.09806259
 -0.04707053] | Reward=-0.005 | Cum=-0.081 | Info={'shot_attempted': False, 'pass_attempted': False, 'goal_scored': False, 'goal_team': None, 'ball_out_by': None, 'has_ball': True, 'start_shot_bonus': False, 'start_pass_bonus': False, 'possession_lost': False}

[Step 27] Action=[-0.17886455 -0.06898359  0.          0.13625468  0.         -0.09806727
 -0.04707869] | Reward=-0.005 | Cum=-0.086 | Info={'shot_attempted': False, 'pass_attempted': False, 'goal_scored': False, 'goal_team': None, 'ball_out_by': None, 'has_ball': True, 'start_shot_bonus': False, 'start_pass_bonus': False, 'possession_lost': False}

[Step 28] Action=[-0.17886831 -0.06899154  0.          0.13622165  0.         -0.09807195
 -0.04708686] | Reward=-0.005 | Cum=-0.091 | Info={'shot_attempted': False, 'pass_attempted': False, 'goal_scored': False, 'goal_team': None, 'ball_out_by': None, 'has_ball': True, 'start_shot_bonus': False, 'start_pass_bonus': False, 'possession_lost': False}

[Step 29] Action=[-0.17887203 -0.06899951  0.          0.13618863  0.         -0.09807662
 -0.04709503] | Reward=-0.005 | Cum=-0.097 | Info={'shot_attempted': False, 'pass_attempted': False, 'goal_scored': False, 'goal_team': None, 'ball_out_by': None, 'has_ball': True, 'start_shot_bonus': False, 'start_pass_bonus': False, 'possession_lost': False}

[Step 30] Action=[-0.1788758  -0.06900745  0.          0.1361556   0.         -0.0980813
 -0.04710319] | Reward=-0.005 | Cum=-0.102 | Info={'shot_attempted': False, 'pass_attempted': False, 'goal_scored': False, 'goal_team': None, 'ball_out_by': None, 'has_ball': True, 'start_shot_bonus': False, 'start_pass_bonus': False, 'possession_lost': False}

[Step 31] Action=[-0.17887971 -0.06901482  0.          0.13612306  0.         -0.09808879
 -0.04710991] | Reward=-0.005 | Cum=-0.108 | Info={'shot_attempted': False, 'pass_attempted': False, 'goal_scored': False, 'goal_team': None, 'ball_out_by': None, 'has_ball': True, 'start_shot_bonus': False, 'start_pass_bonus': False, 'possession_lost': False}

[Step 32] Action=[-0.17888413 -0.06902025  0.          0.1360921   0.         -0.09810573
 -0.04711178] | Reward=-0.005 | Cum=-0.113 | Info={'shot_attempted': False, 'pass_attempted': False, 'goal_scored': False, 'goal_team': None, 'ball_out_by': None, 'has_ball': True, 'start_shot_bonus': False, 'start_pass_bonus': False, 'possession_lost': False}

[Step 33] Action=[-0.17888854 -0.0690257   0.          0.13606112  0.         -0.09812265
 -0.04711365] | Reward=-0.005 | Cum=-0.119 | Info={'shot_attempted': False, 'pass_attempted': False, 'goal_scored': False, 'goal_team': None, 'ball_out_by': None, 'has_ball': True, 'start_shot_bonus': False, 'start_pass_bonus': False, 'possession_lost': False}

[Step 34] Action=[-0.17889296 -0.06903112  0.          0.13603015  0.         -0.09813958
 -0.04711552] | Reward=-0.006 | Cum=-0.125 | Info={'shot_attempted': False, 'pass_attempted': False, 'goal_scored': False, 'goal_team': None, 'ball_out_by': None, 'has_ball': True, 'start_shot_bonus': False, 'start_pass_bonus': False, 'possession_lost': False}

[Step 35] Action=[-0.17889737 -0.06903657  0.          0.13599917  0.         -0.0981565
 -0.04711738] | Reward=-0.006 | Cum=-0.131 | Info={'shot_attempted': False, 'pass_attempted': False, 'goal_scored': False, 'goal_team': None, 'ball_out_by': None, 'has_ball': True, 'start_shot_bonus': False, 'start_pass_bonus': False, 'possession_lost': False}

[Step 36] Action=[-0.17890179 -0.069042    0.          0.13596824  0.         -0.09817343
 -0.04711923] | Reward=-0.006 | Cum=-0.137 | Info={'shot_attempted': False, 'pass_attempted': False, 'goal_scored': False, 'goal_team': None, 'ball_out_by': None, 'has_ball': True, 'start_shot_bonus': False, 'start_pass_bonus': False, 'possession_lost': False}

[Step 37] Action=[-0.1789062  -0.06904742  0.          0.13593726  0.         -0.09819035
 -0.04712111] | Reward=-0.006 | Cum=-0.143 | Info={'shot_attempted': False, 'pass_attempted': False, 'goal_scored': False, 'goal_team': None, 'ball_out_by': None, 'has_ball': True, 'start_shot_bonus': False, 'start_pass_bonus': False, 'possession_lost': False}

[Step 38] Action=[-0.17891063 -0.06905288  0.          0.13590628  0.         -0.09820728
 -0.04712297] | Reward=-0.007 | Cum=-0.150 | Info={'shot_attempted': False, 'pass_attempted': False, 'goal_scored': False, 'goal_team': None, 'ball_out_by': None, 'has_ball': True, 'start_shot_bonus': False, 'start_pass_bonus': False, 'possession_lost': False}

[Step 39] Action=[-0.17891504 -0.06905831  0.          0.1358753   0.         -0.09822422
 -0.04712483] | Reward=-0.007 | Cum=-0.157 | Info={'shot_attempted': False, 'pass_attempted': False, 'goal_scored': False, 'goal_team': None, 'ball_out_by': None, 'has_ball': True, 'start_shot_bonus': False, 'start_pass_bonus': False, 'possession_lost': False}

[Step 40] Action=[-0.17892002 -0.06906375  0.          0.13584347  0.         -0.09824074
 -0.04712664] | Reward=-0.007 | Cum=-0.163 | Info={'shot_attempted': False, 'pass_attempted': False, 'goal_scored': False, 'goal_team': None, 'ball_out_by': None, 'has_ball': True, 'start_shot_bonus': False, 'start_pass_bonus': False, 'possession_lost': False}

[Step 41] Action=[-0.17892516 -0.06906919  0.          0.13581133  0.         -0.09825714
 -0.04712842] | Reward=-0.007 | Cum=-0.170 | Info={'shot_attempted': False, 'pass_attempted': False, 'goal_scored': False, 'goal_team': None, 'ball_out_by': None, 'has_ball': True, 'start_shot_bonus': False, 'start_pass_bonus': False, 'possession_lost': False}

[Step 42] Action=[-0.17893034 -0.06907466  0.          0.13577919  0.         -0.09827353
 -0.0471302 ] | Reward=-0.007 | Cum=-0.177 | Info={'shot_attempted': False, 'pass_attempted': False, 'goal_scored': False, 'goal_team': None, 'ball_out_by': None, 'has_ball': True, 'start_shot_bonus': False, 'start_pass_bonus': False, 'possession_lost': False}

[Step 43] Action=[-0.17893551 -0.06908008  0.          0.13574706  0.         -0.09828993
 -0.047132  ] | Reward=-0.007 | Cum=-0.184 | Info={'shot_attempted': False, 'pass_attempted': False, 'goal_scored': False, 'goal_team': None, 'ball_out_by': None, 'has_ball': True, 'start_shot_bonus': False, 'start_pass_bonus': False, 'possession_lost': False}

[Step 44] Action=[-0.17894045 -0.06908644  0.          0.13571581  0.         -0.09830591
 -0.04713298] | Reward=-0.007 | Cum=-0.192 | Info={'shot_attempted': False, 'pass_attempted': False, 'goal_scored': False, 'goal_team': None, 'ball_out_by': None, 'has_ball': True, 'start_shot_bonus': False, 'start_pass_bonus': False, 'possession_lost': False}

[Step 45] Action=[-0.17894533 -0.06909292  0.          0.13568473  0.         -0.09832181
 -0.04713383] | Reward=-0.007 | Cum=-0.199 | Info={'shot_attempted': False, 'pass_attempted': False, 'goal_scored': False, 'goal_team': None, 'ball_out_by': None, 'has_ball': True, 'start_shot_bonus': False, 'start_pass_bonus': False, 'possession_lost': False}

[Step 46] Action=[-0.17895022 -0.06909944  0.          0.13565364  0.         -0.09833773
 -0.04713468] | Reward=-0.007 | Cum=-0.206 | Info={'shot_attempted': False, 'pass_attempted': False, 'goal_scored': False, 'goal_team': None, 'ball_out_by': None, 'has_ball': True, 'start_shot_bonus': False, 'start_pass_bonus': False, 'possession_lost': False}

[Step 47] Action=[-0.17895511 -0.06910591  0.          0.13562256  0.         -0.09835364
 -0.04713551] | Reward=-0.007 | Cum=-0.214 | Info={'shot_attempted': False, 'pass_attempted': False, 'goal_scored': False, 'goal_team': None, 'ball_out_by': None, 'has_ball': True, 'start_shot_bonus': False, 'start_pass_bonus': False, 'possession_lost': False}

[Step 48] Action=[-0.17895998 -0.06911241  0.          0.13559146  0.         -0.09836956
 -0.04713636] | Reward=-0.008 | Cum=-0.221 | Info={'shot_attempted': False, 'pass_attempted': False, 'goal_scored': False, 'goal_team': None, 'ball_out_by': None, 'has_ball': True, 'start_shot_bonus': False, 'start_pass_bonus': False, 'possession_lost': False}

[Step 49] Action=[-0.17896488 -0.06911892  0.          0.1355604   0.         -0.09838548
 -0.04713721] | Reward=-0.008 | Cum=-0.229 | Info={'shot_attempted': False, 'pass_attempted': False, 'goal_scored': False, 'goal_team': None, 'ball_out_by': None, 'has_ball': True, 'start_shot_bonus': False, 'start_pass_bonus': False, 'possession_lost': False}

[Step 50] Action=[-0.17896974 -0.06912541  0.          0.13552931  0.         -0.09840139
 -0.04713806] | Reward=-0.008 | Cum=-0.237 | Info={'shot_attempted': False, 'pass_attempted': False, 'goal_scored': False, 'goal_team': None, 'ball_out_by': None, 'has_ball': True, 'start_shot_bonus': False, 'start_pass_bonus': False, 'possession_lost': False}

[Step 51] Action=[-0.17897464 -0.06913192  0.          0.13549821  0.         -0.09841731
 -0.04713888] | Reward=-0.008 | Cum=-0.245 | Info={'shot_attempted': False, 'pass_attempted': False, 'goal_scored': False, 'goal_team': None, 'ball_out_by': None, 'has_ball': True, 'start_shot_bonus': False, 'start_pass_bonus': False, 'possession_lost': False}

[Step 52] Action=[-0.17897953 -0.06913841  0.          0.13546713  0.         -0.09843323
 -0.04713974] | Reward=-0.008 | Cum=-0.253 | Info={'shot_attempted': False, 'pass_attempted': False, 'goal_scored': False, 'goal_team': None, 'ball_out_by': None, 'has_ball': True, 'start_shot_bonus': False, 'start_pass_bonus': False, 'possession_lost': False}

[Step 53] Action=[-0.17898442 -0.06914491  0.          0.13543603  0.         -0.09844914
 -0.04714058] | Reward=-0.009 | Cum=-0.262 | Info={'shot_attempted': False, 'pass_attempted': False, 'goal_scored': False, 'goal_team': None, 'ball_out_by': None, 'has_ball': True, 'start_shot_bonus': False, 'start_pass_bonus': False, 'possession_lost': False}

[Step 54] Action=[-0.17898965 -0.06915148  0.          0.13540573  0.         -0.09846482
 -0.04714069] | Reward=-0.009 | Cum=-0.270 | Info={'shot_attempted': False, 'pass_attempted': False, 'goal_scored': False, 'goal_team': None, 'ball_out_by': None, 'has_ball': True, 'start_shot_bonus': False, 'start_pass_bonus': False, 'possession_lost': False}

[Step 55] Action=[-0.17899503 -0.06915803  0.          0.13537574  0.         -0.09848039
 -0.04714051] | Reward=-0.009 | Cum=-0.279 | Info={'shot_attempted': False, 'pass_attempted': False, 'goal_scored': False, 'goal_team': None, 'ball_out_by': None, 'has_ball': True, 'start_shot_bonus': False, 'start_pass_bonus': False, 'possession_lost': False}

[Step 56] Action=[-0.17900042 -0.0691646   0.          0.13534574  0.         -0.09849598
 -0.04714033] | Reward=-0.009 | Cum=-0.287 | Info={'shot_attempted': False, 'pass_attempted': False, 'goal_scored': False, 'goal_team': None, 'ball_out_by': None, 'has_ball': True, 'start_shot_bonus': False, 'start_pass_bonus': False, 'possession_lost': False}

[Step 57] Action=[-0.17900583 -0.06917115  0.          0.13531578  0.         -0.09851155
 -0.04714014] | Reward=-0.009 | Cum=-0.297 | Info={'shot_attempted': False, 'pass_attempted': False, 'goal_scored': False, 'goal_team': None, 'ball_out_by': None, 'has_ball': True, 'start_shot_bonus': False, 'start_pass_bonus': False, 'possession_lost': False}

[Step 58] Action=[-0.17901121 -0.06917772  0.          0.1352858   0.         -0.09852713
 -0.04713996] | Reward=-0.009 | Cum=-0.306 | Info={'shot_attempted': False, 'pass_attempted': False, 'goal_scored': False, 'goal_team': None, 'ball_out_by': None, 'has_ball': True, 'start_shot_bonus': False, 'start_pass_bonus': False, 'possession_lost': False}

[Step 59] Action=[-0.17901662 -0.06918428  0.          0.1352558   0.         -0.0985427
 -0.04713978] | Reward=-0.009 | Cum=-0.315 | Info={'shot_attempted': False, 'pass_attempted': False, 'goal_scored': False, 'goal_team': None, 'ball_out_by': None, 'has_ball': True, 'start_shot_bonus': False, 'start_pass_bonus': False, 'possession_lost': False}

[Step 60] Action=[-0.179022   -0.06919084  0.          0.13522583  0.         -0.09855828
 -0.0471396 ] | Reward=-0.009 | Cum=-0.324 | Info={'shot_attempted': False, 'pass_attempted': False, 'goal_scored': False, 'goal_team': None, 'ball_out_by': None, 'has_ball': True, 'start_shot_bonus': False, 'start_pass_bonus': False, 'possession_lost': False}

[Step 61] Action=[-0.1790274  -0.06919741  0.          0.13519584  0.         -0.09857386
 -0.04713941] | Reward=-0.009 | Cum=-0.333 | Info={'shot_attempted': False, 'pass_attempted': False, 'goal_scored': False, 'goal_team': None, 'ball_out_by': None, 'has_ball': True, 'start_shot_bonus': False, 'start_pass_bonus': False, 'possession_lost': False}

[Step 62] Action=[-0.17903374 -0.06920059  0.          0.1351677   0.         -0.09858952
 -0.04714082] | Reward=-0.010 | Cum=-0.343 | Info={'shot_attempted': False, 'pass_attempted': False, 'goal_scored': False, 'goal_team': None, 'ball_out_by': None, 'has_ball': True, 'start_shot_bonus': False, 'start_pass_bonus': False, 'possession_lost': False}

[Step 63] Action=[-0.17904218 -0.06919642  0.          0.13514365  0.         -0.09860542
 -0.04714571] | Reward=-0.010 | Cum=-0.352 | Info={'shot_attempted': False, 'pass_attempted': False, 'goal_scored': False, 'goal_team': None, 'ball_out_by': None, 'has_ball': True, 'start_shot_bonus': False, 'start_pass_bonus': False, 'possession_lost': False}

[Step 64] Action=[-0.17905058 -0.06919224  0.          0.13511959  0.         -0.0986213
 -0.0471506 ] | Reward=-0.010 | Cum=-0.362 | Info={'shot_attempted': False, 'pass_attempted': False, 'goal_scored': False, 'goal_team': None, 'ball_out_by': None, 'has_ball': True, 'start_shot_bonus': False, 'start_pass_bonus': False, 'possession_lost': False}

[Step 65] Action=[-0.17905898 -0.06918807  0.          0.1350955   0.         -0.09863719
 -0.04715549] | Reward=-0.010 | Cum=-0.372 | Info={'shot_attempted': False, 'pass_attempted': False, 'goal_scored': False, 'goal_team': None, 'ball_out_by': None, 'has_ball': True, 'start_shot_bonus': False, 'start_pass_bonus': False, 'possession_lost': False}

[Step 66] Action=[-0.1790674  -0.06918389  0.          0.13507146  0.         -0.09865307
 -0.04716039] | Reward=-0.010 | Cum=-0.381 | Info={'shot_attempted': False, 'pass_attempted': False, 'goal_scored': False, 'goal_team': None, 'ball_out_by': None, 'has_ball': True, 'start_shot_bonus': False, 'start_pass_bonus': False, 'possession_lost': False}

[Step 67] Action=[-0.17907584 -0.06917971  0.          0.1350474   0.         -0.09866896
 -0.04716527] | Reward=-0.010 | Cum=-0.391 | Info={'shot_attempted': False, 'pass_attempted': False, 'goal_scored': False, 'goal_team': None, 'ball_out_by': None, 'has_ball': True, 'start_shot_bonus': False, 'start_pass_bonus': False, 'possession_lost': False}

[Step 68] Action=[-0.17908426 -0.06917553  0.          0.13502333  0.         -0.09868484
 -0.04717018] | Reward=-0.010 | Cum=-0.402 | Info={'shot_attempted': False, 'pass_attempted': False, 'goal_scored': False, 'goal_team': None, 'ball_out_by': None, 'has_ball': True, 'start_shot_bonus': False, 'start_pass_bonus': False, 'possession_lost': False}

[Step 69] Action=[-0.18099065 -0.06962105  0.          0.13545544  0.         -0.09655716
 -0.04426557] | Reward=-0.010 | Cum=-0.412 | Info={'shot_attempted': False, 'pass_attempted': False, 'goal_scored': False, 'goal_team': None, 'ball_out_by': None, 'has_ball': True, 'start_shot_bonus': False, 'start_pass_bonus': False, 'possession_lost': False}

[Step 70] Action=[-0.18099305 -0.06962511  0.          0.13542499  0.         -0.09657396
 -0.04426767] | Reward=-0.010 | Cum=-0.422 | Info={'shot_attempted': False, 'pass_attempted': False, 'goal_scored': False, 'goal_team': None, 'ball_out_by': None, 'has_ball': True, 'start_shot_bonus': False, 'start_pass_bonus': False, 'possession_lost': False}

[Step 71] Action=[-0.18099542 -0.0696293   0.          0.13539462  0.         -0.09659076
 -0.04426973] | Reward=-0.010 | Cum=-0.432 | Info={'shot_attempted': False, 'pass_attempted': False, 'goal_scored': False, 'goal_team': None, 'ball_out_by': None, 'has_ball': True, 'start_shot_bonus': False, 'start_pass_bonus': False, 'possession_lost': False}

[Step 72] Action=[-0.1809978  -0.06963348  0.          0.13536423  0.         -0.09660754
 -0.04427176] | Reward=-0.011 | Cum=-0.443 | Info={'shot_attempted': False, 'pass_attempted': False, 'goal_scored': False, 'goal_team': None, 'ball_out_by': None, 'has_ball': True, 'start_shot_bonus': False, 'start_pass_bonus': False, 'possession_lost': False}

[Step 73] Action=[-0.18093623 -0.06976159  0.          0.13517113  0.         -0.09658714
 -0.04413213] | Reward=-0.011 | Cum=-0.454 | Info={'shot_attempted': False, 'pass_attempted': False, 'goal_scored': False, 'goal_team': None, 'ball_out_by': None, 'has_ball': True, 'start_shot_bonus': False, 'start_pass_bonus': False, 'possession_lost': False}

[Step 74] Action=[-0.18093862 -0.06976588  0.          0.13514075  0.         -0.09660392
 -0.04413412] | Reward=-0.011 | Cum=-0.465 | Info={'shot_attempted': False, 'pass_attempted': False, 'goal_scored': False, 'goal_team': None, 'ball_out_by': None, 'has_ball': True, 'start_shot_bonus': False, 'start_pass_bonus': False, 'possession_lost': False}

[Step 75] Action=[-0.18094099 -0.06977012  0.          0.13511033  0.         -0.09662072
 -0.04413614] | Reward=-0.011 | Cum=-0.475 | Info={'shot_attempted': False, 'pass_attempted': False, 'goal_scored': False, 'goal_team': None, 'ball_out_by': None, 'has_ball': True, 'start_shot_bonus': False, 'start_pass_bonus': False, 'possession_lost': False}

[Step 76] Action=[-0.18094337 -0.06977436  0.          0.13507994  0.         -0.09663752
 -0.04413815] | Reward=-0.011 | Cum=-0.487 | Info={'shot_attempted': False, 'pass_attempted': False, 'goal_scored': False, 'goal_team': None, 'ball_out_by': None, 'has_ball': True, 'start_shot_bonus': False, 'start_pass_bonus': False, 'possession_lost': False}

[Step 77] Action=[-0.18094574 -0.06977858  0.          0.13504955  0.         -0.09665433
 -0.04414017] | Reward=-0.011 | Cum=-0.498 | Info={'shot_attempted': False, 'pass_attempted': False, 'goal_scored': False, 'goal_team': None, 'ball_out_by': None, 'has_ball': True, 'start_shot_bonus': False, 'start_pass_bonus': False, 'possession_lost': False}

[Step 78] Action=[-0.18095015 -0.06977849  0.          0.13502218  0.         -0.09667169
 -0.04414482] | Reward=-0.011 | Cum=-0.509 | Info={'shot_attempted': False, 'pass_attempted': False, 'goal_scored': False, 'goal_team': None, 'ball_out_by': None, 'has_ball': True, 'start_shot_bonus': False, 'start_pass_bonus': False, 'possession_lost': False}

[Step 79] Action=[-0.18095654 -0.0697738   0.          0.13499813  0.         -0.09668919
 -0.04415231] | Reward=-0.011 | Cum=-0.520 | Info={'shot_attempted': False, 'pass_attempted': False, 'goal_scored': False, 'goal_team': None, 'ball_out_by': None, 'has_ball': True, 'start_shot_bonus': False, 'start_pass_bonus': False, 'possession_lost': False}

[Step 80] Action=[-0.18096282 -0.06976905  0.          0.13497415  0.         -0.09670644
 -0.04415989] | Reward=-0.011 | Cum=-0.532 | Info={'shot_attempted': False, 'pass_attempted': False, 'goal_scored': False, 'goal_team': None, 'ball_out_by': None, 'has_ball': True, 'start_shot_bonus': False, 'start_pass_bonus': False, 'possession_lost': False}

[Step 81] Action=[-0.1809691  -0.06976427  0.          0.13495018  0.         -0.09672368
 -0.04416746] | Reward=-0.012 | Cum=-0.543 | Info={'shot_attempted': False, 'pass_attempted': False, 'goal_scored': False, 'goal_team': None, 'ball_out_by': None, 'has_ball': True, 'start_shot_bonus': False, 'start_pass_bonus': False, 'possession_lost': False}

[Step 82] Action=[-0.18097539 -0.06975951  0.          0.13492621  0.         -0.09674092
 -0.04417503] | Reward=-0.012 | Cum=-0.555 | Info={'shot_attempted': False, 'pass_attempted': False, 'goal_scored': False, 'goal_team': None, 'ball_out_by': None, 'has_ball': True, 'start_shot_bonus': False, 'start_pass_bonus': False, 'possession_lost': False}

[Step 83] Action=[-0.1809817  -0.06975475  0.          0.13490224  0.         -0.09675816
 -0.04418261] | Reward=-0.012 | Cum=-0.567 | Info={'shot_attempted': False, 'pass_attempted': False, 'goal_scored': False, 'goal_team': None, 'ball_out_by': None, 'has_ball': True, 'start_shot_bonus': False, 'start_pass_bonus': False, 'possession_lost': False}

[Step 84] Action=[-0.18098797 -0.06974997  0.          0.1348783   0.         -0.09677541
 -0.04419017] | Reward=-0.012 | Cum=-0.579 | Info={'shot_attempted': False, 'pass_attempted': False, 'goal_scored': False, 'goal_team': None, 'ball_out_by': None, 'has_ball': True, 'start_shot_bonus': False, 'start_pass_bonus': False, 'possession_lost': False}

[Step 85] Action=[-0.18099426 -0.06974522  0.          0.13485432  0.         -0.09679263
 -0.04419776] | Reward=-0.012 | Cum=-0.591 | Info={'shot_attempted': False, 'pass_attempted': False, 'goal_scored': False, 'goal_team': None, 'ball_out_by': None, 'has_ball': True, 'start_shot_bonus': False, 'start_pass_bonus': False, 'possession_lost': False}

[Step 86] Action=[-0.18100029 -0.06974014  0.          0.13483045  0.         -0.09681002
 -0.04420603] | Reward=-0.012 | Cum=-0.603 | Info={'shot_attempted': False, 'pass_attempted': False, 'goal_scored': False, 'goal_team': None, 'ball_out_by': None, 'has_ball': True, 'start_shot_bonus': False, 'start_pass_bonus': False, 'possession_lost': False}

[Step 87] Action=[-0.18100601 -0.06973467  0.          0.13480668  0.         -0.09682758
 -0.04421514] | Reward=-0.012 | Cum=-0.615 | Info={'shot_attempted': False, 'pass_attempted': False, 'goal_scored': False, 'goal_team': None, 'ball_out_by': None, 'has_ball': True, 'start_shot_bonus': False, 'start_pass_bonus': False, 'possession_lost': False}

[Step 88] Action=[-0.18101174 -0.06972923  0.          0.13478291  0.         -0.09684515
 -0.04422422] | Reward=-0.012 | Cum=-0.628 | Info={'shot_attempted': False, 'pass_attempted': False, 'goal_scored': False, 'goal_team': None, 'ball_out_by': None, 'has_ball': True, 'start_shot_bonus': False, 'start_pass_bonus': False, 'possession_lost': False}

[Step 89] Action=[-0.18101746 -0.06972376  0.          0.13475914  0.         -0.09686271
 -0.04423333] | Reward=-0.012 | Cum=-0.640 | Info={'shot_attempted': False, 'pass_attempted': False, 'goal_scored': False, 'goal_team': None, 'ball_out_by': None, 'has_ball': True, 'start_shot_bonus': False, 'start_pass_bonus': False, 'possession_lost': False}

[Step 90] Action=[-0.1810232  -0.06971831  0.          0.13473538  0.         -0.09688027
 -0.04424242] | Reward=-0.012 | Cum=-0.652 | Info={'shot_attempted': False, 'pass_attempted': False, 'goal_scored': False, 'goal_team': None, 'ball_out_by': None, 'has_ball': True, 'start_shot_bonus': False, 'start_pass_bonus': False, 'possession_lost': False}

[Step 91] Action=[-0.18102892 -0.06971286  0.          0.1347116   0.         -0.09689784
 -0.04425154] | Reward=-0.013 | Cum=-0.665 | Info={'shot_attempted': False, 'pass_attempted': False, 'goal_scored': False, 'goal_team': None, 'ball_out_by': None, 'has_ball': True, 'start_shot_bonus': False, 'start_pass_bonus': False, 'possession_lost': False}

[Step 92] Action=[-0.18103461 -0.06970726  0.          0.13468778  0.         -0.09691545
 -0.04426068] | Reward=-0.013 | Cum=-0.678 | Info={'shot_attempted': False, 'pass_attempted': False, 'goal_scored': False, 'goal_team': None, 'ball_out_by': None, 'has_ball': True, 'start_shot_bonus': False, 'start_pass_bonus': False, 'possession_lost': False}

[Step 93] Action=[-0.18103997 -0.06970029  0.          0.13466342  0.         -0.09693356
 -0.04427024] | Reward=-0.013 | Cum=-0.690 | Info={'shot_attempted': False, 'pass_attempted': False, 'goal_scored': False, 'goal_team': None, 'ball_out_by': None, 'has_ball': True, 'start_shot_bonus': False, 'start_pass_bonus': False, 'possession_lost': False}

[Step 94] Action=[-0.18104537 -0.06969333  0.          0.13463905  0.         -0.09695165
 -0.04427981] | Reward=-0.013 | Cum=-0.703 | Info={'shot_attempted': False, 'pass_attempted': False, 'goal_scored': False, 'goal_team': None, 'ball_out_by': None, 'has_ball': True, 'start_shot_bonus': False, 'start_pass_bonus': False, 'possession_lost': False}

[Step 95] Action=[-0.18105073 -0.06968638  0.          0.13461469  0.         -0.09696975
 -0.04428938] | Reward=-0.013 | Cum=-0.717 | Info={'shot_attempted': False, 'pass_attempted': False, 'goal_scored': False, 'goal_team': None, 'ball_out_by': None, 'has_ball': True, 'start_shot_bonus': False, 'start_pass_bonus': False, 'possession_lost': False}

[Step 96] Action=[-0.18105608 -0.06967941  0.          0.13459033  0.         -0.09698785
 -0.04429895] | Reward=-0.013 | Cum=-0.730 | Info={'shot_attempted': False, 'pass_attempted': False, 'goal_scored': False, 'goal_team': None, 'ball_out_by': None, 'has_ball': True, 'start_shot_bonus': False, 'start_pass_bonus': False, 'possession_lost': False}

[Step 97] Action=[-0.18106148 -0.06967244  0.          0.13456596  0.         -0.09700595
 -0.04430852] | Reward=-0.013 | Cum=-0.743 | Info={'shot_attempted': False, 'pass_attempted': False, 'goal_scored': False, 'goal_team': None, 'ball_out_by': None, 'has_ball': True, 'start_shot_bonus': False, 'start_pass_bonus': False, 'possession_lost': False}

[Step 98] Action=[-0.18106681 -0.06966567  0.          0.13454182  0.         -0.09702396
 -0.04431788] | Reward=-0.013 | Cum=-0.756 | Info={'shot_attempted': False, 'pass_attempted': False, 'goal_scored': False, 'goal_team': None, 'ball_out_by': None, 'has_ball': True, 'start_shot_bonus': False, 'start_pass_bonus': False, 'possession_lost': False}

[Step 99] Action=[-0.1810721  -0.06965984  0.          0.13451801  0.         -0.0970415
 -0.04432693] | Reward=-0.013 | Cum=-0.770 | Info={'shot_attempted': False, 'pass_attempted': False, 'goal_scored': False, 'goal_team': None, 'ball_out_by': None, 'has_ball': True, 'start_shot_bonus': False, 'start_pass_bonus': False, 'possession_lost': False}

[Step 100] Action=[-0.18107791 -0.06965422  0.          0.13449317  0.         -0.09705893
 -0.04433715] | Reward=-0.014 | Cum=-0.784 | Info={'shot_attempted': False, 'pass_attempted': False, 'goal_scored': False, 'goal_team': None, 'ball_out_by': None, 'has_ball': True, 'start_shot_bonus': False, 'start_pass_bonus': False, 'possession_lost': False}

[Step 101] Action=[-0.18108368 -0.06964858  0.          0.13446832  0.         -0.09707636
 -0.04434739] | Reward=-0.014 | Cum=-0.797 | Info={'shot_attempted': False, 'pass_attempted': False, 'goal_scored': False, 'goal_team': None, 'ball_out_by': None, 'has_ball': True, 'start_shot_bonus': False, 'start_pass_bonus': False, 'possession_lost': False}

[Step 102] Action=[-0.18108946 -0.06964293  0.          0.13444348  0.         -0.09709379
 -0.04435761] | Reward=-0.014 | Cum=-0.811 | Info={'shot_attempted': False, 'pass_attempted': False, 'goal_scored': False, 'goal_team': None, 'ball_out_by': None, 'has_ball': True, 'start_shot_bonus': False, 'start_pass_bonus': False, 'possession_lost': False}

[Step 103] Action=[-0.18109526 -0.0696373   0.          0.13441862  0.         -0.0971112
 -0.04436783] | Reward=-0.014 | Cum=-0.825 | Info={'shot_attempted': False, 'pass_attempted': False, 'goal_scored': False, 'goal_team': None, 'ball_out_by': None, 'has_ball': True, 'start_shot_bonus': False, 'start_pass_bonus': False, 'possession_lost': False}

[Step 104] Action=[-0.18110105 -0.06963165  0.          0.13439375  0.         -0.09712861
 -0.04437806] | Reward=-0.014 | Cum=-0.839 | Info={'shot_attempted': False, 'pass_attempted': False, 'goal_scored': False, 'goal_team': None, 'ball_out_by': None, 'has_ball': True, 'start_shot_bonus': False, 'start_pass_bonus': False, 'possession_lost': False}

[Step 105] Action=[-0.18110685 -0.06962601  0.          0.13436891  0.         -0.09714604
 -0.04438829] | Reward=-0.014 | Cum=-0.853 | Info={'shot_attempted': False, 'pass_attempted': False, 'goal_scored': False, 'goal_team': None, 'ball_out_by': None, 'has_ball': True, 'start_shot_bonus': False, 'start_pass_bonus': False, 'possession_lost': False}

[Step 106] Action=[-0.18111265 -0.06962037  0.          0.13434407  0.         -0.09716346
 -0.04439852] | Reward=-0.014 | Cum=-0.867 | Info={'shot_attempted': False, 'pass_attempted': False, 'goal_scored': False, 'goal_team': None, 'ball_out_by': None, 'has_ball': True, 'start_shot_bonus': False, 'start_pass_bonus': False, 'possession_lost': False}

[Step 107] Action=[-0.18111725 -0.0696153   0.          0.13431951  0.         -0.09718147
 -0.04440877] | Reward=-0.014 | Cum=-0.881 | Info={'shot_attempted': False, 'pass_attempted': False, 'goal_scored': False, 'goal_team': None, 'ball_out_by': None, 'has_ball': True, 'start_shot_bonus': False, 'start_pass_bonus': False, 'possession_lost': False}

[Step 108] Action=[-0.18111913 -0.06961153  0.          0.13429575  0.         -0.09720085
 -0.04441902] | Reward=-0.014 | Cum=-0.896 | Info={'shot_attempted': False, 'pass_attempted': False, 'goal_scored': False, 'goal_team': None, 'ball_out_by': None, 'has_ball': True, 'start_shot_bonus': False, 'start_pass_bonus': False, 'possession_lost': False}

[Step 109] Action=[-0.1811223  -0.0696065   0.          0.13427176  0.         -0.09722053
 -0.04442795] | Reward=-0.014 | Cum=-0.910 | Info={'shot_attempted': False, 'pass_attempted': False, 'goal_scored': False, 'goal_team': None, 'ball_out_by': None, 'has_ball': True, 'start_shot_bonus': False, 'start_pass_bonus': False, 'possession_lost': False}

[Step 110] Action=[-0.18112558 -0.06960138  0.          0.13424775  0.         -0.09724023
 -0.04443676] | Reward=-0.015 | Cum=-0.925 | Info={'shot_attempted': False, 'pass_attempted': False, 'goal_scored': False, 'goal_team': None, 'ball_out_by': None, 'has_ball': True, 'start_shot_bonus': False, 'start_pass_bonus': False, 'possession_lost': False}

[Step 111] Action=[-0.18112886 -0.06959627  0.          0.13422376  0.         -0.09725992
 -0.04444558] | Reward=-0.015 | Cum=-0.939 | Info={'shot_attempted': False, 'pass_attempted': False, 'goal_scored': False, 'goal_team': None, 'ball_out_by': None, 'has_ball': True, 'start_shot_bonus': False, 'start_pass_bonus': False, 'possession_lost': False}

[Step 112] Action=[-0.18113212 -0.06959113  0.          0.13419975  0.         -0.09727961
 -0.04445439] | Reward=-0.015 | Cum=-0.954 | Info={'shot_attempted': False, 'pass_attempted': False, 'goal_scored': False, 'goal_team': None, 'ball_out_by': None, 'has_ball': True, 'start_shot_bonus': False, 'start_pass_bonus': False, 'possession_lost': False}

[Step 113] Action=[-0.1811354  -0.06958602  0.          0.13417573  0.         -0.09729932
 -0.04446321] | Reward=-0.015 | Cum=-0.969 | Info={'shot_attempted': False, 'pass_attempted': False, 'goal_scored': False, 'goal_team': None, 'ball_out_by': None, 'has_ball': True, 'start_shot_bonus': False, 'start_pass_bonus': False, 'possession_lost': False}

[Step 114] Action=[-0.18113868 -0.06958091  0.          0.13415174  0.         -0.09731901
 -0.04447201] | Reward=-0.015 | Cum=-0.984 | Info={'shot_attempted': False, 'pass_attempted': False, 'goal_scored': False, 'goal_team': None, 'ball_out_by': None, 'has_ball': True, 'start_shot_bonus': False, 'start_pass_bonus': False, 'possession_lost': False}

[Step 115] Action=[-0.18114196 -0.06957576  0.          0.13412775  0.         -0.0973387
 -0.04448083] | Reward=-0.015 | Cum=-0.999 | Info={'shot_attempted': False, 'pass_attempted': False, 'goal_scored': False, 'goal_team': None, 'ball_out_by': None, 'has_ball': True, 'start_shot_bonus': False, 'start_pass_bonus': False, 'possession_lost': False}

[Step 116] Action=[-0.18114524 -0.06957062  0.          0.13410375  0.         -0.09735838
 -0.04448966] | Reward=-0.015 | Cum=-1.014 | Info={'shot_attempted': False, 'pass_attempted': False, 'goal_scored': False, 'goal_team': None, 'ball_out_by': None, 'has_ball': True, 'start_shot_bonus': False, 'start_pass_bonus': False, 'possession_lost': False}

[Step 117] Action=[-0.1811485  -0.0695655   0.          0.13407974  0.         -0.09737808
 -0.04449848] | Reward=-0.015 | Cum=-1.029 | Info={'shot_attempted': False, 'pass_attempted': False, 'goal_scored': False, 'goal_team': None, 'ball_out_by': None, 'has_ball': True, 'start_shot_bonus': False, 'start_pass_bonus': False, 'possession_lost': False}

[Step 118] Action=[-0.18115179 -0.06956038  0.          0.13405575  0.         -0.09739777
 -0.04450729] | Reward=-0.015 | Cum=-1.044 | Info={'shot_attempted': False, 'pass_attempted': False, 'goal_scored': False, 'goal_team': None, 'ball_out_by': None, 'has_ball': True, 'start_shot_bonus': False, 'start_pass_bonus': False, 'possession_lost': False}

[Step 119] Action=[-0.18115504 -0.06955525  0.          0.13403174  0.         -0.09741747
 -0.04451611] | Reward=-0.016 | Cum=-1.060 | Info={'shot_attempted': False, 'pass_attempted': False, 'goal_scored': False, 'goal_team': None, 'ball_out_by': None, 'has_ball': True, 'start_shot_bonus': False, 'start_pass_bonus': False, 'possession_lost': False}

[Step 120] Action=[-0.18115772 -0.0695503   0.          0.1340067   0.         -0.09743728
 -0.04452495] | Reward=-0.016 | Cum=-1.075 | Info={'shot_attempted': False, 'pass_attempted': False, 'goal_scored': False, 'goal_team': None, 'ball_out_by': None, 'has_ball': True, 'start_shot_bonus': False, 'start_pass_bonus': False, 'possession_lost': False}

[Step 121] Action=[-0.1811598  -0.06954555  0.          0.13398062  0.         -0.09745719
 -0.04453379] | Reward=-0.016 | Cum=-1.091 | Info={'shot_attempted': False, 'pass_attempted': False, 'goal_scored': False, 'goal_team': None, 'ball_out_by': None, 'has_ball': True, 'start_shot_bonus': False, 'start_pass_bonus': False, 'possession_lost': False}

[Step 122] Action=[-0.1811619  -0.06954081  0.          0.13395458  0.         -0.09747709
 -0.04454264] | Reward=-0.016 | Cum=-1.107 | Info={'shot_attempted': False, 'pass_attempted': False, 'goal_scored': False, 'goal_team': None, 'ball_out_by': None, 'has_ball': True, 'start_shot_bonus': False, 'start_pass_bonus': False, 'possession_lost': False}

[Step 123] Action=[-0.18116398 -0.06953604  0.          0.13392852  0.         -0.09749702
 -0.04455147] | Reward=-0.016 | Cum=-1.122 | Info={'shot_attempted': False, 'pass_attempted': False, 'goal_scored': False, 'goal_team': None, 'ball_out_by': None, 'has_ball': True, 'start_shot_bonus': False, 'start_pass_bonus': False, 'possession_lost': False}

[Step 124] Action=[-0.18116607 -0.06953128  0.          0.13390249  0.         -0.09751692
 -0.04456033] | Reward=-0.016 | Cum=-1.138 | Info={'shot_attempted': False, 'pass_attempted': False, 'goal_scored': False, 'goal_team': None, 'ball_out_by': None, 'has_ball': True, 'start_shot_bonus': False, 'start_pass_bonus': False, 'possession_lost': False}

[Step 125] Action=[-0.18116815 -0.06952652  0.          0.13387641  0.         -0.09753683
 -0.04456918] | Reward=-0.016 | Cum=-1.154 | Info={'shot_attempted': False, 'pass_attempted': False, 'goal_scored': False, 'goal_team': None, 'ball_out_by': None, 'has_ball': True, 'start_shot_bonus': False, 'start_pass_bonus': False, 'possession_lost': False}

[Step 126] Action=[-0.18117024 -0.06952175  0.          0.13385037  0.         -0.09755675
 -0.04457803] | Reward=-0.016 | Cum=-1.170 | Info={'shot_attempted': False, 'pass_attempted': False, 'goal_scored': False, 'goal_team': None, 'ball_out_by': None, 'has_ball': True, 'start_shot_bonus': False, 'start_pass_bonus': False, 'possession_lost': False}

[Step 127] Action=[-0.18116932 -0.06952505  0.          0.13382901  0.         -0.09757874
 -0.04459566] | Reward=-0.016 | Cum=-1.186 | Info={'shot_attempted': False, 'pass_attempted': False, 'goal_scored': False, 'goal_team': None, 'ball_out_by': None, 'has_ball': True, 'start_shot_bonus': False, 'start_pass_bonus': False, 'possession_lost': False}

[Step 128] Action=[-0.18116589 -0.06953379  0.          0.13381037  0.         -0.09760212
 -0.04461912] | Reward=-0.016 | Cum=-1.202 | Info={'shot_attempted': False, 'pass_attempted': False, 'goal_scored': False, 'goal_team': None, 'ball_out_by': None, 'has_ball': True, 'start_shot_bonus': False, 'start_pass_bonus': False, 'possession_lost': False}

[Step 129] Action=[-0.18116248 -0.06954252  0.          0.13379174  0.         -0.09762551
 -0.04464256] | Reward=-0.016 | Cum=-1.219 | Info={'shot_attempted': False, 'pass_attempted': False, 'goal_scored': False, 'goal_team': None, 'ball_out_by': None, 'has_ball': True, 'start_shot_bonus': False, 'start_pass_bonus': False, 'possession_lost': False}

[Step 130] Action=[-0.18115905 -0.06955124  0.          0.13377312  0.         -0.09764888
 -0.04466602] | Reward=-0.016 | Cum=-1.235 | Info={'shot_attempted': False, 'pass_attempted': False, 'goal_scored': False, 'goal_team': None, 'ball_out_by': None, 'has_ball': True, 'start_shot_bonus': False, 'start_pass_bonus': False, 'possession_lost': False}

[Step 131] Action=[-0.18115565 -0.06955998  0.          0.13375448  0.         -0.09767227
 -0.04468945] | Reward=-0.016 | Cum=-1.252 | Info={'shot_attempted': False, 'pass_attempted': False, 'goal_scored': False, 'goal_team': None, 'ball_out_by': None, 'has_ball': True, 'start_shot_bonus': False, 'start_pass_bonus': False, 'possession_lost': False}

[Step 132] Action=[-0.18115224 -0.06956872  0.          0.13373584  0.         -0.09769566
 -0.04471291] | Reward=-0.016 | Cum=-1.268 | Info={'shot_attempted': False, 'pass_attempted': False, 'goal_scored': False, 'goal_team': None, 'ball_out_by': None, 'has_ball': True, 'start_shot_bonus': False, 'start_pass_bonus': False, 'possession_lost': False}

[Step 133] Action=[-0.18114881 -0.06957746  0.          0.1337172   0.         -0.09771904
 -0.04473635] | Reward=-0.017 | Cum=-1.285 | Info={'shot_attempted': False, 'pass_attempted': False, 'goal_scored': False, 'goal_team': None, 'ball_out_by': None, 'has_ball': True, 'start_shot_bonus': False, 'start_pass_bonus': False, 'possession_lost': False}

[Step 134] Action=[-0.18114538 -0.06958622  0.          0.13369857  0.         -0.09774243
 -0.04475981] | Reward=-0.017 | Cum=-1.302 | Info={'shot_attempted': False, 'pass_attempted': False, 'goal_scored': False, 'goal_team': None, 'ball_out_by': None, 'has_ball': True, 'start_shot_bonus': False, 'start_pass_bonus': False, 'possession_lost': False}

[Step 135] Action=[-0.18114199 -0.06959494  0.          0.13367994  0.         -0.09776582
 -0.04478324] | Reward=-0.017 | Cum=-1.319 | Info={'shot_attempted': False, 'pass_attempted': False, 'goal_scored': False, 'goal_team': None, 'ball_out_by': None, 'has_ball': True, 'start_shot_bonus': False, 'start_pass_bonus': False, 'possession_lost': False}

[Step 136] Action=[-0.18113858 -0.0696037   0.          0.13366129  0.         -0.09778921
 -0.04480669] | Reward=-0.017 | Cum=-1.336 | Info={'shot_attempted': False, 'pass_attempted': False, 'goal_scored': False, 'goal_team': None, 'ball_out_by': None, 'has_ball': True, 'start_shot_bonus': False, 'start_pass_bonus': False, 'possession_lost': False}

[Step 137] Action=[-0.18113516 -0.06961244  0.          0.13364266  0.         -0.0978126
 -0.04483012] | Reward=-0.017 | Cum=-1.352 | Info={'shot_attempted': False, 'pass_attempted': False, 'goal_scored': False, 'goal_team': None, 'ball_out_by': None, 'has_ball': True, 'start_shot_bonus': False, 'start_pass_bonus': False, 'possession_lost': False}

[Step 138] Action=[-0.18113174 -0.06962118  0.          0.133624    0.         -0.09783598
 -0.04485357] | Reward=-0.017 | Cum=-1.370 | Info={'shot_attempted': False, 'pass_attempted': False, 'goal_scored': False, 'goal_team': None, 'ball_out_by': None, 'has_ball': True, 'start_shot_bonus': False, 'start_pass_bonus': False, 'possession_lost': False}

[Step 139] Action=[-0.18112832 -0.06962994  0.          0.13360539  0.         -0.09785938
 -0.044877  ] | Reward=-0.017 | Cum=-1.387 | Info={'shot_attempted': False, 'pass_attempted': False, 'goal_scored': False, 'goal_team': None, 'ball_out_by': None, 'has_ball': True, 'start_shot_bonus': False, 'start_pass_bonus': False, 'possession_lost': False}

[Step 140] Action=[-0.18112491 -0.0696387   0.          0.13358673  0.         -0.09788278
 -0.04490044] | Reward=-0.017 | Cum=-1.404 | Info={'shot_attempted': False, 'pass_attempted': False, 'goal_scored': False, 'goal_team': None, 'ball_out_by': None, 'has_ball': True, 'start_shot_bonus': False, 'start_pass_bonus': False, 'possession_lost': False}

[Step 141] Action=[-0.18112154 -0.06964774  0.          0.13356766  0.         -0.09790648
 -0.04492361] | Reward=-0.017 | Cum=-1.421 | Info={'shot_attempted': False, 'pass_attempted': False, 'goal_scored': False, 'goal_team': None, 'ball_out_by': None, 'has_ball': True, 'start_shot_bonus': False, 'start_pass_bonus': False, 'possession_lost': False}

[Step 142] Action=[-0.18111826 -0.069657    0.          0.13354833  0.         -0.0979304
 -0.04494659] | Reward=-0.017 | Cum=-1.439 | Info={'shot_attempted': False, 'pass_attempted': False, 'goal_scored': False, 'goal_team': None, 'ball_out_by': None, 'has_ball': True, 'start_shot_bonus': False, 'start_pass_bonus': False, 'possession_lost': False}

[Step 143] Action=[-0.18111496 -0.06966624  0.          0.13352902  0.         -0.09795432
 -0.04496961] | Reward=-0.018 | Cum=-1.456 | Info={'shot_attempted': False, 'pass_attempted': False, 'goal_scored': False, 'goal_team': None, 'ball_out_by': None, 'has_ball': True, 'start_shot_bonus': False, 'start_pass_bonus': False, 'possession_lost': False}

[Step 144] Action=[-0.18111166 -0.0696755   0.          0.13350968  0.         -0.09797824
 -0.04499261] | Reward=-0.018 | Cum=-1.474 | Info={'shot_attempted': False, 'pass_attempted': False, 'goal_scored': False, 'goal_team': None, 'ball_out_by': None, 'has_ball': True, 'start_shot_bonus': False, 'start_pass_bonus': False, 'possession_lost': False}

[Step 145] Action=[-0.18110836 -0.06968475  0.          0.13349035  0.         -0.09800215
 -0.0450156 ] | Reward=-0.018 | Cum=-1.492 | Info={'shot_attempted': False, 'pass_attempted': False, 'goal_scored': False, 'goal_team': None, 'ball_out_by': None, 'has_ball': True, 'start_shot_bonus': False, 'start_pass_bonus': False, 'possession_lost': False}

[Step 146] Action=[-0.18110506 -0.069694    0.          0.13347101  0.         -0.09802607
 -0.0450386 ] | Reward=-0.018 | Cum=-1.509 | Info={'shot_attempted': False, 'pass_attempted': False, 'goal_scored': False, 'goal_team': None, 'ball_out_by': None, 'has_ball': True, 'start_shot_bonus': False, 'start_pass_bonus': False, 'possession_lost': False}

[Step 147] Action=[-0.18110175 -0.06970326  0.          0.13345169  0.         -0.09804999
 -0.04506159] | Reward=-0.018 | Cum=-1.527 | Info={'shot_attempted': False, 'pass_attempted': False, 'goal_scored': False, 'goal_team': None, 'ball_out_by': None, 'has_ball': True, 'start_shot_bonus': False, 'start_pass_bonus': False, 'possession_lost': False}

[Step 148] Action=[-0.18109845 -0.06971252  0.          0.13343234  0.         -0.09807391
 -0.04508457] | Reward=-0.018 | Cum=-1.545 | Info={'shot_attempted': False, 'pass_attempted': False, 'goal_scored': False, 'goal_team': None, 'ball_out_by': None, 'has_ball': True, 'start_shot_bonus': False, 'start_pass_bonus': False, 'possession_lost': False}

[Step 149] Action=[-0.18109515 -0.06972177  0.          0.13341302  0.         -0.09809784
 -0.04510757] | Reward=-0.018 | Cum=-1.563 | Info={'shot_attempted': False, 'pass_attempted': False, 'goal_scored': False, 'goal_team': None, 'ball_out_by': None, 'has_ball': True, 'start_shot_bonus': False, 'start_pass_bonus': False, 'possession_lost': False}

[Step 150] Action=[-0.18109185 -0.06973104  0.          0.13339369  0.         -0.09812176
 -0.04513058] | Reward=-0.018 | Cum=-1.581 | Info={'shot_attempted': False, 'pass_attempted': False, 'goal_scored': False, 'goal_team': None, 'ball_out_by': None, 'has_ball': True, 'start_shot_bonus': False, 'start_pass_bonus': False, 'possession_lost': False}

[Step 151] Action=[-0.18108855 -0.0697403   0.          0.13337435  0.         -0.09814568
 -0.04515355] | Reward=-0.018 | Cum=-1.599 | Info={'shot_attempted': False, 'pass_attempted': False, 'goal_scored': False, 'goal_team': None, 'ball_out_by': None, 'has_ball': True, 'start_shot_bonus': False, 'start_pass_bonus': False, 'possession_lost': False}

[Step 152] Action=[-0.18108523 -0.06974957  0.          0.133355    0.         -0.09816962
 -0.04517653] | Reward=-0.018 | Cum=-1.618 | Info={'shot_attempted': False, 'pass_attempted': False, 'goal_scored': False, 'goal_team': None, 'ball_out_by': None, 'has_ball': True, 'start_shot_bonus': False, 'start_pass_bonus': False, 'possession_lost': False}

[Step 153] Action=[-0.18108195 -0.06975884  0.          0.13333565  0.         -0.09819355
 -0.04519952] | Reward=-0.018 | Cum=-1.636 | Info={'shot_attempted': False, 'pass_attempted': False, 'goal_scored': False, 'goal_team': None, 'ball_out_by': None, 'has_ball': True, 'start_shot_bonus': False, 'start_pass_bonus': False, 'possession_lost': False}

[Step 154] Action=[-0.18107863 -0.06976812  0.          0.13331632  0.         -0.09821747
 -0.0452225 ] | Reward=-0.018 | Cum=-1.654 | Info={'shot_attempted': False, 'pass_attempted': False, 'goal_scored': False, 'goal_team': None, 'ball_out_by': None, 'has_ball': True, 'start_shot_bonus': False, 'start_pass_bonus': False, 'possession_lost': False}

[Step 155] Action=[-0.18107532 -0.06977738  0.          0.13329698  0.         -0.0982414
 -0.04524548] | Reward=-0.018 | Cum=-1.673 | Info={'shot_attempted': False, 'pass_attempted': False, 'goal_scored': False, 'goal_team': None, 'ball_out_by': None, 'has_ball': True, 'start_shot_bonus': False, 'start_pass_bonus': False, 'possession_lost': False}

[Step 156] Action=[-0.18107203 -0.06978665  0.          0.13327762  0.         -0.09826534
 -0.04526846] | Reward=-0.018 | Cum=-1.691 | Info={'shot_attempted': False, 'pass_attempted': False, 'goal_scored': False, 'goal_team': None, 'ball_out_by': None, 'has_ball': True, 'start_shot_bonus': False, 'start_pass_bonus': False, 'possession_lost': False}

[Step 157] Action=[-0.18106875 -0.06979594  0.          0.13325828  0.         -0.09828927
 -0.04529143] | Reward=-0.019 | Cum=-1.710 | Info={'shot_attempted': False, 'pass_attempted': False, 'goal_scored': False, 'goal_team': None, 'ball_out_by': None, 'has_ball': True, 'start_shot_bonus': False, 'start_pass_bonus': False, 'possession_lost': False}

[Step 158] Action=[-0.18106543 -0.06980521  0.          0.13323893  0.         -0.0983132
 -0.04531442] | Reward=-0.019 | Cum=-1.729 | Info={'shot_attempted': False, 'pass_attempted': False, 'goal_scored': False, 'goal_team': None, 'ball_out_by': None, 'has_ball': True, 'start_shot_bonus': False, 'start_pass_bonus': False, 'possession_lost': False}

[Step 159] Action=[-0.18106213 -0.06981448  0.          0.13321958  0.         -0.09833714
 -0.0453374 ] | Reward=-0.019 | Cum=-1.748 | Info={'shot_attempted': False, 'pass_attempted': False, 'goal_scored': False, 'goal_team': None, 'ball_out_by': None, 'has_ball': True, 'start_shot_bonus': False, 'start_pass_bonus': False, 'possession_lost': False}

[Step 160] Action=[-0.18105882 -0.06982376  0.          0.13320023  0.         -0.09836108
 -0.04536039] | Reward=-0.019 | Cum=-1.766 | Info={'shot_attempted': False, 'pass_attempted': False, 'goal_scored': False, 'goal_team': None, 'ball_out_by': None, 'has_ball': True, 'start_shot_bonus': False, 'start_pass_bonus': False, 'possession_lost': False}

[Step 161] Action=[-0.18105553 -0.06983304  0.          0.13318089  0.         -0.09838501
 -0.04538336] | Reward=-0.019 | Cum=-1.785 | Info={'shot_attempted': False, 'pass_attempted': False, 'goal_scored': False, 'goal_team': None, 'ball_out_by': None, 'has_ball': True, 'start_shot_bonus': False, 'start_pass_bonus': False, 'possession_lost': False}

[Step 162] Action=[-0.18105222 -0.06984233  0.          0.13316153  0.         -0.09840896
 -0.04540632] | Reward=-0.019 | Cum=-1.804 | Info={'shot_attempted': False, 'pass_attempted': False, 'goal_scored': False, 'goal_team': None, 'ball_out_by': None, 'has_ball': True, 'start_shot_bonus': False, 'start_pass_bonus': False, 'possession_lost': False}

[Step 163] Action=[-0.18104893 -0.06985161  0.          0.13314217  0.         -0.0984329
 -0.0454293 ] | Reward=-0.019 | Cum=-1.824 | Info={'shot_attempted': False, 'pass_attempted': False, 'goal_scored': False, 'goal_team': None, 'ball_out_by': None, 'has_ball': True, 'start_shot_bonus': False, 'start_pass_bonus': False, 'possession_lost': False}

[Step 164] Action=[-0.18104562 -0.06986091  0.          0.13312282  0.         -0.09845684
 -0.04545228] | Reward=-0.019 | Cum=-1.843 | Info={'shot_attempted': False, 'pass_attempted': False, 'goal_scored': False, 'goal_team': None, 'ball_out_by': None, 'has_ball': True, 'start_shot_bonus': False, 'start_pass_bonus': False, 'possession_lost': False}

[Step 165] Action=[-0.18104233 -0.06987019  0.          0.13310346  0.         -0.09848078
 -0.04547523] | Reward=-0.019 | Cum=-1.862 | Info={'shot_attempted': False, 'pass_attempted': False, 'goal_scored': False, 'goal_team': None, 'ball_out_by': None, 'has_ball': True, 'start_shot_bonus': False, 'start_pass_bonus': False, 'possession_lost': False}

[Step 166] Action=[-0.181039   -0.06987949  0.          0.1330841   0.         -0.09850472
 -0.0454982 ] | Reward=-0.019 | Cum=-1.881 | Info={'shot_attempted': False, 'pass_attempted': False, 'goal_scored': False, 'goal_team': None, 'ball_out_by': None, 'has_ball': True, 'start_shot_bonus': False, 'start_pass_bonus': False, 'possession_lost': False}

[Step 167] Action=[-0.18103555 -0.06988857  0.          0.13306478  0.         -0.09852887
 -0.04552102] | Reward=-0.020 | Cum=-1.900 | Info={'shot_attempted': False, 'pass_attempted': False, 'goal_scored': False, 'goal_team': None, 'ball_out_by': None, 'has_ball': True, 'start_shot_bonus': False, 'start_pass_bonus': False, 'possession_lost': False}

[Step 168] Action=[-0.1810305  -0.06989591  0.          0.13304576  0.         -0.09855475
 -0.04554253] | Reward=-0.020 | Cum=-1.920 | Info={'shot_attempted': False, 'pass_attempted': False, 'goal_scored': False, 'goal_team': None, 'ball_out_by': None, 'has_ball': True, 'start_shot_bonus': False, 'start_pass_bonus': False, 'possession_lost': False}

[Step 169] Action=[-0.18102545 -0.06990328  0.          0.13302676  0.         -0.09858061
 -0.04556406] | Reward=-0.020 | Cum=-1.940 | Info={'shot_attempted': False, 'pass_attempted': False, 'goal_scored': False, 'goal_team': None, 'ball_out_by': None, 'has_ball': True, 'start_shot_bonus': False, 'start_pass_bonus': False, 'possession_lost': False}

[Step 170] Action=[-0.18102041 -0.06991061  0.          0.13300776  0.         -0.09860649
 -0.04558557] | Reward=-0.020 | Cum=-1.959 | Info={'shot_attempted': False, 'pass_attempted': False, 'goal_scored': False, 'goal_team': None, 'ball_out_by': None, 'has_ball': True, 'start_shot_bonus': False, 'start_pass_bonus': False, 'possession_lost': False}

[Step 171] Action=[-0.18101534 -0.06991795  0.          0.13298875  0.         -0.09863238
 -0.04560709] | Reward=-0.020 | Cum=-1.979 | Info={'shot_attempted': False, 'pass_attempted': False, 'goal_scored': False, 'goal_team': None, 'ball_out_by': None, 'has_ball': True, 'start_shot_bonus': False, 'start_pass_bonus': False, 'possession_lost': False}

[Step 172] Action=[-0.18101029 -0.06992531  0.          0.13296975  0.         -0.09865825
 -0.0456286 ] | Reward=-0.020 | Cum=-1.999 | Info={'shot_attempted': False, 'pass_attempted': False, 'goal_scored': False, 'goal_team': None, 'ball_out_by': None, 'has_ball': True, 'start_shot_bonus': False, 'start_pass_bonus': False, 'possession_lost': False}

[Step 173] Action=[-0.18100524 -0.06993266  0.          0.13295072  0.         -0.09868412
 -0.04565011] | Reward=-0.020 | Cum=-2.019 | Info={'shot_attempted': False, 'pass_attempted': False, 'goal_scored': False, 'goal_team': None, 'ball_out_by': None, 'has_ball': True, 'start_shot_bonus': False, 'start_pass_bonus': False, 'possession_lost': False}

[Step 174] Action=[-0.1810002  -0.06994     0.          0.13293172  0.         -0.09871001
 -0.04567162] | Reward=-0.020 | Cum=-2.038 | Info={'shot_attempted': False, 'pass_attempted': False, 'goal_scored': False, 'goal_team': None, 'ball_out_by': None, 'has_ball': True, 'start_shot_bonus': False, 'start_pass_bonus': False, 'possession_lost': False}

[Step 175] Action=[-0.18099515 -0.06994737  0.          0.13291271  0.         -0.09873588
 -0.04569313] | Reward=-0.020 | Cum=-2.058 | Info={'shot_attempted': False, 'pass_attempted': False, 'goal_scored': False, 'goal_team': None, 'ball_out_by': None, 'has_ball': True, 'start_shot_bonus': False, 'start_pass_bonus': False, 'possession_lost': False}

[Step 176] Action=[-0.18099009 -0.06995472  0.          0.1328937   0.         -0.09876177
 -0.04571464] | Reward=-0.020 | Cum=-2.078 | Info={'shot_attempted': False, 'pass_attempted': False, 'goal_scored': False, 'goal_team': None, 'ball_out_by': None, 'has_ball': True, 'start_shot_bonus': False, 'start_pass_bonus': False, 'possession_lost': False}

[Step 177] Action=[-0.18098503 -0.06996211  0.          0.13287465  0.         -0.09878772
 -0.04573625] | Reward=-0.020 | Cum=-2.099 | Info={'shot_attempted': False, 'pass_attempted': False, 'goal_scored': False, 'goal_team': None, 'ball_out_by': None, 'has_ball': True, 'start_shot_bonus': False, 'start_pass_bonus': False, 'possession_lost': False}

[Step 178] Action=[-0.18097979 -0.06997006  0.          0.13285531  0.         -0.0988145
 -0.04575915] | Reward=-0.020 | Cum=-2.119 | Info={'shot_attempted': False, 'pass_attempted': False, 'goal_scored': False, 'goal_team': None, 'ball_out_by': None, 'has_ball': True, 'start_shot_bonus': False, 'start_pass_bonus': False, 'possession_lost': False}

[Step 179] Action=[-0.18097578 -0.06997793  0.          0.13283662  0.         -0.09884138
 -0.045782  ] | Reward=-0.020 | Cum=-2.139 | Info={'shot_attempted': False, 'pass_attempted': False, 'goal_scored': False, 'goal_team': None, 'ball_out_by': None, 'has_ball': True, 'start_shot_bonus': False, 'start_pass_bonus': False, 'possession_lost': False}

[Step 180] Action=[-0.18097378 -0.06998563  0.          0.13281903  0.         -0.09886839
 -0.04580477] | Reward=-0.020 | Cum=-2.159 | Info={'shot_attempted': False, 'pass_attempted': False, 'goal_scored': False, 'goal_team': None, 'ball_out_by': None, 'has_ball': True, 'start_shot_bonus': False, 'start_pass_bonus': False, 'possession_lost': False}

[Step 181] Action=[-0.18097076 -0.06999556  0.          0.13280019  0.         -0.09889364
 -0.04582815] | Reward=-0.021 | Cum=-2.180 | Info={'shot_attempted': False, 'pass_attempted': False, 'goal_scored': False, 'goal_team': None, 'ball_out_by': None, 'has_ball': True, 'start_shot_bonus': False, 'start_pass_bonus': False, 'possession_lost': False}

[Step 182] Action=[-0.18096767 -0.0700075   0.          0.13278362  0.         -0.0989185
 -0.04584994] | Reward=-0.021 | Cum=-2.200 | Info={'shot_attempted': False, 'pass_attempted': False, 'goal_scored': False, 'goal_team': None, 'ball_out_by': None, 'has_ball': True, 'start_shot_bonus': False, 'start_pass_bonus': False, 'possession_lost': False}

[Step 183] Action=[-0.18096495 -0.07002127  0.          0.13277061  0.         -0.09894353
 -0.04586926] | Reward=-0.021 | Cum=-2.221 | Info={'shot_attempted': False, 'pass_attempted': False, 'goal_scored': False, 'goal_team': None, 'ball_out_by': None, 'has_ball': True, 'start_shot_bonus': False, 'start_pass_bonus': False, 'possession_lost': False}

[Step 184] Action=[-0.1809622  -0.07003506  0.          0.13275762  0.         -0.09896859
 -0.04588859] | Reward=-0.021 | Cum=-2.241 | Info={'shot_attempted': False, 'pass_attempted': False, 'goal_scored': False, 'goal_team': None, 'ball_out_by': None, 'has_ball': True, 'start_shot_bonus': False, 'start_pass_bonus': False, 'possession_lost': False}

[Step 185] Action=[-0.18095946 -0.07004886  0.          0.13274463  0.         -0.09899362
 -0.04590792] | Reward=-0.021 | Cum=-2.262 | Info={'shot_attempted': False, 'pass_attempted': False, 'goal_scored': False, 'goal_team': None, 'ball_out_by': None, 'has_ball': True, 'start_shot_bonus': False, 'start_pass_bonus': False, 'possession_lost': False}

[Step 186] Action=[-0.18095672 -0.07006265  0.          0.13273162  0.         -0.09901869
 -0.04592725] | Reward=-0.021 | Cum=-2.283 | Info={'shot_attempted': False, 'pass_attempted': False, 'goal_scored': False, 'goal_team': None, 'ball_out_by': None, 'has_ball': True, 'start_shot_bonus': False, 'start_pass_bonus': False, 'possession_lost': False}

[Step 187] Action=[-0.180954   -0.07007646  0.          0.13271862  0.         -0.09904373
 -0.04594658] | Reward=-0.021 | Cum=-2.304 | Info={'shot_attempted': False, 'pass_attempted': False, 'goal_scored': False, 'goal_team': None, 'ball_out_by': None, 'has_ball': True, 'start_shot_bonus': False, 'start_pass_bonus': False, 'possession_lost': False}

[Step 188] Action=[-0.18095125 -0.07009025  0.          0.13270561  0.         -0.09906878
 -0.04596591] | Reward=-0.021 | Cum=-2.324 | Info={'shot_attempted': False, 'pass_attempted': False, 'goal_scored': False, 'goal_team': None, 'ball_out_by': None, 'has_ball': True, 'start_shot_bonus': False, 'start_pass_bonus': False, 'possession_lost': False}

[Step 189] Action=[-0.18094851 -0.07010404  0.          0.13269259  0.         -0.09909383
 -0.04598521] | Reward=-0.021 | Cum=-2.345 | Info={'shot_attempted': False, 'pass_attempted': False, 'goal_scored': False, 'goal_team': None, 'ball_out_by': None, 'has_ball': True, 'start_shot_bonus': False, 'start_pass_bonus': False, 'possession_lost': False}

[Step 190] Action=[-0.18094577 -0.07011785  0.          0.1326796   0.         -0.09911889
 -0.04600454] | Reward=-0.021 | Cum=-2.366 | Info={'shot_attempted': False, 'pass_attempted': False, 'goal_scored': False, 'goal_team': None, 'ball_out_by': None, 'has_ball': True, 'start_shot_bonus': False, 'start_pass_bonus': False, 'possession_lost': False}

[Step 191] Action=[-0.18094301 -0.07013167  0.          0.13266659  0.         -0.09914394
 -0.04602386] | Reward=-0.021 | Cum=-2.388 | Info={'shot_attempted': False, 'pass_attempted': False, 'goal_scored': False, 'goal_team': None, 'ball_out_by': None, 'has_ball': True, 'start_shot_bonus': False, 'start_pass_bonus': False, 'possession_lost': False}

[Step 192] Action=[-0.18094029 -0.07014547  0.          0.13265356  0.         -0.09916899
 -0.04604318] | Reward=-0.021 | Cum=-2.409 | Info={'shot_attempted': False, 'pass_attempted': False, 'goal_scored': False, 'goal_team': None, 'ball_out_by': None, 'has_ball': True, 'start_shot_bonus': False, 'start_pass_bonus': False, 'possession_lost': False}

[Step 193] Action=[-0.18093753 -0.07015929  0.          0.13264054  0.         -0.09919406
 -0.0460625 ] | Reward=-0.021 | Cum=-2.430 | Info={'shot_attempted': False, 'pass_attempted': False, 'goal_scored': False, 'goal_team': None, 'ball_out_by': None, 'has_ball': True, 'start_shot_bonus': False, 'start_pass_bonus': False, 'possession_lost': False}

[Step 194] Action=[-0.18093479 -0.0701731   0.          0.13262755  0.         -0.09921911
 -0.04608181] | Reward=-0.021 | Cum=-2.451 | Info={'shot_attempted': False, 'pass_attempted': False, 'goal_scored': False, 'goal_team': None, 'ball_out_by': None, 'has_ball': True, 'start_shot_bonus': False, 'start_pass_bonus': False, 'possession_lost': False}

[Step 195] Action=[-0.18093204 -0.07018692  0.          0.13261451  0.         -0.09924417
 -0.04610112] | Reward=-0.021 | Cum=-2.473 | Info={'shot_attempted': False, 'pass_attempted': False, 'goal_scored': False, 'goal_team': None, 'ball_out_by': None, 'has_ball': True, 'start_shot_bonus': False, 'start_pass_bonus': False, 'possession_lost': False}

[Step 196] Action=[-0.18092932 -0.07020076  0.          0.13260148  0.         -0.09926924
 -0.04612043] | Reward=-0.021 | Cum=-2.494 | Info={'shot_attempted': False, 'pass_attempted': False, 'goal_scored': False, 'goal_team': None, 'ball_out_by': None, 'has_ball': True, 'start_shot_bonus': False, 'start_pass_bonus': False, 'possession_lost': False}

[Step 197] Action=[-0.18092656 -0.07021458  0.          0.13258845  0.         -0.0992943
 -0.04613974] | Reward=-0.021 | Cum=-2.516 | Info={'shot_attempted': False, 'pass_attempted': False, 'goal_scored': False, 'goal_team': None, 'ball_out_by': None, 'has_ball': True, 'start_shot_bonus': False, 'start_pass_bonus': False, 'possession_lost': False}

[Step 198] Action=[-0.18092382 -0.07022841  0.          0.13257542  0.         -0.09931938
 -0.04615904] | Reward=-0.021 | Cum=-2.537 | Info={'shot_attempted': False, 'pass_attempted': False, 'goal_scored': False, 'goal_team': None, 'ball_out_by': None, 'has_ball': True, 'start_shot_bonus': False, 'start_pass_bonus': False, 'possession_lost': False}

[Step 199] Action=[-0.18092108 -0.07024223  0.          0.1325624   0.         -0.09934444
 -0.04617835] | Reward=-0.021 | Cum=-2.559 | Info={'shot_attempted': False, 'pass_attempted': False, 'goal_scored': False, 'goal_team': None, 'ball_out_by': None, 'has_ball': True, 'start_shot_bonus': False, 'start_pass_bonus': False, 'possession_lost': False}

[Step 200] Action=[-0.18091834 -0.07025607  0.          0.13254936  0.         -0.09936951
 -0.04619766] | Reward=-0.022 | Cum=-2.580 | Info={'shot_attempted': False, 'pass_attempted': False, 'goal_scored': False, 'goal_team': None, 'ball_out_by': None, 'has_ball': True, 'start_shot_bonus': False, 'start_pass_bonus': False, 'possession_lost': False}

[Step 201] Action=[-0.18091558 -0.07026991  0.          0.13253634  0.         -0.09939457
 -0.04621697] | Reward=-0.022 | Cum=-2.602 | Info={'shot_attempted': False, 'pass_attempted': False, 'goal_scored': False, 'goal_team': None, 'ball_out_by': None, 'has_ball': True, 'start_shot_bonus': False, 'start_pass_bonus': False, 'possession_lost': False}

[Step 202] Action=[-0.18091282 -0.07028376  0.          0.1325233   0.         -0.09941965
 -0.04623625] | Reward=-0.022 | Cum=-2.624 | Info={'shot_attempted': False, 'pass_attempted': False, 'goal_scored': False, 'goal_team': None, 'ball_out_by': None, 'has_ball': True, 'start_shot_bonus': False, 'start_pass_bonus': False, 'possession_lost': False}

[Step 203] Action=[-0.18091008 -0.0702976   0.          0.13251024  0.         -0.09944472
 -0.04625556] | Reward=-0.022 | Cum=-2.646 | Info={'shot_attempted': False, 'pass_attempted': False, 'goal_scored': False, 'goal_team': None, 'ball_out_by': None, 'has_ball': True, 'start_shot_bonus': False, 'start_pass_bonus': False, 'possession_lost': False}

[Step 204] Action=[-0.18090732 -0.07031144  0.          0.13249722  0.         -0.0994698
 -0.04627486] | Reward=-0.022 | Cum=-2.668 | Info={'shot_attempted': False, 'pass_attempted': False, 'goal_scored': False, 'goal_team': None, 'ball_out_by': None, 'has_ball': True, 'start_shot_bonus': False, 'start_pass_bonus': False, 'possession_lost': False}

[Step 205] Action=[-0.18090458 -0.07032529  0.          0.13248417  0.         -0.09949488
 -0.04629414] | Reward=-0.022 | Cum=-2.690 | Info={'shot_attempted': False, 'pass_attempted': False, 'goal_scored': False, 'goal_team': None, 'ball_out_by': None, 'has_ball': True, 'start_shot_bonus': False, 'start_pass_bonus': False, 'possession_lost': False}

[Step 206] Action=[-0.18090184 -0.07033914  0.          0.13247111  0.         -0.09951995
 -0.04631344] | Reward=-0.022 | Cum=-2.712 | Info={'shot_attempted': False, 'pass_attempted': False, 'goal_scored': False, 'goal_team': None, 'ball_out_by': None, 'has_ball': True, 'start_shot_bonus': False, 'start_pass_bonus': False, 'possession_lost': False}

[Step 207] Action=[-0.18089907 -0.07035301  0.          0.13245808  0.         -0.09954502
 -0.04633274] | Reward=-0.022 | Cum=-2.734 | Info={'shot_attempted': False, 'pass_attempted': False, 'goal_scored': False, 'goal_team': None, 'ball_out_by': None, 'has_ball': True, 'start_shot_bonus': False, 'start_pass_bonus': False, 'possession_lost': False}

[Step 208] Action=[-0.18089633 -0.07036687  0.          0.13244502  0.         -0.09957012
 -0.04635201] | Reward=-0.022 | Cum=-2.756 | Info={'shot_attempted': False, 'pass_attempted': False, 'goal_scored': False, 'goal_team': None, 'ball_out_by': None, 'has_ball': True, 'start_shot_bonus': False, 'start_pass_bonus': False, 'possession_lost': False}

[Step 209] Action=[-0.18089357 -0.07038073  0.          0.13243197  0.         -0.09959518
 -0.0463713 ] | Reward=-0.022 | Cum=-2.778 | Info={'shot_attempted': False, 'pass_attempted': False, 'goal_scored': False, 'goal_team': None, 'ball_out_by': None, 'has_ball': True, 'start_shot_bonus': False, 'start_pass_bonus': False, 'possession_lost': False}

[Step 210] Action=[-0.18089083 -0.0703946   0.          0.13241892  0.         -0.09962028
 -0.04639059] | Reward=-0.022 | Cum=-2.801 | Info={'shot_attempted': False, 'pass_attempted': False, 'goal_scored': False, 'goal_team': None, 'ball_out_by': None, 'has_ball': True, 'start_shot_bonus': False, 'start_pass_bonus': False, 'possession_lost': False}

[Step 211] Action=[-0.18088806 -0.07040846  0.          0.13240586  0.         -0.09964535
 -0.04640988] | Reward=-0.022 | Cum=-2.823 | Info={'shot_attempted': False, 'pass_attempted': False, 'goal_scored': False, 'goal_team': None, 'ball_out_by': None, 'has_ball': True, 'start_shot_bonus': False, 'start_pass_bonus': False, 'possession_lost': False}

[Step 212] Action=[-0.18088531 -0.07042232  0.          0.13239281  0.         -0.09967045
 -0.04642916] | Reward=-0.022 | Cum=-2.846 | Info={'shot_attempted': False, 'pass_attempted': False, 'goal_scored': False, 'goal_team': None, 'ball_out_by': None, 'has_ball': True, 'start_shot_bonus': False, 'start_pass_bonus': False, 'possession_lost': False}

[Step 213] Action=[-0.18088256 -0.07043622  0.          0.13237974  0.         -0.09969554
 -0.04644844] | Reward=-0.022 | Cum=-2.868 | Info={'shot_attempted': False, 'pass_attempted': False, 'goal_scored': False, 'goal_team': None, 'ball_out_by': None, 'has_ball': True, 'start_shot_bonus': False, 'start_pass_bonus': False, 'possession_lost': False}

[Step 214] Action=[-0.18087982 -0.07045007  0.          0.13236666  0.         -0.09972062
 -0.04646771] | Reward=-0.023 | Cum=-2.891 | Info={'shot_attempted': False, 'pass_attempted': False, 'goal_scored': False, 'goal_team': None, 'ball_out_by': None, 'has_ball': True, 'start_shot_bonus': False, 'start_pass_bonus': False, 'possession_lost': False}

[Step 215] Action=[-0.18087706 -0.07046397  0.          0.1323536   0.         -0.09974571
 -0.04648701] | Reward=-0.023 | Cum=-2.913 | Info={'shot_attempted': False, 'pass_attempted': False, 'goal_scored': False, 'goal_team': None, 'ball_out_by': None, 'has_ball': True, 'start_shot_bonus': False, 'start_pass_bonus': False, 'possession_lost': False}

[Step 216] Action=[-0.1808743  -0.07047784  0.          0.13234055  0.         -0.09977081
 -0.04650626] | Reward=-0.023 | Cum=-2.936 | Info={'shot_attempted': False, 'pass_attempted': False, 'goal_scored': False, 'goal_team': None, 'ball_out_by': None, 'has_ball': True, 'start_shot_bonus': False, 'start_pass_bonus': False, 'possession_lost': False}

[Step 217] Action=[-0.18087155 -0.07049174  0.          0.13232747  0.         -0.09979589
 -0.04652554] | Reward=-0.023 | Cum=-2.959 | Info={'shot_attempted': False, 'pass_attempted': False, 'goal_scored': False, 'goal_team': None, 'ball_out_by': None, 'has_ball': True, 'start_shot_bonus': False, 'start_pass_bonus': False, 'possession_lost': False}

[Step 218] Action=[-0.18086877 -0.07050563  0.          0.1323144   0.         -0.09982099
 -0.04654482] | Reward=-0.023 | Cum=-2.981 | Info={'shot_attempted': False, 'pass_attempted': False, 'goal_scored': False, 'goal_team': None, 'ball_out_by': None, 'has_ball': True, 'start_shot_bonus': False, 'start_pass_bonus': False, 'possession_lost': False}

[Step 219] Action=[-0.18086602 -0.07051952  0.          0.13230132  0.         -0.09984609
 -0.04656409] | Reward=-0.023 | Cum=-3.004 | Info={'shot_attempted': False, 'pass_attempted': False, 'goal_scored': False, 'goal_team': None, 'ball_out_by': None, 'has_ball': True, 'start_shot_bonus': False, 'start_pass_bonus': False, 'possession_lost': False}

[Step 220] Action=[-0.18086328 -0.07053342  0.          0.13228825  0.         -0.09987119
 -0.04658337] | Reward=-0.023 | Cum=-3.027 | Info={'shot_attempted': False, 'pass_attempted': False, 'goal_scored': False, 'goal_team': None, 'ball_out_by': None, 'has_ball': True, 'start_shot_bonus': False, 'start_pass_bonus': False, 'possession_lost': False}

[Step 221] Action=[-0.1808605  -0.07054731  0.          0.13227516  0.         -0.09989629
 -0.04660262] | Reward=-0.023 | Cum=-3.050 | Info={'shot_attempted': False, 'pass_attempted': False, 'goal_scored': False, 'goal_team': None, 'ball_out_by': None, 'has_ball': True, 'start_shot_bonus': False, 'start_pass_bonus': False, 'possession_lost': False}

[Step 222] Action=[-0.18085775 -0.07056122  0.          0.13226207  0.         -0.09992138
 -0.04662188] | Reward=-0.023 | Cum=-3.073 | Info={'shot_attempted': False, 'pass_attempted': False, 'goal_scored': False, 'goal_team': None, 'ball_out_by': None, 'has_ball': True, 'start_shot_bonus': False, 'start_pass_bonus': False, 'possession_lost': False}

[Step 223] Action=[-0.18085499 -0.07057512  0.          0.132249    0.         -0.09994649
 -0.04664114] | Reward=-0.023 | Cum=-3.096 | Info={'shot_attempted': False, 'pass_attempted': False, 'goal_scored': False, 'goal_team': None, 'ball_out_by': None, 'has_ball': True, 'start_shot_bonus': False, 'start_pass_bonus': False, 'possession_lost': False}

[Step 224] Action=[-0.18085223 -0.07058904  0.          0.13223591  0.         -0.0999716
 -0.04666042] | Reward=-0.023 | Cum=-3.119 | Info={'shot_attempted': False, 'pass_attempted': False, 'goal_scored': False, 'goal_team': None, 'ball_out_by': None, 'has_ball': True, 'start_shot_bonus': False, 'start_pass_bonus': False, 'possession_lost': False}

[Step 225] Action=[-0.18084946 -0.07060294  0.          0.13222282  0.         -0.0999967
 -0.04667968] | Reward=-0.023 | Cum=-3.142 | Info={'shot_attempted': False, 'pass_attempted': False, 'goal_scored': False, 'goal_team': None, 'ball_out_by': None, 'has_ball': True, 'start_shot_bonus': False, 'start_pass_bonus': False, 'possession_lost': False}

[Step 226] Action=[-0.18084669 -0.07061686  0.          0.13220972  0.         -0.10002182
 -0.04669893] | Reward=-0.023 | Cum=-3.166 | Info={'shot_attempted': False, 'pass_attempted': False, 'goal_scored': False, 'goal_team': None, 'ball_out_by': None, 'has_ball': True, 'start_shot_bonus': False, 'start_pass_bonus': False, 'possession_lost': False}

[Step 227] Action=[-0.18084393 -0.07063077  0.          0.13219664  0.         -0.10004691
 -0.04671817] | Reward=-0.023 | Cum=-3.189 | Info={'shot_attempted': False, 'pass_attempted': False, 'goal_scored': False, 'goal_team': None, 'ball_out_by': None, 'has_ball': True, 'start_shot_bonus': False, 'start_pass_bonus': False, 'possession_lost': False}

[Step 228] Action=[-0.1808412  -0.0706447   0.          0.13218354  0.         -0.10007202
 -0.04673744] | Reward=-0.023 | Cum=-3.212 | Info={'shot_attempted': False, 'pass_attempted': False, 'goal_scored': False, 'goal_team': None, 'ball_out_by': None, 'has_ball': True, 'start_shot_bonus': False, 'start_pass_bonus': False, 'possession_lost': False}

[Step 229] Action=[-0.18083842 -0.07065861  0.          0.13217045  0.         -0.10009714
 -0.04675668] | Reward=-0.023 | Cum=-3.236 | Info={'shot_attempted': False, 'pass_attempted': False, 'goal_scored': False, 'goal_team': None, 'ball_out_by': None, 'has_ball': True, 'start_shot_bonus': False, 'start_pass_bonus': False, 'possession_lost': False}

[Step 230] Action=[-0.18083565 -0.07067254  0.          0.13215733  0.         -0.10012226
 -0.04677593] | Reward=-0.023 | Cum=-3.259 | Info={'shot_attempted': False, 'pass_attempted': False, 'goal_scored': False, 'goal_team': None, 'ball_out_by': None, 'has_ball': True, 'start_shot_bonus': False, 'start_pass_bonus': False, 'possession_lost': False}

[Step 231] Action=[-0.18083288 -0.07068647  0.          0.13214424  0.         -0.10014736
 -0.04679519] | Reward=-0.023 | Cum=-3.283 | Info={'shot_attempted': False, 'pass_attempted': False, 'goal_scored': False, 'goal_team': None, 'ball_out_by': None, 'has_ball': True, 'start_shot_bonus': False, 'start_pass_bonus': False, 'possession_lost': False}

[Step 232] Action=[-0.18083014 -0.0707004   0.          0.13213114  0.         -0.10017247
 -0.04681443] | Reward=-0.023 | Cum=-3.306 | Info={'shot_attempted': False, 'pass_attempted': False, 'goal_scored': False, 'goal_team': None, 'ball_out_by': None, 'has_ball': True, 'start_shot_bonus': False, 'start_pass_bonus': False, 'possession_lost': False}

[Step 233] Action=[-0.18082738 -0.07071433  0.          0.13211803  0.         -0.1001976
 -0.04683367] | Reward=-0.024 | Cum=-3.330 | Info={'shot_attempted': False, 'pass_attempted': False, 'goal_scored': False, 'goal_team': None, 'ball_out_by': None, 'has_ball': True, 'start_shot_bonus': False, 'start_pass_bonus': False, 'possession_lost': False}

[Step 234] Action=[-0.18082458 -0.07072828  0.          0.13210492  0.         -0.10022271
 -0.04685293] | Reward=-0.024 | Cum=-3.354 | Info={'shot_attempted': False, 'pass_attempted': False, 'goal_scored': False, 'goal_team': None, 'ball_out_by': None, 'has_ball': True, 'start_shot_bonus': False, 'start_pass_bonus': False, 'possession_lost': False}

[Step 235] Action=[-0.18082182 -0.0707422   0.          0.1320918   0.         -0.10024784
 -0.04687216] | Reward=-0.024 | Cum=-3.378 | Info={'shot_attempted': False, 'pass_attempted': False, 'goal_scored': False, 'goal_team': None, 'ball_out_by': None, 'has_ball': True, 'start_shot_bonus': False, 'start_pass_bonus': False, 'possession_lost': False}

[Step 236] Action=[-0.18081905 -0.07075617  0.          0.13207869  0.         -0.10027296
 -0.0468914 ] | Reward=-0.024 | Cum=-3.401 | Info={'shot_attempted': False, 'pass_attempted': False, 'goal_scored': False, 'goal_team': None, 'ball_out_by': None, 'has_ball': True, 'start_shot_bonus': False, 'start_pass_bonus': False, 'possession_lost': False}

[Step 237] Action=[-0.1808163  -0.07077011  0.          0.1320656   0.         -0.10029808
 -0.04691065] | Reward=-0.024 | Cum=-3.425 | Info={'shot_attempted': False, 'pass_attempted': False, 'goal_scored': False, 'goal_team': None, 'ball_out_by': None, 'has_ball': True, 'start_shot_bonus': False, 'start_pass_bonus': False, 'possession_lost': False}

[Step 238] Action=[-0.180814   -0.0707849   0.          0.13205634  0.         -0.10032056
 -0.04693238] | Reward=-0.024 | Cum=-3.449 | Info={'shot_attempted': False, 'pass_attempted': False, 'goal_scored': False, 'goal_team': None, 'ball_out_by': None, 'has_ball': True, 'start_shot_bonus': False, 'start_pass_bonus': False, 'possession_lost': False}

[Step 239] Action=[-0.1808121  -0.07080026  0.          0.13204983  0.         -0.10034119
 -0.04695587] | Reward=-0.024 | Cum=-3.473 | Info={'shot_attempted': False, 'pass_attempted': False, 'goal_scored': False, 'goal_team': None, 'ball_out_by': None, 'has_ball': True, 'start_shot_bonus': False, 'start_pass_bonus': False, 'possession_lost': False}

[Step 240] Action=[-0.18081017 -0.07081562  0.          0.1320433   0.         -0.10036183
 -0.04697934] | Reward=-0.024 | Cum=-3.497 | Info={'shot_attempted': False, 'pass_attempted': False, 'goal_scored': False, 'goal_team': None, 'ball_out_by': None, 'has_ball': True, 'start_shot_bonus': False, 'start_pass_bonus': False, 'possession_lost': False}

