Debug log for att_3 (Episode 1)
================================================================================
[Step 1] Action=[ 0.09708623 -0.05485332  0.          0.          0.          0.10573236
  0.03997514] | Reward=-0.003 | Cum=-0.003 | Info={'shot_attempted': False, 'pass_attempted': False, 'goal_scored': False, 'goal_team': None, 'ball_out_by': None, 'has_ball': False, 'start_shot_bonus': False, 'start_pass_bonus': False, 'possession_lost': False}

[Step 2] Action=[ 0.09710243 -0.05482959  0.          0.          0.          0.10579979
  0.04003199] | Reward=-0.003 | Cum=-0.006 | Info={'shot_attempted': False, 'pass_attempted': False, 'goal_scored': False, 'goal_team': None, 'ball_out_by': None, 'has_ball': False, 'start_shot_bonus': False, 'start_pass_bonus': False, 'possession_lost': False}

[Step 3] Action=[ 0.09711199 -0.05482957  0.          0.          0.          0.10580806
  0.0400439 ] | Reward=-0.003 | Cum=-0.008 | Info={'shot_attempted': False, 'pass_attempted': False, 'goal_scored': False, 'goal_team': None, 'ball_out_by': None, 'has_ball': False, 'start_shot_bonus': False, 'start_pass_bonus': False, 'possession_lost': False}

[Step 4] Action=[ 0.09711978 -0.05483     0.          0.          0.          0.10582304
  0.04005606] | Reward=-0.003 | Cum=-0.011 | Info={'shot_attempted': False, 'pass_attempted': False, 'goal_scored': False, 'goal_team': None, 'ball_out_by': None, 'has_ball': False, 'start_shot_bonus': False, 'start_pass_bonus': False, 'possession_lost': False}

[Step 5] Action=[ 0.09712757 -0.05483045  0.          0.          0.          0.10583801
  0.04006821] | Reward=-0.003 | Cum=-0.014 | Info={'shot_attempted': False, 'pass_attempted': False, 'goal_scored': False, 'goal_team': None, 'ball_out_by': None, 'has_ball': False, 'start_shot_bonus': False, 'start_pass_bonus': False, 'possession_lost': False}

[Step 6] Action=[ 0.09713533 -0.05483058  0.          0.          0.          0.10585248
  0.04007963] | Reward=-0.002 | Cum=-0.016 | Info={'shot_attempted': False, 'pass_attempted': False, 'goal_scored': False, 'goal_team': None, 'ball_out_by': None, 'has_ball': False, 'start_shot_bonus': False, 'start_pass_bonus': False, 'possession_lost': False}

[Step 7] Action=[ 0.09714291 -0.05482941  0.          0.          0.          0.10586474
  0.04008797] | Reward=-0.002 | Cum=-0.018 | Info={'shot_attempted': False, 'pass_attempted': False, 'goal_scored': False, 'goal_team': None, 'ball_out_by': None, 'has_ball': False, 'start_shot_bonus': False, 'start_pass_bonus': False, 'possession_lost': False}

[Step 8] Action=[ 0.09715042 -0.05482732  0.          0.          0.          0.10587722
  0.04009443] | Reward=-0.002 | Cum=-0.020 | Info={'shot_attempted': False, 'pass_attempted': False, 'goal_scored': False, 'goal_team': None, 'ball_out_by': None, 'has_ball': False, 'start_shot_bonus': False, 'start_pass_bonus': False, 'possession_lost': False}

[Step 9] Action=[ 0.09715786 -0.05482461  0.          0.          0.          0.10588983
  0.04009966] | Reward=-0.002 | Cum=-0.023 | Info={'shot_attempted': False, 'pass_attempted': False, 'goal_scored': False, 'goal_team': None, 'ball_out_by': None, 'has_ball': False, 'start_shot_bonus': False, 'start_pass_bonus': False, 'possession_lost': False}

[Step 10] Action=[ 0.09716528 -0.05482189  0.          0.          0.          0.10590246
  0.0401049 ] | Reward=-0.002 | Cum=-0.025 | Info={'shot_attempted': False, 'pass_attempted': False, 'goal_scored': False, 'goal_team': None, 'ball_out_by': None, 'has_ball': False, 'start_shot_bonus': False, 'start_pass_bonus': False, 'possession_lost': False}

[Step 11] Action=[ 0.09717271 -0.05481917  0.          0.          0.          0.10591508
  0.04011011] | Reward=-0.002 | Cum=-0.027 | Info={'shot_attempted': False, 'pass_attempted': False, 'goal_scored': False, 'goal_team': None, 'ball_out_by': None, 'has_ball': False, 'start_shot_bonus': False, 'start_pass_bonus': False, 'possession_lost': False}

[Step 12] Action=[ 0.09718016 -0.05481646  0.          0.          0.          0.1059277
  0.04011533] | Reward=-0.002 | Cum=-0.029 | Info={'shot_attempted': False, 'pass_attempted': False, 'goal_scored': False, 'goal_team': None, 'ball_out_by': None, 'has_ball': False, 'start_shot_bonus': False, 'start_pass_bonus': False, 'possession_lost': False}

[Step 13] Action=[ 0.09718759 -0.05481373  0.          0.          0.          0.10594033
  0.04012055] | Reward=-0.002 | Cum=-0.030 | Info={'shot_attempted': False, 'pass_attempted': False, 'goal_scored': False, 'goal_team': None, 'ball_out_by': None, 'has_ball': False, 'start_shot_bonus': False, 'start_pass_bonus': False, 'possession_lost': False}

[Step 14] Action=[ 0.09719502 -0.05481102  0.          0.          0.          0.10595293
  0.04012579] | Reward=-0.002 | Cum=-0.032 | Info={'shot_attempted': False, 'pass_attempted': False, 'goal_scored': False, 'goal_team': None, 'ball_out_by': None, 'has_ball': False, 'start_shot_bonus': False, 'start_pass_bonus': False, 'possession_lost': False}

[Step 15] Action=[ 0.09720247 -0.0548083   0.          0.          0.          0.10596555
  0.04013099] | Reward=-0.002 | Cum=-0.034 | Info={'shot_attempted': False, 'pass_attempted': False, 'goal_scored': False, 'goal_team': None, 'ball_out_by': None, 'has_ball': False, 'start_shot_bonus': False, 'start_pass_bonus': False, 'possession_lost': False}

[Step 16] Action=[ 0.0972099  -0.05480558  0.          0.          0.          0.10597817
  0.0401362 ] | Reward=-0.001 | Cum=-0.035 | Info={'shot_attempted': False, 'pass_attempted': False, 'goal_scored': False, 'goal_team': None, 'ball_out_by': None, 'has_ball': False, 'start_shot_bonus': False, 'start_pass_bonus': False, 'possession_lost': False}

[Step 17] Action=[ 0.09721734 -0.05480286  0.          0.          0.          0.10599077
  0.04014142] | Reward=-0.001 | Cum=-0.036 | Info={'shot_attempted': False, 'pass_attempted': False, 'goal_scored': False, 'goal_team': None, 'ball_out_by': None, 'has_ball': False, 'start_shot_bonus': False, 'start_pass_bonus': False, 'possession_lost': False}

[Step 18] Action=[ 0.09722479 -0.05480013  0.          0.          0.          0.10600338
  0.04014664] | Reward=-0.001 | Cum=-0.038 | Info={'shot_attempted': False, 'pass_attempted': False, 'goal_scored': False, 'goal_team': None, 'ball_out_by': None, 'has_ball': False, 'start_shot_bonus': False, 'start_pass_bonus': False, 'possession_lost': False}

[Step 19] Action=[ 0.09723411 -0.054798    0.          0.          0.          0.10601579
  0.04015219] | Reward=-0.001 | Cum=-0.039 | Info={'shot_attempted': False, 'pass_attempted': False, 'goal_scored': False, 'goal_team': None, 'ball_out_by': None, 'has_ball': False, 'start_shot_bonus': False, 'start_pass_bonus': False, 'possession_lost': False}

[Step 20] Action=[ 0.09724438 -0.05479617  0.          0.          0.          0.10602809
  0.04015794] | Reward=-0.001 | Cum=-0.041 | Info={'shot_attempted': False, 'pass_attempted': False, 'goal_scored': False, 'goal_team': None, 'ball_out_by': None, 'has_ball': False, 'start_shot_bonus': False, 'start_pass_bonus': False, 'possession_lost': False}

[Step 21] Action=[ 0.09725466 -0.05479433  0.          0.          0.          0.10604039
  0.04016367] | Reward=-0.001 | Cum=-0.041 | Info={'shot_attempted': False, 'pass_attempted': False, 'goal_scored': False, 'goal_team': None, 'ball_out_by': None, 'has_ball': False, 'start_shot_bonus': False, 'start_pass_bonus': False, 'possession_lost': False}

[Step 22] Action=[ 0.09726491 -0.0547925   0.          0.          0.          0.10605268
  0.04016941] | Reward=-0.001 | Cum=-0.042 | Info={'shot_attempted': False, 'pass_attempted': False, 'goal_scored': False, 'goal_team': None, 'ball_out_by': None, 'has_ball': False, 'start_shot_bonus': False, 'start_pass_bonus': False, 'possession_lost': False}

[Step 23] Action=[ 0.09727519 -0.05479066  0.          0.          0.          0.10606498
  0.04017513] | Reward=-0.001 | Cum=-0.043 | Info={'shot_attempted': False, 'pass_attempted': False, 'goal_scored': False, 'goal_team': None, 'ball_out_by': None, 'has_ball': False, 'start_shot_bonus': False, 'start_pass_bonus': False, 'possession_lost': False}

[Step 24] Action=[ 0.09728525 -0.05478844  0.          0.          0.          0.10607682
  0.04018147] | Reward=-0.001 | Cum=-0.044 | Info={'shot_attempted': False, 'pass_attempted': False, 'goal_scored': False, 'goal_team': None, 'ball_out_by': None, 'has_ball': False, 'start_shot_bonus': False, 'start_pass_bonus': False, 'possession_lost': False}

[Step 25] Action=[ 0.0972949  -0.05478544  0.          0.          0.          0.1060878
  0.04018898] | Reward=-0.001 | Cum=-0.045 | Info={'shot_attempted': False, 'pass_attempted': False, 'goal_scored': False, 'goal_team': None, 'ball_out_by': None, 'has_ball': False, 'start_shot_bonus': False, 'start_pass_bonus': False, 'possession_lost': False}

[Step 26] Action=[ 0.09730524 -0.05478309  0.          0.          0.          0.10610166
  0.0401994 ] | Reward=-0.000 | Cum=-0.045 | Info={'shot_attempted': False, 'pass_attempted': False, 'goal_scored': False, 'goal_team': None, 'ball_out_by': None, 'has_ball': False, 'start_shot_bonus': False, 'start_pass_bonus': False, 'possession_lost': False}

[Step 27] Action=[ 0.09731556 -0.05478074  0.          0.          0.          0.10611556
  0.04020984] | Reward=-0.001 | Cum=-0.045 | Info={'shot_attempted': False, 'pass_attempted': False, 'goal_scored': False, 'goal_team': None, 'ball_out_by': None, 'has_ball': False, 'start_shot_bonus': False, 'start_pass_bonus': False, 'possession_lost': False}

[Step 28] Action=[ 0.09732138 -0.0547801   0.          0.          0.          0.10612909
  0.04022317] | Reward=-0.001 | Cum=-0.046 | Info={'shot_attempted': False, 'pass_attempted': False, 'goal_scored': False, 'goal_team': None, 'ball_out_by': None, 'has_ball': False, 'start_shot_bonus': False, 'start_pass_bonus': False, 'possession_lost': False}

[Step 29] Action=[ 0.0973267  -0.05477965  0.          0.          0.          0.1061426
  0.0402368 ] | Reward=-0.001 | Cum=-0.047 | Info={'shot_attempted': False, 'pass_attempted': False, 'goal_scored': False, 'goal_team': None, 'ball_out_by': None, 'has_ball': False, 'start_shot_bonus': False, 'start_pass_bonus': False, 'possession_lost': False}

[Step 30] Action=[ 0.09733202 -0.05477919  0.          0.          0.          0.1061561
  0.04025044] | Reward=-0.001 | Cum=-0.047 | Info={'shot_attempted': False, 'pass_attempted': False, 'goal_scored': False, 'goal_team': None, 'ball_out_by': None, 'has_ball': False, 'start_shot_bonus': False, 'start_pass_bonus': False, 'possession_lost': False}

[Step 31] Action=[ 0.09733735 -0.05477874  0.          0.          0.          0.1061696
  0.04026408] | Reward=+0.000 | Cum=-0.047 | Info={'shot_attempted': False, 'pass_attempted': False, 'goal_scored': False, 'goal_team': None, 'ball_out_by': None, 'has_ball': False, 'start_shot_bonus': False, 'start_pass_bonus': False, 'possession_lost': False}

[Step 32] Action=[ 0.09734267 -0.05477829  0.          0.          0.          0.10618308
  0.04027771] | Reward=+0.000 | Cum=-0.047 | Info={'shot_attempted': False, 'pass_attempted': False, 'goal_scored': False, 'goal_team': None, 'ball_out_by': None, 'has_ball': False, 'start_shot_bonus': False, 'start_pass_bonus': False, 'possession_lost': False}

[Step 33] Action=[ 0.09734798 -0.05477783  0.          0.          0.          0.10619658
  0.04029136] | Reward=+0.000 | Cum=-0.047 | Info={'shot_attempted': False, 'pass_attempted': False, 'goal_scored': False, 'goal_team': None, 'ball_out_by': None, 'has_ball': False, 'start_shot_bonus': False, 'start_pass_bonus': False, 'possession_lost': False}

[Step 34] Action=[ 0.09735331 -0.05477737  0.          0.          0.          0.10621008
  0.04030499] | Reward=+0.000 | Cum=-0.047 | Info={'shot_attempted': False, 'pass_attempted': False, 'goal_scored': False, 'goal_team': None, 'ball_out_by': None, 'has_ball': False, 'start_shot_bonus': False, 'start_pass_bonus': False, 'possession_lost': False}

[Step 35] Action=[ 0.09735864 -0.05477692  0.          0.          0.          0.10622357
  0.04031862] | Reward=-0.000 | Cum=-0.047 | Info={'shot_attempted': False, 'pass_attempted': False, 'goal_scored': False, 'goal_team': None, 'ball_out_by': None, 'has_ball': False, 'start_shot_bonus': False, 'start_pass_bonus': False, 'possession_lost': False}

[Step 36] Action=[ 0.09736396 -0.05477646  0.          0.          0.          0.10623707
  0.04033225] | Reward=+0.000 | Cum=-0.047 | Info={'shot_attempted': False, 'pass_attempted': False, 'goal_scored': False, 'goal_team': None, 'ball_out_by': None, 'has_ball': False, 'start_shot_bonus': False, 'start_pass_bonus': False, 'possession_lost': False}

[Step 37] Action=[ 0.09736929 -0.05477601  0.          0.          0.          0.10625055
  0.04034588] | Reward=+0.000 | Cum=-0.046 | Info={'shot_attempted': False, 'pass_attempted': False, 'goal_scored': False, 'goal_team': None, 'ball_out_by': None, 'has_ball': False, 'start_shot_bonus': False, 'start_pass_bonus': False, 'possession_lost': False}

[Step 38] Action=[ 0.09737462 -0.05477555  0.          0.          0.          0.10626405
  0.04035952] | Reward=+0.000 | Cum=-0.046 | Info={'shot_attempted': False, 'pass_attempted': False, 'goal_scored': False, 'goal_team': None, 'ball_out_by': None, 'has_ball': False, 'start_shot_bonus': False, 'start_pass_bonus': False, 'possession_lost': False}

[Step 39] Action=[ 0.09737993 -0.05477509  0.          0.          0.          0.10627755
  0.04037315] | Reward=+0.000 | Cum=-0.046 | Info={'shot_attempted': False, 'pass_attempted': False, 'goal_scored': False, 'goal_team': None, 'ball_out_by': None, 'has_ball': False, 'start_shot_bonus': False, 'start_pass_bonus': False, 'possession_lost': False}

[Step 40] Action=[ 0.09738526 -0.05477464  0.          0.          0.          0.10629103
  0.04038677] | Reward=+0.000 | Cum=-0.045 | Info={'shot_attempted': False, 'pass_attempted': False, 'goal_scored': False, 'goal_team': None, 'ball_out_by': None, 'has_ball': False, 'start_shot_bonus': False, 'start_pass_bonus': False, 'possession_lost': False}

[Step 41] Action=[ 0.09739059 -0.05477417  0.          0.          0.          0.10630452
  0.04040041] | Reward=+0.001 | Cum=-0.044 | Info={'shot_attempted': False, 'pass_attempted': False, 'goal_scored': False, 'goal_team': None, 'ball_out_by': None, 'has_ball': False, 'start_shot_bonus': False, 'start_pass_bonus': False, 'possession_lost': False}

[Step 42] Action=[ 0.09739593 -0.05477371  0.          0.          0.          0.10631801
  0.04041403] | Reward=+0.001 | Cum=-0.043 | Info={'shot_attempted': False, 'pass_attempted': False, 'goal_scored': False, 'goal_team': None, 'ball_out_by': None, 'has_ball': False, 'start_shot_bonus': False, 'start_pass_bonus': False, 'possession_lost': False}

[Step 43] Action=[ 0.09740125 -0.05477325  0.          0.          0.          0.10633149
  0.04042765] | Reward=+0.001 | Cum=-0.042 | Info={'shot_attempted': False, 'pass_attempted': False, 'goal_scored': False, 'goal_team': None, 'ball_out_by': None, 'has_ball': False, 'start_shot_bonus': False, 'start_pass_bonus': False, 'possession_lost': False}

[Step 44] Action=[ 0.09740657 -0.0547728   0.          0.          0.          0.10634499
  0.0404413 ] | Reward=+0.001 | Cum=-0.042 | Info={'shot_attempted': False, 'pass_attempted': False, 'goal_scored': False, 'goal_team': None, 'ball_out_by': None, 'has_ball': False, 'start_shot_bonus': False, 'start_pass_bonus': False, 'possession_lost': False}

[Step 45] Action=[ 0.0974119  -0.05477234  0.          0.          0.          0.10635847
  0.0404549 ] | Reward=+0.001 | Cum=-0.041 | Info={'shot_attempted': False, 'pass_attempted': False, 'goal_scored': False, 'goal_team': None, 'ball_out_by': None, 'has_ball': False, 'start_shot_bonus': False, 'start_pass_bonus': False, 'possession_lost': False}

[Step 46] Action=[ 0.09741723 -0.05477187  0.          0.          0.          0.10637195
  0.04046854] | Reward=+0.001 | Cum=-0.040 | Info={'shot_attempted': False, 'pass_attempted': False, 'goal_scored': False, 'goal_team': None, 'ball_out_by': None, 'has_ball': False, 'start_shot_bonus': False, 'start_pass_bonus': False, 'possession_lost': False}

[Step 47] Action=[ 0.09742256 -0.05477141  0.          0.          0.          0.10638545
  0.04048216] | Reward=+0.001 | Cum=-0.039 | Info={'shot_attempted': False, 'pass_attempted': False, 'goal_scored': False, 'goal_team': None, 'ball_out_by': None, 'has_ball': False, 'start_shot_bonus': False, 'start_pass_bonus': False, 'possession_lost': False}

[Step 48] Action=[ 0.09742788 -0.05477095  0.          0.          0.          0.10639892
  0.04049578] | Reward=+0.001 | Cum=-0.038 | Info={'shot_attempted': False, 'pass_attempted': False, 'goal_scored': False, 'goal_team': None, 'ball_out_by': None, 'has_ball': False, 'start_shot_bonus': False, 'start_pass_bonus': False, 'possession_lost': False}

[Step 49] Action=[ 0.09743322 -0.05477048  0.          0.          0.          0.1064124
  0.0405094 ] | Reward=+0.001 | Cum=-0.037 | Info={'shot_attempted': False, 'pass_attempted': False, 'goal_scored': False, 'goal_team': None, 'ball_out_by': None, 'has_ball': False, 'start_shot_bonus': False, 'start_pass_bonus': False, 'possession_lost': False}

[Step 50] Action=[ 0.09743854 -0.05477003  0.          0.          0.          0.10642589
  0.04052303] | Reward=+0.001 | Cum=-0.036 | Info={'shot_attempted': False, 'pass_attempted': False, 'goal_scored': False, 'goal_team': None, 'ball_out_by': None, 'has_ball': False, 'start_shot_bonus': False, 'start_pass_bonus': False, 'possession_lost': False}

[Step 51] Action=[ 0.09744387 -0.05476956  0.          0.          0.          0.10643937
  0.04053664] | Reward=+0.002 | Cum=-0.034 | Info={'shot_attempted': False, 'pass_attempted': False, 'goal_scored': False, 'goal_team': None, 'ball_out_by': None, 'has_ball': False, 'start_shot_bonus': False, 'start_pass_bonus': False, 'possession_lost': False}

[Step 52] Action=[ 0.09744919 -0.0547691   0.          0.          0.          0.10645285
  0.04055026] | Reward=+0.002 | Cum=-0.032 | Info={'shot_attempted': False, 'pass_attempted': False, 'goal_scored': False, 'goal_team': None, 'ball_out_by': None, 'has_ball': False, 'start_shot_bonus': False, 'start_pass_bonus': False, 'possession_lost': False}

[Step 53] Action=[ 0.09745453 -0.05476864  0.          0.          0.          0.10646632
  0.04056387] | Reward=+0.001 | Cum=-0.031 | Info={'shot_attempted': False, 'pass_attempted': False, 'goal_scored': False, 'goal_team': None, 'ball_out_by': None, 'has_ball': False, 'start_shot_bonus': False, 'start_pass_bonus': False, 'possession_lost': False}

[Step 54] Action=[ 0.09745986 -0.05476816  0.          0.          0.          0.10647979
  0.04057749] | Reward=+0.001 | Cum=-0.029 | Info={'shot_attempted': False, 'pass_attempted': False, 'goal_scored': False, 'goal_team': None, 'ball_out_by': None, 'has_ball': False, 'start_shot_bonus': False, 'start_pass_bonus': False, 'possession_lost': False}

[Step 55] Action=[ 0.0974652  -0.05476771  0.          0.          0.          0.10649327
  0.04059112] | Reward=+0.001 | Cum=-0.028 | Info={'shot_attempted': False, 'pass_attempted': False, 'goal_scored': False, 'goal_team': None, 'ball_out_by': None, 'has_ball': False, 'start_shot_bonus': False, 'start_pass_bonus': False, 'possession_lost': False}

[Step 56] Action=[ 0.09747051 -0.05476724  0.          0.          0.          0.10650676
  0.04060473] | Reward=+0.002 | Cum=-0.026 | Info={'shot_attempted': False, 'pass_attempted': False, 'goal_scored': False, 'goal_team': None, 'ball_out_by': None, 'has_ball': False, 'start_shot_bonus': False, 'start_pass_bonus': False, 'possession_lost': False}

[Step 57] Action=[ 0.09747586 -0.05476677  0.          0.          0.          0.10652022
  0.04061835] | Reward=+0.002 | Cum=-0.024 | Info={'shot_attempted': False, 'pass_attempted': False, 'goal_scored': False, 'goal_team': None, 'ball_out_by': None, 'has_ball': False, 'start_shot_bonus': False, 'start_pass_bonus': False, 'possession_lost': False}

[Step 58] Action=[ 0.09748145 -0.05476607  0.          0.          0.          0.10653467
  0.0406319 ] | Reward=+0.002 | Cum=-0.022 | Info={'shot_attempted': False, 'pass_attempted': False, 'goal_scored': False, 'goal_team': None, 'ball_out_by': None, 'has_ball': False, 'start_shot_bonus': False, 'start_pass_bonus': False, 'possession_lost': False}

[Step 59] Action=[ 0.09748717 -0.05476525  0.          0.          0.          0.10654957
  0.0406454 ] | Reward=+0.002 | Cum=-0.020 | Info={'shot_attempted': False, 'pass_attempted': False, 'goal_scored': False, 'goal_team': None, 'ball_out_by': None, 'has_ball': False, 'start_shot_bonus': False, 'start_pass_bonus': False, 'possession_lost': False}

[Step 60] Action=[ 0.0974929  -0.05476443  0.          0.          0.          0.10656447
  0.0406589 ] | Reward=+0.002 | Cum=-0.018 | Info={'shot_attempted': False, 'pass_attempted': False, 'goal_scored': False, 'goal_team': None, 'ball_out_by': None, 'has_ball': False, 'start_shot_bonus': False, 'start_pass_bonus': False, 'possession_lost': False}

[Step 61] Action=[ 0.09749862 -0.05476361  0.          0.          0.          0.10657937
  0.04067241] | Reward=+0.001 | Cum=-0.017 | Info={'shot_attempted': False, 'pass_attempted': False, 'goal_scored': False, 'goal_team': None, 'ball_out_by': None, 'has_ball': False, 'start_shot_bonus': False, 'start_pass_bonus': False, 'possession_lost': False}

[Step 62] Action=[ 0.09750433 -0.05476279  0.          0.          0.          0.10659427
  0.04068592] | Reward=+0.002 | Cum=-0.015 | Info={'shot_attempted': False, 'pass_attempted': False, 'goal_scored': False, 'goal_team': None, 'ball_out_by': None, 'has_ball': False, 'start_shot_bonus': False, 'start_pass_bonus': False, 'possession_lost': False}

[Step 63] Action=[ 0.09751007 -0.05476197  0.          0.          0.          0.10660916
  0.04069941] | Reward=+0.002 | Cum=-0.013 | Info={'shot_attempted': False, 'pass_attempted': False, 'goal_scored': False, 'goal_team': None, 'ball_out_by': None, 'has_ball': False, 'start_shot_bonus': False, 'start_pass_bonus': False, 'possession_lost': False}

[Step 64] Action=[ 0.09751504 -0.05476095  0.          0.          0.          0.10662216
  0.04071096] | Reward=+0.002 | Cum=-0.011 | Info={'shot_attempted': False, 'pass_attempted': False, 'goal_scored': False, 'goal_team': None, 'ball_out_by': None, 'has_ball': False, 'start_shot_bonus': False, 'start_pass_bonus': False, 'possession_lost': False}

[Step 65] Action=[ 0.09751982 -0.05475987  0.          0.          0.          0.10663464
  0.04072196] | Reward=+0.002 | Cum=-0.008 | Info={'shot_attempted': False, 'pass_attempted': False, 'goal_scored': False, 'goal_team': None, 'ball_out_by': None, 'has_ball': False, 'start_shot_bonus': False, 'start_pass_bonus': False, 'possession_lost': False}

[Step 66] Action=[ 0.09752459 -0.05475879  0.          0.          0.          0.10664712
  0.04073295] | Reward=+0.002 | Cum=-0.006 | Info={'shot_attempted': False, 'pass_attempted': False, 'goal_scored': False, 'goal_team': None, 'ball_out_by': None, 'has_ball': False, 'start_shot_bonus': False, 'start_pass_bonus': False, 'possession_lost': False}

[Step 67] Action=[ 0.09752936 -0.05475771  0.          0.          0.          0.1066596
  0.04074395] | Reward=+0.003 | Cum=-0.004 | Info={'shot_attempted': False, 'pass_attempted': False, 'goal_scored': False, 'goal_team': None, 'ball_out_by': None, 'has_ball': False, 'start_shot_bonus': False, 'start_pass_bonus': False, 'possession_lost': False}

[Step 68] Action=[ 0.09920411 -0.05158973  0.          0.          0.          0.10947601
  0.0365344 ] | Reward=+0.003 | Cum=-0.001 | Info={'shot_attempted': False, 'pass_attempted': False, 'goal_scored': False, 'goal_team': None, 'ball_out_by': None, 'has_ball': False, 'start_shot_bonus': False, 'start_pass_bonus': False, 'possession_lost': False}

[Step 69] Action=[ 0.09814718 -0.0582106   0.          0.          0.          0.1097651
  0.0455801 ] | Reward=+0.003 | Cum=+0.002 | Info={'shot_attempted': False, 'pass_attempted': False, 'goal_scored': False, 'goal_team': None, 'ball_out_by': None, 'has_ball': False, 'start_shot_bonus': False, 'start_pass_bonus': False, 'possession_lost': False}

[Step 70] Action=[ 0.09814927 -0.05821254  0.          0.          0.          0.10976633
  0.04558994] | Reward=+0.002 | Cum=+0.004 | Info={'shot_attempted': False, 'pass_attempted': False, 'goal_scored': False, 'goal_team': None, 'ball_out_by': None, 'has_ball': False, 'start_shot_bonus': False, 'start_pass_bonus': False, 'possession_lost': False}

[Step 71] Action=[ 0.09815133 -0.05821453  0.          0.          0.          0.10976739
  0.04559974] | Reward=+0.002 | Cum=+0.006 | Info={'shot_attempted': False, 'pass_attempted': False, 'goal_scored': False, 'goal_team': None, 'ball_out_by': None, 'has_ball': False, 'start_shot_bonus': False, 'start_pass_bonus': False, 'possession_lost': False}

[Step 72] Action=[ 0.09926241 -0.05164403  0.          0.          0.          0.10957298
  0.03659815] | Reward=+0.003 | Cum=+0.009 | Info={'shot_attempted': False, 'pass_attempted': False, 'goal_scored': False, 'goal_team': None, 'ball_out_by': None, 'has_ball': False, 'start_shot_bonus': False, 'start_pass_bonus': False, 'possession_lost': False}

[Step 73] Action=[ 0.09824082 -0.05828539  0.          0.          0.          0.10982915
  0.04565128] | Reward=+0.003 | Cum=+0.011 | Info={'shot_attempted': False, 'pass_attempted': False, 'goal_scored': False, 'goal_team': None, 'ball_out_by': None, 'has_ball': False, 'start_shot_bonus': False, 'start_pass_bonus': False, 'possession_lost': False}

[Step 74] Action=[ 0.09824286 -0.05828741  0.          0.          0.          0.1098301
  0.04566105] | Reward=+0.003 | Cum=+0.014 | Info={'shot_attempted': False, 'pass_attempted': False, 'goal_scored': False, 'goal_team': None, 'ball_out_by': None, 'has_ball': False, 'start_shot_bonus': False, 'start_pass_bonus': False, 'possession_lost': False}

[Step 75] Action=[ 0.09824491 -0.0582894   0.          0.          0.          0.10983115
  0.04567085] | Reward=+0.003 | Cum=+0.017 | Info={'shot_attempted': False, 'pass_attempted': False, 'goal_scored': False, 'goal_team': None, 'ball_out_by': None, 'has_ball': False, 'start_shot_bonus': False, 'start_pass_bonus': False, 'possession_lost': False}

[Step 76] Action=[ 0.09824695 -0.05829139  0.          0.          0.          0.10983218
  0.04568063] | Reward=+0.003 | Cum=+0.019 | Info={'shot_attempted': False, 'pass_attempted': False, 'goal_scored': False, 'goal_team': None, 'ball_out_by': None, 'has_ball': False, 'start_shot_bonus': False, 'start_pass_bonus': False, 'possession_lost': False}

[Step 77] Action=[ 0.098249   -0.05829338  0.          0.          0.          0.10983322
  0.04569043] | Reward=+0.003 | Cum=+0.023 | Info={'shot_attempted': False, 'pass_attempted': False, 'goal_scored': False, 'goal_team': None, 'ball_out_by': None, 'has_ball': False, 'start_shot_bonus': False, 'start_pass_bonus': False, 'possession_lost': False}

[Step 78] Action=[ 0.09825105 -0.05829537  0.          0.          0.          0.10983425
  0.04570023] | Reward=+0.003 | Cum=+0.026 | Info={'shot_attempted': False, 'pass_attempted': False, 'goal_scored': False, 'goal_team': None, 'ball_out_by': None, 'has_ball': False, 'start_shot_bonus': False, 'start_pass_bonus': False, 'possession_lost': False}

[Step 79] Action=[ 0.09825309 -0.05829737  0.          0.          0.          0.1098353
  0.04571002] | Reward=+0.003 | Cum=+0.029 | Info={'shot_attempted': False, 'pass_attempted': False, 'goal_scored': False, 'goal_team': None, 'ball_out_by': None, 'has_ball': False, 'start_shot_bonus': False, 'start_pass_bonus': False, 'possession_lost': False}

[Step 80] Action=[ 0.09825514 -0.05829936  0.          0.          0.          0.10983634
  0.04571982] | Reward=+0.003 | Cum=+0.032 | Info={'shot_attempted': False, 'pass_attempted': False, 'goal_scored': False, 'goal_team': None, 'ball_out_by': None, 'has_ball': False, 'start_shot_bonus': False, 'start_pass_bonus': False, 'possession_lost': False}

[Step 81] Action=[ 0.09825719 -0.05830135  0.          0.          0.          0.10983738
  0.04572962] | Reward=+0.003 | Cum=+0.034 | Info={'shot_attempted': False, 'pass_attempted': False, 'goal_scored': False, 'goal_team': None, 'ball_out_by': None, 'has_ball': False, 'start_shot_bonus': False, 'start_pass_bonus': False, 'possession_lost': False}

[Step 82] Action=[ 0.09825925 -0.05830334  0.          0.          0.          0.10983843
  0.04573942] | Reward=+0.003 | Cum=+0.038 | Info={'shot_attempted': False, 'pass_attempted': False, 'goal_scored': False, 'goal_team': None, 'ball_out_by': None, 'has_ball': False, 'start_shot_bonus': False, 'start_pass_bonus': False, 'possession_lost': False}

[Step 83] Action=[ 0.09826129 -0.05830533  0.          0.          0.          0.10983948
  0.04574922] | Reward=+0.003 | Cum=+0.041 | Info={'shot_attempted': False, 'pass_attempted': False, 'goal_scored': False, 'goal_team': None, 'ball_out_by': None, 'has_ball': False, 'start_shot_bonus': False, 'start_pass_bonus': False, 'possession_lost': False}

[Step 84] Action=[ 0.09826335 -0.05830732  0.          0.          0.          0.10984053
  0.04575901] | Reward=+0.003 | Cum=+0.044 | Info={'shot_attempted': False, 'pass_attempted': False, 'goal_scored': False, 'goal_team': None, 'ball_out_by': None, 'has_ball': False, 'start_shot_bonus': False, 'start_pass_bonus': False, 'possession_lost': False}

[Step 85] Action=[ 0.0982654  -0.05830931  0.          0.          0.          0.10984157
  0.0457688 ] | Reward=+0.003 | Cum=+0.047 | Info={'shot_attempted': False, 'pass_attempted': False, 'goal_scored': False, 'goal_team': None, 'ball_out_by': None, 'has_ball': False, 'start_shot_bonus': False, 'start_pass_bonus': False, 'possession_lost': False}

[Step 86] Action=[ 0.09826745 -0.0583113   0.          0.          0.          0.10984263
  0.04577861] | Reward=+0.003 | Cum=+0.051 | Info={'shot_attempted': False, 'pass_attempted': False, 'goal_scored': False, 'goal_team': None, 'ball_out_by': None, 'has_ball': False, 'start_shot_bonus': False, 'start_pass_bonus': False, 'possession_lost': False}

[Step 87] Action=[ 0.0982693  -0.05831342  0.          0.          0.          0.10984372
  0.04578825] | Reward=+0.003 | Cum=+0.054 | Info={'shot_attempted': False, 'pass_attempted': False, 'goal_scored': False, 'goal_team': None, 'ball_out_by': None, 'has_ball': False, 'start_shot_bonus': False, 'start_pass_bonus': False, 'possession_lost': False}

[Step 88] Action=[ 0.09827048 -0.058316    0.          0.          0.          0.10984499
  0.04579733] | Reward=+0.003 | Cum=+0.057 | Info={'shot_attempted': False, 'pass_attempted': False, 'goal_scored': False, 'goal_team': None, 'ball_out_by': None, 'has_ball': False, 'start_shot_bonus': False, 'start_pass_bonus': False, 'possession_lost': False}

[Step 89] Action=[ 0.09827167 -0.05831857  0.          0.          0.          0.10984626
  0.04580643] | Reward=+0.003 | Cum=+0.060 | Info={'shot_attempted': False, 'pass_attempted': False, 'goal_scored': False, 'goal_team': None, 'ball_out_by': None, 'has_ball': False, 'start_shot_bonus': False, 'start_pass_bonus': False, 'possession_lost': False}

[Step 90] Action=[ 0.09827285 -0.05832114  0.          0.          0.          0.10984752
  0.04581553] | Reward=+0.003 | Cum=+0.064 | Info={'shot_attempted': False, 'pass_attempted': False, 'goal_scored': False, 'goal_team': None, 'ball_out_by': None, 'has_ball': False, 'start_shot_bonus': False, 'start_pass_bonus': False, 'possession_lost': False}

[Step 91] Action=[ 0.09827404 -0.05832371  0.          0.          0.          0.1098488
  0.04582463] | Reward=+0.003 | Cum=+0.067 | Info={'shot_attempted': False, 'pass_attempted': False, 'goal_scored': False, 'goal_team': None, 'ball_out_by': None, 'has_ball': False, 'start_shot_bonus': False, 'start_pass_bonus': False, 'possession_lost': False}

[Step 92] Action=[ 0.09827522 -0.05832629  0.          0.          0.          0.10985006
  0.04583373] | Reward=+0.004 | Cum=+0.071 | Info={'shot_attempted': False, 'pass_attempted': False, 'goal_scored': False, 'goal_team': None, 'ball_out_by': None, 'has_ball': False, 'start_shot_bonus': False, 'start_pass_bonus': False, 'possession_lost': False}

[Step 93] Action=[ 0.09827641 -0.05832886  0.          0.          0.          0.10985134
  0.04584284] | Reward=+0.004 | Cum=+0.075 | Info={'shot_attempted': False, 'pass_attempted': False, 'goal_scored': False, 'goal_team': None, 'ball_out_by': None, 'has_ball': False, 'start_shot_bonus': False, 'start_pass_bonus': False, 'possession_lost': False}

[Step 94] Action=[ 0.09827759 -0.05833142  0.          0.          0.          0.10985261
  0.04585194] | Reward=+0.004 | Cum=+0.078 | Info={'shot_attempted': False, 'pass_attempted': False, 'goal_scored': False, 'goal_team': None, 'ball_out_by': None, 'has_ball': False, 'start_shot_bonus': False, 'start_pass_bonus': False, 'possession_lost': False}

[Step 95] Action=[ 0.09827904 -0.05833406  0.          0.          0.          0.10985404
  0.04586115] | Reward=+0.003 | Cum=+0.081 | Info={'shot_attempted': False, 'pass_attempted': False, 'goal_scored': False, 'goal_team': None, 'ball_out_by': None, 'has_ball': False, 'start_shot_bonus': False, 'start_pass_bonus': False, 'possession_lost': False}

[Step 96] Action=[ 0.09828129 -0.0583369   0.          0.          0.          0.10985588
  0.0458707 ] | Reward=+0.003 | Cum=+0.085 | Info={'shot_attempted': False, 'pass_attempted': False, 'goal_scored': False, 'goal_team': None, 'ball_out_by': None, 'has_ball': False, 'start_shot_bonus': False, 'start_pass_bonus': False, 'possession_lost': False}

[Step 97] Action=[ 0.09828352 -0.05833974  0.          0.          0.          0.10985774
  0.04588028] | Reward=+0.004 | Cum=+0.088 | Info={'shot_attempted': False, 'pass_attempted': False, 'goal_scored': False, 'goal_team': None, 'ball_out_by': None, 'has_ball': False, 'start_shot_bonus': False, 'start_pass_bonus': False, 'possession_lost': False}

[Step 98] Action=[ 0.09828576 -0.05834258  0.          0.          0.          0.10985959
  0.04588983] | Reward=+0.004 | Cum=+0.092 | Info={'shot_attempted': False, 'pass_attempted': False, 'goal_scored': False, 'goal_team': None, 'ball_out_by': None, 'has_ball': False, 'start_shot_bonus': False, 'start_pass_bonus': False, 'possession_lost': False}

[Step 99] Action=[ 0.09828801 -0.05834541  0.          0.          0.          0.10986146
  0.0458994 ] | Reward=+0.004 | Cum=+0.096 | Info={'shot_attempted': False, 'pass_attempted': False, 'goal_scored': False, 'goal_team': None, 'ball_out_by': None, 'has_ball': False, 'start_shot_bonus': False, 'start_pass_bonus': False, 'possession_lost': False}

[Step 100] Action=[ 0.09829025 -0.05834825  0.          0.          0.          0.10986332
  0.04590895] | Reward=+0.004 | Cum=+0.099 | Info={'shot_attempted': False, 'pass_attempted': False, 'goal_scored': False, 'goal_team': None, 'ball_out_by': None, 'has_ball': False, 'start_shot_bonus': False, 'start_pass_bonus': False, 'possession_lost': False}

[Step 101] Action=[ 0.09828859 -0.05835228  0.          0.          0.          0.10986657
  0.04591891] | Reward=+0.004 | Cum=+0.103 | Info={'shot_attempted': False, 'pass_attempted': False, 'goal_scored': False, 'goal_team': None, 'ball_out_by': None, 'has_ball': False, 'start_shot_bonus': False, 'start_pass_bonus': False, 'possession_lost': False}

[Step 102] Action=[ 0.09828641 -0.05835648  0.          0.          0.          0.10987003
  0.04592893] | Reward=+0.004 | Cum=+0.107 | Info={'shot_attempted': False, 'pass_attempted': False, 'goal_scored': False, 'goal_team': None, 'ball_out_by': None, 'has_ball': False, 'start_shot_bonus': False, 'start_pass_bonus': False, 'possession_lost': False}

[Step 103] Action=[ 0.09828423 -0.05836067  0.          0.          0.          0.10987348
  0.04593894] | Reward=+0.004 | Cum=+0.111 | Info={'shot_attempted': False, 'pass_attempted': False, 'goal_scored': False, 'goal_team': None, 'ball_out_by': None, 'has_ball': False, 'start_shot_bonus': False, 'start_pass_bonus': False, 'possession_lost': False}

[Step 104] Action=[ 0.09828205 -0.05836486  0.          0.          0.          0.10987693
  0.04594894] | Reward=+0.003 | Cum=+0.114 | Info={'shot_attempted': False, 'pass_attempted': False, 'goal_scored': False, 'goal_team': None, 'ball_out_by': None, 'has_ball': False, 'start_shot_bonus': False, 'start_pass_bonus': False, 'possession_lost': False}

[Step 105] Action=[ 0.09827986 -0.05836906  0.          0.          0.          0.10988038
  0.04595895] | Reward=+0.003 | Cum=+0.118 | Info={'shot_attempted': False, 'pass_attempted': False, 'goal_scored': False, 'goal_team': None, 'ball_out_by': None, 'has_ball': False, 'start_shot_bonus': False, 'start_pass_bonus': False, 'possession_lost': False}

[Step 106] Action=[ 0.09827767 -0.05837325  0.          0.          0.          0.10988384
  0.04596898] | Reward=+0.003 | Cum=+0.121 | Info={'shot_attempted': False, 'pass_attempted': False, 'goal_scored': False, 'goal_team': None, 'ball_out_by': None, 'has_ball': False, 'start_shot_bonus': False, 'start_pass_bonus': False, 'possession_lost': False}

[Step 107] Action=[ 0.0982755  -0.05837744  0.          0.          0.          0.10988729
  0.04597898] | Reward=+0.003 | Cum=+0.125 | Info={'shot_attempted': False, 'pass_attempted': False, 'goal_scored': False, 'goal_team': None, 'ball_out_by': None, 'has_ball': False, 'start_shot_bonus': False, 'start_pass_bonus': False, 'possession_lost': False}

[Step 108] Action=[ 0.09827331 -0.05838164  0.          0.          0.          0.10989075
  0.04598901] | Reward=+0.004 | Cum=+0.129 | Info={'shot_attempted': False, 'pass_attempted': False, 'goal_scored': False, 'goal_team': None, 'ball_out_by': None, 'has_ball': False, 'start_shot_bonus': False, 'start_pass_bonus': False, 'possession_lost': False}

[Step 109] Action=[ 0.09827114 -0.05838584  0.          0.          0.          0.10989421
  0.04599903] | Reward=+0.004 | Cum=+0.133 | Info={'shot_attempted': False, 'pass_attempted': False, 'goal_scored': False, 'goal_team': None, 'ball_out_by': None, 'has_ball': False, 'start_shot_bonus': False, 'start_pass_bonus': False, 'possession_lost': False}

[Step 110] Action=[ 0.09826894 -0.05839003  0.          0.          0.          0.10989766
  0.04600905] | Reward=+0.004 | Cum=+0.137 | Info={'shot_attempted': False, 'pass_attempted': False, 'goal_scored': False, 'goal_team': None, 'ball_out_by': None, 'has_ball': False, 'start_shot_bonus': False, 'start_pass_bonus': False, 'possession_lost': False}

[Step 111] Action=[ 0.09826676 -0.05839423  0.          0.          0.          0.10990112
  0.04601907] | Reward=+0.004 | Cum=+0.141 | Info={'shot_attempted': False, 'pass_attempted': False, 'goal_scored': False, 'goal_team': None, 'ball_out_by': None, 'has_ball': False, 'start_shot_bonus': False, 'start_pass_bonus': False, 'possession_lost': False}

[Step 112] Action=[ 0.09826458 -0.05839842  0.          0.          0.          0.10990459
  0.04602908] | Reward=+0.003 | Cum=+0.144 | Info={'shot_attempted': False, 'pass_attempted': False, 'goal_scored': False, 'goal_team': None, 'ball_out_by': None, 'has_ball': False, 'start_shot_bonus': False, 'start_pass_bonus': False, 'possession_lost': False}

[Step 113] Action=[ 0.09826239 -0.05840261  0.          0.          0.          0.10990804
  0.04603911] | Reward=+0.004 | Cum=+0.148 | Info={'shot_attempted': False, 'pass_attempted': False, 'goal_scored': False, 'goal_team': None, 'ball_out_by': None, 'has_ball': False, 'start_shot_bonus': False, 'start_pass_bonus': False, 'possession_lost': False}

[Step 114] Action=[ 0.09826019 -0.05840681  0.          0.          0.          0.1099115
  0.04604914] | Reward=+0.004 | Cum=+0.151 | Info={'shot_attempted': False, 'pass_attempted': False, 'goal_scored': False, 'goal_team': None, 'ball_out_by': None, 'has_ball': False, 'start_shot_bonus': False, 'start_pass_bonus': False, 'possession_lost': False}

[Step 115] Action=[ 0.09825802 -0.05841101  0.          0.          0.          0.10991497
  0.04605917] | Reward=+0.004 | Cum=+0.155 | Info={'shot_attempted': False, 'pass_attempted': False, 'goal_scored': False, 'goal_team': None, 'ball_out_by': None, 'has_ball': False, 'start_shot_bonus': False, 'start_pass_bonus': False, 'possession_lost': False}

[Step 116] Action=[ 0.09825583 -0.0584152   0.          0.          0.          0.10991844
  0.0460692 ] | Reward=+0.004 | Cum=+0.159 | Info={'shot_attempted': False, 'pass_attempted': False, 'goal_scored': False, 'goal_team': None, 'ball_out_by': None, 'has_ball': False, 'start_shot_bonus': False, 'start_pass_bonus': False, 'possession_lost': False}

[Step 117] Action=[ 0.09825364 -0.0584194   0.          0.          0.          0.1099219
  0.04607922] | Reward=+0.004 | Cum=+0.163 | Info={'shot_attempted': False, 'pass_attempted': False, 'goal_scored': False, 'goal_team': None, 'ball_out_by': None, 'has_ball': False, 'start_shot_bonus': False, 'start_pass_bonus': False, 'possession_lost': False}

[Step 118] Action=[ 0.09825145 -0.0584236   0.          0.          0.          0.10992537
  0.04608926] | Reward=+0.004 | Cum=+0.167 | Info={'shot_attempted': False, 'pass_attempted': False, 'goal_scored': False, 'goal_team': None, 'ball_out_by': None, 'has_ball': False, 'start_shot_bonus': False, 'start_pass_bonus': False, 'possession_lost': False}

[Step 119] Action=[ 0.09824926 -0.0584278   0.          0.          0.          0.10992884
  0.04609929] | Reward=+0.004 | Cum=+0.171 | Info={'shot_attempted': False, 'pass_attempted': False, 'goal_scored': False, 'goal_team': None, 'ball_out_by': None, 'has_ball': False, 'start_shot_bonus': False, 'start_pass_bonus': False, 'possession_lost': False}

[Step 120] Action=[ 0.09824744 -0.05843157  0.          0.          0.          0.10993235
  0.04610888] | Reward=+0.003 | Cum=+0.175 | Info={'shot_attempted': False, 'pass_attempted': False, 'goal_scored': False, 'goal_team': None, 'ball_out_by': None, 'has_ball': False, 'start_shot_bonus': False, 'start_pass_bonus': False, 'possession_lost': False}

[Step 121] Action=[ 0.0982466  -0.05843415  0.          0.          0.          0.10993598
  0.0461173 ] | Reward=+0.003 | Cum=+0.178 | Info={'shot_attempted': False, 'pass_attempted': False, 'goal_scored': False, 'goal_team': None, 'ball_out_by': None, 'has_ball': False, 'start_shot_bonus': False, 'start_pass_bonus': False, 'possession_lost': False}

[Step 122] Action=[ 0.09824574 -0.05843674  0.          0.          0.          0.10993961
  0.04612572] | Reward=+0.003 | Cum=+0.181 | Info={'shot_attempted': False, 'pass_attempted': False, 'goal_scored': False, 'goal_team': None, 'ball_out_by': None, 'has_ball': False, 'start_shot_bonus': False, 'start_pass_bonus': False, 'possession_lost': False}

[Step 123] Action=[ 0.09824489 -0.05843933  0.          0.          0.          0.10994324
  0.04613414] | Reward=+0.004 | Cum=+0.185 | Info={'shot_attempted': False, 'pass_attempted': False, 'goal_scored': False, 'goal_team': None, 'ball_out_by': None, 'has_ball': False, 'start_shot_bonus': False, 'start_pass_bonus': False, 'possession_lost': False}

[Step 124] Action=[ 0.09824406 -0.05844192  0.          0.          0.          0.10994686
  0.04614255] | Reward=+0.004 | Cum=+0.189 | Info={'shot_attempted': False, 'pass_attempted': False, 'goal_scored': False, 'goal_team': None, 'ball_out_by': None, 'has_ball': False, 'start_shot_bonus': False, 'start_pass_bonus': False, 'possession_lost': False}

[Step 125] Action=[ 0.09824321 -0.05844451  0.          0.          0.          0.10995049
  0.04615098] | Reward=+0.004 | Cum=+0.193 | Info={'shot_attempted': False, 'pass_attempted': False, 'goal_scored': False, 'goal_team': None, 'ball_out_by': None, 'has_ball': False, 'start_shot_bonus': False, 'start_pass_bonus': False, 'possession_lost': False}

[Step 126] Action=[ 0.09824237 -0.0584458   0.          0.          0.          0.10995554
  0.04615742] | Reward=+0.004 | Cum=+0.197 | Info={'shot_attempted': False, 'pass_attempted': False, 'goal_scored': False, 'goal_team': None, 'ball_out_by': None, 'has_ball': False, 'start_shot_bonus': False, 'start_pass_bonus': False, 'possession_lost': False}

[Step 127] Action=[ 0.09824155 -0.05844616  0.          0.          0.          0.10996158
  0.04616246] | Reward=+0.004 | Cum=+0.201 | Info={'shot_attempted': False, 'pass_attempted': False, 'goal_scored': False, 'goal_team': None, 'ball_out_by': None, 'has_ball': False, 'start_shot_bonus': False, 'start_pass_bonus': False, 'possession_lost': False}

[Step 128] Action=[ 0.09824074 -0.05844654  0.          0.          0.          0.1099676
  0.0461675 ] | Reward=+0.004 | Cum=+0.205 | Info={'shot_attempted': False, 'pass_attempted': False, 'goal_scored': False, 'goal_team': None, 'ball_out_by': None, 'has_ball': False, 'start_shot_bonus': False, 'start_pass_bonus': False, 'possession_lost': False}

[Step 129] Action=[ 0.0982399  -0.05844691  0.          0.          0.          0.10997362
  0.04617253] | Reward=+0.004 | Cum=+0.209 | Info={'shot_attempted': False, 'pass_attempted': False, 'goal_scored': False, 'goal_team': None, 'ball_out_by': None, 'has_ball': False, 'start_shot_bonus': False, 'start_pass_bonus': False, 'possession_lost': False}

[Step 130] Action=[ 0.09823909 -0.05844729  0.          0.          0.          0.10997964
  0.04617757] | Reward=+0.004 | Cum=+0.212 | Info={'shot_attempted': False, 'pass_attempted': False, 'goal_scored': False, 'goal_team': None, 'ball_out_by': None, 'has_ball': False, 'start_shot_bonus': False, 'start_pass_bonus': False, 'possession_lost': False}

[Step 131] Action=[ 0.09823827 -0.05844766  0.          0.          0.          0.10998566
  0.0461826 ] | Reward=+0.004 | Cum=+0.216 | Info={'shot_attempted': False, 'pass_attempted': False, 'goal_scored': False, 'goal_team': None, 'ball_out_by': None, 'has_ball': False, 'start_shot_bonus': False, 'start_pass_bonus': False, 'possession_lost': False}

[Step 132] Action=[ 0.09823745 -0.05844804  0.          0.          0.          0.10999168
  0.04618763] | Reward=+0.004 | Cum=+0.219 | Info={'shot_attempted': False, 'pass_attempted': False, 'goal_scored': False, 'goal_team': None, 'ball_out_by': None, 'has_ball': False, 'start_shot_bonus': False, 'start_pass_bonus': False, 'possession_lost': False}

[Step 133] Action=[ 0.09823663 -0.05844841  0.          0.          0.          0.10999771
  0.04619267] | Reward=+0.004 | Cum=+0.223 | Info={'shot_attempted': False, 'pass_attempted': False, 'goal_scored': False, 'goal_team': None, 'ball_out_by': None, 'has_ball': False, 'start_shot_bonus': False, 'start_pass_bonus': False, 'possession_lost': False}

[Step 134] Action=[ 0.0982358  -0.05844878  0.          0.          0.          0.11000372
  0.0461977 ] | Reward=+0.004 | Cum=+0.227 | Info={'shot_attempted': False, 'pass_attempted': False, 'goal_scored': False, 'goal_team': None, 'ball_out_by': None, 'has_ball': False, 'start_shot_bonus': False, 'start_pass_bonus': False, 'possession_lost': False}

[Step 135] Action=[ 0.09823497 -0.05844915  0.          0.          0.          0.11000973
  0.04620273] | Reward=+0.004 | Cum=+0.231 | Info={'shot_attempted': False, 'pass_attempted': False, 'goal_scored': False, 'goal_team': None, 'ball_out_by': None, 'has_ball': False, 'start_shot_bonus': False, 'start_pass_bonus': False, 'possession_lost': False}

[Step 136] Action=[ 0.09823416 -0.05844953  0.          0.          0.          0.11001574
  0.04620777] | Reward=+0.004 | Cum=+0.235 | Info={'shot_attempted': False, 'pass_attempted': False, 'goal_scored': False, 'goal_team': None, 'ball_out_by': None, 'has_ball': False, 'start_shot_bonus': False, 'start_pass_bonus': False, 'possession_lost': False}

[Step 137] Action=[ 0.09823333 -0.05844991  0.          0.          0.          0.11002176
  0.0462128 ] | Reward=+0.003 | Cum=+0.238 | Info={'shot_attempted': False, 'pass_attempted': False, 'goal_scored': False, 'goal_team': None, 'ball_out_by': None, 'has_ball': False, 'start_shot_bonus': False, 'start_pass_bonus': False, 'possession_lost': False}

[Step 138] Action=[ 0.0982325  -0.05845028  0.          0.          0.          0.11002778
  0.04621784] | Reward=+0.003 | Cum=+0.241 | Info={'shot_attempted': False, 'pass_attempted': False, 'goal_scored': False, 'goal_team': None, 'ball_out_by': None, 'has_ball': False, 'start_shot_bonus': False, 'start_pass_bonus': False, 'possession_lost': False}

[Step 139] Action=[ 0.09823168 -0.05845065  0.          0.          0.          0.11003378
  0.04622287] | Reward=+0.004 | Cum=+0.245 | Info={'shot_attempted': False, 'pass_attempted': False, 'goal_scored': False, 'goal_team': None, 'ball_out_by': None, 'has_ball': False, 'start_shot_bonus': False, 'start_pass_bonus': False, 'possession_lost': False}

[Step 140] Action=[ 0.09823085 -0.05845103  0.          0.          0.          0.11003979
  0.0462279 ] | Reward=+0.004 | Cum=+0.248 | Info={'shot_attempted': False, 'pass_attempted': False, 'goal_scored': False, 'goal_team': None, 'ball_out_by': None, 'has_ball': False, 'start_shot_bonus': False, 'start_pass_bonus': False, 'possession_lost': False}

[Step 141] Action=[ 0.09823002 -0.0584514   0.          0.          0.          0.11004581
  0.04623294] | Reward=+0.004 | Cum=+0.252 | Info={'shot_attempted': False, 'pass_attempted': False, 'goal_scored': False, 'goal_team': None, 'ball_out_by': None, 'has_ball': False, 'start_shot_bonus': False, 'start_pass_bonus': False, 'possession_lost': False}

[Step 142] Action=[ 0.09822919 -0.05845178  0.          0.          0.          0.1100518
  0.04623797] | Reward=+0.004 | Cum=+0.255 | Info={'shot_attempted': False, 'pass_attempted': False, 'goal_scored': False, 'goal_team': None, 'ball_out_by': None, 'has_ball': False, 'start_shot_bonus': False, 'start_pass_bonus': False, 'possession_lost': False}

[Step 143] Action=[ 0.09822838 -0.05845216  0.          0.          0.          0.11005781
  0.046243  ] | Reward=+0.004 | Cum=+0.259 | Info={'shot_attempted': False, 'pass_attempted': False, 'goal_scored': False, 'goal_team': None, 'ball_out_by': None, 'has_ball': False, 'start_shot_bonus': False, 'start_pass_bonus': False, 'possession_lost': False}

[Step 144] Action=[ 0.09822756 -0.05845253  0.          0.          0.          0.11006381
  0.04624803] | Reward=+0.004 | Cum=+0.263 | Info={'shot_attempted': False, 'pass_attempted': False, 'goal_scored': False, 'goal_team': None, 'ball_out_by': None, 'has_ball': False, 'start_shot_bonus': False, 'start_pass_bonus': False, 'possession_lost': False}

[Step 145] Action=[ 0.09822673 -0.05845291  0.          0.          0.          0.11006981
  0.04625307] | Reward=+0.003 | Cum=+0.266 | Info={'shot_attempted': False, 'pass_attempted': False, 'goal_scored': False, 'goal_team': None, 'ball_out_by': None, 'has_ball': False, 'start_shot_bonus': False, 'start_pass_bonus': False, 'possession_lost': False}

[Step 146] Action=[ 0.0982259  -0.05845329  0.          0.          0.          0.11007582
  0.04625808] | Reward=+0.003 | Cum=+0.269 | Info={'shot_attempted': False, 'pass_attempted': False, 'goal_scored': False, 'goal_team': None, 'ball_out_by': None, 'has_ball': False, 'start_shot_bonus': False, 'start_pass_bonus': False, 'possession_lost': False}

[Step 147] Action=[ 0.09822507 -0.05845365  0.          0.          0.          0.11008181
  0.04626312] | Reward=+0.003 | Cum=+0.272 | Info={'shot_attempted': False, 'pass_attempted': False, 'goal_scored': False, 'goal_team': None, 'ball_out_by': None, 'has_ball': False, 'start_shot_bonus': False, 'start_pass_bonus': False, 'possession_lost': False}

[Step 148] Action=[ 0.09822425 -0.05845404  0.          0.          0.          0.1100878
  0.04626815] | Reward=+0.003 | Cum=+0.275 | Info={'shot_attempted': False, 'pass_attempted': False, 'goal_scored': False, 'goal_team': None, 'ball_out_by': None, 'has_ball': False, 'start_shot_bonus': False, 'start_pass_bonus': False, 'possession_lost': False}

[Step 149] Action=[ 0.09822342 -0.05845442  0.          0.          0.          0.11009381
  0.04627318] | Reward=+0.003 | Cum=+0.278 | Info={'shot_attempted': False, 'pass_attempted': False, 'goal_scored': False, 'goal_team': None, 'ball_out_by': None, 'has_ball': False, 'start_shot_bonus': False, 'start_pass_bonus': False, 'possession_lost': False}

[Step 150] Action=[ 0.09822258 -0.05845479  0.          0.          0.          0.11009981
  0.04627822] | Reward=+0.003 | Cum=+0.282 | Info={'shot_attempted': False, 'pass_attempted': False, 'goal_scored': False, 'goal_team': None, 'ball_out_by': None, 'has_ball': False, 'start_shot_bonus': False, 'start_pass_bonus': False, 'possession_lost': False}

[Step 151] Action=[ 0.09822175 -0.05845517  0.          0.          0.          0.1101058
  0.04628323] | Reward=+0.003 | Cum=+0.285 | Info={'shot_attempted': False, 'pass_attempted': False, 'goal_scored': False, 'goal_team': None, 'ball_out_by': None, 'has_ball': False, 'start_shot_bonus': False, 'start_pass_bonus': False, 'possession_lost': False}

[Step 152] Action=[ 0.09822093 -0.05845555  0.          0.          0.          0.1101118
  0.04628826] | Reward=+0.003 | Cum=+0.289 | Info={'shot_attempted': False, 'pass_attempted': False, 'goal_scored': False, 'goal_team': None, 'ball_out_by': None, 'has_ball': False, 'start_shot_bonus': False, 'start_pass_bonus': False, 'possession_lost': False}

[Step 153] Action=[ 0.0982201  -0.05845593  0.          0.          0.          0.11011778
  0.0462933 ] | Reward=+0.003 | Cum=+0.292 | Info={'shot_attempted': False, 'pass_attempted': False, 'goal_scored': False, 'goal_team': None, 'ball_out_by': None, 'has_ball': False, 'start_shot_bonus': False, 'start_pass_bonus': False, 'possession_lost': False}

[Step 154] Action=[ 0.09821926 -0.05845631  0.          0.          0.          0.11012377
  0.04629833] | Reward=+0.003 | Cum=+0.295 | Info={'shot_attempted': False, 'pass_attempted': False, 'goal_scored': False, 'goal_team': None, 'ball_out_by': None, 'has_ball': False, 'start_shot_bonus': False, 'start_pass_bonus': False, 'possession_lost': False}

[Step 155] Action=[ 0.09821859 -0.05845629  0.          0.          0.          0.11013012
  0.04630327] | Reward=+0.003 | Cum=+0.298 | Info={'shot_attempted': False, 'pass_attempted': False, 'goal_scored': False, 'goal_team': None, 'ball_out_by': None, 'has_ball': False, 'start_shot_bonus': False, 'start_pass_bonus': False, 'possession_lost': False}

[Step 156] Action=[ 0.09821793 -0.05845625  0.          0.          0.          0.1101365
  0.04630822] | Reward=+0.003 | Cum=+0.301 | Info={'shot_attempted': False, 'pass_attempted': False, 'goal_scored': False, 'goal_team': None, 'ball_out_by': None, 'has_ball': False, 'start_shot_bonus': False, 'start_pass_bonus': False, 'possession_lost': False}

[Step 157] Action=[ 0.09821727 -0.05845622  0.          0.          0.          0.11014287
  0.04631314] | Reward=+0.003 | Cum=+0.304 | Info={'shot_attempted': False, 'pass_attempted': False, 'goal_scored': False, 'goal_team': None, 'ball_out_by': None, 'has_ball': False, 'start_shot_bonus': False, 'start_pass_bonus': False, 'possession_lost': False}

[Step 158] Action=[ 0.09821661 -0.05845618  0.          0.          0.          0.11014924
  0.04631807] | Reward=+0.003 | Cum=+0.307 | Info={'shot_attempted': False, 'pass_attempted': False, 'goal_scored': False, 'goal_team': None, 'ball_out_by': None, 'has_ball': False, 'start_shot_bonus': False, 'start_pass_bonus': False, 'possession_lost': False}

[Step 159] Action=[ 0.09821595 -0.05845613  0.          0.          0.          0.11015561
  0.04632302] | Reward=+0.003 | Cum=+0.310 | Info={'shot_attempted': False, 'pass_attempted': False, 'goal_scored': False, 'goal_team': None, 'ball_out_by': None, 'has_ball': False, 'start_shot_bonus': False, 'start_pass_bonus': False, 'possession_lost': False}

[Step 160] Action=[ 0.09821529 -0.0584561   0.          0.          0.          0.11016199
  0.04632795] | Reward=+0.003 | Cum=+0.313 | Info={'shot_attempted': False, 'pass_attempted': False, 'goal_scored': False, 'goal_team': None, 'ball_out_by': None, 'has_ball': False, 'start_shot_bonus': False, 'start_pass_bonus': False, 'possession_lost': False}

[Step 161] Action=[ 0.09821462 -0.05845606  0.          0.          0.          0.11016836
  0.04633289] | Reward=+0.003 | Cum=+0.316 | Info={'shot_attempted': False, 'pass_attempted': False, 'goal_scored': False, 'goal_team': None, 'ball_out_by': None, 'has_ball': False, 'start_shot_bonus': False, 'start_pass_bonus': False, 'possession_lost': False}

[Step 162] Action=[ 0.09821396 -0.05845602  0.          0.          0.          0.11017472
  0.04633783] | Reward=+0.002 | Cum=+0.319 | Info={'shot_attempted': False, 'pass_attempted': False, 'goal_scored': False, 'goal_team': None, 'ball_out_by': None, 'has_ball': False, 'start_shot_bonus': False, 'start_pass_bonus': False, 'possession_lost': False}

[Step 163] Action=[ 0.0982124  -0.05845567  0.          0.          0.          0.1101809
  0.04634181] | Reward=+0.002 | Cum=+0.321 | Info={'shot_attempted': False, 'pass_attempted': False, 'goal_scored': False, 'goal_team': None, 'ball_out_by': None, 'has_ball': False, 'start_shot_bonus': False, 'start_pass_bonus': False, 'possession_lost': False}

[Step 164] Action=[ 0.09821063 -0.05845525  0.          0.          0.          0.11018702
  0.04634559] | Reward=+0.003 | Cum=+0.324 | Info={'shot_attempted': False, 'pass_attempted': False, 'goal_scored': False, 'goal_team': None, 'ball_out_by': None, 'has_ball': False, 'start_shot_bonus': False, 'start_pass_bonus': False, 'possession_lost': False}

[Step 165] Action=[ 0.09820885 -0.05845482  0.          0.          0.          0.11019315
  0.04634935] | Reward=+0.003 | Cum=+0.326 | Info={'shot_attempted': False, 'pass_attempted': False, 'goal_scored': False, 'goal_team': None, 'ball_out_by': None, 'has_ball': False, 'start_shot_bonus': False, 'start_pass_bonus': False, 'possession_lost': False}

[Step 166] Action=[ 0.09820708 -0.05845439  0.          0.          0.          0.11019927
  0.04635312] | Reward=+0.003 | Cum=+0.329 | Info={'shot_attempted': False, 'pass_attempted': False, 'goal_scored': False, 'goal_team': None, 'ball_out_by': None, 'has_ball': False, 'start_shot_bonus': False, 'start_pass_bonus': False, 'possession_lost': False}

[Step 167] Action=[ 0.0982053  -0.05845397  0.          0.          0.          0.11020539
  0.04635688] | Reward=+0.003 | Cum=+0.331 | Info={'shot_attempted': False, 'pass_attempted': False, 'goal_scored': False, 'goal_team': None, 'ball_out_by': None, 'has_ball': False, 'start_shot_bonus': False, 'start_pass_bonus': False, 'possession_lost': False}

[Step 168] Action=[ 0.09820352 -0.05845355  0.          0.          0.          0.1102115
  0.04636065] | Reward=+0.003 | Cum=+0.334 | Info={'shot_attempted': False, 'pass_attempted': False, 'goal_scored': False, 'goal_team': None, 'ball_out_by': None, 'has_ball': False, 'start_shot_bonus': False, 'start_pass_bonus': False, 'possession_lost': False}

[Step 169] Action=[ 0.09820174 -0.05845312  0.          0.          0.          0.11021762
  0.04636442] | Reward=+0.003 | Cum=+0.337 | Info={'shot_attempted': False, 'pass_attempted': False, 'goal_scored': False, 'goal_team': None, 'ball_out_by': None, 'has_ball': False, 'start_shot_bonus': False, 'start_pass_bonus': False, 'possession_lost': False}

[Step 170] Action=[ 0.09820053 -0.05845182  0.          0.          0.          0.11022511
  0.04636907] | Reward=+0.002 | Cum=+0.339 | Info={'shot_attempted': False, 'pass_attempted': False, 'goal_scored': False, 'goal_team': None, 'ball_out_by': None, 'has_ball': False, 'start_shot_bonus': False, 'start_pass_bonus': False, 'possession_lost': False}

[Step 171] Action=[ 0.09819949 -0.05845022  0.          0.          0.          0.11023304
  0.04637397] | Reward=+0.002 | Cum=+0.341 | Info={'shot_attempted': False, 'pass_attempted': False, 'goal_scored': False, 'goal_team': None, 'ball_out_by': None, 'has_ball': False, 'start_shot_bonus': False, 'start_pass_bonus': False, 'possession_lost': False}

[Step 172] Action=[ 0.09819845 -0.05844864  0.          0.          0.          0.11024096
  0.0463789 ] | Reward=+0.002 | Cum=+0.343 | Info={'shot_attempted': False, 'pass_attempted': False, 'goal_scored': False, 'goal_team': None, 'ball_out_by': None, 'has_ball': False, 'start_shot_bonus': False, 'start_pass_bonus': False, 'possession_lost': False}

[Step 173] Action=[ 0.09819742 -0.05844705  0.          0.          0.          0.11024889
  0.0463838 ] | Reward=+0.002 | Cum=+0.345 | Info={'shot_attempted': False, 'pass_attempted': False, 'goal_scored': False, 'goal_team': None, 'ball_out_by': None, 'has_ball': False, 'start_shot_bonus': False, 'start_pass_bonus': False, 'possession_lost': False}

[Step 174] Action=[ 0.09819636 -0.05844547  0.          0.          0.          0.11025681
  0.04638871] | Reward=+0.002 | Cum=+0.347 | Info={'shot_attempted': False, 'pass_attempted': False, 'goal_scored': False, 'goal_team': None, 'ball_out_by': None, 'has_ball': False, 'start_shot_bonus': False, 'start_pass_bonus': False, 'possession_lost': False}

[Step 175] Action=[ 0.09819534 -0.05844388  0.          0.          0.          0.11026473
  0.04639363] | Reward=+0.002 | Cum=+0.349 | Info={'shot_attempted': False, 'pass_attempted': False, 'goal_scored': False, 'goal_team': None, 'ball_out_by': None, 'has_ball': False, 'start_shot_bonus': False, 'start_pass_bonus': False, 'possession_lost': False}

[Step 176] Action=[ 0.0981943  -0.05844229  0.          0.          0.          0.11027264
  0.04639852] | Reward=+0.002 | Cum=+0.351 | Info={'shot_attempted': False, 'pass_attempted': False, 'goal_scored': False, 'goal_team': None, 'ball_out_by': None, 'has_ball': False, 'start_shot_bonus': False, 'start_pass_bonus': False, 'possession_lost': False}

[Step 177] Action=[ 0.09819325 -0.0584407   0.          0.          0.          0.11028055
  0.04640344] | Reward=+0.002 | Cum=+0.354 | Info={'shot_attempted': False, 'pass_attempted': False, 'goal_scored': False, 'goal_team': None, 'ball_out_by': None, 'has_ball': False, 'start_shot_bonus': False, 'start_pass_bonus': False, 'possession_lost': False}

[Step 178] Action=[ 0.09819222 -0.05843911  0.          0.          0.          0.11028846
  0.04640836] | Reward=+0.002 | Cum=+0.356 | Info={'shot_attempted': False, 'pass_attempted': False, 'goal_scored': False, 'goal_team': None, 'ball_out_by': None, 'has_ball': False, 'start_shot_bonus': False, 'start_pass_bonus': False, 'possession_lost': False}

[Step 179] Action=[ 0.09819118 -0.05843753  0.          0.          0.          0.11029638
  0.04641326] | Reward=+0.001 | Cum=+0.357 | Info={'shot_attempted': False, 'pass_attempted': False, 'goal_scored': False, 'goal_team': None, 'ball_out_by': None, 'has_ball': False, 'start_shot_bonus': False, 'start_pass_bonus': False, 'possession_lost': False}

[Step 180] Action=[ 0.09819014 -0.05843594  0.          0.          0.          0.1103043
  0.04641816] | Reward=+0.002 | Cum=+0.359 | Info={'shot_attempted': False, 'pass_attempted': False, 'goal_scored': False, 'goal_team': None, 'ball_out_by': None, 'has_ball': False, 'start_shot_bonus': False, 'start_pass_bonus': False, 'possession_lost': False}

[Step 181] Action=[ 0.09818911 -0.05843435  0.          0.          0.          0.1103122
  0.04642309] | Reward=+0.002 | Cum=+0.360 | Info={'shot_attempted': False, 'pass_attempted': False, 'goal_scored': False, 'goal_team': None, 'ball_out_by': None, 'has_ball': False, 'start_shot_bonus': False, 'start_pass_bonus': False, 'possession_lost': False}

[Step 182] Action=[ 0.09818806 -0.05843277  0.          0.          0.          0.11032011
  0.04642799] | Reward=+0.002 | Cum=+0.362 | Info={'shot_attempted': False, 'pass_attempted': False, 'goal_scored': False, 'goal_team': None, 'ball_out_by': None, 'has_ball': False, 'start_shot_bonus': False, 'start_pass_bonus': False, 'possession_lost': False}

[Step 183] Action=[ 0.09818702 -0.05843119  0.          0.          0.          0.11032801
  0.04643289] | Reward=+0.002 | Cum=+0.364 | Info={'shot_attempted': False, 'pass_attempted': False, 'goal_scored': False, 'goal_team': None, 'ball_out_by': None, 'has_ball': False, 'start_shot_bonus': False, 'start_pass_bonus': False, 'possession_lost': False}

[Step 184] Action=[ 0.09818597 -0.05842959  0.          0.          0.          0.11033591
  0.04643779] | Reward=+0.002 | Cum=+0.365 | Info={'shot_attempted': False, 'pass_attempted': False, 'goal_scored': False, 'goal_team': None, 'ball_out_by': None, 'has_ball': False, 'start_shot_bonus': False, 'start_pass_bonus': False, 'possession_lost': False}

[Step 185] Action=[ 0.09818493 -0.05842801  0.          0.          0.          0.11034381
  0.04644269] | Reward=+0.002 | Cum=+0.367 | Info={'shot_attempted': False, 'pass_attempted': False, 'goal_scored': False, 'goal_team': None, 'ball_out_by': None, 'has_ball': False, 'start_shot_bonus': False, 'start_pass_bonus': False, 'possession_lost': False}

[Step 186] Action=[ 0.09818389 -0.05842642  0.          0.          0.          0.11035172
  0.0464476 ] | Reward=+0.002 | Cum=+0.369 | Info={'shot_attempted': False, 'pass_attempted': False, 'goal_scored': False, 'goal_team': None, 'ball_out_by': None, 'has_ball': False, 'start_shot_bonus': False, 'start_pass_bonus': False, 'possession_lost': False}

[Step 187] Action=[ 0.09818285 -0.05842484  0.          0.          0.          0.11035961
  0.0464525 ] | Reward=+0.001 | Cum=+0.370 | Info={'shot_attempted': False, 'pass_attempted': False, 'goal_scored': False, 'goal_team': None, 'ball_out_by': None, 'has_ball': False, 'start_shot_bonus': False, 'start_pass_bonus': False, 'possession_lost': False}

[Step 188] Action=[ 0.09818181 -0.05842325  0.          0.          0.          0.11036749
  0.04645739] | Reward=+0.001 | Cum=+0.371 | Info={'shot_attempted': False, 'pass_attempted': False, 'goal_scored': False, 'goal_team': None, 'ball_out_by': None, 'has_ball': False, 'start_shot_bonus': False, 'start_pass_bonus': False, 'possession_lost': False}

[Step 189] Action=[ 0.09818077 -0.05842167  0.          0.          0.          0.11037539
  0.04646229] | Reward=+0.001 | Cum=+0.372 | Info={'shot_attempted': False, 'pass_attempted': False, 'goal_scored': False, 'goal_team': None, 'ball_out_by': None, 'has_ball': False, 'start_shot_bonus': False, 'start_pass_bonus': False, 'possession_lost': False}

[Step 190] Action=[ 0.09818121 -0.05842059  0.          0.          0.          0.1103817
  0.04646693] | Reward=+0.001 | Cum=+0.373 | Info={'shot_attempted': False, 'pass_attempted': False, 'goal_scored': False, 'goal_team': None, 'ball_out_by': None, 'has_ball': False, 'start_shot_bonus': False, 'start_pass_bonus': False, 'possession_lost': False}

[Step 191] Action=[ 0.09818238 -0.05841977  0.          0.          0.          0.11038724
  0.04647144] | Reward=+0.001 | Cum=+0.374 | Info={'shot_attempted': False, 'pass_attempted': False, 'goal_scored': False, 'goal_team': None, 'ball_out_by': None, 'has_ball': False, 'start_shot_bonus': False, 'start_pass_bonus': False, 'possession_lost': False}

[Step 192] Action=[ 0.09818356 -0.05841895  0.          0.          0.          0.11039277
  0.04647594] | Reward=+0.001 | Cum=+0.375 | Info={'shot_attempted': False, 'pass_attempted': False, 'goal_scored': False, 'goal_team': None, 'ball_out_by': None, 'has_ball': False, 'start_shot_bonus': False, 'start_pass_bonus': False, 'possession_lost': False}

[Step 193] Action=[ 0.09818472 -0.05841811  0.          0.          0.          0.1103983
  0.04648044] | Reward=+0.001 | Cum=+0.376 | Info={'shot_attempted': False, 'pass_attempted': False, 'goal_scored': False, 'goal_team': None, 'ball_out_by': None, 'has_ball': False, 'start_shot_bonus': False, 'start_pass_bonus': False, 'possession_lost': False}

[Step 194] Action=[ 0.0981859  -0.05841729  0.          0.          0.          0.11040383
  0.04648494] | Reward=+0.001 | Cum=+0.377 | Info={'shot_attempted': False, 'pass_attempted': False, 'goal_scored': False, 'goal_team': None, 'ball_out_by': None, 'has_ball': False, 'start_shot_bonus': False, 'start_pass_bonus': False, 'possession_lost': False}

[Step 195] Action=[ 0.09818707 -0.05841647  0.          0.          0.          0.11040935
  0.04648945] | Reward=+0.000 | Cum=+0.378 | Info={'shot_attempted': False, 'pass_attempted': False, 'goal_scored': False, 'goal_team': None, 'ball_out_by': None, 'has_ball': False, 'start_shot_bonus': False, 'start_pass_bonus': False, 'possession_lost': False}

[Step 196] Action=[ 0.09818824 -0.05841565  0.          0.          0.          0.11041488
  0.04649395] | Reward=+0.000 | Cum=+0.378 | Info={'shot_attempted': False, 'pass_attempted': False, 'goal_scored': False, 'goal_team': None, 'ball_out_by': None, 'has_ball': False, 'start_shot_bonus': False, 'start_pass_bonus': False, 'possession_lost': False}

[Step 197] Action=[ 0.0981894  -0.05841482  0.          0.          0.          0.11042041
  0.04649845] | Reward=+0.000 | Cum=+0.378 | Info={'shot_attempted': False, 'pass_attempted': False, 'goal_scored': False, 'goal_team': None, 'ball_out_by': None, 'has_ball': False, 'start_shot_bonus': False, 'start_pass_bonus': False, 'possession_lost': False}

[Step 198] Action=[ 0.09819057 -0.05841399  0.          0.          0.          0.11042593
  0.04650294] | Reward=+0.000 | Cum=+0.379 | Info={'shot_attempted': False, 'pass_attempted': False, 'goal_scored': False, 'goal_team': None, 'ball_out_by': None, 'has_ball': False, 'start_shot_bonus': False, 'start_pass_bonus': False, 'possession_lost': False}

[Step 199] Action=[ 0.09819174 -0.05841317  0.          0.          0.          0.11043144
  0.04650744] | Reward=+0.000 | Cum=+0.379 | Info={'shot_attempted': False, 'pass_attempted': False, 'goal_scored': False, 'goal_team': None, 'ball_out_by': None, 'has_ball': False, 'start_shot_bonus': False, 'start_pass_bonus': False, 'possession_lost': False}

[Step 200] Action=[ 0.09819291 -0.05841235  0.          0.          0.          0.11043697
  0.04651196] | Reward=+0.000 | Cum=+0.380 | Info={'shot_attempted': False, 'pass_attempted': False, 'goal_scored': False, 'goal_team': None, 'ball_out_by': None, 'has_ball': False, 'start_shot_bonus': False, 'start_pass_bonus': False, 'possession_lost': False}

[Step 201] Action=[ 0.09819397 -0.05841154  0.          0.          0.          0.11044275
  0.04651669] | Reward=+0.001 | Cum=+0.380 | Info={'shot_attempted': False, 'pass_attempted': False, 'goal_scored': False, 'goal_team': None, 'ball_out_by': None, 'has_ball': False, 'start_shot_bonus': False, 'start_pass_bonus': False, 'possession_lost': False}

[Step 202] Action=[ 0.09819452 -0.05841082  0.          0.          0.          0.1104499
  0.04652267] | Reward=+0.001 | Cum=+0.381 | Info={'shot_attempted': False, 'pass_attempted': False, 'goal_scored': False, 'goal_team': None, 'ball_out_by': None, 'has_ball': False, 'start_shot_bonus': False, 'start_pass_bonus': False, 'possession_lost': False}

[Step 203] Action=[ 0.09819505 -0.0584101   0.          0.          0.          0.11045705
  0.04652864] | Reward=+0.001 | Cum=+0.381 | Info={'shot_attempted': False, 'pass_attempted': False, 'goal_scored': False, 'goal_team': None, 'ball_out_by': None, 'has_ball': False, 'start_shot_bonus': False, 'start_pass_bonus': False, 'possession_lost': False}

[Step 204] Action=[ 0.0981956  -0.05840938  0.          0.          0.          0.11046419
  0.04653462] | Reward=-0.000 | Cum=+0.381 | Info={'shot_attempted': False, 'pass_attempted': False, 'goal_scored': False, 'goal_team': None, 'ball_out_by': None, 'has_ball': False, 'start_shot_bonus': False, 'start_pass_bonus': False, 'possession_lost': False}

[Step 205] Action=[ 0.09819613 -0.05840866  0.          0.          0.          0.11047134
  0.04654059] | Reward=-0.000 | Cum=+0.381 | Info={'shot_attempted': False, 'pass_attempted': False, 'goal_scored': False, 'goal_team': None, 'ball_out_by': None, 'has_ball': False, 'start_shot_bonus': False, 'start_pass_bonus': False, 'possession_lost': False}

[Step 206] Action=[ 0.09819668 -0.05840793  0.          0.          0.          0.11047849
  0.04654656] | Reward=-0.000 | Cum=+0.380 | Info={'shot_attempted': False, 'pass_attempted': False, 'goal_scored': False, 'goal_team': None, 'ball_out_by': None, 'has_ball': False, 'start_shot_bonus': False, 'start_pass_bonus': False, 'possession_lost': False}

[Step 207] Action=[ 0.09819722 -0.05840721  0.          0.          0.          0.11048562
  0.04655254] | Reward=-0.000 | Cum=+0.380 | Info={'shot_attempted': False, 'pass_attempted': False, 'goal_scored': False, 'goal_team': None, 'ball_out_by': None, 'has_ball': False, 'start_shot_bonus': False, 'start_pass_bonus': False, 'possession_lost': False}

[Step 208] Action=[ 0.09819775 -0.05840649  0.          0.          0.          0.11049277
  0.04655851] | Reward=-0.000 | Cum=+0.380 | Info={'shot_attempted': False, 'pass_attempted': False, 'goal_scored': False, 'goal_team': None, 'ball_out_by': None, 'has_ball': False, 'start_shot_bonus': False, 'start_pass_bonus': False, 'possession_lost': False}

[Step 209] Action=[ 0.09819829 -0.05840577  0.          0.          0.          0.1104999
  0.04656447] | Reward=-0.000 | Cum=+0.380 | Info={'shot_attempted': False, 'pass_attempted': False, 'goal_scored': False, 'goal_team': None, 'ball_out_by': None, 'has_ball': False, 'start_shot_bonus': False, 'start_pass_bonus': False, 'possession_lost': False}

[Step 210] Action=[ 0.09819883 -0.05840504  0.          0.          0.          0.11050704
  0.04657045] | Reward=-0.000 | Cum=+0.380 | Info={'shot_attempted': False, 'pass_attempted': False, 'goal_scored': False, 'goal_team': None, 'ball_out_by': None, 'has_ball': False, 'start_shot_bonus': False, 'start_pass_bonus': False, 'possession_lost': False}

[Step 211] Action=[ 0.09819936 -0.05840433  0.          0.          0.          0.11051419
  0.04657641] | Reward=-0.000 | Cum=+0.380 | Info={'shot_attempted': False, 'pass_attempted': False, 'goal_scored': False, 'goal_team': None, 'ball_out_by': None, 'has_ball': False, 'start_shot_bonus': False, 'start_pass_bonus': False, 'possession_lost': False}

[Step 212] Action=[ 0.09819821 -0.05840198  0.          0.          0.          0.11052225
  0.04658483] | Reward=-0.001 | Cum=+0.379 | Info={'shot_attempted': False, 'pass_attempted': False, 'goal_scored': False, 'goal_team': None, 'ball_out_by': None, 'has_ball': False, 'start_shot_bonus': False, 'start_pass_bonus': False, 'possession_lost': False}

[Step 213] Action=[ 0.09819551 -0.05839815  0.          0.          0.          0.11053113
  0.04659542] | Reward=-0.001 | Cum=+0.378 | Info={'shot_attempted': False, 'pass_attempted': False, 'goal_scored': False, 'goal_team': None, 'ball_out_by': None, 'has_ball': False, 'start_shot_bonus': False, 'start_pass_bonus': False, 'possession_lost': False}

[Step 214] Action=[ 0.09819282 -0.05839432  0.          0.          0.          0.11054003
  0.04660602] | Reward=-0.001 | Cum=+0.377 | Info={'shot_attempted': False, 'pass_attempted': False, 'goal_scored': False, 'goal_team': None, 'ball_out_by': None, 'has_ball': False, 'start_shot_bonus': False, 'start_pass_bonus': False, 'possession_lost': False}

[Step 215] Action=[ 0.09819012 -0.05839049  0.          0.          0.          0.11054891
  0.0466166 ] | Reward=-0.001 | Cum=+0.376 | Info={'shot_attempted': False, 'pass_attempted': False, 'goal_scored': False, 'goal_team': None, 'ball_out_by': None, 'has_ball': False, 'start_shot_bonus': False, 'start_pass_bonus': False, 'possession_lost': False}

[Step 216] Action=[ 0.09818742 -0.05838667  0.          0.          0.          0.1105578
  0.04662719] | Reward=-0.001 | Cum=+0.375 | Info={'shot_attempted': False, 'pass_attempted': False, 'goal_scored': False, 'goal_team': None, 'ball_out_by': None, 'has_ball': False, 'start_shot_bonus': False, 'start_pass_bonus': False, 'possession_lost': False}

[Step 217] Action=[ 0.09818473 -0.05838284  0.          0.          0.          0.11056668
  0.04663778] | Reward=-0.001 | Cum=+0.374 | Info={'shot_attempted': False, 'pass_attempted': False, 'goal_scored': False, 'goal_team': None, 'ball_out_by': None, 'has_ball': False, 'start_shot_bonus': False, 'start_pass_bonus': False, 'possession_lost': False}

[Step 218] Action=[ 0.09818204 -0.05837902  0.          0.          0.          0.11057558
  0.04664836] | Reward=-0.001 | Cum=+0.373 | Info={'shot_attempted': False, 'pass_attempted': False, 'goal_scored': False, 'goal_team': None, 'ball_out_by': None, 'has_ball': False, 'start_shot_bonus': False, 'start_pass_bonus': False, 'possession_lost': False}

[Step 219] Action=[ 0.09817935 -0.05837519  0.          0.          0.          0.11058446
  0.04665896] | Reward=-0.001 | Cum=+0.372 | Info={'shot_attempted': False, 'pass_attempted': False, 'goal_scored': False, 'goal_team': None, 'ball_out_by': None, 'has_ball': False, 'start_shot_bonus': False, 'start_pass_bonus': False, 'possession_lost': False}

[Step 220] Action=[ 0.09817665 -0.05837137  0.          0.          0.          0.11059333
  0.04666954] | Reward=-0.002 | Cum=+0.371 | Info={'shot_attempted': False, 'pass_attempted': False, 'goal_scored': False, 'goal_team': None, 'ball_out_by': None, 'has_ball': False, 'start_shot_bonus': False, 'start_pass_bonus': False, 'possession_lost': False}

[Step 221] Action=[ 0.09817396 -0.05836755  0.          0.          0.          0.11060221
  0.04668012] | Reward=-0.002 | Cum=+0.369 | Info={'shot_attempted': False, 'pass_attempted': False, 'goal_scored': False, 'goal_team': None, 'ball_out_by': None, 'has_ball': False, 'start_shot_bonus': False, 'start_pass_bonus': False, 'possession_lost': False}

[Step 222] Action=[ 0.09817126 -0.05836372  0.          0.          0.          0.1106111
  0.04669071] | Reward=-0.002 | Cum=+0.367 | Info={'shot_attempted': False, 'pass_attempted': False, 'goal_scored': False, 'goal_team': None, 'ball_out_by': None, 'has_ball': False, 'start_shot_bonus': False, 'start_pass_bonus': False, 'possession_lost': False}

[Step 223] Action=[ 0.09816855 -0.05835989  0.          0.          0.          0.11061997
  0.0467013 ] | Reward=-0.002 | Cum=+0.366 | Info={'shot_attempted': False, 'pass_attempted': False, 'goal_scored': False, 'goal_team': None, 'ball_out_by': None, 'has_ball': False, 'start_shot_bonus': False, 'start_pass_bonus': False, 'possession_lost': False}

[Step 224] Action=[ 0.09816585 -0.05835607  0.          0.          0.          0.11062884
  0.04671188] | Reward=-0.002 | Cum=+0.364 | Info={'shot_attempted': False, 'pass_attempted': False, 'goal_scored': False, 'goal_team': None, 'ball_out_by': None, 'has_ball': False, 'start_shot_bonus': False, 'start_pass_bonus': False, 'possession_lost': False}

[Step 225] Action=[ 0.09816316 -0.05835225  0.          0.          0.          0.11063771
  0.04672246] | Reward=-0.002 | Cum=+0.362 | Info={'shot_attempted': False, 'pass_attempted': False, 'goal_scored': False, 'goal_team': None, 'ball_out_by': None, 'has_ball': False, 'start_shot_bonus': False, 'start_pass_bonus': False, 'possession_lost': False}

[Step 226] Action=[ 0.09816079 -0.05834806  0.          0.          0.          0.1106476
  0.04673328] | Reward=-0.002 | Cum=+0.361 | Info={'shot_attempted': False, 'pass_attempted': False, 'goal_scored': False, 'goal_team': None, 'ball_out_by': None, 'has_ball': False, 'start_shot_bonus': False, 'start_pass_bonus': False, 'possession_lost': False}

[Step 227] Action=[ 0.09815899 -0.0583433   0.          0.          0.          0.11065919
  0.04674447] | Reward=-0.002 | Cum=+0.359 | Info={'shot_attempted': False, 'pass_attempted': False, 'goal_scored': False, 'goal_team': None, 'ball_out_by': None, 'has_ball': False, 'start_shot_bonus': False, 'start_pass_bonus': False, 'possession_lost': False}

[Step 228] Action=[ 0.0981572  -0.05833852  0.          0.          0.          0.11067078
  0.04675566] | Reward=-0.002 | Cum=+0.358 | Info={'shot_attempted': False, 'pass_attempted': False, 'goal_scored': False, 'goal_team': None, 'ball_out_by': None, 'has_ball': False, 'start_shot_bonus': False, 'start_pass_bonus': False, 'possession_lost': False}

[Step 229] Action=[ 0.0981554  -0.05833374  0.          0.          0.          0.11068237
  0.04676686] | Reward=-0.002 | Cum=+0.355 | Info={'shot_attempted': False, 'pass_attempted': False, 'goal_scored': False, 'goal_team': None, 'ball_out_by': None, 'has_ball': False, 'start_shot_bonus': False, 'start_pass_bonus': False, 'possession_lost': False}

[Step 230] Action=[ 0.0981536  -0.05832897  0.          0.          0.          0.11069395
  0.04677805] | Reward=-0.002 | Cum=+0.353 | Info={'shot_attempted': False, 'pass_attempted': False, 'goal_scored': False, 'goal_team': None, 'ball_out_by': None, 'has_ball': False, 'start_shot_bonus': False, 'start_pass_bonus': False, 'possession_lost': False}

[Step 231] Action=[ 0.09815181 -0.05832419  0.          0.          0.          0.11070552
  0.04678923] | Reward=-0.002 | Cum=+0.351 | Info={'shot_attempted': False, 'pass_attempted': False, 'goal_scored': False, 'goal_team': None, 'ball_out_by': None, 'has_ball': False, 'start_shot_bonus': False, 'start_pass_bonus': False, 'possession_lost': False}

[Step 232] Action=[ 0.09815    -0.05831942  0.          0.          0.          0.11071711
  0.04680043] | Reward=-0.002 | Cum=+0.348 | Info={'shot_attempted': False, 'pass_attempted': False, 'goal_scored': False, 'goal_team': None, 'ball_out_by': None, 'has_ball': False, 'start_shot_bonus': False, 'start_pass_bonus': False, 'possession_lost': False}

[Step 233] Action=[ 0.0981482  -0.05831464  0.          0.          0.          0.11072869
  0.04681161] | Reward=-0.002 | Cum=+0.346 | Info={'shot_attempted': False, 'pass_attempted': False, 'goal_scored': False, 'goal_team': None, 'ball_out_by': None, 'has_ball': False, 'start_shot_bonus': False, 'start_pass_bonus': False, 'possession_lost': False}

[Step 234] Action=[ 0.09814641 -0.05830986  0.          0.          0.          0.11074027
  0.0468228 ] | Reward=-0.002 | Cum=+0.344 | Info={'shot_attempted': False, 'pass_attempted': False, 'goal_scored': False, 'goal_team': None, 'ball_out_by': None, 'has_ball': False, 'start_shot_bonus': False, 'start_pass_bonus': False, 'possession_lost': False}

[Step 235] Action=[ 0.0981446  -0.0583051   0.          0.          0.          0.11075184
  0.04683398] | Reward=-0.002 | Cum=+0.341 | Info={'shot_attempted': False, 'pass_attempted': False, 'goal_scored': False, 'goal_team': None, 'ball_out_by': None, 'has_ball': False, 'start_shot_bonus': False, 'start_pass_bonus': False, 'possession_lost': False}

[Step 236] Action=[ 0.0981428  -0.05830031  0.          0.          0.          0.11076342
  0.04684518] | Reward=-0.002 | Cum=+0.339 | Info={'shot_attempted': False, 'pass_attempted': False, 'goal_scored': False, 'goal_team': None, 'ball_out_by': None, 'has_ball': False, 'start_shot_bonus': False, 'start_pass_bonus': False, 'possession_lost': False}

[Step 237] Action=[ 0.09814087 -0.05829549  0.          0.          0.          0.11077496
  0.04685629] | Reward=-0.003 | Cum=+0.336 | Info={'shot_attempted': False, 'pass_attempted': False, 'goal_scored': False, 'goal_team': None, 'ball_out_by': None, 'has_ball': False, 'start_shot_bonus': False, 'start_pass_bonus': False, 'possession_lost': False}

[Step 238] Action=[ 0.0981371  -0.05828983  0.          0.          0.          0.11078595
  0.04686638] | Reward=-0.003 | Cum=+0.333 | Info={'shot_attempted': False, 'pass_attempted': False, 'goal_scored': False, 'goal_team': None, 'ball_out_by': None, 'has_ball': False, 'start_shot_bonus': False, 'start_pass_bonus': False, 'possession_lost': False}

[Step 239] Action=[ 0.09813333 -0.05828419  0.          0.          0.          0.11079696
  0.04687647] | Reward=-0.003 | Cum=+0.329 | Info={'shot_attempted': False, 'pass_attempted': False, 'goal_scored': False, 'goal_team': None, 'ball_out_by': None, 'has_ball': False, 'start_shot_bonus': False, 'start_pass_bonus': False, 'possession_lost': False}

[Step 240] Action=[ 0.09812956 -0.05827854  0.          0.          0.          0.11080796
  0.04688654] | Reward=-0.003 | Cum=+0.326 | Info={'shot_attempted': False, 'pass_attempted': False, 'goal_scored': False, 'goal_team': None, 'ball_out_by': None, 'has_ball': False, 'start_shot_bonus': False, 'start_pass_bonus': False, 'possession_lost': False}

