Debug log for att_2 (Episode 1)
================================================================================
[Step 1] Action=[ 0.06429638  0.24989262  0.          0.          0.09848709 -0.13418724
 -0.14223641] | Reward=-0.011 | Cum=-0.011 | Info={'shot_attempted': False, 'pass_attempted': False, 'goal_scored': False, 'goal_team': None, 'ball_out_by': None, 'has_ball': False, 'start_shot_bonus': False, 'start_pass_bonus': False, 'possession_lost': False}
[Step 2] Action=[ 0.06418659  0.2500207   0.          0.          0.09808268 -0.13438725
 -0.14232406] | Reward=-0.011 | Cum=-0.022 | Info={'shot_attempted': False, 'pass_attempted': False, 'goal_scored': False, 'goal_team': None, 'ball_out_by': None, 'has_ball': False, 'start_shot_bonus': False, 'start_pass_bonus': False, 'possession_lost': False}
[Step 3] Action=[ 0.0641805   0.25003222  0.          0.          0.09793204 -0.13443428
 -0.1423895 ] | Reward=-0.011 | Cum=-0.032 | Info={'shot_attempted': False, 'pass_attempted': False, 'goal_scored': False, 'goal_team': None, 'ball_out_by': None, 'has_ball': False, 'start_shot_bonus': False, 'start_pass_bonus': False, 'possession_lost': False}
[Step 4] Action=[ 0.06417442  0.25004366  0.          0.          0.09778146 -0.13448128
 -0.14245489] | Reward=-0.011 | Cum=-0.043 | Info={'shot_attempted': False, 'pass_attempted': False, 'goal_scored': False, 'goal_team': None, 'ball_out_by': None, 'has_ball': False, 'start_shot_bonus': False, 'start_pass_bonus': False, 'possession_lost': False}
[Step 5] Action=[ 0.06416835  0.25005516  0.          0.          0.09763084 -0.13452828
 -0.14252034] | Reward=-0.011 | Cum=-0.054 | Info={'shot_attempted': False, 'pass_attempted': False, 'goal_scored': False, 'goal_team': None, 'ball_out_by': None, 'has_ball': False, 'start_shot_bonus': False, 'start_pass_bonus': False, 'possession_lost': False}
[Step 6] Action=[ 0.06416224  0.25006664  0.          0.          0.0974802  -0.13457535
 -0.14258577] | Reward=-0.011 | Cum=-0.065 | Info={'shot_attempted': False, 'pass_attempted': False, 'goal_scored': False, 'goal_team': None, 'ball_out_by': None, 'has_ball': False, 'start_shot_bonus': False, 'start_pass_bonus': False, 'possession_lost': False}
[Step 7] Action=[ 0.06415609  0.2500781   0.          0.          0.0973295  -0.13462242
 -0.14265127] | Reward=-0.011 | Cum=-0.076 | Info={'shot_attempted': False, 'pass_attempted': False, 'goal_scored': False, 'goal_team': None, 'ball_out_by': None, 'has_ball': False, 'start_shot_bonus': False, 'start_pass_bonus': False, 'possession_lost': False}
[Step 8] Action=[ 0.0641499   0.25008968  0.          0.          0.09717881 -0.13466956
 -0.14271681] | Reward=-0.011 | Cum=-0.087 | Info={'shot_attempted': False, 'pass_attempted': False, 'goal_scored': False, 'goal_team': None, 'ball_out_by': None, 'has_ball': False, 'start_shot_bonus': False, 'start_pass_bonus': False, 'possession_lost': False}
[Step 9] Action=[ 0.06414806  0.25010416  0.          0.          0.09702828 -0.13471445
 -0.1427845 ] | Reward=-0.011 | Cum=-0.098 | Info={'shot_attempted': False, 'pass_attempted': False, 'goal_scored': False, 'goal_team': None, 'ball_out_by': None, 'has_ball': False, 'start_shot_bonus': False, 'start_pass_bonus': False, 'possession_lost': False}
[Step 10] Action=[ 0.06416085  0.2501287   0.          0.          0.09687848 -0.13475183
 -0.14285938] | Reward=-0.011 | Cum=-0.109 | Info={'shot_attempted': False, 'pass_attempted': False, 'goal_scored': False, 'goal_team': None, 'ball_out_by': None, 'has_ball': False, 'start_shot_bonus': False, 'start_pass_bonus': False, 'possession_lost': False}
[Step 11] Action=[ 0.06417363  0.25015327  0.          0.          0.09672867 -0.13478921
 -0.14293431] | Reward=-0.011 | Cum=-0.120 | Info={'shot_attempted': False, 'pass_attempted': False, 'goal_scored': False, 'goal_team': None, 'ball_out_by': None, 'has_ball': False, 'start_shot_bonus': False, 'start_pass_bonus': False, 'possession_lost': False}
[Step 12] Action=[ 0.06418642  0.25017783  0.          0.          0.09657884 -0.13482663
 -0.14300923] | Reward=-0.011 | Cum=-0.131 | Info={'shot_attempted': False, 'pass_attempted': False, 'goal_scored': False, 'goal_team': None, 'ball_out_by': None, 'has_ball': False, 'start_shot_bonus': False, 'start_pass_bonus': False, 'possession_lost': False}
[Step 13] Action=[ 0.06419917  0.25020245  0.          0.          0.09642898 -0.13486405
 -0.1430842 ] | Reward=-0.011 | Cum=-0.142 | Info={'shot_attempted': False, 'pass_attempted': False, 'goal_scored': False, 'goal_team': None, 'ball_out_by': None, 'has_ball': False, 'start_shot_bonus': False, 'start_pass_bonus': False, 'possession_lost': False}
[Step 14] Action=[ 0.06421192  0.25022703  0.          0.          0.09627911 -0.13490151
 -0.14315918] | Reward=-0.011 | Cum=-0.154 | Info={'shot_attempted': False, 'pass_attempted': False, 'goal_scored': False, 'goal_team': None, 'ball_out_by': None, 'has_ball': False, 'start_shot_bonus': False, 'start_pass_bonus': False, 'possession_lost': False}
[Step 15] Action=[ 0.06422468  0.25025168  0.          0.          0.09612922 -0.13493897
 -0.14323422] | Reward=-0.011 | Cum=-0.165 | Info={'shot_attempted': False, 'pass_attempted': False, 'goal_scored': False, 'goal_team': None, 'ball_out_by': None, 'has_ball': False, 'start_shot_bonus': False, 'start_pass_bonus': False, 'possession_lost': False}
[Step 16] Action=[ 0.0642374   0.25027627  0.          0.          0.09597929 -0.13497648
 -0.14330928] | Reward=-0.011 | Cum=-0.176 | Info={'shot_attempted': False, 'pass_attempted': False, 'goal_scored': False, 'goal_team': None, 'ball_out_by': None, 'has_ball': False, 'start_shot_bonus': False, 'start_pass_bonus': False, 'possession_lost': False}
[Step 17] Action=[ 0.06425014  0.2503009   0.          0.          0.09582937 -0.13501395
 -0.14338434] | Reward=-0.011 | Cum=-0.187 | Info={'shot_attempted': False, 'pass_attempted': False, 'goal_scored': False, 'goal_team': None, 'ball_out_by': None, 'has_ball': False, 'start_shot_bonus': False, 'start_pass_bonus': False, 'possession_lost': False}
[Step 18] Action=[ 0.06426286  0.25032556  0.          0.          0.09567943 -0.13505146
 -0.14345944] | Reward=-0.011 | Cum=-0.199 | Info={'shot_attempted': False, 'pass_attempted': False, 'goal_scored': False, 'goal_team': None, 'ball_out_by': None, 'has_ball': False, 'start_shot_bonus': False, 'start_pass_bonus': False, 'possession_lost': False}
[Step 19] Action=[ 0.06427559  0.2503502   0.          0.          0.09552947 -0.135089
 -0.14353454] | Reward=-0.011 | Cum=-0.210 | Info={'shot_attempted': False, 'pass_attempted': False, 'goal_scored': False, 'goal_team': None, 'ball_out_by': None, 'has_ball': False, 'start_shot_bonus': False, 'start_pass_bonus': False, 'possession_lost': False}
[Step 20] Action=[ 0.06428829  0.25037485  0.          0.          0.09537947 -0.13512652
 -0.14360967] | Reward=-0.011 | Cum=-0.221 | Info={'shot_attempted': False, 'pass_attempted': False, 'goal_scored': False, 'goal_team': None, 'ball_out_by': None, 'has_ball': False, 'start_shot_bonus': False, 'start_pass_bonus': False, 'possession_lost': False}
[Step 21] Action=[ 0.06430098  0.25039956  0.          0.          0.09522947 -0.13516408
 -0.14368483] | Reward=-0.011 | Cum=-0.232 | Info={'shot_attempted': False, 'pass_attempted': False, 'goal_scored': False, 'goal_team': None, 'ball_out_by': None, 'has_ball': False, 'start_shot_bonus': False, 'start_pass_bonus': False, 'possession_lost': False}
[Step 22] Action=[ 0.06431369  0.2504242   0.          0.          0.09507944 -0.13520168
 -0.14376003] | Reward=-0.011 | Cum=-0.244 | Info={'shot_attempted': False, 'pass_attempted': False, 'goal_scored': False, 'goal_team': None, 'ball_out_by': None, 'has_ball': False, 'start_shot_bonus': False, 'start_pass_bonus': False, 'possession_lost': False}
[Step 23] Action=[ 0.06432638  0.2504489   0.          0.          0.09492942 -0.13523924
 -0.14383525] | Reward=-0.011 | Cum=-0.255 | Info={'shot_attempted': False, 'pass_attempted': False, 'goal_scored': False, 'goal_team': None, 'ball_out_by': None, 'has_ball': False, 'start_shot_bonus': False, 'start_pass_bonus': False, 'possession_lost': False}
[Step 24] Action=[ 0.06433024  0.25047746  0.          0.          0.09477792 -0.13527948
 -0.14390294] | Reward=-0.011 | Cum=-0.267 | Info={'shot_attempted': False, 'pass_attempted': False, 'goal_scored': False, 'goal_team': None, 'ball_out_by': None, 'has_ball': False, 'start_shot_bonus': False, 'start_pass_bonus': False, 'possession_lost': False}
[Step 25] Action=[ 0.0643282   0.25050852  0.          0.          0.09462547 -0.13532148
 -0.14396559] | Reward=-0.011 | Cum=-0.278 | Info={'shot_attempted': False, 'pass_attempted': False, 'goal_scored': False, 'goal_team': None, 'ball_out_by': None, 'has_ball': False, 'start_shot_bonus': False, 'start_pass_bonus': False, 'possession_lost': False}
[Step 26] Action=[ 0.06432612  0.2505396   0.          0.          0.09447294 -0.13536355
 -0.14402826] | Reward=-0.011 | Cum=-0.289 | Info={'shot_attempted': False, 'pass_attempted': False, 'goal_scored': False, 'goal_team': None, 'ball_out_by': None, 'has_ball': False, 'start_shot_bonus': False, 'start_pass_bonus': False, 'possession_lost': False}
[Step 27] Action=[ 0.06432407  0.25057074  0.          0.          0.09432042 -0.1354056
 -0.14409097] | Reward=-0.012 | Cum=-0.301 | Info={'shot_attempted': False, 'pass_attempted': False, 'goal_scored': False, 'goal_team': None, 'ball_out_by': None, 'has_ball': False, 'start_shot_bonus': False, 'start_pass_bonus': False, 'possession_lost': False}
[Step 28] Action=[ 0.06432196  0.2506019   0.          0.          0.09416786 -0.13544768
 -0.14415368] | Reward=-0.012 | Cum=-0.313 | Info={'shot_attempted': False, 'pass_attempted': False, 'goal_scored': False, 'goal_team': None, 'ball_out_by': None, 'has_ball': False, 'start_shot_bonus': False, 'start_pass_bonus': False, 'possession_lost': False}
[Step 29] Action=[ 0.06431987  0.25063303  0.          0.          0.0940153  -0.13548976
 -0.1442164 ] | Reward=-0.012 | Cum=-0.324 | Info={'shot_attempted': False, 'pass_attempted': False, 'goal_scored': False, 'goal_team': None, 'ball_out_by': None, 'has_ball': False, 'start_shot_bonus': False, 'start_pass_bonus': False, 'possession_lost': False}
[Step 30] Action=[ 0.06431774  0.2506642   0.          0.          0.09386271 -0.13553186
 -0.14427918] | Reward=-0.012 | Cum=-0.336 | Info={'shot_attempted': False, 'pass_attempted': False, 'goal_scored': False, 'goal_team': None, 'ball_out_by': None, 'has_ball': False, 'start_shot_bonus': False, 'start_pass_bonus': False, 'possession_lost': False}
[Step 31] Action=[ 0.06431559  0.25069538  0.          0.          0.09371009 -0.13557398
 -0.14434195] | Reward=-0.012 | Cum=-0.347 | Info={'shot_attempted': False, 'pass_attempted': False, 'goal_scored': False, 'goal_team': None, 'ball_out_by': None, 'has_ball': False, 'start_shot_bonus': False, 'start_pass_bonus': False, 'possession_lost': False}
[Step 32] Action=[ 0.06431343  0.25072658  0.          0.          0.09355747 -0.13561611
 -0.14440474] | Reward=-0.012 | Cum=-0.359 | Info={'shot_attempted': False, 'pass_attempted': False, 'goal_scored': False, 'goal_team': None, 'ball_out_by': None, 'has_ball': False, 'start_shot_bonus': False, 'start_pass_bonus': False, 'possession_lost': False}
[Step 33] Action=[ 0.06431125  0.2507578   0.          0.          0.09340483 -0.13565828
 -0.14446755] | Reward=-0.012 | Cum=-0.371 | Info={'shot_attempted': False, 'pass_attempted': False, 'goal_scored': False, 'goal_team': None, 'ball_out_by': None, 'has_ball': False, 'start_shot_bonus': False, 'start_pass_bonus': False, 'possession_lost': False}
[Step 34] Action=[ 0.06430907  0.250789    0.          0.          0.09325214 -0.13570045
 -0.14453037] | Reward=-0.012 | Cum=-0.383 | Info={'shot_attempted': False, 'pass_attempted': False, 'goal_scored': False, 'goal_team': None, 'ball_out_by': None, 'has_ball': False, 'start_shot_bonus': False, 'start_pass_bonus': False, 'possession_lost': False}
[Step 35] Action=[ 0.06430688  0.25082025  0.          0.          0.09309945 -0.13574263
 -0.14459322] | Reward=-0.012 | Cum=-0.394 | Info={'shot_attempted': False, 'pass_attempted': False, 'goal_scored': False, 'goal_team': None, 'ball_out_by': None, 'has_ball': False, 'start_shot_bonus': False, 'start_pass_bonus': False, 'possession_lost': False}
[Step 36] Action=[ 0.06430465  0.2508515   0.          0.          0.09294672 -0.13578482
 -0.14465608] | Reward=-0.012 | Cum=-0.406 | Info={'shot_attempted': False, 'pass_attempted': False, 'goal_scored': False, 'goal_team': None, 'ball_out_by': None, 'has_ball': False, 'start_shot_bonus': False, 'start_pass_bonus': False, 'possession_lost': False}
[Step 37] Action=[ 0.06430598  0.25088137  0.          0.          0.09279049 -0.13582645
 -0.14471927] | Reward=-0.012 | Cum=-0.418 | Info={'shot_attempted': False, 'pass_attempted': False, 'goal_scored': False, 'goal_team': None, 'ball_out_by': None, 'has_ball': False, 'start_shot_bonus': False, 'start_pass_bonus': False, 'possession_lost': False}
[Step 38] Action=[ 0.06431296  0.250909    0.          0.          0.09262866 -0.13586713
 -0.14478293] | Reward=-0.012 | Cum=-0.429 | Info={'shot_attempted': False, 'pass_attempted': False, 'goal_scored': False, 'goal_team': None, 'ball_out_by': None, 'has_ball': False, 'start_shot_bonus': False, 'start_pass_bonus': False, 'possession_lost': False}
[Step 39] Action=[ 0.06431342  0.25092974  0.          0.          0.09246673 -0.1359051
 -0.14484765] | Reward=-0.012 | Cum=-0.441 | Info={'shot_attempted': False, 'pass_attempted': False, 'goal_scored': False, 'goal_team': None, 'ball_out_by': None, 'has_ball': False, 'start_shot_bonus': False, 'start_pass_bonus': False, 'possession_lost': False}
[Step 40] Action=[ 0.06430621  0.25094244  0.          0.          0.09230463 -0.13593982
 -0.14491363] | Reward=-0.012 | Cum=-0.453 | Info={'shot_attempted': False, 'pass_attempted': False, 'goal_scored': False, 'goal_team': None, 'ball_out_by': None, 'has_ball': False, 'start_shot_bonus': False, 'start_pass_bonus': False, 'possession_lost': False}
[Step 41] Action=[ 0.06429897  0.25095513  0.          0.          0.09214257 -0.13597456
 -0.14497963] | Reward=-0.012 | Cum=-0.465 | Info={'shot_attempted': False, 'pass_attempted': False, 'goal_scored': False, 'goal_team': None, 'ball_out_by': None, 'has_ball': False, 'start_shot_bonus': False, 'start_pass_bonus': False, 'possession_lost': False}
[Step 42] Action=[ 0.06429195  0.25096932  0.          0.          0.09197879 -0.13601075
 -0.14504597] | Reward=-0.012 | Cum=-0.477 | Info={'shot_attempted': False, 'pass_attempted': False, 'goal_scored': False, 'goal_team': None, 'ball_out_by': None, 'has_ball': False, 'start_shot_bonus': False, 'start_pass_bonus': False, 'possession_lost': False}
[Step 43] Action=[ 0.06428613  0.2509926   0.          0.          0.09180454 -0.13605633
 -0.14511426] | Reward=-0.012 | Cum=-0.489 | Info={'shot_attempted': False, 'pass_attempted': False, 'goal_scored': False, 'goal_team': None, 'ball_out_by': None, 'has_ball': False, 'start_shot_bonus': False, 'start_pass_bonus': False, 'possession_lost': False}
[Step 44] Action=[ 0.06428031  0.2510159   0.          0.          0.09163027 -0.1361019
 -0.14518252] | Reward=-0.012 | Cum=-0.501 | Info={'shot_attempted': False, 'pass_attempted': False, 'goal_scored': False, 'goal_team': None, 'ball_out_by': None, 'has_ball': False, 'start_shot_bonus': False, 'start_pass_bonus': False, 'possession_lost': False}
[Step 45] Action=[ 0.06427884  0.25103712  0.          0.          0.09145722 -0.1361224
 -0.14524348] | Reward=-0.012 | Cum=-0.513 | Info={'shot_attempted': False, 'pass_attempted': False, 'goal_scored': False, 'goal_team': None, 'ball_out_by': None, 'has_ball': False, 'start_shot_bonus': False, 'start_pass_bonus': False, 'possession_lost': False}
[Step 46] Action=[ 0.06427751  0.2510583   0.          0.          0.09128417 -0.13614218
 -0.14530428] | Reward=-0.012 | Cum=-0.525 | Info={'shot_attempted': False, 'pass_attempted': False, 'goal_scored': False, 'goal_team': None, 'ball_out_by': None, 'has_ball': False, 'start_shot_bonus': False, 'start_pass_bonus': False, 'possession_lost': False}
[Step 47] Action=[ 0.06427614  0.25107956  0.          0.          0.09111111 -0.13616198
 -0.14536509] | Reward=-0.012 | Cum=-0.537 | Info={'shot_attempted': False, 'pass_attempted': False, 'goal_scored': False, 'goal_team': None, 'ball_out_by': None, 'has_ball': False, 'start_shot_bonus': False, 'start_pass_bonus': False, 'possession_lost': False}
[Step 48] Action=[ 0.06427472  0.25110126  0.          0.          0.09093795 -0.13618186
 -0.14542636] | Reward=-0.012 | Cum=-0.549 | Info={'shot_attempted': False, 'pass_attempted': False, 'goal_scored': False, 'goal_team': None, 'ball_out_by': None, 'has_ball': False, 'start_shot_bonus': False, 'start_pass_bonus': False, 'possession_lost': False}
[Step 49] Action=[ 0.064273    0.25112498  0.          0.          0.09076439 -0.13620205
 -0.14548944] | Reward=-0.012 | Cum=-0.561 | Info={'shot_attempted': False, 'pass_attempted': False, 'goal_scored': False, 'goal_team': None, 'ball_out_by': None, 'has_ball': False, 'start_shot_bonus': False, 'start_pass_bonus': False, 'possession_lost': False}
[Step 50] Action=[ 0.06427126  0.2511487   0.          0.          0.09059083 -0.13622224
 -0.14555253] | Reward=-0.012 | Cum=-0.573 | Info={'shot_attempted': False, 'pass_attempted': False, 'goal_scored': False, 'goal_team': None, 'ball_out_by': None, 'has_ball': False, 'start_shot_bonus': False, 'start_pass_bonus': False, 'possession_lost': False}
[Step 51] Action=[ 0.06426953  0.25117242  0.          0.          0.09041725 -0.13624248
 -0.14561564] | Reward=-0.012 | Cum=-0.585 | Info={'shot_attempted': False, 'pass_attempted': False, 'goal_scored': False, 'goal_team': None, 'ball_out_by': None, 'has_ball': False, 'start_shot_bonus': False, 'start_pass_bonus': False, 'possession_lost': False}
[Step 52] Action=[ 0.06426807  0.25119826  0.          0.          0.09024651 -0.13626009
 -0.14567856] | Reward=-0.012 | Cum=-0.597 | Info={'shot_attempted': False, 'pass_attempted': False, 'goal_scored': False, 'goal_team': None, 'ball_out_by': None, 'has_ball': False, 'start_shot_bonus': False, 'start_pass_bonus': False, 'possession_lost': False}
[Step 53] Action=[ 0.06426664  0.25122455  0.          0.          0.09007642 -0.1362771
 -0.14574145] | Reward=-0.012 | Cum=-0.610 | Info={'shot_attempted': False, 'pass_attempted': False, 'goal_scored': False, 'goal_team': None, 'ball_out_by': None, 'has_ball': False, 'start_shot_bonus': False, 'start_pass_bonus': False, 'possession_lost': False}
[Step 54] Action=[ 0.0642661   0.25124478  0.          0.          0.08990695 -0.13629942
 -0.14581157] | Reward=-0.012 | Cum=-0.622 | Info={'shot_attempted': False, 'pass_attempted': False, 'goal_scored': False, 'goal_team': None, 'ball_out_by': None, 'has_ball': False, 'start_shot_bonus': False, 'start_pass_bonus': False, 'possession_lost': False}
[Step 55] Action=[ 0.06426568  0.25126454  0.          0.          0.08973745 -0.13632198
 -0.14588226] | Reward=-0.012 | Cum=-0.634 | Info={'shot_attempted': False, 'pass_attempted': False, 'goal_scored': False, 'goal_team': None, 'ball_out_by': None, 'has_ball': False, 'start_shot_bonus': False, 'start_pass_bonus': False, 'possession_lost': False}
[Step 56] Action=[ 0.06427028  0.25129092  0.          0.          0.08957455 -0.13634002
 -0.14597301] | Reward=-0.012 | Cum=-0.646 | Info={'shot_attempted': False, 'pass_attempted': False, 'goal_scored': False, 'goal_team': None, 'ball_out_by': None, 'has_ball': False, 'start_shot_bonus': False, 'start_pass_bonus': False, 'possession_lost': False}
[Step 57] Action=[ 0.06427531  0.25131807  0.          0.          0.0894137  -0.13635926
 -0.14606863] | Reward=-0.012 | Cum=-0.658 | Info={'shot_attempted': False, 'pass_attempted': False, 'goal_scored': False, 'goal_team': None, 'ball_out_by': None, 'has_ball': False, 'start_shot_bonus': False, 'start_pass_bonus': False, 'possession_lost': False}
[Step 58] Action=[ 0.06428037  0.25134525  0.          0.          0.08925281 -0.13637853
 -0.1461643 ] | Reward=-0.012 | Cum=-0.671 | Info={'shot_attempted': False, 'pass_attempted': False, 'goal_scored': False, 'goal_team': None, 'ball_out_by': None, 'has_ball': False, 'start_shot_bonus': False, 'start_pass_bonus': False, 'possession_lost': False}
[Step 59] Action=[ 0.06428539  0.2513724   0.          0.          0.08909195 -0.13639782
 -0.14625996] | Reward=-0.012 | Cum=-0.683 | Info={'shot_attempted': False, 'pass_attempted': False, 'goal_scored': False, 'goal_team': None, 'ball_out_by': None, 'has_ball': False, 'start_shot_bonus': False, 'start_pass_bonus': False, 'possession_lost': False}
[Step 60] Action=[ 0.0642904   0.25139964  0.          0.          0.08893104 -0.1364171
 -0.14635564] | Reward=-0.012 | Cum=-0.695 | Info={'shot_attempted': False, 'pass_attempted': False, 'goal_scored': False, 'goal_team': None, 'ball_out_by': None, 'has_ball': False, 'start_shot_bonus': False, 'start_pass_bonus': False, 'possession_lost': False}
[Step 61] Action=[ 0.0642954   0.25142685  0.          0.          0.0887701  -0.13643648
 -0.1464514 ] | Reward=-0.012 | Cum=-0.708 | Info={'shot_attempted': False, 'pass_attempted': False, 'goal_scored': False, 'goal_team': None, 'ball_out_by': None, 'has_ball': False, 'start_shot_bonus': False, 'start_pass_bonus': False, 'possession_lost': False}
[Step 62] Action=[ 0.06430041  0.25145406  0.          0.          0.08860916 -0.13645579
 -0.14654711] | Reward=-0.012 | Cum=-0.720 | Info={'shot_attempted': False, 'pass_attempted': False, 'goal_scored': False, 'goal_team': None, 'ball_out_by': None, 'has_ball': False, 'start_shot_bonus': False, 'start_pass_bonus': False, 'possession_lost': False}
[Step 63] Action=[ 0.06430539  0.2514813   0.          0.          0.08844825 -0.13647515
 -0.14664286] | Reward=-0.012 | Cum=-0.733 | Info={'shot_attempted': False, 'pass_attempted': False, 'goal_scored': False, 'goal_team': None, 'ball_out_by': None, 'has_ball': False, 'start_shot_bonus': False, 'start_pass_bonus': False, 'possession_lost': False}
[Step 64] Action=[ 0.06431036  0.2515085   0.          0.          0.08828729 -0.13649452
 -0.14673863] | Reward=-0.012 | Cum=-0.745 | Info={'shot_attempted': False, 'pass_attempted': False, 'goal_scored': False, 'goal_team': None, 'ball_out_by': None, 'has_ball': False, 'start_shot_bonus': False, 'start_pass_bonus': False, 'possession_lost': False}
[Step 65] Action=[ 0.06431531  0.25153574  0.          0.          0.08812633 -0.13651396
 -0.14683443] | Reward=-0.012 | Cum=-0.758 | Info={'shot_attempted': False, 'pass_attempted': False, 'goal_scored': False, 'goal_team': None, 'ball_out_by': None, 'has_ball': False, 'start_shot_bonus': False, 'start_pass_bonus': False, 'possession_lost': False}
[Step 66] Action=[ 0.06432026  0.25156304  0.          0.          0.08796533 -0.13653338
 -0.14693025] | Reward=-0.012 | Cum=-0.770 | Info={'shot_attempted': False, 'pass_attempted': False, 'goal_scored': False, 'goal_team': None, 'ball_out_by': None, 'has_ball': False, 'start_shot_bonus': False, 'start_pass_bonus': False, 'possession_lost': False}
[Step 67] Action=[ 0.06432518  0.2515903   0.          0.          0.08780432 -0.13655283
 -0.14702614] | Reward=-0.013 | Cum=-0.783 | Info={'shot_attempted': False, 'pass_attempted': False, 'goal_scored': False, 'goal_team': None, 'ball_out_by': None, 'has_ball': False, 'start_shot_bonus': False, 'start_pass_bonus': False, 'possession_lost': False}
[Step 68] Action=[ 0.06433009  0.25161764  0.          0.          0.08764333 -0.13657232
 -0.14712204] | Reward=-0.013 | Cum=-0.795 | Info={'shot_attempted': False, 'pass_attempted': False, 'goal_scored': False, 'goal_team': None, 'ball_out_by': None, 'has_ball': False, 'start_shot_bonus': False, 'start_pass_bonus': False, 'possession_lost': False}
[Step 69] Action=[ 0.06433498  0.251645    0.          0.          0.08748231 -0.13659185
 -0.14721794] | Reward=-0.013 | Cum=-0.808 | Info={'shot_attempted': False, 'pass_attempted': False, 'goal_scored': False, 'goal_team': None, 'ball_out_by': None, 'has_ball': False, 'start_shot_bonus': False, 'start_pass_bonus': False, 'possession_lost': False}
[Step 70] Action=[ 0.06433986  0.25167236  0.          0.          0.08732124 -0.13661136
 -0.14731386] | Reward=-0.013 | Cum=-0.820 | Info={'shot_attempted': False, 'pass_attempted': False, 'goal_scored': False, 'goal_team': None, 'ball_out_by': None, 'has_ball': False, 'start_shot_bonus': False, 'start_pass_bonus': False, 'possession_lost': False}
[Step 71] Action=[ 0.06434473  0.25169972  0.          0.          0.08716019 -0.13663092
 -0.14740983] | Reward=-0.013 | Cum=-0.833 | Info={'shot_attempted': False, 'pass_attempted': False, 'goal_scored': False, 'goal_team': None, 'ball_out_by': None, 'has_ball': False, 'start_shot_bonus': False, 'start_pass_bonus': False, 'possession_lost': False}
[Step 72] Action=[ 0.0643496   0.2517271   0.          0.          0.08699913 -0.1366505
 -0.14750582] | Reward=-0.013 | Cum=-0.845 | Info={'shot_attempted': False, 'pass_attempted': False, 'goal_scored': False, 'goal_team': None, 'ball_out_by': None, 'has_ball': False, 'start_shot_bonus': False, 'start_pass_bonus': False, 'possession_lost': False}
[Step 73] Action=[ 0.06435443  0.25175446  0.          0.          0.08683807 -0.13667011
 -0.14760184] | Reward=-0.013 | Cum=-0.858 | Info={'shot_attempted': False, 'pass_attempted': False, 'goal_scored': False, 'goal_team': None, 'ball_out_by': None, 'has_ball': False, 'start_shot_bonus': False, 'start_pass_bonus': False, 'possession_lost': False}
[Step 74] Action=[ 0.06435926  0.2517819   0.          0.          0.08667695 -0.13668971
 -0.14769785] | Reward=-0.013 | Cum=-0.871 | Info={'shot_attempted': False, 'pass_attempted': False, 'goal_scored': False, 'goal_team': None, 'ball_out_by': None, 'has_ball': False, 'start_shot_bonus': False, 'start_pass_bonus': False, 'possession_lost': False}
[Step 75] Action=[ 0.06436408  0.2518093   0.          0.          0.08651583 -0.13670935
 -0.14779393] | Reward=-0.013 | Cum=-0.883 | Info={'shot_attempted': False, 'pass_attempted': False, 'goal_scored': False, 'goal_team': None, 'ball_out_by': None, 'has_ball': False, 'start_shot_bonus': False, 'start_pass_bonus': False, 'possession_lost': False}
[Step 76] Action=[ 0.06436889  0.25183675  0.          0.          0.0863547  -0.13672903
 -0.14789   ] | Reward=-0.013 | Cum=-0.896 | Info={'shot_attempted': False, 'pass_attempted': False, 'goal_scored': False, 'goal_team': None, 'ball_out_by': None, 'has_ball': False, 'start_shot_bonus': False, 'start_pass_bonus': False, 'possession_lost': False}
[Step 77] Action=[ 0.06437368  0.25186422  0.          0.          0.08619357 -0.13674875
 -0.14798616] | Reward=-0.013 | Cum=-0.909 | Info={'shot_attempted': False, 'pass_attempted': False, 'goal_scored': False, 'goal_team': None, 'ball_out_by': None, 'has_ball': False, 'start_shot_bonus': False, 'start_pass_bonus': False, 'possession_lost': False}
[Step 78] Action=[ 0.06437845  0.25189173  0.          0.          0.08603242 -0.13676846
 -0.14808229] | Reward=-0.013 | Cum=-0.922 | Info={'shot_attempted': False, 'pass_attempted': False, 'goal_scored': False, 'goal_team': None, 'ball_out_by': None, 'has_ball': False, 'start_shot_bonus': False, 'start_pass_bonus': False, 'possession_lost': False}
[Step 79] Action=[ 0.06438321  0.2519192   0.          0.          0.08587126 -0.13678823
 -0.14817847] | Reward=-0.013 | Cum=-0.934 | Info={'shot_attempted': False, 'pass_attempted': False, 'goal_scored': False, 'goal_team': None, 'ball_out_by': None, 'has_ball': False, 'start_shot_bonus': False, 'start_pass_bonus': False, 'possession_lost': False}
[Step 80] Action=[ 0.06438795  0.25194672  0.          0.          0.08571003 -0.136808
 -0.14827468] | Reward=-0.013 | Cum=-0.947 | Info={'shot_attempted': False, 'pass_attempted': False, 'goal_scored': False, 'goal_team': None, 'ball_out_by': None, 'has_ball': False, 'start_shot_bonus': False, 'start_pass_bonus': False, 'possession_lost': False}
[Step 81] Action=[ 0.06438826  0.25197667  0.          0.          0.08554742 -0.13683954
 -0.14836243] | Reward=-0.013 | Cum=-0.960 | Info={'shot_attempted': False, 'pass_attempted': False, 'goal_scored': False, 'goal_team': None, 'ball_out_by': None, 'has_ball': False, 'start_shot_bonus': False, 'start_pass_bonus': False, 'possession_lost': False}
[Step 82] Action=[ 0.06438582  0.25200808  0.          0.          0.08538386 -0.13687839
 -0.14844497] | Reward=-0.013 | Cum=-0.973 | Info={'shot_attempted': False, 'pass_attempted': False, 'goal_scored': False, 'goal_team': None, 'ball_out_by': None, 'has_ball': False, 'start_shot_bonus': False, 'start_pass_bonus': False, 'possession_lost': False}
[Step 83] Action=[ 0.0643834   0.25203952  0.          0.          0.08522028 -0.13691725
 -0.14852753] | Reward=-0.013 | Cum=-0.986 | Info={'shot_attempted': False, 'pass_attempted': False, 'goal_scored': False, 'goal_team': None, 'ball_out_by': None, 'has_ball': False, 'start_shot_bonus': False, 'start_pass_bonus': False, 'possession_lost': False}
[Step 84] Action=[ 0.06438093  0.25207096  0.          0.          0.08505668 -0.13695617
 -0.14861016] | Reward=-0.013 | Cum=-0.998 | Info={'shot_attempted': False, 'pass_attempted': False, 'goal_scored': False, 'goal_team': None, 'ball_out_by': None, 'has_ball': False, 'start_shot_bonus': False, 'start_pass_bonus': False, 'possession_lost': False}
[Step 85] Action=[ 0.06437843  0.25210246  0.          0.          0.08489309 -0.1369951
 -0.14869282] | Reward=-0.013 | Cum=-1.011 | Info={'shot_attempted': False, 'pass_attempted': False, 'goal_scored': False, 'goal_team': None, 'ball_out_by': None, 'has_ball': False, 'start_shot_bonus': False, 'start_pass_bonus': False, 'possession_lost': False}
[Step 86] Action=[ 0.06437595  0.252134    0.          0.          0.08472948 -0.13703407
 -0.1487755 ] | Reward=-0.013 | Cum=-1.024 | Info={'shot_attempted': False, 'pass_attempted': False, 'goal_scored': False, 'goal_team': None, 'ball_out_by': None, 'has_ball': False, 'start_shot_bonus': False, 'start_pass_bonus': False, 'possession_lost': False}
[Step 87] Action=[ 0.06437346  0.25216544  0.          0.          0.08456585 -0.137073
 -0.14885814] | Reward=-0.013 | Cum=-1.037 | Info={'shot_attempted': False, 'pass_attempted': False, 'goal_scored': False, 'goal_team': None, 'ball_out_by': None, 'has_ball': False, 'start_shot_bonus': False, 'start_pass_bonus': False, 'possession_lost': False}
[Step 88] Action=[ 0.06437096  0.25219697  0.          0.          0.08440222 -0.13711195
 -0.14894085] | Reward=-0.013 | Cum=-1.050 | Info={'shot_attempted': False, 'pass_attempted': False, 'goal_scored': False, 'goal_team': None, 'ball_out_by': None, 'has_ball': False, 'start_shot_bonus': False, 'start_pass_bonus': False, 'possession_lost': False}
[Step 89] Action=[ 0.06436843  0.2522285   0.          0.          0.08423855 -0.13715094
 -0.14902355] | Reward=-0.013 | Cum=-1.063 | Info={'shot_attempted': False, 'pass_attempted': False, 'goal_scored': False, 'goal_team': None, 'ball_out_by': None, 'has_ball': False, 'start_shot_bonus': False, 'start_pass_bonus': False, 'possession_lost': False}
[Step 90] Action=[ 0.06436592  0.2522601   0.          0.          0.08407488 -0.13718995
 -0.14910626] | Reward=-0.013 | Cum=-1.076 | Info={'shot_attempted': False, 'pass_attempted': False, 'goal_scored': False, 'goal_team': None, 'ball_out_by': None, 'has_ball': False, 'start_shot_bonus': False, 'start_pass_bonus': False, 'possession_lost': False}
[Step 91] Action=[ 0.06436336  0.25229165  0.          0.          0.0839112  -0.13722895
 -0.14918903] | Reward=-0.013 | Cum=-1.089 | Info={'shot_attempted': False, 'pass_attempted': False, 'goal_scored': False, 'goal_team': None, 'ball_out_by': None, 'has_ball': False, 'start_shot_bonus': False, 'start_pass_bonus': False, 'possession_lost': False}
[Step 92] Action=[ 0.06436083  0.2523232   0.          0.          0.08374749 -0.13726804
 -0.14927183] | Reward=-0.013 | Cum=-1.102 | Info={'shot_attempted': False, 'pass_attempted': False, 'goal_scored': False, 'goal_team': None, 'ball_out_by': None, 'has_ball': False, 'start_shot_bonus': False, 'start_pass_bonus': False, 'possession_lost': False}
[Step 93] Action=[ 0.06435825  0.2523548   0.          0.          0.08358381 -0.13730708
 -0.1493546 ] | Reward=-0.013 | Cum=-1.115 | Info={'shot_attempted': False, 'pass_attempted': False, 'goal_scored': False, 'goal_team': None, 'ball_out_by': None, 'has_ball': False, 'start_shot_bonus': False, 'start_pass_bonus': False, 'possession_lost': False}
[Step 94] Action=[ 0.06435567  0.25238642  0.          0.          0.08342006 -0.13734616
 -0.14943744] | Reward=-0.013 | Cum=-1.128 | Info={'shot_attempted': False, 'pass_attempted': False, 'goal_scored': False, 'goal_team': None, 'ball_out_by': None, 'has_ball': False, 'start_shot_bonus': False, 'start_pass_bonus': False, 'possession_lost': False}
[Step 95] Action=[ 0.06435309  0.25241804  0.          0.          0.08325634 -0.13738526
 -0.1495203 ] | Reward=-0.013 | Cum=-1.141 | Info={'shot_attempted': False, 'pass_attempted': False, 'goal_scored': False, 'goal_team': None, 'ball_out_by': None, 'has_ball': False, 'start_shot_bonus': False, 'start_pass_bonus': False, 'possession_lost': False}
[Step 96] Action=[ 0.06435049  0.25244966  0.          0.          0.08309259 -0.1374244
 -0.14960314] | Reward=-0.013 | Cum=-1.154 | Info={'shot_attempted': False, 'pass_attempted': False, 'goal_scored': False, 'goal_team': None, 'ball_out_by': None, 'has_ball': False, 'start_shot_bonus': False, 'start_pass_bonus': False, 'possession_lost': False}
[Step 97] Action=[ 0.06434789  0.2524813   0.          0.          0.08292885 -0.13746347
 -0.149686  ] | Reward=-0.013 | Cum=-1.168 | Info={'shot_attempted': False, 'pass_attempted': False, 'goal_scored': False, 'goal_team': None, 'ball_out_by': None, 'has_ball': False, 'start_shot_bonus': False, 'start_pass_bonus': False, 'possession_lost': False}
[Step 98] Action=[ 0.06434528  0.25251293  0.          0.          0.08276506 -0.13750261
 -0.14976884] | Reward=-0.013 | Cum=-1.181 | Info={'shot_attempted': False, 'pass_attempted': False, 'goal_scored': False, 'goal_team': None, 'ball_out_by': None, 'has_ball': False, 'start_shot_bonus': False, 'start_pass_bonus': False, 'possession_lost': False}
[Step 99] Action=[ 0.06434269  0.25254458  0.          0.          0.0826013  -0.13754173
 -0.14985174] | Reward=-0.013 | Cum=-1.194 | Info={'shot_attempted': False, 'pass_attempted': False, 'goal_scored': False, 'goal_team': None, 'ball_out_by': None, 'has_ball': False, 'start_shot_bonus': False, 'start_pass_bonus': False, 'possession_lost': False}
[Step 100] Action=[ 0.06434005  0.25257626  0.          0.          0.08243751 -0.13758087
 -0.14993463] | Reward=-0.013 | Cum=-1.207 | Info={'shot_attempted': False, 'pass_attempted': False, 'goal_scored': False, 'goal_team': None, 'ball_out_by': None, 'has_ball': False, 'start_shot_bonus': False, 'start_pass_bonus': False, 'possession_lost': False}
[Step 101] Action=[ 0.06433746  0.25260794  0.          0.          0.08227371 -0.13762006
 -0.15001753] | Reward=-0.013 | Cum=-1.220 | Info={'shot_attempted': False, 'pass_attempted': False, 'goal_scored': False, 'goal_team': None, 'ball_out_by': None, 'has_ball': False, 'start_shot_bonus': False, 'start_pass_bonus': False, 'possession_lost': False}
[Step 102] Action=[ 0.06433479  0.25263962  0.          0.          0.08210991 -0.1376592
 -0.15010042] | Reward=-0.013 | Cum=-1.233 | Info={'shot_attempted': False, 'pass_attempted': False, 'goal_scored': False, 'goal_team': None, 'ball_out_by': None, 'has_ball': False, 'start_shot_bonus': False, 'start_pass_bonus': False, 'possession_lost': False}
[Step 103] Action=[ 0.06433216  0.25267133  0.          0.          0.0819461  -0.13769841
 -0.1501834 ] | Reward=-0.013 | Cum=-1.247 | Info={'shot_attempted': False, 'pass_attempted': False, 'goal_scored': False, 'goal_team': None, 'ball_out_by': None, 'has_ball': False, 'start_shot_bonus': False, 'start_pass_bonus': False, 'possession_lost': False}
[Step 104] Action=[ 0.06432949  0.25270304  0.          0.          0.08178225 -0.13773759
 -0.15026633] | Reward=-0.013 | Cum=-1.260 | Info={'shot_attempted': False, 'pass_attempted': False, 'goal_scored': False, 'goal_team': None, 'ball_out_by': None, 'has_ball': False, 'start_shot_bonus': False, 'start_pass_bonus': False, 'possession_lost': False}
[Step 105] Action=[ 0.06432684  0.25273475  0.          0.          0.08161842 -0.13777682
 -0.15034932] | Reward=-0.013 | Cum=-1.273 | Info={'shot_attempted': False, 'pass_attempted': False, 'goal_scored': False, 'goal_team': None, 'ball_out_by': None, 'has_ball': False, 'start_shot_bonus': False, 'start_pass_bonus': False, 'possession_lost': False}
[Step 106] Action=[ 0.06432417  0.25276643  0.          0.          0.08145456 -0.13781606
 -0.1504323 ] | Reward=-0.013 | Cum=-1.286 | Info={'shot_attempted': False, 'pass_attempted': False, 'goal_scored': False, 'goal_team': None, 'ball_out_by': None, 'has_ball': False, 'start_shot_bonus': False, 'start_pass_bonus': False, 'possession_lost': False}
[Step 107] Action=[ 0.06432148  0.25279823  0.          0.          0.0812907  -0.13785528
 -0.1505153 ] | Reward=-0.013 | Cum=-1.300 | Info={'shot_attempted': False, 'pass_attempted': False, 'goal_scored': False, 'goal_team': None, 'ball_out_by': None, 'has_ball': False, 'start_shot_bonus': False, 'start_pass_bonus': False, 'possession_lost': False}
[Step 108] Action=[ 0.06431881  0.25282997  0.          0.          0.08112683 -0.13789454
 -0.15059833] | Reward=-0.013 | Cum=-1.313 | Info={'shot_attempted': False, 'pass_attempted': False, 'goal_scored': False, 'goal_team': None, 'ball_out_by': None, 'has_ball': False, 'start_shot_bonus': False, 'start_pass_bonus': False, 'possession_lost': False}
[Step 109] Action=[ 0.06431609  0.2528617   0.          0.          0.08096294 -0.13793382
 -0.15068135] | Reward=-0.013 | Cum=-1.326 | Info={'shot_attempted': False, 'pass_attempted': False, 'goal_scored': False, 'goal_team': None, 'ball_out_by': None, 'has_ball': False, 'start_shot_bonus': False, 'start_pass_bonus': False, 'possession_lost': False}
[Step 110] Action=[ 0.0643134   0.25289348  0.          0.          0.08079902 -0.1379731
 -0.15076442] | Reward=-0.013 | Cum=-1.340 | Info={'shot_attempted': False, 'pass_attempted': False, 'goal_scored': False, 'goal_team': None, 'ball_out_by': None, 'has_ball': False, 'start_shot_bonus': False, 'start_pass_bonus': False, 'possession_lost': False}
[Step 111] Action=[ 0.06431068  0.25292528  0.          0.          0.08063514 -0.13801241
 -0.15084745] | Reward=-0.013 | Cum=-1.353 | Info={'shot_attempted': False, 'pass_attempted': False, 'goal_scored': False, 'goal_team': None, 'ball_out_by': None, 'has_ball': False, 'start_shot_bonus': False, 'start_pass_bonus': False, 'possession_lost': False}
[Step 112] Action=[ 0.06430796  0.25295705  0.          0.          0.08047123 -0.1380517
 -0.15093055] | Reward=-0.013 | Cum=-1.366 | Info={'shot_attempted': False, 'pass_attempted': False, 'goal_scored': False, 'goal_team': None, 'ball_out_by': None, 'has_ball': False, 'start_shot_bonus': False, 'start_pass_bonus': False, 'possession_lost': False}
[Step 113] Action=[ 0.06430522  0.25298887  0.          0.          0.08030726 -0.13809101
 -0.15101363] | Reward=-0.013 | Cum=-1.380 | Info={'shot_attempted': False, 'pass_attempted': False, 'goal_scored': False, 'goal_team': None, 'ball_out_by': None, 'has_ball': False, 'start_shot_bonus': False, 'start_pass_bonus': False, 'possession_lost': False}
[Step 114] Action=[ 0.06430249  0.2530207   0.          0.          0.08014333 -0.13813037
 -0.15109675] | Reward=-0.013 | Cum=-1.393 | Info={'shot_attempted': False, 'pass_attempted': False, 'goal_scored': False, 'goal_team': None, 'ball_out_by': None, 'has_ball': False, 'start_shot_bonus': False, 'start_pass_bonus': False, 'possession_lost': False}
[Step 115] Action=[ 0.06429974  0.25305253  0.          0.          0.07997938 -0.1381697
 -0.15117987] | Reward=-0.013 | Cum=-1.407 | Info={'shot_attempted': False, 'pass_attempted': False, 'goal_scored': False, 'goal_team': None, 'ball_out_by': None, 'has_ball': False, 'start_shot_bonus': False, 'start_pass_bonus': False, 'possession_lost': False}
[Step 116] Action=[ 0.06429699  0.25308436  0.          0.          0.07981541 -0.13820909
 -0.15126301] | Reward=-0.013 | Cum=-1.420 | Info={'shot_attempted': False, 'pass_attempted': False, 'goal_scored': False, 'goal_team': None, 'ball_out_by': None, 'has_ball': False, 'start_shot_bonus': False, 'start_pass_bonus': False, 'possession_lost': False}
[Step 117] Action=[ 0.06429551  0.253113    0.          0.          0.07965366 -0.13824862
 -0.15134825] | Reward=-0.013 | Cum=-1.433 | Info={'shot_attempted': False, 'pass_attempted': False, 'goal_scored': False, 'goal_team': None, 'ball_out_by': None, 'has_ball': False, 'start_shot_bonus': False, 'start_pass_bonus': False, 'possession_lost': False}
[Step 118] Action=[ 0.06429898  0.25312915  0.          0.          0.0795004  -0.1382888
 -0.15144145] | Reward=-0.013 | Cum=-1.447 | Info={'shot_attempted': False, 'pass_attempted': False, 'goal_scored': False, 'goal_team': None, 'ball_out_by': None, 'has_ball': False, 'start_shot_bonus': False, 'start_pass_bonus': False, 'possession_lost': False}
[Step 119] Action=[ 0.06430245  0.25314534  0.          0.          0.07934716 -0.13832894
 -0.15153466] | Reward=-0.014 | Cum=-1.460 | Info={'shot_attempted': False, 'pass_attempted': False, 'goal_scored': False, 'goal_team': None, 'ball_out_by': None, 'has_ball': False, 'start_shot_bonus': False, 'start_pass_bonus': False, 'possession_lost': False}
[Step 120] Action=[ 0.06430592  0.2531615   0.          0.          0.07919392 -0.13836908
 -0.15162788] | Reward=-0.014 | Cum=-1.474 | Info={'shot_attempted': False, 'pass_attempted': False, 'goal_scored': False, 'goal_team': None, 'ball_out_by': None, 'has_ball': False, 'start_shot_bonus': False, 'start_pass_bonus': False, 'possession_lost': False}
[Step 121] Action=[ 0.06430939  0.2531776   0.          0.          0.07904062 -0.13840927
 -0.1517211 ] | Reward=-0.014 | Cum=-1.487 | Info={'shot_attempted': False, 'pass_attempted': False, 'goal_scored': False, 'goal_team': None, 'ball_out_by': None, 'has_ball': False, 'start_shot_bonus': False, 'start_pass_bonus': False, 'possession_lost': False}
[Step 122] Action=[ 0.06431285  0.25319383  0.          0.          0.07888736 -0.13844946
 -0.15181431] | Reward=-0.014 | Cum=-1.501 | Info={'shot_attempted': False, 'pass_attempted': False, 'goal_scored': False, 'goal_team': None, 'ball_out_by': None, 'has_ball': False, 'start_shot_bonus': False, 'start_pass_bonus': False, 'possession_lost': False}
[Step 123] Action=[ 0.06431632  0.25321004  0.          0.          0.07873409 -0.13848966
 -0.15190756] | Reward=-0.014 | Cum=-1.515 | Info={'shot_attempted': False, 'pass_attempted': False, 'goal_scored': False, 'goal_team': None, 'ball_out_by': None, 'has_ball': False, 'start_shot_bonus': False, 'start_pass_bonus': False, 'possession_lost': False}
[Step 124] Action=[ 0.06431977  0.25322616  0.          0.          0.07858077 -0.13852987
 -0.15200084] | Reward=-0.014 | Cum=-1.528 | Info={'shot_attempted': False, 'pass_attempted': False, 'goal_scored': False, 'goal_team': None, 'ball_out_by': None, 'has_ball': False, 'start_shot_bonus': False, 'start_pass_bonus': False, 'possession_lost': False}
[Step 125] Action=[ 0.06432319  0.25324237  0.          0.          0.07842752 -0.13857009
 -0.1520941 ] | Reward=-0.014 | Cum=-1.542 | Info={'shot_attempted': False, 'pass_attempted': False, 'goal_scored': False, 'goal_team': None, 'ball_out_by': None, 'has_ball': False, 'start_shot_bonus': False, 'start_pass_bonus': False, 'possession_lost': False}
[Step 126] Action=[ 0.06432664  0.2532586   0.          0.          0.0782742  -0.13861032
 -0.1521874 ] | Reward=-0.014 | Cum=-1.555 | Info={'shot_attempted': False, 'pass_attempted': False, 'goal_scored': False, 'goal_team': None, 'ball_out_by': None, 'has_ball': False, 'start_shot_bonus': False, 'start_pass_bonus': False, 'possession_lost': False}
[Step 127] Action=[ 0.06433006  0.2532748   0.          0.          0.07812089 -0.13865057
 -0.1522807 ] | Reward=-0.014 | Cum=-1.569 | Info={'shot_attempted': False, 'pass_attempted': False, 'goal_scored': False, 'goal_team': None, 'ball_out_by': None, 'has_ball': False, 'start_shot_bonus': False, 'start_pass_bonus': False, 'possession_lost': False}
[Step 128] Action=[ 0.06433349  0.253291    0.          0.          0.07796759 -0.1386908
 -0.152374  ] | Reward=-0.014 | Cum=-1.582 | Info={'shot_attempted': False, 'pass_attempted': False, 'goal_scored': False, 'goal_team': None, 'ball_out_by': None, 'has_ball': False, 'start_shot_bonus': False, 'start_pass_bonus': False, 'possession_lost': False}
[Step 129] Action=[ 0.06433691  0.25330725  0.          0.          0.07781424 -0.13873106
 -0.15246733] | Reward=-0.014 | Cum=-1.596 | Info={'shot_attempted': False, 'pass_attempted': False, 'goal_scored': False, 'goal_team': None, 'ball_out_by': None, 'has_ball': False, 'start_shot_bonus': False, 'start_pass_bonus': False, 'possession_lost': False}
[Step 130] Action=[ 0.06434031  0.2533235   0.          0.          0.0776609  -0.13877136
 -0.15256067] | Reward=-0.014 | Cum=-1.610 | Info={'shot_attempted': False, 'pass_attempted': False, 'goal_scored': False, 'goal_team': None, 'ball_out_by': None, 'has_ball': False, 'start_shot_bonus': False, 'start_pass_bonus': False, 'possession_lost': False}
[Step 131] Action=[ 0.06434876  0.25334054  0.          0.          0.07751539 -0.13880591
 -0.15265967] | Reward=-0.014 | Cum=-1.623 | Info={'shot_attempted': False, 'pass_attempted': False, 'goal_scored': False, 'goal_team': None, 'ball_out_by': None, 'has_ball': False, 'start_shot_bonus': False, 'start_pass_bonus': False, 'possession_lost': False}
[Step 132] Action=[ 0.06436085  0.25335816  0.          0.          0.07737546 -0.13883638
 -0.15276271] | Reward=-0.014 | Cum=-1.637 | Info={'shot_attempted': False, 'pass_attempted': False, 'goal_scored': False, 'goal_team': None, 'ball_out_by': None, 'has_ball': False, 'start_shot_bonus': False, 'start_pass_bonus': False, 'possession_lost': False}
[Step 133] Action=[ 0.06437291  0.2533758   0.          0.          0.07723555 -0.13886683
 -0.15286578] | Reward=-0.014 | Cum=-1.651 | Info={'shot_attempted': False, 'pass_attempted': False, 'goal_scored': False, 'goal_team': None, 'ball_out_by': None, 'has_ball': False, 'start_shot_bonus': False, 'start_pass_bonus': False, 'possession_lost': False}
[Step 134] Action=[ 0.06438496  0.2533934   0.          0.          0.07709561 -0.13889731
 -0.15296884] | Reward=-0.014 | Cum=-1.664 | Info={'shot_attempted': False, 'pass_attempted': False, 'goal_scored': False, 'goal_team': None, 'ball_out_by': None, 'has_ball': False, 'start_shot_bonus': False, 'start_pass_bonus': False, 'possession_lost': False}
[Step 135] Action=[ 0.06439703  0.25341108  0.          0.          0.07695567 -0.13892782
 -0.15307193] | Reward=-0.014 | Cum=-1.678 | Info={'shot_attempted': False, 'pass_attempted': False, 'goal_scored': False, 'goal_team': None, 'ball_out_by': None, 'has_ball': False, 'start_shot_bonus': False, 'start_pass_bonus': False, 'possession_lost': False}
[Step 136] Action=[ 0.06440908  0.2534287   0.          0.          0.07681572 -0.13895833
 -0.15317503] | Reward=-0.014 | Cum=-1.692 | Info={'shot_attempted': False, 'pass_attempted': False, 'goal_scored': False, 'goal_team': None, 'ball_out_by': None, 'has_ball': False, 'start_shot_bonus': False, 'start_pass_bonus': False, 'possession_lost': False}
[Step 137] Action=[ 0.06442112  0.25344634  0.          0.          0.07667576 -0.13898882
 -0.15327813] | Reward=-0.014 | Cum=-1.706 | Info={'shot_attempted': False, 'pass_attempted': False, 'goal_scored': False, 'goal_team': None, 'ball_out_by': None, 'has_ball': False, 'start_shot_bonus': False, 'start_pass_bonus': False, 'possession_lost': False}
[Step 138] Action=[ 0.06443318  0.253464    0.          0.          0.07653582 -0.13901936
 -0.1533812 ] | Reward=-0.014 | Cum=-1.719 | Info={'shot_attempted': False, 'pass_attempted': False, 'goal_scored': False, 'goal_team': None, 'ball_out_by': None, 'has_ball': False, 'start_shot_bonus': False, 'start_pass_bonus': False, 'possession_lost': False}
[Step 139] Action=[ 0.06444523  0.25348166  0.          0.          0.07639585 -0.13904989
 -0.1534843 ] | Reward=-0.014 | Cum=-1.733 | Info={'shot_attempted': False, 'pass_attempted': False, 'goal_scored': False, 'goal_team': None, 'ball_out_by': None, 'has_ball': False, 'start_shot_bonus': False, 'start_pass_bonus': False, 'possession_lost': False}
[Step 140] Action=[ 0.06445726  0.25349936  0.          0.          0.07625587 -0.13908042
 -0.15358743] | Reward=-0.014 | Cum=-1.747 | Info={'shot_attempted': False, 'pass_attempted': False, 'goal_scored': False, 'goal_team': None, 'ball_out_by': None, 'has_ball': False, 'start_shot_bonus': False, 'start_pass_bonus': False, 'possession_lost': False}
[Step 141] Action=[ 0.06446929  0.253517    0.          0.          0.07611591 -0.13911097
 -0.15369056] | Reward=-0.014 | Cum=-1.761 | Info={'shot_attempted': False, 'pass_attempted': False, 'goal_scored': False, 'goal_team': None, 'ball_out_by': None, 'has_ball': False, 'start_shot_bonus': False, 'start_pass_bonus': False, 'possession_lost': False}
[Step 142] Action=[ 0.0644813   0.25353467  0.          0.          0.07597589 -0.13914151
 -0.15379371] | Reward=-0.014 | Cum=-1.775 | Info={'shot_attempted': False, 'pass_attempted': False, 'goal_scored': False, 'goal_team': None, 'ball_out_by': None, 'has_ball': False, 'start_shot_bonus': False, 'start_pass_bonus': False, 'possession_lost': False}
[Step 143] Action=[ 0.06449332  0.25355235  0.          0.          0.07583592 -0.1391721
 -0.15389688] | Reward=-0.014 | Cum=-1.788 | Info={'shot_attempted': False, 'pass_attempted': False, 'goal_scored': False, 'goal_team': None, 'ball_out_by': None, 'has_ball': False, 'start_shot_bonus': False, 'start_pass_bonus': False, 'possession_lost': False}
[Step 144] Action=[ 0.06450534  0.2535701   0.          0.          0.07569591 -0.1392027
 -0.15400009] | Reward=-0.014 | Cum=-1.802 | Info={'shot_attempted': False, 'pass_attempted': False, 'goal_scored': False, 'goal_team': None, 'ball_out_by': None, 'has_ball': False, 'start_shot_bonus': False, 'start_pass_bonus': False, 'possession_lost': False}
[Step 145] Action=[ 0.06451731  0.25358784  0.          0.          0.07555591 -0.13923335
 -0.15410332] | Reward=-0.014 | Cum=-1.816 | Info={'shot_attempted': False, 'pass_attempted': False, 'goal_scored': False, 'goal_team': None, 'ball_out_by': None, 'has_ball': False, 'start_shot_bonus': False, 'start_pass_bonus': False, 'possession_lost': False}
[Step 146] Action=[ 0.06452927  0.25360557  0.          0.          0.07541586 -0.13926403
 -0.1542066 ] | Reward=-0.014 | Cum=-1.830 | Info={'shot_attempted': False, 'pass_attempted': False, 'goal_scored': False, 'goal_team': None, 'ball_out_by': None, 'has_ball': False, 'start_shot_bonus': False, 'start_pass_bonus': False, 'possession_lost': False}
[Step 147] Action=[ 0.06454125  0.25362334  0.          0.          0.07527584 -0.1392947
 -0.15430988] | Reward=-0.014 | Cum=-1.844 | Info={'shot_attempted': False, 'pass_attempted': False, 'goal_scored': False, 'goal_team': None, 'ball_out_by': None, 'has_ball': False, 'start_shot_bonus': False, 'start_pass_bonus': False, 'possession_lost': False}
[Step 148] Action=[ 0.06454006  0.2536397   0.          0.          0.07512979 -0.13932015
 -0.1544069 ] | Reward=-0.014 | Cum=-1.858 | Info={'shot_attempted': False, 'pass_attempted': False, 'goal_scored': False, 'goal_team': None, 'ball_out_by': None, 'has_ball': False, 'start_shot_bonus': False, 'start_pass_bonus': False, 'possession_lost': False}
[Step 149] Action=[ 0.06453718  0.2536559   0.          0.          0.07498298 -0.13934495
 -0.15450315] | Reward=-0.014 | Cum=-1.871 | Info={'shot_attempted': False, 'pass_attempted': False, 'goal_scored': False, 'goal_team': None, 'ball_out_by': None, 'has_ball': False, 'start_shot_bonus': False, 'start_pass_bonus': False, 'possession_lost': False}
[Step 150] Action=[ 0.06453432  0.25367212  0.          0.          0.07483616 -0.13936976
 -0.15459943] | Reward=-0.014 | Cum=-1.885 | Info={'shot_attempted': False, 'pass_attempted': False, 'goal_scored': False, 'goal_team': None, 'ball_out_by': None, 'has_ball': False, 'start_shot_bonus': False, 'start_pass_bonus': False, 'possession_lost': False}
[Step 151] Action=[ 0.06453145  0.25368834  0.          0.          0.07468931 -0.13939461
 -0.1546957 ] | Reward=-0.014 | Cum=-1.899 | Info={'shot_attempted': False, 'pass_attempted': False, 'goal_scored': False, 'goal_team': None, 'ball_out_by': None, 'has_ball': False, 'start_shot_bonus': False, 'start_pass_bonus': False, 'possession_lost': False}
[Step 152] Action=[ 0.06452856  0.25370458  0.          0.          0.07454246 -0.13941948
 -0.15479201] | Reward=-0.014 | Cum=-1.913 | Info={'shot_attempted': False, 'pass_attempted': False, 'goal_scored': False, 'goal_team': None, 'ball_out_by': None, 'has_ball': False, 'start_shot_bonus': False, 'start_pass_bonus': False, 'possession_lost': False}
[Step 153] Action=[ 0.06452565  0.25372085  0.          0.          0.07439562 -0.13944434
 -0.15488833] | Reward=-0.014 | Cum=-1.927 | Info={'shot_attempted': False, 'pass_attempted': False, 'goal_scored': False, 'goal_team': None, 'ball_out_by': None, 'has_ball': False, 'start_shot_bonus': False, 'start_pass_bonus': False, 'possession_lost': False}
[Step 154] Action=[ 0.06452276  0.2537371   0.          0.          0.07424873 -0.13946925
 -0.15498465] | Reward=-0.014 | Cum=-1.941 | Info={'shot_attempted': False, 'pass_attempted': False, 'goal_scored': False, 'goal_team': None, 'ball_out_by': None, 'has_ball': False, 'start_shot_bonus': False, 'start_pass_bonus': False, 'possession_lost': False}
[Step 155] Action=[ 0.06451987  0.2537534   0.          0.          0.07410186 -0.13949415
 -0.15508103] | Reward=-0.014 | Cum=-1.955 | Info={'shot_attempted': False, 'pass_attempted': False, 'goal_scored': False, 'goal_team': None, 'ball_out_by': None, 'has_ball': False, 'start_shot_bonus': False, 'start_pass_bonus': False, 'possession_lost': False}
[Step 156] Action=[ 0.06451694  0.2537697   0.          0.          0.07395498 -0.13951908
 -0.15517741] | Reward=-0.014 | Cum=-1.969 | Info={'shot_attempted': False, 'pass_attempted': False, 'goal_scored': False, 'goal_team': None, 'ball_out_by': None, 'has_ball': False, 'start_shot_bonus': False, 'start_pass_bonus': False, 'possession_lost': False}
[Step 157] Action=[ 0.064514    0.253786    0.          0.          0.07380809 -0.13954403
 -0.1552738 ] | Reward=-0.014 | Cum=-1.983 | Info={'shot_attempted': False, 'pass_attempted': False, 'goal_scored': False, 'goal_team': None, 'ball_out_by': None, 'has_ball': False, 'start_shot_bonus': False, 'start_pass_bonus': False, 'possession_lost': False}
[Step 158] Action=[ 0.06451107  0.25380233  0.          0.          0.07366119 -0.13956898
 -0.1553702 ] | Reward=-0.014 | Cum=-1.997 | Info={'shot_attempted': False, 'pass_attempted': False, 'goal_scored': False, 'goal_team': None, 'ball_out_by': None, 'has_ball': False, 'start_shot_bonus': False, 'start_pass_bonus': False, 'possession_lost': False}
[Step 159] Action=[ 0.06450813  0.2538186   0.          0.          0.07351424 -0.13959397
 -0.15546665] | Reward=-0.014 | Cum=-2.011 | Info={'shot_attempted': False, 'pass_attempted': False, 'goal_scored': False, 'goal_team': None, 'ball_out_by': None, 'has_ball': False, 'start_shot_bonus': False, 'start_pass_bonus': False, 'possession_lost': False}
[Step 160] Action=[ 0.06448821  0.2538306   0.          0.          0.07336904 -0.13961826
 -0.15555236] | Reward=-0.014 | Cum=-2.025 | Info={'shot_attempted': False, 'pass_attempted': False, 'goal_scored': False, 'goal_team': None, 'ball_out_by': None, 'has_ball': False, 'start_shot_bonus': False, 'start_pass_bonus': False, 'possession_lost': False}
[Step 161] Action=[ 0.06446365  0.25384277  0.          0.          0.07322442 -0.13964121
 -0.15563509] | Reward=-0.014 | Cum=-2.039 | Info={'shot_attempted': False, 'pass_attempted': False, 'goal_scored': False, 'goal_team': None, 'ball_out_by': None, 'has_ball': False, 'start_shot_bonus': False, 'start_pass_bonus': False, 'possession_lost': False}
[Step 162] Action=[ 0.06443909  0.25385493  0.          0.          0.07307979 -0.13966416
 -0.1557178 ] | Reward=-0.014 | Cum=-2.053 | Info={'shot_attempted': False, 'pass_attempted': False, 'goal_scored': False, 'goal_team': None, 'ball_out_by': None, 'has_ball': False, 'start_shot_bonus': False, 'start_pass_bonus': False, 'possession_lost': False}
[Step 163] Action=[ 0.06441454  0.2538671   0.          0.          0.07293516 -0.13968712
 -0.15580057] | Reward=-0.014 | Cum=-2.067 | Info={'shot_attempted': False, 'pass_attempted': False, 'goal_scored': False, 'goal_team': None, 'ball_out_by': None, 'has_ball': False, 'start_shot_bonus': False, 'start_pass_bonus': False, 'possession_lost': False}
[Step 164] Action=[ 0.06438996  0.25387928  0.          0.          0.0727905  -0.13971008
 -0.15588328] | Reward=-0.014 | Cum=-2.081 | Info={'shot_attempted': False, 'pass_attempted': False, 'goal_scored': False, 'goal_team': None, 'ball_out_by': None, 'has_ball': False, 'start_shot_bonus': False, 'start_pass_bonus': False, 'possession_lost': False}
[Step 165] Action=[ 0.06436537  0.25389147  0.          0.          0.07264587 -0.13973306
 -0.15596603] | Reward=-0.014 | Cum=-2.095 | Info={'shot_attempted': False, 'pass_attempted': False, 'goal_scored': False, 'goal_team': None, 'ball_out_by': None, 'has_ball': False, 'start_shot_bonus': False, 'start_pass_bonus': False, 'possession_lost': False}
[Step 166] Action=[ 0.06434079  0.25390363  0.          0.          0.0725012  -0.13975607
 -0.15604882] | Reward=-0.014 | Cum=-2.109 | Info={'shot_attempted': False, 'pass_attempted': False, 'goal_scored': False, 'goal_team': None, 'ball_out_by': None, 'has_ball': False, 'start_shot_bonus': False, 'start_pass_bonus': False, 'possession_lost': False}
[Step 167] Action=[ 0.06431621  0.25391585  0.          0.          0.07235653 -0.1397791
 -0.1561316 ] | Reward=-0.014 | Cum=-2.123 | Info={'shot_attempted': False, 'pass_attempted': False, 'goal_scored': False, 'goal_team': None, 'ball_out_by': None, 'has_ball': False, 'start_shot_bonus': False, 'start_pass_bonus': False, 'possession_lost': False}
[Step 168] Action=[ 0.06429157  0.25392804  0.          0.          0.07221183 -0.13980213
 -0.15621437] | Reward=-0.014 | Cum=-2.137 | Info={'shot_attempted': False, 'pass_attempted': False, 'goal_scored': False, 'goal_team': None, 'ball_out_by': None, 'has_ball': False, 'start_shot_bonus': False, 'start_pass_bonus': False, 'possession_lost': False}
[Step 169] Action=[ 0.06426696  0.25394028  0.          0.          0.07206715 -0.13982517
 -0.15629719] | Reward=-0.014 | Cum=-2.151 | Info={'shot_attempted': False, 'pass_attempted': False, 'goal_scored': False, 'goal_team': None, 'ball_out_by': None, 'has_ball': False, 'start_shot_bonus': False, 'start_pass_bonus': False, 'possession_lost': False}
[Step 170] Action=[ 0.06424233  0.2539525   0.          0.          0.07192241 -0.13984825
 -0.15638004] | Reward=-0.014 | Cum=-2.165 | Info={'shot_attempted': False, 'pass_attempted': False, 'goal_scored': False, 'goal_team': None, 'ball_out_by': None, 'has_ball': False, 'start_shot_bonus': False, 'start_pass_bonus': False, 'possession_lost': False}
[Step 171] Action=[ 0.06421769  0.25396475  0.          0.          0.07177769 -0.13987136
 -0.15646288] | Reward=-0.014 | Cum=-2.180 | Info={'shot_attempted': False, 'pass_attempted': False, 'goal_scored': False, 'goal_team': None, 'ball_out_by': None, 'has_ball': False, 'start_shot_bonus': False, 'start_pass_bonus': False, 'possession_lost': False}
[Step 172] Action=[ 0.06419304  0.253977    0.          0.          0.07163294 -0.13989449
 -0.15654576] | Reward=-0.014 | Cum=-2.194 | Info={'shot_attempted': False, 'pass_attempted': False, 'goal_scored': False, 'goal_team': None, 'ball_out_by': None, 'has_ball': False, 'start_shot_bonus': False, 'start_pass_bonus': False, 'possession_lost': False}
[Step 173] Action=[ 0.06416836  0.25398925  0.          0.          0.07148819 -0.13991763
 -0.15662864] | Reward=-0.014 | Cum=-2.208 | Info={'shot_attempted': False, 'pass_attempted': False, 'goal_scored': False, 'goal_team': None, 'ball_out_by': None, 'has_ball': False, 'start_shot_bonus': False, 'start_pass_bonus': False, 'possession_lost': False}
[Step 174] Action=[ 0.06414369  0.25400153  0.          0.          0.07134344 -0.1399408
 -0.15671156] | Reward=-0.014 | Cum=-2.222 | Info={'shot_attempted': False, 'pass_attempted': False, 'goal_scored': False, 'goal_team': None, 'ball_out_by': 'att_1', 'has_ball': False, 'start_shot_bonus': False, 'start_pass_bonus': False, 'possession_lost': False}
