Debug log for att_1 (Episode 1)
================================================================================
[Step 1] Action=[-1.1186534  2.858316   1.945995   2.2219057  3.8154175  0.8103657
  4.308934 ] | Reward=-0.005 | Cum=-0.005 | Info={'fov_visible': True, 'shot_attempted': False, 'pass_attempted': False, 'invalid_action': True, 'pass_power': 0.0, 'shot_power': 0.0, 'goal_scored': False, 'goal_team': None, 'ball_out_by': None, 'start_shot_bonus': False, 'start_pass_bonus': False, 'possession_lost': False, 'deflection_power': 0.0}
[Step 2] Action=[-1.1188205  2.8583405  1.9458326  2.2220228  3.815451   0.8100984
  4.3087125] | Reward=-0.005 | Cum=-0.009 | Info={'fov_visible': True, 'shot_attempted': False, 'pass_attempted': False, 'invalid_action': True, 'pass_power': 0.0, 'shot_power': 0.0, 'goal_scored': False, 'goal_team': None, 'ball_out_by': None, 'start_shot_bonus': False, 'start_pass_bonus': False, 'possession_lost': False, 'deflection_power': 0.0}
[Step 3] Action=[-1.1188128  2.8583927  1.945846   2.2220151  3.8154933  0.8100059
  4.308623 ] | Reward=-0.005 | Cum=-0.014 | Info={'fov_visible': True, 'shot_attempted': False, 'pass_attempted': False, 'invalid_action': True, 'pass_power': 0.0, 'shot_power': 0.0, 'goal_scored': False, 'goal_team': None, 'ball_out_by': None, 'start_shot_bonus': False, 'start_pass_bonus': False, 'possession_lost': False, 'deflection_power': 0.0}
[Step 4] Action=[-1.1188055  2.858445   1.9458594  2.222008   3.815535   0.8099124
  4.3085327] | Reward=-0.005 | Cum=-0.018 | Info={'fov_visible': True, 'shot_attempted': False, 'pass_attempted': False, 'invalid_action': True, 'pass_power': 0.0, 'shot_power': 0.0, 'goal_scored': False, 'goal_team': None, 'ball_out_by': None, 'start_shot_bonus': False, 'start_pass_bonus': False, 'possession_lost': False, 'deflection_power': 0.0}
[Step 5] Action=[-1.1187984  2.8584976  1.9458717  2.2220013  3.815578   0.8098192
  4.3084426] | Reward=-0.005 | Cum=-0.023 | Info={'fov_visible': True, 'shot_attempted': False, 'pass_attempted': False, 'invalid_action': True, 'pass_power': 0.0, 'shot_power': 0.0, 'goal_scored': False, 'goal_team': None, 'ball_out_by': None, 'start_shot_bonus': False, 'start_pass_bonus': False, 'possession_lost': False, 'deflection_power': 0.0}
[Step 6] Action=[-1.1187909   2.8585494   1.9458851   2.2219934   3.8156204   0.80972624
  4.3083534 ] | Reward=-0.005 | Cum=-0.028 | Info={'fov_visible': True, 'shot_attempted': False, 'pass_attempted': False, 'invalid_action': True, 'pass_power': 0.0, 'shot_power': 0.0, 'goal_scored': False, 'goal_team': None, 'ball_out_by': None, 'start_shot_bonus': False, 'start_pass_bonus': False, 'possession_lost': False, 'deflection_power': 0.0}
[Step 7] Action=[-1.1187837  2.858601   1.9458978  2.221986   3.8156617  0.8096336
  4.308263 ] | Reward=-0.005 | Cum=-0.032 | Info={'fov_visible': True, 'shot_attempted': False, 'pass_attempted': False, 'invalid_action': True, 'pass_power': 0.0, 'shot_power': 0.0, 'goal_scored': False, 'goal_team': None, 'ball_out_by': None, 'start_shot_bonus': False, 'start_pass_bonus': False, 'possession_lost': False, 'deflection_power': 0.0}
[Step 8] Action=[-1.1187769   2.858654    1.9459114   2.221979    3.8157043   0.80954057
  4.308174  ] | Reward=-0.005 | Cum=-0.037 | Info={'fov_visible': True, 'shot_attempted': False, 'pass_attempted': False, 'invalid_action': True, 'pass_power': 0.0, 'shot_power': 0.0, 'goal_scored': False, 'goal_team': None, 'ball_out_by': None, 'start_shot_bonus': False, 'start_pass_bonus': False, 'possession_lost': False, 'deflection_power': 0.0}
[Step 9] Action=[-1.1187692  2.8587058  1.9459245  2.2219722  3.8157473  0.8094467
  4.308084 ] | Reward=-0.005 | Cum=-0.042 | Info={'fov_visible': True, 'shot_attempted': False, 'pass_attempted': False, 'invalid_action': True, 'pass_power': 0.0, 'shot_power': 0.0, 'goal_scored': False, 'goal_team': None, 'ball_out_by': None, 'start_shot_bonus': False, 'start_pass_bonus': False, 'possession_lost': False, 'deflection_power': 0.0}
[Step 10] Action=[-1.1187623   2.8587587   1.9459375   2.2219646   3.8157897   0.80935395
  4.307994  ] | Reward=-0.005 | Cum=-0.046 | Info={'fov_visible': True, 'shot_attempted': False, 'pass_attempted': False, 'invalid_action': True, 'pass_power': 0.0, 'shot_power': 0.0, 'goal_scored': False, 'goal_team': None, 'ball_out_by': None, 'start_shot_bonus': False, 'start_pass_bonus': False, 'possession_lost': False, 'deflection_power': 0.0}
[Step 11] Action=[-1.1187544  2.8588104  1.9459507  2.2219574  3.8158321  0.8092607
  4.3079033] | Reward=-0.005 | Cum=-0.051 | Info={'fov_visible': True, 'shot_attempted': False, 'pass_attempted': False, 'invalid_action': True, 'pass_power': 0.0, 'shot_power': 0.0, 'goal_scored': False, 'goal_team': None, 'ball_out_by': None, 'start_shot_bonus': False, 'start_pass_bonus': False, 'possession_lost': False, 'deflection_power': 0.0}
[Step 12] Action=[-1.1187475  2.8588629  1.9459635  2.2219498  3.815874   0.809168
  4.3078146] | Reward=-0.005 | Cum=-0.056 | Info={'fov_visible': True, 'shot_attempted': False, 'pass_attempted': False, 'invalid_action': True, 'pass_power': 0.0, 'shot_power': 0.0, 'goal_scored': False, 'goal_team': None, 'ball_out_by': None, 'start_shot_bonus': False, 'start_pass_bonus': False, 'possession_lost': False, 'deflection_power': 0.0}
[Step 13] Action=[-1.1187398   2.8589153   1.9459769   2.2219427   3.8159165   0.80907476
  4.307724  ] | Reward=-0.005 | Cum=-0.060 | Info={'fov_visible': True, 'shot_attempted': False, 'pass_attempted': False, 'invalid_action': True, 'pass_power': 0.0, 'shot_power': 0.0, 'goal_scored': False, 'goal_team': None, 'ball_out_by': None, 'start_shot_bonus': False, 'start_pass_bonus': False, 'possession_lost': False, 'deflection_power': 0.0}
[Step 14] Action=[-1.1187325   2.858967    1.9459901   2.2219355   3.8159595   0.80898136
  4.307635  ] | Reward=-0.005 | Cum=-0.065 | Info={'fov_visible': True, 'shot_attempted': False, 'pass_attempted': False, 'invalid_action': True, 'pass_power': 0.0, 'shot_power': 0.0, 'goal_scored': False, 'goal_team': None, 'ball_out_by': None, 'start_shot_bonus': False, 'start_pass_bonus': False, 'possession_lost': False, 'deflection_power': 0.0}
[Step 15] Action=[-1.1187252  2.85902    1.9460033  2.2219281  3.816002   0.8088888
  4.3075447] | Reward=-0.005 | Cum=-0.070 | Info={'fov_visible': True, 'shot_attempted': False, 'pass_attempted': False, 'invalid_action': True, 'pass_power': 0.0, 'shot_power': 0.0, 'goal_scored': False, 'goal_team': None, 'ball_out_by': None, 'start_shot_bonus': False, 'start_pass_bonus': False, 'possession_lost': False, 'deflection_power': 0.0}
[Step 16] Action=[-1.1187187  2.8590722  1.9460166  2.2219207  3.8160443  0.8087953
  4.307455 ] | Reward=-0.005 | Cum=-0.075 | Info={'fov_visible': True, 'shot_attempted': False, 'pass_attempted': False, 'invalid_action': True, 'pass_power': 0.0, 'shot_power': 0.0, 'goal_scored': False, 'goal_team': None, 'ball_out_by': None, 'start_shot_bonus': False, 'start_pass_bonus': False, 'possession_lost': False, 'deflection_power': 0.0}
[Step 17] Action=[-1.1187104   2.8591237   1.9460293   2.2219133   3.8160863   0.80870223
  4.3073645 ] | Reward=-0.005 | Cum=-0.079 | Info={'fov_visible': True, 'shot_attempted': False, 'pass_attempted': False, 'invalid_action': True, 'pass_power': 0.0, 'shot_power': 0.0, 'goal_scored': False, 'goal_team': None, 'ball_out_by': None, 'start_shot_bonus': False, 'start_pass_bonus': False, 'possession_lost': False, 'deflection_power': 0.0}
[Step 18] Action=[-1.1187037   2.8591766   1.9460421   2.221906    3.8161287   0.80860984
  4.307275  ] | Reward=-0.005 | Cum=-0.084 | Info={'fov_visible': True, 'shot_attempted': False, 'pass_attempted': False, 'invalid_action': True, 'pass_power': 0.0, 'shot_power': 0.0, 'goal_scored': False, 'goal_team': None, 'ball_out_by': None, 'start_shot_bonus': False, 'start_pass_bonus': False, 'possession_lost': False, 'deflection_power': 0.0}
[Step 19] Action=[-1.1186961   2.8592286   1.9460557   2.2218988   3.8161712   0.80851555
  4.307185  ] | Reward=-0.005 | Cum=-0.089 | Info={'fov_visible': True, 'shot_attempted': False, 'pass_attempted': False, 'invalid_action': True, 'pass_power': 0.0, 'shot_power': 0.0, 'goal_scored': False, 'goal_team': None, 'ball_out_by': None, 'start_shot_bonus': False, 'start_pass_bonus': False, 'possession_lost': False, 'deflection_power': 0.0}
[Step 20] Action=[-1.1186888  2.8592799  1.9460684  2.2218914  3.816213   0.8084233
  4.3070955] | Reward=-0.005 | Cum=-0.094 | Info={'fov_visible': True, 'shot_attempted': False, 'pass_attempted': False, 'invalid_action': True, 'pass_power': 0.0, 'shot_power': 0.0, 'goal_scored': False, 'goal_team': None, 'ball_out_by': None, 'start_shot_bonus': False, 'start_pass_bonus': False, 'possession_lost': False, 'deflection_power': 0.0}
[Step 21] Action=[-1.1186811   2.8593326   1.9460815   2.2218845   3.816255    0.80833054
  4.307005  ] | Reward=-0.005 | Cum=-0.099 | Info={'fov_visible': True, 'shot_attempted': False, 'pass_attempted': False, 'invalid_action': True, 'pass_power': 0.0, 'shot_power': 0.0, 'goal_scored': False, 'goal_team': None, 'ball_out_by': None, 'start_shot_bonus': False, 'start_pass_bonus': False, 'possession_lost': False, 'deflection_power': 0.0}
[Step 22] Action=[-1.1186742  2.8593853  1.946095   2.221877   3.816298   0.8082373
  4.3069158] | Reward=-0.005 | Cum=-0.103 | Info={'fov_visible': True, 'shot_attempted': False, 'pass_attempted': False, 'invalid_action': True, 'pass_power': 0.0, 'shot_power': 0.0, 'goal_scored': False, 'goal_team': None, 'ball_out_by': None, 'start_shot_bonus': False, 'start_pass_bonus': False, 'possession_lost': False, 'deflection_power': 0.0}
[Step 23] Action=[-1.1186671  2.859437   1.9461077  2.2218697  3.816341   0.808144
  4.3068256] | Reward=-0.005 | Cum=-0.108 | Info={'fov_visible': True, 'shot_attempted': False, 'pass_attempted': False, 'invalid_action': True, 'pass_power': 0.0, 'shot_power': 0.0, 'goal_scored': False, 'goal_team': None, 'ball_out_by': None, 'start_shot_bonus': False, 'start_pass_bonus': False, 'possession_lost': False, 'deflection_power': 0.0}
[Step 24] Action=[-1.1186602  2.85949    1.946121   2.2218626  3.8163834  0.80805
  4.306736 ] | Reward=-0.005 | Cum=-0.113 | Info={'fov_visible': True, 'shot_attempted': False, 'pass_attempted': False, 'invalid_action': True, 'pass_power': 0.0, 'shot_power': 0.0, 'goal_scored': False, 'goal_team': None, 'ball_out_by': None, 'start_shot_bonus': False, 'start_pass_bonus': False, 'possession_lost': False, 'deflection_power': 0.0}
[Step 25] Action=[-1.1186522   2.8595424   1.9461342   2.2218552   3.8164253   0.80795777
  4.306646  ] | Reward=-0.005 | Cum=-0.118 | Info={'fov_visible': True, 'shot_attempted': False, 'pass_attempted': False, 'invalid_action': True, 'pass_power': 0.0, 'shot_power': 0.0, 'goal_scored': False, 'goal_team': None, 'ball_out_by': None, 'start_shot_bonus': False, 'start_pass_bonus': False, 'possession_lost': False, 'deflection_power': 0.0}
[Step 26] Action=[-1.118645    2.8595948   1.9461476   2.2218478   3.8164678   0.80786437
  4.3065557 ] | Reward=-0.005 | Cum=-0.123 | Info={'fov_visible': True, 'shot_attempted': False, 'pass_attempted': False, 'invalid_action': True, 'pass_power': 0.0, 'shot_power': 0.0, 'goal_scored': False, 'goal_team': None, 'ball_out_by': None, 'start_shot_bonus': False, 'start_pass_bonus': False, 'possession_lost': False, 'deflection_power': 0.0}
[Step 27] Action=[-1.1186378   2.8596466   1.9461601   2.2218406   3.8165097   0.80777186
  4.306466  ] | Reward=-0.005 | Cum=-0.128 | Info={'fov_visible': True, 'shot_attempted': False, 'pass_attempted': False, 'invalid_action': True, 'pass_power': 0.0, 'shot_power': 0.0, 'goal_scored': False, 'goal_team': None, 'ball_out_by': None, 'start_shot_bonus': False, 'start_pass_bonus': False, 'possession_lost': False, 'deflection_power': 0.0}
[Step 28] Action=[-1.1186306  2.859699   1.9461734  2.2218335  3.8165524  0.807678
  4.3063765] | Reward=-0.005 | Cum=-0.133 | Info={'fov_visible': True, 'shot_attempted': False, 'pass_attempted': False, 'invalid_action': True, 'pass_power': 0.0, 'shot_power': 0.0, 'goal_scored': False, 'goal_team': None, 'ball_out_by': None, 'start_shot_bonus': False, 'start_pass_bonus': False, 'possession_lost': False, 'deflection_power': 0.0}
[Step 29] Action=[-1.1186233  2.8597507  1.9461867  2.2218258  3.816595   0.8075856
  4.3062863] | Reward=-0.005 | Cum=-0.138 | Info={'fov_visible': True, 'shot_attempted': False, 'pass_attempted': False, 'invalid_action': True, 'pass_power': 0.0, 'shot_power': 0.0, 'goal_scored': False, 'goal_team': None, 'ball_out_by': None, 'start_shot_bonus': False, 'start_pass_bonus': False, 'possession_lost': False, 'deflection_power': 0.0}
[Step 30] Action=[-1.1186156   2.8598032   1.9462      2.2218187   3.8166373   0.80749243
  4.306196  ] | Reward=-0.005 | Cum=-0.143 | Info={'fov_visible': True, 'shot_attempted': False, 'pass_attempted': False, 'invalid_action': True, 'pass_power': 0.0, 'shot_power': 0.0, 'goal_scored': False, 'goal_team': None, 'ball_out_by': None, 'start_shot_bonus': False, 'start_pass_bonus': False, 'possession_lost': False, 'deflection_power': 0.0}
[Step 31] Action=[-1.1186086   2.8598554   1.9462128   2.2218118   3.8166795   0.80739963
  4.3061066 ] | Reward=-0.005 | Cum=-0.148 | Info={'fov_visible': True, 'shot_attempted': False, 'pass_attempted': False, 'invalid_action': True, 'pass_power': 0.0, 'shot_power': 0.0, 'goal_scored': False, 'goal_team': None, 'ball_out_by': None, 'start_shot_bonus': False, 'start_pass_bonus': False, 'possession_lost': False, 'deflection_power': 0.0}
[Step 32] Action=[-1.1186014  2.8599079  1.946226   2.2218044  3.8167214  0.8073064
  4.306017 ] | Reward=-0.005 | Cum=-0.153 | Info={'fov_visible': True, 'shot_attempted': False, 'pass_attempted': False, 'invalid_action': True, 'pass_power': 0.0, 'shot_power': 0.0, 'goal_scored': False, 'goal_team': None, 'ball_out_by': None, 'start_shot_bonus': False, 'start_pass_bonus': False, 'possession_lost': False, 'deflection_power': 0.0}
[Step 33] Action=[-1.1185939   2.8599606   1.9462386   2.2217972   3.816764    0.80721295
  4.3059273 ] | Reward=-0.005 | Cum=-0.158 | Info={'fov_visible': True, 'shot_attempted': False, 'pass_attempted': False, 'invalid_action': True, 'pass_power': 0.0, 'shot_power': 0.0, 'goal_scored': False, 'goal_team': None, 'ball_out_by': None, 'start_shot_bonus': False, 'start_pass_bonus': False, 'possession_lost': False, 'deflection_power': 0.0}
[Step 34] Action=[-1.1185869   2.8600125   1.9462519   2.2217891   3.8168077   0.80711937
  4.3058376 ] | Reward=-0.005 | Cum=-0.163 | Info={'fov_visible': True, 'shot_attempted': False, 'pass_attempted': False, 'invalid_action': True, 'pass_power': 0.0, 'shot_power': 0.0, 'goal_scored': False, 'goal_team': None, 'ball_out_by': None, 'start_shot_bonus': False, 'start_pass_bonus': False, 'possession_lost': False, 'deflection_power': 0.0}
[Step 35] Action=[-1.1185793  2.860065   1.946265   2.2217822  3.8168492  0.8070265
  4.305747 ] | Reward=-0.005 | Cum=-0.168 | Info={'fov_visible': True, 'shot_attempted': False, 'pass_attempted': False, 'invalid_action': True, 'pass_power': 0.0, 'shot_power': 0.0, 'goal_scored': False, 'goal_team': None, 'ball_out_by': None, 'start_shot_bonus': False, 'start_pass_bonus': False, 'possession_lost': False, 'deflection_power': 0.0}
[Step 36] Action=[-1.1185721  2.8601165  1.9462785  2.2217753  3.8168917  0.8069338
  4.305658 ] | Reward=-0.005 | Cum=-0.173 | Info={'fov_visible': True, 'shot_attempted': False, 'pass_attempted': False, 'invalid_action': True, 'pass_power': 0.0, 'shot_power': 0.0, 'goal_scored': False, 'goal_team': None, 'ball_out_by': None, 'start_shot_bonus': False, 'start_pass_bonus': False, 'possession_lost': False, 'deflection_power': 0.0}
[Step 37] Action=[-1.1185647   2.8601694   1.9462912   2.2217677   3.816934    0.80684054
  4.3055677 ] | Reward=-0.005 | Cum=-0.178 | Info={'fov_visible': True, 'shot_attempted': False, 'pass_attempted': False, 'invalid_action': True, 'pass_power': 0.0, 'shot_power': 0.0, 'goal_scored': False, 'goal_team': None, 'ball_out_by': None, 'start_shot_bonus': False, 'start_pass_bonus': False, 'possession_lost': False, 'deflection_power': 0.0}
[Step 38] Action=[-1.1185577  2.8602219  1.9463046  2.2217607  3.816976   0.8067479
  4.305478 ] | Reward=-0.005 | Cum=-0.183 | Info={'fov_visible': True, 'shot_attempted': False, 'pass_attempted': False, 'invalid_action': True, 'pass_power': 0.0, 'shot_power': 0.0, 'goal_scored': False, 'goal_team': None, 'ball_out_by': None, 'start_shot_bonus': False, 'start_pass_bonus': False, 'possession_lost': False, 'deflection_power': 0.0}
[Step 39] Action=[-1.1185503   2.8602746   1.9463178   2.2217534   3.817019    0.80665445
  4.3053885 ] | Reward=-0.005 | Cum=-0.188 | Info={'fov_visible': True, 'shot_attempted': False, 'pass_attempted': False, 'invalid_action': True, 'pass_power': 0.0, 'shot_power': 0.0, 'goal_scored': False, 'goal_team': None, 'ball_out_by': None, 'start_shot_bonus': False, 'start_pass_bonus': False, 'possession_lost': False, 'deflection_power': 0.0}
[Step 40] Action=[-1.1185427   2.8603256   1.9463308   2.2217462   3.817061    0.80656093
  4.305298  ] | Reward=-0.005 | Cum=-0.193 | Info={'fov_visible': True, 'shot_attempted': False, 'pass_attempted': False, 'invalid_action': True, 'pass_power': 0.0, 'shot_power': 0.0, 'goal_scored': False, 'goal_team': None, 'ball_out_by': None, 'start_shot_bonus': False, 'start_pass_bonus': False, 'possession_lost': False, 'deflection_power': 0.0}
[Step 41] Action=[-1.1185353  2.860378   1.946344   2.221739   3.8171034  0.8064682
  4.305208 ] | Reward=-0.005 | Cum=-0.198 | Info={'fov_visible': True, 'shot_attempted': False, 'pass_attempted': False, 'invalid_action': True, 'pass_power': 0.0, 'shot_power': 0.0, 'goal_scored': False, 'goal_team': None, 'ball_out_by': None, 'start_shot_bonus': False, 'start_pass_bonus': False, 'possession_lost': False, 'deflection_power': 0.0}
[Step 42] Action=[-1.1185284  2.8604305  1.9463571  2.2217314  3.8171458  0.8063752
  4.305119 ] | Reward=-0.005 | Cum=-0.204 | Info={'fov_visible': True, 'shot_attempted': False, 'pass_attempted': False, 'invalid_action': True, 'pass_power': 0.0, 'shot_power': 0.0, 'goal_scored': False, 'goal_team': None, 'ball_out_by': None, 'start_shot_bonus': False, 'start_pass_bonus': False, 'possession_lost': False, 'deflection_power': 0.0}
[Step 43] Action=[-1.1185213  2.8604825  1.9463696  2.2217243  3.8171887  0.8062822
  4.3050284] | Reward=-0.005 | Cum=-0.209 | Info={'fov_visible': True, 'shot_attempted': False, 'pass_attempted': False, 'invalid_action': True, 'pass_power': 0.0, 'shot_power': 0.0, 'goal_scored': False, 'goal_team': None, 'ball_out_by': None, 'start_shot_bonus': False, 'start_pass_bonus': False, 'possession_lost': False, 'deflection_power': 0.0}
[Step 44] Action=[-1.1185135  2.860535   1.9463826  2.221717   3.8172302  0.8061888
  4.3049383] | Reward=-0.005 | Cum=-0.214 | Info={'fov_visible': True, 'shot_attempted': False, 'pass_attempted': False, 'invalid_action': True, 'pass_power': 0.0, 'shot_power': 0.0, 'goal_scored': False, 'goal_team': None, 'ball_out_by': None, 'start_shot_bonus': False, 'start_pass_bonus': False, 'possession_lost': False, 'deflection_power': 0.0}
[Step 45] Action=[-1.1185064  2.8605874  1.946396   2.2217095  3.8172731  0.8060955
  4.3048487] | Reward=-0.005 | Cum=-0.219 | Info={'fov_visible': True, 'shot_attempted': False, 'pass_attempted': False, 'invalid_action': True, 'pass_power': 0.0, 'shot_power': 0.0, 'goal_scored': False, 'goal_team': None, 'ball_out_by': None, 'start_shot_bonus': False, 'start_pass_bonus': False, 'possession_lost': False, 'deflection_power': 0.0}
[Step 46] Action=[-1.1184987  2.86064    1.9464097  2.2217023  3.8173158  0.8060026
  4.304758 ] | Reward=-0.005 | Cum=-0.224 | Info={'fov_visible': True, 'shot_attempted': False, 'pass_attempted': False, 'invalid_action': True, 'pass_power': 0.0, 'shot_power': 0.0, 'goal_scored': False, 'goal_team': None, 'ball_out_by': None, 'start_shot_bonus': False, 'start_pass_bonus': False, 'possession_lost': False, 'deflection_power': 0.0}
[Step 47] Action=[-1.1184915  2.8606918  1.9464229  2.2216952  3.817358   0.8059096
  4.304669 ] | Reward=-0.005 | Cum=-0.230 | Info={'fov_visible': True, 'shot_attempted': False, 'pass_attempted': False, 'invalid_action': True, 'pass_power': 0.0, 'shot_power': 0.0, 'goal_scored': False, 'goal_team': None, 'ball_out_by': None, 'start_shot_bonus': False, 'start_pass_bonus': False, 'possession_lost': False, 'deflection_power': 0.0}
[Step 48] Action=[-1.1184843  2.8607435  1.9464356  2.221688   3.8174     0.805817
  4.3045783] | Reward=-0.005 | Cum=-0.235 | Info={'fov_visible': True, 'shot_attempted': False, 'pass_attempted': False, 'invalid_action': True, 'pass_power': 0.0, 'shot_power': 0.0, 'goal_scored': False, 'goal_team': None, 'ball_out_by': None, 'start_shot_bonus': False, 'start_pass_bonus': False, 'possession_lost': False, 'deflection_power': 0.0}
[Step 49] Action=[-1.118477    2.8607962   1.9464481   2.2216804   3.817442    0.80572313
  4.304489  ] | Reward=-0.005 | Cum=-0.240 | Info={'fov_visible': True, 'shot_attempted': False, 'pass_attempted': False, 'invalid_action': True, 'pass_power': 0.0, 'shot_power': 0.0, 'goal_scored': False, 'goal_team': None, 'ball_out_by': None, 'start_shot_bonus': False, 'start_pass_bonus': False, 'possession_lost': False, 'deflection_power': 0.0}
[Step 50] Action=[-1.11847     2.8608484   1.9464616   2.2216733   3.8174849   0.80562973
  4.3043995 ] | Reward=-0.005 | Cum=-0.245 | Info={'fov_visible': True, 'shot_attempted': False, 'pass_attempted': False, 'invalid_action': True, 'pass_power': 0.0, 'shot_power': 0.0, 'goal_scored': False, 'goal_team': None, 'ball_out_by': None, 'start_shot_bonus': False, 'start_pass_bonus': False, 'possession_lost': False, 'deflection_power': 0.0}
[Step 51] Action=[-1.1184623  2.8609006  1.946475   2.2216663  3.8175278  0.8055371
  4.30431  ] | Reward=-0.005 | Cum=-0.251 | Info={'fov_visible': True, 'shot_attempted': False, 'pass_attempted': False, 'invalid_action': True, 'pass_power': 0.0, 'shot_power': 0.0, 'goal_scored': False, 'goal_team': None, 'ball_out_by': None, 'start_shot_bonus': False, 'start_pass_bonus': False, 'possession_lost': False, 'deflection_power': 0.0}
[Step 52] Action=[-1.1184548   2.8609529   1.9464881   2.2216594   3.817569    0.80544436
  4.3042197 ] | Reward=-0.005 | Cum=-0.256 | Info={'fov_visible': True, 'shot_attempted': False, 'pass_attempted': False, 'invalid_action': True, 'pass_power': 0.0, 'shot_power': 0.0, 'goal_scored': False, 'goal_team': None, 'ball_out_by': None, 'start_shot_bonus': False, 'start_pass_bonus': False, 'possession_lost': False, 'deflection_power': 0.0}
[Step 53] Action=[-1.1184477  2.8610055  1.9465008  2.2216508  3.8176124  0.8053511
  4.3041296] | Reward=-0.005 | Cum=-0.262 | Info={'fov_visible': True, 'shot_attempted': False, 'pass_attempted': False, 'invalid_action': True, 'pass_power': 0.0, 'shot_power': 0.0, 'goal_scored': False, 'goal_team': None, 'ball_out_by': None, 'start_shot_bonus': False, 'start_pass_bonus': False, 'possession_lost': False, 'deflection_power': 0.0}
[Step 54] Action=[-1.1184407   2.8610578   1.9465141   2.2216446   3.8176541   0.80525804
  4.30404   ] | Reward=-0.005 | Cum=-0.267 | Info={'fov_visible': True, 'shot_attempted': False, 'pass_attempted': False, 'invalid_action': True, 'pass_power': 0.0, 'shot_power': 0.0, 'goal_scored': False, 'goal_team': None, 'ball_out_by': None, 'start_shot_bonus': False, 'start_pass_bonus': False, 'possession_lost': False, 'deflection_power': 0.0}
[Step 55] Action=[-1.1184332  2.8611093  1.9465271  2.221637   3.8176968  0.8051648
  4.3039503] | Reward=-0.005 | Cum=-0.272 | Info={'fov_visible': True, 'shot_attempted': False, 'pass_attempted': False, 'invalid_action': True, 'pass_power': 0.0, 'shot_power': 0.0, 'goal_scored': False, 'goal_team': None, 'ball_out_by': None, 'start_shot_bonus': False, 'start_pass_bonus': False, 'possession_lost': False, 'deflection_power': 0.0}
[Step 56] Action=[-1.1184257  2.8611622  1.9465402  2.2216308  3.8177397  0.805072
  4.3038597] | Reward=-0.005 | Cum=-0.278 | Info={'fov_visible': True, 'shot_attempted': False, 'pass_attempted': False, 'invalid_action': True, 'pass_power': 0.0, 'shot_power': 0.0, 'goal_scored': False, 'goal_team': None, 'ball_out_by': None, 'start_shot_bonus': False, 'start_pass_bonus': False, 'possession_lost': False, 'deflection_power': 0.0}
[Step 57] Action=[-1.1184186  2.8612142  1.9465536  2.2216222  3.8177817  0.8049786
  4.3037705] | Reward=-0.005 | Cum=-0.283 | Info={'fov_visible': True, 'shot_attempted': False, 'pass_attempted': False, 'invalid_action': True, 'pass_power': 0.0, 'shot_power': 0.0, 'goal_scored': False, 'goal_team': None, 'ball_out_by': None, 'start_shot_bonus': False, 'start_pass_bonus': False, 'possession_lost': False, 'deflection_power': 0.0}
[Step 58] Action=[-1.1184107   2.8612661   1.9465663   2.2216153   3.8178246   0.80488575
  4.303681  ] | Reward=-0.005 | Cum=-0.289 | Info={'fov_visible': True, 'shot_attempted': False, 'pass_attempted': False, 'invalid_action': True, 'pass_power': 0.0, 'shot_power': 0.0, 'goal_scored': False, 'goal_team': None, 'ball_out_by': None, 'start_shot_bonus': False, 'start_pass_bonus': False, 'possession_lost': False, 'deflection_power': 0.0}
[Step 59] Action=[-1.1184037   2.861319    1.9465796   2.2216077   3.8178663   0.80479264
  4.303591  ] | Reward=-0.005 | Cum=-0.294 | Info={'fov_visible': True, 'shot_attempted': False, 'pass_attempted': False, 'invalid_action': True, 'pass_power': 0.0, 'shot_power': 0.0, 'goal_scored': False, 'goal_team': None, 'ball_out_by': None, 'start_shot_bonus': False, 'start_pass_bonus': False, 'possession_lost': False, 'deflection_power': 0.0}
[Step 60] Action=[-1.1183963  2.8613708  1.9465925  2.2216008  3.8179088  0.8046992
  4.3035   ] | Reward=-0.005 | Cum=-0.300 | Info={'fov_visible': True, 'shot_attempted': False, 'pass_attempted': False, 'invalid_action': True, 'pass_power': 0.0, 'shot_power': 0.0, 'goal_scored': False, 'goal_team': None, 'ball_out_by': None, 'start_shot_bonus': False, 'start_pass_bonus': False, 'possession_lost': False, 'deflection_power': 0.0}
[Step 61] Action=[-1.1183891  2.861423   1.9466058  2.2215936  3.8179512  0.8046063
  4.3034115] | Reward=-0.006 | Cum=-0.305 | Info={'fov_visible': True, 'shot_attempted': False, 'pass_attempted': False, 'invalid_action': True, 'pass_power': 0.0, 'shot_power': 0.0, 'goal_scored': False, 'goal_team': None, 'ball_out_by': None, 'start_shot_bonus': False, 'start_pass_bonus': False, 'possession_lost': False, 'deflection_power': 0.0}
[Step 62] Action=[-1.1183815   2.8614762   1.946619    2.2215865   3.817994    0.80451256
  4.303321  ] | Reward=-0.006 | Cum=-0.311 | Info={'fov_visible': True, 'shot_attempted': False, 'pass_attempted': False, 'invalid_action': True, 'pass_power': 0.0, 'shot_power': 0.0, 'goal_scored': False, 'goal_team': None, 'ball_out_by': None, 'start_shot_bonus': False, 'start_pass_bonus': False, 'possession_lost': False, 'deflection_power': 0.0}
[Step 63] Action=[-1.1183745  2.8615274  1.9466321  2.2215788  3.8180358  0.8044199
  4.3032303] | Reward=-0.006 | Cum=-0.316 | Info={'fov_visible': True, 'shot_attempted': False, 'pass_attempted': False, 'invalid_action': True, 'pass_power': 0.0, 'shot_power': 0.0, 'goal_scored': False, 'goal_team': None, 'ball_out_by': None, 'start_shot_bonus': False, 'start_pass_bonus': False, 'possession_lost': False, 'deflection_power': 0.0}
[Step 64] Action=[-1.1183668   2.8615797   1.9466448   2.2215722   3.8180785   0.80432665
  4.3031406 ] | Reward=-0.006 | Cum=-0.322 | Info={'fov_visible': True, 'shot_attempted': False, 'pass_attempted': False, 'invalid_action': True, 'pass_power': 0.0, 'shot_power': 0.0, 'goal_scored': False, 'goal_team': None, 'ball_out_by': None, 'start_shot_bonus': False, 'start_pass_bonus': False, 'possession_lost': False, 'deflection_power': 0.0}
[Step 65] Action=[-1.1183596  2.861632   1.9466581  2.221564   3.8181214  0.8042338
  4.303052 ] | Reward=-0.006 | Cum=-0.328 | Info={'fov_visible': True, 'shot_attempted': False, 'pass_attempted': False, 'invalid_action': True, 'pass_power': 0.0, 'shot_power': 0.0, 'goal_scored': False, 'goal_team': None, 'ball_out_by': None, 'start_shot_bonus': False, 'start_pass_bonus': False, 'possession_lost': False, 'deflection_power': 0.0}
[Step 66] Action=[-1.1183522  2.8616843  1.9466712  2.2215576  3.818164   0.8041407
  4.3029613] | Reward=-0.006 | Cum=-0.333 | Info={'fov_visible': True, 'shot_attempted': False, 'pass_attempted': False, 'invalid_action': True, 'pass_power': 0.0, 'shot_power': 0.0, 'goal_scored': False, 'goal_team': None, 'ball_out_by': None, 'start_shot_bonus': False, 'start_pass_bonus': False, 'possession_lost': False, 'deflection_power': 0.0}
[Step 67] Action=[-1.118345   2.8617373  1.9466845  2.2215502  3.8182058  0.8040476
  4.3028717] | Reward=-0.006 | Cum=-0.339 | Info={'fov_visible': True, 'shot_attempted': False, 'pass_attempted': False, 'invalid_action': True, 'pass_power': 0.0, 'shot_power': 0.0, 'goal_scored': False, 'goal_team': None, 'ball_out_by': None, 'start_shot_bonus': False, 'start_pass_bonus': False, 'possession_lost': False, 'deflection_power': 0.0}
[Step 68] Action=[-1.1183379  2.8617887  1.9466974  2.2215426  3.8182483  0.8039546
  4.302782 ] | Reward=-0.006 | Cum=-0.344 | Info={'fov_visible': True, 'shot_attempted': False, 'pass_attempted': False, 'invalid_action': True, 'pass_power': 0.0, 'shot_power': 0.0, 'goal_scored': False, 'goal_team': None, 'ball_out_by': None, 'start_shot_bonus': False, 'start_pass_bonus': False, 'possession_lost': False, 'deflection_power': 0.0}
[Step 69] Action=[-1.1183306  2.8618417  1.9467108  2.2215357  3.8182907  0.8038608
  4.3026905] | Reward=-0.006 | Cum=-0.350 | Info={'fov_visible': True, 'shot_attempted': False, 'pass_attempted': False, 'invalid_action': True, 'pass_power': 0.0, 'shot_power': 0.0, 'goal_scored': False, 'goal_team': None, 'ball_out_by': None, 'start_shot_bonus': False, 'start_pass_bonus': False, 'possession_lost': False, 'deflection_power': 0.0}
[Step 70] Action=[-1.118323   2.8618937  1.9467233  2.2215283  3.8183331  0.8037684
  4.302602 ] | Reward=-0.006 | Cum=-0.356 | Info={'fov_visible': True, 'shot_attempted': False, 'pass_attempted': False, 'invalid_action': True, 'pass_power': 0.0, 'shot_power': 0.0, 'goal_scored': False, 'goal_team': None, 'ball_out_by': None, 'start_shot_bonus': False, 'start_pass_bonus': False, 'possession_lost': False, 'deflection_power': 0.0}
[Step 71] Action=[-1.1183158  2.8619456  1.9467368  2.2215216  3.8183756  0.8036751
  4.302512 ] | Reward=-0.006 | Cum=-0.361 | Info={'fov_visible': True, 'shot_attempted': False, 'pass_attempted': False, 'invalid_action': True, 'pass_power': 0.0, 'shot_power': 0.0, 'goal_scored': False, 'goal_team': None, 'ball_out_by': None, 'start_shot_bonus': False, 'start_pass_bonus': False, 'possession_lost': False, 'deflection_power': 0.0}
[Step 72] Action=[-1.1183084  2.8619976  1.9467502  2.221514   3.818418   0.8035816
  4.302422 ] | Reward=-0.006 | Cum=-0.367 | Info={'fov_visible': True, 'shot_attempted': False, 'pass_attempted': False, 'invalid_action': True, 'pass_power': 0.0, 'shot_power': 0.0, 'goal_scored': False, 'goal_team': None, 'ball_out_by': None, 'start_shot_bonus': False, 'start_pass_bonus': False, 'possession_lost': False, 'deflection_power': 0.0}
[Step 73] Action=[-1.1183013  2.86205    1.946763   2.2215059  3.8184602  0.8034892
  4.302332 ] | Reward=-0.006 | Cum=-0.373 | Info={'fov_visible': True, 'shot_attempted': False, 'pass_attempted': False, 'invalid_action': True, 'pass_power': 0.0, 'shot_power': 0.0, 'goal_scored': False, 'goal_team': None, 'ball_out_by': None, 'start_shot_bonus': False, 'start_pass_bonus': False, 'possession_lost': False, 'deflection_power': 0.0}
[Step 74] Action=[-1.1182936  2.862103   1.946776   2.2214992  3.818503   0.8033954
  4.3022423] | Reward=-0.006 | Cum=-0.379 | Info={'fov_visible': True, 'shot_attempted': False, 'pass_attempted': False, 'invalid_action': True, 'pass_power': 0.0, 'shot_power': 0.0, 'goal_scored': False, 'goal_team': None, 'ball_out_by': None, 'start_shot_bonus': False, 'start_pass_bonus': False, 'possession_lost': False, 'deflection_power': 0.0}
[Step 75] Action=[-1.1182866  2.862155   1.9467894  2.2214916  3.8185453  0.803302
  4.3021526] | Reward=-0.006 | Cum=-0.385 | Info={'fov_visible': True, 'shot_attempted': False, 'pass_attempted': False, 'invalid_action': True, 'pass_power': 0.0, 'shot_power': 0.0, 'goal_scored': False, 'goal_team': None, 'ball_out_by': None, 'start_shot_bonus': False, 'start_pass_bonus': False, 'possession_lost': False, 'deflection_power': 0.0}
[Step 76] Action=[-1.1182791  2.8622072  1.946803   2.2214847  3.8185878  0.8032094
  4.302062 ] | Reward=-0.006 | Cum=-0.390 | Info={'fov_visible': True, 'shot_attempted': False, 'pass_attempted': False, 'invalid_action': True, 'pass_power': 0.0, 'shot_power': 0.0, 'goal_scored': False, 'goal_team': None, 'ball_out_by': None, 'start_shot_bonus': False, 'start_pass_bonus': False, 'possession_lost': False, 'deflection_power': 0.0}
[Step 77] Action=[-1.1182714  2.8622599  1.9468158  2.2214782  3.8186307  0.8031159
  4.3019724] | Reward=-0.006 | Cum=-0.396 | Info={'fov_visible': True, 'shot_attempted': False, 'pass_attempted': False, 'invalid_action': True, 'pass_power': 0.0, 'shot_power': 0.0, 'goal_scored': False, 'goal_team': None, 'ball_out_by': None, 'start_shot_bonus': False, 'start_pass_bonus': False, 'possession_lost': False, 'deflection_power': 0.0}
[Step 78] Action=[-1.1182642  2.862312   1.9468286  2.2214706  3.8186731  0.803023
  4.3018827] | Reward=-0.006 | Cum=-0.402 | Info={'fov_visible': True, 'shot_attempted': False, 'pass_attempted': False, 'invalid_action': True, 'pass_power': 0.0, 'shot_power': 0.0, 'goal_scored': False, 'goal_team': None, 'ball_out_by': None, 'start_shot_bonus': False, 'start_pass_bonus': False, 'possession_lost': False, 'deflection_power': 0.0}
[Step 79] Action=[-1.1182567  2.8623638  1.9468417  2.221463   3.8187153  0.8029305
  4.3017926] | Reward=-0.006 | Cum=-0.408 | Info={'fov_visible': True, 'shot_attempted': False, 'pass_attempted': False, 'invalid_action': True, 'pass_power': 0.0, 'shot_power': 0.0, 'goal_scored': False, 'goal_team': None, 'ball_out_by': None, 'start_shot_bonus': False, 'start_pass_bonus': False, 'possession_lost': False, 'deflection_power': 0.0}
[Step 80] Action=[-1.1182499  2.8624163  1.9468551  2.2214553  3.818757   0.8028368
  4.301703 ] | Reward=-0.006 | Cum=-0.414 | Info={'fov_visible': True, 'shot_attempted': False, 'pass_attempted': False, 'invalid_action': True, 'pass_power': 0.0, 'shot_power': 0.0, 'goal_scored': False, 'goal_team': None, 'ball_out_by': None, 'start_shot_bonus': False, 'start_pass_bonus': False, 'possession_lost': False, 'deflection_power': 0.0}
[Step 81] Action=[-1.1182423  2.8624687  1.9468682  2.2214482  3.8187995  0.8027444
  4.301614 ] | Reward=-0.006 | Cum=-0.420 | Info={'fov_visible': True, 'shot_attempted': False, 'pass_attempted': False, 'invalid_action': True, 'pass_power': 0.0, 'shot_power': 0.0, 'goal_scored': False, 'goal_team': None, 'ball_out_by': None, 'start_shot_bonus': False, 'start_pass_bonus': False, 'possession_lost': False, 'deflection_power': 0.0}
[Step 82] Action=[-1.1182349  2.8625207  1.946881   2.2214415  3.8188422  0.8026507
  4.301524 ] | Reward=-0.006 | Cum=-0.426 | Info={'fov_visible': True, 'shot_attempted': False, 'pass_attempted': False, 'invalid_action': True, 'pass_power': 0.0, 'shot_power': 0.0, 'goal_scored': False, 'goal_team': None, 'ball_out_by': None, 'start_shot_bonus': False, 'start_pass_bonus': False, 'possession_lost': False, 'deflection_power': 0.0}
[Step 83] Action=[-1.1182271   2.8625731   1.9468939   2.2214336   3.8188853   0.80255747
  4.3014326 ] | Reward=-0.006 | Cum=-0.432 | Info={'fov_visible': True, 'shot_attempted': False, 'pass_attempted': False, 'invalid_action': True, 'pass_power': 0.0, 'shot_power': 0.0, 'goal_scored': False, 'goal_team': None, 'ball_out_by': None, 'start_shot_bonus': False, 'start_pass_bonus': False, 'possession_lost': False, 'deflection_power': 0.0}
[Step 84] Action=[-1.1182199  2.8626254  1.9469076  2.2214272  3.8189278  0.8024645
  4.3013434] | Reward=-0.006 | Cum=-0.438 | Info={'fov_visible': True, 'shot_attempted': False, 'pass_attempted': False, 'invalid_action': True, 'pass_power': 0.0, 'shot_power': 0.0, 'goal_scored': False, 'goal_team': None, 'ball_out_by': None, 'start_shot_bonus': False, 'start_pass_bonus': False, 'possession_lost': False, 'deflection_power': 0.0}
[Step 85] Action=[-1.1182132  2.862678   1.9469202  2.2214196  3.8189697  0.8023714
  4.3012533] | Reward=-0.006 | Cum=-0.444 | Info={'fov_visible': True, 'shot_attempted': False, 'pass_attempted': False, 'invalid_action': True, 'pass_power': 0.0, 'shot_power': 0.0, 'goal_scored': False, 'goal_team': None, 'ball_out_by': None, 'start_shot_bonus': False, 'start_pass_bonus': False, 'possession_lost': False, 'deflection_power': 0.0}
[Step 86] Action=[-1.1182053  2.8627295  1.946933   2.2214131  3.8190117  0.8022783
  4.3011637] | Reward=-0.006 | Cum=-0.450 | Info={'fov_visible': True, 'shot_attempted': False, 'pass_attempted': False, 'invalid_action': True, 'pass_power': 0.0, 'shot_power': 0.0, 'goal_scored': False, 'goal_team': None, 'ball_out_by': None, 'start_shot_bonus': False, 'start_pass_bonus': False, 'possession_lost': False, 'deflection_power': 0.0}
[Step 87] Action=[-1.1181978   2.8627822   1.946947    2.2214057   3.8190546   0.80218494
  4.3010736 ] | Reward=-0.006 | Cum=-0.456 | Info={'fov_visible': True, 'shot_attempted': False, 'pass_attempted': False, 'invalid_action': True, 'pass_power': 0.0, 'shot_power': 0.0, 'goal_scored': False, 'goal_team': None, 'ball_out_by': None, 'start_shot_bonus': False, 'start_pass_bonus': False, 'possession_lost': False, 'deflection_power': 0.0}
[Step 88] Action=[-1.1181909   2.8628333   1.9469596   2.2213976   3.8190966   0.80209094
  4.300984  ] | Reward=-0.006 | Cum=-0.462 | Info={'fov_visible': True, 'shot_attempted': False, 'pass_attempted': False, 'invalid_action': True, 'pass_power': 0.0, 'shot_power': 0.0, 'goal_scored': False, 'goal_team': None, 'ball_out_by': None, 'start_shot_bonus': False, 'start_pass_bonus': False, 'possession_lost': False, 'deflection_power': 0.0}
[Step 89] Action=[-1.1181833  2.8628867  1.9469727  2.221391   3.8191397  0.8019986
  4.300894 ] | Reward=-0.006 | Cum=-0.468 | Info={'fov_visible': True, 'shot_attempted': False, 'pass_attempted': False, 'invalid_action': True, 'pass_power': 0.0, 'shot_power': 0.0, 'goal_scored': False, 'goal_team': None, 'ball_out_by': None, 'start_shot_bonus': False, 'start_pass_bonus': False, 'possession_lost': False, 'deflection_power': 0.0}
[Step 90] Action=[-1.118176   2.8629382  1.9469864  2.2213836  3.819182   0.8019057
  4.300804 ] | Reward=-0.006 | Cum=-0.474 | Info={'fov_visible': True, 'shot_attempted': False, 'pass_attempted': False, 'invalid_action': True, 'pass_power': 0.0, 'shot_power': 0.0, 'goal_scored': False, 'goal_team': None, 'ball_out_by': None, 'start_shot_bonus': False, 'start_pass_bonus': False, 'possession_lost': False, 'deflection_power': 0.0}
[Step 91] Action=[-1.1181685  2.8629906  1.946999   2.221376   3.8192239  0.8018125
  4.300714 ] | Reward=-0.006 | Cum=-0.480 | Info={'fov_visible': True, 'shot_attempted': False, 'pass_attempted': False, 'invalid_action': True, 'pass_power': 0.0, 'shot_power': 0.0, 'goal_scored': False, 'goal_team': None, 'ball_out_by': None, 'start_shot_bonus': False, 'start_pass_bonus': False, 'possession_lost': False, 'deflection_power': 0.0}
[Step 92] Action=[-1.1181616   2.8630435   1.9470122   2.221369    3.819267    0.80171895
  4.300624  ] | Reward=-0.006 | Cum=-0.486 | Info={'fov_visible': True, 'shot_attempted': False, 'pass_attempted': False, 'invalid_action': True, 'pass_power': 0.0, 'shot_power': 0.0, 'goal_scored': False, 'goal_team': None, 'ball_out_by': None, 'start_shot_bonus': False, 'start_pass_bonus': False, 'possession_lost': False, 'deflection_power': 0.0}
[Step 93] Action=[-1.118154   2.8630955  1.9470253  2.2213614  3.819309   0.8016267
  4.3005342] | Reward=-0.006 | Cum=-0.493 | Info={'fov_visible': True, 'shot_attempted': False, 'pass_attempted': False, 'invalid_action': True, 'pass_power': 0.0, 'shot_power': 0.0, 'goal_scored': False, 'goal_team': None, 'ball_out_by': None, 'start_shot_bonus': False, 'start_pass_bonus': False, 'possession_lost': False, 'deflection_power': 0.0}
[Step 94] Action=[-1.1181469  2.8631482  1.9470387  2.2213547  3.8193521  0.8015324
  4.3004446] | Reward=-0.006 | Cum=-0.499 | Info={'fov_visible': True, 'shot_attempted': False, 'pass_attempted': False, 'invalid_action': True, 'pass_power': 0.0, 'shot_power': 0.0, 'goal_scored': False, 'goal_team': None, 'ball_out_by': None, 'start_shot_bonus': False, 'start_pass_bonus': False, 'possession_lost': False, 'deflection_power': 0.0}
[Step 95] Action=[-1.1181394   2.8632      1.9470513   2.221347    3.819394    0.80143976
  4.300354  ] | Reward=-0.006 | Cum=-0.505 | Info={'fov_visible': True, 'shot_attempted': False, 'pass_attempted': False, 'invalid_action': True, 'pass_power': 0.0, 'shot_power': 0.0, 'goal_scored': False, 'goal_team': None, 'ball_out_by': None, 'start_shot_bonus': False, 'start_pass_bonus': False, 'possession_lost': False, 'deflection_power': 0.0}
[Step 96] Action=[-1.1181321  2.8632522  1.9470642  2.2213404  3.819436   0.8013464
  4.3002644] | Reward=-0.006 | Cum=-0.511 | Info={'fov_visible': True, 'shot_attempted': False, 'pass_attempted': False, 'invalid_action': True, 'pass_power': 0.0, 'shot_power': 0.0, 'goal_scored': False, 'goal_team': None, 'ball_out_by': None, 'start_shot_bonus': False, 'start_pass_bonus': False, 'possession_lost': False, 'deflection_power': 0.0}
[Step 97] Action=[-1.1181241  2.8633046  1.9470774  2.2213323  3.819479   0.8012537
  4.300175 ] | Reward=-0.006 | Cum=-0.517 | Info={'fov_visible': True, 'shot_attempted': False, 'pass_attempted': False, 'invalid_action': True, 'pass_power': 0.0, 'shot_power': 0.0, 'goal_scored': False, 'goal_team': None, 'ball_out_by': None, 'start_shot_bonus': False, 'start_pass_bonus': False, 'possession_lost': False, 'deflection_power': 0.0}
[Step 98] Action=[-1.1181173  2.863357   1.9470912  2.2213254  3.8195214  0.8011606
  4.300084 ] | Reward=-0.006 | Cum=-0.524 | Info={'fov_visible': True, 'shot_attempted': False, 'pass_attempted': False, 'invalid_action': True, 'pass_power': 0.0, 'shot_power': 0.0, 'goal_scored': False, 'goal_team': None, 'ball_out_by': None, 'start_shot_bonus': False, 'start_pass_bonus': False, 'possession_lost': False, 'deflection_power': 0.0}
[Step 99] Action=[-1.1181097   2.8634093   1.9471039   2.221319    3.8195639   0.80106807
  4.2999945 ] | Reward=-0.006 | Cum=-0.530 | Info={'fov_visible': True, 'shot_attempted': False, 'pass_attempted': False, 'invalid_action': True, 'pass_power': 0.0, 'shot_power': 0.0, 'goal_scored': False, 'goal_team': None, 'ball_out_by': None, 'start_shot_bonus': False, 'start_pass_bonus': False, 'possession_lost': False, 'deflection_power': 0.0}
[Step 100] Action=[-1.1181023  2.8634613  1.9471176  2.2213113  3.8196063  0.8009745
  4.299905 ] | Reward=-0.006 | Cum=-0.536 | Info={'fov_visible': True, 'shot_attempted': False, 'pass_attempted': False, 'invalid_action': True, 'pass_power': 0.0, 'shot_power': 0.0, 'goal_scored': False, 'goal_team': None, 'ball_out_by': None, 'start_shot_bonus': False, 'start_pass_bonus': False, 'possession_lost': False, 'deflection_power': 0.0}
[Step 101] Action=[-1.1180947  2.8635137  1.94713    2.221304   3.8196483  0.8008812
  4.299815 ] | Reward=-0.006 | Cum=-0.543 | Info={'fov_visible': True, 'shot_attempted': False, 'pass_attempted': False, 'invalid_action': True, 'pass_power': 0.0, 'shot_power': 0.0, 'goal_scored': False, 'goal_team': None, 'ball_out_by': None, 'start_shot_bonus': False, 'start_pass_bonus': False, 'possession_lost': False, 'deflection_power': 0.0}
[Step 102] Action=[-1.118088   2.8635664  1.9471434  2.221297   3.819691   0.8007877
  4.2997255] | Reward=-0.006 | Cum=-0.549 | Info={'fov_visible': True, 'shot_attempted': False, 'pass_attempted': False, 'invalid_action': True, 'pass_power': 0.0, 'shot_power': 0.0, 'goal_scored': False, 'goal_team': None, 'ball_out_by': None, 'start_shot_bonus': False, 'start_pass_bonus': False, 'possession_lost': False, 'deflection_power': 0.0}
[Step 103] Action=[-1.1180804  2.8636184  1.947156   2.2212899  3.8197336  0.8006942
  4.299635 ] | Reward=-0.006 | Cum=-0.556 | Info={'fov_visible': True, 'shot_attempted': False, 'pass_attempted': False, 'invalid_action': True, 'pass_power': 0.0, 'shot_power': 0.0, 'goal_scored': False, 'goal_team': None, 'ball_out_by': None, 'start_shot_bonus': False, 'start_pass_bonus': False, 'possession_lost': False, 'deflection_power': 0.0}
[Step 104] Action=[-1.1180726  2.8636703  1.9471694  2.2212825  3.8197763  0.8006017
  4.2995453] | Reward=-0.006 | Cum=-0.562 | Info={'fov_visible': True, 'shot_attempted': False, 'pass_attempted': False, 'invalid_action': True, 'pass_power': 0.0, 'shot_power': 0.0, 'goal_scored': False, 'goal_team': None, 'ball_out_by': None, 'start_shot_bonus': False, 'start_pass_bonus': False, 'possession_lost': False, 'deflection_power': 0.0}
[Step 105] Action=[-1.1180651  2.8637226  1.9471823  2.221275   3.819819   0.8005086
  4.299455 ] | Reward=-0.006 | Cum=-0.568 | Info={'fov_visible': True, 'shot_attempted': False, 'pass_attempted': False, 'invalid_action': True, 'pass_power': 0.0, 'shot_power': 0.0, 'goal_scored': False, 'goal_team': None, 'ball_out_by': None, 'start_shot_bonus': False, 'start_pass_bonus': False, 'possession_lost': False, 'deflection_power': 0.0}
[Step 106] Action=[-1.118058   2.8637745  1.9471954  2.221268   3.819862   0.8004159
  4.299366 ] | Reward=-0.006 | Cum=-0.575 | Info={'fov_visible': True, 'shot_attempted': False, 'pass_attempted': False, 'invalid_action': True, 'pass_power': 0.0, 'shot_power': 0.0, 'goal_scored': False, 'goal_team': None, 'ball_out_by': None, 'start_shot_bonus': False, 'start_pass_bonus': False, 'possession_lost': False, 'deflection_power': 0.0}
[Step 107] Action=[-1.1180512  2.8638272  1.9472088  2.2212603  3.819904   0.8003226
  4.299276 ] | Reward=-0.006 | Cum=-0.581 | Info={'fov_visible': True, 'shot_attempted': False, 'pass_attempted': False, 'invalid_action': True, 'pass_power': 0.0, 'shot_power': 0.0, 'goal_scored': False, 'goal_team': None, 'ball_out_by': None, 'start_shot_bonus': False, 'start_pass_bonus': False, 'possession_lost': False, 'deflection_power': 0.0}
[Step 108] Action=[-1.1180433   2.86388     1.9472222   2.2212536   3.8199465   0.80022883
  4.2991858 ] | Reward=-0.006 | Cum=-0.588 | Info={'fov_visible': True, 'shot_attempted': False, 'pass_attempted': False, 'invalid_action': True, 'pass_power': 0.0, 'shot_power': 0.0, 'goal_scored': False, 'goal_team': None, 'ball_out_by': None, 'start_shot_bonus': False, 'start_pass_bonus': False, 'possession_lost': False, 'deflection_power': 0.0}
[Step 109] Action=[-1.1180363   2.8639321   1.9472349   2.221246    3.8199887   0.80013585
  4.299096  ] | Reward=-0.006 | Cum=-0.594 | Info={'fov_visible': True, 'shot_attempted': False, 'pass_attempted': False, 'invalid_action': True, 'pass_power': 0.0, 'shot_power': 0.0, 'goal_scored': False, 'goal_team': None, 'ball_out_by': None, 'start_shot_bonus': False, 'start_pass_bonus': False, 'possession_lost': False, 'deflection_power': 0.0}
[Step 110] Action=[-1.1180289  2.8639839  1.9472482  2.2212393  3.8200312  0.8000423
  4.2990055] | Reward=-0.007 | Cum=-0.601 | Info={'fov_visible': True, 'shot_attempted': False, 'pass_attempted': False, 'invalid_action': True, 'pass_power': 0.0, 'shot_power': 0.0, 'goal_scored': False, 'goal_team': None, 'ball_out_by': None, 'start_shot_bonus': False, 'start_pass_bonus': False, 'possession_lost': False, 'deflection_power': 0.0}
[Step 111] Action=[-1.1180215   2.8640363   1.9472617   2.2212322   3.8200734   0.79994935
  4.298916  ] | Reward=-0.007 | Cum=-0.608 | Info={'fov_visible': True, 'shot_attempted': False, 'pass_attempted': False, 'invalid_action': True, 'pass_power': 0.0, 'shot_power': 0.0, 'goal_scored': False, 'goal_team': None, 'ball_out_by': None, 'start_shot_bonus': False, 'start_pass_bonus': False, 'possession_lost': False, 'deflection_power': 0.0}
[Step 112] Action=[-1.1180142   2.8640885   1.9472742   2.2212245   3.8201156   0.79985666
  4.298826  ] | Reward=-0.007 | Cum=-0.614 | Info={'fov_visible': True, 'shot_attempted': False, 'pass_attempted': False, 'invalid_action': True, 'pass_power': 0.0, 'shot_power': 0.0, 'goal_scored': False, 'goal_team': None, 'ball_out_by': None, 'start_shot_bonus': False, 'start_pass_bonus': False, 'possession_lost': False, 'deflection_power': 0.0}
[Step 113] Action=[-1.1180065  2.8641403  1.9472874  2.2212179  3.8201585  0.7997635
  4.2987356] | Reward=-0.007 | Cum=-0.621 | Info={'fov_visible': True, 'shot_attempted': False, 'pass_attempted': False, 'invalid_action': True, 'pass_power': 0.0, 'shot_power': 0.0, 'goal_scored': False, 'goal_team': None, 'ball_out_by': None, 'start_shot_bonus': False, 'start_pass_bonus': False, 'possession_lost': False, 'deflection_power': 0.0}
[Step 114] Action=[-1.1179987  2.8641922  1.9473006  2.2212102  3.820201   0.79967
  4.298646 ] | Reward=-0.007 | Cum=-0.627 | Info={'fov_visible': True, 'shot_attempted': False, 'pass_attempted': False, 'invalid_action': True, 'pass_power': 0.0, 'shot_power': 0.0, 'goal_scored': False, 'goal_team': None, 'ball_out_by': None, 'start_shot_bonus': False, 'start_pass_bonus': False, 'possession_lost': False, 'deflection_power': 0.0}
[Step 115] Action=[-1.1179918  2.8642447  1.9473137  2.221203   3.8202438  0.7995771
  4.298557 ] | Reward=-0.007 | Cum=-0.634 | Info={'fov_visible': True, 'shot_attempted': False, 'pass_attempted': False, 'invalid_action': True, 'pass_power': 0.0, 'shot_power': 0.0, 'goal_scored': False, 'goal_team': None, 'ball_out_by': None, 'start_shot_bonus': False, 'start_pass_bonus': False, 'possession_lost': False, 'deflection_power': 0.0}
[Step 116] Action=[-1.1179847  2.8642974  1.9473268  2.221196   3.8202863  0.7994839
  4.2984667] | Reward=-0.007 | Cum=-0.641 | Info={'fov_visible': True, 'shot_attempted': False, 'pass_attempted': False, 'invalid_action': True, 'pass_power': 0.0, 'shot_power': 0.0, 'goal_scored': False, 'goal_team': None, 'ball_out_by': None, 'start_shot_bonus': False, 'start_pass_bonus': False, 'possession_lost': False, 'deflection_power': 0.0}
[Step 117] Action=[-1.117977   2.8643498  1.9473394  2.2211883  3.8203282  0.7993905
  4.298377 ] | Reward=-0.007 | Cum=-0.647 | Info={'fov_visible': True, 'shot_attempted': False, 'pass_attempted': False, 'invalid_action': True, 'pass_power': 0.0, 'shot_power': 0.0, 'goal_scored': False, 'goal_team': None, 'ball_out_by': None, 'start_shot_bonus': False, 'start_pass_bonus': False, 'possession_lost': False, 'deflection_power': 0.0}
[Step 118] Action=[-1.1179698   2.8644023   1.9473528   2.2211812   3.8203702   0.79929805
  4.2982864 ] | Reward=-0.007 | Cum=-0.654 | Info={'fov_visible': True, 'shot_attempted': False, 'pass_attempted': False, 'invalid_action': True, 'pass_power': 0.0, 'shot_power': 0.0, 'goal_scored': False, 'goal_team': None, 'ball_out_by': None, 'start_shot_bonus': False, 'start_pass_bonus': False, 'possession_lost': False, 'deflection_power': 0.0}
[Step 119] Action=[-1.1179624   2.8644547   1.9473659   2.221174    3.8204134   0.79920465
  4.298197  ] | Reward=-0.007 | Cum=-0.661 | Info={'fov_visible': True, 'shot_attempted': False, 'pass_attempted': False, 'invalid_action': True, 'pass_power': 0.0, 'shot_power': 0.0, 'goal_scored': False, 'goal_team': None, 'ball_out_by': None, 'start_shot_bonus': False, 'start_pass_bonus': False, 'possession_lost': False, 'deflection_power': 0.0}
[Step 120] Action=[-1.117955   2.8645072  1.9473792  2.2211666  3.8204556  0.799111
  4.2981067] | Reward=-0.007 | Cum=-0.668 | Info={'fov_visible': True, 'shot_attempted': False, 'pass_attempted': False, 'invalid_action': True, 'pass_power': 0.0, 'shot_power': 0.0, 'goal_scored': False, 'goal_team': None, 'ball_out_by': None, 'start_shot_bonus': False, 'start_pass_bonus': False, 'possession_lost': False, 'deflection_power': 0.0}
[Step 121] Action=[-1.1179475   2.8645587   1.9473925   2.2211602   3.8204982   0.79901755
  4.298016  ] | Reward=-0.007 | Cum=-0.674 | Info={'fov_visible': True, 'shot_attempted': False, 'pass_attempted': False, 'invalid_action': True, 'pass_power': 0.0, 'shot_power': 0.0, 'goal_scored': False, 'goal_team': None, 'ball_out_by': None, 'start_shot_bonus': False, 'start_pass_bonus': False, 'possession_lost': False, 'deflection_power': 0.0}
[Step 122] Action=[-1.1179407  2.8646114  1.9474051  2.2211525  3.8205407  0.7989246
  4.297927 ] | Reward=-0.007 | Cum=-0.681 | Info={'fov_visible': True, 'shot_attempted': False, 'pass_attempted': False, 'invalid_action': True, 'pass_power': 0.0, 'shot_power': 0.0, 'goal_scored': False, 'goal_team': None, 'ball_out_by': None, 'start_shot_bonus': False, 'start_pass_bonus': False, 'possession_lost': False, 'deflection_power': 0.0}
[Step 123] Action=[-1.1179327   2.8646636   1.947418    2.2211459   3.8205833   0.79883176
  4.297837  ] | Reward=-0.007 | Cum=-0.688 | Info={'fov_visible': True, 'shot_attempted': False, 'pass_attempted': False, 'invalid_action': True, 'pass_power': 0.0, 'shot_power': 0.0, 'goal_scored': False, 'goal_team': None, 'ball_out_by': None, 'start_shot_bonus': False, 'start_pass_bonus': False, 'possession_lost': False, 'deflection_power': 0.0}
[Step 124] Action=[-1.1179254   2.864716    1.9474311   2.2211382   3.8206263   0.79873896
  4.2977467 ] | Reward=-0.007 | Cum=-0.695 | Info={'fov_visible': True, 'shot_attempted': False, 'pass_attempted': False, 'invalid_action': True, 'pass_power': 0.0, 'shot_power': 0.0, 'goal_scored': False, 'goal_team': None, 'ball_out_by': None, 'start_shot_bonus': False, 'start_pass_bonus': False, 'possession_lost': False, 'deflection_power': 0.0}
[Step 125] Action=[-1.1179185  2.864768   1.9474448  2.2211313  3.8206677  0.7986461
  4.297657 ] | Reward=-0.007 | Cum=-0.702 | Info={'fov_visible': True, 'shot_attempted': False, 'pass_attempted': False, 'invalid_action': True, 'pass_power': 0.0, 'shot_power': 0.0, 'goal_scored': False, 'goal_team': None, 'ball_out_by': None, 'start_shot_bonus': False, 'start_pass_bonus': False, 'possession_lost': False, 'deflection_power': 0.0}
[Step 126] Action=[-1.1179109   2.8648202   1.9474578   2.2211235   3.8207102   0.79855245
  4.2975674 ] | Reward=-0.007 | Cum=-0.709 | Info={'fov_visible': True, 'shot_attempted': False, 'pass_attempted': False, 'invalid_action': True, 'pass_power': 0.0, 'shot_power': 0.0, 'goal_scored': False, 'goal_team': None, 'ball_out_by': None, 'start_shot_bonus': False, 'start_pass_bonus': False, 'possession_lost': False, 'deflection_power': 0.0}
[Step 127] Action=[-1.1179036  2.864873   1.9474711  2.2211168  3.8207526  0.7984593
  4.2974777] | Reward=-0.007 | Cum=-0.716 | Info={'fov_visible': True, 'shot_attempted': False, 'pass_attempted': False, 'invalid_action': True, 'pass_power': 0.0, 'shot_power': 0.0, 'goal_scored': False, 'goal_team': None, 'ball_out_by': None, 'start_shot_bonus': False, 'start_pass_bonus': False, 'possession_lost': False, 'deflection_power': 0.0}
[Step 128] Action=[-1.1178957   2.8649251   1.9474841   2.2211096   3.8207953   0.79836625
  4.297387  ] | Reward=-0.007 | Cum=-0.723 | Info={'fov_visible': True, 'shot_attempted': False, 'pass_attempted': False, 'invalid_action': True, 'pass_power': 0.0, 'shot_power': 0.0, 'goal_scored': False, 'goal_team': None, 'ball_out_by': None, 'start_shot_bonus': False, 'start_pass_bonus': False, 'possession_lost': False, 'deflection_power': 0.0}
[Step 129] Action=[-1.1178888  2.8649771  1.947497   2.221102   3.8208375  0.7982726
  4.2972975] | Reward=-0.007 | Cum=-0.730 | Info={'fov_visible': True, 'shot_attempted': False, 'pass_attempted': False, 'invalid_action': True, 'pass_power': 0.0, 'shot_power': 0.0, 'goal_scored': False, 'goal_team': None, 'ball_out_by': None, 'start_shot_bonus': False, 'start_pass_bonus': False, 'possession_lost': False, 'deflection_power': 0.0}
[Step 130] Action=[-1.1178811  2.8650296  1.9475106  2.2210953  3.8208802  0.7981801
  4.297208 ] | Reward=-0.007 | Cum=-0.737 | Info={'fov_visible': True, 'shot_attempted': False, 'pass_attempted': False, 'invalid_action': True, 'pass_power': 0.0, 'shot_power': 0.0, 'goal_scored': False, 'goal_team': None, 'ball_out_by': None, 'start_shot_bonus': False, 'start_pass_bonus': False, 'possession_lost': False, 'deflection_power': 0.0}
[Step 131] Action=[-1.1178741  2.8650813  1.9475232  2.2210872  3.8209226  0.7980861
  4.2971177] | Reward=-0.007 | Cum=-0.744 | Info={'fov_visible': True, 'shot_attempted': False, 'pass_attempted': False, 'invalid_action': True, 'pass_power': 0.0, 'shot_power': 0.0, 'goal_scored': False, 'goal_team': None, 'ball_out_by': None, 'start_shot_bonus': False, 'start_pass_bonus': False, 'possession_lost': False, 'deflection_power': 0.0}
[Step 132] Action=[-1.1178664  2.8651342  1.9475363  2.2210805  3.8209662  0.7979933
  4.2970285] | Reward=-0.007 | Cum=-0.751 | Info={'fov_visible': True, 'shot_attempted': False, 'pass_attempted': False, 'invalid_action': True, 'pass_power': 0.0, 'shot_power': 0.0, 'goal_scored': False, 'goal_team': None, 'ball_out_by': None, 'start_shot_bonus': False, 'start_pass_bonus': False, 'possession_lost': False, 'deflection_power': 0.0}
[Step 133] Action=[-1.1178596  2.8651862  1.9475495  2.2210736  3.8210073  0.7979002
  4.296938 ] | Reward=-0.007 | Cum=-0.758 | Info={'fov_visible': True, 'shot_attempted': False, 'pass_attempted': False, 'invalid_action': True, 'pass_power': 0.0, 'shot_power': 0.0, 'goal_scored': False, 'goal_team': None, 'ball_out_by': None, 'start_shot_bonus': False, 'start_pass_bonus': False, 'possession_lost': False, 'deflection_power': 0.0}
[Step 134] Action=[-1.1178519  2.8652382  1.9475627  2.2210662  3.8210502  0.7978076
  4.2968483] | Reward=-0.007 | Cum=-0.765 | Info={'fov_visible': True, 'shot_attempted': False, 'pass_attempted': False, 'invalid_action': True, 'pass_power': 0.0, 'shot_power': 0.0, 'goal_scored': False, 'goal_team': None, 'ball_out_by': None, 'start_shot_bonus': False, 'start_pass_bonus': False, 'possession_lost': False, 'deflection_power': 0.0}
[Step 135] Action=[-1.1178437  2.8652909  1.9475754  2.221059   3.821093   0.7977136
  4.296758 ] | Reward=-0.007 | Cum=-0.772 | Info={'fov_visible': True, 'shot_attempted': False, 'pass_attempted': False, 'invalid_action': True, 'pass_power': 0.0, 'shot_power': 0.0, 'goal_scored': False, 'goal_team': None, 'ball_out_by': None, 'start_shot_bonus': False, 'start_pass_bonus': False, 'possession_lost': False, 'deflection_power': 0.0}
[Step 136] Action=[-1.117837   2.865343   1.947589   2.2210517  3.8211355  0.7976203
  4.296669 ] | Reward=-0.007 | Cum=-0.779 | Info={'fov_visible': True, 'shot_attempted': False, 'pass_attempted': False, 'invalid_action': True, 'pass_power': 0.0, 'shot_power': 0.0, 'goal_scored': False, 'goal_team': None, 'ball_out_by': None, 'start_shot_bonus': False, 'start_pass_bonus': False, 'possession_lost': False, 'deflection_power': 0.0}
[Step 137] Action=[-1.1178296   2.8653955   1.9476017   2.2210448   3.8211784   0.79752696
  4.2965784 ] | Reward=-0.007 | Cum=-0.786 | Info={'fov_visible': True, 'shot_attempted': False, 'pass_attempted': False, 'invalid_action': True, 'pass_power': 0.0, 'shot_power': 0.0, 'goal_scored': False, 'goal_team': None, 'ball_out_by': None, 'start_shot_bonus': False, 'start_pass_bonus': False, 'possession_lost': False, 'deflection_power': 0.0}
[Step 138] Action=[-1.1178217   2.8654475   1.9476153   2.2210371   3.821221    0.79743445
  4.296489  ] | Reward=-0.007 | Cum=-0.793 | Info={'fov_visible': True, 'shot_attempted': False, 'pass_attempted': False, 'invalid_action': True, 'pass_power': 0.0, 'shot_power': 0.0, 'goal_scored': False, 'goal_team': None, 'ball_out_by': None, 'start_shot_bonus': False, 'start_pass_bonus': False, 'possession_lost': False, 'deflection_power': 0.0}
[Step 139] Action=[-1.1178145  2.8655     1.9476284  2.2210302  3.8212626  0.7973412
  4.296398 ] | Reward=-0.007 | Cum=-0.801 | Info={'fov_visible': True, 'shot_attempted': False, 'pass_attempted': False, 'invalid_action': True, 'pass_power': 0.0, 'shot_power': 0.0, 'goal_scored': False, 'goal_team': None, 'ball_out_by': None, 'start_shot_bonus': False, 'start_pass_bonus': False, 'possession_lost': False, 'deflection_power': 0.0}
[Step 140] Action=[-1.1178075  2.8655524  1.947641   2.2210233  3.8213053  0.7972482
  4.296309 ] | Reward=-0.007 | Cum=-0.808 | Info={'fov_visible': True, 'shot_attempted': False, 'pass_attempted': False, 'invalid_action': True, 'pass_power': 0.0, 'shot_power': 0.0, 'goal_scored': False, 'goal_team': None, 'ball_out_by': None, 'start_shot_bonus': False, 'start_pass_bonus': False, 'possession_lost': False, 'deflection_power': 0.0}
[Step 141] Action=[-1.1177998  2.8656049  1.9476544  2.2210162  3.8213477  0.7971549
  4.2962184] | Reward=-0.007 | Cum=-0.815 | Info={'fov_visible': True, 'shot_attempted': False, 'pass_attempted': False, 'invalid_action': True, 'pass_power': 0.0, 'shot_power': 0.0, 'goal_scored': False, 'goal_team': None, 'ball_out_by': None, 'start_shot_bonus': False, 'start_pass_bonus': False, 'possession_lost': False, 'deflection_power': 0.0}
[Step 142] Action=[-1.1177925   2.8656573   1.9476676   2.2210083   3.8213904   0.79706156
  4.2961287 ] | Reward=-0.007 | Cum=-0.822 | Info={'fov_visible': True, 'shot_attempted': False, 'pass_attempted': False, 'invalid_action': True, 'pass_power': 0.0, 'shot_power': 0.0, 'goal_scored': False, 'goal_team': None, 'ball_out_by': None, 'start_shot_bonus': False, 'start_pass_bonus': False, 'possession_lost': False, 'deflection_power': 0.0}
[Step 143] Action=[-1.1177851   2.8657093   1.9476808   2.2210023   3.8214328   0.79696846
  4.2960386 ] | Reward=-0.007 | Cum=-0.830 | Info={'fov_visible': True, 'shot_attempted': False, 'pass_attempted': False, 'invalid_action': True, 'pass_power': 0.0, 'shot_power': 0.0, 'goal_scored': False, 'goal_team': None, 'ball_out_by': None, 'start_shot_bonus': False, 'start_pass_bonus': False, 'possession_lost': False, 'deflection_power': 0.0}
[Step 144] Action=[-1.1177778  2.865762   1.9476937  2.2209947  3.821476   0.7968753
  4.295949 ] | Reward=-0.007 | Cum=-0.837 | Info={'fov_visible': True, 'shot_attempted': False, 'pass_attempted': False, 'invalid_action': True, 'pass_power': 0.0, 'shot_power': 0.0, 'goal_scored': False, 'goal_team': None, 'ball_out_by': None, 'start_shot_bonus': False, 'start_pass_bonus': False, 'possession_lost': False, 'deflection_power': 0.0}
[Step 145] Action=[-1.1177703   2.865814    1.9477062   2.2209866   3.8215177   0.79678154
  4.2958584 ] | Reward=-0.007 | Cum=-0.844 | Info={'fov_visible': True, 'shot_attempted': False, 'pass_attempted': False, 'invalid_action': True, 'pass_power': 0.0, 'shot_power': 0.0, 'goal_scored': False, 'goal_team': None, 'ball_out_by': None, 'start_shot_bonus': False, 'start_pass_bonus': False, 'possession_lost': False, 'deflection_power': 0.0}
[Step 146] Action=[-1.1177627  2.8658657  1.9477196  2.22098    3.8215606  0.7966895
  4.2957687] | Reward=-0.007 | Cum=-0.851 | Info={'fov_visible': True, 'shot_attempted': False, 'pass_attempted': False, 'invalid_action': True, 'pass_power': 0.0, 'shot_power': 0.0, 'goal_scored': False, 'goal_team': None, 'ball_out_by': None, 'start_shot_bonus': False, 'start_pass_bonus': False, 'possession_lost': False, 'deflection_power': 0.0}
[Step 147] Action=[-1.1177559  2.8659182  1.9477328  2.2209733  3.8216033  0.796595
  4.2956786] | Reward=-0.007 | Cum=-0.859 | Info={'fov_visible': True, 'shot_attempted': False, 'pass_attempted': False, 'invalid_action': True, 'pass_power': 0.0, 'shot_power': 0.0, 'goal_scored': False, 'goal_team': None, 'ball_out_by': None, 'start_shot_bonus': False, 'start_pass_bonus': False, 'possession_lost': False, 'deflection_power': 0.0}
[Step 148] Action=[-1.1177477  2.8659701  1.9477465  2.2209647  3.8216457  0.7965025
  4.29559  ] | Reward=-0.007 | Cum=-0.866 | Info={'fov_visible': True, 'shot_attempted': False, 'pass_attempted': False, 'invalid_action': True, 'pass_power': 0.0, 'shot_power': 0.0, 'goal_scored': False, 'goal_team': None, 'ball_out_by': None, 'start_shot_bonus': False, 'start_pass_bonus': False, 'possession_lost': False, 'deflection_power': 0.0}
[Step 149] Action=[-1.1177412  2.866023   1.9477596  2.2209585  3.8216887  0.7964091
  4.2955   ] | Reward=-0.007 | Cum=-0.874 | Info={'fov_visible': True, 'shot_attempted': False, 'pass_attempted': False, 'invalid_action': True, 'pass_power': 0.0, 'shot_power': 0.0, 'goal_scored': False, 'goal_team': None, 'ball_out_by': None, 'start_shot_bonus': False, 'start_pass_bonus': False, 'possession_lost': False, 'deflection_power': 0.0}
[Step 150] Action=[-1.1177334   2.866074    1.9477721   2.2209508   3.8217301   0.79631627
  4.295409  ] | Reward=-0.007 | Cum=-0.881 | Info={'fov_visible': True, 'shot_attempted': False, 'pass_attempted': False, 'invalid_action': True, 'pass_power': 0.0, 'shot_power': 0.0, 'goal_scored': False, 'goal_team': None, 'ball_out_by': None, 'start_shot_bonus': False, 'start_pass_bonus': False, 'possession_lost': False, 'deflection_power': 0.0}
[Step 151] Action=[-1.1177254  2.8661273  1.9477855  2.2209442  3.8217733  0.7962228
  4.2953196] | Reward=-0.007 | Cum=-0.888 | Info={'fov_visible': True, 'shot_attempted': False, 'pass_attempted': False, 'invalid_action': True, 'pass_power': 0.0, 'shot_power': 0.0, 'goal_scored': False, 'goal_team': None, 'ball_out_by': None, 'start_shot_bonus': False, 'start_pass_bonus': False, 'possession_lost': False, 'deflection_power': 0.0}
[Step 152] Action=[-1.1177188  2.86618    1.9477987  2.2209365  3.821815   0.7961297
  4.2952294] | Reward=-0.007 | Cum=-0.896 | Info={'fov_visible': True, 'shot_attempted': False, 'pass_attempted': False, 'invalid_action': True, 'pass_power': 0.0, 'shot_power': 0.0, 'goal_scored': False, 'goal_team': None, 'ball_out_by': None, 'start_shot_bonus': False, 'start_pass_bonus': False, 'possession_lost': False, 'deflection_power': 0.0}
[Step 153] Action=[-1.1177108  2.866232   1.9478112  2.2209296  3.821858   0.7960365
  4.2951393] | Reward=-0.007 | Cum=-0.903 | Info={'fov_visible': True, 'shot_attempted': False, 'pass_attempted': False, 'invalid_action': True, 'pass_power': 0.0, 'shot_power': 0.0, 'goal_scored': False, 'goal_team': None, 'ball_out_by': None, 'start_shot_bonus': False, 'start_pass_bonus': False, 'possession_lost': False, 'deflection_power': 0.0}
[Step 154] Action=[-1.1177034  2.8662841  1.947825   2.2209227  3.8219     0.7959431
  4.295049 ] | Reward=-0.007 | Cum=-0.911 | Info={'fov_visible': True, 'shot_attempted': False, 'pass_attempted': False, 'invalid_action': True, 'pass_power': 0.0, 'shot_power': 0.0, 'goal_scored': False, 'goal_team': None, 'ball_out_by': None, 'start_shot_bonus': False, 'start_pass_bonus': False, 'possession_lost': False, 'deflection_power': 0.0}
[Step 155] Action=[-1.117696   2.8663363  1.9478378  2.2209156  3.8219433  0.7958502
  4.294959 ] | Reward=-0.007 | Cum=-0.918 | Info={'fov_visible': True, 'shot_attempted': False, 'pass_attempted': False, 'invalid_action': True, 'pass_power': 0.0, 'shot_power': 0.0, 'goal_scored': False, 'goal_team': None, 'ball_out_by': None, 'start_shot_bonus': False, 'start_pass_bonus': False, 'possession_lost': False, 'deflection_power': 0.0}
[Step 156] Action=[-1.1176888   2.8663886   1.9478512   2.220908    3.8219857   0.79575753
  4.2948694 ] | Reward=-0.008 | Cum=-0.926 | Info={'fov_visible': True, 'shot_attempted': False, 'pass_attempted': False, 'invalid_action': True, 'pass_power': 0.0, 'shot_power': 0.0, 'goal_scored': False, 'goal_team': None, 'ball_out_by': None, 'start_shot_bonus': False, 'start_pass_bonus': False, 'possession_lost': False, 'deflection_power': 0.0}
[Step 157] Action=[-1.1176816  2.8664408  1.947864   2.2209013  3.8220282  0.7956643
  4.29478  ] | Reward=-0.008 | Cum=-0.934 | Info={'fov_visible': True, 'shot_attempted': False, 'pass_attempted': False, 'invalid_action': True, 'pass_power': 0.0, 'shot_power': 0.0, 'goal_scored': False, 'goal_team': None, 'ball_out_by': None, 'start_shot_bonus': False, 'start_pass_bonus': False, 'possession_lost': False, 'deflection_power': 0.0}
[Step 158] Action=[-1.1176739  2.866493   1.947877   2.2208934  3.8220701  0.7955706
  4.2946897] | Reward=-0.008 | Cum=-0.941 | Info={'fov_visible': True, 'shot_attempted': False, 'pass_attempted': False, 'invalid_action': True, 'pass_power': 0.0, 'shot_power': 0.0, 'goal_scored': False, 'goal_team': None, 'ball_out_by': None, 'start_shot_bonus': False, 'start_pass_bonus': False, 'possession_lost': False, 'deflection_power': 0.0}
[Step 159] Action=[-1.1176664  2.866545   1.9478903  2.220886   3.822113   0.7954775
  4.294599 ] | Reward=-0.008 | Cum=-0.949 | Info={'fov_visible': True, 'shot_attempted': False, 'pass_attempted': False, 'invalid_action': True, 'pass_power': 0.0, 'shot_power': 0.0, 'goal_scored': False, 'goal_team': None, 'ball_out_by': None, 'start_shot_bonus': False, 'start_pass_bonus': False, 'possession_lost': False, 'deflection_power': 0.0}
[Step 160] Action=[-1.1176591  2.8665972  1.9479036  2.2208798  3.822156   0.7953845
  4.2945094] | Reward=-0.008 | Cum=-0.956 | Info={'fov_visible': True, 'shot_attempted': False, 'pass_attempted': False, 'invalid_action': True, 'pass_power': 0.0, 'shot_power': 0.0, 'goal_scored': False, 'goal_team': None, 'ball_out_by': None, 'start_shot_bonus': False, 'start_pass_bonus': False, 'possession_lost': False, 'deflection_power': 0.0}
[Step 161] Action=[-1.1176519   2.8666496   1.9479165   2.2208724   3.8221984   0.79529124
  4.2944202 ] | Reward=-0.008 | Cum=-0.964 | Info={'fov_visible': True, 'shot_attempted': False, 'pass_attempted': False, 'invalid_action': True, 'pass_power': 0.0, 'shot_power': 0.0, 'goal_scored': False, 'goal_team': None, 'ball_out_by': None, 'start_shot_bonus': False, 'start_pass_bonus': False, 'possession_lost': False, 'deflection_power': 0.0}
[Step 162] Action=[-1.1176442   2.8667026   1.9479295   2.220865    3.8222408   0.79519826
  4.2943296 ] | Reward=-0.008 | Cum=-0.972 | Info={'fov_visible': True, 'shot_attempted': False, 'pass_attempted': False, 'invalid_action': True, 'pass_power': 0.0, 'shot_power': 0.0, 'goal_scored': False, 'goal_team': None, 'ball_out_by': None, 'start_shot_bonus': False, 'start_pass_bonus': False, 'possession_lost': False, 'deflection_power': 0.0}
[Step 163] Action=[-1.1176366   2.8667548   1.9479434   2.2208579   3.8222833   0.79510474
  4.29424   ] | Reward=-0.008 | Cum=-0.980 | Info={'fov_visible': True, 'shot_attempted': False, 'pass_attempted': False, 'invalid_action': True, 'pass_power': 0.0, 'shot_power': 0.0, 'goal_scored': False, 'goal_team': None, 'ball_out_by': None, 'start_shot_bonus': False, 'start_pass_bonus': False, 'possession_lost': False, 'deflection_power': 0.0}
[Step 164] Action=[-1.1176295  2.8668067  1.9479553  2.2208507  3.8223262  0.7950116
  4.2941494] | Reward=-0.008 | Cum=-0.987 | Info={'fov_visible': True, 'shot_attempted': False, 'pass_attempted': False, 'invalid_action': True, 'pass_power': 0.0, 'shot_power': 0.0, 'goal_scored': False, 'goal_team': None, 'ball_out_by': None, 'start_shot_bonus': False, 'start_pass_bonus': False, 'possession_lost': False, 'deflection_power': 0.0}
[Step 165] Action=[-1.1176223   2.8668592   1.9479696   2.2208436   3.8223686   0.79491854
  4.2940607 ] | Reward=-0.008 | Cum=-0.995 | Info={'fov_visible': True, 'shot_attempted': False, 'pass_attempted': False, 'invalid_action': True, 'pass_power': 0.0, 'shot_power': 0.0, 'goal_scored': False, 'goal_team': None, 'ball_out_by': None, 'start_shot_bonus': False, 'start_pass_bonus': False, 'possession_lost': False, 'deflection_power': 0.0}
[Step 166] Action=[-1.1176149  2.8669112  1.9479822  2.2208369  3.82241    0.7948252
  4.29397  ] | Reward=-0.008 | Cum=-1.003 | Info={'fov_visible': True, 'shot_attempted': False, 'pass_attempted': False, 'invalid_action': True, 'pass_power': 0.0, 'shot_power': 0.0, 'goal_scored': False, 'goal_team': None, 'ball_out_by': None, 'start_shot_bonus': False, 'start_pass_bonus': False, 'possession_lost': False, 'deflection_power': 0.0}
[Step 167] Action=[-1.1176071  2.866964   1.9479954  2.2208288  3.822453   0.7947322
  4.2938805] | Reward=-0.008 | Cum=-1.011 | Info={'fov_visible': True, 'shot_attempted': False, 'pass_attempted': False, 'invalid_action': True, 'pass_power': 0.0, 'shot_power': 0.0, 'goal_scored': False, 'goal_team': None, 'ball_out_by': None, 'start_shot_bonus': False, 'start_pass_bonus': False, 'possession_lost': False, 'deflection_power': 0.0}
[Step 168] Action=[-1.1176001   2.867016    1.9480084   2.2208216   3.8224957   0.79463893
  4.29379   ] | Reward=-0.008 | Cum=-1.019 | Info={'fov_visible': True, 'shot_attempted': False, 'pass_attempted': False, 'invalid_action': True, 'pass_power': 0.0, 'shot_power': 0.0, 'goal_scored': False, 'goal_team': None, 'ball_out_by': None, 'start_shot_bonus': False, 'start_pass_bonus': False, 'possession_lost': False, 'deflection_power': 0.0}
[Step 169] Action=[-1.1175928   2.8670683   1.9480208   2.220815    3.8225389   0.79454577
  4.2937    ] | Reward=-0.008 | Cum=-1.026 | Info={'fov_visible': True, 'shot_attempted': False, 'pass_attempted': False, 'invalid_action': True, 'pass_power': 0.0, 'shot_power': 0.0, 'goal_scored': False, 'goal_team': None, 'ball_out_by': None, 'start_shot_bonus': False, 'start_pass_bonus': False, 'possession_lost': False, 'deflection_power': 0.0}
[Step 170] Action=[-1.117585   2.8671207  1.9480342  2.2208078  3.8225808  0.7944529
  4.2936106] | Reward=-0.008 | Cum=-1.034 | Info={'fov_visible': True, 'shot_attempted': False, 'pass_attempted': False, 'invalid_action': True, 'pass_power': 0.0, 'shot_power': 0.0, 'goal_scored': False, 'goal_team': None, 'ball_out_by': None, 'start_shot_bonus': False, 'start_pass_bonus': False, 'possession_lost': False, 'deflection_power': 0.0}
[Step 171] Action=[-1.1175776  2.8671725  1.948048   2.2208006  3.8226235  0.7943597
  4.293521 ] | Reward=-0.008 | Cum=-1.042 | Info={'fov_visible': True, 'shot_attempted': False, 'pass_attempted': False, 'invalid_action': True, 'pass_power': 0.0, 'shot_power': 0.0, 'goal_scored': False, 'goal_team': None, 'ball_out_by': None, 'start_shot_bonus': False, 'start_pass_bonus': False, 'possession_lost': False, 'deflection_power': 0.0}
[Step 172] Action=[-1.1175699   2.8672247   1.9480605   2.2207932   3.8226662   0.79426664
  4.293431  ] | Reward=-0.008 | Cum=-1.050 | Info={'fov_visible': True, 'shot_attempted': False, 'pass_attempted': False, 'invalid_action': True, 'pass_power': 0.0, 'shot_power': 0.0, 'goal_scored': False, 'goal_team': None, 'ball_out_by': None, 'start_shot_bonus': False, 'start_pass_bonus': False, 'possession_lost': False, 'deflection_power': 0.0}
[Step 173] Action=[-1.1175628   2.8672767   1.9480742   2.2207859   3.8227081   0.79417276
  4.2933407 ] | Reward=-0.008 | Cum=-1.058 | Info={'fov_visible': True, 'shot_attempted': False, 'pass_attempted': False, 'invalid_action': True, 'pass_power': 0.0, 'shot_power': 0.0, 'goal_scored': False, 'goal_team': None, 'ball_out_by': None, 'start_shot_bonus': False, 'start_pass_bonus': False, 'possession_lost': False, 'deflection_power': 0.0}
[Step 174] Action=[-1.1175553  2.8673294  1.9480872  2.2207794  3.822751   0.7940804
  4.2932506] | Reward=-0.008 | Cum=-1.066 | Info={'fov_visible': True, 'shot_attempted': False, 'pass_attempted': False, 'invalid_action': True, 'pass_power': 0.0, 'shot_power': 0.0, 'goal_scored': False, 'goal_team': None, 'ball_out_by': None, 'start_shot_bonus': False, 'start_pass_bonus': False, 'possession_lost': False, 'deflection_power': 0.0}
[Step 175] Action=[-1.117548   2.867382   1.9481007  2.220772   3.8227932  0.7939869
  4.293161 ] | Reward=-0.008 | Cum=-1.074 | Info={'fov_visible': True, 'shot_attempted': False, 'pass_attempted': False, 'invalid_action': True, 'pass_power': 0.0, 'shot_power': 0.0, 'goal_scored': False, 'goal_team': None, 'ball_out_by': None, 'start_shot_bonus': False, 'start_pass_bonus': False, 'possession_lost': False, 'deflection_power': 0.0}
[Step 176] Action=[-1.1175404  2.8674345  1.9481127  2.2207646  3.8228354  0.7938934
  4.2930703] | Reward=-0.008 | Cum=-1.082 | Info={'fov_visible': True, 'shot_attempted': False, 'pass_attempted': False, 'invalid_action': True, 'pass_power': 0.0, 'shot_power': 0.0, 'goal_scored': False, 'goal_team': None, 'ball_out_by': None, 'start_shot_bonus': False, 'start_pass_bonus': False, 'possession_lost': False, 'deflection_power': 0.0}
[Step 177] Action=[-1.1175336  2.8674865  1.9481261  2.2207582  3.8228786  0.7938005
  4.29298  ] | Reward=-0.008 | Cum=-1.090 | Info={'fov_visible': True, 'shot_attempted': False, 'pass_attempted': False, 'invalid_action': True, 'pass_power': 0.0, 'shot_power': 0.0, 'goal_scored': False, 'goal_team': None, 'ball_out_by': None, 'start_shot_bonus': False, 'start_pass_bonus': False, 'possession_lost': False, 'deflection_power': 0.0}
[Step 178] Action=[-1.1175253  2.867539   1.9481393  2.2207506  3.8229208  0.7937069
  4.29289  ] | Reward=-0.008 | Cum=-1.098 | Info={'fov_visible': True, 'shot_attempted': False, 'pass_attempted': False, 'invalid_action': True, 'pass_power': 0.0, 'shot_power': 0.0, 'goal_scored': False, 'goal_team': None, 'ball_out_by': None, 'start_shot_bonus': False, 'start_pass_bonus': False, 'possession_lost': False, 'deflection_power': 0.0}
[Step 179] Action=[-1.1175183  2.8675911  1.9481523  2.2207434  3.8229632  0.793614
  4.292801 ] | Reward=-0.008 | Cum=-1.106 | Info={'fov_visible': True, 'shot_attempted': False, 'pass_attempted': False, 'invalid_action': True, 'pass_power': 0.0, 'shot_power': 0.0, 'goal_scored': False, 'goal_team': None, 'ball_out_by': None, 'start_shot_bonus': False, 'start_pass_bonus': False, 'possession_lost': False, 'deflection_power': 0.0}
[Step 180] Action=[-1.1175106  2.8676434  1.9481657  2.2207363  3.8230062  0.7935209
  4.292711 ] | Reward=-0.008 | Cum=-1.114 | Info={'fov_visible': True, 'shot_attempted': False, 'pass_attempted': False, 'invalid_action': True, 'pass_power': 0.0, 'shot_power': 0.0, 'goal_scored': False, 'goal_team': None, 'ball_out_by': None, 'start_shot_bonus': False, 'start_pass_bonus': False, 'possession_lost': False, 'deflection_power': 0.0}
[Step 181] Action=[-1.1175034  2.8676958  1.9481783  2.2207286  3.8230484  0.7934273
  4.292621 ] | Reward=-0.008 | Cum=-1.122 | Info={'fov_visible': True, 'shot_attempted': False, 'pass_attempted': False, 'invalid_action': True, 'pass_power': 0.0, 'shot_power': 0.0, 'goal_scored': False, 'goal_team': None, 'ball_out_by': None, 'start_shot_bonus': False, 'start_pass_bonus': False, 'possession_lost': False, 'deflection_power': 0.0}
[Step 182] Action=[-1.1174968   2.8677483   1.948191    2.2207234   3.82309     0.79333675
  4.29253   ] | Reward=-0.008 | Cum=-1.130 | Info={'fov_visible': True, 'shot_attempted': False, 'pass_attempted': False, 'invalid_action': True, 'pass_power': 0.0, 'shot_power': 0.0, 'goal_scored': False, 'goal_team': None, 'ball_out_by': None, 'start_shot_bonus': False, 'start_pass_bonus': False, 'possession_lost': False, 'deflection_power': 0.0}
[Step 183] Action=[-1.1174903   2.8677993   1.9482017   2.2207236   3.8231308   0.79325217
  4.2924395 ] | Reward=-0.008 | Cum=-1.138 | Info={'fov_visible': True, 'shot_attempted': False, 'pass_attempted': False, 'invalid_action': True, 'pass_power': 0.0, 'shot_power': 0.0, 'goal_scored': False, 'goal_team': None, 'ball_out_by': None, 'start_shot_bonus': False, 'start_pass_bonus': False, 'possession_lost': False, 'deflection_power': 0.0}
[Step 184] Action=[-1.117484   2.8678503  1.9482118  2.2207224  3.8231704  0.7931674
  4.292348 ] | Reward=-0.605 | Cum=-1.743 | Info={'fov_visible': True, 'shot_attempted': False, 'pass_attempted': False, 'invalid_action': True, 'pass_power': 0.0, 'shot_power': 0.0, 'goal_scored': False, 'goal_team': None, 'ball_out_by': 'att_1', 'start_shot_bonus': False, 'start_pass_bonus': False, 'possession_lost': False, 'deflection_power': 0.0}
