Debug log for att_3 (Episode 1)
================================================================================
[Step 1] Action=[-1.1444037   2.8374443   1.9894338   2.2115672   3.8344991   0.80253285
  4.347571  ] | Reward=-0.003 | Cum=-0.003 | Info={'fov_visible': True, 'shot_attempted': False, 'pass_attempted': False, 'goal_scored': False, 'goal_team': None, 'ball_out_by': None, 'start_shot_bonus': False, 'start_pass_bonus': False, 'possession_lost': False, 'deflection_power': 0.0}
[Step 2] Action=[-1.1445717  2.8374686  1.989272   2.2116835  3.8345308  0.8022661
  4.34735  ] | Reward=-0.003 | Cum=-0.006 | Info={'fov_visible': True, 'shot_attempted': False, 'pass_attempted': False, 'goal_scored': False, 'goal_team': None, 'ball_out_by': None, 'start_shot_bonus': False, 'start_pass_bonus': False, 'possession_lost': False, 'deflection_power': 0.0}
[Step 3] Action=[-1.1445649   2.8375206   1.9892855   2.211676    3.8345728   0.80217314
  4.3472605 ] | Reward=-0.003 | Cum=-0.009 | Info={'fov_visible': True, 'shot_attempted': False, 'pass_attempted': False, 'goal_scored': False, 'goal_team': None, 'ball_out_by': None, 'start_shot_bonus': False, 'start_pass_bonus': False, 'possession_lost': False, 'deflection_power': 0.0}
[Step 4] Action=[-1.1445585   2.837573    1.9892988   2.2116673   3.8346133   0.80207956
  4.34717   ] | Reward=-0.003 | Cum=-0.012 | Info={'fov_visible': True, 'shot_attempted': False, 'pass_attempted': False, 'goal_scored': False, 'goal_team': None, 'ball_out_by': None, 'start_shot_bonus': False, 'start_pass_bonus': False, 'possession_lost': False, 'deflection_power': 0.0}
[Step 5] Action=[-1.1445519   2.8376267   1.9893118   2.2116597   3.8346555   0.80198675
  4.3470807 ] | Reward=-0.003 | Cum=-0.015 | Info={'fov_visible': True, 'shot_attempted': False, 'pass_attempted': False, 'goal_scored': False, 'goal_team': None, 'ball_out_by': None, 'start_shot_bonus': False, 'start_pass_bonus': False, 'possession_lost': False, 'deflection_power': 0.0}
[Step 6] Action=[-1.1445448  2.8376784  1.9893248  2.211652   3.8346977  0.8018943
  4.3469906] | Reward=-0.003 | Cum=-0.018 | Info={'fov_visible': True, 'shot_attempted': False, 'pass_attempted': False, 'goal_scored': False, 'goal_team': None, 'ball_out_by': None, 'start_shot_bonus': False, 'start_pass_bonus': False, 'possession_lost': False, 'deflection_power': 0.0}
[Step 7] Action=[-1.1445383  2.8377304  1.9893389  2.211644   3.8347387  0.8018014
  4.3469014] | Reward=-0.003 | Cum=-0.021 | Info={'fov_visible': True, 'shot_attempted': False, 'pass_attempted': False, 'goal_scored': False, 'goal_team': None, 'ball_out_by': None, 'start_shot_bonus': False, 'start_pass_bonus': False, 'possession_lost': False, 'deflection_power': 0.0}
[Step 8] Action=[-1.1445322  2.8377829  1.9893525  2.211636   3.8347802  0.8017086
  4.3468113] | Reward=-0.003 | Cum=-0.024 | Info={'fov_visible': True, 'shot_attempted': False, 'pass_attempted': False, 'goal_scored': False, 'goal_team': None, 'ball_out_by': None, 'start_shot_bonus': False, 'start_pass_bonus': False, 'possession_lost': False, 'deflection_power': 0.0}
[Step 9] Action=[-1.1445252  2.8378353  1.9893655  2.2116277  3.8348212  0.8016154
  4.3467216] | Reward=-0.003 | Cum=-0.027 | Info={'fov_visible': True, 'shot_attempted': False, 'pass_attempted': False, 'goal_scored': False, 'goal_team': None, 'ball_out_by': None, 'start_shot_bonus': False, 'start_pass_bonus': False, 'possession_lost': False, 'deflection_power': 0.0}
[Step 10] Action=[-1.1445187   2.8378878   1.9893787   2.2116199   3.8348627   0.80152285
  4.346631  ] | Reward=-0.003 | Cum=-0.030 | Info={'fov_visible': True, 'shot_attempted': False, 'pass_attempted': False, 'goal_scored': False, 'goal_team': None, 'ball_out_by': None, 'start_shot_bonus': False, 'start_pass_bonus': False, 'possession_lost': False, 'deflection_power': 0.0}
[Step 11] Action=[-1.1445122   2.8379402   1.9893924   2.2116125   3.8349042   0.80142957
  4.3465424 ] | Reward=-0.003 | Cum=-0.033 | Info={'fov_visible': True, 'shot_attempted': False, 'pass_attempted': False, 'goal_scored': False, 'goal_team': None, 'ball_out_by': None, 'start_shot_bonus': False, 'start_pass_bonus': False, 'possession_lost': False, 'deflection_power': 0.0}
[Step 12] Action=[-1.1445057   2.8379931   1.9894047   2.2116044   3.8349447   0.80133665
  4.3464518 ] | Reward=-0.003 | Cum=-0.036 | Info={'fov_visible': True, 'shot_attempted': False, 'pass_attempted': False, 'goal_scored': False, 'goal_team': None, 'ball_out_by': None, 'start_shot_bonus': False, 'start_pass_bonus': False, 'possession_lost': False, 'deflection_power': 0.0}
[Step 13] Action=[-1.1444983   2.8380451   1.9894187   2.2115967   3.8349876   0.80124366
  4.346362  ] | Reward=-0.003 | Cum=-0.039 | Info={'fov_visible': True, 'shot_attempted': False, 'pass_attempted': False, 'goal_scored': False, 'goal_team': None, 'ball_out_by': None, 'start_shot_bonus': False, 'start_pass_bonus': False, 'possession_lost': False, 'deflection_power': 0.0}
[Step 14] Action=[-1.1444921   2.8380976   1.9894322   2.2115884   3.8350282   0.80115086
  4.3462725 ] | Reward=-0.003 | Cum=-0.041 | Info={'fov_visible': True, 'shot_attempted': False, 'pass_attempted': False, 'goal_scored': False, 'goal_team': None, 'ball_out_by': None, 'start_shot_bonus': False, 'start_pass_bonus': False, 'possession_lost': False, 'deflection_power': 0.0}
[Step 15] Action=[-1.144485    2.83815     1.9894454   2.21158     3.8350697   0.80105853
  4.3461833 ] | Reward=-0.003 | Cum=-0.044 | Info={'fov_visible': True, 'shot_attempted': False, 'pass_attempted': False, 'goal_scored': False, 'goal_team': None, 'ball_out_by': None, 'start_shot_bonus': False, 'start_pass_bonus': False, 'possession_lost': False, 'deflection_power': 0.0}
[Step 16] Action=[-1.1444798  2.838202   1.9894588  2.2115722  3.8351111  0.8009655
  4.346093 ] | Reward=-0.003 | Cum=-0.047 | Info={'fov_visible': True, 'shot_attempted': False, 'pass_attempted': False, 'goal_scored': False, 'goal_team': None, 'ball_out_by': None, 'start_shot_bonus': False, 'start_pass_bonus': False, 'possession_lost': False, 'deflection_power': 0.0}
[Step 17] Action=[-1.1444728  2.8382547  1.9894719  2.2115645  3.8351526  0.8008716
  4.346003 ] | Reward=-0.003 | Cum=-0.050 | Info={'fov_visible': True, 'shot_attempted': False, 'pass_attempted': False, 'goal_scored': False, 'goal_team': None, 'ball_out_by': None, 'start_shot_bonus': False, 'start_pass_bonus': False, 'possession_lost': False, 'deflection_power': 0.0}
[Step 18] Action=[-1.1444654  2.8383076  1.9894856  2.2115567  3.8351946  0.8007796
  4.345913 ] | Reward=-0.003 | Cum=-0.053 | Info={'fov_visible': True, 'shot_attempted': False, 'pass_attempted': False, 'goal_scored': False, 'goal_team': None, 'ball_out_by': None, 'start_shot_bonus': False, 'start_pass_bonus': False, 'possession_lost': False, 'deflection_power': 0.0}
[Step 19] Action=[-1.1444589   2.8383596   1.9894989   2.211549    3.835235    0.80068576
  4.3458233 ] | Reward=-0.003 | Cum=-0.055 | Info={'fov_visible': True, 'shot_attempted': False, 'pass_attempted': False, 'goal_scored': False, 'goal_team': None, 'ball_out_by': None, 'start_shot_bonus': False, 'start_pass_bonus': False, 'possession_lost': False, 'deflection_power': 0.0}
[Step 20] Action=[-1.1444527   2.8384123   1.9895123   2.2115405   3.835277    0.80059326
  4.3457336 ] | Reward=-0.003 | Cum=-0.058 | Info={'fov_visible': True, 'shot_attempted': False, 'pass_attempted': False, 'goal_scored': False, 'goal_team': None, 'ball_out_by': None, 'start_shot_bonus': False, 'start_pass_bonus': False, 'possession_lost': False, 'deflection_power': 0.0}
[Step 21] Action=[-1.1444463   2.8384647   1.9895252   2.2115324   3.8353186   0.80050015
  4.345644  ] | Reward=-0.003 | Cum=-0.061 | Info={'fov_visible': True, 'shot_attempted': False, 'pass_attempted': False, 'goal_scored': False, 'goal_team': None, 'ball_out_by': None, 'start_shot_bonus': False, 'start_pass_bonus': False, 'possession_lost': False, 'deflection_power': 0.0}
[Step 22] Action=[-1.1444395  2.838517   1.9895389  2.2115245  3.8353603  0.8004064
  4.3455544] | Reward=-0.003 | Cum=-0.063 | Info={'fov_visible': True, 'shot_attempted': False, 'pass_attempted': False, 'goal_scored': False, 'goal_team': None, 'ball_out_by': None, 'start_shot_bonus': False, 'start_pass_bonus': False, 'possession_lost': False, 'deflection_power': 0.0}
[Step 23] Action=[-1.1444327   2.8385696   1.9895514   2.2115169   3.8354015   0.80031455
  4.345464  ] | Reward=-0.003 | Cum=-0.066 | Info={'fov_visible': True, 'shot_attempted': False, 'pass_attempted': False, 'goal_scored': False, 'goal_team': None, 'ball_out_by': None, 'start_shot_bonus': False, 'start_pass_bonus': False, 'possession_lost': False, 'deflection_power': 0.0}
[Step 24] Action=[-1.1444267  2.838622   1.9895655  2.211509   3.8354423  0.8002217
  4.3453746] | Reward=-0.003 | Cum=-0.069 | Info={'fov_visible': True, 'shot_attempted': False, 'pass_attempted': False, 'goal_scored': False, 'goal_team': None, 'ball_out_by': None, 'start_shot_bonus': False, 'start_pass_bonus': False, 'possession_lost': False, 'deflection_power': 0.0}
[Step 25] Action=[-1.1444196  2.8386745  1.989579   2.211501   3.835484   0.8001287
  4.3452845] | Reward=-0.003 | Cum=-0.071 | Info={'fov_visible': True, 'shot_attempted': False, 'pass_attempted': False, 'goal_scored': False, 'goal_team': None, 'ball_out_by': None, 'start_shot_bonus': False, 'start_pass_bonus': False, 'possession_lost': False, 'deflection_power': 0.0}
[Step 26] Action=[-1.1444132  2.8387268  1.9895918  2.211493   3.835526   0.8000356
  4.345195 ] | Reward=-0.003 | Cum=-0.074 | Info={'fov_visible': True, 'shot_attempted': False, 'pass_attempted': False, 'goal_scored': False, 'goal_team': None, 'ball_out_by': None, 'start_shot_bonus': False, 'start_pass_bonus': False, 'possession_lost': False, 'deflection_power': 0.0}
[Step 27] Action=[-1.1444066  2.8387794  1.9896055  2.2114851  3.8355675  0.7999432
  4.3451047] | Reward=-0.003 | Cum=-0.077 | Info={'fov_visible': True, 'shot_attempted': False, 'pass_attempted': False, 'goal_scored': False, 'goal_team': None, 'ball_out_by': None, 'start_shot_bonus': False, 'start_pass_bonus': False, 'possession_lost': False, 'deflection_power': 0.0}
[Step 28] Action=[-1.1443998  2.8388317  1.9896189  2.211477   3.8356082  0.7998494
  4.3450155] | Reward=-0.003 | Cum=-0.079 | Info={'fov_visible': True, 'shot_attempted': False, 'pass_attempted': False, 'goal_scored': False, 'goal_team': None, 'ball_out_by': None, 'start_shot_bonus': False, 'start_pass_bonus': False, 'possession_lost': False, 'deflection_power': 0.0}
[Step 29] Action=[-1.1443932  2.8388834  1.9896325  2.211469   3.8356495  0.7997571
  4.344926 ] | Reward=-0.003 | Cum=-0.082 | Info={'fov_visible': True, 'shot_attempted': False, 'pass_attempted': False, 'goal_scored': False, 'goal_team': None, 'ball_out_by': None, 'start_shot_bonus': False, 'start_pass_bonus': False, 'possession_lost': False, 'deflection_power': 0.0}
[Step 30] Action=[-1.1443865   2.8389366   1.9896457   2.2114613   3.8356915   0.79966307
  4.3448353 ] | Reward=-0.003 | Cum=-0.085 | Info={'fov_visible': True, 'shot_attempted': False, 'pass_attempted': False, 'goal_scored': False, 'goal_team': None, 'ball_out_by': None, 'start_shot_bonus': False, 'start_pass_bonus': False, 'possession_lost': False, 'deflection_power': 0.0}
[Step 31] Action=[-1.1443803  2.8389888  1.9896586  2.2114537  3.8357334  0.7995703
  4.3447456] | Reward=-0.003 | Cum=-0.087 | Info={'fov_visible': True, 'shot_attempted': False, 'pass_attempted': False, 'goal_scored': False, 'goal_team': None, 'ball_out_by': None, 'start_shot_bonus': False, 'start_pass_bonus': False, 'possession_lost': False, 'deflection_power': 0.0}
[Step 32] Action=[-1.1443735   2.8390412   1.989672    2.2114453   3.8357735   0.79947805
  4.344656  ] | Reward=-0.003 | Cum=-0.090 | Info={'fov_visible': True, 'shot_attempted': False, 'pass_attempted': False, 'goal_scored': False, 'goal_team': None, 'ball_out_by': None, 'start_shot_bonus': False, 'start_pass_bonus': False, 'possession_lost': False, 'deflection_power': 0.0}
[Step 33] Action=[-1.144367   2.839094   1.9896854  2.2114375  3.8358154  0.7993851
  4.344566 ] | Reward=-0.002 | Cum=-0.092 | Info={'fov_visible': True, 'shot_attempted': False, 'pass_attempted': False, 'goal_scored': False, 'goal_team': None, 'ball_out_by': None, 'start_shot_bonus': False, 'start_pass_bonus': False, 'possession_lost': False, 'deflection_power': 0.0}
[Step 34] Action=[-1.1443601  2.8391461  1.9896984  2.2114294  3.835857   0.799292
  4.344476 ] | Reward=-0.002 | Cum=-0.095 | Info={'fov_visible': True, 'shot_attempted': False, 'pass_attempted': False, 'goal_scored': False, 'goal_team': None, 'ball_out_by': None, 'start_shot_bonus': False, 'start_pass_bonus': False, 'possession_lost': False, 'deflection_power': 0.0}
[Step 35] Action=[-1.1443532   2.8391993   1.9897114   2.2114217   3.8358989   0.79919946
  4.344386  ] | Reward=-0.002 | Cum=-0.097 | Info={'fov_visible': True, 'shot_attempted': False, 'pass_attempted': False, 'goal_scored': False, 'goal_team': None, 'ball_out_by': None, 'start_shot_bonus': False, 'start_pass_bonus': False, 'possession_lost': False, 'deflection_power': 0.0}
[Step 36] Action=[-1.1443468  2.8392513  1.9897255  2.2114131  3.83594    0.7991067
  4.3442965] | Reward=-0.003 | Cum=-0.100 | Info={'fov_visible': True, 'shot_attempted': False, 'pass_attempted': False, 'goal_scored': False, 'goal_team': None, 'ball_out_by': None, 'start_shot_bonus': False, 'start_pass_bonus': False, 'possession_lost': False, 'deflection_power': 0.0}
[Step 37] Action=[-1.1443402  2.8393035  1.9897383  2.211406   3.8359811  0.7990135
  4.344207 ] | Reward=-0.003 | Cum=-0.102 | Info={'fov_visible': True, 'shot_attempted': False, 'pass_attempted': False, 'goal_scored': False, 'goal_team': None, 'ball_out_by': None, 'start_shot_bonus': False, 'start_pass_bonus': False, 'possession_lost': False, 'deflection_power': 0.0}
[Step 38] Action=[-1.1443338  2.8393562  1.9897518  2.2113974  3.8360224  0.7989203
  4.344117 ] | Reward=-0.003 | Cum=-0.105 | Info={'fov_visible': True, 'shot_attempted': False, 'pass_attempted': False, 'goal_scored': False, 'goal_team': None, 'ball_out_by': None, 'start_shot_bonus': False, 'start_pass_bonus': False, 'possession_lost': False, 'deflection_power': 0.0}
[Step 39] Action=[-1.1443273  2.8394089  1.9897655  2.2113898  3.8360639  0.7988274
  4.3440275] | Reward=-0.003 | Cum=-0.107 | Info={'fov_visible': True, 'shot_attempted': False, 'pass_attempted': False, 'goal_scored': False, 'goal_team': None, 'ball_out_by': None, 'start_shot_bonus': False, 'start_pass_bonus': False, 'possession_lost': False, 'deflection_power': 0.0}
[Step 40] Action=[-1.1443202   2.8394608   1.9897786   2.211382    3.8361058   0.79873407
  4.3439374 ] | Reward=-0.003 | Cum=-0.110 | Info={'fov_visible': True, 'shot_attempted': False, 'pass_attempted': False, 'goal_scored': False, 'goal_team': None, 'ball_out_by': None, 'start_shot_bonus': False, 'start_pass_bonus': False, 'possession_lost': False, 'deflection_power': 0.0}
[Step 41] Action=[-1.144314   2.8395138  1.9897922  2.211374   3.8361473  0.798641
  4.3438478] | Reward=-0.003 | Cum=-0.112 | Info={'fov_visible': True, 'shot_attempted': False, 'pass_attempted': False, 'goal_scored': False, 'goal_team': None, 'ball_out_by': None, 'start_shot_bonus': False, 'start_pass_bonus': False, 'possession_lost': False, 'deflection_power': 0.0}
[Step 42] Action=[-1.144307    2.8395653   1.9898056   2.2113664   3.8361883   0.79854846
  4.343758  ] | Reward=-0.002 | Cum=-0.115 | Info={'fov_visible': True, 'shot_attempted': False, 'pass_attempted': False, 'goal_scored': False, 'goal_team': None, 'ball_out_by': None, 'start_shot_bonus': False, 'start_pass_bonus': False, 'possession_lost': False, 'deflection_power': 0.0}
[Step 43] Action=[-1.1443008  2.839618   1.9898186  2.211358   3.8362303  0.7984555
  4.343668 ] | Reward=-0.002 | Cum=-0.117 | Info={'fov_visible': True, 'shot_attempted': False, 'pass_attempted': False, 'goal_scored': False, 'goal_team': None, 'ball_out_by': None, 'start_shot_bonus': False, 'start_pass_bonus': False, 'possession_lost': False, 'deflection_power': 0.0}
[Step 44] Action=[-1.1442941  2.8396704  1.9898324  2.2113507  3.8362715  0.7983631
  4.3435783] | Reward=-0.002 | Cum=-0.120 | Info={'fov_visible': True, 'shot_attempted': False, 'pass_attempted': False, 'goal_scored': False, 'goal_team': None, 'ball_out_by': None, 'start_shot_bonus': False, 'start_pass_bonus': False, 'possession_lost': False, 'deflection_power': 0.0}
[Step 45] Action=[-1.1442872   2.8397222   1.9898456   2.2113423   3.836313    0.79826987
  4.343488  ] | Reward=-0.002 | Cum=-0.122 | Info={'fov_visible': True, 'shot_attempted': False, 'pass_attempted': False, 'goal_scored': False, 'goal_team': None, 'ball_out_by': None, 'start_shot_bonus': False, 'start_pass_bonus': False, 'possession_lost': False, 'deflection_power': 0.0}
[Step 46] Action=[-1.144281   2.8397756  1.9898591  2.2113345  3.8363547  0.7981769
  4.3433986] | Reward=-0.002 | Cum=-0.125 | Info={'fov_visible': True, 'shot_attempted': False, 'pass_attempted': False, 'goal_scored': False, 'goal_team': None, 'ball_out_by': None, 'start_shot_bonus': False, 'start_pass_bonus': False, 'possession_lost': False, 'deflection_power': 0.0}
[Step 47] Action=[-1.1442738  2.839828   1.9898725  2.2113261  3.8363957  0.7980838
  4.3433094] | Reward=-0.002 | Cum=-0.127 | Info={'fov_visible': True, 'shot_attempted': False, 'pass_attempted': False, 'goal_scored': False, 'goal_team': None, 'ball_out_by': None, 'start_shot_bonus': False, 'start_pass_bonus': False, 'possession_lost': False, 'deflection_power': 0.0}
[Step 48] Action=[-1.1442677  2.8398802  1.9898856  2.2113185  3.8364372  0.7979906
  4.3432193] | Reward=-0.002 | Cum=-0.129 | Info={'fov_visible': True, 'shot_attempted': False, 'pass_attempted': False, 'goal_scored': False, 'goal_team': None, 'ball_out_by': None, 'start_shot_bonus': False, 'start_pass_bonus': False, 'possession_lost': False, 'deflection_power': 0.0}
[Step 49] Action=[-1.1442606  2.8399332  1.9898993  2.2113101  3.836479   0.7978979
  4.3431296] | Reward=-0.002 | Cum=-0.132 | Info={'fov_visible': True, 'shot_attempted': False, 'pass_attempted': False, 'goal_scored': False, 'goal_team': None, 'ball_out_by': None, 'start_shot_bonus': False, 'start_pass_bonus': False, 'possession_lost': False, 'deflection_power': 0.0}
[Step 50] Action=[-1.1442538  2.8399854  1.9899125  2.211303   3.8365202  0.7978047
  4.343039 ] | Reward=-0.002 | Cum=-0.134 | Info={'fov_visible': True, 'shot_attempted': False, 'pass_attempted': False, 'goal_scored': False, 'goal_team': None, 'ball_out_by': None, 'start_shot_bonus': False, 'start_pass_bonus': False, 'possession_lost': False, 'deflection_power': 0.0}
[Step 51] Action=[-1.1442478  2.8400373  1.9899257  2.211295   3.836562   0.7977115
  4.34295  ] | Reward=-0.002 | Cum=-0.137 | Info={'fov_visible': True, 'shot_attempted': False, 'pass_attempted': False, 'goal_scored': False, 'goal_team': None, 'ball_out_by': None, 'start_shot_bonus': False, 'start_pass_bonus': False, 'possession_lost': False, 'deflection_power': 0.0}
[Step 52] Action=[-1.1442409  2.8400908  1.989939   2.2112873  3.836604   0.797619
  4.34286  ] | Reward=-0.002 | Cum=-0.139 | Info={'fov_visible': True, 'shot_attempted': False, 'pass_attempted': False, 'goal_scored': False, 'goal_team': None, 'ball_out_by': None, 'start_shot_bonus': False, 'start_pass_bonus': False, 'possession_lost': False, 'deflection_power': 0.0}
[Step 53] Action=[-1.1442343  2.8401427  1.9899523  2.2112792  3.8366444  0.7975259
  4.3427706] | Reward=-0.002 | Cum=-0.142 | Info={'fov_visible': True, 'shot_attempted': False, 'pass_attempted': False, 'goal_scored': False, 'goal_team': None, 'ball_out_by': None, 'start_shot_bonus': False, 'start_pass_bonus': False, 'possession_lost': False, 'deflection_power': 0.0}
[Step 54] Action=[-1.1442275   2.8401954   1.9899663   2.211271    3.8366866   0.79743266
  4.34268   ] | Reward=-0.002 | Cum=-0.144 | Info={'fov_visible': True, 'shot_attempted': False, 'pass_attempted': False, 'goal_scored': False, 'goal_team': None, 'ball_out_by': None, 'start_shot_bonus': False, 'start_pass_bonus': False, 'possession_lost': False, 'deflection_power': 0.0}
[Step 55] Action=[-1.144221    2.8402472   1.9899788   2.211263    3.8367276   0.79734015
  4.3425903 ] | Reward=-0.002 | Cum=-0.146 | Info={'fov_visible': True, 'shot_attempted': False, 'pass_attempted': False, 'goal_scored': False, 'goal_team': None, 'ball_out_by': None, 'start_shot_bonus': False, 'start_pass_bonus': False, 'possession_lost': False, 'deflection_power': 0.0}
[Step 56] Action=[-1.1442149  2.8402998  1.989992   2.2112548  3.836769   0.7972468
  4.3425007] | Reward=-0.002 | Cum=-0.149 | Info={'fov_visible': True, 'shot_attempted': False, 'pass_attempted': False, 'goal_scored': False, 'goal_team': None, 'ball_out_by': None, 'start_shot_bonus': False, 'start_pass_bonus': False, 'possession_lost': False, 'deflection_power': 0.0}
[Step 57] Action=[-1.1442078   2.840352    1.9900057   2.211248    3.8368106   0.79715383
  4.342411  ] | Reward=-0.002 | Cum=-0.151 | Info={'fov_visible': True, 'shot_attempted': False, 'pass_attempted': False, 'goal_scored': False, 'goal_team': None, 'ball_out_by': None, 'start_shot_bonus': False, 'start_pass_bonus': False, 'possession_lost': False, 'deflection_power': 0.0}
[Step 58] Action=[-1.1442012   2.8404052   1.9900188   2.2112396   3.8368526   0.79706156
  4.342321  ] | Reward=-0.002 | Cum=-0.153 | Info={'fov_visible': True, 'shot_attempted': False, 'pass_attempted': False, 'goal_scored': False, 'goal_team': None, 'ball_out_by': None, 'start_shot_bonus': False, 'start_pass_bonus': False, 'possession_lost': False, 'deflection_power': 0.0}
[Step 59] Action=[-1.1441946  2.8404574  1.9900328  2.2112315  3.836894   0.796968
  4.342231 ] | Reward=-0.002 | Cum=-0.156 | Info={'fov_visible': True, 'shot_attempted': False, 'pass_attempted': False, 'goal_scored': False, 'goal_team': None, 'ball_out_by': None, 'start_shot_bonus': False, 'start_pass_bonus': False, 'possession_lost': False, 'deflection_power': 0.0}
[Step 60] Action=[-1.1441876  2.84051    1.9900459  2.2112238  3.8369348  0.7968754
  4.3421416] | Reward=-0.002 | Cum=-0.158 | Info={'fov_visible': True, 'shot_attempted': False, 'pass_attempted': False, 'goal_scored': False, 'goal_team': None, 'ball_out_by': None, 'start_shot_bonus': False, 'start_pass_bonus': False, 'possession_lost': False, 'deflection_power': 0.0}
[Step 61] Action=[-1.1441807   2.8405619   1.9900589   2.2112157   3.8369765   0.79678184
  4.3420515 ] | Reward=-0.002 | Cum=-0.161 | Info={'fov_visible': True, 'shot_attempted': False, 'pass_attempted': False, 'goal_scored': False, 'goal_team': None, 'ball_out_by': None, 'start_shot_bonus': False, 'start_pass_bonus': False, 'possession_lost': False, 'deflection_power': 0.0}
[Step 62] Action=[-1.1441745  2.8406143  1.9900718  2.2112076  3.837018   0.7966891
  4.341961 ] | Reward=-0.002 | Cum=-0.163 | Info={'fov_visible': True, 'shot_attempted': False, 'pass_attempted': False, 'goal_scored': False, 'goal_team': None, 'ball_out_by': None, 'start_shot_bonus': False, 'start_pass_bonus': False, 'possession_lost': False, 'deflection_power': 0.0}
[Step 63] Action=[-1.1441681   2.840667    1.9900858   2.2112      3.8370595   0.79659635
  4.341872  ] | Reward=-0.002 | Cum=-0.165 | Info={'fov_visible': True, 'shot_attempted': False, 'pass_attempted': False, 'goal_scored': False, 'goal_team': None, 'ball_out_by': None, 'start_shot_bonus': False, 'start_pass_bonus': False, 'possession_lost': False, 'deflection_power': 0.0}
[Step 64] Action=[-1.144161    2.8407192   1.990099    2.2111921   3.8371005   0.79650354
  4.341782  ] | Reward=-0.002 | Cum=-0.168 | Info={'fov_visible': True, 'shot_attempted': False, 'pass_attempted': False, 'goal_scored': False, 'goal_team': None, 'ball_out_by': None, 'start_shot_bonus': False, 'start_pass_bonus': False, 'possession_lost': False, 'deflection_power': 0.0}
[Step 65] Action=[-1.1441548  2.8407717  1.9901121  2.211184   3.837142   0.7964108
  4.341693 ] | Reward=-0.002 | Cum=-0.170 | Info={'fov_visible': True, 'shot_attempted': False, 'pass_attempted': False, 'goal_scored': False, 'goal_team': None, 'ball_out_by': None, 'start_shot_bonus': False, 'start_pass_bonus': False, 'possession_lost': False, 'deflection_power': 0.0}
[Step 66] Action=[-1.1441481  2.8408241  1.9901259  2.2111762  3.8371835  0.7963176
  4.3416023] | Reward=-0.002 | Cum=-0.172 | Info={'fov_visible': True, 'shot_attempted': False, 'pass_attempted': False, 'goal_scored': False, 'goal_team': None, 'ball_out_by': None, 'start_shot_bonus': False, 'start_pass_bonus': False, 'possession_lost': False, 'deflection_power': 0.0}
[Step 67] Action=[-1.1441414   2.840877    1.9901389   2.2111685   3.8372257   0.79622453
  4.3415117 ] | Reward=-0.002 | Cum=-0.175 | Info={'fov_visible': True, 'shot_attempted': False, 'pass_attempted': False, 'goal_scored': False, 'goal_team': None, 'ball_out_by': None, 'start_shot_bonus': False, 'start_pass_bonus': False, 'possession_lost': False, 'deflection_power': 0.0}
[Step 68] Action=[-1.1441346  2.8409295  1.9901516  2.2111607  3.837267   0.7961321
  4.341422 ] | Reward=-0.002 | Cum=-0.177 | Info={'fov_visible': True, 'shot_attempted': False, 'pass_attempted': False, 'goal_scored': False, 'goal_team': None, 'ball_out_by': None, 'start_shot_bonus': False, 'start_pass_bonus': False, 'possession_lost': False, 'deflection_power': 0.0}
[Step 69] Action=[-1.144128   2.8409815  1.9901652  2.2111528  3.8373084  0.7960385
  4.3413334] | Reward=-0.002 | Cum=-0.180 | Info={'fov_visible': True, 'shot_attempted': False, 'pass_attempted': False, 'goal_scored': False, 'goal_team': None, 'ball_out_by': None, 'start_shot_bonus': False, 'start_pass_bonus': False, 'possession_lost': False, 'deflection_power': 0.0}
[Step 70] Action=[-1.1441215   2.841034    1.9901787   2.2111442   3.8373504   0.79594576
  4.3412433 ] | Reward=-0.002 | Cum=-0.182 | Info={'fov_visible': True, 'shot_attempted': False, 'pass_attempted': False, 'goal_scored': False, 'goal_team': None, 'ball_out_by': None, 'start_shot_bonus': False, 'start_pass_bonus': False, 'possession_lost': False, 'deflection_power': 0.0}
[Step 71] Action=[-1.1441147   2.8410866   1.9901925   2.2111368   3.8373916   0.79585207
  4.341153  ] | Reward=-0.002 | Cum=-0.184 | Info={'fov_visible': True, 'shot_attempted': False, 'pass_attempted': False, 'goal_scored': False, 'goal_team': None, 'ball_out_by': None, 'start_shot_bonus': False, 'start_pass_bonus': False, 'possession_lost': False, 'deflection_power': 0.0}
[Step 72] Action=[-1.1441083   2.841139    1.9902059   2.211129    3.8374333   0.79575986
  4.3410635 ] | Reward=-0.002 | Cum=-0.187 | Info={'fov_visible': True, 'shot_attempted': False, 'pass_attempted': False, 'goal_scored': False, 'goal_team': None, 'ball_out_by': None, 'start_shot_bonus': False, 'start_pass_bonus': False, 'possession_lost': False, 'deflection_power': 0.0}
[Step 73] Action=[-1.1441017  2.8411915  1.9902189  2.211121   3.837474   0.7956666
  4.3409734] | Reward=-0.002 | Cum=-0.189 | Info={'fov_visible': True, 'shot_attempted': False, 'pass_attempted': False, 'goal_scored': False, 'goal_team': None, 'ball_out_by': None, 'start_shot_bonus': False, 'start_pass_bonus': False, 'possession_lost': False, 'deflection_power': 0.0}
[Step 74] Action=[-1.144095   2.8412442  1.9902321  2.211113   3.8375158  0.7955736
  4.3408837] | Reward=-0.002 | Cum=-0.192 | Info={'fov_visible': True, 'shot_attempted': False, 'pass_attempted': False, 'goal_scored': False, 'goal_team': None, 'ball_out_by': None, 'start_shot_bonus': False, 'start_pass_bonus': False, 'possession_lost': False, 'deflection_power': 0.0}
[Step 75] Action=[-1.1440884  2.8412964  1.9902455  2.2111046  3.8375573  0.7954805
  4.3407946] | Reward=-0.002 | Cum=-0.194 | Info={'fov_visible': True, 'shot_attempted': False, 'pass_attempted': False, 'goal_scored': False, 'goal_team': None, 'ball_out_by': None, 'start_shot_bonus': False, 'start_pass_bonus': False, 'possession_lost': False, 'deflection_power': 0.0}
[Step 76] Action=[-1.1440811   2.8413486   1.9902589   2.2110975   3.8375993   0.79538774
  4.340704  ] | Reward=-0.002 | Cum=-0.196 | Info={'fov_visible': True, 'shot_attempted': False, 'pass_attempted': False, 'goal_scored': False, 'goal_team': None, 'ball_out_by': None, 'start_shot_bonus': False, 'start_pass_bonus': False, 'possession_lost': False, 'deflection_power': 0.0}
[Step 77] Action=[-1.1440744   2.841401    1.9902725   2.2110894   3.8376408   0.79529464
  4.3406143 ] | Reward=-0.002 | Cum=-0.199 | Info={'fov_visible': True, 'shot_attempted': False, 'pass_attempted': False, 'goal_scored': False, 'goal_team': None, 'ball_out_by': None, 'start_shot_bonus': False, 'start_pass_bonus': False, 'possession_lost': False, 'deflection_power': 0.0}
[Step 78] Action=[-1.1440682   2.8414538   1.9902864   2.211081    3.8376818   0.79520166
  4.3405247 ] | Reward=-0.002 | Cum=-0.201 | Info={'fov_visible': True, 'shot_attempted': False, 'pass_attempted': False, 'goal_scored': False, 'goal_team': None, 'ball_out_by': None, 'start_shot_bonus': False, 'start_pass_bonus': False, 'possession_lost': False, 'deflection_power': 0.0}
[Step 79] Action=[-1.1440614  2.8415065  1.9902995  2.2110739  3.8377233  0.7951085
  4.340435 ] | Reward=-0.002 | Cum=-0.204 | Info={'fov_visible': True, 'shot_attempted': False, 'pass_attempted': False, 'goal_scored': False, 'goal_team': None, 'ball_out_by': None, 'start_shot_bonus': False, 'start_pass_bonus': False, 'possession_lost': False, 'deflection_power': 0.0}
[Step 80] Action=[-1.1440548   2.841559    1.990312    2.2110658   3.8377655   0.79501575
  4.3403444 ] | Reward=-0.002 | Cum=-0.206 | Info={'fov_visible': True, 'shot_attempted': False, 'pass_attempted': False, 'goal_scored': False, 'goal_team': None, 'ball_out_by': None, 'start_shot_bonus': False, 'start_pass_bonus': False, 'possession_lost': False, 'deflection_power': 0.0}
[Step 81] Action=[-1.144048   2.841611   1.9903259  2.2110581  3.8378065  0.7949233
  4.3402553] | Reward=-0.002 | Cum=-0.208 | Info={'fov_visible': True, 'shot_attempted': False, 'pass_attempted': False, 'goal_scored': False, 'goal_team': None, 'ball_out_by': None, 'start_shot_bonus': False, 'start_pass_bonus': False, 'possession_lost': False, 'deflection_power': 0.0}
[Step 82] Action=[-1.1440415  2.8416636  1.990339   2.2110498  3.8378484  0.7948296
  4.340165 ] | Reward=-0.002 | Cum=-0.211 | Info={'fov_visible': True, 'shot_attempted': False, 'pass_attempted': False, 'goal_scored': False, 'goal_team': None, 'ball_out_by': None, 'start_shot_bonus': False, 'start_pass_bonus': False, 'possession_lost': False, 'deflection_power': 0.0}
[Step 83] Action=[-1.1440349  2.8417158  1.9903523  2.2110422  3.8378892  0.794737
  4.3400755] | Reward=-0.003 | Cum=-0.213 | Info={'fov_visible': True, 'shot_attempted': False, 'pass_attempted': False, 'goal_scored': False, 'goal_team': None, 'ball_out_by': None, 'start_shot_bonus': False, 'start_pass_bonus': False, 'possession_lost': False, 'deflection_power': 0.0}
[Step 84] Action=[-1.1440285  2.841769   1.9903656  2.2110343  3.8379307  0.794644
  4.3399854] | Reward=-0.003 | Cum=-0.216 | Info={'fov_visible': True, 'shot_attempted': False, 'pass_attempted': False, 'goal_scored': False, 'goal_team': None, 'ball_out_by': None, 'start_shot_bonus': False, 'start_pass_bonus': False, 'possession_lost': False, 'deflection_power': 0.0}
[Step 85] Action=[-1.1440214   2.841821    1.990379    2.2110264   3.8379724   0.79455084
  4.3398957 ] | Reward=-0.003 | Cum=-0.218 | Info={'fov_visible': True, 'shot_attempted': False, 'pass_attempted': False, 'goal_scored': False, 'goal_team': None, 'ball_out_by': None, 'start_shot_bonus': False, 'start_pass_bonus': False, 'possession_lost': False, 'deflection_power': 0.0}
[Step 86] Action=[-1.1440148   2.8418727   1.9903924   2.2110188   3.8380141   0.79445827
  4.3398056 ] | Reward=-0.003 | Cum=-0.221 | Info={'fov_visible': True, 'shot_attempted': False, 'pass_attempted': False, 'goal_scored': False, 'goal_team': None, 'ball_out_by': None, 'start_shot_bonus': False, 'start_pass_bonus': False, 'possession_lost': False, 'deflection_power': 0.0}
[Step 87] Action=[-1.1440084  2.8419256  1.990406   2.2110107  3.8380551  0.7943653
  4.339716 ] | Reward=-0.003 | Cum=-0.223 | Info={'fov_visible': True, 'shot_attempted': False, 'pass_attempted': False, 'goal_scored': False, 'goal_team': None, 'ball_out_by': None, 'start_shot_bonus': False, 'start_pass_bonus': False, 'possession_lost': False, 'deflection_power': 0.0}
[Step 88] Action=[-1.1440018   2.8419783   1.9904191   2.2110026   3.8380969   0.79427195
  4.3396263 ] | Reward=-0.002 | Cum=-0.226 | Info={'fov_visible': True, 'shot_attempted': False, 'pass_attempted': False, 'goal_scored': False, 'goal_team': None, 'ball_out_by': None, 'start_shot_bonus': False, 'start_pass_bonus': False, 'possession_lost': False, 'deflection_power': 0.0}
[Step 89] Action=[-1.1439949   2.8420308   1.9904327   2.210995    3.8381383   0.79417837
  4.3395357 ] | Reward=-0.002 | Cum=-0.228 | Info={'fov_visible': True, 'shot_attempted': False, 'pass_attempted': False, 'goal_scored': False, 'goal_team': None, 'ball_out_by': None, 'start_shot_bonus': False, 'start_pass_bonus': False, 'possession_lost': False, 'deflection_power': 0.0}
[Step 90] Action=[-1.1439881  2.8420832  1.9904457  2.2109869  3.8381796  0.7940861
  4.339446 ] | Reward=-0.002 | Cum=-0.231 | Info={'fov_visible': True, 'shot_attempted': False, 'pass_attempted': False, 'goal_scored': False, 'goal_team': None, 'ball_out_by': None, 'start_shot_bonus': False, 'start_pass_bonus': False, 'possession_lost': False, 'deflection_power': 0.0}
[Step 91] Action=[-1.1439815   2.8421354   1.9904593   2.2109792   3.8382218   0.79399276
  4.3393564 ] | Reward=-0.002 | Cum=-0.233 | Info={'fov_visible': True, 'shot_attempted': False, 'pass_attempted': False, 'goal_scored': False, 'goal_team': None, 'ball_out_by': None, 'start_shot_bonus': False, 'start_pass_bonus': False, 'possession_lost': False, 'deflection_power': 0.0}
[Step 92] Action=[-1.143975   2.8421876  1.9904722  2.210971   3.8382628  0.7939001
  4.339267 ] | Reward=-0.002 | Cum=-0.236 | Info={'fov_visible': True, 'shot_attempted': False, 'pass_attempted': False, 'goal_scored': False, 'goal_team': None, 'ball_out_by': None, 'start_shot_bonus': False, 'start_pass_bonus': False, 'possession_lost': False, 'deflection_power': 0.0}
[Step 93] Action=[-1.1439683   2.8422403   1.9904855   2.2109635   3.838304    0.79380745
  4.339177  ] | Reward=-0.002 | Cum=-0.238 | Info={'fov_visible': True, 'shot_attempted': False, 'pass_attempted': False, 'goal_scored': False, 'goal_team': None, 'ball_out_by': None, 'start_shot_bonus': False, 'start_pass_bonus': False, 'possession_lost': False, 'deflection_power': 0.0}
[Step 94] Action=[-1.1439615  2.8422928  1.9904999  2.2109554  3.8383462  0.7937138
  4.339087 ] | Reward=-0.002 | Cum=-0.241 | Info={'fov_visible': True, 'shot_attempted': False, 'pass_attempted': False, 'goal_scored': False, 'goal_team': None, 'ball_out_by': None, 'start_shot_bonus': False, 'start_pass_bonus': False, 'possession_lost': False, 'deflection_power': 0.0}
[Step 95] Action=[-1.1439551  2.8423452  1.9905128  2.2109473  3.8383873  0.7936212
  4.338997 ] | Reward=-0.003 | Cum=-0.243 | Info={'fov_visible': True, 'shot_attempted': False, 'pass_attempted': False, 'goal_scored': False, 'goal_team': None, 'ball_out_by': None, 'start_shot_bonus': False, 'start_pass_bonus': False, 'possession_lost': False, 'deflection_power': 0.0}
[Step 96] Action=[-1.1439482  2.8423982  1.9905255  2.2109392  3.8384295  0.7935279
  4.338907 ] | Reward=-0.003 | Cum=-0.246 | Info={'fov_visible': True, 'shot_attempted': False, 'pass_attempted': False, 'goal_scored': False, 'goal_team': None, 'ball_out_by': None, 'start_shot_bonus': False, 'start_pass_bonus': False, 'possession_lost': False, 'deflection_power': 0.0}
[Step 97] Action=[-1.1439415   2.842451    1.9905392   2.2109318   3.8384705   0.79343545
  4.3388176 ] | Reward=-0.003 | Cum=-0.249 | Info={'fov_visible': True, 'shot_attempted': False, 'pass_attempted': False, 'goal_scored': False, 'goal_team': None, 'ball_out_by': None, 'start_shot_bonus': False, 'start_pass_bonus': False, 'possession_lost': False, 'deflection_power': 0.0}
[Step 98] Action=[-1.1439353   2.8425033   1.9905527   2.2109234   3.8385124   0.79334235
  4.338728  ] | Reward=-0.003 | Cum=-0.251 | Info={'fov_visible': True, 'shot_attempted': False, 'pass_attempted': False, 'goal_scored': False, 'goal_team': None, 'ball_out_by': None, 'start_shot_bonus': False, 'start_pass_bonus': False, 'possession_lost': False, 'deflection_power': 0.0}
[Step 99] Action=[-1.143928   2.8425553  1.9905658  2.2109163  3.8385532  0.793249
  4.338638 ] | Reward=-0.003 | Cum=-0.254 | Info={'fov_visible': True, 'shot_attempted': False, 'pass_attempted': False, 'goal_scored': False, 'goal_team': None, 'ball_out_by': None, 'start_shot_bonus': False, 'start_pass_bonus': False, 'possession_lost': False, 'deflection_power': 0.0}
[Step 100] Action=[-1.1439215  2.8426075  1.9905796  2.2109082  3.8385947  0.7931557
  4.3385477] | Reward=-0.003 | Cum=-0.257 | Info={'fov_visible': True, 'shot_attempted': False, 'pass_attempted': False, 'goal_scored': False, 'goal_team': None, 'ball_out_by': None, 'start_shot_bonus': False, 'start_pass_bonus': False, 'possession_lost': False, 'deflection_power': 0.0}
[Step 101] Action=[-1.1439147  2.84266    1.9905921  2.2108998  3.8386366  0.7930633
  4.338458 ] | Reward=-0.003 | Cum=-0.259 | Info={'fov_visible': True, 'shot_attempted': False, 'pass_attempted': False, 'goal_scored': False, 'goal_team': None, 'ball_out_by': None, 'start_shot_bonus': False, 'start_pass_bonus': False, 'possession_lost': False, 'deflection_power': 0.0}
[Step 102] Action=[-1.1439083  2.8427126  1.9906061  2.2108924  3.838678   0.7929698
  4.3383684] | Reward=-0.003 | Cum=-0.262 | Info={'fov_visible': True, 'shot_attempted': False, 'pass_attempted': False, 'goal_scored': False, 'goal_team': None, 'ball_out_by': None, 'start_shot_bonus': False, 'start_pass_bonus': False, 'possession_lost': False, 'deflection_power': 0.0}
[Step 103] Action=[-1.1439017  2.8427653  1.990619   2.2108843  3.8387196  0.792877
  4.338279 ] | Reward=-0.003 | Cum=-0.265 | Info={'fov_visible': True, 'shot_attempted': False, 'pass_attempted': False, 'goal_scored': False, 'goal_team': None, 'ball_out_by': None, 'start_shot_bonus': False, 'start_pass_bonus': False, 'possession_lost': False, 'deflection_power': 0.0}
[Step 104] Action=[-1.1438944  2.8428175  1.9906319  2.2108767  3.8387609  0.7927843
  4.338188 ] | Reward=-0.003 | Cum=-0.267 | Info={'fov_visible': True, 'shot_attempted': False, 'pass_attempted': False, 'goal_scored': False, 'goal_team': None, 'ball_out_by': None, 'start_shot_bonus': False, 'start_pass_bonus': False, 'possession_lost': False, 'deflection_power': 0.0}
[Step 105] Action=[-1.1438879   2.8428702   1.9906456   2.210869    3.8388033   0.79269123
  4.338099  ] | Reward=-0.003 | Cum=-0.270 | Info={'fov_visible': True, 'shot_attempted': False, 'pass_attempted': False, 'goal_scored': False, 'goal_team': None, 'ball_out_by': None, 'start_shot_bonus': False, 'start_pass_bonus': False, 'possession_lost': False, 'deflection_power': 0.0}
[Step 106] Action=[-1.1438818  2.8429227  1.9906594  2.210861   3.8388443  0.7925978
  4.3380094] | Reward=-0.003 | Cum=-0.273 | Info={'fov_visible': True, 'shot_attempted': False, 'pass_attempted': False, 'goal_scored': False, 'goal_team': None, 'ball_out_by': None, 'start_shot_bonus': False, 'start_pass_bonus': False, 'possession_lost': False, 'deflection_power': 0.0}
[Step 107] Action=[-1.1438751   2.8429754   1.9906725   2.2108524   3.8388853   0.79250515
  4.3379183 ] | Reward=-0.003 | Cum=-0.275 | Info={'fov_visible': True, 'shot_attempted': False, 'pass_attempted': False, 'goal_scored': False, 'goal_team': None, 'ball_out_by': None, 'start_shot_bonus': False, 'start_pass_bonus': False, 'possession_lost': False, 'deflection_power': 0.0}
[Step 108] Action=[-1.1438681  2.843027   1.9906863  2.2108448  3.8389275  0.7924119
  4.337829 ] | Reward=-0.003 | Cum=-0.278 | Info={'fov_visible': True, 'shot_attempted': False, 'pass_attempted': False, 'goal_scored': False, 'goal_team': None, 'ball_out_by': None, 'start_shot_bonus': False, 'start_pass_bonus': False, 'possession_lost': False, 'deflection_power': 0.0}
[Step 109] Action=[-1.1438614  2.8430805  1.9906992  2.2108376  3.838969   0.7923194
  4.337739 ] | Reward=-0.003 | Cum=-0.281 | Info={'fov_visible': True, 'shot_attempted': False, 'pass_attempted': False, 'goal_scored': False, 'goal_team': None, 'ball_out_by': None, 'start_shot_bonus': False, 'start_pass_bonus': False, 'possession_lost': False, 'deflection_power': 0.0}
[Step 110] Action=[-1.1438547   2.843132    1.9907118   2.2108295   3.8390102   0.79222655
  4.3376493 ] | Reward=-0.003 | Cum=-0.284 | Info={'fov_visible': True, 'shot_attempted': False, 'pass_attempted': False, 'goal_scored': False, 'goal_team': None, 'ball_out_by': None, 'start_shot_bonus': False, 'start_pass_bonus': False, 'possession_lost': False, 'deflection_power': 0.0}
[Step 111] Action=[-1.1438481   2.8431847   1.9907261   2.2108214   3.839052    0.79213333
  4.3375597 ] | Reward=-0.003 | Cum=-0.287 | Info={'fov_visible': True, 'shot_attempted': False, 'pass_attempted': False, 'goal_scored': False, 'goal_team': None, 'ball_out_by': None, 'start_shot_bonus': False, 'start_pass_bonus': False, 'possession_lost': False, 'deflection_power': 0.0}
[Step 112] Action=[-1.1438419  2.843237   1.9907392  2.2108138  3.8390932  0.7920401
  4.33747  ] | Reward=-0.003 | Cum=-0.289 | Info={'fov_visible': True, 'shot_attempted': False, 'pass_attempted': False, 'goal_scored': False, 'goal_team': None, 'ball_out_by': None, 'start_shot_bonus': False, 'start_pass_bonus': False, 'possession_lost': False, 'deflection_power': 0.0}
[Step 113] Action=[-1.1438352  2.8432896  1.9907528  2.2108057  3.8391352  0.7919471
  4.3373795] | Reward=-0.003 | Cum=-0.292 | Info={'fov_visible': True, 'shot_attempted': False, 'pass_attempted': False, 'goal_scored': False, 'goal_team': None, 'ball_out_by': None, 'start_shot_bonus': False, 'start_pass_bonus': False, 'possession_lost': False, 'deflection_power': 0.0}
[Step 114] Action=[-1.143828   2.8433423  1.9907664  2.2107975  3.8391764  0.7918545
  4.3372903] | Reward=-0.003 | Cum=-0.295 | Info={'fov_visible': True, 'shot_attempted': False, 'pass_attempted': False, 'goal_scored': False, 'goal_team': None, 'ball_out_by': None, 'start_shot_bonus': False, 'start_pass_bonus': False, 'possession_lost': False, 'deflection_power': 0.0}
[Step 115] Action=[-1.1438217  2.8433948  1.9907793  2.2107894  3.839218   0.7917614
  4.337201 ] | Reward=-0.003 | Cum=-0.298 | Info={'fov_visible': True, 'shot_attempted': False, 'pass_attempted': False, 'goal_scored': False, 'goal_team': None, 'ball_out_by': None, 'start_shot_bonus': False, 'start_pass_bonus': False, 'possession_lost': False, 'deflection_power': 0.0}
[Step 116] Action=[-1.1438149  2.8434465  1.9907924  2.2107818  3.8392594  0.7916681
  4.3371105] | Reward=-0.003 | Cum=-0.301 | Info={'fov_visible': True, 'shot_attempted': False, 'pass_attempted': False, 'goal_scored': False, 'goal_team': None, 'ball_out_by': None, 'start_shot_bonus': False, 'start_pass_bonus': False, 'possession_lost': False, 'deflection_power': 0.0}
[Step 117] Action=[-1.1438082  2.8434997  1.9908057  2.2107747  3.8393009  0.7915753
  4.337021 ] | Reward=-0.003 | Cum=-0.304 | Info={'fov_visible': True, 'shot_attempted': False, 'pass_attempted': False, 'goal_scored': False, 'goal_team': None, 'ball_out_by': None, 'start_shot_bonus': False, 'start_pass_bonus': False, 'possession_lost': False, 'deflection_power': 0.0}
[Step 118] Action=[-1.1438013  2.8435516  1.9908198  2.2107666  3.8393426  0.7914817
  4.3369303] | Reward=-0.003 | Cum=-0.306 | Info={'fov_visible': True, 'shot_attempted': False, 'pass_attempted': False, 'goal_scored': False, 'goal_team': None, 'ball_out_by': None, 'start_shot_bonus': False, 'start_pass_bonus': False, 'possession_lost': False, 'deflection_power': 0.0}
[Step 119] Action=[-1.143795   2.8436046  1.9908332  2.210759   3.839384   0.7913892
  4.3368406] | Reward=-0.003 | Cum=-0.309 | Info={'fov_visible': True, 'shot_attempted': False, 'pass_attempted': False, 'goal_scored': False, 'goal_team': None, 'ball_out_by': None, 'start_shot_bonus': False, 'start_pass_bonus': False, 'possession_lost': False, 'deflection_power': 0.0}
[Step 120] Action=[-1.1437883  2.843657   1.9908466  2.2107508  3.839425   0.791296
  4.3367515] | Reward=-0.003 | Cum=-0.312 | Info={'fov_visible': True, 'shot_attempted': False, 'pass_attempted': False, 'goal_scored': False, 'goal_team': None, 'ball_out_by': None, 'start_shot_bonus': False, 'start_pass_bonus': False, 'possession_lost': False, 'deflection_power': 0.0}
[Step 121] Action=[-1.1437811  2.8437095  1.9908589  2.2107432  3.8394673  0.7912028
  4.336661 ] | Reward=-0.003 | Cum=-0.316 | Info={'fov_visible': True, 'shot_attempted': False, 'pass_attempted': False, 'goal_scored': False, 'goal_team': None, 'ball_out_by': None, 'start_shot_bonus': False, 'start_pass_bonus': False, 'possession_lost': False, 'deflection_power': 0.0}
[Step 122] Action=[-1.1437744  2.8437622  1.9908726  2.2107346  3.8395085  0.7911101
  4.3365707] | Reward=-0.003 | Cum=-0.319 | Info={'fov_visible': True, 'shot_attempted': False, 'pass_attempted': False, 'goal_scored': False, 'goal_team': None, 'ball_out_by': None, 'start_shot_bonus': False, 'start_pass_bonus': False, 'possession_lost': False, 'deflection_power': 0.0}
[Step 123] Action=[-1.1437677  2.8438141  1.9908857  2.210727   3.8395505  0.7910173
  4.336481 ] | Reward=-0.003 | Cum=-0.322 | Info={'fov_visible': True, 'shot_attempted': False, 'pass_attempted': False, 'goal_scored': False, 'goal_team': None, 'ball_out_by': None, 'start_shot_bonus': False, 'start_pass_bonus': False, 'possession_lost': False, 'deflection_power': 0.0}
[Step 124] Action=[-1.1437609  2.8438673  1.9908998  2.2107193  3.839592   0.7909242
  4.3363924] | Reward=-0.003 | Cum=-0.325 | Info={'fov_visible': True, 'shot_attempted': False, 'pass_attempted': False, 'goal_scored': False, 'goal_team': None, 'ball_out_by': None, 'start_shot_bonus': False, 'start_pass_bonus': False, 'possession_lost': False, 'deflection_power': 0.0}
[Step 125] Action=[-1.1437546  2.8439186  1.9909129  2.2107117  3.8396335  0.7908312
  4.336302 ] | Reward=-0.003 | Cum=-0.328 | Info={'fov_visible': True, 'shot_attempted': False, 'pass_attempted': False, 'goal_scored': False, 'goal_team': None, 'ball_out_by': None, 'start_shot_bonus': False, 'start_pass_bonus': False, 'possession_lost': False, 'deflection_power': 0.0}
[Step 126] Action=[-1.1437478  2.8439715  1.9909259  2.2107031  3.8396754  0.7907384
  4.336211 ] | Reward=-0.003 | Cum=-0.331 | Info={'fov_visible': True, 'shot_attempted': False, 'pass_attempted': False, 'goal_scored': False, 'goal_team': None, 'ball_out_by': None, 'start_shot_bonus': False, 'start_pass_bonus': False, 'possession_lost': False, 'deflection_power': 0.0}
[Step 127] Action=[-1.143741   2.8440242  1.9909391  2.2106955  3.839717   0.790645
  4.3361216] | Reward=-0.003 | Cum=-0.334 | Info={'fov_visible': True, 'shot_attempted': False, 'pass_attempted': False, 'goal_scored': False, 'goal_team': None, 'ball_out_by': None, 'start_shot_bonus': False, 'start_pass_bonus': False, 'possession_lost': False, 'deflection_power': 0.0}
[Step 128] Action=[-1.1437343  2.8440769  1.9909528  2.2106884  3.8397582  0.790552
  4.336033 ] | Reward=-0.003 | Cum=-0.337 | Info={'fov_visible': True, 'shot_attempted': False, 'pass_attempted': False, 'goal_scored': False, 'goal_team': None, 'ball_out_by': None, 'start_shot_bonus': False, 'start_pass_bonus': False, 'possession_lost': False, 'deflection_power': 0.0}
[Step 129] Action=[-1.1437277  2.844129   1.9909661  2.2106807  3.8397996  0.7904589
  4.3359423] | Reward=-0.003 | Cum=-0.340 | Info={'fov_visible': True, 'shot_attempted': False, 'pass_attempted': False, 'goal_scored': False, 'goal_team': None, 'ball_out_by': None, 'start_shot_bonus': False, 'start_pass_bonus': False, 'possession_lost': False, 'deflection_power': 0.0}
[Step 130] Action=[-1.1437212  2.8441808  1.9909794  2.210672   3.839841   0.7903662
  4.335852 ] | Reward=-0.003 | Cum=-0.343 | Info={'fov_visible': True, 'shot_attempted': False, 'pass_attempted': False, 'goal_scored': False, 'goal_team': None, 'ball_out_by': None, 'start_shot_bonus': False, 'start_pass_bonus': False, 'possession_lost': False, 'deflection_power': 0.0}
[Step 131] Action=[-1.1437144  2.844234   1.9909931  2.2106645  3.8398821  0.7902727
  4.335762 ] | Reward=-0.003 | Cum=-0.346 | Info={'fov_visible': True, 'shot_attempted': False, 'pass_attempted': False, 'goal_scored': False, 'goal_team': None, 'ball_out_by': None, 'start_shot_bonus': False, 'start_pass_bonus': False, 'possession_lost': False, 'deflection_power': 0.0}
[Step 132] Action=[-1.1437075  2.8442864  1.9910058  2.210657   3.8399239  0.7901803
  4.3356724] | Reward=-0.003 | Cum=-0.350 | Info={'fov_visible': True, 'shot_attempted': False, 'pass_attempted': False, 'goal_scored': False, 'goal_team': None, 'ball_out_by': None, 'start_shot_bonus': False, 'start_pass_bonus': False, 'possession_lost': False, 'deflection_power': 0.0}
[Step 133] Action=[-1.1437011   2.844339    1.9910197   2.2106493   3.8399653   0.79008687
  4.3355827 ] | Reward=-0.003 | Cum=-0.353 | Info={'fov_visible': True, 'shot_attempted': False, 'pass_attempted': False, 'goal_scored': False, 'goal_team': None, 'ball_out_by': None, 'start_shot_bonus': False, 'start_pass_bonus': False, 'possession_lost': False, 'deflection_power': 0.0}
[Step 134] Action=[-1.1436944  2.8443913  1.9910325  2.2106411  3.840007   0.7899941
  4.3354926] | Reward=-0.003 | Cum=-0.356 | Info={'fov_visible': True, 'shot_attempted': False, 'pass_attempted': False, 'goal_scored': False, 'goal_team': None, 'ball_out_by': None, 'start_shot_bonus': False, 'start_pass_bonus': False, 'possession_lost': False, 'deflection_power': 0.0}
[Step 135] Action=[-1.143688   2.8444433  1.9910461  2.2106328  3.840049   0.7899015
  4.3354034] | Reward=-0.003 | Cum=-0.359 | Info={'fov_visible': True, 'shot_attempted': False, 'pass_attempted': False, 'goal_scored': False, 'goal_team': None, 'ball_out_by': None, 'start_shot_bonus': False, 'start_pass_bonus': False, 'possession_lost': False, 'deflection_power': 0.0}
[Step 136] Action=[-1.1436806  2.8444967  1.9910597  2.2106254  3.8400908  0.7898079
  4.335314 ] | Reward=-0.003 | Cum=-0.363 | Info={'fov_visible': True, 'shot_attempted': False, 'pass_attempted': False, 'goal_scored': False, 'goal_team': None, 'ball_out_by': None, 'start_shot_bonus': False, 'start_pass_bonus': False, 'possession_lost': False, 'deflection_power': 0.0}
[Step 137] Action=[-1.143674    2.844549    1.9910725   2.2106173   3.8401325   0.78971493
  4.335223  ] | Reward=-0.003 | Cum=-0.366 | Info={'fov_visible': True, 'shot_attempted': False, 'pass_attempted': False, 'goal_scored': False, 'goal_team': None, 'ball_out_by': None, 'start_shot_bonus': False, 'start_pass_bonus': False, 'possession_lost': False, 'deflection_power': 0.0}
[Step 138] Action=[-1.1436676   2.8446012   1.991086    2.2106094   3.8401737   0.78962207
  4.3351336 ] | Reward=-0.105 | Cum=-0.471 | Info={'fov_visible': True, 'shot_attempted': False, 'pass_attempted': False, 'goal_scored': False, 'goal_team': None, 'ball_out_by': None, 'start_shot_bonus': False, 'start_pass_bonus': False, 'possession_lost': False, 'deflection_power': 0.0}
[Step 139] Action=[-1.1436605   2.8446531   1.9910997   2.2106016   3.8402147   0.78952956
  4.3350434 ] | Reward=-0.105 | Cum=-0.576 | Info={'fov_visible': True, 'shot_attempted': False, 'pass_attempted': False, 'goal_scored': False, 'goal_team': None, 'ball_out_by': None, 'start_shot_bonus': False, 'start_pass_bonus': False, 'possession_lost': False, 'deflection_power': 0.0}
[Step 140] Action=[-1.1436538   2.844706    1.9911126   2.210594    3.8402562   0.78943586
  4.3349533 ] | Reward=-0.105 | Cum=-0.681 | Info={'fov_visible': True, 'shot_attempted': False, 'pass_attempted': False, 'goal_scored': False, 'goal_team': None, 'ball_out_by': None, 'start_shot_bonus': False, 'start_pass_bonus': False, 'possession_lost': False, 'deflection_power': 0.0}
[Step 141] Action=[-1.1436471   2.844758    1.9911263   2.2105863   3.8402984   0.78934276
  4.3348637 ] | Reward=-0.105 | Cum=-0.786 | Info={'fov_visible': True, 'shot_attempted': False, 'pass_attempted': False, 'goal_scored': False, 'goal_team': None, 'ball_out_by': None, 'start_shot_bonus': False, 'start_pass_bonus': False, 'possession_lost': False, 'deflection_power': 0.0}
[Step 142] Action=[-1.1436405   2.8448114   1.9911397   2.2105782   3.8403394   0.78924954
  4.3347745 ] | Reward=-0.105 | Cum=-0.891 | Info={'fov_visible': True, 'shot_attempted': False, 'pass_attempted': False, 'goal_scored': False, 'goal_team': None, 'ball_out_by': None, 'start_shot_bonus': False, 'start_pass_bonus': False, 'possession_lost': False, 'deflection_power': 0.0}
[Step 143] Action=[-1.1436341  2.8448634  1.9911526  2.21057    3.8403816  0.7891567
  4.334684 ] | Reward=-0.105 | Cum=-0.996 | Info={'fov_visible': True, 'shot_attempted': False, 'pass_attempted': False, 'goal_scored': False, 'goal_team': None, 'ball_out_by': None, 'start_shot_bonus': False, 'start_pass_bonus': False, 'possession_lost': False, 'deflection_power': 0.0}
[Step 144] Action=[-1.1436273  2.8449154  1.9911664  2.2105625  3.8404229  0.789064
  4.3345942] | Reward=-0.105 | Cum=-1.101 | Info={'fov_visible': True, 'shot_attempted': False, 'pass_attempted': False, 'goal_scored': False, 'goal_team': None, 'ball_out_by': None, 'start_shot_bonus': False, 'start_pass_bonus': False, 'possession_lost': False, 'deflection_power': 0.0}
[Step 145] Action=[-1.1436199  2.8449678  1.9911796  2.2105553  3.8404648  0.7889707
  4.3345037] | Reward=-0.105 | Cum=-1.206 | Info={'fov_visible': True, 'shot_attempted': False, 'pass_attempted': False, 'goal_scored': False, 'goal_team': None, 'ball_out_by': None, 'start_shot_bonus': False, 'start_pass_bonus': False, 'possession_lost': False, 'deflection_power': 0.0}
[Step 146] Action=[-1.1436137   2.8450205   1.9911929   2.2105467   3.840506    0.78887796
  4.3344145 ] | Reward=-0.105 | Cum=-1.311 | Info={'fov_visible': True, 'shot_attempted': False, 'pass_attempted': False, 'goal_scored': False, 'goal_team': None, 'ball_out_by': None, 'start_shot_bonus': False, 'start_pass_bonus': False, 'possession_lost': False, 'deflection_power': 0.0}
[Step 147] Action=[-1.143607    2.8450727   1.9912066   2.2105389   3.840547    0.78878474
  4.334325  ] | Reward=-0.105 | Cum=-1.416 | Info={'fov_visible': True, 'shot_attempted': False, 'pass_attempted': False, 'goal_scored': False, 'goal_team': None, 'ball_out_by': None, 'start_shot_bonus': False, 'start_pass_bonus': False, 'possession_lost': False, 'deflection_power': 0.0}
[Step 148] Action=[-1.1436005  2.845125   1.9912198  2.210531   3.8405893  0.7886909
  4.3342347] | Reward=-0.105 | Cum=-1.521 | Info={'fov_visible': True, 'shot_attempted': False, 'pass_attempted': False, 'goal_scored': False, 'goal_team': None, 'ball_out_by': None, 'start_shot_bonus': False, 'start_pass_bonus': False, 'possession_lost': False, 'deflection_power': 0.0}
[Step 149] Action=[-1.1435934  2.845178   1.9912331  2.2105238  3.840631   0.7885984
  4.334144 ] | Reward=-0.105 | Cum=-1.626 | Info={'fov_visible': True, 'shot_attempted': False, 'pass_attempted': False, 'goal_scored': False, 'goal_team': None, 'ball_out_by': None, 'start_shot_bonus': False, 'start_pass_bonus': False, 'possession_lost': False, 'deflection_power': 0.0}
[Step 150] Action=[-1.1435869  2.845231   1.9912465  2.2105153  3.840673   0.7885059
  4.334055 ] | Reward=-0.105 | Cum=-1.731 | Info={'fov_visible': True, 'shot_attempted': False, 'pass_attempted': False, 'goal_scored': False, 'goal_team': None, 'ball_out_by': None, 'start_shot_bonus': False, 'start_pass_bonus': False, 'possession_lost': False, 'deflection_power': 0.0}
[Step 151] Action=[-1.1435798  2.845283   1.9912598  2.210508   3.840714   0.7884126
  4.333965 ] | Reward=-0.105 | Cum=-1.836 | Info={'fov_visible': True, 'shot_attempted': False, 'pass_attempted': False, 'goal_scored': False, 'goal_team': None, 'ball_out_by': None, 'start_shot_bonus': False, 'start_pass_bonus': False, 'possession_lost': False, 'deflection_power': 0.0}
[Step 152] Action=[-1.1435742   2.8453352   1.9912729   2.2105002   3.8407555   0.78831935
  4.3338757 ] | Reward=-0.105 | Cum=-1.941 | Info={'fov_visible': True, 'shot_attempted': False, 'pass_attempted': False, 'goal_scored': False, 'goal_team': None, 'ball_out_by': None, 'start_shot_bonus': False, 'start_pass_bonus': False, 'possession_lost': False, 'deflection_power': 0.0}
[Step 153] Action=[-1.1435667   2.8453875   1.9912868   2.2104924   3.840797    0.78822625
  4.333785  ] | Reward=-0.105 | Cum=-2.046 | Info={'fov_visible': True, 'shot_attempted': False, 'pass_attempted': False, 'goal_scored': False, 'goal_team': None, 'ball_out_by': None, 'start_shot_bonus': False, 'start_pass_bonus': False, 'possession_lost': False, 'deflection_power': 0.0}
[Step 154] Action=[-1.14356     2.84544     1.9912993   2.2104838   3.8408384   0.78813314
  4.3336954 ] | Reward=-0.105 | Cum=-2.151 | Info={'fov_visible': True, 'shot_attempted': False, 'pass_attempted': False, 'goal_scored': False, 'goal_team': None, 'ball_out_by': None, 'start_shot_bonus': False, 'start_pass_bonus': False, 'possession_lost': False, 'deflection_power': 0.0}
[Step 155] Action=[-1.1435536  2.8454928  1.9913139  2.2104764  3.8408804  0.7880405
  4.3336062] | Reward=-0.105 | Cum=-2.256 | Info={'fov_visible': True, 'shot_attempted': False, 'pass_attempted': False, 'goal_scored': False, 'goal_team': None, 'ball_out_by': None, 'start_shot_bonus': False, 'start_pass_bonus': False, 'possession_lost': False, 'deflection_power': 0.0}
[Step 156] Action=[-1.1435466  2.8455453  1.9913267  2.2104685  3.8409219  0.7879471
  4.333516 ] | Reward=-0.105 | Cum=-2.361 | Info={'fov_visible': True, 'shot_attempted': False, 'pass_attempted': False, 'goal_scored': False, 'goal_team': None, 'ball_out_by': None, 'start_shot_bonus': False, 'start_pass_bonus': False, 'possession_lost': False, 'deflection_power': 0.0}
[Step 157] Action=[-1.1435394   2.8455975   1.9913393   2.2104614   3.8409643   0.78785485
  4.3334255 ] | Reward=-0.105 | Cum=-2.466 | Info={'fov_visible': True, 'shot_attempted': False, 'pass_attempted': False, 'goal_scored': False, 'goal_team': None, 'ball_out_by': None, 'start_shot_bonus': False, 'start_pass_bonus': False, 'possession_lost': False, 'deflection_power': 0.0}
[Step 158] Action=[-1.1435332  2.8456504  1.991353   2.2104528  3.841005   0.787761
  4.333336 ] | Reward=-0.105 | Cum=-2.571 | Info={'fov_visible': True, 'shot_attempted': False, 'pass_attempted': False, 'goal_scored': False, 'goal_team': None, 'ball_out_by': None, 'start_shot_bonus': False, 'start_pass_bonus': False, 'possession_lost': False, 'deflection_power': 0.0}
[Step 159] Action=[-1.1435264  2.8457024  1.9913666  2.2104452  3.8410459  0.787668
  4.333246 ] | Reward=-0.105 | Cum=-2.676 | Info={'fov_visible': True, 'shot_attempted': False, 'pass_attempted': False, 'goal_scored': False, 'goal_team': None, 'ball_out_by': None, 'start_shot_bonus': False, 'start_pass_bonus': False, 'possession_lost': False, 'deflection_power': 0.0}
[Step 160] Action=[-1.1435199  2.8457553  1.9913803  2.2104375  3.8410888  0.7875757
  4.3331566] | Reward=-0.105 | Cum=-2.781 | Info={'fov_visible': True, 'shot_attempted': False, 'pass_attempted': False, 'goal_scored': False, 'goal_team': None, 'ball_out_by': None, 'start_shot_bonus': False, 'start_pass_bonus': False, 'possession_lost': False, 'deflection_power': 0.0}
[Step 161] Action=[-1.1435132  2.845807   1.9913929  2.2104294  3.8411298  0.787483
  4.333066 ] | Reward=-0.105 | Cum=-2.886 | Info={'fov_visible': True, 'shot_attempted': False, 'pass_attempted': False, 'goal_scored': False, 'goal_team': None, 'ball_out_by': None, 'start_shot_bonus': False, 'start_pass_bonus': False, 'possession_lost': False, 'deflection_power': 0.0}
[Step 162] Action=[-1.1435072  2.8458595  1.9914056  2.2104218  3.8411703  0.7873903
  4.332977 ] | Reward=-0.105 | Cum=-2.991 | Info={'fov_visible': True, 'shot_attempted': False, 'pass_attempted': False, 'goal_scored': False, 'goal_team': None, 'ball_out_by': None, 'start_shot_bonus': False, 'start_pass_bonus': False, 'possession_lost': False, 'deflection_power': 0.0}
[Step 163] Action=[-1.143562    2.8458736   1.9913826   2.2104301   3.8411472   0.78733665
  4.33293   ] | Reward=-0.105 | Cum=-3.096 | Info={'fov_visible': True, 'shot_attempted': False, 'pass_attempted': False, 'goal_scored': False, 'goal_team': None, 'ball_out_by': None, 'start_shot_bonus': False, 'start_pass_bonus': False, 'possession_lost': False, 'deflection_power': 0.0}
[Step 164] Action=[-1.1436164   2.8458865   1.9913596   2.2104387   3.8411252   0.78728175
  4.3328834 ] | Reward=-0.105 | Cum=-3.201 | Info={'fov_visible': True, 'shot_attempted': False, 'pass_attempted': False, 'goal_scored': False, 'goal_team': None, 'ball_out_by': None, 'start_shot_bonus': False, 'start_pass_bonus': False, 'possession_lost': False, 'deflection_power': 0.0}
[Step 165] Action=[-1.1436715   2.845901    1.9913361   2.2104464   3.8411021   0.78722763
  4.332836  ] | Reward=-0.105 | Cum=-3.306 | Info={'fov_visible': True, 'shot_attempted': False, 'pass_attempted': False, 'goal_scored': False, 'goal_team': None, 'ball_out_by': None, 'start_shot_bonus': False, 'start_pass_bonus': False, 'possession_lost': False, 'deflection_power': 0.0}
[Step 166] Action=[-1.1437253   2.8459146   1.9913132   2.2104552   3.8410802   0.78717387
  4.3327894 ] | Reward=-0.105 | Cum=-3.411 | Info={'fov_visible': True, 'shot_attempted': False, 'pass_attempted': False, 'goal_scored': False, 'goal_team': None, 'ball_out_by': None, 'start_shot_bonus': False, 'start_pass_bonus': False, 'possession_lost': False, 'deflection_power': 0.0}
[Step 167] Action=[-1.1437799  2.8459282  1.9912899  2.2104633  3.8410568  0.7871197
  4.3327427] | Reward=-0.105 | Cum=-3.516 | Info={'fov_visible': True, 'shot_attempted': False, 'pass_attempted': False, 'goal_scored': False, 'goal_team': None, 'ball_out_by': None, 'start_shot_bonus': False, 'start_pass_bonus': False, 'possession_lost': False, 'deflection_power': 0.0}
[Step 168] Action=[-1.1438347  2.8459423  1.9912672  2.2104714  3.8410347  0.7870653
  4.3326955] | Reward=-0.105 | Cum=-3.621 | Info={'fov_visible': True, 'shot_attempted': False, 'pass_attempted': False, 'goal_scored': False, 'goal_team': None, 'ball_out_by': None, 'start_shot_bonus': False, 'start_pass_bonus': False, 'possession_lost': False, 'deflection_power': 0.0}
[Step 169] Action=[-1.1438893  2.845956   1.9912431  2.2104795  3.8410115  0.787011
  4.3326488] | Reward=-0.105 | Cum=-3.726 | Info={'fov_visible': True, 'shot_attempted': False, 'pass_attempted': False, 'goal_scored': False, 'goal_team': None, 'ball_out_by': None, 'start_shot_bonus': False, 'start_pass_bonus': False, 'possession_lost': False, 'deflection_power': 0.0}
[Step 170] Action=[-1.1439432   2.8459704   1.9912208   2.2104886   3.8409889   0.78695714
  4.3326015 ] | Reward=-0.105 | Cum=-3.831 | Info={'fov_visible': True, 'shot_attempted': False, 'pass_attempted': False, 'goal_scored': False, 'goal_team': None, 'ball_out_by': None, 'start_shot_bonus': False, 'start_pass_bonus': False, 'possession_lost': False, 'deflection_power': 0.0}
[Step 171] Action=[-1.1439981  2.845984   1.9911976  2.2104967  3.8409667  0.7869029
  4.332555 ] | Reward=-0.105 | Cum=-3.936 | Info={'fov_visible': True, 'shot_attempted': False, 'pass_attempted': False, 'goal_scored': False, 'goal_team': None, 'ball_out_by': None, 'start_shot_bonus': False, 'start_pass_bonus': False, 'possession_lost': False, 'deflection_power': 0.0}
[Step 172] Action=[-1.1440529   2.8459973   1.9911742   2.2105043   3.8409443   0.78684855
  4.332508  ] | Reward=-0.105 | Cum=-4.041 | Info={'fov_visible': True, 'shot_attempted': False, 'pass_attempted': False, 'goal_scored': False, 'goal_team': None, 'ball_out_by': None, 'start_shot_bonus': False, 'start_pass_bonus': False, 'possession_lost': False, 'deflection_power': 0.0}
[Step 173] Action=[-1.1441072   2.8460116   1.9911506   2.2105129   3.840921    0.78679407
  4.33246   ] | Reward=-0.105 | Cum=-4.146 | Info={'fov_visible': True, 'shot_attempted': False, 'pass_attempted': False, 'goal_scored': False, 'goal_team': None, 'ball_out_by': None, 'start_shot_bonus': False, 'start_pass_bonus': False, 'possession_lost': False, 'deflection_power': 0.0}
[Step 174] Action=[-1.1441619  2.846025   1.9911277  2.2105215  3.8408985  0.7867412
  4.332414 ] | Reward=-0.105 | Cum=-4.251 | Info={'fov_visible': True, 'shot_attempted': False, 'pass_attempted': False, 'goal_scored': False, 'goal_team': None, 'ball_out_by': None, 'start_shot_bonus': False, 'start_pass_bonus': False, 'possession_lost': False, 'deflection_power': 0.0}
[Step 175] Action=[-1.1442163  2.8460388  1.9911046  2.2105296  3.840876   0.786687
  4.332367 ] | Reward=-0.105 | Cum=-4.356 | Info={'fov_visible': True, 'shot_attempted': False, 'pass_attempted': False, 'goal_scored': False, 'goal_team': None, 'ball_out_by': None, 'start_shot_bonus': False, 'start_pass_bonus': False, 'possession_lost': False, 'deflection_power': 0.0}
[Step 176] Action=[-1.1442705  2.8460526  1.9910821  2.2105377  3.8408532  0.7866323
  4.3323197] | Reward=-0.105 | Cum=-4.461 | Info={'fov_visible': True, 'shot_attempted': False, 'pass_attempted': False, 'goal_scored': False, 'goal_team': None, 'ball_out_by': None, 'start_shot_bonus': False, 'start_pass_bonus': False, 'possession_lost': False, 'deflection_power': 0.0}
[Step 177] Action=[-1.1443253  2.8460665  1.9910583  2.2105458  3.8408308  0.7865782
  4.3322725] | Reward=-0.105 | Cum=-4.566 | Info={'fov_visible': True, 'shot_attempted': False, 'pass_attempted': False, 'goal_scored': False, 'goal_team': None, 'ball_out_by': None, 'start_shot_bonus': False, 'start_pass_bonus': False, 'possession_lost': False, 'deflection_power': 0.0}
[Step 178] Action=[-1.1443803   2.8460808   1.9910359   2.210554    3.8408082   0.78652453
  4.332226  ] | Reward=-0.105 | Cum=-4.671 | Info={'fov_visible': True, 'shot_attempted': False, 'pass_attempted': False, 'goal_scored': False, 'goal_team': None, 'ball_out_by': None, 'start_shot_bonus': False, 'start_pass_bonus': False, 'possession_lost': False, 'deflection_power': 0.0}
[Step 179] Action=[-1.1444345  2.8460948  1.9910121  2.2105625  3.8407862  0.7864702
  4.332179 ] | Reward=-0.105 | Cum=-4.776 | Info={'fov_visible': True, 'shot_attempted': False, 'pass_attempted': False, 'goal_scored': False, 'goal_team': None, 'ball_out_by': None, 'start_shot_bonus': False, 'start_pass_bonus': False, 'possession_lost': False, 'deflection_power': 0.0}
[Step 180] Action=[-1.1444894   2.8461082   1.990989    2.21057     3.8407626   0.78641605
  4.3321323 ] | Reward=-0.105 | Cum=-4.881 | Info={'fov_visible': True, 'shot_attempted': False, 'pass_attempted': False, 'goal_scored': False, 'goal_team': None, 'ball_out_by': None, 'start_shot_bonus': False, 'start_pass_bonus': False, 'possession_lost': False, 'deflection_power': 0.0}
[Step 181] Action=[-1.1445432  2.846122   1.9909657  2.2105792  3.8407407  0.7863622
  4.3320856] | Reward=-0.105 | Cum=-4.986 | Info={'fov_visible': True, 'shot_attempted': False, 'pass_attempted': False, 'goal_scored': False, 'goal_team': None, 'ball_out_by': None, 'start_shot_bonus': False, 'start_pass_bonus': False, 'possession_lost': False, 'deflection_power': 0.0}
[Step 182] Action=[-1.1445981   2.846136    1.9909427   2.2105868   3.8407178   0.78630745
  4.332038  ] | Reward=-0.105 | Cum=-5.091 | Info={'fov_visible': True, 'shot_attempted': False, 'pass_attempted': False, 'goal_scored': False, 'goal_team': None, 'ball_out_by': None, 'start_shot_bonus': False, 'start_pass_bonus': False, 'possession_lost': False, 'deflection_power': 0.0}
[Step 183] Action=[-1.1446528   2.8461502   1.9909201   2.2105954   3.8406954   0.78625387
  4.3319917 ] | Reward=-0.105 | Cum=-5.196 | Info={'fov_visible': True, 'shot_attempted': False, 'pass_attempted': False, 'goal_scored': False, 'goal_team': None, 'ball_out_by': None, 'start_shot_bonus': False, 'start_pass_bonus': False, 'possession_lost': False, 'deflection_power': 0.0}
[Step 184] Action=[-1.1447071  2.8461635  1.9908962  2.2106035  3.8406723  0.7861997
  4.331944 ] | Reward=-0.105 | Cum=-5.301 | Info={'fov_visible': True, 'shot_attempted': False, 'pass_attempted': False, 'goal_scored': False, 'goal_team': None, 'ball_out_by': 'att_1', 'start_shot_bonus': False, 'start_pass_bonus': False, 'possession_lost': False, 'deflection_power': 0.0}
