Debug log for att_2 (Episode 1)
================================================================================
[Step 1] Action=[-1.150038   2.8338885  1.9860758  2.213046   3.8285947  0.8061136
  4.3515196] | Reward=-0.003 | Cum=-0.003 | Info={'fov_visible': True, 'shot_attempted': False, 'pass_attempted': False, 'goal_scored': False, 'goal_team': None, 'ball_out_by': None, 'start_shot_bonus': False, 'start_pass_bonus': False, 'possession_lost': False, 'deflection_power': 0.0}
[Step 2] Action=[-1.1502055   2.8339138   1.9859142   2.2131636   3.8286269   0.80584705
  4.3512993 ] | Reward=-0.003 | Cum=-0.006 | Info={'fov_visible': True, 'shot_attempted': False, 'pass_attempted': False, 'goal_scored': False, 'goal_team': None, 'ball_out_by': None, 'start_shot_bonus': False, 'start_pass_bonus': False, 'possession_lost': False, 'deflection_power': 0.0}
[Step 3] Action=[-1.150199    2.8339663   1.9859269   2.2131546   3.8286679   0.80575424
  4.3512087 ] | Reward=-0.003 | Cum=-0.010 | Info={'fov_visible': True, 'shot_attempted': False, 'pass_attempted': False, 'goal_scored': False, 'goal_team': None, 'ball_out_by': None, 'start_shot_bonus': False, 'start_pass_bonus': False, 'possession_lost': False, 'deflection_power': 0.0}
[Step 4] Action=[-1.1501926  2.8340192  1.9859405  2.213147   3.8287096  0.8056613
  4.35112  ] | Reward=-0.003 | Cum=-0.013 | Info={'fov_visible': True, 'shot_attempted': False, 'pass_attempted': False, 'goal_scored': False, 'goal_team': None, 'ball_out_by': None, 'start_shot_bonus': False, 'start_pass_bonus': False, 'possession_lost': False, 'deflection_power': 0.0}
[Step 5] Action=[-1.1501858  2.8340707  1.9859533  2.2131386  3.828751   0.8055689
  4.3510303] | Reward=-0.003 | Cum=-0.016 | Info={'fov_visible': True, 'shot_attempted': False, 'pass_attempted': False, 'goal_scored': False, 'goal_team': None, 'ball_out_by': None, 'start_shot_bonus': False, 'start_pass_bonus': False, 'possession_lost': False, 'deflection_power': 0.0}
[Step 6] Action=[-1.1501793  2.8341234  1.985967   2.2131307  3.8287926  0.8054755
  4.3509398] | Reward=-0.003 | Cum=-0.020 | Info={'fov_visible': True, 'shot_attempted': False, 'pass_attempted': False, 'goal_scored': False, 'goal_team': None, 'ball_out_by': None, 'start_shot_bonus': False, 'start_pass_bonus': False, 'possession_lost': False, 'deflection_power': 0.0}
[Step 7] Action=[-1.1501734  2.834176   1.9859803  2.2131226  3.8288336  0.805383
  4.35085  ] | Reward=-0.003 | Cum=-0.023 | Info={'fov_visible': True, 'shot_attempted': False, 'pass_attempted': False, 'goal_scored': False, 'goal_team': None, 'ball_out_by': None, 'start_shot_bonus': False, 'start_pass_bonus': False, 'possession_lost': False, 'deflection_power': 0.0}
[Step 8] Action=[-1.1501672  2.8342285  1.9859946  2.2131145  3.8288748  0.8052894
  4.3507605] | Reward=-0.003 | Cum=-0.026 | Info={'fov_visible': True, 'shot_attempted': False, 'pass_attempted': False, 'goal_scored': False, 'goal_team': None, 'ball_out_by': None, 'start_shot_bonus': False, 'start_pass_bonus': False, 'possession_lost': False, 'deflection_power': 0.0}
[Step 9] Action=[-1.1501601   2.8342807   1.9860073   2.2131064   3.8289165   0.80519736
  4.350671  ] | Reward=-0.003 | Cum=-0.030 | Info={'fov_visible': True, 'shot_attempted': False, 'pass_attempted': False, 'goal_scored': False, 'goal_team': None, 'ball_out_by': None, 'start_shot_bonus': False, 'start_pass_bonus': False, 'possession_lost': False, 'deflection_power': 0.0}
[Step 10] Action=[-1.1501538  2.8343332  1.986021   2.2130988  3.8289566  0.8051044
  4.3505807] | Reward=-0.003 | Cum=-0.033 | Info={'fov_visible': True, 'shot_attempted': False, 'pass_attempted': False, 'goal_scored': False, 'goal_team': None, 'ball_out_by': None, 'start_shot_bonus': False, 'start_pass_bonus': False, 'possession_lost': False, 'deflection_power': 0.0}
[Step 11] Action=[-1.1501479   2.8343863   1.9860343   2.2130902   3.8289988   0.80501103
  4.350491  ] | Reward=-0.003 | Cum=-0.037 | Info={'fov_visible': True, 'shot_attempted': False, 'pass_attempted': False, 'goal_scored': False, 'goal_team': None, 'ball_out_by': None, 'start_shot_bonus': False, 'start_pass_bonus': False, 'possession_lost': False, 'deflection_power': 0.0}
[Step 12] Action=[-1.1501411  2.8344383  1.9860476  2.213082   3.8290398  0.8049178
  4.350402 ] | Reward=-0.004 | Cum=-0.040 | Info={'fov_visible': True, 'shot_attempted': False, 'pass_attempted': False, 'goal_scored': False, 'goal_team': None, 'ball_out_by': None, 'start_shot_bonus': False, 'start_pass_bonus': False, 'possession_lost': False, 'deflection_power': 0.0}
[Step 13] Action=[-1.1501346  2.8344913  1.9860617  2.213074   3.829081   0.8048253
  4.3503118] | Reward=-0.004 | Cum=-0.044 | Info={'fov_visible': True, 'shot_attempted': False, 'pass_attempted': False, 'goal_scored': False, 'goal_team': None, 'ball_out_by': None, 'start_shot_bonus': False, 'start_pass_bonus': False, 'possession_lost': False, 'deflection_power': 0.0}
[Step 14] Action=[-1.1501282  2.8345432  1.9860744  2.2130659  3.829122   0.8047322
  4.3502216] | Reward=-0.004 | Cum=-0.048 | Info={'fov_visible': True, 'shot_attempted': False, 'pass_attempted': False, 'goal_scored': False, 'goal_team': None, 'ball_out_by': None, 'start_shot_bonus': False, 'start_pass_bonus': False, 'possession_lost': False, 'deflection_power': 0.0}
[Step 15] Action=[-1.1501215   2.834596    1.9860879   2.2130578   3.8291636   0.80463934
  4.350132  ] | Reward=-0.004 | Cum=-0.051 | Info={'fov_visible': True, 'shot_attempted': False, 'pass_attempted': False, 'goal_scored': False, 'goal_team': None, 'ball_out_by': None, 'start_shot_bonus': False, 'start_pass_bonus': False, 'possession_lost': False, 'deflection_power': 0.0}
[Step 16] Action=[-1.1501153  2.8346484  1.9861012  2.2130497  3.829205   0.8045461
  4.3500423] | Reward=-0.004 | Cum=-0.055 | Info={'fov_visible': True, 'shot_attempted': False, 'pass_attempted': False, 'goal_scored': False, 'goal_team': None, 'ball_out_by': None, 'start_shot_bonus': False, 'start_pass_bonus': False, 'possession_lost': False, 'deflection_power': 0.0}
[Step 17] Action=[-1.1501089  2.8347008  1.9861149  2.2130413  3.8292456  0.8044534
  4.3499527] | Reward=-0.004 | Cum=-0.059 | Info={'fov_visible': True, 'shot_attempted': False, 'pass_attempted': False, 'goal_scored': False, 'goal_team': None, 'ball_out_by': None, 'start_shot_bonus': False, 'start_pass_bonus': False, 'possession_lost': False, 'deflection_power': 0.0}
[Step 18] Action=[-1.150102    2.8347535   1.9861282   2.2130337   3.8292866   0.80436075
  4.349863  ] | Reward=-0.004 | Cum=-0.062 | Info={'fov_visible': True, 'shot_attempted': False, 'pass_attempted': False, 'goal_scored': False, 'goal_team': None, 'ball_out_by': None, 'start_shot_bonus': False, 'start_pass_bonus': False, 'possession_lost': False, 'deflection_power': 0.0}
[Step 19] Action=[-1.1500963   2.8348057   1.9861414   2.2130253   3.8293283   0.80426806
  4.349773  ] | Reward=-0.004 | Cum=-0.066 | Info={'fov_visible': True, 'shot_attempted': False, 'pass_attempted': False, 'goal_scored': False, 'goal_team': None, 'ball_out_by': None, 'start_shot_bonus': False, 'start_pass_bonus': False, 'possession_lost': False, 'deflection_power': 0.0}
[Step 20] Action=[-1.1500895  2.8348584  1.9861547  2.2130177  3.8293698  0.804175
  4.349684 ] | Reward=-0.004 | Cum=-0.070 | Info={'fov_visible': True, 'shot_attempted': False, 'pass_attempted': False, 'goal_scored': False, 'goal_team': None, 'ball_out_by': None, 'start_shot_bonus': False, 'start_pass_bonus': False, 'possession_lost': False, 'deflection_power': 0.0}
[Step 21] Action=[-1.1500827   2.8349109   1.9861683   2.2130098   3.8294103   0.80408186
  4.3495936 ] | Reward=-0.004 | Cum=-0.074 | Info={'fov_visible': True, 'shot_attempted': False, 'pass_attempted': False, 'goal_scored': False, 'goal_team': None, 'ball_out_by': None, 'start_shot_bonus': False, 'start_pass_bonus': False, 'possession_lost': False, 'deflection_power': 0.0}
[Step 22] Action=[-1.1500766  2.8349636  1.9861823  2.2130015  3.8294525  0.8039886
  4.3495045] | Reward=-0.004 | Cum=-0.078 | Info={'fov_visible': True, 'shot_attempted': False, 'pass_attempted': False, 'goal_scored': False, 'goal_team': None, 'ball_out_by': None, 'start_shot_bonus': False, 'start_pass_bonus': False, 'possession_lost': False, 'deflection_power': 0.0}
[Step 23] Action=[-1.1500702  2.8350155  1.9861948  2.2129934  3.829493   0.8038957
  4.349414 ] | Reward=-0.004 | Cum=-0.082 | Info={'fov_visible': True, 'shot_attempted': False, 'pass_attempted': False, 'goal_scored': False, 'goal_team': None, 'ball_out_by': None, 'start_shot_bonus': False, 'start_pass_bonus': False, 'possession_lost': False, 'deflection_power': 0.0}
[Step 24] Action=[-1.1500634   2.835068    1.9862084   2.2129853   3.829534    0.80380297
  4.349324  ] | Reward=-0.004 | Cum=-0.086 | Info={'fov_visible': True, 'shot_attempted': False, 'pass_attempted': False, 'goal_scored': False, 'goal_team': None, 'ball_out_by': None, 'start_shot_bonus': False, 'start_pass_bonus': False, 'possession_lost': False, 'deflection_power': 0.0}
[Step 25] Action=[-1.1500571  2.8351212  1.9862216  2.212977   3.8295755  0.8037101
  4.3492346] | Reward=-0.004 | Cum=-0.090 | Info={'fov_visible': True, 'shot_attempted': False, 'pass_attempted': False, 'goal_scored': False, 'goal_team': None, 'ball_out_by': None, 'start_shot_bonus': False, 'start_pass_bonus': False, 'possession_lost': False, 'deflection_power': 0.0}
[Step 26] Action=[-1.1500506   2.8351727   1.9862347   2.2129695   3.8296168   0.80361724
  4.3491445 ] | Reward=-0.004 | Cum=-0.094 | Info={'fov_visible': True, 'shot_attempted': False, 'pass_attempted': False, 'goal_scored': False, 'goal_team': None, 'ball_out_by': None, 'start_shot_bonus': False, 'start_pass_bonus': False, 'possession_lost': False, 'deflection_power': 0.0}
[Step 27] Action=[-1.1500441  2.835225   1.9862483  2.2129614  3.8296583  0.8035244
  4.3490553] | Reward=-0.004 | Cum=-0.098 | Info={'fov_visible': True, 'shot_attempted': False, 'pass_attempted': False, 'goal_scored': False, 'goal_team': None, 'ball_out_by': None, 'start_shot_bonus': False, 'start_pass_bonus': False, 'possession_lost': False, 'deflection_power': 0.0}
[Step 28] Action=[-1.150038    2.835278    1.9862617   2.212953    3.829699    0.80343163
  4.3489647 ] | Reward=-0.004 | Cum=-0.102 | Info={'fov_visible': True, 'shot_attempted': False, 'pass_attempted': False, 'goal_scored': False, 'goal_team': None, 'ball_out_by': None, 'start_shot_bonus': False, 'start_pass_bonus': False, 'possession_lost': False, 'deflection_power': 0.0}
[Step 29] Action=[-1.1500313   2.8353302   1.9862759   2.212945    3.8297403   0.80333877
  4.348875  ] | Reward=-0.004 | Cum=-0.107 | Info={'fov_visible': True, 'shot_attempted': False, 'pass_attempted': False, 'goal_scored': False, 'goal_team': None, 'ball_out_by': None, 'start_shot_bonus': False, 'start_pass_bonus': False, 'possession_lost': False, 'deflection_power': 0.0}
[Step 30] Action=[-1.1500249  2.835383   1.9862891  2.2129369  3.829782   0.8032457
  4.3487854] | Reward=-0.004 | Cum=-0.111 | Info={'fov_visible': True, 'shot_attempted': False, 'pass_attempted': False, 'goal_scored': False, 'goal_team': None, 'ball_out_by': None, 'start_shot_bonus': False, 'start_pass_bonus': False, 'possession_lost': False, 'deflection_power': 0.0}
[Step 31] Action=[-1.1500185   2.8354344   1.9863018   2.2129285   3.8298235   0.80315316
  4.3486953 ] | Reward=-0.004 | Cum=-0.115 | Info={'fov_visible': True, 'shot_attempted': False, 'pass_attempted': False, 'goal_scored': False, 'goal_team': None, 'ball_out_by': None, 'start_shot_bonus': False, 'start_pass_bonus': False, 'possession_lost': False, 'deflection_power': 0.0}
[Step 32] Action=[-1.1500117  2.8354876  1.9863151  2.212921   3.8298647  0.80306
  4.348606 ] | Reward=-0.004 | Cum=-0.119 | Info={'fov_visible': True, 'shot_attempted': False, 'pass_attempted': False, 'goal_scored': False, 'goal_team': None, 'ball_out_by': None, 'start_shot_bonus': False, 'start_pass_bonus': False, 'possession_lost': False, 'deflection_power': 0.0}
[Step 33] Action=[-1.1500056  2.8355405  1.9863288  2.212913   3.8299057  0.802967
  4.348516 ] | Reward=-0.004 | Cum=-0.124 | Info={'fov_visible': True, 'shot_attempted': False, 'pass_attempted': False, 'goal_scored': False, 'goal_team': None, 'ball_out_by': None, 'start_shot_bonus': False, 'start_pass_bonus': False, 'possession_lost': False, 'deflection_power': 0.0}
[Step 34] Action=[-1.1499988  2.8355927  1.9863424  2.2129047  3.8299472  0.8028743
  4.3484263] | Reward=-0.004 | Cum=-0.128 | Info={'fov_visible': True, 'shot_attempted': False, 'pass_attempted': False, 'goal_scored': False, 'goal_team': None, 'ball_out_by': None, 'start_shot_bonus': False, 'start_pass_bonus': False, 'possession_lost': False, 'deflection_power': 0.0}
[Step 35] Action=[-1.1499923   2.8356452   1.9863554   2.2128968   3.8299885   0.80278134
  4.3483367 ] | Reward=-0.004 | Cum=-0.132 | Info={'fov_visible': True, 'shot_attempted': False, 'pass_attempted': False, 'goal_scored': False, 'goal_team': None, 'ball_out_by': None, 'start_shot_bonus': False, 'start_pass_bonus': False, 'possession_lost': False, 'deflection_power': 0.0}
[Step 36] Action=[-1.1499857  2.835698   1.9863689  2.212889   3.8300285  0.8026885
  4.3482466] | Reward=-0.004 | Cum=-0.137 | Info={'fov_visible': True, 'shot_attempted': False, 'pass_attempted': False, 'goal_scored': False, 'goal_team': None, 'ball_out_by': None, 'start_shot_bonus': False, 'start_pass_bonus': False, 'possession_lost': False, 'deflection_power': 0.0}
[Step 37] Action=[-1.1499798   2.83575     1.9863824   2.2128804   3.8300707   0.80259573
  4.348157  ] | Reward=-0.005 | Cum=-0.141 | Info={'fov_visible': True, 'shot_attempted': False, 'pass_attempted': False, 'goal_scored': False, 'goal_team': None, 'ball_out_by': None, 'start_shot_bonus': False, 'start_pass_bonus': False, 'possession_lost': False, 'deflection_power': 0.0}
[Step 38] Action=[-1.1499738  2.8358033  1.986396   2.2128727  3.8301117  0.8025029
  4.3480673] | Reward=-0.005 | Cum=-0.146 | Info={'fov_visible': True, 'shot_attempted': False, 'pass_attempted': False, 'goal_scored': False, 'goal_team': None, 'ball_out_by': None, 'start_shot_bonus': False, 'start_pass_bonus': False, 'possession_lost': False, 'deflection_power': 0.0}
[Step 39] Action=[-1.1499667  2.835855   1.9864088  2.2128646  3.8301532  0.8024099
  4.347977 ] | Reward=-0.005 | Cum=-0.151 | Info={'fov_visible': True, 'shot_attempted': False, 'pass_attempted': False, 'goal_scored': False, 'goal_team': None, 'ball_out_by': None, 'start_shot_bonus': False, 'start_pass_bonus': False, 'possession_lost': False, 'deflection_power': 0.0}
[Step 40] Action=[-1.14996    2.8359075  1.9864225  2.212856   3.830195   0.8023168
  4.3478875] | Reward=-0.005 | Cum=-0.155 | Info={'fov_visible': True, 'shot_attempted': False, 'pass_attempted': False, 'goal_scored': False, 'goal_team': None, 'ball_out_by': None, 'start_shot_bonus': False, 'start_pass_bonus': False, 'possession_lost': False, 'deflection_power': 0.0}
[Step 41] Action=[-1.1499535   2.83596     1.9864359   2.2128484   3.830236    0.80222416
  4.347798  ] | Reward=-0.005 | Cum=-0.160 | Info={'fov_visible': True, 'shot_attempted': False, 'pass_attempted': False, 'goal_scored': False, 'goal_team': None, 'ball_out_by': None, 'start_shot_bonus': False, 'start_pass_bonus': False, 'possession_lost': False, 'deflection_power': 0.0}
[Step 42] Action=[-1.1499472   2.8360121   1.9864489   2.21284     3.830277    0.80213064
  4.3477077 ] | Reward=-0.005 | Cum=-0.164 | Info={'fov_visible': True, 'shot_attempted': False, 'pass_attempted': False, 'goal_scored': False, 'goal_team': None, 'ball_out_by': None, 'start_shot_bonus': False, 'start_pass_bonus': False, 'possession_lost': False, 'deflection_power': 0.0}
[Step 43] Action=[-1.1499404   2.8360653   1.9864624   2.2128317   3.8303185   0.80203784
  4.347618  ] | Reward=-0.005 | Cum=-0.169 | Info={'fov_visible': True, 'shot_attempted': False, 'pass_attempted': False, 'goal_scored': False, 'goal_team': None, 'ball_out_by': None, 'start_shot_bonus': False, 'start_pass_bonus': False, 'possession_lost': False, 'deflection_power': 0.0}
[Step 44] Action=[-1.1499344  2.836118   1.986476   2.212824   3.8303602  0.8019452
  4.3475285] | Reward=-0.005 | Cum=-0.174 | Info={'fov_visible': True, 'shot_attempted': False, 'pass_attempted': False, 'goal_scored': False, 'goal_team': None, 'ball_out_by': None, 'start_shot_bonus': False, 'start_pass_bonus': False, 'possession_lost': False, 'deflection_power': 0.0}
[Step 45] Action=[-1.1499279   2.8361697   1.9864893   2.2128165   3.830401    0.80185246
  4.347438  ] | Reward=-0.005 | Cum=-0.179 | Info={'fov_visible': True, 'shot_attempted': False, 'pass_attempted': False, 'goal_scored': False, 'goal_team': None, 'ball_out_by': None, 'start_shot_bonus': False, 'start_pass_bonus': False, 'possession_lost': False, 'deflection_power': 0.0}
[Step 46] Action=[-1.1499211  2.8362226  1.9865028  2.212808   3.8304415  0.8017591
  4.3473487] | Reward=-0.005 | Cum=-0.183 | Info={'fov_visible': True, 'shot_attempted': False, 'pass_attempted': False, 'goal_scored': False, 'goal_team': None, 'ball_out_by': None, 'start_shot_bonus': False, 'start_pass_bonus': False, 'possession_lost': False, 'deflection_power': 0.0}
[Step 47] Action=[-1.149915    2.8362749   1.9865164   2.2128003   3.8304834   0.80166614
  4.3472586 ] | Reward=-0.005 | Cum=-0.188 | Info={'fov_visible': True, 'shot_attempted': False, 'pass_attempted': False, 'goal_scored': False, 'goal_team': None, 'ball_out_by': None, 'start_shot_bonus': False, 'start_pass_bonus': False, 'possession_lost': False, 'deflection_power': 0.0}
[Step 48] Action=[-1.1499084  2.8363276  1.9865297  2.2127922  3.8305247  0.8015735
  4.347169 ] | Reward=-0.005 | Cum=-0.193 | Info={'fov_visible': True, 'shot_attempted': False, 'pass_attempted': False, 'goal_scored': False, 'goal_team': None, 'ball_out_by': None, 'start_shot_bonus': False, 'start_pass_bonus': False, 'possession_lost': False, 'deflection_power': 0.0}
[Step 49] Action=[-1.1499015  2.8363795  1.9865429  2.2127836  3.830566   0.8014807
  4.3470793] | Reward=-0.005 | Cum=-0.198 | Info={'fov_visible': True, 'shot_attempted': False, 'pass_attempted': False, 'goal_scored': False, 'goal_team': None, 'ball_out_by': None, 'start_shot_bonus': False, 'start_pass_bonus': False, 'possession_lost': False, 'deflection_power': 0.0}
[Step 50] Action=[-1.149895    2.8364325   1.986556    2.212776    3.8306072   0.80138725
  4.3469896 ] | Reward=-0.005 | Cum=-0.203 | Info={'fov_visible': True, 'shot_attempted': False, 'pass_attempted': False, 'goal_scored': False, 'goal_team': None, 'ball_out_by': None, 'start_shot_bonus': False, 'start_pass_bonus': False, 'possession_lost': False, 'deflection_power': 0.0}
[Step 51] Action=[-1.1498888  2.8364847  1.9865696  2.2127674  3.830649   0.8012949
  4.3468995] | Reward=-0.005 | Cum=-0.208 | Info={'fov_visible': True, 'shot_attempted': False, 'pass_attempted': False, 'goal_scored': False, 'goal_team': None, 'ball_out_by': None, 'start_shot_bonus': False, 'start_pass_bonus': False, 'possession_lost': False, 'deflection_power': 0.0}
[Step 52] Action=[-1.1498822  2.8365374  1.9865832  2.21276    3.8306892  0.8012021
  4.3468094] | Reward=-0.005 | Cum=-0.213 | Info={'fov_visible': True, 'shot_attempted': False, 'pass_attempted': False, 'goal_scored': False, 'goal_team': None, 'ball_out_by': None, 'start_shot_bonus': False, 'start_pass_bonus': False, 'possession_lost': False, 'deflection_power': 0.0}
[Step 53] Action=[-1.1498753  2.8365898  1.9865968  2.2127519  3.830731   0.8011085
  4.34672  ] | Reward=-0.005 | Cum=-0.218 | Info={'fov_visible': True, 'shot_attempted': False, 'pass_attempted': False, 'goal_scored': False, 'goal_team': None, 'ball_out_by': None, 'start_shot_bonus': False, 'start_pass_bonus': False, 'possession_lost': False, 'deflection_power': 0.0}
[Step 54] Action=[-1.1498693  2.8366427  1.9866104  2.212744   3.8307726  0.8010161
  4.346631 ] | Reward=-0.005 | Cum=-0.223 | Info={'fov_visible': True, 'shot_attempted': False, 'pass_attempted': False, 'goal_scored': False, 'goal_team': None, 'ball_out_by': None, 'start_shot_bonus': False, 'start_pass_bonus': False, 'possession_lost': False, 'deflection_power': 0.0}
[Step 55] Action=[-1.1498629   2.8366947   1.9866229   2.212736    3.830814    0.80092317
  4.346541  ] | Reward=-0.005 | Cum=-0.228 | Info={'fov_visible': True, 'shot_attempted': False, 'pass_attempted': False, 'goal_scored': False, 'goal_team': None, 'ball_out_by': None, 'start_shot_bonus': False, 'start_pass_bonus': False, 'possession_lost': False, 'deflection_power': 0.0}
[Step 56] Action=[-1.1498561   2.8367472   1.9866364   2.2127278   3.8308544   0.80083084
  4.346451  ] | Reward=-0.005 | Cum=-0.233 | Info={'fov_visible': True, 'shot_attempted': False, 'pass_attempted': False, 'goal_scored': False, 'goal_team': None, 'ball_out_by': None, 'start_shot_bonus': False, 'start_pass_bonus': False, 'possession_lost': False, 'deflection_power': 0.0}
[Step 57] Action=[-1.1498494   2.8367996   1.9866502   2.2127197   3.8308964   0.80073696
  4.3463607 ] | Reward=-0.005 | Cum=-0.239 | Info={'fov_visible': True, 'shot_attempted': False, 'pass_attempted': False, 'goal_scored': False, 'goal_team': None, 'ball_out_by': None, 'start_shot_bonus': False, 'start_pass_bonus': False, 'possession_lost': False, 'deflection_power': 0.0}
[Step 58] Action=[-1.1498433   2.836852    1.9866637   2.2127113   3.8309371   0.80064416
  4.346271  ] | Reward=-0.005 | Cum=-0.244 | Info={'fov_visible': True, 'shot_attempted': False, 'pass_attempted': False, 'goal_scored': False, 'goal_team': None, 'ball_out_by': None, 'start_shot_bonus': False, 'start_pass_bonus': False, 'possession_lost': False, 'deflection_power': 0.0}
[Step 59] Action=[-1.1498368  2.8369043  1.9866775  2.2127037  3.8309789  0.8005513
  4.3461814] | Reward=-0.005 | Cum=-0.249 | Info={'fov_visible': True, 'shot_attempted': False, 'pass_attempted': False, 'goal_scored': False, 'goal_team': None, 'ball_out_by': None, 'start_shot_bonus': False, 'start_pass_bonus': False, 'possession_lost': False, 'deflection_power': 0.0}
[Step 60] Action=[-1.14983     2.836957    1.9866903   2.2126954   3.8310199   0.80045795
  4.3460913 ] | Reward=-0.005 | Cum=-0.254 | Info={'fov_visible': True, 'shot_attempted': False, 'pass_attempted': False, 'goal_scored': False, 'goal_team': None, 'ball_out_by': None, 'start_shot_bonus': False, 'start_pass_bonus': False, 'possession_lost': False, 'deflection_power': 0.0}
[Step 61] Action=[-1.1498239   2.8370106   1.9867032   2.2126873   3.8310604   0.80036485
  4.3460007 ] | Reward=-0.005 | Cum=-0.260 | Info={'fov_visible': True, 'shot_attempted': False, 'pass_attempted': False, 'goal_scored': False, 'goal_team': None, 'ball_out_by': None, 'start_shot_bonus': False, 'start_pass_bonus': False, 'possession_lost': False, 'deflection_power': 0.0}
[Step 62] Action=[-1.1498176   2.837062    1.9867173   2.2126791   3.8311024   0.80027205
  4.345912  ] | Reward=-0.005 | Cum=-0.265 | Info={'fov_visible': True, 'shot_attempted': False, 'pass_attempted': False, 'goal_scored': False, 'goal_team': None, 'ball_out_by': None, 'start_shot_bonus': False, 'start_pass_bonus': False, 'possession_lost': False, 'deflection_power': 0.0}
[Step 63] Action=[-1.1498106   2.837114    1.9867306   2.212671    3.8311434   0.80017984
  4.3458214 ] | Reward=-0.005 | Cum=-0.271 | Info={'fov_visible': True, 'shot_attempted': False, 'pass_attempted': False, 'goal_scored': False, 'goal_team': None, 'ball_out_by': None, 'start_shot_bonus': False, 'start_pass_bonus': False, 'possession_lost': False, 'deflection_power': 0.0}
[Step 64] Action=[-1.1498042   2.837167    1.9867439   2.2126634   3.8311856   0.80008674
  4.3457317 ] | Reward=-0.005 | Cum=-0.276 | Info={'fov_visible': True, 'shot_attempted': False, 'pass_attempted': False, 'goal_scored': False, 'goal_team': None, 'ball_out_by': None, 'start_shot_bonus': False, 'start_pass_bonus': False, 'possession_lost': False, 'deflection_power': 0.0}
[Step 65] Action=[-1.1497977  2.8372192  1.986757   2.212655   3.8312263  0.7999935
  4.345642 ] | Reward=-0.006 | Cum=-0.281 | Info={'fov_visible': True, 'shot_attempted': False, 'pass_attempted': False, 'goal_scored': False, 'goal_team': None, 'ball_out_by': None, 'start_shot_bonus': False, 'start_pass_bonus': False, 'possession_lost': False, 'deflection_power': 0.0}
[Step 66] Action=[-1.1497915  2.8372717  1.9867707  2.2126474  3.8312683  0.7999009
  4.345553 ] | Reward=-0.006 | Cum=-0.287 | Info={'fov_visible': True, 'shot_attempted': False, 'pass_attempted': False, 'goal_scored': False, 'goal_team': None, 'ball_out_by': None, 'start_shot_bonus': False, 'start_pass_bonus': False, 'possession_lost': False, 'deflection_power': 0.0}
[Step 67] Action=[-1.1497848   2.8373244   1.9867841   2.212639    3.831309    0.79980797
  4.345463  ] | Reward=-0.006 | Cum=-0.293 | Info={'fov_visible': True, 'shot_attempted': False, 'pass_attempted': False, 'goal_scored': False, 'goal_team': None, 'ball_out_by': None, 'start_shot_bonus': False, 'start_pass_bonus': False, 'possession_lost': False, 'deflection_power': 0.0}
[Step 68] Action=[-1.1497778   2.8373773   1.9867975   2.2126305   3.8313506   0.79971504
  4.345373  ] | Reward=-0.006 | Cum=-0.298 | Info={'fov_visible': True, 'shot_attempted': False, 'pass_attempted': False, 'goal_scored': False, 'goal_team': None, 'ball_out_by': None, 'start_shot_bonus': False, 'start_pass_bonus': False, 'possession_lost': False, 'deflection_power': 0.0}
[Step 69] Action=[-1.1497716   2.8374295   1.9868106   2.212623    3.8313913   0.79962194
  4.3452826 ] | Reward=-0.006 | Cum=-0.304 | Info={'fov_visible': True, 'shot_attempted': False, 'pass_attempted': False, 'goal_scored': False, 'goal_team': None, 'ball_out_by': None, 'start_shot_bonus': False, 'start_pass_bonus': False, 'possession_lost': False, 'deflection_power': 0.0}
[Step 70] Action=[-1.1497649  2.8374825  1.9868242  2.2126153  3.8314328  0.7995293
  4.345193 ] | Reward=-0.006 | Cum=-0.309 | Info={'fov_visible': True, 'shot_attempted': False, 'pass_attempted': False, 'goal_scored': False, 'goal_team': None, 'ball_out_by': None, 'start_shot_bonus': False, 'start_pass_bonus': False, 'possession_lost': False, 'deflection_power': 0.0}
[Step 71] Action=[-1.1497589   2.8375344   1.9868375   2.2126071   3.831474    0.79943573
  4.3451033 ] | Reward=-0.006 | Cum=-0.315 | Info={'fov_visible': True, 'shot_attempted': False, 'pass_attempted': False, 'goal_scored': False, 'goal_team': None, 'ball_out_by': None, 'start_shot_bonus': False, 'start_pass_bonus': False, 'possession_lost': False, 'deflection_power': 0.0}
[Step 72] Action=[-1.1497519   2.8375866   1.986851    2.2125988   3.8315153   0.79934305
  4.3450136 ] | Reward=-0.006 | Cum=-0.321 | Info={'fov_visible': True, 'shot_attempted': False, 'pass_attempted': False, 'goal_scored': False, 'goal_team': None, 'ball_out_by': None, 'start_shot_bonus': False, 'start_pass_bonus': False, 'possession_lost': False, 'deflection_power': 0.0}
[Step 73] Action=[-1.1497456  2.8376398  1.986864   2.212591   3.831556   0.7992503
  4.344923 ] | Reward=-0.006 | Cum=-0.326 | Info={'fov_visible': True, 'shot_attempted': False, 'pass_attempted': False, 'goal_scored': False, 'goal_team': None, 'ball_out_by': None, 'start_shot_bonus': False, 'start_pass_bonus': False, 'possession_lost': False, 'deflection_power': 0.0}
[Step 74] Action=[-1.1497389   2.8376923   1.9868779   2.212583    3.8315988   0.79915714
  4.3448343 ] | Reward=-0.006 | Cum=-0.332 | Info={'fov_visible': True, 'shot_attempted': False, 'pass_attempted': False, 'goal_scored': False, 'goal_team': None, 'ball_out_by': None, 'start_shot_bonus': False, 'start_pass_bonus': False, 'possession_lost': False, 'deflection_power': 0.0}
[Step 75] Action=[-1.1497328   2.8377442   1.9868913   2.2125742   3.8316393   0.79906404
  4.3447447 ] | Reward=-0.006 | Cum=-0.338 | Info={'fov_visible': True, 'shot_attempted': False, 'pass_attempted': False, 'goal_scored': False, 'goal_team': None, 'ball_out_by': None, 'start_shot_bonus': False, 'start_pass_bonus': False, 'possession_lost': False, 'deflection_power': 0.0}
[Step 76] Action=[-1.1497263  2.837797   1.9869045  2.2125666  3.831681   0.7989707
  4.3446546] | Reward=-0.006 | Cum=-0.344 | Info={'fov_visible': True, 'shot_attempted': False, 'pass_attempted': False, 'goal_scored': False, 'goal_team': None, 'ball_out_by': None, 'start_shot_bonus': False, 'start_pass_bonus': False, 'possession_lost': False, 'deflection_power': 0.0}
[Step 77] Action=[-1.1497197  2.8378496  1.9869177  2.2125585  3.8317218  0.7988779
  4.3445644] | Reward=-0.006 | Cum=-0.350 | Info={'fov_visible': True, 'shot_attempted': False, 'pass_attempted': False, 'goal_scored': False, 'goal_team': None, 'ball_out_by': None, 'start_shot_bonus': False, 'start_pass_bonus': False, 'possession_lost': False, 'deflection_power': 0.0}
[Step 78] Action=[-1.1497134  2.8379025  1.9869314  2.2125504  3.8317635  0.7987851
  4.344475 ] | Reward=-0.006 | Cum=-0.356 | Info={'fov_visible': True, 'shot_attempted': False, 'pass_attempted': False, 'goal_scored': False, 'goal_team': None, 'ball_out_by': None, 'start_shot_bonus': False, 'start_pass_bonus': False, 'possession_lost': False, 'deflection_power': 0.0}
[Step 79] Action=[-1.1497065  2.8379548  1.9869452  2.2125428  3.8318043  0.798692
  4.344385 ] | Reward=-0.006 | Cum=-0.361 | Info={'fov_visible': True, 'shot_attempted': False, 'pass_attempted': False, 'goal_scored': False, 'goal_team': None, 'ball_out_by': None, 'start_shot_bonus': False, 'start_pass_bonus': False, 'possession_lost': False, 'deflection_power': 0.0}
[Step 80] Action=[-1.1497002  2.8380065  1.9869584  2.2125344  3.8318458  0.7985991
  4.3442945] | Reward=-0.006 | Cum=-0.367 | Info={'fov_visible': True, 'shot_attempted': False, 'pass_attempted': False, 'goal_scored': False, 'goal_team': None, 'ball_out_by': None, 'start_shot_bonus': False, 'start_pass_bonus': False, 'possession_lost': False, 'deflection_power': 0.0}
[Step 81] Action=[-1.149694   2.8380594  1.986971   2.2125266  3.8318872  0.7985062
  4.344205 ] | Reward=-0.006 | Cum=-0.373 | Info={'fov_visible': True, 'shot_attempted': False, 'pass_attempted': False, 'goal_scored': False, 'goal_team': None, 'ball_out_by': None, 'start_shot_bonus': False, 'start_pass_bonus': False, 'possession_lost': False, 'deflection_power': 0.0}
[Step 82] Action=[-1.1496874  2.8381119  1.9869848  2.2125187  3.8319287  0.7984139
  4.344116 ] | Reward=-0.006 | Cum=-0.379 | Info={'fov_visible': True, 'shot_attempted': False, 'pass_attempted': False, 'goal_scored': False, 'goal_team': None, 'ball_out_by': None, 'start_shot_bonus': False, 'start_pass_bonus': False, 'possession_lost': False, 'deflection_power': 0.0}
[Step 83] Action=[-1.1496805   2.838164    1.9869986   2.2125103   3.8319697   0.79832006
  4.3440256 ] | Reward=-0.006 | Cum=-0.386 | Info={'fov_visible': True, 'shot_attempted': False, 'pass_attempted': False, 'goal_scored': False, 'goal_team': None, 'ball_out_by': None, 'start_shot_bonus': False, 'start_pass_bonus': False, 'possession_lost': False, 'deflection_power': 0.0}
[Step 84] Action=[-1.1496738   2.838217    1.9870113   2.2125025   3.8320115   0.79822767
  4.343935  ] | Reward=-0.006 | Cum=-0.392 | Info={'fov_visible': True, 'shot_attempted': False, 'pass_attempted': False, 'goal_scored': False, 'goal_team': None, 'ball_out_by': None, 'start_shot_bonus': False, 'start_pass_bonus': False, 'possession_lost': False, 'deflection_power': 0.0}
[Step 85] Action=[-1.1496676  2.838269   1.9870249  2.2124946  3.8320522  0.7981346
  4.3438463] | Reward=-0.006 | Cum=-0.398 | Info={'fov_visible': True, 'shot_attempted': False, 'pass_attempted': False, 'goal_scored': False, 'goal_team': None, 'ball_out_by': None, 'start_shot_bonus': False, 'start_pass_bonus': False, 'possession_lost': False, 'deflection_power': 0.0}
[Step 86] Action=[-1.1496611   2.8383217   1.9870383   2.2124867   3.8320937   0.79804194
  4.343756  ] | Reward=-0.006 | Cum=-0.404 | Info={'fov_visible': True, 'shot_attempted': False, 'pass_attempted': False, 'goal_scored': False, 'goal_team': None, 'ball_out_by': None, 'start_shot_bonus': False, 'start_pass_bonus': False, 'possession_lost': False, 'deflection_power': 0.0}
[Step 87] Action=[-1.1496544  2.8383744  1.987052   2.2124786  3.832135   0.7979486
  4.3436656] | Reward=-0.006 | Cum=-0.410 | Info={'fov_visible': True, 'shot_attempted': False, 'pass_attempted': False, 'goal_scored': False, 'goal_team': None, 'ball_out_by': None, 'start_shot_bonus': False, 'start_pass_bonus': False, 'possession_lost': False, 'deflection_power': 0.0}
[Step 88] Action=[-1.1496478  2.8384266  1.9870648  2.2124703  3.8321762  0.7978559
  4.3435764] | Reward=-0.006 | Cum=-0.416 | Info={'fov_visible': True, 'shot_attempted': False, 'pass_attempted': False, 'goal_scored': False, 'goal_team': None, 'ball_out_by': None, 'start_shot_bonus': False, 'start_pass_bonus': False, 'possession_lost': False, 'deflection_power': 0.0}
[Step 89] Action=[-1.1496419  2.838479   1.9870787  2.2124622  3.832218   0.7977625
  4.343487 ] | Reward=-0.006 | Cum=-0.423 | Info={'fov_visible': True, 'shot_attempted': False, 'pass_attempted': False, 'goal_scored': False, 'goal_team': None, 'ball_out_by': None, 'start_shot_bonus': False, 'start_pass_bonus': False, 'possession_lost': False, 'deflection_power': 0.0}
[Step 90] Action=[-1.1496351  2.8385324  1.9870924  2.2124543  3.8322592  0.7976701
  4.343397 ] | Reward=-0.006 | Cum=-0.429 | Info={'fov_visible': True, 'shot_attempted': False, 'pass_attempted': False, 'goal_scored': False, 'goal_team': None, 'ball_out_by': None, 'start_shot_bonus': False, 'start_pass_bonus': False, 'possession_lost': False, 'deflection_power': 0.0}
[Step 91] Action=[-1.1496286  2.8385844  1.9871054  2.2124465  3.8323     0.7975774
  4.343307 ] | Reward=-0.006 | Cum=-0.435 | Info={'fov_visible': True, 'shot_attempted': False, 'pass_attempted': False, 'goal_scored': False, 'goal_team': None, 'ball_out_by': None, 'start_shot_bonus': False, 'start_pass_bonus': False, 'possession_lost': False, 'deflection_power': 0.0}
[Step 92] Action=[-1.1496217   2.8386362   1.9871187   2.212439    3.8323414   0.79748404
  4.3432174 ] | Reward=-0.006 | Cum=-0.441 | Info={'fov_visible': True, 'shot_attempted': False, 'pass_attempted': False, 'goal_scored': False, 'goal_team': None, 'ball_out_by': None, 'start_shot_bonus': False, 'start_pass_bonus': False, 'possession_lost': False, 'deflection_power': 0.0}
[Step 93] Action=[-1.1496154   2.8386898   1.9871324   2.2124307   3.8323827   0.79739106
  4.3431273 ] | Reward=-0.006 | Cum=-0.448 | Info={'fov_visible': True, 'shot_attempted': False, 'pass_attempted': False, 'goal_scored': False, 'goal_team': None, 'ball_out_by': None, 'start_shot_bonus': False, 'start_pass_bonus': False, 'possession_lost': False, 'deflection_power': 0.0}
[Step 94] Action=[-1.1496093   2.8387418   1.987145    2.2124224   3.8324237   0.79729795
  4.3430376 ] | Reward=-0.006 | Cum=-0.454 | Info={'fov_visible': True, 'shot_attempted': False, 'pass_attempted': False, 'goal_scored': False, 'goal_team': None, 'ball_out_by': None, 'start_shot_bonus': False, 'start_pass_bonus': False, 'possession_lost': False, 'deflection_power': 0.0}
[Step 95] Action=[-1.1496029  2.8387945  1.9871587  2.2124145  3.8324656  0.7972047
  4.3429475] | Reward=-0.006 | Cum=-0.461 | Info={'fov_visible': True, 'shot_attempted': False, 'pass_attempted': False, 'goal_scored': False, 'goal_team': None, 'ball_out_by': None, 'start_shot_bonus': False, 'start_pass_bonus': False, 'possession_lost': False, 'deflection_power': 0.0}
[Step 96] Action=[-1.1495961  2.8388472  1.9871718  2.2124064  3.8325067  0.7971127
  4.3428583] | Reward=-0.006 | Cum=-0.467 | Info={'fov_visible': True, 'shot_attempted': False, 'pass_attempted': False, 'goal_scored': False, 'goal_team': None, 'ball_out_by': None, 'start_shot_bonus': False, 'start_pass_bonus': False, 'possession_lost': False, 'deflection_power': 0.0}
[Step 97] Action=[-1.1495886  2.8388991  1.9871855  2.212399   3.8325481  0.7970195
  4.3427677] | Reward=-0.007 | Cum=-0.474 | Info={'fov_visible': True, 'shot_attempted': False, 'pass_attempted': False, 'goal_scored': False, 'goal_team': None, 'ball_out_by': None, 'start_shot_bonus': False, 'start_pass_bonus': False, 'possession_lost': False, 'deflection_power': 0.0}
[Step 98] Action=[-1.1495835  2.8389518  1.9871992  2.2123907  3.8325894  0.7969267
  4.342679 ] | Reward=-0.007 | Cum=-0.480 | Info={'fov_visible': True, 'shot_attempted': False, 'pass_attempted': False, 'goal_scored': False, 'goal_team': None, 'ball_out_by': None, 'start_shot_bonus': False, 'start_pass_bonus': False, 'possession_lost': False, 'deflection_power': 0.0}
[Step 99] Action=[-1.149576   2.839004   1.9872125  2.212382   3.832631   0.7968332
  4.3425884] | Reward=-0.007 | Cum=-0.487 | Info={'fov_visible': True, 'shot_attempted': False, 'pass_attempted': False, 'goal_scored': False, 'goal_team': None, 'ball_out_by': None, 'start_shot_bonus': False, 'start_pass_bonus': False, 'possession_lost': False, 'deflection_power': 0.0}
[Step 100] Action=[-1.1495697   2.8390567   1.9872262   2.212375    3.8326719   0.79674023
  4.342498  ] | Reward=-0.007 | Cum=-0.493 | Info={'fov_visible': True, 'shot_attempted': False, 'pass_attempted': False, 'goal_scored': False, 'goal_team': None, 'ball_out_by': None, 'start_shot_bonus': False, 'start_pass_bonus': False, 'possession_lost': False, 'deflection_power': 0.0}
[Step 101] Action=[-1.1495632  2.8391094  1.987239   2.2123666  3.8327131  0.7966475
  4.342409 ] | Reward=-0.007 | Cum=-0.500 | Info={'fov_visible': True, 'shot_attempted': False, 'pass_attempted': False, 'goal_scored': False, 'goal_team': None, 'ball_out_by': None, 'start_shot_bonus': False, 'start_pass_bonus': False, 'possession_lost': False, 'deflection_power': 0.0}
[Step 102] Action=[-1.1495563  2.8391619  1.9872526  2.2123582  3.8327549  0.7965543
  4.342319 ] | Reward=-0.007 | Cum=-0.507 | Info={'fov_visible': True, 'shot_attempted': False, 'pass_attempted': False, 'goal_scored': False, 'goal_team': None, 'ball_out_by': None, 'start_shot_bonus': False, 'start_pass_bonus': False, 'possession_lost': False, 'deflection_power': 0.0}
[Step 103] Action=[-1.1495506  2.839214   1.987266   2.2123506  3.832796   0.7964619
  4.342229 ] | Reward=-0.007 | Cum=-0.513 | Info={'fov_visible': True, 'shot_attempted': False, 'pass_attempted': False, 'goal_scored': False, 'goal_team': None, 'ball_out_by': None, 'start_shot_bonus': False, 'start_pass_bonus': False, 'possession_lost': False, 'deflection_power': 0.0}
[Step 104] Action=[-1.1495436  2.8392673  1.9872793  2.2123418  3.8328366  0.7963687
  4.3421392] | Reward=-0.007 | Cum=-0.520 | Info={'fov_visible': True, 'shot_attempted': False, 'pass_attempted': False, 'goal_scored': False, 'goal_team': None, 'ball_out_by': None, 'start_shot_bonus': False, 'start_pass_bonus': False, 'possession_lost': False, 'deflection_power': 0.0}
[Step 105] Action=[-1.1495372   2.8393192   1.9872928   2.2123344   3.8328786   0.79627484
  4.3420496 ] | Reward=-0.007 | Cum=-0.527 | Info={'fov_visible': True, 'shot_attempted': False, 'pass_attempted': False, 'goal_scored': False, 'goal_team': None, 'ball_out_by': None, 'start_shot_bonus': False, 'start_pass_bonus': False, 'possession_lost': False, 'deflection_power': 0.0}
[Step 106] Action=[-1.1495302  2.8393712  1.9873061  2.2123263  3.8329198  0.796183
  4.34196  ] | Reward=-0.007 | Cum=-0.533 | Info={'fov_visible': True, 'shot_attempted': False, 'pass_attempted': False, 'goal_scored': False, 'goal_team': None, 'ball_out_by': None, 'start_shot_bonus': False, 'start_pass_bonus': False, 'possession_lost': False, 'deflection_power': 0.0}
[Step 107] Action=[-1.1495242  2.8394241  1.9873196  2.2123177  3.8329613  0.7960899
  4.34187  ] | Reward=-0.007 | Cum=-0.540 | Info={'fov_visible': True, 'shot_attempted': False, 'pass_attempted': False, 'goal_scored': False, 'goal_team': None, 'ball_out_by': None, 'start_shot_bonus': False, 'start_pass_bonus': False, 'possession_lost': False, 'deflection_power': 0.0}
[Step 108] Action=[-1.1495175  2.8394763  1.9873329  2.2123106  3.8330028  0.7959964
  4.3417797] | Reward=-0.007 | Cum=-0.547 | Info={'fov_visible': True, 'shot_attempted': False, 'pass_attempted': False, 'goal_scored': False, 'goal_team': None, 'ball_out_by': None, 'start_shot_bonus': False, 'start_pass_bonus': False, 'possession_lost': False, 'deflection_power': 0.0}
[Step 109] Action=[-1.1495113  2.839529   1.9873466  2.2123024  3.833044   0.7959037
  4.34169  ] | Reward=-0.007 | Cum=-0.554 | Info={'fov_visible': True, 'shot_attempted': False, 'pass_attempted': False, 'goal_scored': False, 'goal_team': None, 'ball_out_by': None, 'start_shot_bonus': False, 'start_pass_bonus': False, 'possession_lost': False, 'deflection_power': 0.0}
[Step 110] Action=[-1.1495043  2.8395813  1.9873599  2.2122939  3.833085   0.7958106
  4.3416004] | Reward=-0.007 | Cum=-0.561 | Info={'fov_visible': True, 'shot_attempted': False, 'pass_attempted': False, 'goal_scored': False, 'goal_team': None, 'ball_out_by': None, 'start_shot_bonus': False, 'start_pass_bonus': False, 'possession_lost': False, 'deflection_power': 0.0}
[Step 111] Action=[-1.1494979   2.8396344   1.9873732   2.2122862   3.8331265   0.79571736
  4.34151   ] | Reward=-0.007 | Cum=-0.568 | Info={'fov_visible': True, 'shot_attempted': False, 'pass_attempted': False, 'goal_scored': False, 'goal_team': None, 'ball_out_by': None, 'start_shot_bonus': False, 'start_pass_bonus': False, 'possession_lost': False, 'deflection_power': 0.0}
[Step 112] Action=[-1.1494917  2.8396864  1.987386   2.2122786  3.8331676  0.7956246
  4.34142  ] | Reward=-0.007 | Cum=-0.575 | Info={'fov_visible': True, 'shot_attempted': False, 'pass_attempted': False, 'goal_scored': False, 'goal_team': None, 'ball_out_by': None, 'start_shot_bonus': False, 'start_pass_bonus': False, 'possession_lost': False, 'deflection_power': 0.0}
[Step 113] Action=[-1.1494846  2.8397388  1.9873997  2.2122705  3.8332095  0.7955321
  4.3413305] | Reward=-0.007 | Cum=-0.582 | Info={'fov_visible': True, 'shot_attempted': False, 'pass_attempted': False, 'goal_scored': False, 'goal_team': None, 'ball_out_by': None, 'start_shot_bonus': False, 'start_pass_bonus': False, 'possession_lost': False, 'deflection_power': 0.0}
[Step 114] Action=[-1.1494781  2.8397918  1.987413   2.2122624  3.8332508  0.795439
  4.3412404] | Reward=-0.007 | Cum=-0.589 | Info={'fov_visible': True, 'shot_attempted': False, 'pass_attempted': False, 'goal_scored': False, 'goal_team': None, 'ball_out_by': None, 'start_shot_bonus': False, 'start_pass_bonus': False, 'possession_lost': False, 'deflection_power': 0.0}
[Step 115] Action=[-1.1494714   2.8398442   1.9874266   2.2122543   3.8332925   0.79534626
  4.341151  ] | Reward=-0.007 | Cum=-0.596 | Info={'fov_visible': True, 'shot_attempted': False, 'pass_attempted': False, 'goal_scored': False, 'goal_team': None, 'ball_out_by': None, 'start_shot_bonus': False, 'start_pass_bonus': False, 'possession_lost': False, 'deflection_power': 0.0}
[Step 116] Action=[-1.1494648  2.8398964  1.9874402  2.212247   3.833334   0.7952533
  4.341061 ] | Reward=-0.007 | Cum=-0.603 | Info={'fov_visible': True, 'shot_attempted': False, 'pass_attempted': False, 'goal_scored': False, 'goal_team': None, 'ball_out_by': None, 'start_shot_bonus': False, 'start_pass_bonus': False, 'possession_lost': False, 'deflection_power': 0.0}
[Step 117] Action=[-1.149459    2.8399491   1.9874533   2.212238    3.8333755   0.79516006
  4.3409715 ] | Reward=-0.007 | Cum=-0.610 | Info={'fov_visible': True, 'shot_attempted': False, 'pass_attempted': False, 'goal_scored': False, 'goal_team': None, 'ball_out_by': None, 'start_shot_bonus': False, 'start_pass_bonus': False, 'possession_lost': False, 'deflection_power': 0.0}
[Step 118] Action=[-1.1494522  2.840001   1.9874667  2.2122304  3.833417   0.7950674
  4.340881 ] | Reward=-0.007 | Cum=-0.617 | Info={'fov_visible': True, 'shot_attempted': False, 'pass_attempted': False, 'goal_scored': False, 'goal_team': None, 'ball_out_by': None, 'start_shot_bonus': False, 'start_pass_bonus': False, 'possession_lost': False, 'deflection_power': 0.0}
[Step 119] Action=[-1.149446   2.8400543  1.9874798  2.2122223  3.8334572  0.7949742
  4.3407917] | Reward=-0.007 | Cum=-0.624 | Info={'fov_visible': True, 'shot_attempted': False, 'pass_attempted': False, 'goal_scored': False, 'goal_team': None, 'ball_out_by': None, 'start_shot_bonus': False, 'start_pass_bonus': False, 'possession_lost': False, 'deflection_power': 0.0}
[Step 120] Action=[-1.149439    2.8401067   1.9874935   2.2122145   3.8334987   0.79488057
  4.3407016 ] | Reward=-0.007 | Cum=-0.631 | Info={'fov_visible': True, 'shot_attempted': False, 'pass_attempted': False, 'goal_scored': False, 'goal_team': None, 'ball_out_by': None, 'start_shot_bonus': False, 'start_pass_bonus': False, 'possession_lost': False, 'deflection_power': 0.0}
[Step 121] Action=[-1.1494324  2.8401582  1.9875064  2.212206   3.83354    0.7947888
  4.3406124] | Reward=-0.007 | Cum=-0.639 | Info={'fov_visible': True, 'shot_attempted': False, 'pass_attempted': False, 'goal_scored': False, 'goal_team': None, 'ball_out_by': None, 'start_shot_bonus': False, 'start_pass_bonus': False, 'possession_lost': False, 'deflection_power': 0.0}
[Step 122] Action=[-1.149426    2.8402114   1.9875202   2.2121985   3.8335817   0.79469526
  4.3405223 ] | Reward=-0.007 | Cum=-0.646 | Info={'fov_visible': True, 'shot_attempted': False, 'pass_attempted': False, 'goal_scored': False, 'goal_team': None, 'ball_out_by': None, 'start_shot_bonus': False, 'start_pass_bonus': False, 'possession_lost': False, 'deflection_power': 0.0}
[Step 123] Action=[-1.1494197  2.8402636  1.9875338  2.21219    3.833623   0.7946016
  4.3404317] | Reward=-0.007 | Cum=-0.653 | Info={'fov_visible': True, 'shot_attempted': False, 'pass_attempted': False, 'goal_scored': False, 'goal_team': None, 'ball_out_by': None, 'start_shot_bonus': False, 'start_pass_bonus': False, 'possession_lost': False, 'deflection_power': 0.0}
[Step 124] Action=[-1.1494131   2.8403168   1.987547    2.2121825   3.8336644   0.79450893
  4.340342  ] | Reward=-0.007 | Cum=-0.660 | Info={'fov_visible': True, 'shot_attempted': False, 'pass_attempted': False, 'goal_scored': False, 'goal_team': None, 'ball_out_by': None, 'start_shot_bonus': False, 'start_pass_bonus': False, 'possession_lost': False, 'deflection_power': 0.0}
[Step 125] Action=[-1.1494063   2.8403692   1.9875602   2.2121747   3.833705    0.79441595
  4.340253  ] | Reward=-0.007 | Cum=-0.668 | Info={'fov_visible': True, 'shot_attempted': False, 'pass_attempted': False, 'goal_scored': False, 'goal_team': None, 'ball_out_by': None, 'start_shot_bonus': False, 'start_pass_bonus': False, 'possession_lost': False, 'deflection_power': 0.0}
[Step 126] Action=[-1.1493994   2.8404217   1.9875737   2.2121663   3.8337474   0.79432285
  4.3401623 ] | Reward=-0.007 | Cum=-0.675 | Info={'fov_visible': True, 'shot_attempted': False, 'pass_attempted': False, 'goal_scored': False, 'goal_team': None, 'ball_out_by': None, 'start_shot_bonus': False, 'start_pass_bonus': False, 'possession_lost': False, 'deflection_power': 0.0}
[Step 127] Action=[-1.1493933   2.8404746   1.9875873   2.2121584   3.8337884   0.79423034
  4.340073  ] | Reward=-0.007 | Cum=-0.682 | Info={'fov_visible': True, 'shot_attempted': False, 'pass_attempted': False, 'goal_scored': False, 'goal_team': None, 'ball_out_by': None, 'start_shot_bonus': False, 'start_pass_bonus': False, 'possession_lost': False, 'deflection_power': 0.0}
[Step 128] Action=[-1.1493863   2.8405266   1.9876006   2.2121508   3.8338299   0.79413784
  4.339983  ] | Reward=-0.007 | Cum=-0.690 | Info={'fov_visible': True, 'shot_attempted': False, 'pass_attempted': False, 'goal_scored': False, 'goal_team': None, 'ball_out_by': None, 'start_shot_bonus': False, 'start_pass_bonus': False, 'possession_lost': False, 'deflection_power': 0.0}
[Step 129] Action=[-1.1493804   2.840579    1.9876139   2.2121422   3.833871    0.79404426
  4.3398933 ] | Reward=-0.007 | Cum=-0.697 | Info={'fov_visible': True, 'shot_attempted': False, 'pass_attempted': False, 'goal_scored': False, 'goal_team': None, 'ball_out_by': None, 'start_shot_bonus': False, 'start_pass_bonus': False, 'possession_lost': False, 'deflection_power': 0.0}
[Step 130] Action=[-1.1493738  2.840631   1.9876274  2.2121341  3.8339124  0.7939512
  4.3398037] | Reward=-0.008 | Cum=-0.705 | Info={'fov_visible': True, 'shot_attempted': False, 'pass_attempted': False, 'goal_scored': False, 'goal_team': None, 'ball_out_by': None, 'start_shot_bonus': False, 'start_pass_bonus': False, 'possession_lost': False, 'deflection_power': 0.0}
[Step 131] Action=[-1.1493671  2.8406842  1.9876409  2.2121265  3.8339536  0.7938585
  4.339714 ] | Reward=-0.008 | Cum=-0.712 | Info={'fov_visible': True, 'shot_attempted': False, 'pass_attempted': False, 'goal_scored': False, 'goal_team': None, 'ball_out_by': None, 'start_shot_bonus': False, 'start_pass_bonus': False, 'possession_lost': False, 'deflection_power': 0.0}
[Step 132] Action=[-1.1493605   2.8407364   1.9876544   2.2121184   3.8339946   0.79376507
  4.3396235 ] | Reward=-0.008 | Cum=-0.720 | Info={'fov_visible': True, 'shot_attempted': False, 'pass_attempted': False, 'goal_scored': False, 'goal_team': None, 'ball_out_by': None, 'start_shot_bonus': False, 'start_pass_bonus': False, 'possession_lost': False, 'deflection_power': 0.0}
[Step 133] Action=[-1.1493539  2.8407888  1.9876678  2.212111   3.8340366  0.7936717
  4.339534 ] | Reward=-0.008 | Cum=-0.727 | Info={'fov_visible': True, 'shot_attempted': False, 'pass_attempted': False, 'goal_scored': False, 'goal_team': None, 'ball_out_by': None, 'start_shot_bonus': False, 'start_pass_bonus': False, 'possession_lost': False, 'deflection_power': 0.0}
[Step 134] Action=[-1.1493471  2.8408413  1.9876807  2.2121027  3.8340774  0.7935793
  4.3394437] | Reward=-0.008 | Cum=-0.735 | Info={'fov_visible': True, 'shot_attempted': False, 'pass_attempted': False, 'goal_scored': False, 'goal_team': None, 'ball_out_by': None, 'start_shot_bonus': False, 'start_pass_bonus': False, 'possession_lost': False, 'deflection_power': 0.0}
[Step 135] Action=[-1.149341   2.840894   1.9876944  2.212094   3.8341188  0.7934861
  4.3393536] | Reward=-0.008 | Cum=-0.742 | Info={'fov_visible': True, 'shot_attempted': False, 'pass_attempted': False, 'goal_scored': False, 'goal_team': None, 'ball_out_by': None, 'start_shot_bonus': False, 'start_pass_bonus': False, 'possession_lost': False, 'deflection_power': 0.0}
[Step 136] Action=[-1.1493343  2.8409467  1.9877079  2.2120867  3.8341606  0.7933934
  4.3392644] | Reward=-0.008 | Cum=-0.750 | Info={'fov_visible': True, 'shot_attempted': False, 'pass_attempted': False, 'goal_scored': False, 'goal_team': None, 'ball_out_by': None, 'start_shot_bonus': False, 'start_pass_bonus': False, 'possession_lost': False, 'deflection_power': 0.0}
[Step 137] Action=[-1.1493278  2.8409982  1.9877207  2.2120783  3.834202   0.7933005
  4.339174 ] | Reward=-0.008 | Cum=-0.758 | Info={'fov_visible': True, 'shot_attempted': False, 'pass_attempted': False, 'goal_scored': False, 'goal_team': None, 'ball_out_by': None, 'start_shot_bonus': False, 'start_pass_bonus': False, 'possession_lost': False, 'deflection_power': 0.0}
[Step 138] Action=[-1.1493213  2.8410516  1.9877347  2.2120705  3.8342435  0.7932075
  4.3390846] | Reward=-0.008 | Cum=-0.765 | Info={'fov_visible': True, 'shot_attempted': False, 'pass_attempted': False, 'goal_scored': False, 'goal_team': None, 'ball_out_by': None, 'start_shot_bonus': False, 'start_pass_bonus': False, 'possession_lost': False, 'deflection_power': 0.0}
[Step 139] Action=[-1.1493145  2.8411036  1.9877485  2.2120626  3.8342848  0.7931138
  4.338994 ] | Reward=-0.008 | Cum=-0.773 | Info={'fov_visible': True, 'shot_attempted': False, 'pass_attempted': False, 'goal_scored': False, 'goal_team': None, 'ball_out_by': None, 'start_shot_bonus': False, 'start_pass_bonus': False, 'possession_lost': False, 'deflection_power': 0.0}
[Step 140] Action=[-1.1493076   2.841157    1.987761    2.2120543   3.8343263   0.79302204
  4.3389053 ] | Reward=-0.008 | Cum=-0.781 | Info={'fov_visible': True, 'shot_attempted': False, 'pass_attempted': False, 'goal_scored': False, 'goal_team': None, 'ball_out_by': None, 'start_shot_bonus': False, 'start_pass_bonus': False, 'possession_lost': False, 'deflection_power': 0.0}
[Step 141] Action=[-1.1493015  2.841209   1.9877756  2.2120469  3.8343673  0.7929282
  4.3388147] | Reward=-0.008 | Cum=-0.788 | Info={'fov_visible': True, 'shot_attempted': False, 'pass_attempted': False, 'goal_scored': False, 'goal_team': None, 'ball_out_by': None, 'start_shot_bonus': False, 'start_pass_bonus': False, 'possession_lost': False, 'deflection_power': 0.0}
[Step 142] Action=[-1.1492951  2.8412616  1.9877883  2.2120388  3.8344088  0.7928355
  4.338725 ] | Reward=-0.008 | Cum=-0.796 | Info={'fov_visible': True, 'shot_attempted': False, 'pass_attempted': False, 'goal_scored': False, 'goal_team': None, 'ball_out_by': None, 'start_shot_bonus': False, 'start_pass_bonus': False, 'possession_lost': False, 'deflection_power': 0.0}
[Step 143] Action=[-1.1492884   2.841314    1.9878014   2.2120311   3.8344507   0.79274195
  4.3386345 ] | Reward=-0.008 | Cum=-0.804 | Info={'fov_visible': True, 'shot_attempted': False, 'pass_attempted': False, 'goal_scored': False, 'goal_team': None, 'ball_out_by': None, 'start_shot_bonus': False, 'start_pass_bonus': False, 'possession_lost': False, 'deflection_power': 0.0}
[Step 144] Action=[-1.1492813  2.8413668  1.9878149  2.2120228  3.8344913  0.7926494
  4.338546 ] | Reward=-0.008 | Cum=-0.812 | Info={'fov_visible': True, 'shot_attempted': False, 'pass_attempted': False, 'goal_scored': False, 'goal_team': None, 'ball_out_by': None, 'start_shot_bonus': False, 'start_pass_bonus': False, 'possession_lost': False, 'deflection_power': 0.0}
[Step 145] Action=[-1.1492753  2.8414187  1.9878286  2.2120154  3.8345332  0.7925559
  4.3384557] | Reward=-0.008 | Cum=-0.820 | Info={'fov_visible': True, 'shot_attempted': False, 'pass_attempted': False, 'goal_scored': False, 'goal_team': None, 'ball_out_by': None, 'start_shot_bonus': False, 'start_pass_bonus': False, 'possession_lost': False, 'deflection_power': 0.0}
[Step 146] Action=[-1.1492689  2.8414714  1.9878417  2.2120068  3.8345742  0.7924637
  4.3383656] | Reward=-0.008 | Cum=-0.828 | Info={'fov_visible': True, 'shot_attempted': False, 'pass_attempted': False, 'goal_scored': False, 'goal_team': None, 'ball_out_by': None, 'start_shot_bonus': False, 'start_pass_bonus': False, 'possession_lost': False, 'deflection_power': 0.0}
[Step 147] Action=[-1.1492628   2.8415236   1.9878552   2.2119987   3.8346157   0.79237056
  4.338276  ] | Reward=-0.008 | Cum=-0.835 | Info={'fov_visible': True, 'shot_attempted': False, 'pass_attempted': False, 'goal_scored': False, 'goal_team': None, 'ball_out_by': None, 'start_shot_bonus': False, 'start_pass_bonus': False, 'possession_lost': False, 'deflection_power': 0.0}
[Step 148] Action=[-1.149256    2.841576    1.9878684   2.2119906   3.834657    0.79227805
  4.3381863 ] | Reward=-0.008 | Cum=-0.843 | Info={'fov_visible': True, 'shot_attempted': False, 'pass_attempted': False, 'goal_scored': False, 'goal_team': None, 'ball_out_by': None, 'start_shot_bonus': False, 'start_pass_bonus': False, 'possession_lost': False, 'deflection_power': 0.0}
[Step 149] Action=[-1.1492488  2.8416297  1.987882   2.2119834  3.8346987  0.7921846
  4.3380957] | Reward=-0.008 | Cum=-0.851 | Info={'fov_visible': True, 'shot_attempted': False, 'pass_attempted': False, 'goal_scored': False, 'goal_team': None, 'ball_out_by': None, 'start_shot_bonus': False, 'start_pass_bonus': False, 'possession_lost': False, 'deflection_power': 0.0}
[Step 150] Action=[-1.1492426   2.841682    1.9878954   2.2119753   3.8347397   0.79209137
  4.3380065 ] | Reward=-0.008 | Cum=-0.859 | Info={'fov_visible': True, 'shot_attempted': False, 'pass_attempted': False, 'goal_scored': False, 'goal_team': None, 'ball_out_by': None, 'start_shot_bonus': False, 'start_pass_bonus': False, 'possession_lost': False, 'deflection_power': 0.0}
[Step 151] Action=[-1.1492361  2.841734   1.9879091  2.2119668  3.8347802  0.7919985
  4.3379164] | Reward=-0.008 | Cum=-0.867 | Info={'fov_visible': True, 'shot_attempted': False, 'pass_attempted': False, 'goal_scored': False, 'goal_team': None, 'ball_out_by': None, 'start_shot_bonus': False, 'start_pass_bonus': False, 'possession_lost': False, 'deflection_power': 0.0}
[Step 152] Action=[-1.1492288  2.8417864  1.9879222  2.2119591  3.8348227  0.7919055
  4.337826 ] | Reward=-0.008 | Cum=-0.875 | Info={'fov_visible': True, 'shot_attempted': False, 'pass_attempted': False, 'goal_scored': False, 'goal_team': None, 'ball_out_by': None, 'start_shot_bonus': False, 'start_pass_bonus': False, 'possession_lost': False, 'deflection_power': 0.0}
[Step 153] Action=[-1.1492226  2.8418388  1.9879357  2.211951   3.8348641  0.7918125
  4.337736 ] | Reward=-0.008 | Cum=-0.883 | Info={'fov_visible': True, 'shot_attempted': False, 'pass_attempted': False, 'goal_scored': False, 'goal_team': None, 'ball_out_by': None, 'start_shot_bonus': False, 'start_pass_bonus': False, 'possession_lost': False, 'deflection_power': 0.0}
[Step 154] Action=[-1.1492155  2.8418913  1.987949   2.2119434  3.8349054  0.7917193
  4.3376465] | Reward=-0.008 | Cum=-0.892 | Info={'fov_visible': True, 'shot_attempted': False, 'pass_attempted': False, 'goal_scored': False, 'goal_team': None, 'ball_out_by': None, 'start_shot_bonus': False, 'start_pass_bonus': False, 'possession_lost': False, 'deflection_power': 0.0}
[Step 155] Action=[-1.1492093  2.8419433  1.9879627  2.2119358  3.8349469  0.7916265
  4.337557 ] | Reward=-0.008 | Cum=-0.900 | Info={'fov_visible': True, 'shot_attempted': False, 'pass_attempted': False, 'goal_scored': False, 'goal_team': None, 'ball_out_by': None, 'start_shot_bonus': False, 'start_pass_bonus': False, 'possession_lost': False, 'deflection_power': 0.0}
[Step 156] Action=[-1.1492028  2.8419962  1.987976   2.2119277  3.8349876  0.7915338
  4.337467 ] | Reward=-0.008 | Cum=-0.908 | Info={'fov_visible': True, 'shot_attempted': False, 'pass_attempted': False, 'goal_scored': False, 'goal_team': None, 'ball_out_by': None, 'start_shot_bonus': False, 'start_pass_bonus': False, 'possession_lost': False, 'deflection_power': 0.0}
[Step 157] Action=[-1.149196   2.8420491  1.9879892  2.2119195  3.8350296  0.7914407
  4.337377 ] | Reward=-0.008 | Cum=-0.916 | Info={'fov_visible': True, 'shot_attempted': False, 'pass_attempted': False, 'goal_scored': False, 'goal_team': None, 'ball_out_by': None, 'start_shot_bonus': False, 'start_pass_bonus': False, 'possession_lost': False, 'deflection_power': 0.0}
[Step 158] Action=[-1.1491898   2.842101    1.9880023   2.2119114   3.8350708   0.79134804
  4.337287  ] | Reward=-0.008 | Cum=-0.924 | Info={'fov_visible': True, 'shot_attempted': False, 'pass_attempted': False, 'goal_scored': False, 'goal_team': None, 'ball_out_by': None, 'start_shot_bonus': False, 'start_pass_bonus': False, 'possession_lost': False, 'deflection_power': 0.0}
[Step 159] Action=[-1.1491832   2.842154    1.9880164   2.2119033   3.8351116   0.79125476
  4.3371973 ] | Reward=-0.008 | Cum=-0.932 | Info={'fov_visible': True, 'shot_attempted': False, 'pass_attempted': False, 'goal_scored': False, 'goal_team': None, 'ball_out_by': None, 'start_shot_bonus': False, 'start_pass_bonus': False, 'possession_lost': False, 'deflection_power': 0.0}
[Step 160] Action=[-1.1491767  2.8422062  1.9880292  2.2118955  3.8351538  0.7911614
  4.3371077] | Reward=-0.008 | Cum=-0.941 | Info={'fov_visible': True, 'shot_attempted': False, 'pass_attempted': False, 'goal_scored': False, 'goal_team': None, 'ball_out_by': None, 'start_shot_bonus': False, 'start_pass_bonus': False, 'possession_lost': False, 'deflection_power': 0.0}
[Step 161] Action=[-1.1491699   2.8422585   1.9880427   2.2118876   3.8351946   0.79106843
  4.3370175 ] | Reward=-0.008 | Cum=-0.949 | Info={'fov_visible': True, 'shot_attempted': False, 'pass_attempted': False, 'goal_scored': False, 'goal_team': None, 'ball_out_by': None, 'start_shot_bonus': False, 'start_pass_bonus': False, 'possession_lost': False, 'deflection_power': 0.0}
[Step 162] Action=[-1.1491631   2.8423114   1.9880561   2.2118795   3.8352365   0.79097503
  4.3369274 ] | Reward=-0.008 | Cum=-0.957 | Info={'fov_visible': True, 'shot_attempted': False, 'pass_attempted': False, 'goal_scored': False, 'goal_team': None, 'ball_out_by': None, 'start_shot_bonus': False, 'start_pass_bonus': False, 'possession_lost': False, 'deflection_power': 0.0}
[Step 163] Action=[-1.1491566  2.8423638  1.9880687  2.2118719  3.8352776  0.7908822
  4.336838 ] | Reward=-0.008 | Cum=-0.965 | Info={'fov_visible': True, 'shot_attempted': False, 'pass_attempted': False, 'goal_scored': False, 'goal_team': None, 'ball_out_by': None, 'start_shot_bonus': False, 'start_pass_bonus': False, 'possession_lost': False, 'deflection_power': 0.0}
[Step 164] Action=[-1.1491501  2.8424156  1.9880826  2.2118635  3.8353188  0.7907893
  4.3367476] | Reward=-0.008 | Cum=-0.974 | Info={'fov_visible': True, 'shot_attempted': False, 'pass_attempted': False, 'goal_scored': False, 'goal_team': None, 'ball_out_by': None, 'start_shot_bonus': False, 'start_pass_bonus': False, 'possession_lost': False, 'deflection_power': 0.0}
[Step 165] Action=[-1.1491437  2.8424692  1.9880965  2.2118554  3.8353603  0.7906966
  4.336658 ] | Reward=-0.008 | Cum=-0.982 | Info={'fov_visible': True, 'shot_attempted': False, 'pass_attempted': False, 'goal_scored': False, 'goal_team': None, 'ball_out_by': None, 'start_shot_bonus': False, 'start_pass_bonus': False, 'possession_lost': False, 'deflection_power': 0.0}
[Step 166] Action=[-1.1491368  2.8425217  1.9881098  2.2118478  3.8354018  0.7906033
  4.336569 ] | Reward=-0.008 | Cum=-0.990 | Info={'fov_visible': True, 'shot_attempted': False, 'pass_attempted': False, 'goal_scored': False, 'goal_team': None, 'ball_out_by': None, 'start_shot_bonus': False, 'start_pass_bonus': False, 'possession_lost': False, 'deflection_power': 0.0}
[Step 167] Action=[-1.1491307  2.8425741  1.9881229  2.21184    3.8354433  0.7905102
  4.3364787] | Reward=-0.008 | Cum=-0.999 | Info={'fov_visible': True, 'shot_attempted': False, 'pass_attempted': False, 'goal_scored': False, 'goal_team': None, 'ball_out_by': None, 'start_shot_bonus': False, 'start_pass_bonus': False, 'possession_lost': False, 'deflection_power': 0.0}
[Step 168] Action=[-1.149124   2.842627   1.9881362  2.2118313  3.835484   0.7904178
  4.336389 ] | Reward=-0.008 | Cum=-1.007 | Info={'fov_visible': True, 'shot_attempted': False, 'pass_attempted': False, 'goal_scored': False, 'goal_team': None, 'ball_out_by': None, 'start_shot_bonus': False, 'start_pass_bonus': False, 'possession_lost': False, 'deflection_power': 0.0}
[Step 169] Action=[-1.1491174   2.8426788   1.9881496   2.211824    3.835526    0.79032445
  4.3362985 ] | Reward=-0.008 | Cum=-1.016 | Info={'fov_visible': True, 'shot_attempted': False, 'pass_attempted': False, 'goal_scored': False, 'goal_team': None, 'ball_out_by': None, 'start_shot_bonus': False, 'start_pass_bonus': False, 'possession_lost': False, 'deflection_power': 0.0}
[Step 170] Action=[-1.1491108  2.8427315  1.9881631  2.211816   3.8355672  0.7902315
  4.336209 ] | Reward=-0.008 | Cum=-1.024 | Info={'fov_visible': True, 'shot_attempted': False, 'pass_attempted': False, 'goal_scored': False, 'goal_team': None, 'ball_out_by': None, 'start_shot_bonus': False, 'start_pass_bonus': False, 'possession_lost': False, 'deflection_power': 0.0}
[Step 171] Action=[-1.1491045  2.842784   1.9881767  2.211808   3.835608   0.7901384
  4.336119 ] | Reward=-0.009 | Cum=-1.033 | Info={'fov_visible': True, 'shot_attempted': False, 'pass_attempted': False, 'goal_scored': False, 'goal_team': None, 'ball_out_by': None, 'start_shot_bonus': False, 'start_pass_bonus': False, 'possession_lost': False, 'deflection_power': 0.0}
[Step 172] Action=[-1.1490977   2.8428364   1.9881903   2.2117996   3.8356504   0.79004556
  4.336029  ] | Reward=-0.009 | Cum=-1.041 | Info={'fov_visible': True, 'shot_attempted': False, 'pass_attempted': False, 'goal_scored': False, 'goal_team': None, 'ball_out_by': None, 'start_shot_bonus': False, 'start_pass_bonus': False, 'possession_lost': False, 'deflection_power': 0.0}
[Step 173] Action=[-1.1490914   2.8428884   1.9882032   2.2117922   3.8356915   0.78995305
  4.3359394 ] | Reward=-0.009 | Cum=-1.050 | Info={'fov_visible': True, 'shot_attempted': False, 'pass_attempted': False, 'goal_scored': False, 'goal_team': None, 'ball_out_by': None, 'start_shot_bonus': False, 'start_pass_bonus': False, 'possession_lost': False, 'deflection_power': 0.0}
[Step 174] Action=[-1.1490846   2.842941    1.9882169   2.2117841   3.8357325   0.78985953
  4.3358493 ] | Reward=-0.009 | Cum=-1.058 | Info={'fov_visible': True, 'shot_attempted': False, 'pass_attempted': False, 'goal_scored': False, 'goal_team': None, 'ball_out_by': None, 'start_shot_bonus': False, 'start_pass_bonus': False, 'possession_lost': False, 'deflection_power': 0.0}
[Step 175] Action=[-1.1490779  2.8429945  1.9882306  2.211776   3.835774   0.7897664
  4.335759 ] | Reward=-0.009 | Cum=-1.067 | Info={'fov_visible': True, 'shot_attempted': False, 'pass_attempted': False, 'goal_scored': False, 'goal_team': None, 'ball_out_by': None, 'start_shot_bonus': False, 'start_pass_bonus': False, 'possession_lost': False, 'deflection_power': 0.0}
[Step 176] Action=[-1.1490712   2.8430462   1.9882433   2.2117684   3.835816    0.78967345
  4.3356686 ] | Reward=-0.009 | Cum=-1.076 | Info={'fov_visible': True, 'shot_attempted': False, 'pass_attempted': False, 'goal_scored': False, 'goal_team': None, 'ball_out_by': None, 'start_shot_bonus': False, 'start_pass_bonus': False, 'possession_lost': False, 'deflection_power': 0.0}
[Step 177] Action=[-1.1490644   2.8430994   1.9882572   2.2117603   3.8358576   0.78958017
  4.33558   ] | Reward=-0.009 | Cum=-1.084 | Info={'fov_visible': True, 'shot_attempted': False, 'pass_attempted': False, 'goal_scored': False, 'goal_team': None, 'ball_out_by': None, 'start_shot_bonus': False, 'start_pass_bonus': False, 'possession_lost': False, 'deflection_power': 0.0}
[Step 178] Action=[-1.1490583   2.8431513   1.9882703   2.2117524   3.8358984   0.78948736
  4.33549   ] | Reward=-0.009 | Cum=-1.093 | Info={'fov_visible': True, 'shot_attempted': False, 'pass_attempted': False, 'goal_scored': False, 'goal_team': None, 'ball_out_by': None, 'start_shot_bonus': False, 'start_pass_bonus': False, 'possession_lost': False, 'deflection_power': 0.0}
[Step 179] Action=[-1.1490512  2.8432045  1.988284   2.2117445  3.8359394  0.7893953
  4.3354006] | Reward=-0.009 | Cum=-1.102 | Info={'fov_visible': True, 'shot_attempted': False, 'pass_attempted': False, 'goal_scored': False, 'goal_team': None, 'ball_out_by': None, 'start_shot_bonus': False, 'start_pass_bonus': False, 'possession_lost': False, 'deflection_power': 0.0}
[Step 180] Action=[-1.149045   2.8432562  1.9882972  2.2117364  3.8359814  0.7893015
  4.33531  ] | Reward=-0.009 | Cum=-1.110 | Info={'fov_visible': True, 'shot_attempted': False, 'pass_attempted': False, 'goal_scored': False, 'goal_team': None, 'ball_out_by': None, 'start_shot_bonus': False, 'start_pass_bonus': False, 'possession_lost': False, 'deflection_power': 0.0}
[Step 181] Action=[-1.149038    2.8433092   1.9883099   2.2117286   3.8360224   0.78920853
  4.33522   ] | Reward=-0.009 | Cum=-1.119 | Info={'fov_visible': True, 'shot_attempted': False, 'pass_attempted': False, 'goal_scored': False, 'goal_team': None, 'ball_out_by': None, 'start_shot_bonus': False, 'start_pass_bonus': False, 'possession_lost': False, 'deflection_power': 0.0}
[Step 182] Action=[-1.1490316  2.8433614  1.988324   2.2117202  3.8360646  0.7891154
  4.3351297] | Reward=-0.009 | Cum=-1.128 | Info={'fov_visible': True, 'shot_attempted': False, 'pass_attempted': False, 'goal_scored': False, 'goal_team': None, 'ball_out_by': None, 'start_shot_bonus': False, 'start_pass_bonus': False, 'possession_lost': False, 'deflection_power': 0.0}
[Step 183] Action=[-1.1490254  2.8434148  1.9883372  2.2117126  3.8361063  0.7890218
  4.33504  ] | Reward=-0.009 | Cum=-1.137 | Info={'fov_visible': True, 'shot_attempted': False, 'pass_attempted': False, 'goal_scored': False, 'goal_team': None, 'ball_out_by': None, 'start_shot_bonus': False, 'start_pass_bonus': False, 'possession_lost': False, 'deflection_power': 0.0}
[Step 184] Action=[-1.1490186  2.8434668  1.9883506  2.2117052  3.8361473  0.788929
  4.3349504] | Reward=-0.009 | Cum=-1.145 | Info={'fov_visible': True, 'shot_attempted': False, 'pass_attempted': False, 'goal_scored': False, 'goal_team': None, 'ball_out_by': 'att_1', 'start_shot_bonus': False, 'start_pass_bonus': False, 'possession_lost': False, 'deflection_power': 0.0}
