Debug log for att_2 (Episode 1800)
================================================================================
[Step 1] Action=[ 0.         -0.          1.          0.          0.9999916  -0.82996005
 -1.        ] | Reward=-0.004 | Cum=-0.004 | Info={'shot_attempted': False, 'pass_attempted': False, 'goal_scored': False, 'goal_team': None, 'ball_out_by': None, 'has_ball': False, 'start_shot_bonus': False, 'start_pass_bonus': False, 'possession_lost': False}

[Step 2] Action=[ 0.         -0.          1.          0.          0.9999994  -0.89643496
 -1.        ] | Reward=-0.004 | Cum=-0.008 | Info={'shot_attempted': False, 'pass_attempted': False, 'goal_scored': False, 'goal_team': None, 'ball_out_by': None, 'has_ball': False, 'start_shot_bonus': False, 'start_pass_bonus': False, 'possession_lost': False}

[Step 3] Action=[ 0.         -0.          1.          0.          0.99999934 -0.89617515
 -1.        ] | Reward=-0.004 | Cum=-0.011 | Info={'shot_attempted': False, 'pass_attempted': False, 'goal_scored': False, 'goal_team': None, 'ball_out_by': None, 'has_ball': False, 'start_shot_bonus': False, 'start_pass_bonus': False, 'possession_lost': False}

[Step 4] Action=[ 0.         -0.          1.          0.          0.99999934 -0.8959151
 -1.        ] | Reward=-0.003 | Cum=-0.014 | Info={'shot_attempted': False, 'pass_attempted': False, 'goal_scored': False, 'goal_team': None, 'ball_out_by': None, 'has_ball': False, 'start_shot_bonus': False, 'start_pass_bonus': False, 'possession_lost': False}

[Step 5] Action=[ 0.         -0.          1.          0.          0.99999934 -0.89565486
 -1.        ] | Reward=-0.003 | Cum=-0.017 | Info={'shot_attempted': False, 'pass_attempted': False, 'goal_scored': False, 'goal_team': None, 'ball_out_by': None, 'has_ball': False, 'start_shot_bonus': False, 'start_pass_bonus': False, 'possession_lost': False}

[Step 6] Action=[ 0.         -0.          1.          0.          0.99999934 -0.8953943
 -1.        ] | Reward=-0.003 | Cum=-0.020 | Info={'shot_attempted': False, 'pass_attempted': False, 'goal_scored': False, 'goal_team': None, 'ball_out_by': None, 'has_ball': False, 'start_shot_bonus': False, 'start_pass_bonus': False, 'possession_lost': False}

[Step 7] Action=[ 0.         -0.          1.          0.          0.99999934 -0.89513594
 -1.        ] | Reward=-0.002 | Cum=-0.022 | Info={'shot_attempted': False, 'pass_attempted': False, 'goal_scored': False, 'goal_team': None, 'ball_out_by': None, 'has_ball': False, 'start_shot_bonus': False, 'start_pass_bonus': False, 'possession_lost': False}

[Step 8] Action=[ 0.         -0.          1.          0.          0.99999934 -0.89488226
 -1.        ] | Reward=-0.002 | Cum=-0.024 | Info={'shot_attempted': False, 'pass_attempted': False, 'goal_scored': False, 'goal_team': None, 'ball_out_by': None, 'has_ball': False, 'start_shot_bonus': False, 'start_pass_bonus': False, 'possession_lost': False}

[Step 9] Action=[ 0.         -0.          1.          0.          0.99999934 -0.8946283
 -1.        ] | Reward=-0.001 | Cum=-0.025 | Info={'shot_attempted': False, 'pass_attempted': False, 'goal_scored': False, 'goal_team': None, 'ball_out_by': None, 'has_ball': False, 'start_shot_bonus': False, 'start_pass_bonus': False, 'possession_lost': False}

[Step 10] Action=[ 0.        -0.         1.         0.         0.9999993 -0.894374
 -1.       ] | Reward=-0.000 | Cum=-0.025 | Info={'shot_attempted': False, 'pass_attempted': False, 'goal_scored': False, 'goal_team': None, 'ball_out_by': None, 'has_ball': False, 'start_shot_bonus': False, 'start_pass_bonus': False, 'possession_lost': False}

[Step 11] Action=[ 0.        -0.         1.         0.         0.9999993 -0.8941197
 -1.       ] | Reward=+0.000 | Cum=-0.025 | Info={'shot_attempted': False, 'pass_attempted': False, 'goal_scored': False, 'goal_team': None, 'ball_out_by': None, 'has_ball': False, 'start_shot_bonus': False, 'start_pass_bonus': False, 'possession_lost': False}

[Step 12] Action=[ 0.         -0.          1.          0.          0.9999993  -0.89386517
 -1.        ] | Reward=+0.001 | Cum=-0.024 | Info={'shot_attempted': False, 'pass_attempted': False, 'goal_scored': False, 'goal_team': None, 'ball_out_by': None, 'has_ball': False, 'start_shot_bonus': False, 'start_pass_bonus': False, 'possession_lost': False}

[Step 13] Action=[ 0.         -0.          1.          0.          0.9999993  -0.89361036
 -1.        ] | Reward=+0.002 | Cum=-0.021 | Info={'shot_attempted': False, 'pass_attempted': False, 'goal_scored': False, 'goal_team': None, 'ball_out_by': None, 'has_ball': False, 'start_shot_bonus': False, 'start_pass_bonus': False, 'possession_lost': False}

[Step 14] Action=[ 0.        -0.         1.         0.         0.9999993 -0.8933553
 -1.       ] | Reward=+0.004 | Cum=-0.017 | Info={'shot_attempted': False, 'pass_attempted': False, 'goal_scored': False, 'goal_team': None, 'ball_out_by': None, 'has_ball': False, 'start_shot_bonus': False, 'start_pass_bonus': False, 'possession_lost': False}

[Step 15] Action=[ 0.        -0.         1.         0.         0.9999993 -0.8931001
 -1.       ] | Reward=+0.005 | Cum=-0.012 | Info={'shot_attempted': False, 'pass_attempted': False, 'goal_scored': False, 'goal_team': None, 'ball_out_by': None, 'has_ball': False, 'start_shot_bonus': False, 'start_pass_bonus': False, 'possession_lost': False}

[Step 16] Action=[ 0.        -0.         1.         0.         0.9999992 -0.8928449
 -1.       ] | Reward=+0.007 | Cum=-0.005 | Info={'shot_attempted': False, 'pass_attempted': False, 'goal_scored': False, 'goal_team': None, 'ball_out_by': None, 'has_ball': False, 'start_shot_bonus': False, 'start_pass_bonus': False, 'possession_lost': False}

[Step 17] Action=[ 0.        -0.         1.         0.         0.9999992 -0.8925892
 -1.       ] | Reward=+0.009 | Cum=+0.004 | Info={'shot_attempted': False, 'pass_attempted': False, 'goal_scored': False, 'goal_team': None, 'ball_out_by': None, 'has_ball': False, 'start_shot_bonus': False, 'start_pass_bonus': False, 'possession_lost': False}

[Step 18] Action=[ 0.         -0.          1.          0.          0.9999992  -0.89233345
 -1.        ] | Reward=+0.011 | Cum=+0.015 | Info={'shot_attempted': False, 'pass_attempted': False, 'goal_scored': False, 'goal_team': None, 'ball_out_by': None, 'has_ball': False, 'start_shot_bonus': False, 'start_pass_bonus': False, 'possession_lost': False}

[Step 19] Action=[ 0.        -0.         1.         0.         0.9999992 -0.8920776
 -1.       ] | Reward=+0.014 | Cum=+0.030 | Info={'shot_attempted': False, 'pass_attempted': False, 'goal_scored': False, 'goal_team': None, 'ball_out_by': None, 'has_ball': False, 'start_shot_bonus': False, 'start_pass_bonus': False, 'possession_lost': False}

[Step 20] Action=[ 0.         -0.          1.          0.          0.9999992  -0.89182156
 -1.        ] | Reward=+0.018 | Cum=+0.047 | Info={'shot_attempted': False, 'pass_attempted': False, 'goal_scored': False, 'goal_team': None, 'ball_out_by': None, 'has_ball': False, 'start_shot_bonus': False, 'start_pass_bonus': False, 'possession_lost': False}

[Step 21] Action=[ 0.         -0.          1.          0.          0.99999917 -0.8915651
 -1.        ] | Reward=+0.021 | Cum=+0.068 | Info={'shot_attempted': False, 'pass_attempted': False, 'goal_scored': False, 'goal_team': None, 'ball_out_by': None, 'has_ball': False, 'start_shot_bonus': False, 'start_pass_bonus': False, 'possession_lost': False}

[Step 22] Action=[ 0.         -0.          1.          0.          0.99999917 -0.8913087
 -1.        ] | Reward=+0.026 | Cum=+0.094 | Info={'shot_attempted': False, 'pass_attempted': False, 'goal_scored': False, 'goal_team': None, 'ball_out_by': None, 'has_ball': False, 'start_shot_bonus': False, 'start_pass_bonus': False, 'possession_lost': False}

[Step 23] Action=[ 0.         -0.          1.          0.          0.99999917 -0.89105207
 -1.        ] | Reward=+0.745 | Cum=+0.839 | Info={'shot_attempted': False, 'pass_attempted': False, 'start_pass_bonus': False, 'invalid_pass_attempt': True, 'pass_completed': True, 'pass_from': 'att_1', 'pass_to': 'att_2', 'goal_scored': False, 'goal_team': None, 'ball_out_by': None, 'has_ball': True, 'start_shot_bonus': False, 'possession_lost': False}

[Step 24] Action=[ 1.         -0.14537393  1.          0.          0.99998647 -0.8308893
 -1.        ] | Reward=+1.039 | Cum=+1.878 | Info={'shot_attempted': False, 'pass_attempted': True, 'pass_quality': 0.4997706495262581, 'pass_power': 9.749928966164589, 'pass_direction': [0.17619156959600338, 0.98435589641313], 'invalid_pass_direction': True, 'start_pass_bonus': True, 'pass_to': 'att_1', 'pass_direction_raw': [-0.6620736177544326, -0.7494374721592914], 'goal_scored': False, 'goal_team': None, 'ball_out_by': None, 'has_ball': False, 'start_shot_bonus': False, 'possession_lost': False}

[Step 25] Action=[ 1.        -0.2891408  1.         0.         0.9999993 -0.8815702
 -1.       ] | Reward=+0.032 | Cum=+1.910 | Info={'shot_attempted': False, 'pass_attempted': False, 'goal_scored': False, 'goal_team': None, 'ball_out_by': None, 'has_ball': False, 'start_shot_bonus': False, 'start_pass_bonus': False, 'possession_lost': False}

[Step 26] Action=[ 1.         -0.28945088  1.          0.          0.99999934 -0.88184375
 -1.        ] | Reward=+0.026 | Cum=+1.936 | Info={'shot_attempted': False, 'pass_attempted': False, 'goal_scored': False, 'goal_team': None, 'ball_out_by': None, 'has_ball': False, 'start_shot_bonus': False, 'start_pass_bonus': False, 'possession_lost': False}

[Step 27] Action=[ 1.         -0.28975996  1.          0.          0.99999934 -0.8821164
 -1.        ] | Reward=+0.021 | Cum=+1.956 | Info={'shot_attempted': False, 'pass_attempted': False, 'goal_scored': False, 'goal_team': None, 'ball_out_by': None, 'has_ball': False, 'start_shot_bonus': False, 'start_pass_bonus': False, 'possession_lost': False}

[Step 28] Action=[ 1.         -0.29006842  1.          0.          0.99999934 -0.88238806
 -1.        ] | Reward=+0.017 | Cum=+1.974 | Info={'shot_attempted': False, 'pass_attempted': False, 'goal_scored': False, 'goal_team': None, 'ball_out_by': None, 'has_ball': False, 'start_shot_bonus': False, 'start_pass_bonus': False, 'possession_lost': False}

[Step 29] Action=[ 1.         -0.2903768   1.          0.          0.99999934 -0.88265854
 -1.        ] | Reward=+0.014 | Cum=+1.988 | Info={'shot_attempted': False, 'pass_attempted': False, 'goal_scored': False, 'goal_team': None, 'ball_out_by': None, 'has_ball': False, 'start_shot_bonus': False, 'start_pass_bonus': False, 'possession_lost': False}

[Step 30] Action=[ 1.         -0.29068375  1.          0.          0.99999934 -0.8829281
 -1.        ] | Reward=+0.011 | Cum=+1.999 | Info={'shot_attempted': False, 'pass_attempted': False, 'goal_scored': False, 'goal_team': None, 'ball_out_by': None, 'has_ball': False, 'start_shot_bonus': False, 'start_pass_bonus': False, 'possession_lost': False}

[Step 31] Action=[ 1.         -0.29099092  1.          0.          0.99999934 -0.8831965
 -1.        ] | Reward=+0.009 | Cum=+2.008 | Info={'shot_attempted': False, 'pass_attempted': False, 'goal_scored': False, 'goal_team': None, 'ball_out_by': None, 'has_ball': False, 'start_shot_bonus': False, 'start_pass_bonus': False, 'possession_lost': False}

[Step 32] Action=[ 1.         -0.2912925   1.          0.          0.99999934 -0.8834618
 -1.        ] | Reward=+0.007 | Cum=+2.015 | Info={'shot_attempted': False, 'pass_attempted': False, 'goal_scored': False, 'goal_team': None, 'ball_out_by': None, 'has_ball': False, 'start_shot_bonus': False, 'start_pass_bonus': False, 'possession_lost': False}

[Step 33] Action=[ 1.        -0.2915928  1.         0.         0.9999994 -0.8837255
 -1.       ] | Reward=+0.006 | Cum=+2.021 | Info={'shot_attempted': False, 'pass_attempted': False, 'goal_scored': False, 'goal_team': None, 'ball_out_by': None, 'has_ball': False, 'start_shot_bonus': False, 'start_pass_bonus': False, 'possession_lost': False}

[Step 34] Action=[ 1.         -0.29189262  1.          0.          0.9999994  -0.88398796
 -1.        ] | Reward=+0.005 | Cum=+2.026 | Info={'shot_attempted': False, 'pass_attempted': False, 'goal_scored': False, 'goal_team': None, 'ball_out_by': None, 'has_ball': False, 'start_shot_bonus': False, 'start_pass_bonus': False, 'possession_lost': False}

[Step 35] Action=[ 1.         -0.29219097  1.          0.          0.9999994  -0.8842495
 -1.        ] | Reward=+0.004 | Cum=+2.029 | Info={'shot_attempted': False, 'pass_attempted': False, 'goal_scored': False, 'goal_team': None, 'ball_out_by': None, 'has_ball': False, 'start_shot_bonus': False, 'start_pass_bonus': False, 'possession_lost': False}

[Step 36] Action=[ 1.         -0.29248914  1.          0.          0.9999994  -0.88451016
 -1.        ] | Reward=+0.003 | Cum=+2.032 | Info={'shot_attempted': False, 'pass_attempted': False, 'goal_scored': False, 'goal_team': None, 'ball_out_by': None, 'has_ball': False, 'start_shot_bonus': False, 'start_pass_bonus': False, 'possession_lost': False}

[Step 37] Action=[ 1.         -0.23712958  1.          0.          0.99999905 -0.8764152
 -1.        ] | Reward=+0.003 | Cum=+2.035 | Info={'shot_attempted': False, 'pass_attempted': False, 'goal_scored': False, 'goal_team': None, 'ball_out_by': None, 'has_ball': False, 'start_shot_bonus': False, 'start_pass_bonus': False, 'possession_lost': False}

[Step 38] Action=[ 1.         -0.23745121  1.          0.          0.9999991  -0.8767011
 -1.        ] | Reward=+0.002 | Cum=+2.037 | Info={'shot_attempted': False, 'pass_attempted': False, 'goal_scored': False, 'goal_team': None, 'ball_out_by': None, 'has_ball': False, 'start_shot_bonus': False, 'start_pass_bonus': False, 'possession_lost': False}

[Step 39] Action=[ 1.         -0.23777144  1.          0.          0.9999991  -0.8769858
 -1.        ] | Reward=+0.002 | Cum=+2.039 | Info={'shot_attempted': False, 'pass_attempted': False, 'goal_scored': False, 'goal_team': None, 'ball_out_by': None, 'has_ball': False, 'start_shot_bonus': False, 'start_pass_bonus': False, 'possession_lost': False}

[Step 40] Action=[ 1.         -0.23809206  1.          0.          0.9999991  -0.87726957
 -1.        ] | Reward=+0.002 | Cum=+2.041 | Info={'shot_attempted': False, 'pass_attempted': False, 'goal_scored': False, 'goal_team': None, 'ball_out_by': None, 'has_ball': False, 'start_shot_bonus': False, 'start_pass_bonus': False, 'possession_lost': False}

[Step 41] Action=[ 1.         -0.2384114   1.          0.          0.9999991  -0.87755203
 -1.        ] | Reward=+0.001 | Cum=+2.042 | Info={'shot_attempted': False, 'pass_attempted': False, 'goal_scored': False, 'goal_team': None, 'ball_out_by': None, 'has_ball': False, 'start_shot_bonus': False, 'start_pass_bonus': False, 'possession_lost': False}

[Step 42] Action=[ 1.         -0.23873113  1.          0.          0.9999991  -0.87783366
 -1.        ] | Reward=+0.002 | Cum=+2.044 | Info={'shot_attempted': False, 'pass_attempted': False, 'goal_scored': False, 'goal_team': None, 'ball_out_by': None, 'has_ball': False, 'start_shot_bonus': False, 'start_pass_bonus': False, 'possession_lost': False}

[Step 43] Action=[ 1.         -0.23904914  1.          0.          0.99999917 -0.8781141
 -1.        ] | Reward=+0.002 | Cum=+2.046 | Info={'shot_attempted': False, 'pass_attempted': False, 'goal_scored': False, 'goal_team': None, 'ball_out_by': None, 'has_ball': False, 'start_shot_bonus': False, 'start_pass_bonus': False, 'possession_lost': False}

[Step 44] Action=[ 1.         -0.23936719  1.          0.          0.99999917 -0.8783935
 -1.        ] | Reward=+0.001 | Cum=+2.047 | Info={'shot_attempted': False, 'pass_attempted': False, 'goal_scored': False, 'goal_team': None, 'ball_out_by': None, 'has_ball': False, 'start_shot_bonus': False, 'start_pass_bonus': False, 'possession_lost': False}

[Step 45] Action=[ 1.         -0.23968408  1.          0.          0.99999917 -0.8786718
 -1.        ] | Reward=+0.001 | Cum=+2.048 | Info={'shot_attempted': False, 'pass_attempted': False, 'goal_scored': False, 'goal_team': None, 'ball_out_by': None, 'has_ball': False, 'start_shot_bonus': False, 'start_pass_bonus': False, 'possession_lost': False}

[Step 46] Action=[ 1.         -0.24000046  1.          0.          0.99999917 -0.878949
 -1.        ] | Reward=+0.002 | Cum=+2.050 | Info={'shot_attempted': False, 'pass_attempted': False, 'goal_scored': False, 'goal_team': None, 'ball_out_by': None, 'has_ball': False, 'start_shot_bonus': False, 'start_pass_bonus': False, 'possession_lost': False}

[Step 47] Action=[ 1.         -0.24031633  1.          0.          0.99999917 -0.8792253
 -1.        ] | Reward=+0.002 | Cum=+2.052 | Info={'shot_attempted': False, 'pass_attempted': False, 'goal_scored': False, 'goal_team': None, 'ball_out_by': None, 'has_ball': False, 'start_shot_bonus': False, 'start_pass_bonus': False, 'possession_lost': False}

[Step 48] Action=[ 1.         -0.24063149  1.          0.          0.99999917 -0.87950045
 -1.        ] | Reward=+0.002 | Cum=+2.054 | Info={'shot_attempted': False, 'pass_attempted': False, 'goal_scored': False, 'goal_team': None, 'ball_out_by': None, 'has_ball': False, 'start_shot_bonus': False, 'start_pass_bonus': False, 'possession_lost': False}

[Step 49] Action=[ 1.         -0.24094547  1.          0.          0.9999992  -0.8797745
 -1.        ] | Reward=+0.002 | Cum=+2.055 | Info={'shot_attempted': False, 'pass_attempted': False, 'goal_scored': False, 'goal_team': None, 'ball_out_by': None, 'has_ball': False, 'start_shot_bonus': False, 'start_pass_bonus': False, 'possession_lost': False}

[Step 50] Action=[ 1.         -0.24125975  1.          0.          0.9999992  -0.88004774
 -1.        ] | Reward=+0.002 | Cum=+2.057 | Info={'shot_attempted': False, 'pass_attempted': False, 'goal_scored': False, 'goal_team': None, 'ball_out_by': None, 'has_ball': False, 'start_shot_bonus': False, 'start_pass_bonus': False, 'possession_lost': False}

[Step 51] Action=[ 1.         -0.24157307  1.          0.          0.9999992  -0.8803196
 -1.        ] | Reward=+0.002 | Cum=+2.059 | Info={'shot_attempted': False, 'pass_attempted': False, 'goal_scored': False, 'goal_team': None, 'ball_out_by': None, 'has_ball': False, 'start_shot_bonus': False, 'start_pass_bonus': False, 'possession_lost': False}

[Step 52] Action=[ 1.         -0.24188533  1.          0.          0.9999992  -0.8805907
 -1.        ] | Reward=+0.002 | Cum=+2.061 | Info={'shot_attempted': False, 'pass_attempted': False, 'goal_scored': False, 'goal_team': None, 'ball_out_by': None, 'has_ball': False, 'start_shot_bonus': False, 'start_pass_bonus': False, 'possession_lost': False}

[Step 53] Action=[ 1.         -0.24219732  1.          0.          0.9999992  -0.88086075
 -1.        ] | Reward=+0.002 | Cum=+2.063 | Info={'shot_attempted': False, 'pass_attempted': False, 'goal_scored': False, 'goal_team': None, 'ball_out_by': None, 'has_ball': False, 'start_shot_bonus': False, 'start_pass_bonus': False, 'possession_lost': False}

[Step 54] Action=[ 1.         -0.24250847  1.          0.          0.9999992  -0.8811295
 -1.        ] | Reward=+0.002 | Cum=+2.065 | Info={'shot_attempted': False, 'pass_attempted': False, 'goal_scored': False, 'goal_team': None, 'ball_out_by': None, 'has_ball': False, 'start_shot_bonus': False, 'start_pass_bonus': False, 'possession_lost': False}

[Step 55] Action=[ 1.        -0.2428189  1.         0.         0.9999993 -0.8813975
 -1.       ] | Reward=+0.002 | Cum=+2.067 | Info={'shot_attempted': False, 'pass_attempted': False, 'goal_scored': False, 'goal_team': None, 'ball_out_by': None, 'has_ball': False, 'start_shot_bonus': False, 'start_pass_bonus': False, 'possession_lost': False}

[Step 56] Action=[ 1.         -0.24312916  1.          0.          0.9999993  -0.88166445
 -1.        ] | Reward=+0.003 | Cum=+2.070 | Info={'shot_attempted': False, 'pass_attempted': False, 'goal_scored': False, 'goal_team': None, 'ball_out_by': None, 'has_ball': False, 'start_shot_bonus': False, 'start_pass_bonus': False, 'possession_lost': False}

[Step 57] Action=[ 1.        -0.2434387  1.         0.         0.9999993 -0.8819304
 -1.       ] | Reward=+1.503 | Cum=+3.573 | Info={'shot_attempted': False, 'pass_attempted': False, 'pass_completed': True, 'pass_to': 'att_1', 'pass_from': 'att_2', 'goal_scored': False, 'goal_team': None, 'ball_out_by': None, 'has_ball': False, 'start_shot_bonus': False, 'start_pass_bonus': False, 'possession_lost': False}

[Step 58] Action=[ 1.         -0.23851663  1.          0.          0.9999991  -0.8850418
 -1.        ] | Reward=+0.003 | Cum=+3.576 | Info={'shot_attempted': False, 'pass_attempted': False, 'goal_scored': False, 'goal_team': None, 'ball_out_by': None, 'has_ball': False, 'start_shot_bonus': False, 'start_pass_bonus': False, 'possession_lost': False}

[Step 59] Action=[ 1.         -0.39656407  1.          0.          1.         -0.9577685
 -1.        ] | Reward=+0.003 | Cum=+3.579 | Info={'shot_attempted': False, 'pass_attempted': False, 'goal_scored': False, 'goal_team': None, 'ball_out_by': None, 'has_ball': False, 'start_shot_bonus': False, 'start_pass_bonus': False, 'possession_lost': False}

[Step 60] Action=[ 1.        -0.396379   1.         0.         1.        -0.9577176
 -1.       ] | Reward=+0.004 | Cum=+3.583 | Info={'shot_attempted': False, 'pass_attempted': False, 'goal_scored': False, 'goal_team': None, 'ball_out_by': None, 'has_ball': False, 'start_shot_bonus': False, 'start_pass_bonus': False, 'possession_lost': False}

[Step 61] Action=[ 1.        -0.3961943  1.         0.         1.        -0.9576667
 -1.       ] | Reward=+0.004 | Cum=+3.587 | Info={'shot_attempted': False, 'pass_attempted': False, 'goal_scored': False, 'goal_team': None, 'ball_out_by': None, 'has_ball': False, 'start_shot_bonus': False, 'start_pass_bonus': False, 'possession_lost': False}

[Step 62] Action=[ 1.         -0.39600998  1.          0.          1.         -0.9576159
 -1.        ] | Reward=+0.004 | Cum=+3.590 | Info={'shot_attempted': False, 'pass_attempted': False, 'goal_scored': False, 'goal_team': None, 'ball_out_by': None, 'has_ball': False, 'start_shot_bonus': False, 'start_pass_bonus': False, 'possession_lost': False}

[Step 63] Action=[ 1.         -0.39582562  1.          0.          1.         -0.95756495
 -1.        ] | Reward=+0.004 | Cum=+3.594 | Info={'shot_attempted': False, 'pass_attempted': False, 'goal_scored': False, 'goal_team': None, 'ball_out_by': None, 'has_ball': False, 'start_shot_bonus': False, 'start_pass_bonus': False, 'possession_lost': False}

[Step 64] Action=[ 1.         -0.39564124  1.          0.          1.         -0.95751417
 -1.        ] | Reward=+0.004 | Cum=+3.598 | Info={'shot_attempted': False, 'pass_attempted': False, 'goal_scored': False, 'goal_team': None, 'ball_out_by': None, 'has_ball': False, 'start_shot_bonus': False, 'start_pass_bonus': False, 'possession_lost': False}

[Step 65] Action=[ 1.         -0.39545742  1.          0.          1.         -0.9574633
 -1.        ] | Reward=+0.005 | Cum=+3.603 | Info={'shot_attempted': False, 'pass_attempted': False, 'goal_scored': False, 'goal_team': None, 'ball_out_by': None, 'has_ball': False, 'start_shot_bonus': False, 'start_pass_bonus': False, 'possession_lost': False}

[Step 66] Action=[ 1.         -0.39527315  1.          0.          1.         -0.9574124
 -1.        ] | Reward=+0.005 | Cum=+3.608 | Info={'shot_attempted': False, 'pass_attempted': False, 'goal_scored': False, 'goal_team': None, 'ball_out_by': None, 'has_ball': False, 'start_shot_bonus': False, 'start_pass_bonus': False, 'possession_lost': False}

[Step 67] Action=[ 1.         -0.39508948  1.          0.          1.         -0.95736164
 -1.        ] | Reward=+0.005 | Cum=+3.612 | Info={'shot_attempted': False, 'pass_attempted': False, 'goal_scored': False, 'goal_team': None, 'ball_out_by': None, 'has_ball': False, 'start_shot_bonus': False, 'start_pass_bonus': False, 'possession_lost': False}

[Step 68] Action=[ 1.         -0.39490575  1.          0.          1.         -0.95731074
 -1.        ] | Reward=+0.005 | Cum=+3.617 | Info={'shot_attempted': False, 'pass_attempted': False, 'goal_scored': False, 'goal_team': None, 'ball_out_by': None, 'has_ball': False, 'start_shot_bonus': False, 'start_pass_bonus': False, 'possession_lost': False}

[Step 69] Action=[ 1.         -0.39472163  1.          0.          1.         -0.9572599
 -1.        ] | Reward=+0.005 | Cum=+3.622 | Info={'shot_attempted': False, 'pass_attempted': False, 'goal_scored': False, 'goal_team': None, 'ball_out_by': None, 'has_ball': False, 'start_shot_bonus': False, 'start_pass_bonus': False, 'possession_lost': False}

[Step 70] Action=[ 1.         -0.37797943  1.          0.          1.         -0.95265585
 -1.        ] | Reward=+0.006 | Cum=+3.627 | Info={'shot_attempted': False, 'pass_attempted': False, 'goal_scored': False, 'goal_team': None, 'ball_out_by': None, 'has_ball': False, 'start_shot_bonus': False, 'start_pass_bonus': False, 'possession_lost': False}

[Step 71] Action=[ 1.         -0.2514733   1.          0.          0.9999992  -0.88551956
 -1.        ] | Reward=+0.006 | Cum=+3.633 | Info={'shot_attempted': False, 'pass_attempted': False, 'goal_scored': False, 'goal_team': None, 'ball_out_by': None, 'has_ball': False, 'start_shot_bonus': False, 'start_pass_bonus': False, 'possession_lost': False}

[Step 72] Action=[ 1.         -0.25181553  1.          0.          0.9999992  -0.8861672
 -1.        ] | Reward=+0.006 | Cum=+3.639 | Info={'shot_attempted': False, 'pass_attempted': False, 'goal_scored': False, 'goal_team': None, 'ball_out_by': None, 'has_ball': False, 'start_shot_bonus': False, 'start_pass_bonus': False, 'possession_lost': False}

[Step 73] Action=[ 1.         -0.25209263  1.          0.          0.9999992  -0.88640004
 -1.        ] | Reward=+0.006 | Cum=+3.645 | Info={'shot_attempted': False, 'pass_attempted': False, 'goal_scored': False, 'goal_team': None, 'ball_out_by': None, 'has_ball': False, 'start_shot_bonus': False, 'start_pass_bonus': False, 'possession_lost': False}

[Step 74] Action=[ 1.        -0.2523699  1.         0.         0.9999992 -0.8866321
 -1.       ] | Reward=+0.007 | Cum=+3.651 | Info={'shot_attempted': False, 'pass_attempted': False, 'goal_scored': False, 'goal_team': None, 'ball_out_by': None, 'has_ball': False, 'start_shot_bonus': False, 'start_pass_bonus': False, 'possession_lost': False}

[Step 75] Action=[ 1.         -0.25264603  1.          0.          0.9999992  -0.8868632
 -1.        ] | Reward=+0.007 | Cum=+3.658 | Info={'shot_attempted': False, 'pass_attempted': False, 'goal_scored': False, 'goal_team': None, 'ball_out_by': None, 'has_ball': False, 'start_shot_bonus': False, 'start_pass_bonus': False, 'possession_lost': False}

[Step 76] Action=[ 1.        -0.252922   1.         0.         0.9999993 -0.8870935
 -1.       ] | Reward=+0.007 | Cum=+3.664 | Info={'shot_attempted': False, 'pass_attempted': False, 'goal_scored': False, 'goal_team': None, 'ball_out_by': None, 'has_ball': False, 'start_shot_bonus': False, 'start_pass_bonus': False, 'possession_lost': False}

[Step 77] Action=[ 1.         -0.25319713  1.          0.          0.9999993  -0.8873231
 -1.        ] | Reward=+0.007 | Cum=+3.671 | Info={'shot_attempted': False, 'pass_attempted': False, 'goal_scored': False, 'goal_team': None, 'ball_out_by': None, 'has_ball': False, 'start_shot_bonus': False, 'start_pass_bonus': False, 'possession_lost': False}

[Step 78] Action=[ 1.         -0.25347134  1.          0.          0.9999993  -0.8875518
 -1.        ] | Reward=+0.007 | Cum=+3.677 | Info={'shot_attempted': False, 'pass_attempted': False, 'goal_scored': False, 'goal_team': None, 'ball_out_by': None, 'has_ball': False, 'start_shot_bonus': False, 'start_pass_bonus': False, 'possession_lost': False}

[Step 79] Action=[ 1.         -0.25374618  1.          0.          0.9999993  -0.8877796
 -1.        ] | Reward=+0.007 | Cum=+3.685 | Info={'shot_attempted': False, 'pass_attempted': False, 'goal_scored': False, 'goal_team': None, 'ball_out_by': None, 'has_ball': False, 'start_shot_bonus': False, 'start_pass_bonus': False, 'possession_lost': False}

[Step 80] Action=[ 1.         -0.25402042  1.          0.          0.9999993  -0.8880069
 -1.        ] | Reward=+0.007 | Cum=+3.692 | Info={'shot_attempted': False, 'pass_attempted': False, 'goal_scored': False, 'goal_team': None, 'ball_out_by': None, 'has_ball': False, 'start_shot_bonus': False, 'start_pass_bonus': False, 'possession_lost': False}

[Step 81] Action=[ 1.         -0.25429094  1.          0.          0.9999993  -0.88823235
 -1.        ] | Reward=+0.007 | Cum=+3.699 | Info={'shot_attempted': False, 'pass_attempted': False, 'goal_scored': False, 'goal_team': None, 'ball_out_by': None, 'has_ball': False, 'start_shot_bonus': False, 'start_pass_bonus': False, 'possession_lost': False}

[Step 82] Action=[ 1.         -0.2545602   1.          0.          0.99999934 -0.888457
 -1.        ] | Reward=+0.007 | Cum=+3.707 | Info={'shot_attempted': False, 'pass_attempted': False, 'goal_scored': False, 'goal_team': None, 'ball_out_by': None, 'has_ball': False, 'start_shot_bonus': False, 'start_pass_bonus': False, 'possession_lost': False}

[Step 83] Action=[ 1.         -0.25482908  1.          0.          0.99999934 -0.8886807
 -1.        ] | Reward=+0.008 | Cum=+3.715 | Info={'shot_attempted': False, 'pass_attempted': False, 'goal_scored': False, 'goal_team': None, 'ball_out_by': None, 'has_ball': False, 'start_shot_bonus': False, 'start_pass_bonus': False, 'possession_lost': False}

[Step 84] Action=[ 1.        -0.2285493  1.         0.         0.9999991 -0.8855723
 -1.       ] | Reward=+0.008 | Cum=+3.723 | Info={'shot_attempted': False, 'pass_attempted': False, 'goal_scored': False, 'goal_team': None, 'ball_out_by': None, 'has_ball': False, 'start_shot_bonus': False, 'start_pass_bonus': False, 'possession_lost': False}

[Step 85] Action=[ 1.         -0.33629838  1.          0.          1.         -0.94698185
 -1.        ] | Reward=+0.008 | Cum=+3.731 | Info={'shot_attempted': False, 'pass_attempted': False, 'goal_scored': False, 'goal_team': None, 'ball_out_by': None, 'has_ball': False, 'start_shot_bonus': False, 'start_pass_bonus': False, 'possession_lost': False}

[Step 86] Action=[ 1.         -0.33596689  1.          0.          1.         -0.9468823
 -1.        ] | Reward=+0.009 | Cum=+3.740 | Info={'shot_attempted': False, 'pass_attempted': False, 'goal_scored': False, 'goal_team': None, 'ball_out_by': None, 'has_ball': False, 'start_shot_bonus': False, 'start_pass_bonus': False, 'possession_lost': False}

[Step 87] Action=[ 1.         -0.33563542  1.          0.          1.         -0.9467828
 -1.        ] | Reward=+0.009 | Cum=+3.748 | Info={'shot_attempted': False, 'pass_attempted': False, 'goal_scored': False, 'goal_team': None, 'ball_out_by': None, 'has_ball': False, 'start_shot_bonus': False, 'start_pass_bonus': False, 'possession_lost': False}

[Step 88] Action=[ 1.         -0.33530396  1.          0.          1.         -0.9466832
 -1.        ] | Reward=+0.009 | Cum=+3.758 | Info={'shot_attempted': False, 'pass_attempted': False, 'goal_scored': False, 'goal_team': None, 'ball_out_by': None, 'has_ball': False, 'start_shot_bonus': False, 'start_pass_bonus': False, 'possession_lost': False}

[Step 89] Action=[ 1.         -0.33497676  1.          0.          1.         -0.94658446
 -1.        ] | Reward=+0.009 | Cum=+3.767 | Info={'shot_attempted': False, 'pass_attempted': False, 'goal_scored': False, 'goal_team': None, 'ball_out_by': None, 'has_ball': False, 'start_shot_bonus': False, 'start_pass_bonus': False, 'possession_lost': False}

[Step 90] Action=[ 1.         -0.3346747   1.          0.          1.         -0.94649047
 -1.        ] | Reward=+0.009 | Cum=+3.777 | Info={'shot_attempted': False, 'pass_attempted': False, 'goal_scored': False, 'goal_team': None, 'ball_out_by': None, 'has_ball': False, 'start_shot_bonus': False, 'start_pass_bonus': False, 'possession_lost': False}

[Step 91] Action=[ 1.         -0.3343716   1.          0.          1.         -0.94639665
 -1.        ] | Reward=+0.009 | Cum=+3.786 | Info={'shot_attempted': False, 'pass_attempted': False, 'goal_scored': False, 'goal_team': None, 'ball_out_by': None, 'has_ball': False, 'start_shot_bonus': False, 'start_pass_bonus': False, 'possession_lost': False}

[Step 92] Action=[ 1.         -0.33406883  1.          0.          1.         -0.9463026
 -1.        ] | Reward=+0.009 | Cum=+3.795 | Info={'shot_attempted': False, 'pass_attempted': False, 'goal_scored': False, 'goal_team': None, 'ball_out_by': None, 'has_ball': False, 'start_shot_bonus': False, 'start_pass_bonus': False, 'possession_lost': False}

[Step 93] Action=[ 1.         -0.33374664  1.          0.          1.         -0.9462088
 -1.        ] | Reward=+0.010 | Cum=+3.806 | Info={'shot_attempted': False, 'pass_attempted': False, 'goal_scored': False, 'goal_team': None, 'ball_out_by': None, 'has_ball': False, 'start_shot_bonus': False, 'start_pass_bonus': False, 'possession_lost': False}

[Step 94] Action=[ 1.        -0.3334146  1.         0.         1.        -0.9461148
 -1.       ] | Reward=+0.010 | Cum=+3.816 | Info={'shot_attempted': False, 'pass_attempted': False, 'goal_scored': False, 'goal_team': None, 'ball_out_by': None, 'has_ball': False, 'start_shot_bonus': False, 'start_pass_bonus': False, 'possession_lost': False}

[Step 95] Action=[ 1.         -0.33308312  1.          0.          1.         -0.94602096
 -1.        ] | Reward=+0.010 | Cum=+3.826 | Info={'shot_attempted': False, 'pass_attempted': False, 'goal_scored': False, 'goal_team': None, 'ball_out_by': None, 'has_ball': False, 'start_shot_bonus': False, 'start_pass_bonus': False, 'possession_lost': False}

[Step 96] Action=[ 1.        -0.3327539  1.         0.         1.        -0.9459272
 -1.       ] | Reward=+0.010 | Cum=+3.837 | Info={'shot_attempted': False, 'pass_attempted': False, 'goal_scored': False, 'goal_team': None, 'ball_out_by': None, 'has_ball': False, 'start_shot_bonus': False, 'start_pass_bonus': False, 'possession_lost': False}

[Step 97] Action=[ 1.         -0.33242905  1.          0.          1.         -0.9458338
 -1.        ] | Reward=+0.011 | Cum=+3.848 | Info={'shot_attempted': False, 'pass_attempted': False, 'goal_scored': False, 'goal_team': None, 'ball_out_by': None, 'has_ball': False, 'start_shot_bonus': False, 'start_pass_bonus': False, 'possession_lost': False}

[Step 98] Action=[ 1.         -0.33210263  1.          0.          1.         -0.9457405
 -1.        ] | Reward=+0.011 | Cum=+3.859 | Info={'shot_attempted': False, 'pass_attempted': False, 'goal_scored': False, 'goal_team': None, 'ball_out_by': None, 'has_ball': False, 'start_shot_bonus': False, 'start_pass_bonus': False, 'possession_lost': False}

[Step 99] Action=[ 1.        -0.3317774  1.         0.         1.        -0.945647
 -1.       ] | Reward=+0.011 | Cum=+3.870 | Info={'shot_attempted': False, 'pass_attempted': False, 'goal_scored': False, 'goal_team': None, 'ball_out_by': None, 'has_ball': False, 'start_shot_bonus': False, 'start_pass_bonus': False, 'possession_lost': False}

[Step 100] Action=[ 1.         -0.33145168  1.          0.          1.         -0.9455536
 -1.        ] | Reward=+0.012 | Cum=+3.882 | Info={'shot_attempted': False, 'pass_attempted': False, 'goal_scored': False, 'goal_team': None, 'ball_out_by': None, 'has_ball': False, 'start_shot_bonus': False, 'start_pass_bonus': False, 'possession_lost': False}

[Step 101] Action=[ 1.        -0.3311281  1.         0.         1.        -0.9454602
 -1.       ] | Reward=+0.012 | Cum=+3.894 | Info={'shot_attempted': False, 'pass_attempted': False, 'goal_scored': False, 'goal_team': None, 'ball_out_by': None, 'has_ball': False, 'start_shot_bonus': False, 'start_pass_bonus': False, 'possession_lost': False}

[Step 102] Action=[ 1.         -0.3308032   1.          0.          1.         -0.94536674
 -1.        ] | Reward=+0.013 | Cum=+3.906 | Info={'shot_attempted': False, 'pass_attempted': False, 'goal_scored': False, 'goal_team': None, 'ball_out_by': None, 'has_ball': False, 'start_shot_bonus': False, 'start_pass_bonus': False, 'possession_lost': False}

[Step 103] Action=[ 1.         -0.33047903  1.          0.          1.         -0.9452733
 -1.        ] | Reward=+0.013 | Cum=+3.919 | Info={'shot_attempted': False, 'pass_attempted': False, 'goal_scored': False, 'goal_team': None, 'ball_out_by': None, 'has_ball': False, 'start_shot_bonus': False, 'start_pass_bonus': False, 'possession_lost': False}

[Step 104] Action=[ 1.         -0.33015478  1.          0.          1.         -0.9451799
 -1.        ] | Reward=+0.013 | Cum=+3.931 | Info={'shot_attempted': False, 'pass_attempted': False, 'goal_scored': False, 'goal_team': None, 'ball_out_by': None, 'has_ball': False, 'start_shot_bonus': False, 'start_pass_bonus': False, 'possession_lost': False}

[Step 105] Action=[ 1.         -0.32983196  1.          0.          1.         -0.9450863
 -1.        ] | Reward=+0.012 | Cum=+3.944 | Info={'shot_attempted': False, 'pass_attempted': False, 'goal_scored': False, 'goal_team': None, 'ball_out_by': None, 'has_ball': False, 'start_shot_bonus': False, 'start_pass_bonus': False, 'possession_lost': False}

[Step 106] Action=[ 1.         -0.36982527  1.          0.          1.         -0.95143574
 -1.        ] | Reward=+0.013 | Cum=+3.956 | Info={'shot_attempted': False, 'pass_attempted': False, 'goal_scored': False, 'goal_team': None, 'ball_out_by': None, 'has_ball': False, 'start_shot_bonus': False, 'start_pass_bonus': False, 'possession_lost': False}

[Step 107] Action=[ 1.         -0.22833452  1.          0.          0.9999988  -0.87466383
 -1.        ] | Reward=+0.014 | Cum=+3.970 | Info={'shot_attempted': False, 'pass_attempted': False, 'goal_scored': False, 'goal_team': None, 'ball_out_by': None, 'has_ball': False, 'start_shot_bonus': False, 'start_pass_bonus': False, 'possession_lost': False}

[Step 108] Action=[ 1.         -0.22867866  1.          0.          0.9999988  -0.8749386
 -1.        ] | Reward=+0.014 | Cum=+3.983 | Info={'shot_attempted': False, 'pass_attempted': False, 'goal_scored': False, 'goal_team': None, 'ball_out_by': None, 'has_ball': False, 'start_shot_bonus': False, 'start_pass_bonus': False, 'possession_lost': False}

[Step 109] Action=[ 1.         -0.22902209  1.          0.          0.9999988  -0.87521243
 -1.        ] | Reward=+0.014 | Cum=+3.997 | Info={'shot_attempted': False, 'pass_attempted': False, 'goal_scored': False, 'goal_team': None, 'ball_out_by': None, 'has_ball': False, 'start_shot_bonus': False, 'start_pass_bonus': False, 'possession_lost': False}

[Step 110] Action=[ 1.        -0.2293643  1.         0.         0.9999988 -0.8754854
 -1.       ] | Reward=+0.013 | Cum=+4.011 | Info={'shot_attempted': False, 'pass_attempted': False, 'goal_scored': False, 'goal_team': None, 'ball_out_by': None, 'has_ball': False, 'start_shot_bonus': False, 'start_pass_bonus': False, 'possession_lost': False}

[Step 111] Action=[ 1.         -0.22970638  1.          0.          0.99999887 -0.8757572
 -1.        ] | Reward=+0.014 | Cum=+4.025 | Info={'shot_attempted': False, 'pass_attempted': False, 'goal_scored': False, 'goal_team': None, 'ball_out_by': None, 'has_ball': False, 'start_shot_bonus': False, 'start_pass_bonus': False, 'possession_lost': False}

[Step 112] Action=[ 1.         -0.23004827  1.          0.          0.99999887 -0.876028
 -1.        ] | Reward=+0.014 | Cum=+4.039 | Info={'shot_attempted': False, 'pass_attempted': False, 'goal_scored': False, 'goal_team': None, 'ball_out_by': None, 'has_ball': False, 'start_shot_bonus': False, 'start_pass_bonus': False, 'possession_lost': False}

[Step 113] Action=[ 1.         -0.23038897  1.          0.          0.99999887 -0.87629795
 -1.        ] | Reward=+0.014 | Cum=+4.054 | Info={'shot_attempted': False, 'pass_attempted': False, 'goal_scored': False, 'goal_team': None, 'ball_out_by': None, 'has_ball': False, 'start_shot_bonus': False, 'start_pass_bonus': False, 'possession_lost': False}

[Step 114] Action=[ 1.         -0.2307286   1.          0.          0.99999887 -0.87656677
 -1.        ] | Reward=+0.014 | Cum=+4.068 | Info={'shot_attempted': False, 'pass_attempted': False, 'goal_scored': False, 'goal_team': None, 'ball_out_by': None, 'has_ball': False, 'start_shot_bonus': False, 'start_pass_bonus': False, 'possession_lost': False}

[Step 115] Action=[ 1.        -0.2310702  1.         0.         0.9999989 -0.8768347
 -1.       ] | Reward=+0.014 | Cum=+4.083 | Info={'shot_attempted': False, 'pass_attempted': False, 'goal_scored': False, 'goal_team': None, 'ball_out_by': None, 'has_ball': False, 'start_shot_bonus': False, 'start_pass_bonus': False, 'possession_lost': False}

[Step 116] Action=[ 1.         -0.23141097  1.          0.          0.9999989  -0.87710166
 -1.        ] | Reward=+0.016 | Cum=+4.099 | Info={'shot_attempted': False, 'pass_attempted': False, 'goal_scored': False, 'goal_team': None, 'ball_out_by': None, 'has_ball': False, 'start_shot_bonus': False, 'start_pass_bonus': False, 'possession_lost': False}

[Step 117] Action=[ 1.         -0.23175156  1.          0.          0.9999989  -0.87736756
 -1.        ] | Reward=+0.016 | Cum=+4.114 | Info={'shot_attempted': False, 'pass_attempted': False, 'goal_scored': False, 'goal_team': None, 'ball_out_by': None, 'has_ball': False, 'start_shot_bonus': False, 'start_pass_bonus': False, 'possession_lost': False}

[Step 118] Action=[ 1.         -0.23209096  1.          0.          0.9999989  -0.8776327
 -1.        ] | Reward=+0.016 | Cum=+4.130 | Info={'shot_attempted': False, 'pass_attempted': False, 'goal_scored': False, 'goal_team': None, 'ball_out_by': None, 'has_ball': False, 'start_shot_bonus': False, 'start_pass_bonus': False, 'possession_lost': False}

[Step 119] Action=[ 1.         -0.23243067  1.          0.          0.999999   -0.8778967
 -1.        ] | Reward=+0.016 | Cum=+4.146 | Info={'shot_attempted': False, 'pass_attempted': False, 'goal_scored': False, 'goal_team': None, 'ball_out_by': None, 'has_ball': False, 'start_shot_bonus': False, 'start_pass_bonus': False, 'possession_lost': False}

[Step 120] Action=[ 1.         -0.20685951  1.          0.          0.9999986  -0.8706574
 -1.        ] | Reward=+0.017 | Cum=+4.163 | Info={'shot_attempted': False, 'pass_attempted': False, 'goal_scored': False, 'goal_team': None, 'ball_out_by': None, 'has_ball': False, 'start_shot_bonus': False, 'start_pass_bonus': False, 'possession_lost': False}

[Step 121] Action=[ 1.         -0.18671295  1.          0.          0.99999803 -0.8611258
 -1.        ] | Reward=+0.017 | Cum=+4.180 | Info={'shot_attempted': False, 'pass_attempted': False, 'goal_scored': False, 'goal_team': None, 'ball_out_by': None, 'has_ball': False, 'start_shot_bonus': False, 'start_pass_bonus': False, 'possession_lost': False}

[Step 122] Action=[ 1.         -0.18713401  1.          0.          0.9999981  -0.8614256
 -1.        ] | Reward=+0.017 | Cum=+4.197 | Info={'shot_attempted': False, 'pass_attempted': False, 'goal_scored': False, 'goal_team': None, 'ball_out_by': None, 'has_ball': False, 'start_shot_bonus': False, 'start_pass_bonus': False, 'possession_lost': False}

[Step 123] Action=[ 1.        -0.1875526  1.         0.         0.9999981 -0.8617247
 -1.       ] | Reward=+0.017 | Cum=+4.213 | Info={'shot_attempted': False, 'pass_attempted': False, 'goal_scored': False, 'goal_team': None, 'ball_out_by': None, 'has_ball': False, 'start_shot_bonus': False, 'start_pass_bonus': False, 'possession_lost': False}

[Step 124] Action=[ 1.         -0.18796812  1.          0.          0.99999815 -0.862023
 -1.        ] | Reward=+0.017 | Cum=+4.230 | Info={'shot_attempted': False, 'pass_attempted': False, 'goal_scored': False, 'goal_team': None, 'ball_out_by': None, 'has_ball': False, 'start_shot_bonus': False, 'start_pass_bonus': False, 'possession_lost': False}

[Step 125] Action=[ 1.         -0.18838276  1.          0.          0.99999815 -0.8623204
 -1.        ] | Reward=+0.018 | Cum=+4.248 | Info={'shot_attempted': False, 'pass_attempted': False, 'goal_scored': False, 'goal_team': None, 'ball_out_by': None, 'has_ball': False, 'start_shot_bonus': False, 'start_pass_bonus': False, 'possession_lost': False}

[Step 126] Action=[ 1.         -0.18879458  1.          0.          0.9999982  -0.8626163
 -1.        ] | Reward=+0.018 | Cum=+4.266 | Info={'shot_attempted': False, 'pass_attempted': False, 'goal_scored': False, 'goal_team': None, 'ball_out_by': None, 'has_ball': False, 'start_shot_bonus': False, 'start_pass_bonus': False, 'possession_lost': False}

[Step 127] Action=[ 1.         -0.18920025  1.          0.          0.9999982  -0.8629109
 -1.        ] | Reward=+0.018 | Cum=+4.284 | Info={'shot_attempted': False, 'pass_attempted': False, 'goal_scored': False, 'goal_team': None, 'ball_out_by': None, 'has_ball': False, 'start_shot_bonus': False, 'start_pass_bonus': False, 'possession_lost': False}

[Step 128] Action=[ 1.         -0.18960619  1.          0.          0.9999982  -0.8632044
 -1.        ] | Reward=+0.018 | Cum=+4.302 | Info={'shot_attempted': False, 'pass_attempted': False, 'goal_scored': False, 'goal_team': None, 'ball_out_by': None, 'has_ball': False, 'start_shot_bonus': False, 'start_pass_bonus': False, 'possession_lost': False}

[Step 129] Action=[ 1.         -0.19000793  1.          0.          0.9999983  -0.8634962
 -1.        ] | Reward=+0.019 | Cum=+4.321 | Info={'shot_attempted': False, 'pass_attempted': False, 'goal_scored': False, 'goal_team': None, 'ball_out_by': None, 'has_ball': False, 'start_shot_bonus': False, 'start_pass_bonus': False, 'possession_lost': False}

[Step 130] Action=[ 1.         -0.19040777  1.          0.          0.9999983  -0.86378634
 -1.        ] | Reward=+0.019 | Cum=+4.340 | Info={'shot_attempted': False, 'pass_attempted': False, 'goal_scored': False, 'goal_team': None, 'ball_out_by': None, 'has_ball': False, 'start_shot_bonus': False, 'start_pass_bonus': False, 'possession_lost': False}

[Step 131] Action=[ 1.         -0.1908064   1.          0.          0.99999833 -0.8640756
 -1.        ] | Reward=+0.019 | Cum=+4.359 | Info={'shot_attempted': False, 'pass_attempted': False, 'goal_scored': False, 'goal_team': None, 'ball_out_by': None, 'has_ball': False, 'start_shot_bonus': False, 'start_pass_bonus': False, 'possession_lost': False}

[Step 132] Action=[ 1.         -0.19120462  1.          0.          0.99999833 -0.8643638
 -1.        ] | Reward=+0.019 | Cum=+4.378 | Info={'shot_attempted': False, 'pass_attempted': False, 'goal_scored': False, 'goal_team': None, 'ball_out_by': None, 'has_ball': False, 'start_shot_bonus': False, 'start_pass_bonus': False, 'possession_lost': False}

[Step 133] Action=[ 1.         -0.19160208  1.          0.          0.99999833 -0.86465085
 -1.        ] | Reward=+0.019 | Cum=+4.397 | Info={'shot_attempted': False, 'pass_attempted': False, 'goal_scored': False, 'goal_team': None, 'ball_out_by': None, 'has_ball': False, 'start_shot_bonus': False, 'start_pass_bonus': False, 'possession_lost': False}

[Step 134] Action=[ 0.        -0.         1.         0.         0.9999984 -0.870686
 -1.       ] | Reward=-0.005 | Cum=+4.392 | Info={'shot_attempted': False, 'pass_attempted': False, 'goal_scored': False, 'goal_team': None, 'ball_out_by': None, 'has_ball': False, 'start_shot_bonus': False, 'start_pass_bonus': False, 'possession_lost': False}

[Step 135] Action=[ 0.          0.          1.          0.          0.99999857 -0.8835769
 -1.        ] | Reward=-0.005 | Cum=+4.387 | Info={'shot_attempted': False, 'pass_attempted': False, 'goal_scored': False, 'goal_team': None, 'ball_out_by': None, 'has_ball': False, 'start_shot_bonus': False, 'start_pass_bonus': False, 'possession_lost': False}

[Step 136] Action=[ 0.          0.          1.          0.          0.9999985  -0.88322127
 -1.        ] | Reward=-0.005 | Cum=+4.382 | Info={'shot_attempted': False, 'pass_attempted': False, 'goal_scored': False, 'goal_team': None, 'ball_out_by': None, 'has_ball': False, 'start_shot_bonus': False, 'start_pass_bonus': False, 'possession_lost': False}

[Step 137] Action=[ 0.          0.          1.          0.          0.99999845 -0.8811844
 -1.        ] | Reward=-0.005 | Cum=+4.377 | Info={'shot_attempted': False, 'pass_attempted': False, 'goal_scored': False, 'goal_team': None, 'ball_out_by': None, 'has_ball': False, 'start_shot_bonus': False, 'start_pass_bonus': False, 'possession_lost': False}

[Step 138] Action=[ 0.          0.          1.          0.          0.9999984  -0.88080776
 -1.        ] | Reward=-0.005 | Cum=+4.372 | Info={'shot_attempted': False, 'pass_attempted': False, 'goal_scored': False, 'goal_team': None, 'ball_out_by': None, 'has_ball': False, 'start_shot_bonus': False, 'start_pass_bonus': False, 'possession_lost': False}

[Step 139] Action=[ 0.         0.         1.         0.         0.9999984 -0.8804307
 -1.       ] | Reward=-0.005 | Cum=+4.367 | Info={'shot_attempted': False, 'pass_attempted': False, 'goal_scored': False, 'goal_team': None, 'ball_out_by': None, 'has_ball': False, 'start_shot_bonus': False, 'start_pass_bonus': False, 'possession_lost': False}

[Step 140] Action=[ 0.         0.         1.         0.         0.9999984 -0.880053
 -1.       ] | Reward=-0.005 | Cum=+4.362 | Info={'shot_attempted': False, 'pass_attempted': False, 'goal_scored': False, 'goal_team': None, 'ball_out_by': None, 'has_ball': False, 'start_shot_bonus': False, 'start_pass_bonus': False, 'possession_lost': False}

[Step 141] Action=[ 0.          0.          1.          0.          0.99999833 -0.8796746
 -1.        ] | Reward=-0.005 | Cum=+4.357 | Info={'shot_attempted': False, 'pass_attempted': False, 'goal_scored': False, 'goal_team': None, 'ball_out_by': None, 'has_ball': False, 'start_shot_bonus': False, 'start_pass_bonus': False, 'possession_lost': False}

[Step 142] Action=[ 0.          0.          1.          0.          0.99999833 -0.8792959
 -1.        ] | Reward=-0.005 | Cum=+4.352 | Info={'shot_attempted': False, 'pass_attempted': False, 'goal_scored': False, 'goal_team': None, 'ball_out_by': None, 'has_ball': False, 'start_shot_bonus': False, 'start_pass_bonus': False, 'possession_lost': False}

[Step 143] Action=[ 0.          0.          1.          0.          0.99999833 -0.8789167
 -1.        ] | Reward=-0.005 | Cum=+4.347 | Info={'shot_attempted': False, 'pass_attempted': False, 'goal_scored': False, 'goal_team': None, 'ball_out_by': None, 'has_ball': False, 'start_shot_bonus': False, 'start_pass_bonus': False, 'possession_lost': False}

[Step 144] Action=[ 0.          0.          1.          0.          0.9999983  -0.87853664
 -1.        ] | Reward=-0.005 | Cum=+4.342 | Info={'shot_attempted': False, 'pass_attempted': False, 'goal_scored': False, 'goal_team': None, 'ball_out_by': None, 'has_ball': False, 'start_shot_bonus': False, 'start_pass_bonus': False, 'possession_lost': False}

[Step 145] Action=[ 0.         0.         1.         0.         0.9999983 -0.8781562
 -1.       ] | Reward=-0.005 | Cum=+4.337 | Info={'shot_attempted': False, 'pass_attempted': False, 'goal_scored': False, 'goal_team': None, 'ball_out_by': None, 'has_ball': False, 'start_shot_bonus': False, 'start_pass_bonus': False, 'possession_lost': False}

[Step 146] Action=[ 0.         0.         1.         0.         0.9999983 -0.8777752
 -1.       ] | Reward=-0.005 | Cum=+4.332 | Info={'shot_attempted': False, 'pass_attempted': False, 'goal_scored': False, 'goal_team': None, 'ball_out_by': None, 'has_ball': False, 'start_shot_bonus': False, 'start_pass_bonus': False, 'possession_lost': False}

[Step 147] Action=[ 0.         0.         1.         0.         0.9999982 -0.8773937
 -1.       ] | Reward=-0.005 | Cum=+4.327 | Info={'shot_attempted': False, 'pass_attempted': False, 'goal_scored': False, 'goal_team': None, 'ball_out_by': None, 'has_ball': False, 'start_shot_bonus': False, 'start_pass_bonus': False, 'possession_lost': False}

[Step 148] Action=[ 0.         0.         1.         0.         0.9999982 -0.8770118
 -1.       ] | Reward=-0.005 | Cum=+4.322 | Info={'shot_attempted': False, 'pass_attempted': False, 'goal_scored': False, 'goal_team': None, 'ball_out_by': None, 'has_ball': False, 'start_shot_bonus': False, 'start_pass_bonus': False, 'possession_lost': False}

[Step 149] Action=[ 0.          0.          1.          0.          0.9999982  -0.87662905
 -1.        ] | Reward=-0.005 | Cum=+4.317 | Info={'shot_attempted': False, 'pass_attempted': False, 'goal_scored': False, 'goal_team': None, 'ball_out_by': None, 'has_ball': False, 'start_shot_bonus': False, 'start_pass_bonus': False, 'possession_lost': False}

[Step 150] Action=[ 0.          0.          1.          0.          0.99999815 -0.8762459
 -1.        ] | Reward=-0.005 | Cum=+4.312 | Info={'shot_attempted': False, 'pass_attempted': False, 'goal_scored': False, 'goal_team': None, 'ball_out_by': None, 'has_ball': False, 'start_shot_bonus': False, 'start_pass_bonus': False, 'possession_lost': False}

[Step 151] Action=[ 0.          0.          1.          0.          0.99999815 -0.87586224
 -1.        ] | Reward=-0.005 | Cum=+4.307 | Info={'shot_attempted': False, 'pass_attempted': False, 'goal_scored': False, 'goal_team': None, 'ball_out_by': None, 'has_ball': False, 'start_shot_bonus': False, 'start_pass_bonus': False, 'possession_lost': False}

[Step 152] Action=[ 0.          0.          1.          0.          0.99999815 -0.8754781
 -1.        ] | Reward=-0.005 | Cum=+4.302 | Info={'shot_attempted': False, 'pass_attempted': False, 'goal_scored': False, 'goal_team': None, 'ball_out_by': None, 'has_ball': False, 'start_shot_bonus': False, 'start_pass_bonus': False, 'possession_lost': False}

[Step 153] Action=[ 0.          0.          1.          0.          0.9999981  -0.87509423
 -1.        ] | Reward=-0.005 | Cum=+4.297 | Info={'shot_attempted': False, 'pass_attempted': False, 'goal_scored': False, 'goal_team': None, 'ball_out_by': None, 'has_ball': False, 'start_shot_bonus': False, 'start_pass_bonus': False, 'possession_lost': False}

[Step 154] Action=[ 0.         0.         1.         0.         0.9999981 -0.8747246
 -1.       ] | Reward=-0.005 | Cum=+4.292 | Info={'shot_attempted': False, 'pass_attempted': False, 'goal_scored': False, 'goal_team': None, 'ball_out_by': None, 'has_ball': False, 'start_shot_bonus': False, 'start_pass_bonus': False, 'possession_lost': False}

[Step 155] Action=[ 0.          0.          1.          0.          0.99999803 -0.87435454
 -1.        ] | Reward=-0.005 | Cum=+4.287 | Info={'shot_attempted': False, 'pass_attempted': False, 'goal_scored': False, 'goal_team': None, 'ball_out_by': None, 'has_ball': False, 'start_shot_bonus': False, 'start_pass_bonus': False, 'possession_lost': False}

[Step 156] Action=[ 0.          0.          1.          0.          0.99999803 -0.873984
 -1.        ] | Reward=-0.005 | Cum=+4.282 | Info={'shot_attempted': False, 'pass_attempted': False, 'goal_scored': False, 'goal_team': None, 'ball_out_by': None, 'has_ball': False, 'start_shot_bonus': False, 'start_pass_bonus': False, 'possession_lost': False}

[Step 157] Action=[ 0.          0.          1.          0.          0.99999803 -0.8736166
 -1.        ] | Reward=-0.005 | Cum=+4.277 | Info={'shot_attempted': False, 'pass_attempted': False, 'goal_scored': False, 'goal_team': None, 'ball_out_by': None, 'has_ball': False, 'start_shot_bonus': False, 'start_pass_bonus': False, 'possession_lost': False}

[Step 158] Action=[ 0.        0.        1.        0.        0.999998 -0.873252 -1.      ] | Reward=-0.005 | Cum=+4.272 | Info={'shot_attempted': False, 'pass_attempted': False, 'goal_scored': False, 'goal_team': None, 'ball_out_by': None, 'has_ball': False, 'start_shot_bonus': False, 'start_pass_bonus': False, 'possession_lost': False}

[Step 159] Action=[ 0.        0.        1.        0.        0.999998 -0.872887 -1.      ] | Reward=-0.005 | Cum=+4.267 | Info={'shot_attempted': False, 'pass_attempted': False, 'goal_scored': False, 'goal_team': None, 'ball_out_by': None, 'has_ball': False, 'start_shot_bonus': False, 'start_pass_bonus': False, 'possession_lost': False}

[Step 160] Action=[ 0.         0.         1.         0.         0.999998  -0.8725216
 -1.       ] | Reward=-0.005 | Cum=+4.262 | Info={'shot_attempted': False, 'pass_attempted': False, 'goal_scored': False, 'goal_team': None, 'ball_out_by': None, 'has_ball': False, 'start_shot_bonus': False, 'start_pass_bonus': False, 'possession_lost': False}

[Step 161] Action=[ 0.         0.         1.         0.         0.9999979 -0.8721557
 -1.       ] | Reward=-0.005 | Cum=+4.257 | Info={'shot_attempted': False, 'pass_attempted': False, 'goal_scored': False, 'goal_team': None, 'ball_out_by': None, 'has_ball': False, 'start_shot_bonus': False, 'start_pass_bonus': False, 'possession_lost': False}

[Step 162] Action=[ 0.          0.          1.          0.          0.9999979  -0.87178946
 -1.        ] | Reward=-0.005 | Cum=+4.252 | Info={'shot_attempted': False, 'pass_attempted': False, 'goal_scored': False, 'goal_team': None, 'ball_out_by': None, 'has_ball': False, 'start_shot_bonus': False, 'start_pass_bonus': False, 'possession_lost': False}

[Step 163] Action=[ 0.          0.          1.          0.          0.99999785 -0.87142265
 -1.        ] | Reward=-0.005 | Cum=+4.247 | Info={'shot_attempted': False, 'pass_attempted': False, 'goal_scored': False, 'goal_team': None, 'ball_out_by': None, 'has_ball': False, 'start_shot_bonus': False, 'start_pass_bonus': False, 'possession_lost': False}

[Step 164] Action=[ 0.          0.          1.          0.          0.99999785 -0.8710556
 -1.        ] | Reward=-0.005 | Cum=+4.242 | Info={'shot_attempted': False, 'pass_attempted': False, 'goal_scored': False, 'goal_team': None, 'ball_out_by': None, 'has_ball': False, 'start_shot_bonus': False, 'start_pass_bonus': False, 'possession_lost': False}

[Step 165] Action=[ 0.          0.          1.          0.          0.99999785 -0.8706916
 -1.        ] | Reward=-0.005 | Cum=+4.237 | Info={'shot_attempted': False, 'pass_attempted': False, 'goal_scored': False, 'goal_team': None, 'ball_out_by': None, 'has_ball': False, 'start_shot_bonus': False, 'start_pass_bonus': False, 'possession_lost': False}

[Step 166] Action=[ 0.         0.         1.         0.         0.9999978 -0.870329
 -1.       ] | Reward=-0.005 | Cum=+4.232 | Info={'shot_attempted': False, 'pass_attempted': False, 'goal_scored': False, 'goal_team': None, 'ball_out_by': None, 'has_ball': False, 'start_shot_bonus': False, 'start_pass_bonus': False, 'possession_lost': False}

[Step 167] Action=[ 0.          0.          1.          0.          0.9999978  -0.86996627
 -1.        ] | Reward=-0.005 | Cum=+4.227 | Info={'shot_attempted': False, 'pass_attempted': False, 'goal_scored': False, 'goal_team': None, 'ball_out_by': None, 'has_ball': False, 'start_shot_bonus': False, 'start_pass_bonus': False, 'possession_lost': False}

[Step 168] Action=[ 0.          0.          1.          0.          0.99999774 -0.86960286
 -1.        ] | Reward=-0.005 | Cum=+4.222 | Info={'shot_attempted': False, 'pass_attempted': False, 'goal_scored': False, 'goal_team': None, 'ball_out_by': None, 'has_ball': False, 'start_shot_bonus': False, 'start_pass_bonus': False, 'possession_lost': False}

[Step 169] Action=[ 0.          0.          1.          0.          0.99999774 -0.86923915
 -1.        ] | Reward=-0.005 | Cum=+4.217 | Info={'shot_attempted': False, 'pass_attempted': False, 'goal_scored': False, 'goal_team': None, 'ball_out_by': None, 'has_ball': False, 'start_shot_bonus': False, 'start_pass_bonus': False, 'possession_lost': False}

[Step 170] Action=[ 0.          0.          1.          0.          0.99999774 -0.868875
 -1.        ] | Reward=-0.005 | Cum=+4.212 | Info={'shot_attempted': False, 'pass_attempted': False, 'goal_scored': False, 'goal_team': None, 'ball_out_by': None, 'has_ball': False, 'start_shot_bonus': False, 'start_pass_bonus': False, 'possession_lost': False}

[Step 171] Action=[ 0.         0.         1.         0.         0.9999977 -0.8685106
 -1.       ] | Reward=-0.005 | Cum=+4.208 | Info={'shot_attempted': False, 'pass_attempted': False, 'goal_scored': False, 'goal_team': None, 'ball_out_by': None, 'has_ball': False, 'start_shot_bonus': False, 'start_pass_bonus': False, 'possession_lost': False}

[Step 172] Action=[ 0.         0.         1.         0.         0.9999977 -0.8681457
 -1.       ] | Reward=-0.005 | Cum=+4.203 | Info={'shot_attempted': False, 'pass_attempted': False, 'goal_scored': False, 'goal_team': None, 'ball_out_by': None, 'has_ball': False, 'start_shot_bonus': False, 'start_pass_bonus': False, 'possession_lost': False}

[Step 173] Action=[ 0.         0.         1.         0.         0.9999976 -0.8677802
 -1.       ] | Reward=-0.005 | Cum=+4.198 | Info={'shot_attempted': False, 'pass_attempted': False, 'goal_scored': False, 'goal_team': None, 'ball_out_by': None, 'has_ball': False, 'start_shot_bonus': False, 'start_pass_bonus': False, 'possession_lost': False}

[Step 174] Action=[ 0.          0.          1.          0.          0.9999976  -0.86741465
 -1.        ] | Reward=-0.005 | Cum=+4.193 | Info={'shot_attempted': False, 'pass_attempted': False, 'goal_scored': False, 'goal_team': None, 'ball_out_by': None, 'has_ball': False, 'start_shot_bonus': False, 'start_pass_bonus': False, 'possession_lost': False}

[Step 175] Action=[ 0.         0.         1.         0.         0.9999976 -0.8670487
 -1.       ] | Reward=-0.005 | Cum=+4.188 | Info={'shot_attempted': False, 'pass_attempted': False, 'goal_scored': False, 'goal_team': None, 'ball_out_by': None, 'has_ball': False, 'start_shot_bonus': False, 'start_pass_bonus': False, 'possession_lost': False}

[Step 176] Action=[ 0.          0.          1.          0.          0.99999756 -0.86668366
 -1.        ] | Reward=-0.005 | Cum=+4.183 | Info={'shot_attempted': False, 'pass_attempted': False, 'goal_scored': False, 'goal_team': None, 'ball_out_by': None, 'has_ball': False, 'start_shot_bonus': False, 'start_pass_bonus': False, 'possession_lost': False}

[Step 177] Action=[ 0.          0.          1.          0.          0.99999756 -0.86631703
 -1.        ] | Reward=-0.005 | Cum=+4.179 | Info={'shot_attempted': False, 'pass_attempted': False, 'goal_scored': False, 'goal_team': None, 'ball_out_by': None, 'has_ball': False, 'start_shot_bonus': False, 'start_pass_bonus': False, 'possession_lost': False}

[Step 178] Action=[ 0.         0.         1.         0.         0.9999975 -0.8659492
 -1.       ] | Reward=-0.005 | Cum=+4.174 | Info={'shot_attempted': False, 'pass_attempted': False, 'goal_scored': False, 'goal_team': None, 'ball_out_by': None, 'has_ball': False, 'start_shot_bonus': False, 'start_pass_bonus': False, 'possession_lost': False}

[Step 179] Action=[ 0.          0.          1.          0.          0.9999975  -0.86558104
 -1.        ] | Reward=-0.005 | Cum=+4.169 | Info={'shot_attempted': False, 'pass_attempted': False, 'goal_scored': False, 'goal_team': None, 'ball_out_by': None, 'has_ball': False, 'start_shot_bonus': False, 'start_pass_bonus': False, 'possession_lost': False}

[Step 180] Action=[ 0.          0.          1.          0.          0.99999744 -0.86521244
 -1.        ] | Reward=-0.005 | Cum=+4.165 | Info={'shot_attempted': False, 'pass_attempted': False, 'goal_scored': False, 'goal_team': None, 'ball_out_by': None, 'has_ball': False, 'start_shot_bonus': False, 'start_pass_bonus': False, 'possession_lost': False}

[Step 181] Action=[ 0.          0.          1.          0.          0.99999744 -0.86484337
 -1.        ] | Reward=-0.005 | Cum=+4.160 | Info={'shot_attempted': False, 'pass_attempted': False, 'goal_scored': False, 'goal_team': None, 'ball_out_by': None, 'has_ball': False, 'start_shot_bonus': False, 'start_pass_bonus': False, 'possession_lost': False}

[Step 182] Action=[ 0.          0.          1.          0.          0.9999974  -0.86447406
 -1.        ] | Reward=-0.005 | Cum=+4.155 | Info={'shot_attempted': False, 'pass_attempted': False, 'goal_scored': False, 'goal_team': None, 'ball_out_by': None, 'has_ball': False, 'start_shot_bonus': False, 'start_pass_bonus': False, 'possession_lost': False}

[Step 183] Action=[ 0.         0.         1.         0.         0.9999974 -0.8641042
 -1.       ] | Reward=-0.004 | Cum=+4.151 | Info={'shot_attempted': False, 'pass_attempted': False, 'goal_scored': False, 'goal_team': None, 'ball_out_by': None, 'has_ball': False, 'start_shot_bonus': False, 'start_pass_bonus': False, 'possession_lost': False}

[Step 184] Action=[ 0.         0.         1.         0.         0.9999974 -0.8637341
 -1.       ] | Reward=-0.004 | Cum=+4.147 | Info={'shot_attempted': False, 'pass_attempted': False, 'goal_scored': False, 'goal_team': None, 'ball_out_by': None, 'has_ball': False, 'start_shot_bonus': False, 'start_pass_bonus': False, 'possession_lost': False}

[Step 185] Action=[ 0.         0.         1.         0.         0.9999973 -0.8633636
 -1.       ] | Reward=-0.004 | Cum=+4.142 | Info={'shot_attempted': False, 'pass_attempted': False, 'goal_scored': False, 'goal_team': None, 'ball_out_by': None, 'has_ball': False, 'start_shot_bonus': False, 'start_pass_bonus': False, 'possession_lost': False}

[Step 186] Action=[ 0.         0.         1.         0.         0.9999973 -0.8629926
 -1.       ] | Reward=-0.004 | Cum=+4.138 | Info={'shot_attempted': False, 'pass_attempted': False, 'goal_scored': False, 'goal_team': None, 'ball_out_by': None, 'has_ball': False, 'start_shot_bonus': False, 'start_pass_bonus': False, 'possession_lost': False}

[Step 187] Action=[ 0.          0.          1.          0.          0.99999726 -0.8626215
 -1.        ] | Reward=-0.004 | Cum=+4.134 | Info={'shot_attempted': False, 'pass_attempted': False, 'goal_scored': False, 'goal_team': None, 'ball_out_by': None, 'has_ball': False, 'start_shot_bonus': False, 'start_pass_bonus': False, 'possession_lost': False}

[Step 188] Action=[ 0.          0.          1.          0.          0.99999726 -0.8622497
 -1.        ] | Reward=-0.004 | Cum=+4.130 | Info={'shot_attempted': False, 'pass_attempted': False, 'goal_scored': False, 'goal_team': None, 'ball_out_by': None, 'has_ball': False, 'start_shot_bonus': False, 'start_pass_bonus': False, 'possession_lost': False}

[Step 189] Action=[ 0.          0.          1.          0.          0.9999972  -0.86187774
 -1.        ] | Reward=-0.004 | Cum=+4.127 | Info={'shot_attempted': False, 'pass_attempted': False, 'goal_scored': False, 'goal_team': None, 'ball_out_by': None, 'has_ball': False, 'start_shot_bonus': False, 'start_pass_bonus': False, 'possession_lost': False}

[Step 190] Action=[ 0.          0.          1.          0.          0.9999972  -0.86150545
 -1.        ] | Reward=-0.004 | Cum=+4.123 | Info={'shot_attempted': False, 'pass_attempted': False, 'goal_scored': False, 'goal_team': None, 'ball_out_by': None, 'has_ball': False, 'start_shot_bonus': False, 'start_pass_bonus': False, 'possession_lost': False}

[Step 191] Action=[ 0.          0.          1.          0.          0.99999714 -0.86113274
 -1.        ] | Reward=-0.003 | Cum=+4.120 | Info={'shot_attempted': False, 'pass_attempted': False, 'goal_scored': False, 'goal_team': None, 'ball_out_by': None, 'has_ball': False, 'start_shot_bonus': False, 'start_pass_bonus': False, 'possession_lost': False}

[Step 192] Action=[ 0.          0.          1.          0.          0.99999714 -0.8607596
 -1.        ] | Reward=-0.003 | Cum=+4.117 | Info={'shot_attempted': False, 'pass_attempted': False, 'goal_scored': False, 'goal_team': None, 'ball_out_by': None, 'has_ball': False, 'start_shot_bonus': False, 'start_pass_bonus': False, 'possession_lost': False}

[Step 193] Action=[ 0.         0.         1.         0.         0.9999971 -0.860386
 -1.       ] | Reward=-0.003 | Cum=+4.114 | Info={'shot_attempted': False, 'pass_attempted': False, 'goal_scored': False, 'goal_team': None, 'ball_out_by': None, 'has_ball': False, 'start_shot_bonus': False, 'start_pass_bonus': False, 'possession_lost': False}

[Step 194] Action=[ 0.         0.         1.         0.         0.9999971 -0.8600122
 -1.       ] | Reward=-0.003 | Cum=+4.111 | Info={'shot_attempted': False, 'pass_attempted': False, 'goal_scored': False, 'goal_team': None, 'ball_out_by': None, 'has_ball': False, 'start_shot_bonus': False, 'start_pass_bonus': False, 'possession_lost': False}

[Step 195] Action=[ 0.        0.        1.        0.        0.999997 -0.859638 -1.      ] | Reward=-0.002 | Cum=+4.109 | Info={'shot_attempted': False, 'pass_attempted': False, 'goal_scored': False, 'goal_team': None, 'ball_out_by': None, 'has_ball': False, 'start_shot_bonus': False, 'start_pass_bonus': False, 'possession_lost': False}

[Step 196] Action=[ 0.        0.        1.        0.        0.999997 -0.85927  -1.      ] | Reward=-0.002 | Cum=+4.107 | Info={'shot_attempted': False, 'pass_attempted': False, 'goal_scored': False, 'goal_team': None, 'ball_out_by': None, 'has_ball': False, 'start_shot_bonus': False, 'start_pass_bonus': False, 'possession_lost': False}

[Step 197] Action=[ 0.          0.          1.          0.          0.99999696 -0.85890156
 -1.        ] | Reward=-0.002 | Cum=+4.105 | Info={'shot_attempted': False, 'pass_attempted': False, 'goal_scored': False, 'goal_team': None, 'ball_out_by': None, 'has_ball': False, 'start_shot_bonus': False, 'start_pass_bonus': False, 'possession_lost': False}

[Step 198] Action=[ 0.          0.          1.          0.          0.99999696 -0.85853285
 -1.        ] | Reward=-0.001 | Cum=+4.104 | Info={'shot_attempted': False, 'pass_attempted': False, 'goal_scored': False, 'goal_team': None, 'ball_out_by': None, 'has_ball': False, 'start_shot_bonus': False, 'start_pass_bonus': False, 'possession_lost': False}

[Step 199] Action=[ 0.         0.         1.         0.         0.9999969 -0.8581639
 -1.       ] | Reward=-0.001 | Cum=+4.104 | Info={'shot_attempted': False, 'pass_attempted': False, 'goal_scored': False, 'goal_team': None, 'ball_out_by': None, 'has_ball': False, 'start_shot_bonus': False, 'start_pass_bonus': False, 'possession_lost': False}

[Step 200] Action=[ 0.         0.         1.         0.         0.9999969 -0.8577946
 -1.       ] | Reward=-0.000 | Cum=+4.103 | Info={'shot_attempted': False, 'pass_attempted': False, 'goal_scored': False, 'goal_team': None, 'ball_out_by': None, 'has_ball': False, 'start_shot_bonus': False, 'start_pass_bonus': False, 'possession_lost': False}

[Step 201] Action=[ 0.          0.          1.          0.          0.99999684 -0.8574247
 -1.        ] | Reward=+0.000 | Cum=+4.103 | Info={'shot_attempted': False, 'pass_attempted': False, 'goal_scored': False, 'goal_team': None, 'ball_out_by': None, 'has_ball': False, 'start_shot_bonus': False, 'start_pass_bonus': False, 'possession_lost': False}

[Step 202] Action=[ 0.          0.          1.          0.          0.99999684 -0.85705465
 -1.        ] | Reward=+0.001 | Cum=+4.104 | Info={'shot_attempted': False, 'pass_attempted': False, 'goal_scored': False, 'goal_team': None, 'ball_out_by': None, 'has_ball': False, 'start_shot_bonus': False, 'start_pass_bonus': False, 'possession_lost': False}

[Step 203] Action=[ 0.         0.         1.         0.         0.9999968 -0.8566842
 -1.       ] | Reward=+0.001 | Cum=+4.105 | Info={'shot_attempted': False, 'pass_attempted': False, 'goal_scored': False, 'goal_team': None, 'ball_out_by': None, 'has_ball': False, 'start_shot_bonus': False, 'start_pass_bonus': False, 'possession_lost': False}

[Step 204] Action=[ 0.          0.          1.          0.          0.9999967  -0.85631365
 -1.        ] | Reward=+0.002 | Cum=+4.107 | Info={'shot_attempted': False, 'pass_attempted': False, 'goal_scored': False, 'goal_team': None, 'ball_out_by': None, 'has_ball': False, 'start_shot_bonus': False, 'start_pass_bonus': False, 'possession_lost': False}

[Step 205] Action=[ 0.         0.         1.         0.         0.9999967 -0.8559426
 -1.       ] | Reward=+0.002 | Cum=+4.110 | Info={'shot_attempted': False, 'pass_attempted': False, 'goal_scored': False, 'goal_team': None, 'ball_out_by': None, 'has_ball': False, 'start_shot_bonus': False, 'start_pass_bonus': False, 'possession_lost': False}

[Step 206] Action=[ 0.          0.          1.          0.          0.99999666 -0.8555711
 -1.        ] | Reward=+0.003 | Cum=+4.112 | Info={'shot_attempted': False, 'pass_attempted': False, 'goal_scored': False, 'goal_team': None, 'ball_out_by': None, 'has_ball': False, 'start_shot_bonus': False, 'start_pass_bonus': False, 'possession_lost': False}

[Step 207] Action=[ 0.          0.          1.          0.          0.99999666 -0.8551995
 -1.        ] | Reward=+0.003 | Cum=+4.115 | Info={'shot_attempted': False, 'pass_attempted': False, 'goal_scored': False, 'goal_team': None, 'ball_out_by': None, 'has_ball': False, 'start_shot_bonus': False, 'start_pass_bonus': False, 'possession_lost': False}

[Step 208] Action=[ 0.          0.          1.          0.          0.9999966  -0.85482746
 -1.        ] | Reward=+0.003 | Cum=+4.119 | Info={'shot_attempted': False, 'pass_attempted': False, 'goal_scored': False, 'goal_team': None, 'ball_out_by': None, 'has_ball': False, 'start_shot_bonus': False, 'start_pass_bonus': False, 'possession_lost': False}

[Step 209] Action=[ 0.          0.          1.          0.          0.9999966  -0.85445505
 -1.        ] | Reward=+0.004 | Cum=+4.123 | Info={'shot_attempted': False, 'pass_attempted': False, 'goal_scored': False, 'goal_team': None, 'ball_out_by': None, 'has_ball': False, 'start_shot_bonus': False, 'start_pass_bonus': False, 'possession_lost': False}

[Step 210] Action=[ 0.          0.          1.          0.          0.99999654 -0.8540823
 -1.        ] | Reward=+0.004 | Cum=+4.127 | Info={'shot_attempted': False, 'pass_attempted': False, 'goal_scored': False, 'goal_team': None, 'ball_out_by': None, 'has_ball': False, 'start_shot_bonus': False, 'start_pass_bonus': False, 'possession_lost': False}

[Step 211] Action=[ 0.          0.          1.          0.          0.99999654 -0.8537094
 -1.        ] | Reward=+0.004 | Cum=+4.131 | Info={'shot_attempted': False, 'pass_attempted': False, 'goal_scored': False, 'goal_team': None, 'ball_out_by': None, 'has_ball': False, 'start_shot_bonus': False, 'start_pass_bonus': False, 'possession_lost': False}

[Step 212] Action=[ 0.          0.          1.          0.          0.9999965  -0.85333616
 -1.        ] | Reward=+0.004 | Cum=+4.134 | Info={'shot_attempted': False, 'pass_attempted': False, 'goal_scored': False, 'goal_team': None, 'ball_out_by': None, 'has_ball': False, 'start_shot_bonus': False, 'start_pass_bonus': False, 'possession_lost': False}

[Step 213] Action=[ 0.         0.         1.         0.         0.9999964 -0.8529626
 -1.       ] | Reward=+0.004 | Cum=+4.138 | Info={'shot_attempted': False, 'pass_attempted': False, 'goal_scored': False, 'goal_team': None, 'ball_out_by': None, 'has_ball': False, 'start_shot_bonus': False, 'start_pass_bonus': False, 'possession_lost': False}

[Step 214] Action=[ 0.          0.          1.          0.          0.9999964  -0.85258865
 -1.        ] | Reward=+0.004 | Cum=+4.142 | Info={'shot_attempted': False, 'pass_attempted': False, 'goal_scored': False, 'goal_team': None, 'ball_out_by': None, 'has_ball': False, 'start_shot_bonus': False, 'start_pass_bonus': False, 'possession_lost': False}

[Step 215] Action=[ 0.          0.          1.          0.          0.99999636 -0.85221446
 -1.        ] | Reward=+0.003 | Cum=+4.145 | Info={'shot_attempted': False, 'pass_attempted': False, 'goal_scored': False, 'goal_team': None, 'ball_out_by': None, 'has_ball': False, 'start_shot_bonus': False, 'start_pass_bonus': False, 'possession_lost': False}

[Step 216] Action=[ 0.          0.          1.          0.          0.99999636 -0.85183996
 -1.        ] | Reward=+0.003 | Cum=+4.148 | Info={'shot_attempted': False, 'pass_attempted': False, 'goal_scored': False, 'goal_team': None, 'ball_out_by': None, 'has_ball': False, 'start_shot_bonus': False, 'start_pass_bonus': False, 'possession_lost': False}

[Step 217] Action=[ 0.         0.         1.         0.         0.9999963 -0.8514651
 -1.       ] | Reward=+0.002 | Cum=+4.150 | Info={'shot_attempted': False, 'pass_attempted': False, 'goal_scored': False, 'goal_team': None, 'ball_out_by': None, 'has_ball': False, 'start_shot_bonus': False, 'start_pass_bonus': False, 'possession_lost': False}

[Step 218] Action=[ 0.          0.          1.          0.          0.99999624 -0.85108995
 -1.        ] | Reward=+0.002 | Cum=+4.152 | Info={'shot_attempted': False, 'pass_attempted': False, 'goal_scored': False, 'goal_team': None, 'ball_out_by': None, 'has_ball': False, 'start_shot_bonus': False, 'start_pass_bonus': False, 'possession_lost': False}

[Step 219] Action=[ 0.          0.          1.          0.          0.99999624 -0.85071456
 -1.        ] | Reward=+0.001 | Cum=+4.153 | Info={'shot_attempted': False, 'pass_attempted': False, 'goal_scored': False, 'goal_team': None, 'ball_out_by': None, 'has_ball': False, 'start_shot_bonus': False, 'start_pass_bonus': False, 'possession_lost': False}

[Step 220] Action=[ 0.         0.         1.         0.         0.9999962 -0.8503386
 -1.       ] | Reward=+0.001 | Cum=+4.154 | Info={'shot_attempted': False, 'pass_attempted': False, 'goal_scored': False, 'goal_team': None, 'ball_out_by': None, 'has_ball': False, 'start_shot_bonus': False, 'start_pass_bonus': False, 'possession_lost': False}

[Step 221] Action=[ 0.          0.          1.          0.          0.9999962  -0.84996265
 -1.        ] | Reward=+0.000 | Cum=+4.154 | Info={'shot_attempted': False, 'pass_attempted': False, 'goal_scored': False, 'goal_team': None, 'ball_out_by': None, 'has_ball': False, 'start_shot_bonus': False, 'start_pass_bonus': False, 'possession_lost': False}

[Step 222] Action=[ 0.         0.         1.         0.         0.9999961 -0.8495863
 -1.       ] | Reward=-0.000 | Cum=+4.154 | Info={'shot_attempted': False, 'pass_attempted': False, 'goal_scored': False, 'goal_team': None, 'ball_out_by': None, 'has_ball': False, 'start_shot_bonus': False, 'start_pass_bonus': False, 'possession_lost': False}

[Step 223] Action=[ 0.          0.          1.          0.          0.99999607 -0.84920955
 -1.        ] | Reward=-0.001 | Cum=+4.154 | Info={'shot_attempted': False, 'pass_attempted': False, 'goal_scored': False, 'goal_team': None, 'ball_out_by': None, 'has_ball': False, 'start_shot_bonus': False, 'start_pass_bonus': False, 'possession_lost': False}

[Step 224] Action=[ 0.          0.          1.          0.          0.99999607 -0.8488326
 -1.        ] | Reward=-0.001 | Cum=+4.153 | Info={'shot_attempted': False, 'pass_attempted': False, 'goal_scored': False, 'goal_team': None, 'ball_out_by': None, 'has_ball': False, 'start_shot_bonus': False, 'start_pass_bonus': False, 'possession_lost': False}

[Step 225] Action=[ 0.         0.         1.         0.         0.999996  -0.8484553
 -1.       ] | Reward=-0.001 | Cum=+4.151 | Info={'shot_attempted': False, 'pass_attempted': False, 'goal_scored': False, 'goal_team': None, 'ball_out_by': None, 'has_ball': False, 'start_shot_bonus': False, 'start_pass_bonus': False, 'possession_lost': False}

[Step 226] Action=[ 0.          0.          1.          0.          0.99999595 -0.8480778
 -1.        ] | Reward=-0.002 | Cum=+4.150 | Info={'shot_attempted': False, 'pass_attempted': False, 'goal_scored': False, 'goal_team': None, 'ball_out_by': None, 'has_ball': False, 'start_shot_bonus': False, 'start_pass_bonus': False, 'possession_lost': False}

[Step 227] Action=[ 0.          0.          1.          0.          0.99999595 -0.84769994
 -1.        ] | Reward=-0.002 | Cum=+4.147 | Info={'shot_attempted': False, 'pass_attempted': False, 'goal_scored': False, 'goal_team': None, 'ball_out_by': None, 'has_ball': False, 'start_shot_bonus': False, 'start_pass_bonus': False, 'possession_lost': False}

[Step 228] Action=[ 0.          0.          1.          0.          0.9999959  -0.84732175
 -1.        ] | Reward=-0.002 | Cum=+4.145 | Info={'shot_attempted': False, 'pass_attempted': False, 'goal_scored': False, 'goal_team': None, 'ball_out_by': None, 'has_ball': False, 'start_shot_bonus': False, 'start_pass_bonus': False, 'possession_lost': False}

[Step 229] Action=[ 0.         0.         1.         0.         0.9999958 -0.8469434
 -1.       ] | Reward=-0.003 | Cum=+4.142 | Info={'shot_attempted': False, 'pass_attempted': False, 'goal_scored': False, 'goal_team': None, 'ball_out_by': None, 'has_ball': False, 'start_shot_bonus': False, 'start_pass_bonus': False, 'possession_lost': False}

[Step 230] Action=[ 0.         0.         1.         0.         0.9999958 -0.8465645
 -1.       ] | Reward=-0.003 | Cum=+4.139 | Info={'shot_attempted': False, 'pass_attempted': False, 'goal_scored': False, 'goal_team': None, 'ball_out_by': None, 'has_ball': False, 'start_shot_bonus': False, 'start_pass_bonus': False, 'possession_lost': False}

[Step 231] Action=[ 0.          0.          1.          0.          0.99999577 -0.84618556
 -1.        ] | Reward=-0.003 | Cum=+4.136 | Info={'shot_attempted': False, 'pass_attempted': False, 'goal_scored': False, 'goal_team': None, 'ball_out_by': None, 'has_ball': False, 'start_shot_bonus': False, 'start_pass_bonus': False, 'possession_lost': False}

[Step 232] Action=[ 0.         0.         1.         0.         0.9999957 -0.8458063
 -1.       ] | Reward=-0.003 | Cum=+4.133 | Info={'shot_attempted': False, 'pass_attempted': False, 'goal_scored': False, 'goal_team': None, 'ball_out_by': None, 'has_ball': False, 'start_shot_bonus': False, 'start_pass_bonus': False, 'possession_lost': False}

[Step 233] Action=[ 0.         0.         1.         0.         0.9999957 -0.8454271
 -1.       ] | Reward=-0.004 | Cum=+4.129 | Info={'shot_attempted': False, 'pass_attempted': False, 'goal_scored': False, 'goal_team': None, 'ball_out_by': None, 'has_ball': False, 'start_shot_bonus': False, 'start_pass_bonus': False, 'possession_lost': False}

[Step 234] Action=[ 0.          0.          1.          0.          0.99999565 -0.8450634
 -1.        ] | Reward=-0.004 | Cum=+4.125 | Info={'shot_attempted': False, 'pass_attempted': False, 'goal_scored': False, 'goal_team': None, 'ball_out_by': None, 'has_ball': False, 'start_shot_bonus': False, 'start_pass_bonus': False, 'possession_lost': False}

[Step 235] Action=[ 0.         0.         1.         0.         0.9999956 -0.8446999
 -1.       ] | Reward=-0.004 | Cum=+4.122 | Info={'shot_attempted': False, 'pass_attempted': False, 'goal_scored': False, 'goal_team': None, 'ball_out_by': None, 'has_ball': False, 'start_shot_bonus': False, 'start_pass_bonus': False, 'possession_lost': False}

[Step 236] Action=[ 0.          0.          1.          0.          0.9999956  -0.84433603
 -1.        ] | Reward=-0.004 | Cum=+4.118 | Info={'shot_attempted': False, 'pass_attempted': False, 'goal_scored': False, 'goal_team': None, 'ball_out_by': None, 'has_ball': False, 'start_shot_bonus': False, 'start_pass_bonus': False, 'possession_lost': False}

[Step 237] Action=[ 0.          0.          1.          0.          0.9999955  -0.84397185
 -1.        ] | Reward=-0.004 | Cum=+4.113 | Info={'shot_attempted': False, 'pass_attempted': False, 'goal_scored': False, 'goal_team': None, 'ball_out_by': None, 'has_ball': False, 'start_shot_bonus': False, 'start_pass_bonus': False, 'possession_lost': False}

[Step 238] Action=[ 0.          0.          1.          0.          0.99999547 -0.84360737
 -1.        ] | Reward=-0.004 | Cum=+4.109 | Info={'shot_attempted': False, 'pass_attempted': False, 'goal_scored': False, 'goal_team': None, 'ball_out_by': None, 'has_ball': False, 'start_shot_bonus': False, 'start_pass_bonus': False, 'possession_lost': False}

[Step 239] Action=[ 0.          0.          1.          0.          0.99999547 -0.8432428
 -1.        ] | Reward=-0.004 | Cum=+4.105 | Info={'shot_attempted': False, 'pass_attempted': False, 'goal_scored': False, 'goal_team': None, 'ball_out_by': None, 'has_ball': False, 'start_shot_bonus': False, 'start_pass_bonus': False, 'possession_lost': False}

[Step 240] Action=[ 0.         0.         1.         0.         0.9999954 -0.8428781
 -1.       ] | Reward=-0.004 | Cum=+4.100 | Info={'shot_attempted': False, 'pass_attempted': False, 'goal_scored': False, 'goal_team': None, 'ball_out_by': None, 'has_ball': False, 'start_shot_bonus': False, 'start_pass_bonus': False, 'possession_lost': False}

[Step 241] Action=[ 0.          0.          1.          0.          0.99999535 -0.842513
 -1.        ] | Reward=-0.004 | Cum=+4.096 | Info={'shot_attempted': False, 'pass_attempted': False, 'goal_scored': False, 'goal_team': None, 'ball_out_by': None, 'has_ball': False, 'start_shot_bonus': False, 'start_pass_bonus': False, 'possession_lost': False}

[Step 242] Action=[ 0.          0.          1.          0.          0.99999535 -0.8421477
 -1.        ] | Reward=-0.005 | Cum=+4.091 | Info={'shot_attempted': False, 'pass_attempted': False, 'goal_scored': False, 'goal_team': None, 'ball_out_by': None, 'has_ball': False, 'start_shot_bonus': False, 'start_pass_bonus': False, 'possession_lost': False}

[Step 243] Action=[ 0.         0.         1.         0.         0.9999953 -0.8417823
 -1.       ] | Reward=-0.005 | Cum=+4.087 | Info={'shot_attempted': False, 'pass_attempted': False, 'goal_scored': False, 'goal_team': None, 'ball_out_by': None, 'has_ball': False, 'start_shot_bonus': False, 'start_pass_bonus': False, 'possession_lost': False}

[Step 244] Action=[ 0.          0.          1.          0.          0.99999523 -0.8414166
 -1.        ] | Reward=-0.005 | Cum=+4.082 | Info={'shot_attempted': False, 'pass_attempted': False, 'goal_scored': False, 'goal_team': None, 'ball_out_by': None, 'has_ball': False, 'start_shot_bonus': False, 'start_pass_bonus': False, 'possession_lost': False}

[Step 245] Action=[ 0.         0.         1.         0.         0.9999952 -0.8410507
 -1.       ] | Reward=-0.005 | Cum=+4.077 | Info={'shot_attempted': False, 'pass_attempted': False, 'goal_scored': False, 'goal_team': None, 'ball_out_by': None, 'has_ball': False, 'start_shot_bonus': False, 'start_pass_bonus': False, 'possession_lost': False}

[Step 246] Action=[ 0.         0.         1.         0.         0.9999952 -0.8406846
 -1.       ] | Reward=-0.005 | Cum=+4.073 | Info={'shot_attempted': False, 'pass_attempted': False, 'goal_scored': False, 'goal_team': None, 'ball_out_by': None, 'has_ball': False, 'start_shot_bonus': False, 'start_pass_bonus': False, 'possession_lost': False}

[Step 247] Action=[ 0.          0.          1.          0.          0.9999951  -0.84031814
 -1.        ] | Reward=-0.005 | Cum=+4.068 | Info={'shot_attempted': False, 'pass_attempted': False, 'goal_scored': False, 'goal_team': None, 'ball_out_by': None, 'has_ball': False, 'start_shot_bonus': False, 'start_pass_bonus': False, 'possession_lost': False}

[Step 248] Action=[ 0.          0.          1.          0.          0.99999505 -0.8399516
 -1.        ] | Reward=-0.005 | Cum=+4.063 | Info={'shot_attempted': False, 'pass_attempted': False, 'goal_scored': False, 'goal_team': None, 'ball_out_by': None, 'has_ball': False, 'start_shot_bonus': False, 'start_pass_bonus': False, 'possession_lost': False}

[Step 249] Action=[ 0.         0.         1.         0.         0.999995  -0.8395847
 -1.       ] | Reward=-0.005 | Cum=+4.058 | Info={'shot_attempted': False, 'pass_attempted': False, 'goal_scored': False, 'goal_team': None, 'ball_out_by': None, 'has_ball': False, 'start_shot_bonus': False, 'start_pass_bonus': False, 'possession_lost': False}

[Step 250] Action=[ 0.          0.          1.          0.          0.999995   -0.83921766
 -1.        ] | Reward=-0.005 | Cum=+4.053 | Info={'shot_attempted': False, 'pass_attempted': False, 'goal_scored': False, 'goal_team': None, 'ball_out_by': None, 'has_ball': False, 'start_shot_bonus': False, 'start_pass_bonus': False, 'possession_lost': False}

[Step 251] Action=[ 0.          0.          1.          0.          0.99999493 -0.83885056
 -1.        ] | Reward=-0.005 | Cum=+4.049 | Info={'shot_attempted': False, 'pass_attempted': False, 'goal_scored': False, 'goal_team': None, 'ball_out_by': None, 'has_ball': False, 'start_shot_bonus': False, 'start_pass_bonus': False, 'possession_lost': False}

[Step 252] Action=[ 0.          0.          1.          0.          0.9999949  -0.83848304
 -1.        ] | Reward=-0.005 | Cum=+4.044 | Info={'shot_attempted': False, 'pass_attempted': False, 'goal_scored': False, 'goal_team': None, 'ball_out_by': None, 'has_ball': False, 'start_shot_bonus': False, 'start_pass_bonus': False, 'possession_lost': False}

[Step 253] Action=[ 0.         0.         1.         0.         0.9999948 -0.8381153
 -1.       ] | Reward=-0.005 | Cum=+4.039 | Info={'shot_attempted': False, 'pass_attempted': False, 'goal_scored': False, 'goal_team': None, 'ball_out_by': None, 'has_ball': False, 'start_shot_bonus': False, 'start_pass_bonus': False, 'possession_lost': False}

[Step 254] Action=[ 0.          0.          1.          0.          0.9999948  -0.83774745
 -1.        ] | Reward=-0.005 | Cum=+4.034 | Info={'shot_attempted': False, 'pass_attempted': False, 'goal_scored': False, 'goal_team': None, 'ball_out_by': None, 'has_ball': False, 'start_shot_bonus': False, 'start_pass_bonus': False, 'possession_lost': False}

[Step 255] Action=[ 0.          0.          1.          0.          0.99999475 -0.8373794
 -1.        ] | Reward=-0.005 | Cum=+4.029 | Info={'shot_attempted': False, 'pass_attempted': False, 'goal_scored': False, 'goal_team': None, 'ball_out_by': None, 'has_ball': False, 'start_shot_bonus': False, 'start_pass_bonus': False, 'possession_lost': False}

[Step 256] Action=[ 0.         0.         1.         0.         0.9999947 -0.8370149
 -1.       ] | Reward=-0.005 | Cum=+4.024 | Info={'shot_attempted': False, 'pass_attempted': False, 'goal_scored': False, 'goal_team': None, 'ball_out_by': None, 'has_ball': False, 'start_shot_bonus': False, 'start_pass_bonus': False, 'possession_lost': False}

[Step 257] Action=[ 0.          0.          1.          0.          0.99999464 -0.8366547
 -1.        ] | Reward=-0.005 | Cum=+4.019 | Info={'shot_attempted': False, 'pass_attempted': False, 'goal_scored': False, 'goal_team': None, 'ball_out_by': None, 'has_ball': False, 'start_shot_bonus': False, 'start_pass_bonus': False, 'possession_lost': False}

[Step 258] Action=[ 0.          0.          1.          0.          0.99999464 -0.8362944
 -1.        ] | Reward=-0.005 | Cum=+4.014 | Info={'shot_attempted': False, 'pass_attempted': False, 'goal_scored': False, 'goal_team': None, 'ball_out_by': None, 'has_ball': False, 'start_shot_bonus': False, 'start_pass_bonus': False, 'possession_lost': False}

[Step 259] Action=[ 0.         0.         1.         0.         0.9999946 -0.835934
 -1.       ] | Reward=-0.005 | Cum=+4.009 | Info={'shot_attempted': False, 'pass_attempted': False, 'goal_scored': False, 'goal_team': None, 'ball_out_by': None, 'has_ball': False, 'start_shot_bonus': False, 'start_pass_bonus': False, 'possession_lost': False}

[Step 260] Action=[ 0.         0.         1.         0.         0.9999945 -0.8355732
 -1.       ] | Reward=-0.005 | Cum=+4.004 | Info={'shot_attempted': False, 'pass_attempted': False, 'goal_scored': False, 'goal_team': None, 'ball_out_by': None, 'has_ball': False, 'start_shot_bonus': False, 'start_pass_bonus': False, 'possession_lost': False}

[Step 261] Action=[ 0.          0.          1.          0.          0.99999446 -0.83521247
 -1.        ] | Reward=-0.005 | Cum=+3.999 | Info={'shot_attempted': False, 'pass_attempted': False, 'goal_scored': False, 'goal_team': None, 'ball_out_by': None, 'has_ball': False, 'start_shot_bonus': False, 'start_pass_bonus': False, 'possession_lost': False}

[Step 262] Action=[ 0.          0.          1.          0.          0.9999944  -0.83485115
 -1.        ] | Reward=-0.005 | Cum=+3.994 | Info={'shot_attempted': False, 'pass_attempted': False, 'goal_scored': False, 'goal_team': None, 'ball_out_by': None, 'has_ball': False, 'start_shot_bonus': False, 'start_pass_bonus': False, 'possession_lost': False}

[Step 263] Action=[ 0.         0.         1.         0.         0.9999944 -0.8344901
 -1.       ] | Reward=-0.005 | Cum=+3.989 | Info={'shot_attempted': False, 'pass_attempted': False, 'goal_scored': False, 'goal_team': None, 'ball_out_by': None, 'has_ball': False, 'start_shot_bonus': False, 'start_pass_bonus': False, 'possession_lost': False}

[Step 264] Action=[ 0.          0.          1.          0.          0.99999434 -0.83412874
 -1.        ] | Reward=-0.005 | Cum=+3.984 | Info={'shot_attempted': False, 'pass_attempted': False, 'goal_scored': False, 'goal_team': None, 'ball_out_by': None, 'has_ball': False, 'start_shot_bonus': False, 'start_pass_bonus': False, 'possession_lost': False}

[Step 265] Action=[ 0.         0.         1.         0.         0.9999943 -0.8337672
 -1.       ] | Reward=-0.005 | Cum=+3.979 | Info={'shot_attempted': False, 'pass_attempted': False, 'goal_scored': False, 'goal_team': None, 'ball_out_by': None, 'has_ball': False, 'start_shot_bonus': False, 'start_pass_bonus': False, 'possession_lost': False}

[Step 266] Action=[ 0.         0.         1.         0.         0.9999942 -0.8334054
 -1.       ] | Reward=-0.005 | Cum=+3.974 | Info={'shot_attempted': False, 'pass_attempted': False, 'goal_scored': False, 'goal_team': None, 'ball_out_by': None, 'has_ball': False, 'start_shot_bonus': False, 'start_pass_bonus': False, 'possession_lost': False}

[Step 267] Action=[ 0.          0.          1.          0.          0.99999416 -0.8330435
 -1.        ] | Reward=-0.005 | Cum=+3.970 | Info={'shot_attempted': False, 'pass_attempted': False, 'goal_scored': False, 'goal_team': None, 'ball_out_by': None, 'has_ball': False, 'start_shot_bonus': False, 'start_pass_bonus': False, 'possession_lost': False}

[Step 268] Action=[ 0.         0.         1.         0.         0.9999941 -0.8326815
 -1.       ] | Reward=-0.005 | Cum=+3.965 | Info={'shot_attempted': False, 'pass_attempted': False, 'goal_scored': False, 'goal_team': None, 'ball_out_by': None, 'has_ball': False, 'start_shot_bonus': False, 'start_pass_bonus': False, 'possession_lost': False}

[Step 269] Action=[ 0.         0.         1.         0.         0.9999941 -0.8323194
 -1.       ] | Reward=-0.005 | Cum=+3.960 | Info={'shot_attempted': False, 'pass_attempted': False, 'goal_scored': False, 'goal_team': None, 'ball_out_by': None, 'has_ball': False, 'start_shot_bonus': False, 'start_pass_bonus': False, 'possession_lost': False}

[Step 270] Action=[ 0.          0.          1.          0.          0.99999404 -0.83195686
 -1.        ] | Reward=-0.005 | Cum=+3.955 | Info={'shot_attempted': False, 'pass_attempted': False, 'goal_scored': False, 'goal_team': None, 'ball_out_by': None, 'has_ball': False, 'start_shot_bonus': False, 'start_pass_bonus': False, 'possession_lost': False}

[Step 271] Action=[ 0.          0.          1.          0.          0.999994   -0.83159435
 -1.        ] | Reward=-0.005 | Cum=+3.950 | Info={'shot_attempted': False, 'pass_attempted': False, 'goal_scored': False, 'goal_team': None, 'ball_out_by': None, 'has_ball': False, 'start_shot_bonus': False, 'start_pass_bonus': False, 'possession_lost': False}

[Step 272] Action=[ 0.          0.          1.          0.          0.9999939  -0.83123153
 -1.        ] | Reward=-0.005 | Cum=+3.945 | Info={'shot_attempted': False, 'pass_attempted': False, 'goal_scored': False, 'goal_team': None, 'ball_out_by': None, 'has_ball': False, 'start_shot_bonus': False, 'start_pass_bonus': False, 'possession_lost': False}

[Step 273] Action=[ 0.          0.          1.          0.          0.99999386 -0.83086866
 -1.        ] | Reward=-0.005 | Cum=+3.940 | Info={'shot_attempted': False, 'pass_attempted': False, 'goal_scored': False, 'goal_team': None, 'ball_out_by': None, 'has_ball': False, 'start_shot_bonus': False, 'start_pass_bonus': False, 'possession_lost': False}

[Step 274] Action=[ 0.          0.          1.          0.          0.9999938  -0.83050543
 -1.        ] | Reward=-0.005 | Cum=+3.935 | Info={'shot_attempted': False, 'pass_attempted': False, 'goal_scored': False, 'goal_team': None, 'ball_out_by': None, 'has_ball': False, 'start_shot_bonus': False, 'start_pass_bonus': False, 'possession_lost': False}

[Step 275] Action=[ 0.          0.          1.          0.          0.99999374 -0.8301423
 -1.        ] | Reward=-0.005 | Cum=+3.930 | Info={'shot_attempted': False, 'pass_attempted': False, 'goal_scored': False, 'goal_team': None, 'ball_out_by': None, 'has_ball': False, 'start_shot_bonus': False, 'start_pass_bonus': False, 'possession_lost': False}

[Step 276] Action=[ 0.         0.         1.         0.         0.9999937 -0.8297791
 -1.       ] | Reward=-0.005 | Cum=+3.925 | Info={'shot_attempted': False, 'pass_attempted': False, 'goal_scored': False, 'goal_team': None, 'ball_out_by': None, 'has_ball': False, 'start_shot_bonus': False, 'start_pass_bonus': False, 'possession_lost': False}

[Step 277] Action=[ 0.         0.         1.         0.         0.9999937 -0.8294154
 -1.       ] | Reward=-0.005 | Cum=+3.920 | Info={'shot_attempted': False, 'pass_attempted': False, 'goal_scored': False, 'goal_team': None, 'ball_out_by': None, 'has_ball': False, 'start_shot_bonus': False, 'start_pass_bonus': False, 'possession_lost': False}

[Step 278] Action=[ 0.          0.          1.          0.          0.9999936  -0.82905173
 -1.        ] | Reward=-0.005 | Cum=+3.915 | Info={'shot_attempted': False, 'pass_attempted': False, 'goal_scored': False, 'goal_team': None, 'ball_out_by': None, 'has_ball': False, 'start_shot_bonus': False, 'start_pass_bonus': False, 'possession_lost': False}

[Step 279] Action=[ 0.          0.          1.          0.          0.99999356 -0.8286878
 -1.        ] | Reward=-0.005 | Cum=+3.910 | Info={'shot_attempted': False, 'pass_attempted': False, 'goal_scored': False, 'goal_team': None, 'ball_out_by': None, 'has_ball': False, 'start_shot_bonus': False, 'start_pass_bonus': False, 'possession_lost': False}

[Step 280] Action=[ 0.         0.         1.         0.         0.9999935 -0.8283238
 -1.       ] | Reward=-0.005 | Cum=+3.905 | Info={'shot_attempted': False, 'pass_attempted': False, 'goal_scored': False, 'goal_team': None, 'ball_out_by': None, 'has_ball': False, 'start_shot_bonus': False, 'start_pass_bonus': False, 'possession_lost': False}

[Step 281] Action=[ 0.          0.          1.          0.          0.99999344 -0.8279597
 -1.        ] | Reward=-0.005 | Cum=+3.900 | Info={'shot_attempted': False, 'pass_attempted': False, 'goal_scored': False, 'goal_team': None, 'ball_out_by': None, 'has_ball': False, 'start_shot_bonus': False, 'start_pass_bonus': False, 'possession_lost': False}

[Step 282] Action=[ 0.          0.          1.          0.          0.9999934  -0.82759523
 -1.        ] | Reward=+0.019 | Cum=+3.919 | Info={'shot_attempted': False, 'pass_attempted': False, 'goal_scored': False, 'goal_team': None, 'ball_out_by': 'att_1', 'has_ball': False, 'start_shot_bonus': False, 'start_pass_bonus': False, 'possession_lost': False}

