Debug log for att_2 (Episode 20)
================================================================================
[Step 1] Action=[ 0.22368371  0.4950233   0.22546478  0.          0.02837913 -0.13570257
 -0.23337033] | Reward=-0.011 | Cum=-0.011 | Info={'shot_attempted': False, 'pass_attempted': False, 'goal_scored': False, 'goal_team': None, 'ball_out_by': None, 'has_ball': False, 'start_shot_bonus': False, 'start_pass_bonus': False, 'possession_lost': False}
[Step 2] Action=[ 0.25377414  0.47628495  0.2209392   0.          0.         -0.14726818
 -0.22036451] | Reward=-0.011 | Cum=-0.021 | Info={'shot_attempted': False, 'pass_attempted': False, 'goal_scored': False, 'goal_team': None, 'ball_out_by': None, 'has_ball': False, 'start_shot_bonus': False, 'start_pass_bonus': False, 'possession_lost': False}
[Step 3] Action=[ 0.2538984   0.47624514  0.22120357  0.          0.         -0.14728548
 -0.22045231] | Reward=-0.011 | Cum=-0.032 | Info={'shot_attempted': False, 'pass_attempted': False, 'goal_scored': False, 'goal_team': None, 'ball_out_by': None, 'has_ball': False, 'start_shot_bonus': False, 'start_pass_bonus': False, 'possession_lost': False}
[Step 4] Action=[ 0.2540226   0.4762054   0.22146782  0.          0.         -0.14730273
 -0.22054008] | Reward=-0.011 | Cum=-0.043 | Info={'shot_attempted': False, 'pass_attempted': False, 'goal_scored': False, 'goal_team': None, 'ball_out_by': None, 'has_ball': False, 'start_shot_bonus': False, 'start_pass_bonus': False, 'possession_lost': False}
[Step 5] Action=[ 0.25412297  0.47617334  0.22173789  0.          0.         -0.14731379
 -0.22061698] | Reward=-0.011 | Cum=-0.054 | Info={'shot_attempted': False, 'pass_attempted': False, 'goal_scored': False, 'goal_team': None, 'ball_out_by': None, 'has_ball': False, 'start_shot_bonus': False, 'start_pass_bonus': False, 'possession_lost': False}
[Step 6] Action=[ 0.25422034  0.47614208  0.2220085   0.          0.         -0.14732416
 -0.22069284] | Reward=-0.011 | Cum=-0.064 | Info={'shot_attempted': False, 'pass_attempted': False, 'goal_scored': False, 'goal_team': None, 'ball_out_by': None, 'has_ball': False, 'start_shot_bonus': False, 'start_pass_bonus': False, 'possession_lost': False}
[Step 7] Action=[ 0.2543093   0.47610387  0.22227822  0.          0.         -0.14733317
 -0.22078104] | Reward=-0.011 | Cum=-0.075 | Info={'shot_attempted': False, 'pass_attempted': False, 'goal_scored': False, 'goal_team': None, 'ball_out_by': None, 'has_ball': False, 'start_shot_bonus': False, 'start_pass_bonus': False, 'possession_lost': False}
[Step 8] Action=[ 0.2543982   0.47606575  0.22254775  0.          0.         -0.14734223
 -0.22086921] | Reward=-0.011 | Cum=-0.086 | Info={'shot_attempted': False, 'pass_attempted': False, 'goal_scored': False, 'goal_team': None, 'ball_out_by': None, 'has_ball': False, 'start_shot_bonus': False, 'start_pass_bonus': False, 'possession_lost': False}
[Step 9] Action=[ 0.25448704  0.47602764  0.22281724  0.          0.         -0.14735122
 -0.22095731] | Reward=-0.011 | Cum=-0.096 | Info={'shot_attempted': False, 'pass_attempted': False, 'goal_scored': False, 'goal_team': None, 'ball_out_by': None, 'has_ball': False, 'start_shot_bonus': False, 'start_pass_bonus': False, 'possession_lost': False}
[Step 10] Action=[ 0.25457576  0.47598958  0.22308657  0.          0.         -0.14736018
 -0.22104543] | Reward=-0.011 | Cum=-0.107 | Info={'shot_attempted': False, 'pass_attempted': False, 'goal_scored': False, 'goal_team': None, 'ball_out_by': None, 'has_ball': False, 'start_shot_bonus': False, 'start_pass_bonus': False, 'possession_lost': False}
[Step 11] Action=[ 0.25466448  0.4759516   0.22335581  0.          0.         -0.1473692
 -0.2211335 ] | Reward=-0.010 | Cum=-0.117 | Info={'shot_attempted': False, 'pass_attempted': False, 'goal_scored': False, 'goal_team': None, 'ball_out_by': None, 'has_ball': False, 'start_shot_bonus': False, 'start_pass_bonus': False, 'possession_lost': False}
[Step 12] Action=[ 0.25475308  0.47591367  0.22362493  0.          0.         -0.14737815
 -0.22122155] | Reward=-0.010 | Cum=-0.127 | Info={'shot_attempted': False, 'pass_attempted': False, 'goal_scored': False, 'goal_team': None, 'ball_out_by': None, 'has_ball': False, 'start_shot_bonus': False, 'start_pass_bonus': False, 'possession_lost': False}
[Step 13] Action=[ 0.25484166  0.47587585  0.22389397  0.          0.         -0.14738707
 -0.22130956] | Reward=-0.010 | Cum=-0.138 | Info={'shot_attempted': False, 'pass_attempted': False, 'goal_scored': False, 'goal_team': None, 'ball_out_by': None, 'has_ball': False, 'start_shot_bonus': False, 'start_pass_bonus': False, 'possession_lost': False}
[Step 14] Action=[ 0.2549302   0.475838    0.22416282  0.          0.         -0.147396
 -0.22139753] | Reward=-0.010 | Cum=-0.148 | Info={'shot_attempted': False, 'pass_attempted': False, 'goal_scored': False, 'goal_team': None, 'ball_out_by': None, 'has_ball': False, 'start_shot_bonus': False, 'start_pass_bonus': False, 'possession_lost': False}
[Step 15] Action=[ 0.2550186   0.47580025  0.22443159  0.          0.         -0.1474049
 -0.2214855 ] | Reward=-0.010 | Cum=-0.158 | Info={'shot_attempted': False, 'pass_attempted': False, 'goal_scored': False, 'goal_team': None, 'ball_out_by': None, 'has_ball': False, 'start_shot_bonus': False, 'start_pass_bonus': False, 'possession_lost': False}
[Step 16] Action=[ 0.255107    0.47576252  0.22470023  0.          0.         -0.14741376
 -0.22157341] | Reward=-0.010 | Cum=-0.167 | Info={'shot_attempted': False, 'pass_attempted': False, 'goal_scored': False, 'goal_team': None, 'ball_out_by': None, 'has_ball': False, 'start_shot_bonus': False, 'start_pass_bonus': False, 'possession_lost': False}
[Step 17] Action=[ 0.25519532  0.47572488  0.22496876  0.          0.         -0.14742261
 -0.2216613 ] | Reward=-0.010 | Cum=-0.177 | Info={'shot_attempted': False, 'pass_attempted': False, 'goal_scored': False, 'goal_team': None, 'ball_out_by': None, 'has_ball': False, 'start_shot_bonus': False, 'start_pass_bonus': False, 'possession_lost': False}
[Step 18] Action=[ 0.2552836   0.47568727  0.22523713  0.          0.         -0.14743145
 -0.22174916] | Reward=-0.009 | Cum=-0.187 | Info={'shot_attempted': False, 'pass_attempted': False, 'goal_scored': False, 'goal_team': None, 'ball_out_by': None, 'has_ball': False, 'start_shot_bonus': False, 'start_pass_bonus': False, 'possession_lost': False}
[Step 19] Action=[ 0.25537178  0.47564965  0.22550543  0.          0.         -0.14744022
 -0.22183695] | Reward=-0.009 | Cum=-0.196 | Info={'shot_attempted': False, 'pass_attempted': False, 'goal_scored': False, 'goal_team': None, 'ball_out_by': None, 'has_ball': False, 'start_shot_bonus': False, 'start_pass_bonus': False, 'possession_lost': False}
[Step 20] Action=[ 0.2554599   0.47561216  0.22577363  0.          0.         -0.14744906
 -0.22192478] | Reward=-0.009 | Cum=-0.205 | Info={'shot_attempted': False, 'pass_attempted': False, 'goal_scored': False, 'goal_team': None, 'ball_out_by': None, 'has_ball': False, 'start_shot_bonus': False, 'start_pass_bonus': False, 'possession_lost': False}
[Step 21] Action=[ 0.25554797  0.47557473  0.22604164  0.          0.         -0.14745778
 -0.22201256] | Reward=-0.009 | Cum=-0.213 | Info={'shot_attempted': False, 'pass_attempted': False, 'goal_scored': False, 'goal_team': None, 'ball_out_by': None, 'has_ball': False, 'start_shot_bonus': False, 'start_pass_bonus': False, 'possession_lost': False}
[Step 22] Action=[ 0.25563604  0.47553736  0.22630958  0.          0.         -0.14746659
 -0.22210032] | Reward=-0.009 | Cum=-0.222 | Info={'shot_attempted': False, 'pass_attempted': False, 'goal_scored': False, 'goal_team': None, 'ball_out_by': None, 'has_ball': False, 'start_shot_bonus': False, 'start_pass_bonus': False, 'possession_lost': False}
[Step 23] Action=[ 0.255724    0.47550005  0.22657745  0.          0.         -0.1474753
 -0.222188  ] | Reward=-0.008 | Cum=-0.230 | Info={'shot_attempted': False, 'pass_attempted': False, 'goal_scored': False, 'goal_team': None, 'ball_out_by': None, 'has_ball': False, 'start_shot_bonus': False, 'start_pass_bonus': False, 'possession_lost': False}
[Step 24] Action=[ 0.25581187  0.47546273  0.22684512  0.          0.         -0.14748405
 -0.2222757 ] | Reward=-0.008 | Cum=-0.239 | Info={'shot_attempted': False, 'pass_attempted': False, 'goal_scored': False, 'goal_team': None, 'ball_out_by': None, 'has_ball': False, 'start_shot_bonus': False, 'start_pass_bonus': False, 'possession_lost': False}
[Step 25] Action=[ 0.25589964  0.47542554  0.22711271  0.          0.         -0.1474927
 -0.22236335] | Reward=-0.009 | Cum=-0.247 | Info={'shot_attempted': False, 'pass_attempted': False, 'goal_scored': False, 'goal_team': None, 'ball_out_by': None, 'has_ball': False, 'start_shot_bonus': False, 'start_pass_bonus': False, 'possession_lost': False}
[Step 26] Action=[ 0.2559875   0.47538832  0.2273802   0.          0.         -0.14750136
 -0.22245099] | Reward=-0.009 | Cum=-0.256 | Info={'shot_attempted': False, 'pass_attempted': False, 'goal_scored': False, 'goal_team': None, 'ball_out_by': None, 'has_ball': False, 'start_shot_bonus': False, 'start_pass_bonus': False, 'possession_lost': False}
[Step 27] Action=[ 0.25608557  0.47534424  0.22765435  0.          0.         -0.14751261
 -0.22254668] | Reward=-0.009 | Cum=-0.265 | Info={'shot_attempted': False, 'pass_attempted': False, 'goal_scored': False, 'goal_team': None, 'ball_out_by': None, 'has_ball': False, 'start_shot_bonus': False, 'start_pass_bonus': False, 'possession_lost': False}
[Step 28] Action=[ 0.25618362  0.47530025  0.22792837  0.          0.         -0.1475238
 -0.2226423 ] | Reward=-0.009 | Cum=-0.274 | Info={'shot_attempted': False, 'pass_attempted': False, 'goal_scored': False, 'goal_team': None, 'ball_out_by': None, 'has_ball': False, 'start_shot_bonus': False, 'start_pass_bonus': False, 'possession_lost': False}
[Step 29] Action=[ 0.25628155  0.47525626  0.22820222  0.          0.         -0.14753501
 -0.22273794] | Reward=-0.009 | Cum=-0.284 | Info={'shot_attempted': False, 'pass_attempted': False, 'goal_scored': False, 'goal_team': None, 'ball_out_by': None, 'has_ball': False, 'start_shot_bonus': False, 'start_pass_bonus': False, 'possession_lost': False}
[Step 30] Action=[ 0.2563795   0.4752124   0.22847597  0.          0.         -0.14754619
 -0.22283351] | Reward=-0.010 | Cum=-0.293 | Info={'shot_attempted': False, 'pass_attempted': False, 'goal_scored': False, 'goal_team': None, 'ball_out_by': None, 'has_ball': False, 'start_shot_bonus': False, 'start_pass_bonus': False, 'possession_lost': False}
[Step 31] Action=[ 0.25647724  0.47516856  0.22874965  0.          0.         -0.14755727
 -0.222929  ] | Reward=-0.010 | Cum=-0.303 | Info={'shot_attempted': False, 'pass_attempted': False, 'goal_scored': False, 'goal_team': None, 'ball_out_by': None, 'has_ball': False, 'start_shot_bonus': False, 'start_pass_bonus': False, 'possession_lost': False}
[Step 32] Action=[ 0.25657502  0.4751248   0.2290231   0.          0.         -0.14756845
 -0.22302444] | Reward=-0.010 | Cum=-0.314 | Info={'shot_attempted': False, 'pass_attempted': False, 'goal_scored': False, 'goal_team': None, 'ball_out_by': None, 'has_ball': False, 'start_shot_bonus': False, 'start_pass_bonus': False, 'possession_lost': False}
[Step 33] Action=[ 0.25667265  0.4750811   0.22929646  0.          0.         -0.14757954
 -0.22311988] | Reward=-0.010 | Cum=-0.324 | Info={'shot_attempted': False, 'pass_attempted': False, 'goal_scored': False, 'goal_team': None, 'ball_out_by': None, 'has_ball': False, 'start_shot_bonus': False, 'start_pass_bonus': False, 'possession_lost': False}
[Step 34] Action=[ 0.25677022  0.4750374   0.22956967  0.          0.         -0.14759064
 -0.22321528] | Reward=-0.011 | Cum=-0.335 | Info={'shot_attempted': False, 'pass_attempted': False, 'goal_scored': False, 'goal_team': None, 'ball_out_by': None, 'has_ball': False, 'start_shot_bonus': False, 'start_pass_bonus': False, 'possession_lost': False}
[Step 35] Action=[ 0.2568677   0.47499382  0.22984286  0.          0.         -0.14760165
 -0.22331063] | Reward=-0.011 | Cum=-0.345 | Info={'shot_attempted': False, 'pass_attempted': False, 'goal_scored': False, 'goal_team': None, 'ball_out_by': None, 'has_ball': False, 'start_shot_bonus': False, 'start_pass_bonus': False, 'possession_lost': False}
[Step 36] Action=[ 0.25696513  0.47495034  0.2301158   0.          0.         -0.14761272
 -0.22340594] | Reward=-0.011 | Cum=-0.356 | Info={'shot_attempted': False, 'pass_attempted': False, 'goal_scored': False, 'goal_team': None, 'ball_out_by': None, 'has_ball': False, 'start_shot_bonus': False, 'start_pass_bonus': False, 'possession_lost': False}
[Step 37] Action=[ 0.2570624   0.47490686  0.23038866  0.          0.         -0.14762372
 -0.22350119] | Reward=-0.011 | Cum=-0.367 | Info={'shot_attempted': False, 'pass_attempted': False, 'goal_scored': False, 'goal_team': None, 'ball_out_by': None, 'has_ball': False, 'start_shot_bonus': False, 'start_pass_bonus': False, 'possession_lost': False}
[Step 38] Action=[ 0.2571597   0.47486347  0.23066139  0.          0.         -0.14763469
 -0.22359641] | Reward=-0.011 | Cum=-0.378 | Info={'shot_attempted': False, 'pass_attempted': False, 'goal_scored': False, 'goal_team': None, 'ball_out_by': None, 'has_ball': False, 'start_shot_bonus': False, 'start_pass_bonus': False, 'possession_lost': False}
[Step 39] Action=[ 0.2572569   0.47482017  0.23093401  0.          0.         -0.14764565
 -0.22369157] | Reward=-0.011 | Cum=-0.390 | Info={'shot_attempted': False, 'pass_attempted': False, 'goal_scored': False, 'goal_team': None, 'ball_out_by': None, 'has_ball': False, 'start_shot_bonus': False, 'start_pass_bonus': False, 'possession_lost': False}
[Step 40] Action=[ 0.25735396  0.47477686  0.2312064   0.          0.         -0.14765659
 -0.2237867 ] | Reward=-0.011 | Cum=-0.401 | Info={'shot_attempted': False, 'pass_attempted': False, 'goal_scored': False, 'goal_team': None, 'ball_out_by': None, 'has_ball': False, 'start_shot_bonus': False, 'start_pass_bonus': False, 'possession_lost': False}
[Step 41] Action=[ 0.257451    0.47473368  0.23147881  0.          0.         -0.14766751
 -0.22388181] | Reward=-0.011 | Cum=-0.412 | Info={'shot_attempted': False, 'pass_attempted': False, 'goal_scored': False, 'goal_team': None, 'ball_out_by': None, 'has_ball': False, 'start_shot_bonus': False, 'start_pass_bonus': False, 'possession_lost': False}
[Step 42] Action=[ 0.25754791  0.47469062  0.231751    0.          0.         -0.1476784
 -0.22397685] | Reward=-0.011 | Cum=-0.424 | Info={'shot_attempted': False, 'pass_attempted': False, 'goal_scored': False, 'goal_team': None, 'ball_out_by': None, 'has_ball': False, 'start_shot_bonus': False, 'start_pass_bonus': False, 'possession_lost': False}
[Step 43] Action=[ 0.2576471   0.47464845  0.23202296  0.          0.         -0.14768548
 -0.22407126] | Reward=-0.011 | Cum=-0.435 | Info={'shot_attempted': False, 'pass_attempted': False, 'goal_scored': False, 'goal_team': None, 'ball_out_by': None, 'has_ball': False, 'start_shot_bonus': False, 'start_pass_bonus': False, 'possession_lost': False}
[Step 44] Action=[ 0.25775114  0.47460842  0.23229435  0.          0.         -0.14768453
 -0.22416453] | Reward=-0.012 | Cum=-0.447 | Info={'shot_attempted': False, 'pass_attempted': False, 'goal_scored': False, 'goal_team': None, 'ball_out_by': None, 'has_ball': False, 'start_shot_bonus': False, 'start_pass_bonus': False, 'possession_lost': False}
[Step 45] Action=[ 0.2578551   0.47456843  0.2325657   0.          0.         -0.14768356
 -0.22425777] | Reward=-0.012 | Cum=-0.458 | Info={'shot_attempted': False, 'pass_attempted': False, 'goal_scored': False, 'goal_team': None, 'ball_out_by': None, 'has_ball': False, 'start_shot_bonus': False, 'start_pass_bonus': False, 'possession_lost': False}
[Step 46] Action=[ 0.25795895  0.47452852  0.23283681  0.          0.         -0.1476826
 -0.22435091] | Reward=-0.012 | Cum=-0.470 | Info={'shot_attempted': False, 'pass_attempted': False, 'goal_scored': False, 'goal_team': None, 'ball_out_by': None, 'has_ball': False, 'start_shot_bonus': False, 'start_pass_bonus': False, 'possession_lost': False}
[Step 47] Action=[ 0.2580627   0.47448865  0.23310786  0.          0.         -0.14768158
 -0.22444405] | Reward=-0.012 | Cum=-0.482 | Info={'shot_attempted': False, 'pass_attempted': False, 'goal_scored': False, 'goal_team': None, 'ball_out_by': None, 'has_ball': False, 'start_shot_bonus': False, 'start_pass_bonus': False, 'possession_lost': False}
[Step 48] Action=[ 0.2581664   0.4744488   0.23337877  0.          0.         -0.14768054
 -0.22453712] | Reward=-0.012 | Cum=-0.493 | Info={'shot_attempted': False, 'pass_attempted': False, 'goal_scored': False, 'goal_team': None, 'ball_out_by': None, 'has_ball': False, 'start_shot_bonus': False, 'start_pass_bonus': False, 'possession_lost': False}
[Step 49] Action=[ 0.25827     0.47440907  0.23364961  0.          0.         -0.1476795
 -0.22463018] | Reward=-0.012 | Cum=-0.505 | Info={'shot_attempted': False, 'pass_attempted': False, 'goal_scored': False, 'goal_team': None, 'ball_out_by': None, 'has_ball': False, 'start_shot_bonus': False, 'start_pass_bonus': False, 'possession_lost': False}
[Step 50] Action=[ 0.25837353  0.47436944  0.23392025  0.          0.         -0.1476784
 -0.2247232 ] | Reward=-0.012 | Cum=-0.517 | Info={'shot_attempted': False, 'pass_attempted': False, 'goal_scored': False, 'goal_team': None, 'ball_out_by': None, 'has_ball': False, 'start_shot_bonus': False, 'start_pass_bonus': False, 'possession_lost': False}
[Step 51] Action=[ 0.25847703  0.47432986  0.23419079  0.          0.         -0.14767733
 -0.22481614] | Reward=-0.012 | Cum=-0.529 | Info={'shot_attempted': False, 'pass_attempted': False, 'goal_scored': False, 'goal_team': None, 'ball_out_by': None, 'has_ball': False, 'start_shot_bonus': False, 'start_pass_bonus': False, 'possession_lost': False}
[Step 52] Action=[ 0.2585804   0.4742903   0.23446123  0.          0.         -0.1476762
 -0.2249091 ] | Reward=-0.012 | Cum=-0.540 | Info={'shot_attempted': False, 'pass_attempted': False, 'goal_scored': False, 'goal_team': None, 'ball_out_by': None, 'has_ball': False, 'start_shot_bonus': False, 'start_pass_bonus': False, 'possession_lost': False}
[Step 53] Action=[ 0.2586837   0.47425082  0.23473148  0.          0.         -0.14767508
 -0.22500196] | Reward=-0.012 | Cum=-0.552 | Info={'shot_attempted': False, 'pass_attempted': False, 'goal_scored': False, 'goal_team': None, 'ball_out_by': None, 'has_ball': False, 'start_shot_bonus': False, 'start_pass_bonus': False, 'possession_lost': False}
[Step 54] Action=[ 0.2587869   0.4742114   0.23500165  0.          0.         -0.14767395
 -0.22509483] | Reward=-0.012 | Cum=-0.564 | Info={'shot_attempted': False, 'pass_attempted': False, 'goal_scored': False, 'goal_team': None, 'ball_out_by': None, 'has_ball': False, 'start_shot_bonus': False, 'start_pass_bonus': False, 'possession_lost': False}
[Step 55] Action=[ 0.25889006  0.47417206  0.23527172  0.          0.         -0.14767279
 -0.2251876 ] | Reward=-0.012 | Cum=-0.576 | Info={'shot_attempted': False, 'pass_attempted': False, 'goal_scored': False, 'goal_team': None, 'ball_out_by': None, 'has_ball': False, 'start_shot_bonus': False, 'start_pass_bonus': False, 'possession_lost': False}
[Step 56] Action=[ 0.25899416  0.47413272  0.23554175  0.          0.         -0.14766987
 -0.22527955] | Reward=-0.012 | Cum=-0.588 | Info={'shot_attempted': False, 'pass_attempted': False, 'goal_scored': False, 'goal_team': None, 'ball_out_by': None, 'has_ball': False, 'start_shot_bonus': False, 'start_pass_bonus': False, 'possession_lost': False}
[Step 57] Action=[ 0.25910094  0.4740936   0.23581186  0.          0.         -0.14766252
 -0.22536932] | Reward=-0.012 | Cum=-0.600 | Info={'shot_attempted': False, 'pass_attempted': False, 'goal_scored': False, 'goal_team': None, 'ball_out_by': None, 'has_ball': False, 'start_shot_bonus': False, 'start_pass_bonus': False, 'possession_lost': False}
[Step 58] Action=[ 0.25920758  0.47405446  0.2360819   0.          0.         -0.14765517
 -0.22545913] | Reward=-0.012 | Cum=-0.612 | Info={'shot_attempted': False, 'pass_attempted': False, 'goal_scored': False, 'goal_team': None, 'ball_out_by': None, 'has_ball': False, 'start_shot_bonus': False, 'start_pass_bonus': False, 'possession_lost': False}
[Step 59] Action=[ 0.2593142   0.47401544  0.23635176  0.          0.         -0.1476478
 -0.22554886] | Reward=-0.012 | Cum=-0.624 | Info={'shot_attempted': False, 'pass_attempted': False, 'goal_scored': False, 'goal_team': None, 'ball_out_by': None, 'has_ball': False, 'start_shot_bonus': False, 'start_pass_bonus': False, 'possession_lost': False}
[Step 60] Action=[ 0.2594224   0.4739795   0.2366255   0.          0.         -0.14764021
 -0.22564104] | Reward=-0.012 | Cum=-0.636 | Info={'shot_attempted': False, 'pass_attempted': False, 'goal_scored': False, 'goal_team': None, 'ball_out_by': None, 'has_ball': False, 'start_shot_bonus': False, 'start_pass_bonus': False, 'possession_lost': False}
[Step 61] Action=[ 0.2595329   0.4739477   0.23690447  0.          0.         -0.14763238
 -0.22573677] | Reward=-0.012 | Cum=-0.648 | Info={'shot_attempted': False, 'pass_attempted': False, 'goal_scored': False, 'goal_team': None, 'ball_out_by': None, 'has_ball': False, 'start_shot_bonus': False, 'start_pass_bonus': False, 'possession_lost': False}
[Step 62] Action=[ 0.25964332  0.473916    0.23718327  0.          0.         -0.14762454
 -0.22583242] | Reward=-0.012 | Cum=-0.660 | Info={'shot_attempted': False, 'pass_attempted': False, 'goal_scored': False, 'goal_team': None, 'ball_out_by': None, 'has_ball': False, 'start_shot_bonus': False, 'start_pass_bonus': False, 'possession_lost': False}
[Step 63] Action=[ 0.2597635   0.47388196  0.23747844  0.          0.         -0.14761764
 -0.22593205] | Reward=-0.012 | Cum=-0.672 | Info={'shot_attempted': False, 'pass_attempted': False, 'goal_scored': False, 'goal_team': None, 'ball_out_by': None, 'has_ball': False, 'start_shot_bonus': False, 'start_pass_bonus': False, 'possession_lost': False}
[Step 64] Action=[ 0.25988722  0.47384703  0.23777948  0.          0.         -0.1476111
 -0.22603306] | Reward=-0.012 | Cum=-0.684 | Info={'shot_attempted': False, 'pass_attempted': False, 'goal_scored': False, 'goal_team': None, 'ball_out_by': None, 'has_ball': False, 'start_shot_bonus': False, 'start_pass_bonus': False, 'possession_lost': False}
[Step 65] Action=[ 0.26001084  0.4738122   0.23808043  0.          0.         -0.14760457
 -0.22613409] | Reward=-0.012 | Cum=-0.696 | Info={'shot_attempted': False, 'pass_attempted': False, 'goal_scored': False, 'goal_team': None, 'ball_out_by': None, 'has_ball': False, 'start_shot_bonus': False, 'start_pass_bonus': False, 'possession_lost': False}
[Step 66] Action=[ 0.26013443  0.4737774   0.23838118  0.          0.         -0.14759804
 -0.22623506] | Reward=-0.012 | Cum=-0.709 | Info={'shot_attempted': False, 'pass_attempted': False, 'goal_scored': False, 'goal_team': None, 'ball_out_by': None, 'has_ball': False, 'start_shot_bonus': False, 'start_pass_bonus': False, 'possession_lost': False}
[Step 67] Action=[ 0.26025787  0.47374266  0.23868178  0.          0.         -0.14759144
 -0.22633594] | Reward=-0.012 | Cum=-0.721 | Info={'shot_attempted': False, 'pass_attempted': False, 'goal_scored': False, 'goal_team': None, 'ball_out_by': None, 'has_ball': False, 'start_shot_bonus': False, 'start_pass_bonus': False, 'possession_lost': False}
[Step 68] Action=[ 0.26036987  0.47371724  0.238977    0.          0.         -0.14759366
 -0.22643751] | Reward=-0.012 | Cum=-0.733 | Info={'shot_attempted': False, 'pass_attempted': False, 'goal_scored': False, 'goal_team': None, 'ball_out_by': None, 'has_ball': False, 'start_shot_bonus': False, 'start_pass_bonus': False, 'possession_lost': False}
[Step 69] Action=[ 0.26047185  0.47369975  0.23926745  0.          0.         -0.14760348
 -0.22653958] | Reward=-0.012 | Cum=-0.745 | Info={'shot_attempted': False, 'pass_attempted': False, 'goal_scored': False, 'goal_team': None, 'ball_out_by': None, 'has_ball': False, 'start_shot_bonus': False, 'start_pass_bonus': False, 'possession_lost': False}
[Step 70] Action=[ 0.26057374  0.47368246  0.23955768  0.          0.         -0.14761332
 -0.2266417 ] | Reward=-0.012 | Cum=-0.758 | Info={'shot_attempted': False, 'pass_attempted': False, 'goal_scored': False, 'goal_team': None, 'ball_out_by': None, 'has_ball': False, 'start_shot_bonus': False, 'start_pass_bonus': False, 'possession_lost': False}
[Step 71] Action=[ 0.26067558  0.47366518  0.23984785  0.          0.         -0.14762306
 -0.2267437 ] | Reward=-0.012 | Cum=-0.770 | Info={'shot_attempted': False, 'pass_attempted': False, 'goal_scored': False, 'goal_team': None, 'ball_out_by': None, 'has_ball': False, 'start_shot_bonus': False, 'start_pass_bonus': False, 'possession_lost': False}
[Step 72] Action=[ 0.2607773   0.4736479   0.24013785  0.          0.         -0.14763282
 -0.22684562] | Reward=-0.012 | Cum=-0.782 | Info={'shot_attempted': False, 'pass_attempted': False, 'goal_scored': False, 'goal_team': None, 'ball_out_by': None, 'has_ball': False, 'start_shot_bonus': False, 'start_pass_bonus': False, 'possession_lost': False}
[Step 73] Action=[ 0.26087895  0.47363064  0.24042773  0.          0.         -0.14764258
 -0.22694758] | Reward=-0.012 | Cum=-0.794 | Info={'shot_attempted': False, 'pass_attempted': False, 'goal_scored': False, 'goal_team': None, 'ball_out_by': None, 'has_ball': False, 'start_shot_bonus': False, 'start_pass_bonus': False, 'possession_lost': False}
[Step 74] Action=[ 0.26098055  0.4736135   0.24071749  0.          0.         -0.14765234
 -0.22704941] | Reward=-0.012 | Cum=-0.807 | Info={'shot_attempted': False, 'pass_attempted': False, 'goal_scored': False, 'goal_team': None, 'ball_out_by': None, 'has_ball': False, 'start_shot_bonus': False, 'start_pass_bonus': False, 'possession_lost': False}
[Step 75] Action=[ 0.26108208  0.4735964   0.24100707  0.          0.         -0.14766206
 -0.22715124] | Reward=-0.012 | Cum=-0.819 | Info={'shot_attempted': False, 'pass_attempted': False, 'goal_scored': False, 'goal_team': None, 'ball_out_by': None, 'has_ball': False, 'start_shot_bonus': False, 'start_pass_bonus': False, 'possession_lost': False}
[Step 76] Action=[ 0.26118353  0.47357932  0.24129651  0.          0.         -0.14767173
 -0.22725303] | Reward=-0.012 | Cum=-0.832 | Info={'shot_attempted': False, 'pass_attempted': False, 'goal_scored': False, 'goal_team': None, 'ball_out_by': None, 'has_ball': False, 'start_shot_bonus': False, 'start_pass_bonus': False, 'possession_lost': False}
[Step 77] Action=[ 0.2612849   0.47356227  0.24158584  0.          0.         -0.14768139
 -0.22735472] | Reward=-0.012 | Cum=-0.844 | Info={'shot_attempted': False, 'pass_attempted': False, 'goal_scored': False, 'goal_team': None, 'ball_out_by': None, 'has_ball': False, 'start_shot_bonus': False, 'start_pass_bonus': False, 'possession_lost': False}
[Step 78] Action=[ 0.26138613  0.47354528  0.24187501  0.          0.         -0.14769103
 -0.22745644] | Reward=-0.012 | Cum=-0.856 | Info={'shot_attempted': False, 'pass_attempted': False, 'goal_scored': False, 'goal_team': None, 'ball_out_by': None, 'has_ball': False, 'start_shot_bonus': False, 'start_pass_bonus': False, 'possession_lost': False}
[Step 79] Action=[ 0.2614873   0.47352833  0.24216402  0.          0.         -0.14770068
 -0.22755806] | Reward=-0.012 | Cum=-0.869 | Info={'shot_attempted': False, 'pass_attempted': False, 'goal_scored': False, 'goal_team': None, 'ball_out_by': None, 'has_ball': False, 'start_shot_bonus': False, 'start_pass_bonus': False, 'possession_lost': False}
[Step 80] Action=[ 0.26158848  0.4735115   0.24245293  0.          0.         -0.1477103
 -0.22765961] | Reward=-0.012 | Cum=-0.881 | Info={'shot_attempted': False, 'pass_attempted': False, 'goal_scored': False, 'goal_team': None, 'ball_out_by': None, 'has_ball': False, 'start_shot_bonus': False, 'start_pass_bonus': False, 'possession_lost': False}
[Step 81] Action=[ 0.2616895   0.47349456  0.24274172  0.          0.         -0.14771992
 -0.2277612 ] | Reward=-0.012 | Cum=-0.894 | Info={'shot_attempted': False, 'pass_attempted': False, 'goal_scored': False, 'goal_team': None, 'ball_out_by': None, 'has_ball': False, 'start_shot_bonus': False, 'start_pass_bonus': False, 'possession_lost': False}
[Step 82] Action=[ 0.26179045  0.47347778  0.2430303   0.          0.         -0.14772949
 -0.2278627 ] | Reward=-0.012 | Cum=-0.906 | Info={'shot_attempted': False, 'pass_attempted': False, 'goal_scored': False, 'goal_team': None, 'ball_out_by': None, 'has_ball': False, 'start_shot_bonus': False, 'start_pass_bonus': False, 'possession_lost': False}
[Step 83] Action=[ 0.26189137  0.47346103  0.2433188   0.          0.         -0.14773908
 -0.22796413] | Reward=-0.013 | Cum=-0.919 | Info={'shot_attempted': False, 'pass_attempted': False, 'goal_scored': False, 'goal_team': None, 'ball_out_by': None, 'has_ball': False, 'start_shot_bonus': False, 'start_pass_bonus': False, 'possession_lost': False}
[Step 84] Action=[ 0.2619922   0.47344434  0.24360718  0.          0.         -0.14774859
 -0.22806554] | Reward=-0.013 | Cum=-0.931 | Info={'shot_attempted': False, 'pass_attempted': False, 'goal_scored': False, 'goal_team': None, 'ball_out_by': None, 'has_ball': False, 'start_shot_bonus': False, 'start_pass_bonus': False, 'possession_lost': False}
[Step 85] Action=[ 0.26209292  0.4734276   0.24389537  0.          0.         -0.14775811
 -0.22816691] | Reward=-0.013 | Cum=-0.944 | Info={'shot_attempted': False, 'pass_attempted': False, 'goal_scored': False, 'goal_team': None, 'ball_out_by': None, 'has_ball': False, 'start_shot_bonus': False, 'start_pass_bonus': False, 'possession_lost': False}
[Step 86] Action=[ 0.2621936   0.473411    0.24418347  0.          0.         -0.14776762
 -0.2282682 ] | Reward=-0.013 | Cum=-0.956 | Info={'shot_attempted': False, 'pass_attempted': False, 'goal_scored': False, 'goal_team': None, 'ball_out_by': None, 'has_ball': False, 'start_shot_bonus': False, 'start_pass_bonus': False, 'possession_lost': False}
[Step 87] Action=[ 0.26229417  0.4733944   0.2444714   0.          0.         -0.1477771
 -0.22836944] | Reward=-0.013 | Cum=-0.969 | Info={'shot_attempted': False, 'pass_attempted': False, 'goal_scored': False, 'goal_team': None, 'ball_out_by': None, 'has_ball': False, 'start_shot_bonus': False, 'start_pass_bonus': False, 'possession_lost': False}
[Step 88] Action=[ 0.26239473  0.47337794  0.24475922  0.          0.         -0.14778656
 -0.22847068] | Reward=-0.013 | Cum=-0.982 | Info={'shot_attempted': False, 'pass_attempted': False, 'goal_scored': False, 'goal_team': None, 'ball_out_by': None, 'has_ball': False, 'start_shot_bonus': False, 'start_pass_bonus': False, 'possession_lost': False}
[Step 89] Action=[ 0.26249513  0.47336137  0.24504691  0.          0.         -0.14779603
 -0.22857189] | Reward=-0.013 | Cum=-0.994 | Info={'shot_attempted': False, 'pass_attempted': False, 'goal_scored': False, 'goal_team': None, 'ball_out_by': None, 'has_ball': False, 'start_shot_bonus': False, 'start_pass_bonus': False, 'possession_lost': False}
[Step 90] Action=[ 0.2625955   0.47334492  0.24533446  0.          0.         -0.14780545
 -0.228673  ] | Reward=-0.013 | Cum=-1.007 | Info={'shot_attempted': False, 'pass_attempted': False, 'goal_scored': False, 'goal_team': None, 'ball_out_by': None, 'has_ball': False, 'start_shot_bonus': False, 'start_pass_bonus': False, 'possession_lost': False}
[Step 91] Action=[ 0.2626958   0.47332853  0.24562182  0.          0.         -0.14781485
 -0.22877409] | Reward=-0.013 | Cum=-1.020 | Info={'shot_attempted': False, 'pass_attempted': False, 'goal_scored': False, 'goal_team': None, 'ball_out_by': None, 'has_ball': False, 'start_shot_bonus': False, 'start_pass_bonus': False, 'possession_lost': False}
[Step 92] Action=[ 0.26279598  0.47331217  0.24590907  0.          0.         -0.14782429
 -0.22887513] | Reward=-0.013 | Cum=-1.032 | Info={'shot_attempted': False, 'pass_attempted': False, 'goal_scored': False, 'goal_team': None, 'ball_out_by': None, 'has_ball': False, 'start_shot_bonus': False, 'start_pass_bonus': False, 'possession_lost': False}
[Step 93] Action=[ 0.26289615  0.4732958   0.24619621  0.          0.         -0.14783362
 -0.22897612] | Reward=-0.013 | Cum=-1.045 | Info={'shot_attempted': False, 'pass_attempted': False, 'goal_scored': False, 'goal_team': None, 'ball_out_by': None, 'has_ball': False, 'start_shot_bonus': False, 'start_pass_bonus': False, 'possession_lost': False}
[Step 94] Action=[ 0.26299617  0.47327957  0.2464832   0.          0.         -0.14784297
 -0.22907706] | Reward=-0.013 | Cum=-1.058 | Info={'shot_attempted': False, 'pass_attempted': False, 'goal_scored': False, 'goal_team': None, 'ball_out_by': None, 'has_ball': False, 'start_shot_bonus': False, 'start_pass_bonus': False, 'possession_lost': False}
[Step 95] Action=[ 0.26309615  0.47326332  0.24677004  0.          0.         -0.14785233
 -0.22917795] | Reward=-0.013 | Cum=-1.070 | Info={'shot_attempted': False, 'pass_attempted': False, 'goal_scored': False, 'goal_team': None, 'ball_out_by': None, 'has_ball': False, 'start_shot_bonus': False, 'start_pass_bonus': False, 'possession_lost': False}
[Step 96] Action=[ 0.26319608  0.47324714  0.24705678  0.          0.         -0.14786169
 -0.2292788 ] | Reward=-0.013 | Cum=-1.083 | Info={'shot_attempted': False, 'pass_attempted': False, 'goal_scored': False, 'goal_team': None, 'ball_out_by': None, 'has_ball': False, 'start_shot_bonus': False, 'start_pass_bonus': False, 'possession_lost': False}
[Step 97] Action=[ 0.2632959   0.473231    0.24734342  0.          0.         -0.14787096
 -0.22937961] | Reward=-0.013 | Cum=-1.096 | Info={'shot_attempted': False, 'pass_attempted': False, 'goal_scored': False, 'goal_team': None, 'ball_out_by': None, 'has_ball': False, 'start_shot_bonus': False, 'start_pass_bonus': False, 'possession_lost': False}
[Step 98] Action=[ 0.2633957   0.4732149   0.24762979  0.          0.         -0.14788023
 -0.2294804 ] | Reward=-0.013 | Cum=-1.109 | Info={'shot_attempted': False, 'pass_attempted': False, 'goal_scored': False, 'goal_team': None, 'ball_out_by': None, 'has_ball': False, 'start_shot_bonus': False, 'start_pass_bonus': False, 'possession_lost': False}
[Step 99] Action=[ 0.26349536  0.47319883  0.24791618  0.          0.         -0.1478895
 -0.2295811 ] | Reward=-0.013 | Cum=-1.121 | Info={'shot_attempted': False, 'pass_attempted': False, 'goal_scored': False, 'goal_team': None, 'ball_out_by': None, 'has_ball': False, 'start_shot_bonus': False, 'start_pass_bonus': False, 'possession_lost': False}
[Step 100] Action=[ 0.26359499  0.47318283  0.2482023   0.          0.         -0.1478987
 -0.22968177] | Reward=-0.013 | Cum=-1.134 | Info={'shot_attempted': False, 'pass_attempted': False, 'goal_scored': False, 'goal_team': None, 'ball_out_by': None, 'has_ball': False, 'start_shot_bonus': False, 'start_pass_bonus': False, 'possession_lost': False}
[Step 101] Action=[ 0.26369455  0.47316682  0.24848837  0.          0.         -0.14790796
 -0.2297824 ] | Reward=-0.013 | Cum=-1.147 | Info={'shot_attempted': False, 'pass_attempted': False, 'goal_scored': False, 'goal_team': None, 'ball_out_by': None, 'has_ball': False, 'start_shot_bonus': False, 'start_pass_bonus': False, 'possession_lost': False}
[Step 102] Action=[ 0.263792    0.47316432  0.24876808  0.          0.         -0.1479325
 -0.22989465] | Reward=-0.013 | Cum=-1.160 | Info={'shot_attempted': False, 'pass_attempted': False, 'goal_scored': False, 'goal_team': None, 'ball_out_by': None, 'has_ball': False, 'start_shot_bonus': False, 'start_pass_bonus': False, 'possession_lost': False}
[Step 103] Action=[ 0.2638878   0.473171    0.24909835  0.          0.         -0.14794494
 -0.23002192] | Reward=-0.013 | Cum=-1.173 | Info={'shot_attempted': False, 'pass_attempted': False, 'goal_scored': False, 'goal_team': None, 'ball_out_by': None, 'has_ball': False, 'start_shot_bonus': False, 'start_pass_bonus': False, 'possession_lost': False}
[Step 104] Action=[ 0.2639834   0.4731777   0.24942866  0.          0.         -0.14795735
 -0.23014912] | Reward=-0.013 | Cum=-1.186 | Info={'shot_attempted': False, 'pass_attempted': False, 'goal_scored': False, 'goal_team': None, 'ball_out_by': None, 'has_ball': False, 'start_shot_bonus': False, 'start_pass_bonus': False, 'possession_lost': False}
[Step 105] Action=[ 0.26407894  0.47318447  0.24975881  0.          0.         -0.14796974
 -0.23027627] | Reward=-0.013 | Cum=-1.199 | Info={'shot_attempted': False, 'pass_attempted': False, 'goal_scored': False, 'goal_team': None, 'ball_out_by': None, 'has_ball': False, 'start_shot_bonus': False, 'start_pass_bonus': False, 'possession_lost': False}
[Step 106] Action=[ 0.264176    0.47319242  0.2500813   0.          0.         -0.14798135
 -0.23040214] | Reward=-0.013 | Cum=-1.212 | Info={'shot_attempted': False, 'pass_attempted': False, 'goal_scored': False, 'goal_team': None, 'ball_out_by': None, 'has_ball': False, 'start_shot_bonus': False, 'start_pass_bonus': False, 'possession_lost': False}
[Step 107] Action=[ 0.2642748   0.47320175  0.2503957   0.          0.         -0.14799231
 -0.23052667] | Reward=-0.013 | Cum=-1.225 | Info={'shot_attempted': False, 'pass_attempted': False, 'goal_scored': False, 'goal_team': None, 'ball_out_by': None, 'has_ball': False, 'start_shot_bonus': False, 'start_pass_bonus': False, 'possession_lost': False}
[Step 108] Action=[ 0.26437354  0.4732111   0.25070986  0.          0.         -0.14800318
 -0.23065114] | Reward=-0.013 | Cum=-1.238 | Info={'shot_attempted': False, 'pass_attempted': False, 'goal_scored': False, 'goal_team': None, 'ball_out_by': None, 'has_ball': False, 'start_shot_bonus': False, 'start_pass_bonus': False, 'possession_lost': False}
[Step 109] Action=[ 0.26447216  0.4732205   0.2510239   0.          0.         -0.14801405
 -0.23077555] | Reward=-0.013 | Cum=-1.251 | Info={'shot_attempted': False, 'pass_attempted': False, 'goal_scored': False, 'goal_team': None, 'ball_out_by': None, 'has_ball': False, 'start_shot_bonus': False, 'start_pass_bonus': False, 'possession_lost': False}
[Step 110] Action=[ 0.2645707   0.4732299   0.25133777  0.          0.         -0.14802484
 -0.23089992] | Reward=-0.013 | Cum=-1.264 | Info={'shot_attempted': False, 'pass_attempted': False, 'goal_scored': False, 'goal_team': None, 'ball_out_by': None, 'has_ball': False, 'start_shot_bonus': False, 'start_pass_bonus': False, 'possession_lost': False}
[Step 111] Action=[ 0.2646692   0.47323936  0.2516514   0.          0.         -0.14803572
 -0.23102422] | Reward=-0.013 | Cum=-1.277 | Info={'shot_attempted': False, 'pass_attempted': False, 'goal_scored': False, 'goal_team': None, 'ball_out_by': None, 'has_ball': False, 'start_shot_bonus': False, 'start_pass_bonus': False, 'possession_lost': False}
[Step 112] Action=[ 0.26476768  0.4732488   0.251965    0.          0.         -0.1480465
 -0.23114845] | Reward=-0.013 | Cum=-1.290 | Info={'shot_attempted': False, 'pass_attempted': False, 'goal_scored': False, 'goal_team': None, 'ball_out_by': None, 'has_ball': False, 'start_shot_bonus': False, 'start_pass_bonus': False, 'possession_lost': False}
[Step 113] Action=[ 0.264866    0.47325838  0.25227833  0.          0.         -0.14805728
 -0.23127261] | Reward=-0.013 | Cum=-1.303 | Info={'shot_attempted': False, 'pass_attempted': False, 'goal_scored': False, 'goal_team': None, 'ball_out_by': None, 'has_ball': False, 'start_shot_bonus': False, 'start_pass_bonus': False, 'possession_lost': False}
[Step 114] Action=[ 0.26496425  0.4732679   0.25259152  0.          0.         -0.14806807
 -0.23139672] | Reward=-0.013 | Cum=-1.316 | Info={'shot_attempted': False, 'pass_attempted': False, 'goal_scored': False, 'goal_team': None, 'ball_out_by': None, 'has_ball': False, 'start_shot_bonus': False, 'start_pass_bonus': False, 'possession_lost': False}
[Step 115] Action=[ 0.26506248  0.47327748  0.25290453  0.          0.         -0.14807883
 -0.23152073] | Reward=-0.013 | Cum=-1.329 | Info={'shot_attempted': False, 'pass_attempted': False, 'goal_scored': False, 'goal_team': None, 'ball_out_by': None, 'has_ball': False, 'start_shot_bonus': False, 'start_pass_bonus': False, 'possession_lost': False}
[Step 116] Action=[ 0.26516593  0.47328693  0.2532174   0.          0.         -0.14808421
 -0.2316375 ] | Reward=-0.013 | Cum=-1.342 | Info={'shot_attempted': False, 'pass_attempted': False, 'goal_scored': False, 'goal_team': None, 'ball_out_by': None, 'has_ball': False, 'start_shot_bonus': False, 'start_pass_bonus': False, 'possession_lost': False}
[Step 117] Action=[ 0.26527023  0.4732964   0.25353014  0.          0.         -0.1480885
 -0.2317528 ] | Reward=-0.013 | Cum=-1.355 | Info={'shot_attempted': False, 'pass_attempted': False, 'goal_scored': False, 'goal_team': None, 'ball_out_by': None, 'has_ball': False, 'start_shot_bonus': False, 'start_pass_bonus': False, 'possession_lost': False}
[Step 118] Action=[ 0.26537454  0.47330582  0.25384265  0.          0.         -0.14809282
 -0.231868  ] | Reward=-0.013 | Cum=-1.368 | Info={'shot_attempted': False, 'pass_attempted': False, 'goal_scored': False, 'goal_team': None, 'ball_out_by': None, 'has_ball': False, 'start_shot_bonus': False, 'start_pass_bonus': False, 'possession_lost': False}
[Step 119] Action=[ 0.26547873  0.47331536  0.25415492  0.          0.         -0.14809708
 -0.23198318] | Reward=-0.013 | Cum=-1.382 | Info={'shot_attempted': False, 'pass_attempted': False, 'goal_scored': False, 'goal_team': None, 'ball_out_by': None, 'has_ball': False, 'start_shot_bonus': False, 'start_pass_bonus': False, 'possession_lost': False}
[Step 120] Action=[ 0.2655828   0.4733249   0.2544671   0.          0.         -0.14810136
 -0.23209828] | Reward=-0.013 | Cum=-1.395 | Info={'shot_attempted': False, 'pass_attempted': False, 'goal_scored': False, 'goal_team': None, 'ball_out_by': None, 'has_ball': False, 'start_shot_bonus': False, 'start_pass_bonus': False, 'possession_lost': False}
[Step 121] Action=[ 0.26568687  0.47333446  0.25477916  0.          0.         -0.14810564
 -0.23221338] | Reward=-0.013 | Cum=-1.408 | Info={'shot_attempted': False, 'pass_attempted': False, 'goal_scored': False, 'goal_team': None, 'ball_out_by': None, 'has_ball': False, 'start_shot_bonus': False, 'start_pass_bonus': False, 'possession_lost': False}
[Step 122] Action=[ 0.26579085  0.47334403  0.255091    0.          0.         -0.14810987
 -0.23232841] | Reward=-0.013 | Cum=-1.421 | Info={'shot_attempted': False, 'pass_attempted': False, 'goal_scored': False, 'goal_team': None, 'ball_out_by': None, 'has_ball': False, 'start_shot_bonus': False, 'start_pass_bonus': False, 'possession_lost': False}
[Step 123] Action=[ 0.2658947   0.4733537   0.2554027   0.          0.         -0.14811414
 -0.23244339] | Reward=-0.013 | Cum=-1.434 | Info={'shot_attempted': False, 'pass_attempted': False, 'goal_scored': False, 'goal_team': None, 'ball_out_by': None, 'has_ball': False, 'start_shot_bonus': False, 'start_pass_bonus': False, 'possession_lost': False}
[Step 124] Action=[ 0.26599848  0.47336337  0.25571427  0.          0.         -0.1481184
 -0.23255835] | Reward=-0.013 | Cum=-1.448 | Info={'shot_attempted': False, 'pass_attempted': False, 'goal_scored': False, 'goal_team': None, 'ball_out_by': None, 'has_ball': False, 'start_shot_bonus': False, 'start_pass_bonus': False, 'possession_lost': False}
[Step 125] Action=[ 0.2661022   0.47337303  0.25602564  0.          0.         -0.14812258
 -0.2326732 ] | Reward=-0.013 | Cum=-1.461 | Info={'shot_attempted': False, 'pass_attempted': False, 'goal_scored': False, 'goal_team': None, 'ball_out_by': None, 'has_ball': False, 'start_shot_bonus': False, 'start_pass_bonus': False, 'possession_lost': False}
[Step 126] Action=[ 0.26620588  0.4733827   0.25633684  0.          0.         -0.14812677
 -0.23278801] | Reward=-0.013 | Cum=-1.474 | Info={'shot_attempted': False, 'pass_attempted': False, 'goal_scored': False, 'goal_team': None, 'ball_out_by': None, 'has_ball': False, 'start_shot_bonus': False, 'start_pass_bonus': False, 'possession_lost': False}
[Step 127] Action=[ 0.26630947  0.47339246  0.25664794  0.          0.         -0.14813098
 -0.23290278] | Reward=-0.013 | Cum=-1.487 | Info={'shot_attempted': False, 'pass_attempted': False, 'goal_scored': False, 'goal_team': None, 'ball_out_by': None, 'has_ball': False, 'start_shot_bonus': False, 'start_pass_bonus': False, 'possession_lost': False}
[Step 128] Action=[ 0.26641297  0.4734022   0.2569589   0.          0.         -0.14813517
 -0.23301752] | Reward=-0.013 | Cum=-1.501 | Info={'shot_attempted': False, 'pass_attempted': False, 'goal_scored': False, 'goal_team': None, 'ball_out_by': None, 'has_ball': False, 'start_shot_bonus': False, 'start_pass_bonus': False, 'possession_lost': False}
[Step 129] Action=[ 0.26651633  0.473412    0.25726956  0.          0.         -0.14813936
 -0.23313218] | Reward=-0.013 | Cum=-1.514 | Info={'shot_attempted': False, 'pass_attempted': False, 'goal_scored': False, 'goal_team': None, 'ball_out_by': None, 'has_ball': False, 'start_shot_bonus': False, 'start_pass_bonus': False, 'possession_lost': False}
[Step 130] Action=[ 0.26661962  0.47342187  0.2575801   0.          0.         -0.14814351
 -0.23324685] | Reward=-0.013 | Cum=-1.527 | Info={'shot_attempted': False, 'pass_attempted': False, 'goal_scored': False, 'goal_team': None, 'ball_out_by': None, 'has_ball': False, 'start_shot_bonus': False, 'start_pass_bonus': False, 'possession_lost': False}
[Step 131] Action=[ 0.2667229   0.47343168  0.2578905   0.          0.         -0.14814767
 -0.2333614 ] | Reward=-0.013 | Cum=-1.541 | Info={'shot_attempted': False, 'pass_attempted': False, 'goal_scored': False, 'goal_team': None, 'ball_out_by': None, 'has_ball': False, 'start_shot_bonus': False, 'start_pass_bonus': False, 'possession_lost': False}
[Step 132] Action=[ 0.26682606  0.47344157  0.2582008   0.          0.         -0.14815179
 -0.23347591] | Reward=-0.013 | Cum=-1.554 | Info={'shot_attempted': False, 'pass_attempted': False, 'goal_scored': False, 'goal_team': None, 'ball_out_by': None, 'has_ball': False, 'start_shot_bonus': False, 'start_pass_bonus': False, 'possession_lost': False}
[Step 133] Action=[ 0.26692918  0.47345147  0.2585109   0.          0.         -0.14815593
 -0.23359036] | Reward=-0.013 | Cum=-1.567 | Info={'shot_attempted': False, 'pass_attempted': False, 'goal_scored': False, 'goal_team': None, 'ball_out_by': None, 'has_ball': False, 'start_shot_bonus': False, 'start_pass_bonus': False, 'possession_lost': False}
[Step 134] Action=[ 0.26703218  0.47346145  0.25882086  0.          0.         -0.14816003
 -0.23370482] | Reward=-0.013 | Cum=-1.581 | Info={'shot_attempted': False, 'pass_attempted': False, 'goal_scored': False, 'goal_team': None, 'ball_out_by': None, 'has_ball': False, 'start_shot_bonus': False, 'start_pass_bonus': False, 'possession_lost': False}
[Step 135] Action=[ 0.2671351   0.47347134  0.25913063  0.          0.         -0.14816414
 -0.23381917] | Reward=-0.013 | Cum=-1.594 | Info={'shot_attempted': False, 'pass_attempted': False, 'goal_scored': False, 'goal_team': None, 'ball_out_by': None, 'has_ball': False, 'start_shot_bonus': False, 'start_pass_bonus': False, 'possession_lost': False}
[Step 136] Action=[ 0.2672382   0.47348297  0.25944105  0.          0.         -0.1481702
 -0.23393387] | Reward=-0.013 | Cum=-1.608 | Info={'shot_attempted': False, 'pass_attempted': False, 'goal_scored': False, 'goal_team': None, 'ball_out_by': None, 'has_ball': False, 'start_shot_bonus': False, 'start_pass_bonus': False, 'possession_lost': False}
[Step 137] Action=[ 0.2673425   0.473503    0.25975543  0.          0.         -0.14818667
 -0.23405069] | Reward=-0.013 | Cum=-1.621 | Info={'shot_attempted': False, 'pass_attempted': False, 'goal_scored': False, 'goal_team': None, 'ball_out_by': None, 'has_ball': False, 'start_shot_bonus': False, 'start_pass_bonus': False, 'possession_lost': False}
[Step 138] Action=[ 0.26744673  0.47352305  0.26006973  0.          0.         -0.1482031
 -0.23416741] | Reward=-0.013 | Cum=-1.635 | Info={'shot_attempted': False, 'pass_attempted': False, 'goal_scored': False, 'goal_team': None, 'ball_out_by': None, 'has_ball': False, 'start_shot_bonus': False, 'start_pass_bonus': False, 'possession_lost': False}
[Step 139] Action=[ 0.26755083  0.47354317  0.2603838   0.          0.         -0.14821953
 -0.23428407] | Reward=-0.013 | Cum=-1.648 | Info={'shot_attempted': False, 'pass_attempted': False, 'goal_scored': False, 'goal_team': None, 'ball_out_by': None, 'has_ball': False, 'start_shot_bonus': False, 'start_pass_bonus': False, 'possession_lost': False}
[Step 140] Action=[ 0.26765493  0.47356328  0.2606978   0.          0.         -0.14823598
 -0.23440069] | Reward=-0.013 | Cum=-1.661 | Info={'shot_attempted': False, 'pass_attempted': False, 'goal_scored': False, 'goal_team': None, 'ball_out_by': None, 'has_ball': False, 'start_shot_bonus': False, 'start_pass_bonus': False, 'possession_lost': False}
[Step 141] Action=[ 0.26775897  0.47358343  0.26101157  0.          0.         -0.14825237
 -0.23451725] | Reward=-0.013 | Cum=-1.675 | Info={'shot_attempted': False, 'pass_attempted': False, 'goal_scored': False, 'goal_team': None, 'ball_out_by': None, 'has_ball': False, 'start_shot_bonus': False, 'start_pass_bonus': False, 'possession_lost': False}
[Step 142] Action=[ 0.2678636   0.4736034   0.2613262   0.          0.         -0.14826778
 -0.23463407] | Reward=-0.014 | Cum=-1.688 | Info={'shot_attempted': False, 'pass_attempted': False, 'goal_scored': False, 'goal_team': None, 'ball_out_by': None, 'has_ball': False, 'start_shot_bonus': False, 'start_pass_bonus': False, 'possession_lost': False}
[Step 143] Action=[ 0.26797524  0.47362155  0.26164925  0.          0.         -0.14827493
 -0.23475324] | Reward=-0.014 | Cum=-1.702 | Info={'shot_attempted': False, 'pass_attempted': False, 'goal_scored': False, 'goal_team': None, 'ball_out_by': None, 'has_ball': False, 'start_shot_bonus': False, 'start_pass_bonus': False, 'possession_lost': False}
[Step 144] Action=[ 0.26808685  0.47363967  0.26197216  0.          0.         -0.14828199
 -0.23487237] | Reward=-0.014 | Cum=-1.715 | Info={'shot_attempted': False, 'pass_attempted': False, 'goal_scored': False, 'goal_team': None, 'ball_out_by': None, 'has_ball': False, 'start_shot_bonus': False, 'start_pass_bonus': False, 'possession_lost': False}
[Step 145] Action=[ 0.26819825  0.4736578   0.26229483  0.          0.         -0.14828908
 -0.23499145] | Reward=-0.014 | Cum=-1.729 | Info={'shot_attempted': False, 'pass_attempted': False, 'goal_scored': False, 'goal_team': None, 'ball_out_by': None, 'has_ball': False, 'start_shot_bonus': False, 'start_pass_bonus': False, 'possession_lost': False}
[Step 146] Action=[ 0.26830968  0.473676    0.26261735  0.          0.         -0.14829618
 -0.23511046] | Reward=-0.014 | Cum=-1.743 | Info={'shot_attempted': False, 'pass_attempted': False, 'goal_scored': False, 'goal_team': None, 'ball_out_by': None, 'has_ball': False, 'start_shot_bonus': False, 'start_pass_bonus': False, 'possession_lost': False}
[Step 147] Action=[ 0.26842096  0.4736942   0.26293972  0.          0.         -0.14830326
 -0.23522945] | Reward=-0.014 | Cum=-1.756 | Info={'shot_attempted': False, 'pass_attempted': False, 'goal_scored': False, 'goal_team': None, 'ball_out_by': None, 'has_ball': False, 'start_shot_bonus': False, 'start_pass_bonus': False, 'possession_lost': False}
[Step 148] Action=[ 0.2685322   0.47371247  0.263262    0.          0.         -0.14831032
 -0.23534839] | Reward=-0.014 | Cum=-1.770 | Info={'shot_attempted': False, 'pass_attempted': False, 'goal_scored': False, 'goal_team': None, 'ball_out_by': None, 'has_ball': False, 'start_shot_bonus': False, 'start_pass_bonus': False, 'possession_lost': False}
[Step 149] Action=[ 0.26864314  0.47373185  0.2635891   0.          0.         -0.14831795
 -0.23546788] | Reward=-0.014 | Cum=-1.783 | Info={'shot_attempted': False, 'pass_attempted': False, 'goal_scored': False, 'goal_team': None, 'ball_out_by': None, 'has_ball': False, 'start_shot_bonus': False, 'start_pass_bonus': False, 'possession_lost': False}
[Step 150] Action=[ 0.26875404  0.47375146  0.26391724  0.          0.         -0.14832568
 -0.23558737] | Reward=-0.014 | Cum=-1.797 | Info={'shot_attempted': False, 'pass_attempted': False, 'goal_scored': False, 'goal_team': None, 'ball_out_by': None, 'has_ball': False, 'start_shot_bonus': False, 'start_pass_bonus': False, 'possession_lost': False}
[Step 151] Action=[ 0.26886493  0.47377053  0.26424798  0.          0.         -0.14833516
 -0.23570593] | Reward=-0.014 | Cum=-1.811 | Info={'shot_attempted': False, 'pass_attempted': False, 'goal_scored': False, 'goal_team': None, 'ball_out_by': None, 'has_ball': False, 'start_shot_bonus': False, 'start_pass_bonus': False, 'possession_lost': False}
[Step 152] Action=[ 0.268976    0.4737883   0.26458544  0.          0.         -0.14834914
 -0.23582184] | Reward=-0.014 | Cum=-1.824 | Info={'shot_attempted': False, 'pass_attempted': False, 'goal_scored': False, 'goal_team': None, 'ball_out_by': None, 'has_ball': False, 'start_shot_bonus': False, 'start_pass_bonus': False, 'possession_lost': False}
[Step 153] Action=[ 0.269087    0.47380608  0.2649227   0.          0.         -0.14836307
 -0.23593774] | Reward=-0.014 | Cum=-1.838 | Info={'shot_attempted': False, 'pass_attempted': False, 'goal_scored': False, 'goal_team': None, 'ball_out_by': None, 'has_ball': False, 'start_shot_bonus': False, 'start_pass_bonus': False, 'possession_lost': False}
[Step 154] Action=[ 0.26919794  0.47382388  0.2652598   0.          0.         -0.14837697
 -0.2360536 ] | Reward=-0.014 | Cum=-1.851 | Info={'shot_attempted': False, 'pass_attempted': False, 'goal_scored': False, 'goal_team': None, 'ball_out_by': None, 'has_ball': False, 'start_shot_bonus': False, 'start_pass_bonus': False, 'possession_lost': False}
[Step 155] Action=[ 0.26930878  0.47384176  0.26559666  0.          0.         -0.14839084
 -0.23616935] | Reward=-0.014 | Cum=-1.865 | Info={'shot_attempted': False, 'pass_attempted': False, 'goal_scored': False, 'goal_team': None, 'ball_out_by': None, 'has_ball': False, 'start_shot_bonus': False, 'start_pass_bonus': False, 'possession_lost': False}
[Step 156] Action=[ 0.26941946  0.4738596   0.2659333   0.          0.         -0.14840472
 -0.23628508] | Reward=-0.014 | Cum=-1.879 | Info={'shot_attempted': False, 'pass_attempted': False, 'goal_scored': False, 'goal_team': None, 'ball_out_by': None, 'has_ball': False, 'start_shot_bonus': False, 'start_pass_bonus': False, 'possession_lost': False}
[Step 157] Action=[ 0.26953018  0.47387743  0.26626977  0.          0.         -0.1484186
 -0.23640075] | Reward=-0.014 | Cum=-1.893 | Info={'shot_attempted': False, 'pass_attempted': False, 'goal_scored': False, 'goal_team': None, 'ball_out_by': None, 'has_ball': False, 'start_shot_bonus': False, 'start_pass_bonus': False, 'possession_lost': False}
[Step 158] Action=[ 0.26964077  0.47389537  0.2666061   0.          0.         -0.14843243
 -0.23651643] | Reward=-0.014 | Cum=-1.906 | Info={'shot_attempted': False, 'pass_attempted': False, 'goal_scored': False, 'goal_team': None, 'ball_out_by': None, 'has_ball': False, 'start_shot_bonus': False, 'start_pass_bonus': False, 'possession_lost': False}
[Step 159] Action=[ 0.26975122  0.47391325  0.26694208  0.          0.         -0.14844622
 -0.23663196] | Reward=-0.014 | Cum=-1.920 | Info={'shot_attempted': False, 'pass_attempted': False, 'goal_scored': False, 'goal_team': None, 'ball_out_by': None, 'has_ball': False, 'start_shot_bonus': False, 'start_pass_bonus': False, 'possession_lost': False}
[Step 160] Action=[ 0.2698617   0.47393125  0.26727802  0.          0.         -0.14846005
 -0.23674755] | Reward=-0.014 | Cum=-1.934 | Info={'shot_attempted': False, 'pass_attempted': False, 'goal_scored': False, 'goal_team': None, 'ball_out_by': None, 'has_ball': False, 'start_shot_bonus': False, 'start_pass_bonus': False, 'possession_lost': False}
[Step 161] Action=[ 0.26997203  0.47394916  0.26761368  0.          0.         -0.14847383
 -0.23686302] | Reward=-0.014 | Cum=-1.947 | Info={'shot_attempted': False, 'pass_attempted': False, 'goal_scored': False, 'goal_team': None, 'ball_out_by': None, 'has_ball': False, 'start_shot_bonus': False, 'start_pass_bonus': False, 'possession_lost': False}
[Step 162] Action=[ 0.27008227  0.47396716  0.2679492   0.          0.         -0.14848755
 -0.23697846] | Reward=-0.014 | Cum=-1.961 | Info={'shot_attempted': False, 'pass_attempted': False, 'goal_scored': False, 'goal_team': None, 'ball_out_by': None, 'has_ball': False, 'start_shot_bonus': False, 'start_pass_bonus': False, 'possession_lost': False}
[Step 163] Action=[ 0.2701925   0.47398517  0.26828444  0.          0.         -0.1485013
 -0.23709387] | Reward=-0.014 | Cum=-1.975 | Info={'shot_attempted': False, 'pass_attempted': False, 'goal_scored': False, 'goal_team': None, 'ball_out_by': None, 'has_ball': False, 'start_shot_bonus': False, 'start_pass_bonus': False, 'possession_lost': False}
[Step 164] Action=[ 0.2703026   0.47400326  0.26861957  0.          0.         -0.14851497
 -0.23720919] | Reward=-0.014 | Cum=-1.989 | Info={'shot_attempted': False, 'pass_attempted': False, 'goal_scored': False, 'goal_team': None, 'ball_out_by': None, 'has_ball': False, 'start_shot_bonus': False, 'start_pass_bonus': False, 'possession_lost': False}
[Step 165] Action=[ 0.2704126   0.47402126  0.2689544   0.          0.         -0.14852868
 -0.23732449] | Reward=-0.014 | Cum=-2.003 | Info={'shot_attempted': False, 'pass_attempted': False, 'goal_scored': False, 'goal_team': None, 'ball_out_by': None, 'has_ball': False, 'start_shot_bonus': False, 'start_pass_bonus': False, 'possession_lost': False}
[Step 166] Action=[ 0.27052253  0.4740393   0.2692891   0.          0.         -0.14854234
 -0.23743977] | Reward=-0.014 | Cum=-2.016 | Info={'shot_attempted': False, 'pass_attempted': False, 'goal_scored': False, 'goal_team': None, 'ball_out_by': None, 'has_ball': False, 'start_shot_bonus': False, 'start_pass_bonus': False, 'possession_lost': False}
[Step 167] Action=[ 0.27063242  0.4740574   0.26962358  0.          0.         -0.14855596
 -0.23755497] | Reward=-0.014 | Cum=-2.030 | Info={'shot_attempted': False, 'pass_attempted': False, 'goal_scored': False, 'goal_team': None, 'ball_out_by': None, 'has_ball': False, 'start_shot_bonus': False, 'start_pass_bonus': False, 'possession_lost': False}
[Step 168] Action=[ 0.27074218  0.47407553  0.26995793  0.          0.         -0.1485696
 -0.23767011] | Reward=-0.014 | Cum=-2.044 | Info={'shot_attempted': False, 'pass_attempted': False, 'goal_scored': False, 'goal_team': None, 'ball_out_by': None, 'has_ball': False, 'start_shot_bonus': False, 'start_pass_bonus': False, 'possession_lost': False}
[Step 169] Action=[ 0.27085185  0.47409368  0.27029195  0.          0.         -0.14858319
 -0.2377852 ] | Reward=-0.014 | Cum=-2.058 | Info={'shot_attempted': False, 'pass_attempted': False, 'goal_scored': False, 'goal_team': None, 'ball_out_by': None, 'has_ball': False, 'start_shot_bonus': False, 'start_pass_bonus': False, 'possession_lost': False}
[Step 170] Action=[ 0.27096155  0.47411183  0.27062592  0.          0.         -0.1485968
 -0.23790029] | Reward=-0.014 | Cum=-2.072 | Info={'shot_attempted': False, 'pass_attempted': False, 'goal_scored': False, 'goal_team': None, 'ball_out_by': None, 'has_ball': False, 'start_shot_bonus': False, 'start_pass_bonus': False, 'possession_lost': False}
[Step 171] Action=[ 0.27107105  0.47413003  0.27095965  0.          0.         -0.14861037
 -0.2380153 ] | Reward=-0.014 | Cum=-2.086 | Info={'shot_attempted': False, 'pass_attempted': False, 'goal_scored': False, 'goal_team': None, 'ball_out_by': None, 'has_ball': False, 'start_shot_bonus': False, 'start_pass_bonus': False, 'possession_lost': False}
[Step 172] Action=[ 0.27118054  0.47414824  0.2712932   0.          0.         -0.14862388
 -0.23813027] | Reward=-0.014 | Cum=-2.099 | Info={'shot_attempted': False, 'pass_attempted': False, 'goal_scored': False, 'goal_team': None, 'ball_out_by': None, 'has_ball': False, 'start_shot_bonus': False, 'start_pass_bonus': False, 'possession_lost': False}
[Step 173] Action=[ 0.2712899   0.47416645  0.2716265   0.          0.         -0.14863741
 -0.23824514] | Reward=-0.014 | Cum=-2.113 | Info={'shot_attempted': False, 'pass_attempted': False, 'goal_scored': False, 'goal_team': None, 'ball_out_by': None, 'has_ball': False, 'start_shot_bonus': False, 'start_pass_bonus': False, 'possession_lost': False}
[Step 174] Action=[ 0.2713992   0.47418475  0.27195957  0.          0.         -0.14865093
 -0.23836002] | Reward=-0.014 | Cum=-2.127 | Info={'shot_attempted': False, 'pass_attempted': False, 'goal_scored': False, 'goal_team': None, 'ball_out_by': None, 'has_ball': False, 'start_shot_bonus': False, 'start_pass_bonus': False, 'possession_lost': False}
[Step 175] Action=[ 0.2715084   0.47420296  0.27229255  0.          0.         -0.14866441
 -0.23847485] | Reward=-0.014 | Cum=-2.141 | Info={'shot_attempted': False, 'pass_attempted': False, 'goal_scored': False, 'goal_team': None, 'ball_out_by': None, 'has_ball': False, 'start_shot_bonus': False, 'start_pass_bonus': False, 'possession_lost': False}
[Step 176] Action=[ 0.27161762  0.47422126  0.2726253   0.          0.         -0.14867787
 -0.23858964] | Reward=-0.014 | Cum=-2.155 | Info={'shot_attempted': False, 'pass_attempted': False, 'goal_scored': False, 'goal_team': None, 'ball_out_by': None, 'has_ball': False, 'start_shot_bonus': False, 'start_pass_bonus': False, 'possession_lost': False}
[Step 177] Action=[ 0.27172667  0.47423956  0.27295783  0.          0.         -0.14869131
 -0.23870435] | Reward=-0.014 | Cum=-2.169 | Info={'shot_attempted': False, 'pass_attempted': False, 'goal_scored': False, 'goal_team': None, 'ball_out_by': None, 'has_ball': False, 'start_shot_bonus': False, 'start_pass_bonus': False, 'possession_lost': False}
[Step 178] Action=[ 0.27183565  0.47425795  0.27329013  0.          0.         -0.14870474
 -0.23881903] | Reward=-0.014 | Cum=-2.183 | Info={'shot_attempted': False, 'pass_attempted': False, 'goal_scored': False, 'goal_team': None, 'ball_out_by': None, 'has_ball': False, 'start_shot_bonus': False, 'start_pass_bonus': False, 'possession_lost': False}
[Step 179] Action=[ 0.27194455  0.47427627  0.27362227  0.          0.         -0.14871809
 -0.23893365] | Reward=-0.014 | Cum=-2.197 | Info={'shot_attempted': False, 'pass_attempted': False, 'goal_scored': False, 'goal_team': None, 'ball_out_by': None, 'has_ball': False, 'start_shot_bonus': False, 'start_pass_bonus': False, 'possession_lost': False}
[Step 180] Action=[ 0.27205342  0.4742946   0.27395424  0.          0.         -0.14873154
 -0.23904827] | Reward=-0.014 | Cum=-2.211 | Info={'shot_attempted': False, 'pass_attempted': False, 'goal_scored': False, 'goal_team': None, 'ball_out_by': None, 'has_ball': False, 'start_shot_bonus': False, 'start_pass_bonus': False, 'possession_lost': False}
[Step 181] Action=[ 0.2721621   0.47431305  0.27428606  0.          0.         -0.14874487
 -0.23916276] | Reward=-0.014 | Cum=-2.225 | Info={'shot_attempted': False, 'pass_attempted': False, 'goal_scored': False, 'goal_team': None, 'ball_out_by': None, 'has_ball': False, 'start_shot_bonus': False, 'start_pass_bonus': False, 'possession_lost': False}
[Step 182] Action=[ 0.27226985  0.47433203  0.27461863  0.          0.         -0.14875874
 -0.23927791] | Reward=-0.014 | Cum=-2.239 | Info={'shot_attempted': False, 'pass_attempted': False, 'goal_scored': False, 'goal_team': None, 'ball_out_by': None, 'has_ball': False, 'start_shot_bonus': False, 'start_pass_bonus': False, 'possession_lost': False}
[Step 183] Action=[ 0.27237016  0.47435558  0.2749586   0.          0.         -0.1487764
 -0.23939764] | Reward=-0.014 | Cum=-2.253 | Info={'shot_attempted': False, 'pass_attempted': False, 'goal_scored': False, 'goal_team': None, 'ball_out_by': None, 'has_ball': False, 'start_shot_bonus': False, 'start_pass_bonus': False, 'possession_lost': False}
[Step 184] Action=[ 0.2724704   0.4743791   0.27529842  0.          0.         -0.14879401
 -0.23951733] | Reward=-0.014 | Cum=-2.267 | Info={'shot_attempted': False, 'pass_attempted': False, 'goal_scored': False, 'goal_team': None, 'ball_out_by': None, 'has_ball': False, 'start_shot_bonus': False, 'start_pass_bonus': False, 'possession_lost': False}
[Step 185] Action=[ 0.2725706   0.47440267  0.27563804  0.          0.         -0.14881164
 -0.23963694] | Reward=-0.014 | Cum=-2.281 | Info={'shot_attempted': False, 'pass_attempted': False, 'goal_scored': False, 'goal_team': None, 'ball_out_by': None, 'has_ball': False, 'start_shot_bonus': False, 'start_pass_bonus': False, 'possession_lost': False}
[Step 186] Action=[ 0.27267075  0.47442627  0.27597746  0.          0.         -0.1488292
 -0.23975655] | Reward=-0.014 | Cum=-2.295 | Info={'shot_attempted': False, 'pass_attempted': False, 'goal_scored': False, 'goal_team': None, 'ball_out_by': None, 'has_ball': False, 'start_shot_bonus': False, 'start_pass_bonus': False, 'possession_lost': False}
[Step 187] Action=[ 0.27277076  0.4744498   0.27631667  0.          0.         -0.14884673
 -0.23987608] | Reward=-0.014 | Cum=-2.309 | Info={'shot_attempted': False, 'pass_attempted': False, 'goal_scored': False, 'goal_team': None, 'ball_out_by': None, 'has_ball': False, 'start_shot_bonus': False, 'start_pass_bonus': False, 'possession_lost': False}
[Step 188] Action=[ 0.27287078  0.47447342  0.27665567  0.          0.         -0.14886425
 -0.23999558] | Reward=-0.014 | Cum=-2.323 | Info={'shot_attempted': False, 'pass_attempted': False, 'goal_scored': False, 'goal_team': None, 'ball_out_by': None, 'has_ball': False, 'start_shot_bonus': False, 'start_pass_bonus': False, 'possession_lost': False}
[Step 189] Action=[ 0.2729707   0.47449708  0.2769944   0.          0.         -0.14888175
 -0.24011497] | Reward=-0.014 | Cum=-2.337 | Info={'shot_attempted': False, 'pass_attempted': False, 'goal_scored': False, 'goal_team': None, 'ball_out_by': None, 'has_ball': False, 'start_shot_bonus': False, 'start_pass_bonus': False, 'possession_lost': False}
[Step 190] Action=[ 0.2730705   0.47452065  0.277333    0.          0.         -0.14889923
 -0.24023435] | Reward=-0.014 | Cum=-2.351 | Info={'shot_attempted': False, 'pass_attempted': False, 'goal_scored': False, 'goal_team': None, 'ball_out_by': None, 'has_ball': False, 'start_shot_bonus': False, 'start_pass_bonus': False, 'possession_lost': False}
[Step 191] Action=[ 0.27317032  0.47454435  0.27767143  0.          0.         -0.14891669
 -0.24035367] | Reward=-0.014 | Cum=-2.365 | Info={'shot_attempted': False, 'pass_attempted': False, 'goal_scored': False, 'goal_team': None, 'ball_out_by': None, 'has_ball': False, 'start_shot_bonus': False, 'start_pass_bonus': False, 'possession_lost': False}
[Step 192] Action=[ 0.27326998  0.474568    0.27800953  0.          0.         -0.14893411
 -0.24047294] | Reward=-0.014 | Cum=-2.379 | Info={'shot_attempted': False, 'pass_attempted': False, 'goal_scored': False, 'goal_team': None, 'ball_out_by': None, 'has_ball': False, 'start_shot_bonus': False, 'start_pass_bonus': False, 'possession_lost': False}
[Step 193] Action=[ 0.27336964  0.4745917   0.27834752  0.          0.         -0.14895149
 -0.24059215] | Reward=-0.014 | Cum=-2.393 | Info={'shot_attempted': False, 'pass_attempted': False, 'goal_scored': False, 'goal_team': None, 'ball_out_by': None, 'has_ball': False, 'start_shot_bonus': False, 'start_pass_bonus': False, 'possession_lost': False}
[Step 194] Action=[ 0.27346918  0.4746154   0.2786854   0.          0.         -0.14896889
 -0.24071133] | Reward=-0.014 | Cum=-2.407 | Info={'shot_attempted': False, 'pass_attempted': False, 'goal_scored': False, 'goal_team': None, 'ball_out_by': None, 'has_ball': False, 'start_shot_bonus': False, 'start_pass_bonus': False, 'possession_lost': False}
[Step 195] Action=[ 0.2735687   0.47463906  0.2790229   0.          0.         -0.14898625
 -0.24083045] | Reward=-0.014 | Cum=-2.421 | Info={'shot_attempted': False, 'pass_attempted': False, 'goal_scored': False, 'goal_team': None, 'ball_out_by': None, 'has_ball': False, 'start_shot_bonus': False, 'start_pass_bonus': False, 'possession_lost': False}
[Step 196] Action=[ 0.2736681   0.4746629   0.2793603   0.          0.         -0.14900358
 -0.24094954] | Reward=-0.014 | Cum=-2.435 | Info={'shot_attempted': False, 'pass_attempted': False, 'goal_scored': False, 'goal_team': None, 'ball_out_by': None, 'has_ball': False, 'start_shot_bonus': False, 'start_pass_bonus': False, 'possession_lost': False}
[Step 197] Action=[ 0.27376747  0.4746866   0.2796975   0.          0.         -0.1490209
 -0.24106847] | Reward=-0.014 | Cum=-2.449 | Info={'shot_attempted': False, 'pass_attempted': False, 'goal_scored': False, 'goal_team': None, 'ball_out_by': None, 'has_ball': False, 'start_shot_bonus': False, 'start_pass_bonus': False, 'possession_lost': False}
[Step 198] Action=[ 0.27386677  0.47471038  0.28003448  0.          0.         -0.14903817
 -0.24118745] | Reward=-0.014 | Cum=-2.463 | Info={'shot_attempted': False, 'pass_attempted': False, 'goal_scored': False, 'goal_team': None, 'ball_out_by': None, 'has_ball': False, 'start_shot_bonus': False, 'start_pass_bonus': False, 'possession_lost': False}
[Step 199] Action=[ 0.273966    0.47473416  0.28037122  0.          0.         -0.14905542
 -0.24130635] | Reward=-0.014 | Cum=-2.478 | Info={'shot_attempted': False, 'pass_attempted': False, 'goal_scored': False, 'goal_team': None, 'ball_out_by': None, 'has_ball': False, 'start_shot_bonus': False, 'start_pass_bonus': False, 'possession_lost': False}
[Step 200] Action=[ 0.27406514  0.4747579   0.2807078   0.          0.         -0.14907268
 -0.24142526] | Reward=-0.014 | Cum=-2.492 | Info={'shot_attempted': False, 'pass_attempted': False, 'goal_scored': False, 'goal_team': None, 'ball_out_by': None, 'has_ball': False, 'start_shot_bonus': False, 'start_pass_bonus': False, 'possession_lost': False}
[Step 201] Action=[ 0.27416426  0.47478175  0.2810442   0.          0.         -0.1490899
 -0.24154402] | Reward=-0.014 | Cum=-2.506 | Info={'shot_attempted': False, 'pass_attempted': False, 'goal_scored': False, 'goal_team': None, 'ball_out_by': None, 'has_ball': False, 'start_shot_bonus': False, 'start_pass_bonus': False, 'possession_lost': False}
[Step 202] Action=[ 0.27426326  0.47480556  0.28138033  0.          0.         -0.14910707
 -0.24166277] | Reward=-0.014 | Cum=-2.520 | Info={'shot_attempted': False, 'pass_attempted': False, 'goal_scored': False, 'goal_team': None, 'ball_out_by': None, 'has_ball': False, 'start_shot_bonus': False, 'start_pass_bonus': False, 'possession_lost': False}
[Step 203] Action=[ 0.2743622   0.4748295   0.28171632  0.          0.         -0.14912422
 -0.24178149] | Reward=-0.014 | Cum=-2.534 | Info={'shot_attempted': False, 'pass_attempted': False, 'goal_scored': False, 'goal_team': None, 'ball_out_by': None, 'has_ball': False, 'start_shot_bonus': False, 'start_pass_bonus': False, 'possession_lost': False}
[Step 204] Action=[ 0.27446112  0.47485334  0.28205216  0.          0.         -0.14914137
 -0.24190016] | Reward=-0.014 | Cum=-2.548 | Info={'shot_attempted': False, 'pass_attempted': False, 'goal_scored': False, 'goal_team': None, 'ball_out_by': None, 'has_ball': False, 'start_shot_bonus': False, 'start_pass_bonus': False, 'possession_lost': False}
[Step 205] Action=[ 0.27455992  0.4748772   0.28238767  0.          0.         -0.1491585
 -0.24201874] | Reward=-0.014 | Cum=-2.562 | Info={'shot_attempted': False, 'pass_attempted': False, 'goal_scored': False, 'goal_team': None, 'ball_out_by': None, 'has_ball': False, 'start_shot_bonus': False, 'start_pass_bonus': False, 'possession_lost': False}
[Step 206] Action=[ 0.20417759  0.42893898  0.22689493  0.          0.         -0.14227189
 -0.22317748] | Reward=-0.014 | Cum=-2.577 | Info={'shot_attempted': False, 'pass_attempted': False, 'goal_scored': False, 'goal_team': None, 'ball_out_by': None, 'has_ball': False, 'start_shot_bonus': False, 'start_pass_bonus': False, 'possession_lost': False}
[Step 207] Action=[ 0.20427917  0.4289617   0.22717592  0.          0.         -0.14233917
 -0.22325183] | Reward=-0.014 | Cum=-2.591 | Info={'shot_attempted': False, 'pass_attempted': False, 'goal_scored': False, 'goal_team': None, 'ball_out_by': None, 'has_ball': False, 'start_shot_bonus': False, 'start_pass_bonus': False, 'possession_lost': False}
[Step 208] Action=[ 0.20438072  0.4289845   0.2274568   0.          0.         -0.14240639
 -0.22332618] | Reward=-0.014 | Cum=-2.605 | Info={'shot_attempted': False, 'pass_attempted': False, 'goal_scored': False, 'goal_team': None, 'ball_out_by': None, 'has_ball': False, 'start_shot_bonus': False, 'start_pass_bonus': False, 'possession_lost': False}
[Step 209] Action=[ 0.20448218  0.42900726  0.22773737  0.          0.         -0.14247362
 -0.22340049] | Reward=-0.014 | Cum=-2.619 | Info={'shot_attempted': False, 'pass_attempted': False, 'goal_scored': False, 'goal_team': None, 'ball_out_by': None, 'has_ball': False, 'start_shot_bonus': False, 'start_pass_bonus': False, 'possession_lost': False}
[Step 210] Action=[ 0.20458359  0.42902997  0.22801776  0.          0.         -0.14254089
 -0.2234748 ] | Reward=-0.014 | Cum=-2.633 | Info={'shot_attempted': False, 'pass_attempted': False, 'goal_scored': False, 'goal_team': None, 'ball_out_by': None, 'has_ball': False, 'start_shot_bonus': False, 'start_pass_bonus': False, 'possession_lost': False}
[Step 211] Action=[ 0.20467176  0.42901188  0.22838067  0.          0.         -0.14262165
 -0.22358796] | Reward=-0.014 | Cum=-2.648 | Info={'shot_attempted': False, 'pass_attempted': False, 'goal_scored': False, 'goal_team': None, 'ball_out_by': None, 'has_ball': False, 'start_shot_bonus': False, 'start_pass_bonus': False, 'possession_lost': False}
[Step 212] Action=[ 0.20477308  0.4290346   0.2286607   0.          0.         -0.14268892
 -0.22366224] | Reward=-0.014 | Cum=-2.662 | Info={'shot_attempted': False, 'pass_attempted': False, 'goal_scored': False, 'goal_team': None, 'ball_out_by': None, 'has_ball': False, 'start_shot_bonus': False, 'start_pass_bonus': False, 'possession_lost': False}
[Step 213] Action=[ 0.20486976  0.42904323  0.22896883  0.          0.         -0.14276074
 -0.2237498 ] | Reward=-0.014 | Cum=-2.676 | Info={'shot_attempted': False, 'pass_attempted': False, 'goal_scored': False, 'goal_team': None, 'ball_out_by': None, 'has_ball': False, 'start_shot_bonus': False, 'start_pass_bonus': False, 'possession_lost': False}
[Step 214] Action=[ 0.20496956  0.42906684  0.22924888  0.          0.         -0.14282575
 -0.2238233 ] | Reward=-0.014 | Cum=-2.690 | Info={'shot_attempted': False, 'pass_attempted': False, 'goal_scored': False, 'goal_team': None, 'ball_out_by': None, 'has_ball': False, 'start_shot_bonus': False, 'start_pass_bonus': False, 'possession_lost': False}
[Step 215] Action=[ 0.20506297  0.4290945   0.22953089  0.          0.         -0.14288032
 -0.2238933 ] | Reward=-0.014 | Cum=-2.705 | Info={'shot_attempted': False, 'pass_attempted': False, 'goal_scored': False, 'goal_team': None, 'ball_out_by': None, 'has_ball': False, 'start_shot_bonus': False, 'start_pass_bonus': False, 'possession_lost': False}
[Step 216] Action=[ 0.2051563   0.42912218  0.22981262  0.          0.         -0.14293505
 -0.22396328] | Reward=-0.014 | Cum=-2.719 | Info={'shot_attempted': False, 'pass_attempted': False, 'goal_scored': False, 'goal_team': None, 'ball_out_by': None, 'has_ball': False, 'start_shot_bonus': False, 'start_pass_bonus': False, 'possession_lost': False}
[Step 217] Action=[ 0.20524962  0.4291498   0.23009418  0.          0.         -0.14298965
 -0.22403322] | Reward=-0.014 | Cum=-2.733 | Info={'shot_attempted': False, 'pass_attempted': False, 'goal_scored': False, 'goal_team': None, 'ball_out_by': None, 'has_ball': False, 'start_shot_bonus': False, 'start_pass_bonus': False, 'possession_lost': False}
[Step 218] Action=[ 0.20534286  0.42917746  0.23037559  0.          0.         -0.14304432
 -0.22410317] | Reward=-0.014 | Cum=-2.747 | Info={'shot_attempted': False, 'pass_attempted': False, 'goal_scored': False, 'goal_team': None, 'ball_out_by': None, 'has_ball': False, 'start_shot_bonus': False, 'start_pass_bonus': False, 'possession_lost': False}
[Step 219] Action=[ 0.20543608  0.4292051   0.23065674  0.          0.         -0.14309894
 -0.2241731 ] | Reward=-0.014 | Cum=-2.762 | Info={'shot_attempted': False, 'pass_attempted': False, 'goal_scored': False, 'goal_team': None, 'ball_out_by': None, 'has_ball': False, 'start_shot_bonus': False, 'start_pass_bonus': False, 'possession_lost': False}
[Step 220] Action=[ 0.20552923  0.4292327   0.23093767  0.          0.         -0.1431536
 -0.22424297] | Reward=-0.014 | Cum=-2.776 | Info={'shot_attempted': False, 'pass_attempted': False, 'goal_scored': False, 'goal_team': None, 'ball_out_by': None, 'has_ball': False, 'start_shot_bonus': False, 'start_pass_bonus': False, 'possession_lost': False}
[Step 221] Action=[ 0.20562232  0.4292603   0.23121846  0.          0.         -0.14320824
 -0.2243129 ] | Reward=-0.014 | Cum=-2.790 | Info={'shot_attempted': False, 'pass_attempted': False, 'goal_scored': False, 'goal_team': None, 'ball_out_by': None, 'has_ball': False, 'start_shot_bonus': False, 'start_pass_bonus': False, 'possession_lost': False}
[Step 222] Action=[ 0.2057154   0.42928794  0.23149906  0.          0.         -0.14326291
 -0.22438274] | Reward=-0.014 | Cum=-2.805 | Info={'shot_attempted': False, 'pass_attempted': False, 'goal_scored': False, 'goal_team': None, 'ball_out_by': None, 'has_ball': False, 'start_shot_bonus': False, 'start_pass_bonus': False, 'possession_lost': False}
[Step 223] Action=[ 0.2058084   0.42931554  0.23177943  0.          0.         -0.14331752
 -0.22445256] | Reward=-0.014 | Cum=-2.819 | Info={'shot_attempted': False, 'pass_attempted': False, 'goal_scored': False, 'goal_team': None, 'ball_out_by': None, 'has_ball': False, 'start_shot_bonus': False, 'start_pass_bonus': False, 'possession_lost': False}
[Step 224] Action=[ 0.20590138  0.4293431   0.23205955  0.          0.         -0.14337225
 -0.22452238] | Reward=-0.014 | Cum=-2.833 | Info={'shot_attempted': False, 'pass_attempted': False, 'goal_scored': False, 'goal_team': None, 'ball_out_by': None, 'has_ball': False, 'start_shot_bonus': False, 'start_pass_bonus': False, 'possession_lost': False}
[Step 225] Action=[ 0.20599435  0.42937064  0.23233959  0.          0.         -0.1434269
 -0.22459222] | Reward=-0.014 | Cum=-2.848 | Info={'shot_attempted': False, 'pass_attempted': False, 'goal_scored': False, 'goal_team': None, 'ball_out_by': None, 'has_ball': False, 'start_shot_bonus': False, 'start_pass_bonus': False, 'possession_lost': False}
[Step 226] Action=[ 0.2060872   0.4293982   0.23261935  0.          0.         -0.14348157
 -0.22466199] | Reward=-0.014 | Cum=-2.862 | Info={'shot_attempted': False, 'pass_attempted': False, 'goal_scored': False, 'goal_team': None, 'ball_out_by': None, 'has_ball': False, 'start_shot_bonus': False, 'start_pass_bonus': False, 'possession_lost': False}
[Step 227] Action=[ 0.20618     0.4294257   0.23289894  0.          0.         -0.14353628
 -0.22473174] | Reward=-0.014 | Cum=-2.876 | Info={'shot_attempted': False, 'pass_attempted': False, 'goal_scored': False, 'goal_team': None, 'ball_out_by': None, 'has_ball': False, 'start_shot_bonus': False, 'start_pass_bonus': False, 'possession_lost': False}
[Step 228] Action=[ 0.20627281  0.42945322  0.23317835  0.          0.         -0.14359096
 -0.22480148] | Reward=-0.014 | Cum=-2.891 | Info={'shot_attempted': False, 'pass_attempted': False, 'goal_scored': False, 'goal_team': None, 'ball_out_by': None, 'has_ball': False, 'start_shot_bonus': False, 'start_pass_bonus': False, 'possession_lost': False}
[Step 229] Action=[ 0.20636553  0.42948073  0.23345754  0.          0.         -0.14364561
 -0.22487122] | Reward=-0.014 | Cum=-2.905 | Info={'shot_attempted': False, 'pass_attempted': False, 'goal_scored': False, 'goal_team': None, 'ball_out_by': None, 'has_ball': False, 'start_shot_bonus': False, 'start_pass_bonus': False, 'possession_lost': False}
[Step 230] Action=[ 0.2064582   0.4295083   0.2337365   0.          0.         -0.14370033
 -0.22494088] | Reward=-0.014 | Cum=-2.919 | Info={'shot_attempted': False, 'pass_attempted': False, 'goal_scored': False, 'goal_team': None, 'ball_out_by': None, 'has_ball': False, 'start_shot_bonus': False, 'start_pass_bonus': False, 'possession_lost': False}
[Step 231] Action=[ 0.20655082  0.42953575  0.2340153   0.          0.         -0.14375503
 -0.22501056] | Reward=-0.014 | Cum=-2.934 | Info={'shot_attempted': False, 'pass_attempted': False, 'goal_scored': False, 'goal_team': None, 'ball_out_by': None, 'has_ball': False, 'start_shot_bonus': False, 'start_pass_bonus': False, 'possession_lost': False}
[Step 232] Action=[ 0.20664343  0.42956322  0.23429394  0.          0.         -0.14380972
 -0.22508019] | Reward=-0.014 | Cum=-2.948 | Info={'shot_attempted': False, 'pass_attempted': False, 'goal_scored': False, 'goal_team': None, 'ball_out_by': None, 'has_ball': False, 'start_shot_bonus': False, 'start_pass_bonus': False, 'possession_lost': False}
[Step 233] Action=[ 0.206736    0.42959067  0.2345723   0.          0.         -0.14386445
 -0.22514986] | Reward=-0.014 | Cum=-2.962 | Info={'shot_attempted': False, 'pass_attempted': False, 'goal_scored': False, 'goal_team': None, 'ball_out_by': None, 'has_ball': False, 'start_shot_bonus': False, 'start_pass_bonus': False, 'possession_lost': False}
[Step 234] Action=[ 0.20682847  0.4296182   0.23485051  0.          0.         -0.14391914
 -0.22521946] | Reward=-0.014 | Cum=-2.977 | Info={'shot_attempted': False, 'pass_attempted': False, 'goal_scored': False, 'goal_team': None, 'ball_out_by': None, 'has_ball': False, 'start_shot_bonus': False, 'start_pass_bonus': False, 'possession_lost': False}
[Step 235] Action=[ 0.2069209   0.42964563  0.23512858  0.          0.         -0.14397386
 -0.22528906] | Reward=-0.014 | Cum=-2.991 | Info={'shot_attempted': False, 'pass_attempted': False, 'goal_scored': False, 'goal_team': None, 'ball_out_by': None, 'has_ball': False, 'start_shot_bonus': False, 'start_pass_bonus': False, 'possession_lost': False}
[Step 236] Action=[ 0.20701379  0.42967364  0.23540805  0.          0.         -0.1440281
 -0.22535962] | Reward=-0.014 | Cum=-3.006 | Info={'shot_attempted': False, 'pass_attempted': False, 'goal_scored': False, 'goal_team': None, 'ball_out_by': None, 'has_ball': False, 'start_shot_bonus': False, 'start_pass_bonus': False, 'possession_lost': False}
[Step 237] Action=[ 0.20710848  0.4297038   0.23569368  0.          0.         -0.14408033
 -0.22543368] | Reward=-0.014 | Cum=-3.020 | Info={'shot_attempted': False, 'pass_attempted': False, 'goal_scored': False, 'goal_team': None, 'ball_out_by': None, 'has_ball': False, 'start_shot_bonus': False, 'start_pass_bonus': False, 'possession_lost': False}
[Step 238] Action=[ 0.20720308  0.4297339   0.2359791   0.          0.         -0.14413254
 -0.22550774] | Reward=-0.014 | Cum=-3.034 | Info={'shot_attempted': False, 'pass_attempted': False, 'goal_scored': False, 'goal_team': None, 'ball_out_by': None, 'has_ball': False, 'start_shot_bonus': False, 'start_pass_bonus': False, 'possession_lost': False}
[Step 239] Action=[ 0.20729767  0.4297641   0.23626427  0.          0.         -0.1441848
 -0.22558175] | Reward=-0.014 | Cum=-3.049 | Info={'shot_attempted': False, 'pass_attempted': False, 'goal_scored': False, 'goal_team': None, 'ball_out_by': None, 'has_ball': False, 'start_shot_bonus': False, 'start_pass_bonus': False, 'possession_lost': False}
[Step 240] Action=[ 0.20739219  0.42979416  0.2365493   0.          0.         -0.144237
 -0.22565576] | Reward=-0.014 | Cum=-3.063 | Info={'shot_attempted': False, 'pass_attempted': False, 'goal_scored': False, 'goal_team': None, 'ball_out_by': None, 'has_ball': False, 'start_shot_bonus': False, 'start_pass_bonus': False, 'possession_lost': False}
