Debug log for att_3 (Episode 20)
================================================================================
[Step 1] Action=[ 0.10210272 -0.23651251  0.36634368  0.          0.          0.29431075
  0.18302178] | Reward=-0.011 | Cum=-0.011 | Info={'shot_attempted': False, 'pass_attempted': False, 'goal_scored': False, 'goal_team': None, 'ball_out_by': None, 'has_ball': False, 'start_shot_bonus': False, 'start_pass_bonus': False, 'possession_lost': False}
[Step 2] Action=[ 0.10747191 -0.21246704  0.28082383  0.          0.          0.30899054
  0.20221595] | Reward=-0.011 | Cum=-0.021 | Info={'shot_attempted': False, 'pass_attempted': False, 'goal_scored': False, 'goal_team': None, 'ball_out_by': None, 'has_ball': False, 'start_shot_bonus': False, 'start_pass_bonus': False, 'possession_lost': False}
[Step 3] Action=[ 0.10743901 -0.21247962  0.28061256  0.          0.          0.30884057
  0.20234172] | Reward=-0.011 | Cum=-0.032 | Info={'shot_attempted': False, 'pass_attempted': False, 'goal_scored': False, 'goal_team': None, 'ball_out_by': None, 'has_ball': False, 'start_shot_bonus': False, 'start_pass_bonus': False, 'possession_lost': False}
[Step 4] Action=[ 0.10740622 -0.21249223  0.28040153  0.          0.          0.30869067
  0.20246726] | Reward=-0.011 | Cum=-0.043 | Info={'shot_attempted': False, 'pass_attempted': False, 'goal_scored': False, 'goal_team': None, 'ball_out_by': None, 'has_ball': False, 'start_shot_bonus': False, 'start_pass_bonus': False, 'possession_lost': False}
[Step 5] Action=[ 0.10737354 -0.21250477  0.28019074  0.          0.          0.3085409
  0.20259269] | Reward=-0.011 | Cum=-0.054 | Info={'shot_attempted': False, 'pass_attempted': False, 'goal_scored': False, 'goal_team': None, 'ball_out_by': None, 'has_ball': False, 'start_shot_bonus': False, 'start_pass_bonus': False, 'possession_lost': False}
[Step 6] Action=[ 0.10734098 -0.21251747  0.27998012  0.          0.          0.3083912
  0.2027179 ] | Reward=-0.011 | Cum=-0.065 | Info={'shot_attempted': False, 'pass_attempted': False, 'goal_scored': False, 'goal_team': None, 'ball_out_by': None, 'has_ball': False, 'start_shot_bonus': False, 'start_pass_bonus': False, 'possession_lost': False}
[Step 7] Action=[ 0.10730854 -0.21253017  0.27976984  0.          0.          0.30824167
  0.20284292] | Reward=-0.011 | Cum=-0.076 | Info={'shot_attempted': False, 'pass_attempted': False, 'goal_scored': False, 'goal_team': None, 'ball_out_by': None, 'has_ball': False, 'start_shot_bonus': False, 'start_pass_bonus': False, 'possession_lost': False}
[Step 8] Action=[ 0.10727624 -0.21254286  0.2795598   0.          0.          0.30809224
  0.20296776] | Reward=-0.011 | Cum=-0.086 | Info={'shot_attempted': False, 'pass_attempted': False, 'goal_scored': False, 'goal_team': None, 'ball_out_by': None, 'has_ball': False, 'start_shot_bonus': False, 'start_pass_bonus': False, 'possession_lost': False}
[Step 9] Action=[ 0.10724401 -0.2125556   0.27934995  0.          0.          0.3079429
  0.20309244] | Reward=-0.011 | Cum=-0.097 | Info={'shot_attempted': False, 'pass_attempted': False, 'goal_scored': False, 'goal_team': None, 'ball_out_by': None, 'has_ball': False, 'start_shot_bonus': False, 'start_pass_bonus': False, 'possession_lost': False}
[Step 10] Action=[ 0.10721193 -0.21256836  0.27914032  0.          0.          0.3077937
  0.20321693] | Reward=-0.011 | Cum=-0.108 | Info={'shot_attempted': False, 'pass_attempted': False, 'goal_scored': False, 'goal_team': None, 'ball_out_by': None, 'has_ball': False, 'start_shot_bonus': False, 'start_pass_bonus': False, 'possession_lost': False}
[Step 11] Action=[ 0.1071799  -0.21258113  0.27893096  0.          0.          0.30764458
  0.20334123] | Reward=-0.011 | Cum=-0.119 | Info={'shot_attempted': False, 'pass_attempted': False, 'goal_scored': False, 'goal_team': None, 'ball_out_by': None, 'has_ball': False, 'start_shot_bonus': False, 'start_pass_bonus': False, 'possession_lost': False}
[Step 12] Action=[ 0.10714805 -0.21259396  0.27872187  0.          0.          0.3074956
  0.20346536] | Reward=-0.011 | Cum=-0.130 | Info={'shot_attempted': False, 'pass_attempted': False, 'goal_scored': False, 'goal_team': None, 'ball_out_by': None, 'has_ball': False, 'start_shot_bonus': False, 'start_pass_bonus': False, 'possession_lost': False}
[Step 13] Action=[ 0.1071163  -0.21260677  0.27851298  0.          0.          0.30734667
  0.20358928] | Reward=-0.011 | Cum=-0.141 | Info={'shot_attempted': False, 'pass_attempted': False, 'goal_scored': False, 'goal_team': None, 'ball_out_by': None, 'has_ball': False, 'start_shot_bonus': False, 'start_pass_bonus': False, 'possession_lost': False}
[Step 14] Action=[ 0.10708464 -0.21261966  0.27830437  0.          0.          0.30719787
  0.20371307] | Reward=-0.011 | Cum=-0.152 | Info={'shot_attempted': False, 'pass_attempted': False, 'goal_scored': False, 'goal_team': None, 'ball_out_by': None, 'has_ball': False, 'start_shot_bonus': False, 'start_pass_bonus': False, 'possession_lost': False}
[Step 15] Action=[ 0.10705306 -0.21263258  0.27809593  0.          0.          0.30704924
  0.20383662] | Reward=-0.011 | Cum=-0.163 | Info={'shot_attempted': False, 'pass_attempted': False, 'goal_scored': False, 'goal_team': None, 'ball_out_by': None, 'has_ball': False, 'start_shot_bonus': False, 'start_pass_bonus': False, 'possession_lost': False}
[Step 16] Action=[ 0.10702168 -0.2126455   0.2778878   0.          0.          0.30690062
  0.20396006] | Reward=-0.011 | Cum=-0.174 | Info={'shot_attempted': False, 'pass_attempted': False, 'goal_scored': False, 'goal_team': None, 'ball_out_by': None, 'has_ball': False, 'start_shot_bonus': False, 'start_pass_bonus': False, 'possession_lost': False}
[Step 17] Action=[ 0.1069903  -0.21265844  0.2776799   0.          0.          0.30675218
  0.20408328] | Reward=-0.011 | Cum=-0.185 | Info={'shot_attempted': False, 'pass_attempted': False, 'goal_scored': False, 'goal_team': None, 'ball_out_by': None, 'has_ball': False, 'start_shot_bonus': False, 'start_pass_bonus': False, 'possession_lost': False}
[Step 18] Action=[ 0.10695913 -0.21267141  0.2774722   0.          0.          0.30660382
  0.20420638] | Reward=-0.011 | Cum=-0.196 | Info={'shot_attempted': False, 'pass_attempted': False, 'goal_scored': False, 'goal_team': None, 'ball_out_by': None, 'has_ball': False, 'start_shot_bonus': False, 'start_pass_bonus': False, 'possession_lost': False}
[Step 19] Action=[ 0.10692801 -0.2126844   0.27726474  0.          0.          0.30645555
  0.20432924] | Reward=-0.011 | Cum=-0.207 | Info={'shot_attempted': False, 'pass_attempted': False, 'goal_scored': False, 'goal_team': None, 'ball_out_by': None, 'has_ball': False, 'start_shot_bonus': False, 'start_pass_bonus': False, 'possession_lost': False}
[Step 20] Action=[ 0.10689607 -0.21269622  0.27705756  0.          0.          0.3063096
  0.20445688] | Reward=-0.011 | Cum=-0.218 | Info={'shot_attempted': False, 'pass_attempted': False, 'goal_scored': False, 'goal_team': None, 'ball_out_by': None, 'has_ball': False, 'start_shot_bonus': False, 'start_pass_bonus': False, 'possession_lost': False}
[Step 21] Action=[ 0.10686144 -0.2127047   0.27685082  0.          0.          0.30616945
  0.20459715] | Reward=-0.011 | Cum=-0.229 | Info={'shot_attempted': False, 'pass_attempted': False, 'goal_scored': False, 'goal_team': None, 'ball_out_by': None, 'has_ball': False, 'start_shot_bonus': False, 'start_pass_bonus': False, 'possession_lost': False}
[Step 22] Action=[ 0.10682704 -0.2127133   0.27664432  0.          0.          0.3060295
  0.20473725] | Reward=-0.011 | Cum=-0.241 | Info={'shot_attempted': False, 'pass_attempted': False, 'goal_scored': False, 'goal_team': None, 'ball_out_by': None, 'has_ball': False, 'start_shot_bonus': False, 'start_pass_bonus': False, 'possession_lost': False}
[Step 23] Action=[ 0.1067927  -0.21272187  0.27643803  0.          0.          0.3058895
  0.20487712] | Reward=-0.011 | Cum=-0.252 | Info={'shot_attempted': False, 'pass_attempted': False, 'goal_scored': False, 'goal_team': None, 'ball_out_by': None, 'has_ball': False, 'start_shot_bonus': False, 'start_pass_bonus': False, 'possession_lost': False}
[Step 24] Action=[ 0.10675851 -0.21273048  0.27623203  0.          0.          0.30574968
  0.20501679] | Reward=-0.011 | Cum=-0.263 | Info={'shot_attempted': False, 'pass_attempted': False, 'goal_scored': False, 'goal_team': None, 'ball_out_by': None, 'has_ball': False, 'start_shot_bonus': False, 'start_pass_bonus': False, 'possession_lost': False}
[Step 25] Action=[ 0.10672443 -0.21273914  0.2760262   0.          0.          0.30560994
  0.20515631] | Reward=-0.011 | Cum=-0.274 | Info={'shot_attempted': False, 'pass_attempted': False, 'goal_scored': False, 'goal_team': None, 'ball_out_by': None, 'has_ball': False, 'start_shot_bonus': False, 'start_pass_bonus': False, 'possession_lost': False}
[Step 26] Action=[ 0.10668799 -0.21274684  0.27580887  0.          0.          0.3054678
  0.20531057] | Reward=-0.011 | Cum=-0.285 | Info={'shot_attempted': False, 'pass_attempted': False, 'goal_scored': False, 'goal_team': None, 'ball_out_by': None, 'has_ball': False, 'start_shot_bonus': False, 'start_pass_bonus': False, 'possession_lost': False}
[Step 27] Action=[ 0.10665148 -0.21275456  0.2755904   0.          0.          0.3053255
  0.20546639] | Reward=-0.011 | Cum=-0.297 | Info={'shot_attempted': False, 'pass_attempted': False, 'goal_scored': False, 'goal_team': None, 'ball_out_by': None, 'has_ball': False, 'start_shot_bonus': False, 'start_pass_bonus': False, 'possession_lost': False}
[Step 28] Action=[ 0.10661498 -0.21276227  0.27537215  0.          0.          0.30518332
  0.20562202] | Reward=-0.011 | Cum=-0.308 | Info={'shot_attempted': False, 'pass_attempted': False, 'goal_scored': False, 'goal_team': None, 'ball_out_by': None, 'has_ball': False, 'start_shot_bonus': False, 'start_pass_bonus': False, 'possession_lost': False}
[Step 29] Action=[ 0.10657866 -0.21277006  0.27515417  0.          0.          0.3050412
  0.20577736] | Reward=-0.011 | Cum=-0.319 | Info={'shot_attempted': False, 'pass_attempted': False, 'goal_scored': False, 'goal_team': None, 'ball_out_by': None, 'has_ball': False, 'start_shot_bonus': False, 'start_pass_bonus': False, 'possession_lost': False}
[Step 30] Action=[ 0.10654245 -0.21277784  0.27493644  0.          0.          0.30489925
  0.20593251] | Reward=-0.011 | Cum=-0.331 | Info={'shot_attempted': False, 'pass_attempted': False, 'goal_scored': False, 'goal_team': None, 'ball_out_by': None, 'has_ball': False, 'start_shot_bonus': False, 'start_pass_bonus': False, 'possession_lost': False}
[Step 31] Action=[ 0.10650636 -0.21278566  0.27471894  0.          0.          0.30475733
  0.20608748] | Reward=-0.011 | Cum=-0.342 | Info={'shot_attempted': False, 'pass_attempted': False, 'goal_scored': False, 'goal_team': None, 'ball_out_by': None, 'has_ball': False, 'start_shot_bonus': False, 'start_pass_bonus': False, 'possession_lost': False}
[Step 32] Action=[ 0.10647038 -0.21279348  0.2745017   0.          0.          0.30461553
  0.20624222] | Reward=-0.011 | Cum=-0.353 | Info={'shot_attempted': False, 'pass_attempted': False, 'goal_scored': False, 'goal_team': None, 'ball_out_by': None, 'has_ball': False, 'start_shot_bonus': False, 'start_pass_bonus': False, 'possession_lost': False}
[Step 33] Action=[ 0.10643446 -0.21280143  0.2742847   0.          0.          0.3044738
  0.20639673] | Reward=-0.011 | Cum=-0.365 | Info={'shot_attempted': False, 'pass_attempted': False, 'goal_scored': False, 'goal_team': None, 'ball_out_by': None, 'has_ball': False, 'start_shot_bonus': False, 'start_pass_bonus': False, 'possession_lost': False}
[Step 34] Action=[ 0.10639619 -0.21281101  0.27406928  0.          0.          0.3043292
  0.20654911] | Reward=-0.011 | Cum=-0.376 | Info={'shot_attempted': False, 'pass_attempted': False, 'goal_scored': False, 'goal_team': None, 'ball_out_by': None, 'has_ball': False, 'start_shot_bonus': False, 'start_pass_bonus': False, 'possession_lost': False}
[Step 35] Action=[ 0.10635592 -0.21282217  0.27385524  0.          0.          0.30418226
  0.20669967] | Reward=-0.011 | Cum=-0.388 | Info={'shot_attempted': False, 'pass_attempted': False, 'goal_scored': False, 'goal_team': None, 'ball_out_by': None, 'has_ball': False, 'start_shot_bonus': False, 'start_pass_bonus': False, 'possession_lost': False}
[Step 36] Action=[ 0.10631569 -0.21283332  0.27364147  0.          0.          0.30403537
  0.20685004] | Reward=-0.011 | Cum=-0.399 | Info={'shot_attempted': False, 'pass_attempted': False, 'goal_scored': False, 'goal_team': None, 'ball_out_by': None, 'has_ball': False, 'start_shot_bonus': False, 'start_pass_bonus': False, 'possession_lost': False}
[Step 37] Action=[ 0.1062756  -0.21284452  0.27342787  0.          0.          0.30388856
  0.20700018] | Reward=-0.011 | Cum=-0.411 | Info={'shot_attempted': False, 'pass_attempted': False, 'goal_scored': False, 'goal_team': None, 'ball_out_by': None, 'has_ball': False, 'start_shot_bonus': False, 'start_pass_bonus': False, 'possession_lost': False}
[Step 38] Action=[ 0.10623568 -0.21285579  0.27321452  0.          0.          0.3037419
  0.20715012] | Reward=-0.011 | Cum=-0.422 | Info={'shot_attempted': False, 'pass_attempted': False, 'goal_scored': False, 'goal_team': None, 'ball_out_by': None, 'has_ball': False, 'start_shot_bonus': False, 'start_pass_bonus': False, 'possession_lost': False}
[Step 39] Action=[ 0.10619579 -0.21286704  0.27300146  0.          0.          0.30359536
  0.20729983] | Reward=-0.012 | Cum=-0.434 | Info={'shot_attempted': False, 'pass_attempted': False, 'goal_scored': False, 'goal_team': None, 'ball_out_by': None, 'has_ball': False, 'start_shot_bonus': False, 'start_pass_bonus': False, 'possession_lost': False}
[Step 40] Action=[ 0.10615609 -0.21287833  0.27278855  0.          0.          0.30344886
  0.20744935] | Reward=-0.012 | Cum=-0.445 | Info={'shot_attempted': False, 'pass_attempted': False, 'goal_scored': False, 'goal_team': None, 'ball_out_by': None, 'has_ball': False, 'start_shot_bonus': False, 'start_pass_bonus': False, 'possession_lost': False}
[Step 41] Action=[ 0.10611648 -0.21288966  0.27257597  0.          0.          0.30330244
  0.20759864] | Reward=-0.012 | Cum=-0.457 | Info={'shot_attempted': False, 'pass_attempted': False, 'goal_scored': False, 'goal_team': None, 'ball_out_by': None, 'has_ball': False, 'start_shot_bonus': False, 'start_pass_bonus': False, 'possession_lost': False}
[Step 42] Action=[ 0.10607699 -0.21290103  0.2723636   0.          0.          0.30315617
  0.20774774] | Reward=-0.012 | Cum=-0.468 | Info={'shot_attempted': False, 'pass_attempted': False, 'goal_scored': False, 'goal_team': None, 'ball_out_by': None, 'has_ball': False, 'start_shot_bonus': False, 'start_pass_bonus': False, 'possession_lost': False}
[Step 43] Action=[ 0.1060376  -0.21291241  0.2721514   0.          0.          0.30301002
  0.20789663] | Reward=-0.012 | Cum=-0.480 | Info={'shot_attempted': False, 'pass_attempted': False, 'goal_scored': False, 'goal_team': None, 'ball_out_by': None, 'has_ball': False, 'start_shot_bonus': False, 'start_pass_bonus': False, 'possession_lost': False}
[Step 44] Action=[ 0.1059983  -0.21292385  0.27193952  0.          0.          0.30286387
  0.2080453 ] | Reward=-0.012 | Cum=-0.492 | Info={'shot_attempted': False, 'pass_attempted': False, 'goal_scored': False, 'goal_team': None, 'ball_out_by': None, 'has_ball': False, 'start_shot_bonus': False, 'start_pass_bonus': False, 'possession_lost': False}
[Step 45] Action=[ 0.1059591  -0.21293528  0.2717279   0.          0.          0.3027179
  0.2081938 ] | Reward=-0.012 | Cum=-0.503 | Info={'shot_attempted': False, 'pass_attempted': False, 'goal_scored': False, 'goal_team': None, 'ball_out_by': None, 'has_ball': False, 'start_shot_bonus': False, 'start_pass_bonus': False, 'possession_lost': False}
[Step 46] Action=[ 0.1059197  -0.2129467   0.27151668  0.          0.          0.30257207
  0.20834263] | Reward=-0.012 | Cum=-0.515 | Info={'shot_attempted': False, 'pass_attempted': False, 'goal_scored': False, 'goal_team': None, 'ball_out_by': None, 'has_ball': False, 'start_shot_bonus': False, 'start_pass_bonus': False, 'possession_lost': False}
[Step 47] Action=[ 0.10588037 -0.2129581   0.2713058   0.          0.          0.30242634
  0.20849125] | Reward=-0.012 | Cum=-0.527 | Info={'shot_attempted': False, 'pass_attempted': False, 'goal_scored': False, 'goal_team': None, 'ball_out_by': None, 'has_ball': False, 'start_shot_bonus': False, 'start_pass_bonus': False, 'possession_lost': False}
[Step 48] Action=[ 0.10584233 -0.21295124  0.27110437  0.          0.          0.30227333
  0.20862086] | Reward=-0.012 | Cum=-0.539 | Info={'shot_attempted': False, 'pass_attempted': False, 'goal_scored': False, 'goal_team': None, 'ball_out_by': None, 'has_ball': False, 'start_shot_bonus': False, 'start_pass_bonus': False, 'possession_lost': False}
[Step 49] Action=[ 0.1058048  -0.21293713  0.27090698  0.          0.          0.30211744
  0.20874281] | Reward=-0.012 | Cum=-0.550 | Info={'shot_attempted': False, 'pass_attempted': False, 'goal_scored': False, 'goal_team': None, 'ball_out_by': None, 'has_ball': False, 'start_shot_bonus': False, 'start_pass_bonus': False, 'possession_lost': False}
[Step 50] Action=[ 0.10576744 -0.21292305  0.27070978  0.          0.          0.3019617
  0.20886451] | Reward=-0.012 | Cum=-0.562 | Info={'shot_attempted': False, 'pass_attempted': False, 'goal_scored': False, 'goal_team': None, 'ball_out_by': None, 'has_ball': False, 'start_shot_bonus': False, 'start_pass_bonus': False, 'possession_lost': False}
[Step 51] Action=[ 0.10573017 -0.21290903  0.27051285  0.          0.          0.301806
  0.20898607] | Reward=-0.012 | Cum=-0.574 | Info={'shot_attempted': False, 'pass_attempted': False, 'goal_scored': False, 'goal_team': None, 'ball_out_by': None, 'has_ball': False, 'start_shot_bonus': False, 'start_pass_bonus': False, 'possession_lost': False}
[Step 52] Action=[ 0.10569305 -0.21289505  0.27031615  0.          0.          0.3016505
  0.20910746] | Reward=-0.012 | Cum=-0.586 | Info={'shot_attempted': False, 'pass_attempted': False, 'goal_scored': False, 'goal_team': None, 'ball_out_by': None, 'has_ball': False, 'start_shot_bonus': False, 'start_pass_bonus': False, 'possession_lost': False}
[Step 53] Action=[ 0.10565597 -0.21288115  0.27011973  0.          0.          0.30149505
  0.20922868] | Reward=-0.012 | Cum=-0.598 | Info={'shot_attempted': False, 'pass_attempted': False, 'goal_scored': False, 'goal_team': None, 'ball_out_by': None, 'has_ball': False, 'start_shot_bonus': False, 'start_pass_bonus': False, 'possession_lost': False}
[Step 54] Action=[ 0.1056202  -0.21286735  0.2699236   0.          0.          0.3013394
  0.20934923] | Reward=-0.012 | Cum=-0.610 | Info={'shot_attempted': False, 'pass_attempted': False, 'goal_scored': False, 'goal_team': None, 'ball_out_by': None, 'has_ball': False, 'start_shot_bonus': False, 'start_pass_bonus': False, 'possession_lost': False}
[Step 55] Action=[ 0.10558763 -0.2128538   0.26972806  0.          0.          0.30118287
  0.20946822] | Reward=-0.012 | Cum=-0.621 | Info={'shot_attempted': False, 'pass_attempted': False, 'goal_scored': False, 'goal_team': None, 'ball_out_by': None, 'has_ball': False, 'start_shot_bonus': False, 'start_pass_bonus': False, 'possession_lost': False}
[Step 56] Action=[ 0.10555522 -0.21284029  0.26953286  0.          0.          0.30102643
  0.20958707] | Reward=-0.012 | Cum=-0.633 | Info={'shot_attempted': False, 'pass_attempted': False, 'goal_scored': False, 'goal_team': None, 'ball_out_by': None, 'has_ball': False, 'start_shot_bonus': False, 'start_pass_bonus': False, 'possession_lost': False}
[Step 57] Action=[ 0.10552294 -0.21282683  0.2693378   0.          0.          0.30087015
  0.20970576] | Reward=-0.012 | Cum=-0.645 | Info={'shot_attempted': False, 'pass_attempted': False, 'goal_scored': False, 'goal_team': None, 'ball_out_by': None, 'has_ball': False, 'start_shot_bonus': False, 'start_pass_bonus': False, 'possession_lost': False}
[Step 58] Action=[ 0.10549074 -0.21281342  0.26914302  0.          0.          0.300714
  0.20982423] | Reward=-0.012 | Cum=-0.657 | Info={'shot_attempted': False, 'pass_attempted': False, 'goal_scored': False, 'goal_team': None, 'ball_out_by': None, 'has_ball': False, 'start_shot_bonus': False, 'start_pass_bonus': False, 'possession_lost': False}
[Step 59] Action=[ 0.10545864 -0.21280009  0.26894844  0.          0.          0.3005579
  0.20994255] | Reward=-0.012 | Cum=-0.669 | Info={'shot_attempted': False, 'pass_attempted': False, 'goal_scored': False, 'goal_team': None, 'ball_out_by': None, 'has_ball': False, 'start_shot_bonus': False, 'start_pass_bonus': False, 'possession_lost': False}
[Step 60] Action=[ 0.10542671 -0.21278676  0.26875412  0.          0.          0.3004019
  0.21006072] | Reward=-0.012 | Cum=-0.681 | Info={'shot_attempted': False, 'pass_attempted': False, 'goal_scored': False, 'goal_team': None, 'ball_out_by': None, 'has_ball': False, 'start_shot_bonus': False, 'start_pass_bonus': False, 'possession_lost': False}
[Step 61] Action=[ 0.10539479 -0.21277353  0.26856005  0.          0.          0.3002461
  0.21017866] | Reward=-0.012 | Cum=-0.693 | Info={'shot_attempted': False, 'pass_attempted': False, 'goal_scored': False, 'goal_team': None, 'ball_out_by': None, 'has_ball': False, 'start_shot_bonus': False, 'start_pass_bonus': False, 'possession_lost': False}
[Step 62] Action=[ 0.10536307 -0.21276033  0.2683662   0.          0.          0.30009028
  0.21029645] | Reward=-0.012 | Cum=-0.705 | Info={'shot_attempted': False, 'pass_attempted': False, 'goal_scored': False, 'goal_team': None, 'ball_out_by': None, 'has_ball': False, 'start_shot_bonus': False, 'start_pass_bonus': False, 'possession_lost': False}
[Step 63] Action=[ 0.10533139 -0.21274725  0.2681726   0.          0.          0.29993466
  0.2104141 ] | Reward=-0.012 | Cum=-0.718 | Info={'shot_attempted': False, 'pass_attempted': False, 'goal_scored': False, 'goal_team': None, 'ball_out_by': None, 'has_ball': False, 'start_shot_bonus': False, 'start_pass_bonus': False, 'possession_lost': False}
[Step 64] Action=[ 0.10529984 -0.2127341   0.2679792   0.          0.          0.29977912
  0.21053155] | Reward=-0.012 | Cum=-0.730 | Info={'shot_attempted': False, 'pass_attempted': False, 'goal_scored': False, 'goal_team': None, 'ball_out_by': None, 'has_ball': False, 'start_shot_bonus': False, 'start_pass_bonus': False, 'possession_lost': False}
[Step 65] Action=[ 0.10526844 -0.2127211   0.2677861   0.          0.          0.29962367
  0.21064882] | Reward=-0.012 | Cum=-0.742 | Info={'shot_attempted': False, 'pass_attempted': False, 'goal_scored': False, 'goal_team': None, 'ball_out_by': None, 'has_ball': False, 'start_shot_bonus': False, 'start_pass_bonus': False, 'possession_lost': False}
[Step 66] Action=[ 0.10523707 -0.21270815  0.26759318  0.          0.          0.29946837
  0.21076591] | Reward=-0.012 | Cum=-0.754 | Info={'shot_attempted': False, 'pass_attempted': False, 'goal_scored': False, 'goal_team': None, 'ball_out_by': None, 'has_ball': False, 'start_shot_bonus': False, 'start_pass_bonus': False, 'possession_lost': False}
[Step 67] Action=[ 0.10520589 -0.21269523  0.26740053  0.          0.          0.29931316
  0.21088286] | Reward=-0.012 | Cum=-0.766 | Info={'shot_attempted': False, 'pass_attempted': False, 'goal_scored': False, 'goal_team': None, 'ball_out_by': None, 'has_ball': False, 'start_shot_bonus': False, 'start_pass_bonus': False, 'possession_lost': False}
[Step 68] Action=[ 0.10517479 -0.21268234  0.2672081   0.          0.          0.29915804
  0.21099961] | Reward=-0.012 | Cum=-0.778 | Info={'shot_attempted': False, 'pass_attempted': False, 'goal_scored': False, 'goal_team': None, 'ball_out_by': None, 'has_ball': False, 'start_shot_bonus': False, 'start_pass_bonus': False, 'possession_lost': False}
[Step 69] Action=[ 0.10514374 -0.21266954  0.2670159   0.          0.          0.29900303
  0.2111162 ] | Reward=-0.012 | Cum=-0.791 | Info={'shot_attempted': False, 'pass_attempted': False, 'goal_scored': False, 'goal_team': None, 'ball_out_by': None, 'has_ball': False, 'start_shot_bonus': False, 'start_pass_bonus': False, 'possession_lost': False}
[Step 70] Action=[ 0.10511284 -0.21265677  0.26682392  0.          0.          0.29884815
  0.21123262] | Reward=-0.012 | Cum=-0.803 | Info={'shot_attempted': False, 'pass_attempted': False, 'goal_scored': False, 'goal_team': None, 'ball_out_by': None, 'has_ball': False, 'start_shot_bonus': False, 'start_pass_bonus': False, 'possession_lost': False}
[Step 71] Action=[ 0.10508497 -0.21264353  0.26663846  0.          0.          0.2986926
  0.21134858] | Reward=-0.012 | Cum=-0.815 | Info={'shot_attempted': False, 'pass_attempted': False, 'goal_scored': False, 'goal_team': None, 'ball_out_by': None, 'has_ball': False, 'start_shot_bonus': False, 'start_pass_bonus': False, 'possession_lost': False}
[Step 72] Action=[ 0.1050671  -0.21262848  0.26647416  0.          0.          0.2985346
  0.21146348] | Reward=-0.012 | Cum=-0.827 | Info={'shot_attempted': False, 'pass_attempted': False, 'goal_scored': False, 'goal_team': None, 'ball_out_by': None, 'has_ball': False, 'start_shot_bonus': False, 'start_pass_bonus': False, 'possession_lost': False}
[Step 73] Action=[ 0.10504934 -0.21261342  0.2663101   0.          0.          0.2983767
  0.21157819] | Reward=-0.012 | Cum=-0.840 | Info={'shot_attempted': False, 'pass_attempted': False, 'goal_scored': False, 'goal_team': None, 'ball_out_by': None, 'has_ball': False, 'start_shot_bonus': False, 'start_pass_bonus': False, 'possession_lost': False}
[Step 74] Action=[ 0.10503188 -0.21259886  0.26614603  0.          0.          0.29821977
  0.21169277] | Reward=-0.012 | Cum=-0.852 | Info={'shot_attempted': False, 'pass_attempted': False, 'goal_scored': False, 'goal_team': None, 'ball_out_by': None, 'has_ball': False, 'start_shot_bonus': False, 'start_pass_bonus': False, 'possession_lost': False}
[Step 75] Action=[ 0.10501457 -0.21258448  0.26598224  0.          0.          0.29806325
  0.21180725] | Reward=-0.012 | Cum=-0.864 | Info={'shot_attempted': False, 'pass_attempted': False, 'goal_scored': False, 'goal_team': None, 'ball_out_by': None, 'has_ball': False, 'start_shot_bonus': False, 'start_pass_bonus': False, 'possession_lost': False}
[Step 76] Action=[ 0.1049973  -0.21257012  0.2658187   0.          0.          0.2979068
  0.2119215 ] | Reward=-0.012 | Cum=-0.877 | Info={'shot_attempted': False, 'pass_attempted': False, 'goal_scored': False, 'goal_team': None, 'ball_out_by': None, 'has_ball': False, 'start_shot_bonus': False, 'start_pass_bonus': False, 'possession_lost': False}
[Step 77] Action=[ 0.10498019 -0.2125558   0.2656553   0.          0.          0.29775047
  0.21203557] | Reward=-0.012 | Cum=-0.889 | Info={'shot_attempted': False, 'pass_attempted': False, 'goal_scored': False, 'goal_team': None, 'ball_out_by': None, 'has_ball': False, 'start_shot_bonus': False, 'start_pass_bonus': False, 'possession_lost': False}
[Step 78] Action=[ 0.10496312 -0.21254149  0.26549217  0.          0.          0.29759425
  0.21214952] | Reward=-0.012 | Cum=-0.902 | Info={'shot_attempted': False, 'pass_attempted': False, 'goal_scored': False, 'goal_team': None, 'ball_out_by': None, 'has_ball': False, 'start_shot_bonus': False, 'start_pass_bonus': False, 'possession_lost': False}
[Step 79] Action=[ 0.10494618 -0.21252735  0.26532933  0.          0.          0.29743809
  0.21226327] | Reward=-0.012 | Cum=-0.914 | Info={'shot_attempted': False, 'pass_attempted': False, 'goal_scored': False, 'goal_team': None, 'ball_out_by': None, 'has_ball': False, 'start_shot_bonus': False, 'start_pass_bonus': False, 'possession_lost': False}
[Step 80] Action=[ 0.10492934 -0.21251315  0.26516658  0.          0.          0.297282
  0.21237686] | Reward=-0.012 | Cum=-0.926 | Info={'shot_attempted': False, 'pass_attempted': False, 'goal_scored': False, 'goal_team': None, 'ball_out_by': None, 'has_ball': False, 'start_shot_bonus': False, 'start_pass_bonus': False, 'possession_lost': False}
[Step 81] Action=[ 0.10491261 -0.21249904  0.26500422  0.          0.          0.2971261
  0.21249026] | Reward=-0.012 | Cum=-0.939 | Info={'shot_attempted': False, 'pass_attempted': False, 'goal_scored': False, 'goal_team': None, 'ball_out_by': None, 'has_ball': False, 'start_shot_bonus': False, 'start_pass_bonus': False, 'possession_lost': False}
[Step 82] Action=[ 0.10489595 -0.21248494  0.26484194  0.          0.          0.29697028
  0.21260352] | Reward=-0.013 | Cum=-0.951 | Info={'shot_attempted': False, 'pass_attempted': False, 'goal_scored': False, 'goal_team': None, 'ball_out_by': None, 'has_ball': False, 'start_shot_bonus': False, 'start_pass_bonus': False, 'possession_lost': False}
[Step 83] Action=[ 0.10487938 -0.21247092  0.26467997  0.          0.          0.29681456
  0.21271658] | Reward=-0.013 | Cum=-0.964 | Info={'shot_attempted': False, 'pass_attempted': False, 'goal_scored': False, 'goal_team': None, 'ball_out_by': None, 'has_ball': False, 'start_shot_bonus': False, 'start_pass_bonus': False, 'possession_lost': False}
[Step 84] Action=[ 0.10486292 -0.21245697  0.2645182   0.          0.          0.29665893
  0.21282953] | Reward=-0.013 | Cum=-0.976 | Info={'shot_attempted': False, 'pass_attempted': False, 'goal_scored': False, 'goal_team': None, 'ball_out_by': None, 'has_ball': False, 'start_shot_bonus': False, 'start_pass_bonus': False, 'possession_lost': False}
[Step 85] Action=[ 0.10484657 -0.21244302  0.26435667  0.          0.          0.29650342
  0.21294226] | Reward=-0.013 | Cum=-0.989 | Info={'shot_attempted': False, 'pass_attempted': False, 'goal_scored': False, 'goal_team': None, 'ball_out_by': None, 'has_ball': False, 'start_shot_bonus': False, 'start_pass_bonus': False, 'possession_lost': False}
[Step 86] Action=[ 0.10483032 -0.21242914  0.26419535  0.          0.          0.296348
  0.21305485] | Reward=-0.013 | Cum=-1.002 | Info={'shot_attempted': False, 'pass_attempted': False, 'goal_scored': False, 'goal_team': None, 'ball_out_by': None, 'has_ball': False, 'start_shot_bonus': False, 'start_pass_bonus': False, 'possession_lost': False}
[Step 87] Action=[ 0.10480671 -0.21241705  0.2640386   0.          0.          0.2962054
  0.21317652] | Reward=-0.013 | Cum=-1.014 | Info={'shot_attempted': False, 'pass_attempted': False, 'goal_scored': False, 'goal_team': None, 'ball_out_by': None, 'has_ball': False, 'start_shot_bonus': False, 'start_pass_bonus': False, 'possession_lost': False}
[Step 88] Action=[ 0.10478225 -0.2124052   0.26388252  0.          0.          0.2960644
  0.21329911] | Reward=-0.013 | Cum=-1.027 | Info={'shot_attempted': False, 'pass_attempted': False, 'goal_scored': False, 'goal_team': None, 'ball_out_by': None, 'has_ball': False, 'start_shot_bonus': False, 'start_pass_bonus': False, 'possession_lost': False}
[Step 89] Action=[ 0.10475796 -0.21239343  0.2637267   0.          0.          0.2959235
  0.21342157] | Reward=-0.013 | Cum=-1.040 | Info={'shot_attempted': False, 'pass_attempted': False, 'goal_scored': False, 'goal_team': None, 'ball_out_by': None, 'has_ball': False, 'start_shot_bonus': False, 'start_pass_bonus': False, 'possession_lost': False}
[Step 90] Action=[ 0.10473376 -0.21238165  0.26357102  0.          0.          0.2957827
  0.21354386] | Reward=-0.013 | Cum=-1.052 | Info={'shot_attempted': False, 'pass_attempted': False, 'goal_scored': False, 'goal_team': None, 'ball_out_by': None, 'has_ball': False, 'start_shot_bonus': False, 'start_pass_bonus': False, 'possession_lost': False}
[Step 91] Action=[ 0.10470963 -0.21236995  0.26341563  0.          0.          0.295642
  0.21366593] | Reward=-0.013 | Cum=-1.065 | Info={'shot_attempted': False, 'pass_attempted': False, 'goal_scored': False, 'goal_team': None, 'ball_out_by': None, 'has_ball': False, 'start_shot_bonus': False, 'start_pass_bonus': False, 'possession_lost': False}
[Step 92] Action=[ 0.10468559 -0.21235834  0.2632604   0.          0.          0.29550135
  0.21378788] | Reward=-0.013 | Cum=-1.078 | Info={'shot_attempted': False, 'pass_attempted': False, 'goal_scored': False, 'goal_team': None, 'ball_out_by': None, 'has_ball': False, 'start_shot_bonus': False, 'start_pass_bonus': False, 'possession_lost': False}
[Step 93] Action=[ 0.10466169 -0.2123467   0.26310545  0.          0.          0.29536086
  0.21390961] | Reward=-0.013 | Cum=-1.090 | Info={'shot_attempted': False, 'pass_attempted': False, 'goal_scored': False, 'goal_team': None, 'ball_out_by': None, 'has_ball': False, 'start_shot_bonus': False, 'start_pass_bonus': False, 'possession_lost': False}
[Step 94] Action=[ 0.10463789 -0.21233514  0.2629507   0.          0.          0.2952204
  0.2140312 ] | Reward=-0.013 | Cum=-1.103 | Info={'shot_attempted': False, 'pass_attempted': False, 'goal_scored': False, 'goal_team': None, 'ball_out_by': None, 'has_ball': False, 'start_shot_bonus': False, 'start_pass_bonus': False, 'possession_lost': False}
[Step 95] Action=[ 0.10461414 -0.21232362  0.26279613  0.          0.          0.29508007
  0.21415262] | Reward=-0.013 | Cum=-1.116 | Info={'shot_attempted': False, 'pass_attempted': False, 'goal_scored': False, 'goal_team': None, 'ball_out_by': None, 'has_ball': False, 'start_shot_bonus': False, 'start_pass_bonus': False, 'possession_lost': False}
[Step 96] Action=[ 0.10459052 -0.21231215  0.26264185  0.          0.          0.29493982
  0.21427387] | Reward=-0.013 | Cum=-1.129 | Info={'shot_attempted': False, 'pass_attempted': False, 'goal_scored': False, 'goal_team': None, 'ball_out_by': None, 'has_ball': False, 'start_shot_bonus': False, 'start_pass_bonus': False, 'possession_lost': False}
[Step 97] Action=[ 0.10456699 -0.2123007   0.26248774  0.          0.          0.29479966
  0.21439494] | Reward=-0.013 | Cum=-1.142 | Info={'shot_attempted': False, 'pass_attempted': False, 'goal_scored': False, 'goal_team': None, 'ball_out_by': None, 'has_ball': False, 'start_shot_bonus': False, 'start_pass_bonus': False, 'possession_lost': False}
[Step 98] Action=[ 0.10454353 -0.21228935  0.2623338   0.          0.          0.29465958
  0.21451582] | Reward=-0.013 | Cum=-1.154 | Info={'shot_attempted': False, 'pass_attempted': False, 'goal_scored': False, 'goal_team': None, 'ball_out_by': None, 'has_ball': False, 'start_shot_bonus': False, 'start_pass_bonus': False, 'possession_lost': False}
[Step 99] Action=[ 0.10452019 -0.21227802  0.26218015  0.          0.          0.2945196
  0.21463655] | Reward=-0.013 | Cum=-1.167 | Info={'shot_attempted': False, 'pass_attempted': False, 'goal_scored': False, 'goal_team': None, 'ball_out_by': None, 'has_ball': False, 'start_shot_bonus': False, 'start_pass_bonus': False, 'possession_lost': False}
[Step 100] Action=[ 0.10449697 -0.21226673  0.2620267   0.          0.          0.29437974
  0.21475711] | Reward=-0.013 | Cum=-1.180 | Info={'shot_attempted': False, 'pass_attempted': False, 'goal_scored': False, 'goal_team': None, 'ball_out_by': None, 'has_ball': False, 'start_shot_bonus': False, 'start_pass_bonus': False, 'possession_lost': False}
[Step 101] Action=[ 0.10447379 -0.21225552  0.26187342  0.          0.          0.29423994
  0.2148775 ] | Reward=-0.013 | Cum=-1.193 | Info={'shot_attempted': False, 'pass_attempted': False, 'goal_scored': False, 'goal_team': None, 'ball_out_by': None, 'has_ball': False, 'start_shot_bonus': False, 'start_pass_bonus': False, 'possession_lost': False}
[Step 102] Action=[ 0.10445078 -0.21224433  0.26172042  0.          0.          0.29410025
  0.21499775] | Reward=-0.013 | Cum=-1.206 | Info={'shot_attempted': False, 'pass_attempted': False, 'goal_scored': False, 'goal_team': None, 'ball_out_by': None, 'has_ball': False, 'start_shot_bonus': False, 'start_pass_bonus': False, 'possession_lost': False}
[Step 103] Action=[ 0.10442781 -0.21223323  0.26156762  0.          0.          0.29396063
  0.21511778] | Reward=-0.013 | Cum=-1.219 | Info={'shot_attempted': False, 'pass_attempted': False, 'goal_scored': False, 'goal_team': None, 'ball_out_by': None, 'has_ball': False, 'start_shot_bonus': False, 'start_pass_bonus': False, 'possession_lost': False}
[Step 104] Action=[ 0.10440493 -0.21222207  0.261415    0.          0.          0.29382113
  0.21523763] | Reward=-0.013 | Cum=-1.232 | Info={'shot_attempted': False, 'pass_attempted': False, 'goal_scored': False, 'goal_team': None, 'ball_out_by': None, 'has_ball': False, 'start_shot_bonus': False, 'start_pass_bonus': False, 'possession_lost': False}
[Step 105] Action=[ 0.10438215 -0.21221103  0.26126263  0.          0.          0.2936817
  0.21535738] | Reward=-0.013 | Cum=-1.245 | Info={'shot_attempted': False, 'pass_attempted': False, 'goal_scored': False, 'goal_team': None, 'ball_out_by': None, 'has_ball': False, 'start_shot_bonus': False, 'start_pass_bonus': False, 'possession_lost': False}
[Step 106] Action=[ 0.10435952 -0.21220005  0.26111045  0.          0.          0.29354241
  0.21547693] | Reward=-0.013 | Cum=-1.258 | Info={'shot_attempted': False, 'pass_attempted': False, 'goal_scored': False, 'goal_team': None, 'ball_out_by': None, 'has_ball': False, 'start_shot_bonus': False, 'start_pass_bonus': False, 'possession_lost': False}
[Step 107] Action=[ 0.10433694 -0.21218906  0.26095855  0.          0.          0.29340318
  0.21559632] | Reward=-0.013 | Cum=-1.271 | Info={'shot_attempted': False, 'pass_attempted': False, 'goal_scored': False, 'goal_team': None, 'ball_out_by': None, 'has_ball': False, 'start_shot_bonus': False, 'start_pass_bonus': False, 'possession_lost': False}
[Step 108] Action=[ 0.10431445 -0.21217816  0.2608068   0.          0.          0.29326403
  0.21571554] | Reward=-0.013 | Cum=-1.284 | Info={'shot_attempted': False, 'pass_attempted': False, 'goal_scored': False, 'goal_team': None, 'ball_out_by': None, 'has_ball': False, 'start_shot_bonus': False, 'start_pass_bonus': False, 'possession_lost': False}
[Step 109] Action=[ 0.10429204 -0.21216726  0.26065525  0.          0.          0.29312494
  0.21583457] | Reward=-0.013 | Cum=-1.297 | Info={'shot_attempted': False, 'pass_attempted': False, 'goal_scored': False, 'goal_team': None, 'ball_out_by': None, 'has_ball': False, 'start_shot_bonus': False, 'start_pass_bonus': False, 'possession_lost': False}
[Step 110] Action=[ 0.10426979 -0.21215647  0.2605039   0.          0.          0.292986
  0.21595345] | Reward=-0.013 | Cum=-1.310 | Info={'shot_attempted': False, 'pass_attempted': False, 'goal_scored': False, 'goal_team': None, 'ball_out_by': None, 'has_ball': False, 'start_shot_bonus': False, 'start_pass_bonus': False, 'possession_lost': False}
[Step 111] Action=[ 0.10424757 -0.21214566  0.26035282  0.          0.          0.29284716
  0.21607219] | Reward=-0.013 | Cum=-1.323 | Info={'shot_attempted': False, 'pass_attempted': False, 'goal_scored': False, 'goal_team': None, 'ball_out_by': None, 'has_ball': False, 'start_shot_bonus': False, 'start_pass_bonus': False, 'possession_lost': False}
[Step 112] Action=[ 0.10422549 -0.21213493  0.26020196  0.          0.          0.29270837
  0.2161907 ] | Reward=-0.013 | Cum=-1.336 | Info={'shot_attempted': False, 'pass_attempted': False, 'goal_scored': False, 'goal_team': None, 'ball_out_by': None, 'has_ball': False, 'start_shot_bonus': False, 'start_pass_bonus': False, 'possession_lost': False}
[Step 113] Action=[ 0.10420345 -0.21212423  0.2600513   0.          0.          0.29256973
  0.2163091 ] | Reward=-0.013 | Cum=-1.349 | Info={'shot_attempted': False, 'pass_attempted': False, 'goal_scored': False, 'goal_team': None, 'ball_out_by': None, 'has_ball': False, 'start_shot_bonus': False, 'start_pass_bonus': False, 'possession_lost': False}
[Step 114] Action=[ 0.10418157 -0.21211362  0.2599008   0.          0.          0.29243112
  0.21642731] | Reward=-0.013 | Cum=-1.362 | Info={'shot_attempted': False, 'pass_attempted': False, 'goal_scored': False, 'goal_team': None, 'ball_out_by': None, 'has_ball': False, 'start_shot_bonus': False, 'start_pass_bonus': False, 'possession_lost': False}
[Step 115] Action=[ 0.10415972 -0.21210305  0.2597506   0.          0.          0.2922926
  0.21654533] | Reward=-0.013 | Cum=-1.375 | Info={'shot_attempted': False, 'pass_attempted': False, 'goal_scored': False, 'goal_team': None, 'ball_out_by': None, 'has_ball': False, 'start_shot_bonus': False, 'start_pass_bonus': False, 'possession_lost': False}
[Step 116] Action=[ 0.10413804 -0.21209246  0.25960055  0.          0.          0.29215416
  0.21666321] | Reward=-0.013 | Cum=-1.388 | Info={'shot_attempted': False, 'pass_attempted': False, 'goal_scored': False, 'goal_team': None, 'ball_out_by': None, 'has_ball': False, 'start_shot_bonus': False, 'start_pass_bonus': False, 'possession_lost': False}
[Step 117] Action=[ 0.1041164  -0.21208197  0.2594508   0.          0.          0.29201585
  0.21678093] | Reward=-0.013 | Cum=-1.402 | Info={'shot_attempted': False, 'pass_attempted': False, 'goal_scored': False, 'goal_team': None, 'ball_out_by': None, 'has_ball': False, 'start_shot_bonus': False, 'start_pass_bonus': False, 'possession_lost': False}
[Step 118] Action=[ 0.10409485 -0.21207152  0.25930116  0.          0.          0.2918776
  0.21689847] | Reward=-0.013 | Cum=-1.415 | Info={'shot_attempted': False, 'pass_attempted': False, 'goal_scored': False, 'goal_team': None, 'ball_out_by': None, 'has_ball': False, 'start_shot_bonus': False, 'start_pass_bonus': False, 'possession_lost': False}
[Step 119] Action=[ 0.10407341 -0.2120611   0.25915173  0.          0.          0.29173946
  0.21701588] | Reward=-0.013 | Cum=-1.428 | Info={'shot_attempted': False, 'pass_attempted': False, 'goal_scored': False, 'goal_team': None, 'ball_out_by': None, 'has_ball': False, 'start_shot_bonus': False, 'start_pass_bonus': False, 'possession_lost': False}
[Step 120] Action=[ 0.10405206 -0.21205074  0.25900257  0.          0.          0.29160145
  0.21713312] | Reward=-0.013 | Cum=-1.441 | Info={'shot_attempted': False, 'pass_attempted': False, 'goal_scored': False, 'goal_team': None, 'ball_out_by': None, 'has_ball': False, 'start_shot_bonus': False, 'start_pass_bonus': False, 'possession_lost': False}
[Step 121] Action=[ 0.1040308  -0.21204038  0.25885358  0.          0.          0.2914635
  0.21725015] | Reward=-0.013 | Cum=-1.454 | Info={'shot_attempted': False, 'pass_attempted': False, 'goal_scored': False, 'goal_team': None, 'ball_out_by': None, 'has_ball': False, 'start_shot_bonus': False, 'start_pass_bonus': False, 'possession_lost': False}
[Step 122] Action=[ 0.10400967 -0.21203013  0.2587048   0.          0.          0.29132557
  0.21736705] | Reward=-0.013 | Cum=-1.468 | Info={'shot_attempted': False, 'pass_attempted': False, 'goal_scored': False, 'goal_team': None, 'ball_out_by': None, 'has_ball': False, 'start_shot_bonus': False, 'start_pass_bonus': False, 'possession_lost': False}
[Step 123] Action=[ 0.10398916 -0.21201992  0.25855747  0.          0.          0.29118836
  0.21748494] | Reward=-0.013 | Cum=-1.481 | Info={'shot_attempted': False, 'pass_attempted': False, 'goal_scored': False, 'goal_team': None, 'ball_out_by': None, 'has_ball': False, 'start_shot_bonus': False, 'start_pass_bonus': False, 'possession_lost': False}
[Step 124] Action=[ 0.10396924 -0.21200982  0.25841153  0.          0.          0.2910517
  0.21760379] | Reward=-0.013 | Cum=-1.494 | Info={'shot_attempted': False, 'pass_attempted': False, 'goal_scored': False, 'goal_team': None, 'ball_out_by': None, 'has_ball': False, 'start_shot_bonus': False, 'start_pass_bonus': False, 'possession_lost': False}
[Step 125] Action=[ 0.10394948 -0.21199973  0.2582658   0.          0.          0.2909151
  0.21772248] | Reward=-0.013 | Cum=-1.508 | Info={'shot_attempted': False, 'pass_attempted': False, 'goal_scored': False, 'goal_team': None, 'ball_out_by': None, 'has_ball': False, 'start_shot_bonus': False, 'start_pass_bonus': False, 'possession_lost': False}
[Step 126] Action=[ 0.10392975 -0.21198972  0.25812024  0.          0.          0.29077864
  0.21784098] | Reward=-0.013 | Cum=-1.521 | Info={'shot_attempted': False, 'pass_attempted': False, 'goal_scored': False, 'goal_team': None, 'ball_out_by': None, 'has_ball': False, 'start_shot_bonus': False, 'start_pass_bonus': False, 'possession_lost': False}
[Step 127] Action=[ 0.10391016 -0.2119797   0.2579749   0.          0.          0.2906422
  0.21795937] | Reward=-0.013 | Cum=-1.534 | Info={'shot_attempted': False, 'pass_attempted': False, 'goal_scored': False, 'goal_team': None, 'ball_out_by': None, 'has_ball': False, 'start_shot_bonus': False, 'start_pass_bonus': False, 'possession_lost': False}
[Step 128] Action=[ 0.10389064 -0.2119698   0.25782982  0.          0.          0.2905059
  0.21807754] | Reward=-0.013 | Cum=-1.548 | Info={'shot_attempted': False, 'pass_attempted': False, 'goal_scored': False, 'goal_team': None, 'ball_out_by': None, 'has_ball': False, 'start_shot_bonus': False, 'start_pass_bonus': False, 'possession_lost': False}
[Step 129] Action=[ 0.10387116 -0.21195988  0.25768492  0.          0.          0.2903697
  0.21819559] | Reward=-0.013 | Cum=-1.561 | Info={'shot_attempted': False, 'pass_attempted': False, 'goal_scored': False, 'goal_team': None, 'ball_out_by': None, 'has_ball': False, 'start_shot_bonus': False, 'start_pass_bonus': False, 'possession_lost': False}
[Step 130] Action=[ 0.10385182 -0.21195     0.25754023  0.          0.          0.29023355
  0.21831346] | Reward=-0.013 | Cum=-1.574 | Info={'shot_attempted': False, 'pass_attempted': False, 'goal_scored': False, 'goal_team': None, 'ball_out_by': None, 'has_ball': False, 'start_shot_bonus': False, 'start_pass_bonus': False, 'possession_lost': False}
[Step 131] Action=[ 0.10383258 -0.21194021  0.25739577  0.          0.          0.29009756
  0.21843117] | Reward=-0.013 | Cum=-1.588 | Info={'shot_attempted': False, 'pass_attempted': False, 'goal_scored': False, 'goal_team': None, 'ball_out_by': None, 'has_ball': False, 'start_shot_bonus': False, 'start_pass_bonus': False, 'possession_lost': False}
[Step 132] Action=[ 0.10381345 -0.21193042  0.25725147  0.          0.          0.28996158
  0.21854872] | Reward=-0.013 | Cum=-1.601 | Info={'shot_attempted': False, 'pass_attempted': False, 'goal_scored': False, 'goal_team': None, 'ball_out_by': None, 'has_ball': False, 'start_shot_bonus': False, 'start_pass_bonus': False, 'possession_lost': False}
[Step 133] Action=[ 0.10379437 -0.2119207   0.2571074   0.          0.          0.2898257
  0.21866609] | Reward=-0.013 | Cum=-1.615 | Info={'shot_attempted': False, 'pass_attempted': False, 'goal_scored': False, 'goal_team': None, 'ball_out_by': None, 'has_ball': False, 'start_shot_bonus': False, 'start_pass_bonus': False, 'possession_lost': False}
[Step 134] Action=[ 0.10377543 -0.21191104  0.2569636   0.          0.          0.28968993
  0.21878333] | Reward=-0.013 | Cum=-1.628 | Info={'shot_attempted': False, 'pass_attempted': False, 'goal_scored': False, 'goal_team': None, 'ball_out_by': None, 'has_ball': False, 'start_shot_bonus': False, 'start_pass_bonus': False, 'possession_lost': False}
[Step 135] Action=[ 0.10375655 -0.21190143  0.2568199   0.          0.          0.2895543
  0.21890041] | Reward=-0.013 | Cum=-1.641 | Info={'shot_attempted': False, 'pass_attempted': False, 'goal_scored': False, 'goal_team': None, 'ball_out_by': None, 'has_ball': False, 'start_shot_bonus': False, 'start_pass_bonus': False, 'possession_lost': False}
[Step 136] Action=[ 0.10373778 -0.21189183  0.25667655  0.          0.          0.2894187
  0.21901734] | Reward=-0.013 | Cum=-1.655 | Info={'shot_attempted': False, 'pass_attempted': False, 'goal_scored': False, 'goal_team': None, 'ball_out_by': None, 'has_ball': False, 'start_shot_bonus': False, 'start_pass_bonus': False, 'possession_lost': False}
[Step 137] Action=[ 0.10371909 -0.2118823   0.2565333   0.          0.          0.2892832
  0.21913408] | Reward=-0.013 | Cum=-1.668 | Info={'shot_attempted': False, 'pass_attempted': False, 'goal_scored': False, 'goal_team': None, 'ball_out_by': None, 'has_ball': False, 'start_shot_bonus': False, 'start_pass_bonus': False, 'possession_lost': False}
[Step 138] Action=[ 0.1037005  -0.21187279  0.25639033  0.          0.          0.28914776
  0.2192507 ] | Reward=-0.013 | Cum=-1.682 | Info={'shot_attempted': False, 'pass_attempted': False, 'goal_scored': False, 'goal_team': None, 'ball_out_by': None, 'has_ball': False, 'start_shot_bonus': False, 'start_pass_bonus': False, 'possession_lost': False}
[Step 139] Action=[ 0.10368205 -0.21186334  0.2562475   0.          0.          0.28901246
  0.21936712] | Reward=-0.014 | Cum=-1.695 | Info={'shot_attempted': False, 'pass_attempted': False, 'goal_scored': False, 'goal_team': None, 'ball_out_by': None, 'has_ball': False, 'start_shot_bonus': False, 'start_pass_bonus': False, 'possession_lost': False}
[Step 140] Action=[ 0.10366359 -0.21185389  0.25610495  0.          0.          0.28887728
  0.21948342] | Reward=-0.014 | Cum=-1.709 | Info={'shot_attempted': False, 'pass_attempted': False, 'goal_scored': False, 'goal_team': None, 'ball_out_by': None, 'has_ball': False, 'start_shot_bonus': False, 'start_pass_bonus': False, 'possession_lost': False}
[Step 141] Action=[ 0.10364525 -0.21184452  0.25596255  0.          0.          0.2887421
  0.21959953] | Reward=-0.014 | Cum=-1.723 | Info={'shot_attempted': False, 'pass_attempted': False, 'goal_scored': False, 'goal_team': None, 'ball_out_by': None, 'has_ball': False, 'start_shot_bonus': False, 'start_pass_bonus': False, 'possession_lost': False}
[Step 142] Action=[ 0.10362704 -0.21183522  0.25582042  0.          0.          0.28860706
  0.21971549] | Reward=-0.014 | Cum=-1.736 | Info={'shot_attempted': False, 'pass_attempted': False, 'goal_scored': False, 'goal_team': None, 'ball_out_by': None, 'has_ball': False, 'start_shot_bonus': False, 'start_pass_bonus': False, 'possession_lost': False}
[Step 143] Action=[ 0.10360891 -0.21182594  0.25567847  0.          0.          0.2884721
  0.21983132] | Reward=-0.014 | Cum=-1.750 | Info={'shot_attempted': False, 'pass_attempted': False, 'goal_scored': False, 'goal_team': None, 'ball_out_by': None, 'has_ball': False, 'start_shot_bonus': False, 'start_pass_bonus': False, 'possession_lost': False}
[Step 144] Action=[ 0.10359088 -0.21181668  0.25553674  0.          0.          0.2883372
  0.21994695] | Reward=-0.014 | Cum=-1.763 | Info={'shot_attempted': False, 'pass_attempted': False, 'goal_scored': False, 'goal_team': None, 'ball_out_by': None, 'has_ball': False, 'start_shot_bonus': False, 'start_pass_bonus': False, 'possession_lost': False}
[Step 145] Action=[ 0.10357311 -0.21180598  0.2553991   0.          0.          0.2882042
  0.22006463] | Reward=-0.014 | Cum=-1.777 | Info={'shot_attempted': False, 'pass_attempted': False, 'goal_scored': False, 'goal_team': None, 'ball_out_by': None, 'has_ball': False, 'start_shot_bonus': False, 'start_pass_bonus': False, 'possession_lost': False}
[Step 146] Action=[ 0.10355552 -0.21179439  0.2552642   0.          0.          0.28807235
  0.22018355] | Reward=-0.014 | Cum=-1.790 | Info={'shot_attempted': False, 'pass_attempted': False, 'goal_scored': False, 'goal_team': None, 'ball_out_by': None, 'has_ball': False, 'start_shot_bonus': False, 'start_pass_bonus': False, 'possession_lost': False}
[Step 147] Action=[ 0.10353801 -0.21178284  0.25512946  0.          0.          0.28794056
  0.22030225] | Reward=-0.014 | Cum=-1.804 | Info={'shot_attempted': False, 'pass_attempted': False, 'goal_scored': False, 'goal_team': None, 'ball_out_by': None, 'has_ball': False, 'start_shot_bonus': False, 'start_pass_bonus': False, 'possession_lost': False}
[Step 148] Action=[ 0.10352058 -0.21177134  0.25499493  0.          0.          0.2878089
  0.22042081] | Reward=-0.014 | Cum=-1.818 | Info={'shot_attempted': False, 'pass_attempted': False, 'goal_scored': False, 'goal_team': None, 'ball_out_by': None, 'has_ball': False, 'start_shot_bonus': False, 'start_pass_bonus': False, 'possession_lost': False}
[Step 149] Action=[ 0.10350326 -0.21175987  0.25486067  0.          0.          0.28767732
  0.22053923] | Reward=-0.014 | Cum=-1.831 | Info={'shot_attempted': False, 'pass_attempted': False, 'goal_scored': False, 'goal_team': None, 'ball_out_by': None, 'has_ball': False, 'start_shot_bonus': False, 'start_pass_bonus': False, 'possession_lost': False}
[Step 150] Action=[ 0.10348602 -0.21174845  0.2547266   0.          0.          0.2875458
  0.22065748] | Reward=-0.014 | Cum=-1.845 | Info={'shot_attempted': False, 'pass_attempted': False, 'goal_scored': False, 'goal_team': None, 'ball_out_by': None, 'has_ball': False, 'start_shot_bonus': False, 'start_pass_bonus': False, 'possession_lost': False}
[Step 151] Action=[ 0.10346887 -0.2117371   0.2545927   0.          0.          0.2874144
  0.2207756 ] | Reward=-0.014 | Cum=-1.859 | Info={'shot_attempted': False, 'pass_attempted': False, 'goal_scored': False, 'goal_team': None, 'ball_out_by': None, 'has_ball': False, 'start_shot_bonus': False, 'start_pass_bonus': False, 'possession_lost': False}
[Step 152] Action=[ 0.10345184 -0.21172574  0.25445902  0.          0.          0.2872831
  0.22089356] | Reward=-0.014 | Cum=-1.872 | Info={'shot_attempted': False, 'pass_attempted': False, 'goal_scored': False, 'goal_team': None, 'ball_out_by': None, 'has_ball': False, 'start_shot_bonus': False, 'start_pass_bonus': False, 'possession_lost': False}
[Step 153] Action=[ 0.10343489 -0.21171443  0.25432557  0.          0.          0.28715184
  0.22101133] | Reward=-0.014 | Cum=-1.886 | Info={'shot_attempted': False, 'pass_attempted': False, 'goal_scored': False, 'goal_team': None, 'ball_out_by': None, 'has_ball': False, 'start_shot_bonus': False, 'start_pass_bonus': False, 'possession_lost': False}
[Step 154] Action=[ 0.10341801 -0.2117032   0.25419232  0.          0.          0.2870207
  0.22112899] | Reward=-0.014 | Cum=-1.900 | Info={'shot_attempted': False, 'pass_attempted': False, 'goal_scored': False, 'goal_team': None, 'ball_out_by': None, 'has_ball': False, 'start_shot_bonus': False, 'start_pass_bonus': False, 'possession_lost': False}
[Step 155] Action=[ 0.10340121 -0.21169198  0.25405923  0.          0.          0.28688964
  0.22124647] | Reward=-0.014 | Cum=-1.914 | Info={'shot_attempted': False, 'pass_attempted': False, 'goal_scored': False, 'goal_team': None, 'ball_out_by': None, 'has_ball': False, 'start_shot_bonus': False, 'start_pass_bonus': False, 'possession_lost': False}
[Step 156] Action=[ 0.1033878  -0.21167643  0.2539343   0.          0.          0.28675735
  0.22136582] | Reward=-0.014 | Cum=-1.927 | Info={'shot_attempted': False, 'pass_attempted': False, 'goal_scored': False, 'goal_team': None, 'ball_out_by': None, 'has_ball': False, 'start_shot_bonus': False, 'start_pass_bonus': False, 'possession_lost': False}
[Step 157] Action=[ 0.10337916 -0.21165474  0.25382057  0.          0.          0.28662327
  0.2214879 ] | Reward=-0.014 | Cum=-1.941 | Info={'shot_attempted': False, 'pass_attempted': False, 'goal_scored': False, 'goal_team': None, 'ball_out_by': None, 'has_ball': False, 'start_shot_bonus': False, 'start_pass_bonus': False, 'possession_lost': False}
[Step 158] Action=[ 0.10337058 -0.2116331   0.2537071   0.          0.          0.28648928
  0.22160983] | Reward=-0.014 | Cum=-1.955 | Info={'shot_attempted': False, 'pass_attempted': False, 'goal_scored': False, 'goal_team': None, 'ball_out_by': None, 'has_ball': False, 'start_shot_bonus': False, 'start_pass_bonus': False, 'possession_lost': False}
[Step 159] Action=[ 0.10336209 -0.21161152  0.2535938   0.          0.          0.28635532
  0.22173156] | Reward=-0.014 | Cum=-1.969 | Info={'shot_attempted': False, 'pass_attempted': False, 'goal_scored': False, 'goal_team': None, 'ball_out_by': None, 'has_ball': False, 'start_shot_bonus': False, 'start_pass_bonus': False, 'possession_lost': False}
[Step 160] Action=[ 0.10335368 -0.21158995  0.25348076  0.          0.          0.2862216
  0.22185318] | Reward=-0.014 | Cum=-1.982 | Info={'shot_attempted': False, 'pass_attempted': False, 'goal_scored': False, 'goal_team': None, 'ball_out_by': None, 'has_ball': False, 'start_shot_bonus': False, 'start_pass_bonus': False, 'possession_lost': False}
[Step 161] Action=[ 0.10334539 -0.21156844  0.2533679   0.          0.          0.28608784
  0.22197463] | Reward=-0.014 | Cum=-1.996 | Info={'shot_attempted': False, 'pass_attempted': False, 'goal_scored': False, 'goal_team': None, 'ball_out_by': None, 'has_ball': False, 'start_shot_bonus': False, 'start_pass_bonus': False, 'possession_lost': False}
[Step 162] Action=[ 0.10333713 -0.21154702  0.25325522  0.          0.          0.28595424
  0.2220959 ] | Reward=-0.014 | Cum=-2.010 | Info={'shot_attempted': False, 'pass_attempted': False, 'goal_scored': False, 'goal_team': None, 'ball_out_by': None, 'has_ball': False, 'start_shot_bonus': False, 'start_pass_bonus': False, 'possession_lost': False}
[Step 163] Action=[ 0.10332901 -0.2115256   0.2531428   0.          0.          0.28582075
  0.22221702] | Reward=-0.014 | Cum=-2.024 | Info={'shot_attempted': False, 'pass_attempted': False, 'goal_scored': False, 'goal_team': None, 'ball_out_by': None, 'has_ball': False, 'start_shot_bonus': False, 'start_pass_bonus': False, 'possession_lost': False}
[Step 164] Action=[ 0.10332098 -0.21150422  0.25303063  0.          0.          0.2856873
  0.22233802] | Reward=-0.014 | Cum=-2.038 | Info={'shot_attempted': False, 'pass_attempted': False, 'goal_scored': False, 'goal_team': None, 'ball_out_by': None, 'has_ball': False, 'start_shot_bonus': False, 'start_pass_bonus': False, 'possession_lost': False}
[Step 165] Action=[ 0.10331301 -0.2114829   0.25291857  0.          0.          0.28555396
  0.2224588 ] | Reward=-0.014 | Cum=-2.051 | Info={'shot_attempted': False, 'pass_attempted': False, 'goal_scored': False, 'goal_team': None, 'ball_out_by': None, 'has_ball': False, 'start_shot_bonus': False, 'start_pass_bonus': False, 'possession_lost': False}
[Step 166] Action=[ 0.10330512 -0.21146166  0.2528067   0.          0.          0.2854207
  0.22257945] | Reward=-0.014 | Cum=-2.065 | Info={'shot_attempted': False, 'pass_attempted': False, 'goal_scored': False, 'goal_team': None, 'ball_out_by': None, 'has_ball': False, 'start_shot_bonus': False, 'start_pass_bonus': False, 'possession_lost': False}
[Step 167] Action=[ 0.10329732 -0.21144046  0.25269517  0.          0.          0.28528756
  0.22269997] | Reward=-0.014 | Cum=-2.079 | Info={'shot_attempted': False, 'pass_attempted': False, 'goal_scored': False, 'goal_team': None, 'ball_out_by': None, 'has_ball': False, 'start_shot_bonus': False, 'start_pass_bonus': False, 'possession_lost': False}
[Step 168] Action=[ 0.10328965 -0.21141921  0.25258377  0.          0.          0.28515452
  0.22282033] | Reward=-0.014 | Cum=-2.093 | Info={'shot_attempted': False, 'pass_attempted': False, 'goal_scored': False, 'goal_team': None, 'ball_out_by': None, 'has_ball': False, 'start_shot_bonus': False, 'start_pass_bonus': False, 'possession_lost': False}
[Step 169] Action=[ 0.10328203 -0.21139812  0.25247258  0.          0.          0.28502154
  0.2229405 ] | Reward=-0.014 | Cum=-2.107 | Info={'shot_attempted': False, 'pass_attempted': False, 'goal_scored': False, 'goal_team': None, 'ball_out_by': None, 'has_ball': False, 'start_shot_bonus': False, 'start_pass_bonus': False, 'possession_lost': False}
[Step 170] Action=[ 0.10327454 -0.21137705  0.2523616   0.          0.          0.28488865
  0.22306053] | Reward=-0.014 | Cum=-2.121 | Info={'shot_attempted': False, 'pass_attempted': False, 'goal_scored': False, 'goal_team': None, 'ball_out_by': None, 'has_ball': False, 'start_shot_bonus': False, 'start_pass_bonus': False, 'possession_lost': False}
[Step 171] Action=[ 0.10326704 -0.21135598  0.25225085  0.          0.          0.2847559
  0.22318041] | Reward=-0.014 | Cum=-2.135 | Info={'shot_attempted': False, 'pass_attempted': False, 'goal_scored': False, 'goal_team': None, 'ball_out_by': None, 'has_ball': False, 'start_shot_bonus': False, 'start_pass_bonus': False, 'possession_lost': False}
[Step 172] Action=[ 0.10325971 -0.21133497  0.25214028  0.          0.          0.28462318
  0.22330013] | Reward=-0.014 | Cum=-2.149 | Info={'shot_attempted': False, 'pass_attempted': False, 'goal_scored': False, 'goal_team': None, 'ball_out_by': None, 'has_ball': False, 'start_shot_bonus': False, 'start_pass_bonus': False, 'possession_lost': False}
[Step 173] Action=[ 0.10325246 -0.21131402  0.25202993  0.          0.          0.28449062
  0.2234197 ] | Reward=-0.014 | Cum=-2.163 | Info={'shot_attempted': False, 'pass_attempted': False, 'goal_scored': False, 'goal_team': None, 'ball_out_by': None, 'has_ball': False, 'start_shot_bonus': False, 'start_pass_bonus': False, 'possession_lost': False}
[Step 174] Action=[ 0.10324531 -0.21129315  0.25191975  0.          0.          0.28435805
  0.22353916] | Reward=-0.014 | Cum=-2.177 | Info={'shot_attempted': False, 'pass_attempted': False, 'goal_scored': False, 'goal_team': None, 'ball_out_by': None, 'has_ball': False, 'start_shot_bonus': False, 'start_pass_bonus': False, 'possession_lost': False}
[Step 175] Action=[ 0.1032382  -0.2112723   0.2518098   0.          0.          0.28422564
  0.2236584 ] | Reward=-0.014 | Cum=-2.190 | Info={'shot_attempted': False, 'pass_attempted': False, 'goal_scored': False, 'goal_team': None, 'ball_out_by': None, 'has_ball': False, 'start_shot_bonus': False, 'start_pass_bonus': False, 'possession_lost': False}
[Step 176] Action=[ 0.10323134 -0.21125178  0.25170067  0.          0.          0.28409374
  0.22377768] | Reward=-0.014 | Cum=-2.204 | Info={'shot_attempted': False, 'pass_attempted': False, 'goal_scored': False, 'goal_team': None, 'ball_out_by': None, 'has_ball': False, 'start_shot_bonus': False, 'start_pass_bonus': False, 'possession_lost': False}
[Step 177] Action=[ 0.10322589 -0.2112344   0.25159824  0.          0.          0.28396645
  0.22389907] | Reward=-0.014 | Cum=-2.218 | Info={'shot_attempted': False, 'pass_attempted': False, 'goal_scored': False, 'goal_team': None, 'ball_out_by': None, 'has_ball': False, 'start_shot_bonus': False, 'start_pass_bonus': False, 'possession_lost': False}
[Step 178] Action=[ 0.10322053 -0.21121708  0.25149596  0.          0.          0.28383923
  0.22402029] | Reward=-0.014 | Cum=-2.232 | Info={'shot_attempted': False, 'pass_attempted': False, 'goal_scored': False, 'goal_team': None, 'ball_out_by': None, 'has_ball': False, 'start_shot_bonus': False, 'start_pass_bonus': False, 'possession_lost': False}
[Step 179] Action=[ 0.10321522 -0.21119979  0.2513939   0.          0.          0.28371218
  0.22414131] | Reward=-0.014 | Cum=-2.246 | Info={'shot_attempted': False, 'pass_attempted': False, 'goal_scored': False, 'goal_team': None, 'ball_out_by': None, 'has_ball': False, 'start_shot_bonus': False, 'start_pass_bonus': False, 'possession_lost': False}
[Step 180] Action=[ 0.10321003 -0.21118256  0.25129202  0.          0.          0.28358513
  0.22426224] | Reward=-0.014 | Cum=-2.260 | Info={'shot_attempted': False, 'pass_attempted': False, 'goal_scored': False, 'goal_team': None, 'ball_out_by': None, 'has_ball': False, 'start_shot_bonus': False, 'start_pass_bonus': False, 'possession_lost': False}
[Step 181] Action=[ 0.10320485 -0.21116537  0.2511904   0.          0.          0.28345817
  0.22438298] | Reward=-0.014 | Cum=-2.274 | Info={'shot_attempted': False, 'pass_attempted': False, 'goal_scored': False, 'goal_team': None, 'ball_out_by': None, 'has_ball': False, 'start_shot_bonus': False, 'start_pass_bonus': False, 'possession_lost': False}
[Step 182] Action=[ 0.10319985 -0.21114825  0.2510889   0.          0.          0.28333136
  0.22450356] | Reward=-0.014 | Cum=-2.288 | Info={'shot_attempted': False, 'pass_attempted': False, 'goal_scored': False, 'goal_team': None, 'ball_out_by': None, 'has_ball': False, 'start_shot_bonus': False, 'start_pass_bonus': False, 'possession_lost': False}
[Step 183] Action=[ 0.10319491 -0.21113114  0.25098765  0.          0.          0.28320462
  0.22462401] | Reward=-0.014 | Cum=-2.302 | Info={'shot_attempted': False, 'pass_attempted': False, 'goal_scored': False, 'goal_team': None, 'ball_out_by': None, 'has_ball': False, 'start_shot_bonus': False, 'start_pass_bonus': False, 'possession_lost': False}
[Step 184] Action=[ 0.10319003 -0.21111408  0.25088653  0.          0.          0.28307793
  0.22474426] | Reward=-0.014 | Cum=-2.316 | Info={'shot_attempted': False, 'pass_attempted': False, 'goal_scored': False, 'goal_team': None, 'ball_out_by': None, 'has_ball': False, 'start_shot_bonus': False, 'start_pass_bonus': False, 'possession_lost': False}
[Step 185] Action=[ 0.10318525 -0.21109705  0.25078574  0.          0.          0.28295133
  0.22486442] | Reward=-0.014 | Cum=-2.331 | Info={'shot_attempted': False, 'pass_attempted': False, 'goal_scored': False, 'goal_team': None, 'ball_out_by': None, 'has_ball': False, 'start_shot_bonus': False, 'start_pass_bonus': False, 'possession_lost': False}
[Step 186] Action=[ 0.10318051 -0.21108006  0.25068507  0.          0.          0.28282484
  0.22498438] | Reward=-0.014 | Cum=-2.345 | Info={'shot_attempted': False, 'pass_attempted': False, 'goal_scored': False, 'goal_team': None, 'ball_out_by': None, 'has_ball': False, 'start_shot_bonus': False, 'start_pass_bonus': False, 'possession_lost': False}
[Step 187] Action=[ 0.10317594 -0.21106316  0.25058457  0.          0.          0.28269848
  0.22510421] | Reward=-0.014 | Cum=-2.359 | Info={'shot_attempted': False, 'pass_attempted': False, 'goal_scored': False, 'goal_team': None, 'ball_out_by': None, 'has_ball': False, 'start_shot_bonus': False, 'start_pass_bonus': False, 'possession_lost': False}
[Step 188] Action=[ 0.10316092 -0.21102177  0.25048783  0.          0.          0.28257328
  0.22522731] | Reward=-0.014 | Cum=-2.373 | Info={'shot_attempted': False, 'pass_attempted': False, 'goal_scored': False, 'goal_team': None, 'ball_out_by': None, 'has_ball': False, 'start_shot_bonus': False, 'start_pass_bonus': False, 'possession_lost': False}
[Step 189] Action=[ 0.10314382 -0.21097529  0.250392    0.          0.          0.2824485
  0.22535092] | Reward=-0.014 | Cum=-2.387 | Info={'shot_attempted': False, 'pass_attempted': False, 'goal_scored': False, 'goal_team': None, 'ball_out_by': None, 'has_ball': False, 'start_shot_bonus': False, 'start_pass_bonus': False, 'possession_lost': False}
[Step 190] Action=[ 0.10312644 -0.21092919  0.25029558  0.          0.          0.28232324
  0.22547531] | Reward=-0.014 | Cum=-2.401 | Info={'shot_attempted': False, 'pass_attempted': False, 'goal_scored': False, 'goal_team': None, 'ball_out_by': None, 'has_ball': False, 'start_shot_bonus': False, 'start_pass_bonus': False, 'possession_lost': False}
[Step 191] Action=[ 0.10310633 -0.21088596  0.25019214  0.          0.          0.28219256
  0.22560886] | Reward=-0.014 | Cum=-2.415 | Info={'shot_attempted': False, 'pass_attempted': False, 'goal_scored': False, 'goal_team': None, 'ball_out_by': None, 'has_ball': False, 'start_shot_bonus': False, 'start_pass_bonus': False, 'possession_lost': False}
[Step 192] Action=[ 0.10308624 -0.21084279  0.25008878  0.          0.          0.28206193
  0.22574224] | Reward=-0.014 | Cum=-2.429 | Info={'shot_attempted': False, 'pass_attempted': False, 'goal_scored': False, 'goal_team': None, 'ball_out_by': None, 'has_ball': False, 'start_shot_bonus': False, 'start_pass_bonus': False, 'possession_lost': False}
[Step 193] Action=[ 0.10306627 -0.21079965  0.24998578  0.          0.          0.28193146
  0.22587545] | Reward=-0.014 | Cum=-2.443 | Info={'shot_attempted': False, 'pass_attempted': False, 'goal_scored': False, 'goal_team': None, 'ball_out_by': None, 'has_ball': False, 'start_shot_bonus': False, 'start_pass_bonus': False, 'possession_lost': False}
[Step 194] Action=[ 0.10304637 -0.21075656  0.24988288  0.          0.          0.28180102
  0.2260085 ] | Reward=-0.014 | Cum=-2.457 | Info={'shot_attempted': False, 'pass_attempted': False, 'goal_scored': False, 'goal_team': None, 'ball_out_by': None, 'has_ball': False, 'start_shot_bonus': False, 'start_pass_bonus': False, 'possession_lost': False}
[Step 195] Action=[ 0.10302657 -0.21071358  0.24978013  0.          0.          0.28167072
  0.22614141] | Reward=-0.014 | Cum=-2.472 | Info={'shot_attempted': False, 'pass_attempted': False, 'goal_scored': False, 'goal_team': None, 'ball_out_by': None, 'has_ball': False, 'start_shot_bonus': False, 'start_pass_bonus': False, 'possession_lost': False}
[Step 196] Action=[ 0.10300686 -0.2106706   0.24967766  0.          0.          0.28154045
  0.22627416] | Reward=-0.014 | Cum=-2.486 | Info={'shot_attempted': False, 'pass_attempted': False, 'goal_scored': False, 'goal_team': None, 'ball_out_by': None, 'has_ball': False, 'start_shot_bonus': False, 'start_pass_bonus': False, 'possession_lost': False}
[Step 197] Action=[ 0.10298725 -0.21062769  0.24957536  0.          0.          0.28141028
  0.22640672] | Reward=-0.014 | Cum=-2.500 | Info={'shot_attempted': False, 'pass_attempted': False, 'goal_scored': False, 'goal_team': None, 'ball_out_by': None, 'has_ball': False, 'start_shot_bonus': False, 'start_pass_bonus': False, 'possession_lost': False}
[Step 198] Action=[ 0.10296773 -0.21058486  0.24947324  0.          0.          0.28128025
  0.22653912] | Reward=-0.014 | Cum=-2.514 | Info={'shot_attempted': False, 'pass_attempted': False, 'goal_scored': False, 'goal_team': None, 'ball_out_by': None, 'has_ball': False, 'start_shot_bonus': False, 'start_pass_bonus': False, 'possession_lost': False}
[Step 199] Action=[ 0.10294825 -0.21054205  0.24937129  0.          0.          0.28115022
  0.22667143] | Reward=-0.014 | Cum=-2.528 | Info={'shot_attempted': False, 'pass_attempted': False, 'goal_scored': False, 'goal_team': None, 'ball_out_by': None, 'has_ball': False, 'start_shot_bonus': False, 'start_pass_bonus': False, 'possession_lost': False}
[Step 200] Action=[ 0.10292896 -0.21049936  0.2492696   0.          0.          0.2810203
  0.22680356] | Reward=-0.014 | Cum=-2.542 | Info={'shot_attempted': False, 'pass_attempted': False, 'goal_scored': False, 'goal_team': None, 'ball_out_by': None, 'has_ball': False, 'start_shot_bonus': False, 'start_pass_bonus': False, 'possession_lost': False}
[Step 201] Action=[ 0.10290965 -0.21045665  0.24916808  0.          0.          0.2808905
  0.22693552] | Reward=-0.014 | Cum=-2.557 | Info={'shot_attempted': False, 'pass_attempted': False, 'goal_scored': False, 'goal_team': None, 'ball_out_by': None, 'has_ball': False, 'start_shot_bonus': False, 'start_pass_bonus': False, 'possession_lost': False}
[Step 202] Action=[ 0.10289051 -0.21041402  0.24906678  0.          0.          0.28076074
  0.22706729] | Reward=-0.014 | Cum=-2.571 | Info={'shot_attempted': False, 'pass_attempted': False, 'goal_scored': False, 'goal_team': None, 'ball_out_by': None, 'has_ball': False, 'start_shot_bonus': False, 'start_pass_bonus': False, 'possession_lost': False}
[Step 203] Action=[ 0.10287137 -0.21037143  0.24896565  0.          0.          0.28063112
  0.22719894] | Reward=-0.014 | Cum=-2.585 | Info={'shot_attempted': False, 'pass_attempted': False, 'goal_scored': False, 'goal_team': None, 'ball_out_by': None, 'has_ball': False, 'start_shot_bonus': False, 'start_pass_bonus': False, 'possession_lost': False}
[Step 204] Action=[ 0.10285244 -0.21032894  0.2488647   0.          0.          0.28050157
  0.22733048] | Reward=-0.014 | Cum=-2.599 | Info={'shot_attempted': False, 'pass_attempted': False, 'goal_scored': False, 'goal_team': None, 'ball_out_by': None, 'has_ball': False, 'start_shot_bonus': False, 'start_pass_bonus': False, 'possession_lost': False}
[Step 205] Action=[ 0.13412206 -0.23408362  0.2151952   0.          0.          0.3094508
  0.15862244] | Reward=-0.014 | Cum=-2.613 | Info={'shot_attempted': False, 'pass_attempted': False, 'goal_scored': False, 'goal_team': None, 'ball_out_by': None, 'has_ball': False, 'start_shot_bonus': False, 'start_pass_bonus': False, 'possession_lost': False}
[Step 206] Action=[ 0.12334574 -0.24569686  0.19223511  0.          0.          0.27913395
  0.17875594] | Reward=-0.014 | Cum=-2.628 | Info={'shot_attempted': False, 'pass_attempted': False, 'goal_scored': False, 'goal_team': None, 'ball_out_by': None, 'has_ball': False, 'start_shot_bonus': False, 'start_pass_bonus': False, 'possession_lost': False}
[Step 207] Action=[ 0.12335423 -0.2456161   0.19209039  0.          0.          0.2790129
  0.1787938 ] | Reward=-0.014 | Cum=-2.642 | Info={'shot_attempted': False, 'pass_attempted': False, 'goal_scored': False, 'goal_team': None, 'ball_out_by': None, 'has_ball': False, 'start_shot_bonus': False, 'start_pass_bonus': False, 'possession_lost': False}
[Step 208] Action=[ 0.12336445 -0.24553393  0.19194391  0.          0.          0.27889365
  0.17883007] | Reward=-0.014 | Cum=-2.656 | Info={'shot_attempted': False, 'pass_attempted': False, 'goal_scored': False, 'goal_team': None, 'ball_out_by': None, 'has_ball': False, 'start_shot_bonus': False, 'start_pass_bonus': False, 'possession_lost': False}
[Step 209] Action=[ 0.12337471 -0.2454519   0.19179778  0.          0.          0.2787745
  0.17886624] | Reward=-0.014 | Cum=-2.670 | Info={'shot_attempted': False, 'pass_attempted': False, 'goal_scored': False, 'goal_team': None, 'ball_out_by': None, 'has_ball': False, 'start_shot_bonus': False, 'start_pass_bonus': False, 'possession_lost': False}
[Step 210] Action=[ 0.13388588 -0.23391958  0.2145096   0.          0.          0.30914927
  0.15865958] | Reward=-0.014 | Cum=-2.685 | Info={'shot_attempted': False, 'pass_attempted': False, 'goal_scored': False, 'goal_team': None, 'ball_out_by': None, 'has_ball': False, 'start_shot_bonus': False, 'start_pass_bonus': False, 'possession_lost': False}
[Step 211] Action=[ 0.12341538 -0.24531302  0.19151895  0.          0.          0.27853483
  0.17890169] | Reward=-0.014 | Cum=-2.699 | Info={'shot_attempted': False, 'pass_attempted': False, 'goal_scored': False, 'goal_team': None, 'ball_out_by': None, 'has_ball': False, 'start_shot_bonus': False, 'start_pass_bonus': False, 'possession_lost': False}
[Step 212] Action=[ 0.13379453 -0.23384929  0.21423158  0.          0.          0.30903497
  0.15867038] | Reward=-0.014 | Cum=-2.713 | Info={'shot_attempted': False, 'pass_attempted': False, 'goal_scored': False, 'goal_team': None, 'ball_out_by': None, 'has_ball': False, 'start_shot_bonus': False, 'start_pass_bonus': False, 'possession_lost': False}
[Step 213] Action=[ 0.12344689 -0.24515697  0.19123712  0.          0.          0.2782942
  0.17895906] | Reward=-0.014 | Cum=-2.727 | Info={'shot_attempted': False, 'pass_attempted': False, 'goal_scored': False, 'goal_team': None, 'ball_out_by': None, 'has_ball': False, 'start_shot_bonus': False, 'start_pass_bonus': False, 'possession_lost': False}
[Step 214] Action=[ 0.12346023 -0.24507324  0.19109088  0.          0.          0.27817166
  0.17899407] | Reward=-0.014 | Cum=-2.742 | Info={'shot_attempted': False, 'pass_attempted': False, 'goal_scored': False, 'goal_team': None, 'ball_out_by': None, 'has_ball': False, 'start_shot_bonus': False, 'start_pass_bonus': False, 'possession_lost': False}
[Step 215] Action=[ 0.12347372 -0.24498965  0.19094498  0.          0.          0.2780491
  0.179029  ] | Reward=-0.014 | Cum=-2.756 | Info={'shot_attempted': False, 'pass_attempted': False, 'goal_scored': False, 'goal_team': None, 'ball_out_by': None, 'has_ball': False, 'start_shot_bonus': False, 'start_pass_bonus': False, 'possession_lost': False}
[Step 216] Action=[ 0.12348727 -0.24490617  0.19079944  0.          0.          0.27792662
  0.17906381] | Reward=-0.014 | Cum=-2.770 | Info={'shot_attempted': False, 'pass_attempted': False, 'goal_scored': False, 'goal_team': None, 'ball_out_by': None, 'has_ball': False, 'start_shot_bonus': False, 'start_pass_bonus': False, 'possession_lost': False}
[Step 217] Action=[ 0.12350083 -0.2448228   0.19065413  0.          0.          0.27780426
  0.1790985 ] | Reward=-0.014 | Cum=-2.785 | Info={'shot_attempted': False, 'pass_attempted': False, 'goal_scored': False, 'goal_team': None, 'ball_out_by': None, 'has_ball': False, 'start_shot_bonus': False, 'start_pass_bonus': False, 'possession_lost': False}
[Step 218] Action=[ 0.12351453 -0.24473958  0.19050916  0.          0.          0.27768195
  0.17913312] | Reward=-0.014 | Cum=-2.799 | Info={'shot_attempted': False, 'pass_attempted': False, 'goal_scored': False, 'goal_team': None, 'ball_out_by': None, 'has_ball': False, 'start_shot_bonus': False, 'start_pass_bonus': False, 'possession_lost': False}
[Step 219] Action=[ 0.1235283  -0.24465637  0.19036451  0.          0.          0.27755973
  0.1791676 ] | Reward=-0.014 | Cum=-2.813 | Info={'shot_attempted': False, 'pass_attempted': False, 'goal_scored': False, 'goal_team': None, 'ball_out_by': None, 'has_ball': False, 'start_shot_bonus': False, 'start_pass_bonus': False, 'possession_lost': False}
[Step 220] Action=[ 0.12354217 -0.24457338  0.19022015  0.          0.          0.27743754
  0.17920198] | Reward=-0.014 | Cum=-2.828 | Info={'shot_attempted': False, 'pass_attempted': False, 'goal_scored': False, 'goal_team': None, 'ball_out_by': None, 'has_ball': False, 'start_shot_bonus': False, 'start_pass_bonus': False, 'possession_lost': False}
[Step 221] Action=[ 0.12355605 -0.24449044  0.19007608  0.          0.          0.2773155
  0.17923625] | Reward=-0.014 | Cum=-2.842 | Info={'shot_attempted': False, 'pass_attempted': False, 'goal_scored': False, 'goal_team': None, 'ball_out_by': None, 'has_ball': False, 'start_shot_bonus': False, 'start_pass_bonus': False, 'possession_lost': False}
[Step 222] Action=[ 0.12357009 -0.24440761  0.18993235  0.          0.          0.2771935
  0.17927043] | Reward=-0.014 | Cum=-2.856 | Info={'shot_attempted': False, 'pass_attempted': False, 'goal_scored': False, 'goal_team': None, 'ball_out_by': None, 'has_ball': False, 'start_shot_bonus': False, 'start_pass_bonus': False, 'possession_lost': False}
[Step 223] Action=[ 0.12358411 -0.24432488  0.1897889   0.          0.          0.2770715
  0.1793045 ] | Reward=-0.014 | Cum=-2.871 | Info={'shot_attempted': False, 'pass_attempted': False, 'goal_scored': False, 'goal_team': None, 'ball_out_by': None, 'has_ball': False, 'start_shot_bonus': False, 'start_pass_bonus': False, 'possession_lost': False}
[Step 224] Action=[ 0.12359827 -0.24424224  0.18964577  0.          0.          0.27694967
  0.17933841] | Reward=-0.014 | Cum=-2.885 | Info={'shot_attempted': False, 'pass_attempted': False, 'goal_scored': False, 'goal_team': None, 'ball_out_by': None, 'has_ball': False, 'start_shot_bonus': False, 'start_pass_bonus': False, 'possession_lost': False}
[Step 225] Action=[ 0.12361253 -0.24415974  0.18950292  0.          0.          0.27682787
  0.17937228] | Reward=-0.014 | Cum=-2.899 | Info={'shot_attempted': False, 'pass_attempted': False, 'goal_scored': False, 'goal_team': None, 'ball_out_by': None, 'has_ball': False, 'start_shot_bonus': False, 'start_pass_bonus': False, 'possession_lost': False}
[Step 226] Action=[ 0.12362681 -0.24407737  0.18936035  0.          0.          0.27670613
  0.17940605] | Reward=-0.014 | Cum=-2.914 | Info={'shot_attempted': False, 'pass_attempted': False, 'goal_scored': False, 'goal_team': None, 'ball_out_by': None, 'has_ball': False, 'start_shot_bonus': False, 'start_pass_bonus': False, 'possession_lost': False}
[Step 227] Action=[ 0.12364121 -0.24399506  0.18921809  0.          0.          0.2765845
  0.17943965] | Reward=-0.014 | Cum=-2.928 | Info={'shot_attempted': False, 'pass_attempted': False, 'goal_scored': False, 'goal_team': None, 'ball_out_by': None, 'has_ball': False, 'start_shot_bonus': False, 'start_pass_bonus': False, 'possession_lost': False}
[Step 228] Action=[ 0.12365567 -0.24391285  0.18907619  0.          0.          0.2764629
  0.17947316] | Reward=-0.014 | Cum=-2.943 | Info={'shot_attempted': False, 'pass_attempted': False, 'goal_scored': False, 'goal_team': None, 'ball_out_by': None, 'has_ball': False, 'start_shot_bonus': False, 'start_pass_bonus': False, 'possession_lost': False}
[Step 229] Action=[ 0.12367021 -0.24383077  0.18893455  0.          0.          0.2763414
  0.1795066 ] | Reward=-0.014 | Cum=-2.957 | Info={'shot_attempted': False, 'pass_attempted': False, 'goal_scored': False, 'goal_team': None, 'ball_out_by': None, 'has_ball': False, 'start_shot_bonus': False, 'start_pass_bonus': False, 'possession_lost': False}
[Step 230] Action=[ 0.12368481 -0.24374886  0.1887932   0.          0.          0.27622005
  0.1795399 ] | Reward=-0.014 | Cum=-2.971 | Info={'shot_attempted': False, 'pass_attempted': False, 'goal_scored': False, 'goal_team': None, 'ball_out_by': None, 'has_ball': False, 'start_shot_bonus': False, 'start_pass_bonus': False, 'possession_lost': False}
[Step 231] Action=[ 0.12369953 -0.24366695  0.18865214  0.          0.          0.27609864
  0.1795731 ] | Reward=-0.014 | Cum=-2.986 | Info={'shot_attempted': False, 'pass_attempted': False, 'goal_scored': False, 'goal_team': None, 'ball_out_by': None, 'has_ball': False, 'start_shot_bonus': False, 'start_pass_bonus': False, 'possession_lost': False}
[Step 232] Action=[ 0.12371423 -0.24358518  0.18851142  0.          0.          0.2759774
  0.17960621] | Reward=-0.014 | Cum=-3.000 | Info={'shot_attempted': False, 'pass_attempted': False, 'goal_scored': False, 'goal_team': None, 'ball_out_by': None, 'has_ball': False, 'start_shot_bonus': False, 'start_pass_bonus': False, 'possession_lost': False}
[Step 233] Action=[ 0.12372909 -0.24350351  0.18837094  0.          0.          0.27585623
  0.17963922] | Reward=-0.014 | Cum=-3.015 | Info={'shot_attempted': False, 'pass_attempted': False, 'goal_scored': False, 'goal_team': None, 'ball_out_by': None, 'has_ball': False, 'start_shot_bonus': False, 'start_pass_bonus': False, 'possession_lost': False}
[Step 234] Action=[ 0.123744   -0.24342205  0.18823084  0.          0.          0.27573505
  0.1796721 ] | Reward=-0.014 | Cum=-3.029 | Info={'shot_attempted': False, 'pass_attempted': False, 'goal_scored': False, 'goal_team': None, 'ball_out_by': None, 'has_ball': False, 'start_shot_bonus': False, 'start_pass_bonus': False, 'possession_lost': False}
[Step 235] Action=[ 0.12375899 -0.24334057  0.18809098  0.          0.          0.275614
  0.17970489] | Reward=-0.014 | Cum=-3.043 | Info={'shot_attempted': False, 'pass_attempted': False, 'goal_scored': False, 'goal_team': None, 'ball_out_by': None, 'has_ball': False, 'start_shot_bonus': False, 'start_pass_bonus': False, 'possession_lost': False}
[Step 236] Action=[ 0.12377407 -0.2432592   0.18795146  0.          0.          0.275493
  0.17973758] | Reward=-0.014 | Cum=-3.058 | Info={'shot_attempted': False, 'pass_attempted': False, 'goal_scored': False, 'goal_team': None, 'ball_out_by': None, 'has_ball': False, 'start_shot_bonus': False, 'start_pass_bonus': False, 'possession_lost': False}
[Step 237] Action=[ 0.12378917 -0.243178    0.18781221  0.          0.          0.2753721
  0.17977013] | Reward=-0.014 | Cum=-3.072 | Info={'shot_attempted': False, 'pass_attempted': False, 'goal_scored': False, 'goal_team': None, 'ball_out_by': None, 'has_ball': False, 'start_shot_bonus': False, 'start_pass_bonus': False, 'possession_lost': False}
[Step 238] Action=[ 0.12380443 -0.24309684  0.18767327  0.          0.          0.2752512
  0.17980263] | Reward=-0.014 | Cum=-3.087 | Info={'shot_attempted': False, 'pass_attempted': False, 'goal_scored': False, 'goal_team': None, 'ball_out_by': None, 'has_ball': False, 'start_shot_bonus': False, 'start_pass_bonus': False, 'possession_lost': False}
[Step 239] Action=[ 0.12381973 -0.24301587  0.18753463  0.          0.          0.27513045
  0.17983498] | Reward=-0.105 | Cum=-3.192 | Info={'shot_attempted': False, 'pass_attempted': False, 'goal_scored': False, 'goal_team': None, 'ball_out_by': None, 'has_ball': False, 'start_shot_bonus': False, 'start_pass_bonus': False, 'possession_lost': False}
[Step 240] Action=[ 0.12383506 -0.24293496  0.18739629  0.          0.          0.27500978
  0.17986722] | Reward=-0.105 | Cum=-3.297 | Info={'shot_attempted': False, 'pass_attempted': False, 'goal_scored': False, 'goal_team': None, 'ball_out_by': None, 'has_ball': False, 'start_shot_bonus': False, 'start_pass_bonus': False, 'possession_lost': False}
