Debug log for att_1 (Episode 800)
================================================================================
[Step 1] Action=[ 0.9050009  -0.9999976   0.          0.99609274  0.9849888  -0.9201882
  0.9990863 ] | Reward=+1.973 | Cum=+1.973 | Info={'shot_attempted': True, 'pass_attempted': False, 'shot_quality': 0.11972226808203311, 'shot_power': 31.342382490634918, 'shot_direction': [-0.6526077866847598, 0.7576958945507162], 'invalid_shot_direction': True, 'shot_alignment': 0.17516495456017378, 'shot_positional_quality': 0.5986113404101655, 'goal_scored': False, 'goal_team': None, 'ball_out_by': None, 'has_ball': False, 'start_shot_bonus': True, 'start_pass_bonus': False, 'possession_lost': False}

[Step 2] Action=[ 0.89267004 -0.9999947   0.          0.9940806   0.97952175 -0.90202004
  0.99851555] | Reward=+0.014 | Cum=+1.986 | Info={'shot_attempted': False, 'pass_attempted': False, 'goal_scored': False, 'goal_team': None, 'ball_out_by': None, 'has_ball': False, 'start_shot_bonus': False, 'start_pass_bonus': False, 'possession_lost': False}

[Step 3] Action=[ 0.89274234 -0.9999947   0.          0.994088    0.97954756 -0.90209824
  0.99851835] | Reward=+0.007 | Cum=+1.994 | Info={'shot_attempted': False, 'pass_attempted': False, 'goal_scored': False, 'goal_team': None, 'ball_out_by': None, 'has_ball': False, 'start_shot_bonus': False, 'start_pass_bonus': False, 'possession_lost': False}

[Step 4] Action=[ 0.8928143  -0.9999947   0.          0.9940953   0.97957325 -0.9021762
  0.99852115] | Reward=+0.003 | Cum=+1.997 | Info={'shot_attempted': False, 'pass_attempted': False, 'goal_scored': False, 'goal_team': None, 'ball_out_by': None, 'has_ball': False, 'start_shot_bonus': False, 'start_pass_bonus': False, 'possession_lost': False}

[Step 5] Action=[ 0.8928861  -0.9999947   0.          0.9941026   0.9795989  -0.902254
  0.99852395] | Reward=+0.002 | Cum=+1.999 | Info={'shot_attempted': False, 'pass_attempted': False, 'goal_scored': False, 'goal_team': None, 'ball_out_by': None, 'has_ball': False, 'start_shot_bonus': False, 'start_pass_bonus': False, 'possession_lost': False}

[Step 6] Action=[ 0.8929577  -0.9999947   0.          0.9941099   0.9796244  -0.9023316
  0.99852675] | Reward=+0.000 | Cum=+1.999 | Info={'shot_attempted': False, 'pass_attempted': False, 'goal_scored': False, 'goal_team': None, 'ball_out_by': None, 'has_ball': False, 'start_shot_bonus': False, 'start_pass_bonus': False, 'possession_lost': False}

[Step 7] Action=[ 0.8930292  -0.99999475  0.          0.99411714  0.97964984 -0.902409
  0.99852955] | Reward=+0.001 | Cum=+2.000 | Info={'shot_attempted': False, 'pass_attempted': False, 'goal_scored': False, 'goal_team': None, 'ball_out_by': None, 'has_ball': False, 'start_shot_bonus': False, 'start_pass_bonus': False, 'possession_lost': False}

[Step 8] Action=[ 0.89310044 -0.99999475  0.          0.9941244   0.97967523 -0.9024862
  0.9985323 ] | Reward=+0.000 | Cum=+2.000 | Info={'shot_attempted': False, 'pass_attempted': False, 'goal_scored': False, 'goal_team': None, 'ball_out_by': None, 'has_ball': False, 'start_shot_bonus': False, 'start_pass_bonus': False, 'possession_lost': False}

[Step 9] Action=[ 0.8931715  -0.99999475  0.          0.9941316   0.9797005  -0.90256315
  0.99853504] | Reward=+0.000 | Cum=+2.000 | Info={'shot_attempted': False, 'pass_attempted': False, 'goal_scored': False, 'goal_team': None, 'ball_out_by': None, 'has_ball': False, 'start_shot_bonus': False, 'start_pass_bonus': False, 'possession_lost': False}

[Step 10] Action=[ 0.89324236 -0.99999475  0.          0.99413884  0.9797257  -0.90264
  0.9985378 ] | Reward=+0.000 | Cum=+2.000 | Info={'shot_attempted': False, 'pass_attempted': False, 'goal_scored': False, 'goal_team': None, 'ball_out_by': None, 'has_ball': False, 'start_shot_bonus': False, 'start_pass_bonus': False, 'possession_lost': False}

[Step 11] Action=[ 0.8933135  -0.9999948   0.          0.99414593  0.9797511  -0.9027161
  0.9985405 ] | Reward=-0.000 | Cum=+2.000 | Info={'shot_attempted': False, 'pass_attempted': False, 'goal_scored': False, 'goal_team': None, 'ball_out_by': None, 'has_ball': False, 'start_shot_bonus': False, 'start_pass_bonus': False, 'possession_lost': False}

[Step 12] Action=[ 0.8933863  -0.9999948   0.          0.9941529   0.97977716 -0.9027906
  0.9985433 ] | Reward=-0.000 | Cum=+2.000 | Info={'shot_attempted': False, 'pass_attempted': False, 'goal_scored': False, 'goal_team': None, 'ball_out_by': None, 'has_ball': False, 'start_shot_bonus': False, 'start_pass_bonus': False, 'possession_lost': False}

[Step 13] Action=[ 0.89346033 -0.9999948   0.          0.9941599   0.9798031  -0.90286565
  0.99854606] | Reward=-0.000 | Cum=+2.000 | Info={'shot_attempted': False, 'pass_attempted': False, 'goal_scored': False, 'goal_team': None, 'ball_out_by': None, 'has_ball': False, 'start_shot_bonus': False, 'start_pass_bonus': False, 'possession_lost': False}

[Step 14] Action=[ 0.8935373  -0.9999948   0.          0.9941675   0.9798299  -0.90294474
  0.998549  ] | Reward=+0.001 | Cum=+2.000 | Info={'shot_attempted': False, 'pass_attempted': False, 'goal_scored': False, 'goal_team': None, 'ball_out_by': None, 'has_ball': False, 'start_shot_bonus': False, 'start_pass_bonus': False, 'possession_lost': False}

[Step 15] Action=[ 0.8936141  -0.9999949   0.          0.99417514  0.97985667 -0.9030237
  0.99855185] | Reward=+0.001 | Cum=+2.001 | Info={'shot_attempted': False, 'pass_attempted': False, 'goal_scored': False, 'goal_team': None, 'ball_out_by': None, 'has_ball': False, 'start_shot_bonus': False, 'start_pass_bonus': False, 'possession_lost': False}

[Step 16] Action=[ 0.8936908  -0.9999949   0.          0.99418277  0.9798834  -0.90310264
  0.99855477] | Reward=+0.001 | Cum=+2.001 | Info={'shot_attempted': False, 'pass_attempted': False, 'goal_scored': False, 'goal_team': None, 'ball_out_by': None, 'has_ball': False, 'start_shot_bonus': False, 'start_pass_bonus': False, 'possession_lost': False}

[Step 17] Action=[ 0.89376724 -0.9999949   0.          0.99419034  0.97991    -0.9031812
  0.9985576 ] | Reward=+0.001 | Cum=+2.002 | Info={'shot_attempted': False, 'pass_attempted': False, 'goal_scored': False, 'goal_team': None, 'ball_out_by': None, 'has_ball': False, 'start_shot_bonus': False, 'start_pass_bonus': False, 'possession_lost': False}

[Step 18] Action=[ 0.89384353 -0.9999949   0.          0.9941979   0.97993654 -0.9032597
  0.9985605 ] | Reward=+0.000 | Cum=+2.003 | Info={'shot_attempted': False, 'pass_attempted': False, 'goal_scored': False, 'goal_team': None, 'ball_out_by': None, 'has_ball': False, 'start_shot_bonus': False, 'start_pass_bonus': False, 'possession_lost': False}

[Step 19] Action=[ 0.8939196  -0.99999493  0.          0.9942055   0.979963   -0.90333796
  0.99856335] | Reward=+0.000 | Cum=+2.003 | Info={'shot_attempted': False, 'pass_attempted': False, 'goal_scored': False, 'goal_team': None, 'ball_out_by': None, 'has_ball': False, 'start_shot_bonus': False, 'start_pass_bonus': False, 'possession_lost': False}

[Step 20] Action=[ 0.8939954  -0.99999493  0.          0.994213    0.97998935 -0.9034159
  0.9985662 ] | Reward=+0.001 | Cum=+2.004 | Info={'shot_attempted': False, 'pass_attempted': False, 'goal_scored': False, 'goal_team': None, 'ball_out_by': None, 'has_ball': False, 'start_shot_bonus': False, 'start_pass_bonus': False, 'possession_lost': False}

[Step 21] Action=[ 0.8940709  -0.99999493  0.          0.99422044  0.98001564 -0.90349376
  0.998569  ] | Reward=+0.001 | Cum=+2.005 | Info={'shot_attempted': False, 'pass_attempted': False, 'goal_scored': False, 'goal_team': None, 'ball_out_by': None, 'has_ball': False, 'start_shot_bonus': False, 'start_pass_bonus': False, 'possession_lost': False}

[Step 22] Action=[ 0.8941464  -0.99999493  0.          0.99422795  0.98004186 -0.9035714
  0.9985719 ] | Reward=+0.001 | Cum=+2.007 | Info={'shot_attempted': False, 'pass_attempted': False, 'goal_scored': False, 'goal_team': None, 'ball_out_by': None, 'has_ball': False, 'start_shot_bonus': False, 'start_pass_bonus': False, 'possession_lost': False}

[Step 23] Action=[ 0.8942216  -0.99999493  0.          0.99423534  0.98006797 -0.9036488
  0.9985747 ] | Reward=+0.001 | Cum=+2.008 | Info={'shot_attempted': False, 'pass_attempted': False, 'goal_scored': False, 'goal_team': None, 'ball_out_by': None, 'has_ball': False, 'start_shot_bonus': False, 'start_pass_bonus': False, 'possession_lost': False}

[Step 24] Action=[ 0.8942965  -0.999995    0.          0.9942428   0.980094   -0.90372604
  0.9985775 ] | Reward=+0.001 | Cum=+2.009 | Info={'shot_attempted': False, 'pass_attempted': False, 'goal_scored': False, 'goal_team': None, 'ball_out_by': None, 'has_ball': False, 'start_shot_bonus': False, 'start_pass_bonus': False, 'possession_lost': False}

[Step 25] Action=[ 0.89437205 -0.999995    0.          0.99425024  0.9801197  -0.90380615
  0.9985802 ] | Reward=+0.001 | Cum=+2.010 | Info={'shot_attempted': False, 'pass_attempted': False, 'goal_scored': False, 'goal_team': None, 'ball_out_by': None, 'has_ball': False, 'start_shot_bonus': False, 'start_pass_bonus': False, 'possession_lost': False}

[Step 26] Action=[ 0.8944466 -0.999995   0.         0.9942577  0.980145  -0.9038873
  0.9985829] | Reward=+0.001 | Cum=+2.011 | Info={'shot_attempted': False, 'pass_attempted': False, 'goal_scored': False, 'goal_team': None, 'ball_out_by': None, 'has_ball': False, 'start_shot_bonus': False, 'start_pass_bonus': False, 'possession_lost': False}

[Step 27] Action=[ 0.8945209  -0.999995    0.          0.9942652   0.9801702  -0.90396804
  0.99858564] | Reward=+0.002 | Cum=+2.013 | Info={'shot_attempted': False, 'pass_attempted': False, 'goal_scored': False, 'goal_team': None, 'ball_out_by': None, 'has_ball': False, 'start_shot_bonus': False, 'start_pass_bonus': False, 'possession_lost': False}

[Step 28] Action=[ 0.8945951  -0.99999505  0.          0.9942726   0.98019534 -0.90404874
  0.9985883 ] | Reward=+0.002 | Cum=+2.015 | Info={'shot_attempted': False, 'pass_attempted': False, 'goal_scored': False, 'goal_team': None, 'ball_out_by': None, 'has_ball': False, 'start_shot_bonus': False, 'start_pass_bonus': False, 'possession_lost': False}

[Step 29] Action=[ 0.8946691  -0.99999505  0.          0.99428     0.98022044 -0.90412915
  0.99859095] | Reward=+0.002 | Cum=+2.017 | Info={'shot_attempted': False, 'pass_attempted': False, 'goal_scored': False, 'goal_team': None, 'ball_out_by': None, 'has_ball': False, 'start_shot_bonus': False, 'start_pass_bonus': False, 'possession_lost': False}

[Step 30] Action=[ 0.8947427  -0.99999505  0.          0.9942874   0.9802454  -0.9042093
  0.9985936 ] | Reward=+0.002 | Cum=+2.018 | Info={'shot_attempted': False, 'pass_attempted': False, 'goal_scored': False, 'goal_team': None, 'ball_out_by': None, 'has_ball': False, 'start_shot_bonus': False, 'start_pass_bonus': False, 'possession_lost': False}

[Step 31] Action=[ 0.8948164  -0.99999505  0.          0.9942947   0.9802703  -0.90428936
  0.99859625] | Reward=+0.002 | Cum=+2.020 | Info={'shot_attempted': False, 'pass_attempted': False, 'goal_scored': False, 'goal_team': None, 'ball_out_by': None, 'has_ball': False, 'start_shot_bonus': False, 'start_pass_bonus': False, 'possession_lost': False}

[Step 32] Action=[ 0.8948897  -0.9999951   0.          0.99430203  0.9802951  -0.9043691
  0.99859893] | Reward=+0.002 | Cum=+2.022 | Info={'shot_attempted': False, 'pass_attempted': False, 'goal_scored': False, 'goal_team': None, 'ball_out_by': None, 'has_ball': False, 'start_shot_bonus': False, 'start_pass_bonus': False, 'possession_lost': False}

[Step 33] Action=[ 0.89496285 -0.9999951   0.          0.99430937  0.98031986 -0.90444875
  0.99860156] | Reward=+0.002 | Cum=+2.024 | Info={'shot_attempted': False, 'pass_attempted': False, 'goal_scored': False, 'goal_team': None, 'ball_out_by': None, 'has_ball': False, 'start_shot_bonus': False, 'start_pass_bonus': False, 'possession_lost': False}

[Step 34] Action=[ 0.8950358  -0.9999951   0.          0.99431664  0.98034453 -0.9045281
  0.9986042 ] | Reward=+0.003 | Cum=+2.026 | Info={'shot_attempted': False, 'pass_attempted': False, 'goal_scored': False, 'goal_team': None, 'ball_out_by': None, 'has_ball': False, 'start_shot_bonus': False, 'start_pass_bonus': False, 'possession_lost': False}

[Step 35] Action=[ 0.89689857 -0.99999547  0.          0.9944898   0.9808239  -0.9062352
  0.9986618 ] | Reward=+0.002 | Cum=+2.029 | Info={'shot_attempted': False, 'pass_attempted': False, 'goal_scored': False, 'goal_team': None, 'ball_out_by': None, 'has_ball': False, 'start_shot_bonus': False, 'start_pass_bonus': False, 'possession_lost': False}

[Step 36] Action=[ 0.8969154  -0.99999547  0.          0.9944896   0.9808289  -0.90625435
  0.9986621 ] | Reward=+0.002 | Cum=+2.031 | Info={'shot_attempted': False, 'pass_attempted': False, 'goal_scored': False, 'goal_team': None, 'ball_out_by': None, 'has_ball': False, 'start_shot_bonus': False, 'start_pass_bonus': False, 'possession_lost': False}

[Step 37] Action=[ 0.8969884  -0.99999547  0.          0.9944972   0.9808548  -0.9063384
  0.99866474] | Reward=+0.002 | Cum=+2.033 | Info={'shot_attempted': False, 'pass_attempted': False, 'goal_scored': False, 'goal_team': None, 'ball_out_by': None, 'has_ball': False, 'start_shot_bonus': False, 'start_pass_bonus': False, 'possession_lost': False}

[Step 38] Action=[ 0.8969359  -0.99999547  0.          0.9944889   0.980839   -0.9063011
  0.99866265] | Reward=+0.002 | Cum=+2.036 | Info={'shot_attempted': False, 'pass_attempted': False, 'goal_scored': False, 'goal_team': None, 'ball_out_by': None, 'has_ball': False, 'start_shot_bonus': False, 'start_pass_bonus': False, 'possession_lost': False}

[Step 39] Action=[ 0.8970072  -0.99999547  0.          0.99449635  0.9808649  -0.90638584
  0.9986653 ] | Reward=+0.002 | Cum=+2.038 | Info={'shot_attempted': False, 'pass_attempted': False, 'goal_scored': False, 'goal_team': None, 'ball_out_by': None, 'has_ball': False, 'start_shot_bonus': False, 'start_pass_bonus': False, 'possession_lost': False}

[Step 40] Action=[ 0.89707845 -0.99999547  0.          0.9945038   0.9808907  -0.90647036
  0.99866784] | Reward=+0.003 | Cum=+2.041 | Info={'shot_attempted': False, 'pass_attempted': False, 'goal_scored': False, 'goal_team': None, 'ball_out_by': None, 'has_ball': False, 'start_shot_bonus': False, 'start_pass_bonus': False, 'possession_lost': False}

[Step 41] Action=[ 0.8971495  -0.99999547  0.          0.9945112   0.9809164  -0.9065545
  0.9986704 ] | Reward=+0.003 | Cum=+2.044 | Info={'shot_attempted': False, 'pass_attempted': False, 'goal_scored': False, 'goal_team': None, 'ball_out_by': None, 'has_ball': False, 'start_shot_bonus': False, 'start_pass_bonus': False, 'possession_lost': False}

[Step 42] Action=[ 0.89722043 -0.9999955   0.          0.9945186   0.98094195 -0.9066387
  0.99867296] | Reward=+0.003 | Cum=+2.047 | Info={'shot_attempted': False, 'pass_attempted': False, 'goal_scored': False, 'goal_team': None, 'ball_out_by': None, 'has_ball': False, 'start_shot_bonus': False, 'start_pass_bonus': False, 'possession_lost': False}

[Step 43] Action=[ 0.8972911  -0.9999955   0.          0.99452597  0.9809675  -0.90672266
  0.9986755 ] | Reward=-1.497 | Cum=+0.550 | Info={'shot_attempted': False, 'pass_attempted': False, 'goal_scored': False, 'goal_team': None, 'ball_out_by': 'att_1', 'has_ball': False, 'start_shot_bonus': False, 'start_pass_bonus': False, 'possession_lost': False}

