Debug log for gk_1 (Episode 800)
================================================================================
[Step 1] Action=[-0.99998844 -0.9632779   0.          0.          0.9017997  -0.13326038
 -0.370824  ] | Reward=+0.035 | Cum=+0.035 | Info={'dive_score': None, 'blocked': False, 'deflected': False, 'wasted_dive': False, 'shot_attempted': False, 'invalid_shot_attempt': False, 'invalid_shot_direction': False, 'fov_visible': True, 'shot_quality': None, 'shot_direction': None, 'shot_power': None, 'goal_scored': False, 'goal_team': None, 'ball_out_by': None, 'has_ball': False, 'start_shot_bonus': False, 'deflection_power': 0.0}

[Step 2] Action=[-0.9999856  -0.9592363   0.          0.          0.89296305 -0.12304971
 -0.35905406] | Reward=+0.035 | Cum=+0.070 | Info={'dive_score': None, 'blocked': False, 'deflected': False, 'wasted_dive': False, 'shot_attempted': False, 'invalid_shot_attempt': False, 'invalid_shot_direction': False, 'fov_visible': True, 'shot_quality': None, 'shot_direction': None, 'shot_power': None, 'goal_scored': False, 'goal_team': None, 'ball_out_by': None, 'has_ball': False, 'start_shot_bonus': False, 'deflection_power': 0.0}

[Step 3] Action=[-0.99998564 -0.95928836  0.          0.          0.89300877 -0.12304894
 -0.35911068] | Reward=+0.035 | Cum=+0.105 | Info={'dive_score': None, 'blocked': False, 'deflected': False, 'wasted_dive': False, 'shot_attempted': False, 'invalid_shot_attempt': False, 'invalid_shot_direction': False, 'fov_visible': True, 'shot_quality': None, 'shot_direction': None, 'shot_power': None, 'goal_scored': False, 'goal_team': None, 'ball_out_by': None, 'has_ball': False, 'start_shot_bonus': False, 'deflection_power': 0.0}

[Step 4] Action=[-0.9999857  -0.9593405   0.          0.          0.8930484  -0.12303244
 -0.35914674] | Reward=+0.035 | Cum=+0.140 | Info={'dive_score': None, 'blocked': False, 'deflected': False, 'wasted_dive': False, 'shot_attempted': False, 'invalid_shot_attempt': False, 'invalid_shot_direction': False, 'fov_visible': True, 'shot_quality': None, 'shot_direction': None, 'shot_power': None, 'goal_scored': False, 'goal_team': None, 'ball_out_by': None, 'has_ball': False, 'start_shot_bonus': False, 'deflection_power': 0.0}

[Step 5] Action=[-0.99998575 -0.9593925   0.          0.          0.8930879  -0.12301548
 -0.3591823 ] | Reward=+0.035 | Cum=+0.175 | Info={'dive_score': None, 'blocked': False, 'deflected': False, 'wasted_dive': False, 'shot_attempted': False, 'invalid_shot_attempt': False, 'invalid_shot_direction': False, 'fov_visible': True, 'shot_quality': None, 'shot_direction': None, 'shot_power': None, 'goal_scored': False, 'goal_team': None, 'ball_out_by': None, 'has_ball': False, 'start_shot_bonus': False, 'deflection_power': 0.0}

[Step 6] Action=[-0.9999858  -0.9594442   0.          0.          0.89312714 -0.12299875
 -0.3592177 ] | Reward=+0.035 | Cum=+0.210 | Info={'dive_score': None, 'blocked': False, 'deflected': False, 'wasted_dive': False, 'shot_attempted': False, 'invalid_shot_attempt': False, 'invalid_shot_direction': False, 'fov_visible': True, 'shot_quality': None, 'shot_direction': None, 'shot_power': None, 'goal_scored': False, 'goal_team': None, 'ball_out_by': None, 'has_ball': False, 'start_shot_bonus': False, 'deflection_power': 0.0}

[Step 7] Action=[-0.9999859  -0.9594957   0.          0.          0.8931661  -0.12298196
 -0.35925284] | Reward=+0.035 | Cum=+0.245 | Info={'dive_score': None, 'blocked': False, 'deflected': False, 'wasted_dive': False, 'shot_attempted': False, 'invalid_shot_attempt': False, 'invalid_shot_direction': False, 'fov_visible': True, 'shot_quality': None, 'shot_direction': None, 'shot_power': None, 'goal_scored': False, 'goal_team': None, 'ball_out_by': None, 'has_ball': False, 'start_shot_bonus': False, 'deflection_power': 0.0}

[Step 8] Action=[-0.9999859  -0.95954704  0.          0.          0.8932049  -0.12296517
 -0.35928756] | Reward=+0.035 | Cum=+0.280 | Info={'dive_score': None, 'blocked': False, 'deflected': False, 'wasted_dive': False, 'shot_attempted': False, 'invalid_shot_attempt': False, 'invalid_shot_direction': False, 'fov_visible': True, 'shot_quality': None, 'shot_direction': None, 'shot_power': None, 'goal_scored': False, 'goal_team': None, 'ball_out_by': None, 'has_ball': False, 'start_shot_bonus': False, 'deflection_power': 0.0}

[Step 9] Action=[-0.99998593 -0.95960003  0.          0.          0.89324665 -0.12294292
 -0.3593276 ] | Reward=+0.035 | Cum=+0.315 | Info={'dive_score': None, 'blocked': False, 'deflected': False, 'wasted_dive': False, 'shot_attempted': False, 'invalid_shot_attempt': False, 'invalid_shot_direction': False, 'fov_visible': True, 'shot_quality': None, 'shot_direction': None, 'shot_power': None, 'goal_scored': False, 'goal_team': None, 'ball_out_by': None, 'has_ball': False, 'start_shot_bonus': False, 'deflection_power': 0.0}

[Step 10] Action=[-0.999986   -0.9596532   0.          0.          0.8932889  -0.12291956
 -0.35936856] | Reward=+0.035 | Cum=+0.350 | Info={'dive_score': None, 'blocked': False, 'deflected': False, 'wasted_dive': False, 'shot_attempted': False, 'invalid_shot_attempt': False, 'invalid_shot_direction': False, 'fov_visible': True, 'shot_quality': None, 'shot_direction': None, 'shot_power': None, 'goal_scored': False, 'goal_team': None, 'ball_out_by': None, 'has_ball': False, 'start_shot_bonus': False, 'deflection_power': 0.0}

[Step 11] Action=[-0.99998605 -0.9597066   0.          0.          0.8933316  -0.12289314
 -0.35940945] | Reward=+0.035 | Cum=+0.385 | Info={'dive_score': None, 'blocked': False, 'deflected': False, 'wasted_dive': False, 'shot_attempted': False, 'invalid_shot_attempt': False, 'invalid_shot_direction': False, 'fov_visible': True, 'shot_quality': None, 'shot_direction': None, 'shot_power': None, 'goal_scored': False, 'goal_team': None, 'ball_out_by': None, 'has_ball': False, 'start_shot_bonus': False, 'deflection_power': 0.0}

[Step 12] Action=[-0.9999861  -0.95976543  0.          0.          0.89338315 -0.12284189
 -0.35945097] | Reward=+0.035 | Cum=+0.420 | Info={'dive_score': None, 'blocked': False, 'deflected': False, 'wasted_dive': False, 'shot_attempted': False, 'invalid_shot_attempt': False, 'invalid_shot_direction': False, 'fov_visible': True, 'shot_quality': None, 'shot_direction': None, 'shot_power': None, 'goal_scored': False, 'goal_team': None, 'ball_out_by': None, 'has_ball': False, 'start_shot_bonus': False, 'deflection_power': 0.0}

[Step 13] Action=[-0.9999862  -0.9598241   0.          0.          0.8934346  -0.12279047
 -0.3594927 ] | Reward=+0.035 | Cum=+0.455 | Info={'dive_score': None, 'blocked': False, 'deflected': False, 'wasted_dive': False, 'shot_attempted': False, 'invalid_shot_attempt': False, 'invalid_shot_direction': False, 'fov_visible': True, 'shot_quality': None, 'shot_direction': None, 'shot_power': None, 'goal_scored': False, 'goal_team': None, 'ball_out_by': None, 'has_ball': False, 'start_shot_bonus': False, 'deflection_power': 0.0}

[Step 14] Action=[-0.99998623 -0.9598825   0.          0.          0.8934857  -0.12273904
 -0.35953367] | Reward=+0.035 | Cum=+0.490 | Info={'dive_score': None, 'blocked': False, 'deflected': False, 'wasted_dive': False, 'shot_attempted': False, 'invalid_shot_attempt': False, 'invalid_shot_direction': False, 'fov_visible': True, 'shot_quality': None, 'shot_direction': None, 'shot_power': None, 'goal_scored': False, 'goal_team': None, 'ball_out_by': None, 'has_ball': False, 'start_shot_bonus': False, 'deflection_power': 0.0}

[Step 15] Action=[-0.9999863  -0.9599407   0.          0.          0.89353657 -0.12268791
 -0.35957485] | Reward=+0.035 | Cum=+0.525 | Info={'dive_score': None, 'blocked': False, 'deflected': False, 'wasted_dive': False, 'shot_attempted': False, 'invalid_shot_attempt': False, 'invalid_shot_direction': False, 'fov_visible': True, 'shot_quality': None, 'shot_direction': None, 'shot_power': None, 'goal_scored': False, 'goal_team': None, 'ball_out_by': None, 'has_ball': False, 'start_shot_bonus': False, 'deflection_power': 0.0}

[Step 16] Action=[-0.99998635 -0.9599998   0.          0.          0.8935887  -0.12264264
 -0.35961545] | Reward=+0.035 | Cum=+0.560 | Info={'dive_score': None, 'blocked': False, 'deflected': False, 'wasted_dive': False, 'shot_attempted': False, 'invalid_shot_attempt': False, 'invalid_shot_direction': False, 'fov_visible': True, 'shot_quality': None, 'shot_direction': None, 'shot_power': None, 'goal_scored': False, 'goal_team': None, 'ball_out_by': None, 'has_ball': False, 'start_shot_bonus': False, 'deflection_power': 0.0}

[Step 17] Action=[-0.9999864  -0.9600589   0.          0.          0.89364076 -0.12259849
 -0.35965583] | Reward=+0.035 | Cum=+0.595 | Info={'dive_score': None, 'blocked': False, 'deflected': False, 'wasted_dive': False, 'shot_attempted': False, 'invalid_shot_attempt': False, 'invalid_shot_direction': False, 'fov_visible': True, 'shot_quality': None, 'shot_direction': None, 'shot_power': None, 'goal_scored': False, 'goal_team': None, 'ball_out_by': None, 'has_ball': False, 'start_shot_bonus': False, 'deflection_power': 0.0}

[Step 18] Action=[-0.99998647 -0.9601179   0.          0.          0.8936927  -0.12255499
 -0.35969567] | Reward=+0.035 | Cum=+0.630 | Info={'dive_score': None, 'blocked': False, 'deflected': False, 'wasted_dive': False, 'shot_attempted': False, 'invalid_shot_attempt': False, 'invalid_shot_direction': False, 'fov_visible': True, 'shot_quality': None, 'shot_direction': None, 'shot_power': None, 'goal_scored': False, 'goal_team': None, 'ball_out_by': None, 'has_ball': False, 'start_shot_bonus': False, 'deflection_power': 0.0}

[Step 19] Action=[-0.9999865  -0.9601765   0.          0.          0.89374423 -0.12251101
 -0.3597355 ] | Reward=+0.035 | Cum=+0.665 | Info={'dive_score': None, 'blocked': False, 'deflected': False, 'wasted_dive': False, 'shot_attempted': False, 'invalid_shot_attempt': False, 'invalid_shot_direction': False, 'fov_visible': True, 'shot_quality': None, 'shot_direction': None, 'shot_power': None, 'goal_scored': False, 'goal_team': None, 'ball_out_by': None, 'has_ball': False, 'start_shot_bonus': False, 'deflection_power': 0.0}

[Step 20] Action=[-0.9999866  -0.96023494  0.          0.          0.8937956  -0.12246716
 -0.3597752 ] | Reward=+0.035 | Cum=+0.700 | Info={'dive_score': None, 'blocked': False, 'deflected': False, 'wasted_dive': False, 'shot_attempted': False, 'invalid_shot_attempt': False, 'invalid_shot_direction': False, 'fov_visible': True, 'shot_quality': None, 'shot_direction': None, 'shot_power': None, 'goal_scored': False, 'goal_team': None, 'ball_out_by': None, 'has_ball': False, 'start_shot_bonus': False, 'deflection_power': 0.0}

[Step 21] Action=[-0.99998665 -0.9602931   0.          0.          0.8938467  -0.12242354
 -0.35981455] | Reward=+0.035 | Cum=+0.735 | Info={'dive_score': None, 'blocked': False, 'deflected': False, 'wasted_dive': False, 'shot_attempted': False, 'invalid_shot_attempt': False, 'invalid_shot_direction': False, 'fov_visible': True, 'shot_quality': None, 'shot_direction': None, 'shot_power': None, 'goal_scored': False, 'goal_team': None, 'ball_out_by': None, 'has_ball': False, 'start_shot_bonus': False, 'deflection_power': 0.0}

[Step 22] Action=[-0.9999867  -0.96035105  0.          0.          0.8938976  -0.12237979
 -0.35985342] | Reward=+0.035 | Cum=+0.770 | Info={'dive_score': None, 'blocked': False, 'deflected': False, 'wasted_dive': False, 'shot_attempted': False, 'invalid_shot_attempt': False, 'invalid_shot_direction': False, 'fov_visible': True, 'shot_quality': None, 'shot_direction': None, 'shot_power': None, 'goal_scored': False, 'goal_team': None, 'ball_out_by': None, 'has_ball': False, 'start_shot_bonus': False, 'deflection_power': 0.0}

[Step 23] Action=[-0.99998677 -0.96040875  0.          0.          0.89394826 -0.12233606
 -0.359892  ] | Reward=+0.035 | Cum=+0.805 | Info={'dive_score': None, 'blocked': False, 'deflected': False, 'wasted_dive': False, 'shot_attempted': False, 'invalid_shot_attempt': False, 'invalid_shot_direction': False, 'fov_visible': True, 'shot_quality': None, 'shot_direction': None, 'shot_power': None, 'goal_scored': False, 'goal_team': None, 'ball_out_by': None, 'has_ball': False, 'start_shot_bonus': False, 'deflection_power': 0.0}

[Step 24] Action=[-0.9999868  -0.9604693   0.          0.          0.8940042  -0.12228803
 -0.3599221 ] | Reward=+0.035 | Cum=+0.840 | Info={'dive_score': None, 'blocked': False, 'deflected': False, 'wasted_dive': False, 'shot_attempted': False, 'invalid_shot_attempt': False, 'invalid_shot_direction': False, 'fov_visible': True, 'shot_quality': None, 'shot_direction': None, 'shot_power': None, 'goal_scored': False, 'goal_team': None, 'ball_out_by': None, 'has_ball': False, 'start_shot_bonus': False, 'deflection_power': 0.0}

[Step 25] Action=[-0.9999869  -0.96053034  0.          0.          0.89406115 -0.12223953
 -0.35995004] | Reward=+0.035 | Cum=+0.875 | Info={'dive_score': None, 'blocked': False, 'deflected': False, 'wasted_dive': False, 'shot_attempted': False, 'invalid_shot_attempt': False, 'invalid_shot_direction': False, 'fov_visible': True, 'shot_quality': None, 'shot_direction': None, 'shot_power': None, 'goal_scored': False, 'goal_team': None, 'ball_out_by': None, 'has_ball': False, 'start_shot_bonus': False, 'deflection_power': 0.0}

[Step 26] Action=[-0.99998695 -0.960591    0.          0.          0.8941176  -0.12218969
 -0.35997635] | Reward=+0.035 | Cum=+0.910 | Info={'dive_score': None, 'blocked': False, 'deflected': False, 'wasted_dive': False, 'shot_attempted': False, 'invalid_shot_attempt': False, 'invalid_shot_direction': False, 'fov_visible': True, 'shot_quality': None, 'shot_direction': None, 'shot_power': None, 'goal_scored': False, 'goal_team': None, 'ball_out_by': None, 'has_ball': False, 'start_shot_bonus': False, 'deflection_power': 0.0}

[Step 27] Action=[-0.999987   -0.9606512   0.          0.          0.89417124 -0.12212098
 -0.3599821 ] | Reward=+0.035 | Cum=+0.945 | Info={'dive_score': None, 'blocked': False, 'deflected': False, 'wasted_dive': False, 'shot_attempted': False, 'invalid_shot_attempt': False, 'invalid_shot_direction': False, 'fov_visible': True, 'shot_quality': None, 'shot_direction': None, 'shot_power': None, 'goal_scored': False, 'goal_team': None, 'ball_out_by': None, 'has_ball': False, 'start_shot_bonus': False, 'deflection_power': 0.0}

[Step 28] Action=[-0.99998707 -0.9607115   0.          0.          0.8942253  -0.12206315
 -0.35998806] | Reward=+0.035 | Cum=+0.980 | Info={'dive_score': None, 'blocked': False, 'deflected': False, 'wasted_dive': False, 'shot_attempted': False, 'invalid_shot_attempt': False, 'invalid_shot_direction': False, 'fov_visible': True, 'shot_quality': None, 'shot_direction': None, 'shot_power': None, 'goal_scored': False, 'goal_team': None, 'ball_out_by': None, 'has_ball': False, 'start_shot_bonus': False, 'deflection_power': 0.0}

[Step 29] Action=[-0.9999871  -0.96077144  0.          0.          0.8942791  -0.12200549
 -0.35999405] | Reward=+0.035 | Cum=+1.015 | Info={'dive_score': None, 'blocked': False, 'deflected': False, 'wasted_dive': False, 'shot_attempted': False, 'invalid_shot_attempt': False, 'invalid_shot_direction': False, 'fov_visible': True, 'shot_quality': None, 'shot_direction': None, 'shot_power': None, 'goal_scored': False, 'goal_team': None, 'ball_out_by': None, 'has_ball': False, 'start_shot_bonus': False, 'deflection_power': 0.0}

[Step 30] Action=[-0.9999872  -0.96083117  0.          0.          0.89433277 -0.12194795
 -0.36000025] | Reward=+0.035 | Cum=+1.050 | Info={'dive_score': None, 'blocked': False, 'deflected': False, 'wasted_dive': False, 'shot_attempted': False, 'invalid_shot_attempt': False, 'invalid_shot_direction': False, 'fov_visible': True, 'shot_quality': None, 'shot_direction': None, 'shot_power': None, 'goal_scored': False, 'goal_team': None, 'ball_out_by': None, 'has_ball': False, 'start_shot_bonus': False, 'deflection_power': 0.0}

[Step 31] Action=[-0.99998724 -0.96089065  0.          0.          0.894386   -0.1218904
 -0.36000565] | Reward=+0.035 | Cum=+1.085 | Info={'dive_score': None, 'blocked': False, 'deflected': False, 'wasted_dive': False, 'shot_attempted': False, 'invalid_shot_attempt': False, 'invalid_shot_direction': False, 'fov_visible': True, 'shot_quality': None, 'shot_direction': None, 'shot_power': None, 'goal_scored': False, 'goal_team': None, 'ball_out_by': None, 'has_ball': False, 'start_shot_bonus': False, 'deflection_power': 0.0}

[Step 32] Action=[-0.9999873  -0.96094984  0.          0.          0.89443916 -0.12183245
 -0.36001113] | Reward=+0.035 | Cum=+1.120 | Info={'dive_score': None, 'blocked': False, 'deflected': False, 'wasted_dive': False, 'shot_attempted': False, 'invalid_shot_attempt': False, 'invalid_shot_direction': False, 'fov_visible': True, 'shot_quality': None, 'shot_direction': None, 'shot_power': None, 'goal_scored': False, 'goal_team': None, 'ball_out_by': None, 'has_ball': False, 'start_shot_bonus': False, 'deflection_power': 0.0}

[Step 33] Action=[-0.99998736 -0.96100885  0.          0.          0.894492   -0.12177502
 -0.36001623] | Reward=+0.035 | Cum=+1.155 | Info={'dive_score': None, 'blocked': False, 'deflected': False, 'wasted_dive': False, 'shot_attempted': False, 'invalid_shot_attempt': False, 'invalid_shot_direction': False, 'fov_visible': True, 'shot_quality': None, 'shot_direction': None, 'shot_power': None, 'goal_scored': False, 'goal_team': None, 'ball_out_by': None, 'has_ball': False, 'start_shot_bonus': False, 'deflection_power': 0.0}

[Step 34] Action=[-0.9999874  -0.9610676   0.          0.          0.89454466 -0.12171759
 -0.36002162] | Reward=+0.035 | Cum=+1.190 | Info={'dive_score': None, 'blocked': False, 'deflected': False, 'wasted_dive': False, 'shot_attempted': False, 'invalid_shot_attempt': False, 'invalid_shot_direction': False, 'fov_visible': True, 'shot_quality': None, 'shot_direction': None, 'shot_power': None, 'goal_scored': False, 'goal_team': None, 'ball_out_by': None, 'has_ball': False, 'start_shot_bonus': False, 'deflection_power': 0.0}

[Step 35] Action=[-0.9999874  -0.96112716  0.          0.          0.89460105 -0.12166239
 -0.3600329 ] | Reward=+0.035 | Cum=+1.225 | Info={'dive_score': None, 'blocked': False, 'deflected': False, 'wasted_dive': False, 'shot_attempted': False, 'invalid_shot_attempt': False, 'invalid_shot_direction': False, 'fov_visible': True, 'shot_quality': None, 'shot_direction': None, 'shot_power': None, 'goal_scored': False, 'goal_team': None, 'ball_out_by': None, 'has_ball': False, 'start_shot_bonus': False, 'deflection_power': 0.0}

[Step 36] Action=[-0.9999875  -0.9611864   0.          0.          0.8946572  -0.12160672
 -0.36004394] | Reward=+0.035 | Cum=+1.260 | Info={'dive_score': None, 'blocked': False, 'deflected': False, 'wasted_dive': False, 'shot_attempted': False, 'invalid_shot_attempt': False, 'invalid_shot_direction': False, 'fov_visible': True, 'shot_quality': None, 'shot_direction': None, 'shot_power': None, 'goal_scored': False, 'goal_team': None, 'ball_out_by': None, 'has_ball': False, 'start_shot_bonus': False, 'deflection_power': 0.0}

[Step 37] Action=[-0.99998754 -0.9612455   0.          0.          0.89471304 -0.12155164
 -0.36005497] | Reward=+0.031 | Cum=+1.291 | Info={'dive_score': None, 'blocked': False, 'deflected': False, 'wasted_dive': False, 'shot_attempted': False, 'invalid_shot_attempt': False, 'invalid_shot_direction': False, 'fov_visible': True, 'shot_quality': None, 'shot_direction': None, 'shot_power': None, 'goal_scored': False, 'goal_team': None, 'ball_out_by': None, 'has_ball': False, 'start_shot_bonus': False, 'deflection_power': 0.0}

[Step 38] Action=[-0.9999876  -0.9613043   0.          0.          0.8947687  -0.12149615
 -0.3600656 ] | Reward=+0.031 | Cum=+1.322 | Info={'dive_score': None, 'blocked': False, 'deflected': False, 'wasted_dive': False, 'shot_attempted': False, 'invalid_shot_attempt': False, 'invalid_shot_direction': False, 'fov_visible': True, 'shot_quality': None, 'shot_direction': None, 'shot_power': None, 'goal_scored': False, 'goal_team': None, 'ball_out_by': None, 'has_ball': False, 'start_shot_bonus': False, 'deflection_power': 0.0}

[Step 39] Action=[-0.99998766 -0.9613637   0.          0.          0.894826   -0.12144024
 -0.36007878] | Reward=+0.031 | Cum=+1.354 | Info={'dive_score': None, 'blocked': False, 'deflected': False, 'wasted_dive': False, 'shot_attempted': False, 'invalid_shot_attempt': False, 'invalid_shot_direction': False, 'fov_visible': True, 'shot_quality': None, 'shot_direction': None, 'shot_power': None, 'goal_scored': False, 'goal_team': None, 'ball_out_by': None, 'has_ball': False, 'start_shot_bonus': False, 'deflection_power': 0.0}

[Step 40] Action=[-0.9999877  -0.9614231   0.          0.          0.89488363 -0.12138374
 -0.36009213] | Reward=+0.031 | Cum=+1.385 | Info={'dive_score': None, 'blocked': False, 'deflected': False, 'wasted_dive': False, 'shot_attempted': False, 'invalid_shot_attempt': False, 'invalid_shot_direction': False, 'fov_visible': True, 'shot_quality': None, 'shot_direction': None, 'shot_power': None, 'goal_scored': False, 'goal_team': None, 'ball_out_by': None, 'has_ball': False, 'start_shot_bonus': False, 'deflection_power': 0.0}

[Step 41] Action=[-0.9999878  -0.9614825   0.          0.          0.89494216 -0.12132108
 -0.3601118 ] | Reward=+0.031 | Cum=+1.416 | Info={'dive_score': None, 'blocked': False, 'deflected': False, 'wasted_dive': False, 'shot_attempted': False, 'invalid_shot_attempt': False, 'invalid_shot_direction': False, 'fov_visible': True, 'shot_quality': None, 'shot_direction': None, 'shot_power': None, 'goal_scored': False, 'goal_team': None, 'ball_out_by': None, 'has_ball': False, 'start_shot_bonus': False, 'deflection_power': 0.0}

[Step 42] Action=[-0.99998784 -0.96154165  0.          0.          0.8950003  -0.12125848
 -0.36013094] | Reward=+0.031 | Cum=+1.447 | Info={'dive_score': None, 'blocked': False, 'deflected': False, 'wasted_dive': False, 'shot_attempted': False, 'invalid_shot_attempt': False, 'invalid_shot_direction': False, 'fov_visible': True, 'shot_quality': None, 'shot_direction': None, 'shot_power': None, 'goal_scored': False, 'goal_team': None, 'ball_out_by': None, 'has_ball': False, 'start_shot_bonus': False, 'deflection_power': 0.0}

[Step 43] Action=[-0.9999879  -0.9616006   0.          0.          0.8950582  -0.12119564
 -0.36015004] | Reward=+2.781 | Cum=+4.229 | Info={'dive_score': None, 'blocked': False, 'deflected': False, 'wasted_dive': False, 'shot_attempted': False, 'invalid_shot_attempt': False, 'invalid_shot_direction': False, 'fov_visible': True, 'shot_quality': None, 'shot_direction': None, 'shot_power': None, 'goal_scored': False, 'goal_team': None, 'ball_out_by': 'att_1', 'has_ball': False, 'start_shot_bonus': False, 'deflection_power': 0.0}

