Debug log for att_3 (Episode 1200)
================================================================================
[Step 1] Action=[ 0.9997556  -0.99986064  1.          0.          0.7009278   0.79288757
  0.9999985 ] | Reward=-0.002 | Cum=-0.002 | Info={'shot_attempted': False, 'pass_attempted': False, 'goal_scored': False, 'goal_team': None, 'ball_out_by': None, 'has_ball': False, 'start_shot_bonus': False, 'start_pass_bonus': False, 'possession_lost': False}

[Step 2] Action=[ 0.99944574 -0.99971294  1.          0.          0.64945316  0.7677399
  0.99999464] | Reward=-0.002 | Cum=-0.004 | Info={'shot_attempted': False, 'pass_attempted': False, 'goal_scored': False, 'goal_team': None, 'ball_out_by': None, 'has_ball': False, 'start_shot_bonus': False, 'start_pass_bonus': False, 'possession_lost': False}

[Step 3] Action=[ 0.9994488  -0.99971503  1.          0.          0.65011895  0.7679921
  0.9999947 ] | Reward=-0.002 | Cum=-0.006 | Info={'shot_attempted': False, 'pass_attempted': False, 'goal_scored': False, 'goal_team': None, 'ball_out_by': None, 'has_ball': False, 'start_shot_bonus': False, 'start_pass_bonus': False, 'possession_lost': False}

[Step 4] Action=[ 0.9994518  -0.9997171   1.          0.          0.6507829   0.76824343
  0.99999475] | Reward=-0.002 | Cum=-0.008 | Info={'shot_attempted': False, 'pass_attempted': False, 'goal_scored': False, 'goal_team': None, 'ball_out_by': None, 'has_ball': False, 'start_shot_bonus': False, 'start_pass_bonus': False, 'possession_lost': False}

[Step 5] Action=[ 0.9994548  -0.9997192   1.          0.          0.65144503  0.7684944
  0.9999948 ] | Reward=-0.002 | Cum=-0.010 | Info={'shot_attempted': False, 'pass_attempted': False, 'goal_scored': False, 'goal_team': None, 'ball_out_by': None, 'has_ball': False, 'start_shot_bonus': False, 'start_pass_bonus': False, 'possession_lost': False}

[Step 6] Action=[ 0.9994578  -0.9997212   1.          0.          0.65210545  0.76874495
  0.9999948 ] | Reward=-0.002 | Cum=-0.013 | Info={'shot_attempted': False, 'pass_attempted': False, 'goal_scored': False, 'goal_team': None, 'ball_out_by': None, 'has_ball': False, 'start_shot_bonus': False, 'start_pass_bonus': False, 'possession_lost': False}

[Step 7] Action=[ 0.99946076 -0.99972326  1.          0.          0.6527641   0.768995
  0.9999949 ] | Reward=-0.002 | Cum=-0.015 | Info={'shot_attempted': False, 'pass_attempted': False, 'goal_scored': False, 'goal_team': None, 'ball_out_by': None, 'has_ball': False, 'start_shot_bonus': False, 'start_pass_bonus': False, 'possession_lost': False}

[Step 8] Action=[ 0.9994637  -0.9997252   1.          0.          0.6534209   0.76924413
  0.99999493] | Reward=-0.002 | Cum=-0.017 | Info={'shot_attempted': False, 'pass_attempted': False, 'goal_scored': False, 'goal_team': None, 'ball_out_by': None, 'has_ball': False, 'start_shot_bonus': False, 'start_pass_bonus': False, 'possession_lost': False}

[Step 9] Action=[ 0.9994666  -0.9997272   1.          0.          0.65407616  0.76949275
  0.999995  ] | Reward=-0.002 | Cum=-0.019 | Info={'shot_attempted': False, 'pass_attempted': False, 'goal_scored': False, 'goal_team': None, 'ball_out_by': None, 'has_ball': False, 'start_shot_bonus': False, 'start_pass_bonus': False, 'possession_lost': False}

[Step 10] Action=[ 0.9994695  -0.99972916  1.          0.          0.65472937  0.7697411
  0.99999505] | Reward=-0.002 | Cum=-0.021 | Info={'shot_attempted': False, 'pass_attempted': False, 'goal_scored': False, 'goal_team': None, 'ball_out_by': None, 'has_ball': False, 'start_shot_bonus': False, 'start_pass_bonus': False, 'possession_lost': False}

[Step 11] Action=[ 0.9994724  -0.9997311   1.          0.          0.65538126  0.7699889
  0.9999951 ] | Reward=-0.002 | Cum=-0.023 | Info={'shot_attempted': False, 'pass_attempted': False, 'goal_scored': False, 'goal_team': None, 'ball_out_by': None, 'has_ball': False, 'start_shot_bonus': False, 'start_pass_bonus': False, 'possession_lost': False}

[Step 12] Action=[ 0.99947524 -0.9997331   1.          0.          0.65603197  0.77023834
  0.9999951 ] | Reward=-0.002 | Cum=-0.025 | Info={'shot_attempted': False, 'pass_attempted': False, 'goal_scored': False, 'goal_team': None, 'ball_out_by': None, 'has_ball': False, 'start_shot_bonus': False, 'start_pass_bonus': False, 'possession_lost': False}

[Step 13] Action=[ 0.9994781  -0.999735    1.          0.          0.65668136  0.7704879
  0.9999952 ] | Reward=-0.002 | Cum=-0.027 | Info={'shot_attempted': False, 'pass_attempted': False, 'goal_scored': False, 'goal_team': None, 'ball_out_by': None, 'has_ball': False, 'start_shot_bonus': False, 'start_pass_bonus': False, 'possession_lost': False}

[Step 14] Action=[ 0.99948096 -0.9997369   1.          0.          0.6573292   0.77073723
  0.99999523] | Reward=-0.002 | Cum=-0.029 | Info={'shot_attempted': False, 'pass_attempted': False, 'goal_scored': False, 'goal_team': None, 'ball_out_by': None, 'has_ball': False, 'start_shot_bonus': False, 'start_pass_bonus': False, 'possession_lost': False}

[Step 15] Action=[ 0.99948376 -0.9997388   1.          0.          0.6579751   0.7709861
  0.9999953 ] | Reward=-0.002 | Cum=-0.031 | Info={'shot_attempted': False, 'pass_attempted': False, 'goal_scored': False, 'goal_team': None, 'ball_out_by': None, 'has_ball': False, 'start_shot_bonus': False, 'start_pass_bonus': False, 'possession_lost': False}

[Step 16] Action=[ 0.99948657 -0.99974066  1.          0.          0.6586201   0.7712342
  0.99999535] | Reward=-0.002 | Cum=-0.033 | Info={'shot_attempted': False, 'pass_attempted': False, 'goal_scored': False, 'goal_team': None, 'ball_out_by': None, 'has_ball': False, 'start_shot_bonus': False, 'start_pass_bonus': False, 'possession_lost': False}

[Step 17] Action=[ 0.9994896  -0.99974275  1.          0.          0.6593265   0.7715024
  0.99999535] | Reward=-0.002 | Cum=-0.035 | Info={'shot_attempted': False, 'pass_attempted': False, 'goal_scored': False, 'goal_team': None, 'ball_out_by': None, 'has_ball': False, 'start_shot_bonus': False, 'start_pass_bonus': False, 'possession_lost': False}

[Step 18] Action=[ 0.99949265 -0.9997448   1.          0.          0.6600334   0.7717707
  0.9999954 ] | Reward=-0.002 | Cum=-0.037 | Info={'shot_attempted': False, 'pass_attempted': False, 'goal_scored': False, 'goal_team': None, 'ball_out_by': None, 'has_ball': False, 'start_shot_bonus': False, 'start_pass_bonus': False, 'possession_lost': False}

[Step 19] Action=[ 0.9994957  -0.9997468   1.          0.          0.66075814  0.7720432
  0.99999547] | Reward=-0.002 | Cum=-0.038 | Info={'shot_attempted': False, 'pass_attempted': False, 'goal_scored': False, 'goal_team': None, 'ball_out_by': None, 'has_ball': False, 'start_shot_bonus': False, 'start_pass_bonus': False, 'possession_lost': False}

[Step 20] Action=[ 0.9994988  -0.9997488   1.          0.          0.6614807   0.77231514
  0.9999955 ] | Reward=-0.002 | Cum=-0.040 | Info={'shot_attempted': False, 'pass_attempted': False, 'goal_scored': False, 'goal_team': None, 'ball_out_by': None, 'has_ball': False, 'start_shot_bonus': False, 'start_pass_bonus': False, 'possession_lost': False}

[Step 21] Action=[ 0.99950176 -0.99975085  1.          0.          0.66220105  0.7725865
  0.9999956 ] | Reward=-0.002 | Cum=-0.042 | Info={'shot_attempted': False, 'pass_attempted': False, 'goal_scored': False, 'goal_team': None, 'ball_out_by': None, 'has_ball': False, 'start_shot_bonus': False, 'start_pass_bonus': False, 'possession_lost': False}

[Step 22] Action=[ 0.9995048 -0.9997529  1.         0.         0.6629192  0.7728571
  0.9999956] | Reward=-0.002 | Cum=-0.043 | Info={'shot_attempted': False, 'pass_attempted': False, 'goal_scored': False, 'goal_team': None, 'ball_out_by': None, 'has_ball': False, 'start_shot_bonus': False, 'start_pass_bonus': False, 'possession_lost': False}

[Step 23] Action=[ 0.9995078  -0.99975485  1.          0.          0.66363543  0.7731272
  0.99999565] | Reward=-0.002 | Cum=-0.045 | Info={'shot_attempted': False, 'pass_attempted': False, 'goal_scored': False, 'goal_team': None, 'ball_out_by': None, 'has_ball': False, 'start_shot_bonus': False, 'start_pass_bonus': False, 'possession_lost': False}

[Step 24] Action=[ 0.9999971  -0.99999934  1.          0.          0.9157241   0.9181957
  1.        ] | Reward=-0.002 | Cum=-0.047 | Info={'shot_attempted': False, 'pass_attempted': False, 'goal_scored': False, 'goal_team': None, 'ball_out_by': None, 'has_ball': False, 'start_shot_bonus': False, 'start_pass_bonus': False, 'possession_lost': False}

[Step 25] Action=[ 0.99998564 -0.9999926   1.          0.          0.8354884   0.8805467
  1.        ] | Reward=-0.002 | Cum=-0.049 | Info={'shot_attempted': False, 'pass_attempted': False, 'goal_scored': False, 'goal_team': None, 'ball_out_by': None, 'has_ball': False, 'start_shot_bonus': False, 'start_pass_bonus': False, 'possession_lost': False}

[Step 26] Action=[ 0.99998564 -0.9999926   1.          0.          0.8354896   0.8805361
  1.        ] | Reward=-0.001 | Cum=-0.051 | Info={'shot_attempted': False, 'pass_attempted': False, 'goal_scored': False, 'goal_team': None, 'ball_out_by': None, 'has_ball': False, 'start_shot_bonus': False, 'start_pass_bonus': False, 'possession_lost': False}

[Step 27] Action=[ 0.99998564 -0.9999926   1.          0.          0.83549094  0.8805255
  1.        ] | Reward=-0.001 | Cum=-0.052 | Info={'shot_attempted': False, 'pass_attempted': False, 'goal_scored': False, 'goal_team': None, 'ball_out_by': None, 'has_ball': False, 'start_shot_bonus': False, 'start_pass_bonus': False, 'possession_lost': False}

[Step 28] Action=[ 0.99998564 -0.9999926   1.          0.          0.8354839   0.8805132
  1.        ] | Reward=-0.001 | Cum=-0.053 | Info={'shot_attempted': False, 'pass_attempted': False, 'goal_scored': False, 'goal_team': None, 'ball_out_by': None, 'has_ball': False, 'start_shot_bonus': False, 'start_pass_bonus': False, 'possession_lost': False}

[Step 29] Action=[ 0.99998564 -0.9999926   1.          0.          0.8354643   0.8804979
  1.        ] | Reward=-0.001 | Cum=-0.055 | Info={'shot_attempted': False, 'pass_attempted': False, 'goal_scored': False, 'goal_team': None, 'ball_out_by': None, 'has_ball': False, 'start_shot_bonus': False, 'start_pass_bonus': False, 'possession_lost': False}

[Step 30] Action=[ 0.99998564 -0.9999926   1.          0.          0.83544475  0.88048244
  1.        ] | Reward=-0.001 | Cum=-0.056 | Info={'shot_attempted': False, 'pass_attempted': False, 'goal_scored': False, 'goal_team': None, 'ball_out_by': None, 'has_ball': False, 'start_shot_bonus': False, 'start_pass_bonus': False, 'possession_lost': False}

[Step 31] Action=[ 0.99998564 -0.9999926   1.          0.          0.8354253   0.8804671
  1.        ] | Reward=-0.002 | Cum=-0.058 | Info={'shot_attempted': False, 'pass_attempted': False, 'goal_scored': False, 'goal_team': None, 'ball_out_by': None, 'has_ball': False, 'start_shot_bonus': False, 'start_pass_bonus': False, 'possession_lost': False}

[Step 32] Action=[ 0.9999856 -0.9999926  1.         0.         0.8354061  0.8804518
  1.       ] | Reward=-0.001 | Cum=-0.059 | Info={'shot_attempted': False, 'pass_attempted': False, 'goal_scored': False, 'goal_team': None, 'ball_out_by': None, 'has_ball': False, 'start_shot_bonus': False, 'start_pass_bonus': False, 'possession_lost': False}

[Step 33] Action=[ 0.9999856  -0.9999926   1.          0.          0.8353869   0.88043666
  1.        ] | Reward=-0.001 | Cum=-0.060 | Info={'shot_attempted': False, 'pass_attempted': False, 'goal_scored': False, 'goal_team': None, 'ball_out_by': None, 'has_ball': False, 'start_shot_bonus': False, 'start_pass_bonus': False, 'possession_lost': False}

[Step 34] Action=[ 0.9999856  -0.99999255  1.          0.          0.835368    0.88042146
  1.        ] | Reward=-0.001 | Cum=-0.060 | Info={'shot_attempted': False, 'pass_attempted': False, 'goal_scored': False, 'goal_team': None, 'ball_out_by': None, 'has_ball': False, 'start_shot_bonus': False, 'start_pass_bonus': False, 'possession_lost': False}

[Step 35] Action=[ 0.9999856  -0.99999255  1.          0.          0.83534914  0.88040686
  1.        ] | Reward=-0.001 | Cum=-0.061 | Info={'shot_attempted': False, 'pass_attempted': False, 'goal_scored': False, 'goal_team': None, 'ball_out_by': None, 'has_ball': False, 'start_shot_bonus': False, 'start_pass_bonus': False, 'possession_lost': False}

[Step 36] Action=[ 0.999996  -0.9999983  1.         0.         0.8811469  0.8972857
  1.       ] | Reward=-0.001 | Cum=-0.062 | Info={'shot_attempted': False, 'pass_attempted': False, 'goal_scored': False, 'goal_team': None, 'ball_out_by': None, 'has_ball': False, 'start_shot_bonus': False, 'start_pass_bonus': False, 'possession_lost': False}

[Step 37] Action=[ 0.9999934 -0.9999964  1.         0.         0.8516604  0.8865037
  1.       ] | Reward=-0.001 | Cum=-0.062 | Info={'shot_attempted': False, 'pass_attempted': False, 'goal_scored': False, 'goal_team': None, 'ball_out_by': None, 'has_ball': False, 'start_shot_bonus': False, 'start_pass_bonus': False, 'possession_lost': False}

[Step 38] Action=[ 0.9999934  -0.9999964   1.          0.          0.85182405  0.8865568
  1.        ] | Reward=+0.000 | Cum=-0.062 | Info={'shot_attempted': False, 'pass_attempted': False, 'goal_scored': False, 'goal_team': None, 'ball_out_by': None, 'has_ball': False, 'start_shot_bonus': False, 'start_pass_bonus': False, 'possession_lost': False}

[Step 39] Action=[ 0.9999934  -0.9999965   1.          0.          0.8519879   0.88661015
  1.        ] | Reward=+0.000 | Cum=-0.062 | Info={'shot_attempted': False, 'pass_attempted': False, 'goal_scored': False, 'goal_team': None, 'ball_out_by': None, 'has_ball': False, 'start_shot_bonus': False, 'start_pass_bonus': False, 'possession_lost': False}

[Step 40] Action=[ 0.99999344 -0.9999965   1.          0.          0.8521513   0.88666314
  1.        ] | Reward=+0.001 | Cum=-0.062 | Info={'shot_attempted': False, 'pass_attempted': False, 'goal_scored': False, 'goal_team': None, 'ball_out_by': None, 'has_ball': False, 'start_shot_bonus': False, 'start_pass_bonus': False, 'possession_lost': False}

[Step 41] Action=[ 0.99999344 -0.9999965   1.          0.          0.8523144   0.88671637
  1.        ] | Reward=+0.001 | Cum=-0.061 | Info={'shot_attempted': False, 'pass_attempted': False, 'goal_scored': False, 'goal_team': None, 'ball_out_by': None, 'has_ball': False, 'start_shot_bonus': False, 'start_pass_bonus': False, 'possession_lost': False}

[Step 42] Action=[ 0.99999344 -0.9999965   1.          0.          0.8524774   0.8867695
  1.        ] | Reward=+0.001 | Cum=-0.060 | Info={'shot_attempted': False, 'pass_attempted': False, 'goal_scored': False, 'goal_team': None, 'ball_out_by': None, 'has_ball': False, 'start_shot_bonus': False, 'start_pass_bonus': False, 'possession_lost': False}

[Step 43] Action=[ 0.99999344 -0.9999965   1.          0.          0.85263985  0.88682246
  1.        ] | Reward=+0.001 | Cum=-0.059 | Info={'shot_attempted': False, 'pass_attempted': False, 'goal_scored': False, 'goal_team': None, 'ball_out_by': None, 'has_ball': False, 'start_shot_bonus': False, 'start_pass_bonus': False, 'possession_lost': False}

[Step 44] Action=[ 0.99999344 -0.9999965   1.          0.          0.85278606  0.88686997
  1.        ] | Reward=+0.002 | Cum=-0.057 | Info={'shot_attempted': False, 'pass_attempted': False, 'goal_scored': False, 'goal_team': None, 'ball_out_by': None, 'has_ball': False, 'start_shot_bonus': False, 'start_pass_bonus': False, 'possession_lost': False}

[Step 45] Action=[ 0.9999935  -0.99999654  1.          0.          0.852929    0.8869163
  1.        ] | Reward=+0.002 | Cum=-0.055 | Info={'shot_attempted': False, 'pass_attempted': False, 'goal_scored': False, 'goal_team': None, 'ball_out_by': None, 'has_ball': False, 'start_shot_bonus': False, 'start_pass_bonus': False, 'possession_lost': False}

[Step 46] Action=[ 0.9999935  -0.99999654  1.          0.          0.8530714   0.8869626
  1.        ] | Reward=+0.002 | Cum=-0.052 | Info={'shot_attempted': False, 'pass_attempted': False, 'goal_scored': False, 'goal_team': None, 'ball_out_by': None, 'has_ball': False, 'start_shot_bonus': False, 'start_pass_bonus': False, 'possession_lost': False}

[Step 47] Action=[ 0.9999935  -0.99999654  1.          0.          0.85321385  0.88700885
  1.        ] | Reward=+0.003 | Cum=-0.050 | Info={'shot_attempted': False, 'pass_attempted': False, 'goal_scored': False, 'goal_team': None, 'ball_out_by': None, 'has_ball': False, 'start_shot_bonus': False, 'start_pass_bonus': False, 'possession_lost': False}

[Step 48] Action=[ 0.9999935  -0.99999654  1.          0.          0.853356    0.8870551
  1.        ] | Reward=+0.003 | Cum=-0.047 | Info={'shot_attempted': False, 'pass_attempted': False, 'goal_scored': False, 'goal_team': None, 'ball_out_by': None, 'has_ball': False, 'start_shot_bonus': False, 'start_pass_bonus': False, 'possession_lost': False}

[Step 49] Action=[ 0.9999935  -0.99999654  1.          0.          0.85349804  0.8871013
  1.        ] | Reward=+0.003 | Cum=-0.044 | Info={'shot_attempted': False, 'pass_attempted': False, 'goal_scored': False, 'goal_team': None, 'ball_out_by': None, 'has_ball': False, 'start_shot_bonus': False, 'start_pass_bonus': False, 'possession_lost': False}

[Step 50] Action=[ 0.99999356 -0.99999654  1.          0.          0.85363996  0.88714755
  1.        ] | Reward=+0.003 | Cum=-0.041 | Info={'shot_attempted': False, 'pass_attempted': False, 'goal_scored': False, 'goal_team': None, 'ball_out_by': None, 'has_ball': False, 'start_shot_bonus': False, 'start_pass_bonus': False, 'possession_lost': False}

[Step 51] Action=[ 0.99999356 -0.99999654  1.          0.          0.8537816   0.8871938
  1.        ] | Reward=+0.003 | Cum=-0.038 | Info={'shot_attempted': False, 'pass_attempted': False, 'goal_scored': False, 'goal_team': None, 'ball_out_by': None, 'has_ball': False, 'start_shot_bonus': False, 'start_pass_bonus': False, 'possession_lost': False}

[Step 52] Action=[ 0.99999356 -0.9999966   1.          0.          0.853923    0.8872399
  1.        ] | Reward=+0.003 | Cum=-0.035 | Info={'shot_attempted': False, 'pass_attempted': False, 'goal_scored': False, 'goal_team': None, 'ball_out_by': None, 'has_ball': False, 'start_shot_bonus': False, 'start_pass_bonus': False, 'possession_lost': False}

[Step 53] Action=[ 0.99999356 -0.9999966   1.          0.          0.85406435  0.887286
  1.        ] | Reward=+0.003 | Cum=-0.032 | Info={'shot_attempted': False, 'pass_attempted': False, 'goal_scored': False, 'goal_team': None, 'ball_out_by': None, 'has_ball': False, 'start_shot_bonus': False, 'start_pass_bonus': False, 'possession_lost': False}

[Step 54] Action=[ 0.99999356 -0.9999966   1.          0.          0.85420716  0.88733214
  1.        ] | Reward=+0.003 | Cum=-0.029 | Info={'shot_attempted': False, 'pass_attempted': False, 'goal_scored': False, 'goal_team': None, 'ball_out_by': None, 'has_ball': False, 'start_shot_bonus': False, 'start_pass_bonus': False, 'possession_lost': False}

[Step 55] Action=[ 0.9999936  -0.9999966   1.          0.          0.8543507   0.88737816
  1.        ] | Reward=+0.002 | Cum=-0.027 | Info={'shot_attempted': False, 'pass_attempted': False, 'goal_scored': False, 'goal_team': None, 'ball_out_by': None, 'has_ball': False, 'start_shot_bonus': False, 'start_pass_bonus': False, 'possession_lost': False}

[Step 56] Action=[ 0.9999936  -0.9999966   1.          0.          0.8544939   0.88742423
  1.        ] | Reward=+0.002 | Cum=-0.026 | Info={'shot_attempted': False, 'pass_attempted': False, 'goal_scored': False, 'goal_team': None, 'ball_out_by': None, 'has_ball': False, 'start_shot_bonus': False, 'start_pass_bonus': False, 'possession_lost': False}

[Step 57] Action=[ 0.9999936  -0.9999966   1.          0.          0.854637    0.88747036
  1.        ] | Reward=-0.001 | Cum=-0.027 | Info={'shot_attempted': False, 'pass_attempted': False, 'goal_scored': False, 'goal_team': None, 'ball_out_by': None, 'has_ball': False, 'start_shot_bonus': False, 'start_pass_bonus': False, 'possession_lost': False}

[Step 58] Action=[ 0.         -0.          1.          0.          0.571877    0.7420122
  0.99999535] | Reward=-0.000 | Cum=-0.027 | Info={'shot_attempted': False, 'pass_attempted': False, 'goal_scored': False, 'goal_team': None, 'ball_out_by': None, 'has_ball': False, 'start_shot_bonus': False, 'start_pass_bonus': False, 'possession_lost': False}

[Step 59] Action=[ 0.         -0.          1.          0.          0.7610784   0.78922963
  0.99999887] | Reward=+0.001 | Cum=-0.026 | Info={'shot_attempted': False, 'pass_attempted': False, 'goal_scored': False, 'goal_team': None, 'ball_out_by': None, 'has_ball': False, 'start_shot_bonus': False, 'start_pass_bonus': False, 'possession_lost': False}

[Step 60] Action=[ 0.         -0.          1.          0.          0.76132226  0.7893723
  0.99999887] | Reward=+0.002 | Cum=-0.025 | Info={'shot_attempted': False, 'pass_attempted': False, 'goal_scored': False, 'goal_team': None, 'ball_out_by': None, 'has_ball': False, 'start_shot_bonus': False, 'start_pass_bonus': False, 'possession_lost': False}

[Step 61] Action=[ 0.         -0.          1.          0.          0.76156557  0.78951466
  0.99999887] | Reward=+0.003 | Cum=-0.022 | Info={'shot_attempted': False, 'pass_attempted': False, 'goal_scored': False, 'goal_team': None, 'ball_out_by': None, 'has_ball': False, 'start_shot_bonus': False, 'start_pass_bonus': False, 'possession_lost': False}

[Step 62] Action=[ 0.         -0.          1.          0.          0.76180845  0.7896568
  0.99999887] | Reward=+0.004 | Cum=-0.018 | Info={'shot_attempted': False, 'pass_attempted': False, 'goal_scored': False, 'goal_team': None, 'ball_out_by': None, 'has_ball': False, 'start_shot_bonus': False, 'start_pass_bonus': False, 'possession_lost': False}

[Step 63] Action=[ 0.         -0.          1.          0.          0.76205057  0.7897984
  0.99999887] | Reward=+0.005 | Cum=-0.013 | Info={'shot_attempted': False, 'pass_attempted': False, 'goal_scored': False, 'goal_team': None, 'ball_out_by': None, 'has_ball': False, 'start_shot_bonus': False, 'start_pass_bonus': False, 'possession_lost': False}

[Step 64] Action=[ 0.        -0.         1.         0.         0.7622922  0.7899399
  0.9999989] | Reward=+0.007 | Cum=-0.006 | Info={'shot_attempted': False, 'pass_attempted': False, 'goal_scored': False, 'goal_team': None, 'ball_out_by': None, 'has_ball': False, 'start_shot_bonus': False, 'start_pass_bonus': False, 'possession_lost': False}

[Step 65] Action=[ 0.         -0.          1.          0.          0.76253325  0.79008114
  0.9999989 ] | Reward=+0.009 | Cum=+0.004 | Info={'shot_attempted': False, 'pass_attempted': False, 'goal_scored': False, 'goal_team': None, 'ball_out_by': None, 'has_ball': False, 'start_shot_bonus': False, 'start_pass_bonus': False, 'possession_lost': False}

[Step 66] Action=[ 0.        -0.         1.         0.         0.7627739  0.7902221
  0.9999989] | Reward=+0.011 | Cum=+0.015 | Info={'shot_attempted': False, 'pass_attempted': False, 'goal_scored': False, 'goal_team': None, 'ball_out_by': None, 'has_ball': False, 'start_shot_bonus': False, 'start_pass_bonus': False, 'possession_lost': False}

[Step 67] Action=[ 0.        -0.         1.         0.         0.7630137  0.7903626
  0.9999989] | Reward=+0.014 | Cum=+0.028 | Info={'shot_attempted': False, 'pass_attempted': False, 'goal_scored': False, 'goal_team': None, 'ball_out_by': None, 'has_ball': False, 'start_shot_bonus': False, 'start_pass_bonus': False, 'possession_lost': False}

[Step 68] Action=[ 0.         -0.          1.          0.          0.7632531   0.79050297
  0.9999989 ] | Reward=+0.016 | Cum=+0.045 | Info={'shot_attempted': False, 'pass_attempted': False, 'goal_scored': False, 'goal_team': None, 'ball_out_by': None, 'has_ball': False, 'start_shot_bonus': False, 'start_pass_bonus': False, 'possession_lost': False}

[Step 69] Action=[ 0.         -0.          1.          0.          0.76349175  0.7906433
  0.9999989 ] | Reward=+0.745 | Cum=+0.790 | Info={'shot_attempted': False, 'pass_attempted': False, 'start_pass_bonus': False, 'invalid_pass_attempt': True, 'pass_completed': True, 'pass_from': 'att_1', 'pass_to': 'att_3', 'goal_scored': False, 'goal_team': None, 'ball_out_by': None, 'has_ball': True, 'start_shot_bonus': False, 'possession_lost': False}

[Step 70] Action=[ 0.9945521  -0.9852058   0.99999946  0.          0.07645838  0.5568286
  0.99939424] | Reward=+1.041 | Cum=+1.831 | Info={'shot_attempted': False, 'pass_attempted': True, 'pass_quality': 0.4998788028637502, 'pass_power': 4.901406493037939, 'pass_direction': [-0.37300060529773027, 0.9278310990948335], 'invalid_pass_direction': True, 'start_pass_bonus': True, 'pass_to': 'att_1', 'pass_direction_raw': [0.4673650773837815, 0.8840632807922296], 'goal_scored': False, 'goal_team': None, 'ball_out_by': None, 'has_ball': False, 'start_shot_bonus': False, 'possession_lost': False}

[Step 71] Action=[ 0.9999918  -0.99999374  1.          0.          0.76829755  0.8816274
  1.        ] | Reward=+0.035 | Cum=+1.865 | Info={'shot_attempted': False, 'pass_attempted': False, 'goal_scored': False, 'goal_team': None, 'ball_out_by': None, 'has_ball': False, 'start_shot_bonus': False, 'start_pass_bonus': False, 'possession_lost': False}

[Step 72] Action=[ 0.9999918  -0.99999374  1.          0.          0.7683113   0.8816238
  1.        ] | Reward=+0.029 | Cum=+1.895 | Info={'shot_attempted': False, 'pass_attempted': False, 'goal_scored': False, 'goal_team': None, 'ball_out_by': None, 'has_ball': False, 'start_shot_bonus': False, 'start_pass_bonus': False, 'possession_lost': False}

[Step 73] Action=[ 0.9999918  -0.99999374  1.          0.          0.7683251   0.88162035
  1.        ] | Reward=+0.024 | Cum=+1.918 | Info={'shot_attempted': False, 'pass_attempted': False, 'goal_scored': False, 'goal_team': None, 'ball_out_by': None, 'has_ball': False, 'start_shot_bonus': False, 'start_pass_bonus': False, 'possession_lost': False}

[Step 74] Action=[ 0.9999918  -0.99999374  1.          0.          0.768339    0.8816169
  1.        ] | Reward=+0.020 | Cum=+1.938 | Info={'shot_attempted': False, 'pass_attempted': False, 'goal_scored': False, 'goal_team': None, 'ball_out_by': None, 'has_ball': False, 'start_shot_bonus': False, 'start_pass_bonus': False, 'possession_lost': False}

[Step 75] Action=[ 0.9999918  -0.99999374  1.          0.          0.7683526   0.88161355
  1.        ] | Reward=+0.017 | Cum=+1.955 | Info={'shot_attempted': False, 'pass_attempted': False, 'goal_scored': False, 'goal_team': None, 'ball_out_by': None, 'has_ball': False, 'start_shot_bonus': False, 'start_pass_bonus': False, 'possession_lost': False}

[Step 76] Action=[ 0.9999918  -0.99999374  1.          0.          0.7683665   0.88161
  1.        ] | Reward=+0.014 | Cum=+1.970 | Info={'shot_attempted': False, 'pass_attempted': False, 'goal_scored': False, 'goal_team': None, 'ball_out_by': None, 'has_ball': False, 'start_shot_bonus': False, 'start_pass_bonus': False, 'possession_lost': False}

[Step 77] Action=[ 0.9999918  -0.99999374  1.          0.          0.7683805   0.8816067
  1.        ] | Reward=+0.012 | Cum=+1.982 | Info={'shot_attempted': False, 'pass_attempted': False, 'goal_scored': False, 'goal_team': None, 'ball_out_by': None, 'has_ball': False, 'start_shot_bonus': False, 'start_pass_bonus': False, 'possession_lost': False}

[Step 78] Action=[ 0.9999918  -0.99999374  1.          0.          0.7683944   0.88160336
  1.        ] | Reward=+0.010 | Cum=+1.992 | Info={'shot_attempted': False, 'pass_attempted': False, 'goal_scored': False, 'goal_team': None, 'ball_out_by': None, 'has_ball': False, 'start_shot_bonus': False, 'start_pass_bonus': False, 'possession_lost': False}

[Step 79] Action=[ 0.9999918  -0.99999374  1.          0.          0.7684086   0.88159996
  1.        ] | Reward=+0.008 | Cum=+1.999 | Info={'shot_attempted': False, 'pass_attempted': False, 'goal_scored': False, 'goal_team': None, 'ball_out_by': None, 'has_ball': False, 'start_shot_bonus': False, 'start_pass_bonus': False, 'possession_lost': False}

[Step 80] Action=[ 0.9999918  -0.99999374  1.          0.          0.7684227   0.8815968
  1.        ] | Reward=+0.006 | Cum=+2.006 | Info={'shot_attempted': False, 'pass_attempted': False, 'goal_scored': False, 'goal_team': None, 'ball_out_by': None, 'has_ball': False, 'start_shot_bonus': False, 'start_pass_bonus': False, 'possession_lost': False}

[Step 81] Action=[ 0.9999918  -0.99999374  1.          0.          0.76843685  0.8815935
  1.        ] | Reward=+0.006 | Cum=+2.011 | Info={'shot_attempted': False, 'pass_attempted': False, 'goal_scored': False, 'goal_team': None, 'ball_out_by': None, 'has_ball': False, 'start_shot_bonus': False, 'start_pass_bonus': False, 'possession_lost': False}

[Step 82] Action=[ 0.9999918  -0.99999374  1.          0.          0.76845115  0.8815903
  1.        ] | Reward=+0.005 | Cum=+2.016 | Info={'shot_attempted': False, 'pass_attempted': False, 'goal_scored': False, 'goal_team': None, 'ball_out_by': None, 'has_ball': False, 'start_shot_bonus': False, 'start_pass_bonus': False, 'possession_lost': False}

[Step 83] Action=[ 0.9999918  -0.99999374  1.          0.          0.7684654   0.881587
  1.        ] | Reward=+0.004 | Cum=+2.020 | Info={'shot_attempted': False, 'pass_attempted': False, 'goal_scored': False, 'goal_team': None, 'ball_out_by': None, 'has_ball': False, 'start_shot_bonus': False, 'start_pass_bonus': False, 'possession_lost': False}

[Step 84] Action=[ 0.9999918  -0.99999374  1.          0.          0.76847994  0.8815839
  1.        ] | Reward=+0.003 | Cum=+2.023 | Info={'shot_attempted': False, 'pass_attempted': False, 'goal_scored': False, 'goal_team': None, 'ball_out_by': None, 'has_ball': False, 'start_shot_bonus': False, 'start_pass_bonus': False, 'possession_lost': False}

[Step 85] Action=[ 0.9999918  -0.99999374  1.          0.          0.76848614  0.8815789
  1.        ] | Reward=+0.002 | Cum=+2.025 | Info={'shot_attempted': False, 'pass_attempted': False, 'goal_scored': False, 'goal_team': None, 'ball_out_by': None, 'has_ball': False, 'start_shot_bonus': False, 'start_pass_bonus': False, 'possession_lost': False}

[Step 86] Action=[ 0.9999918  -0.99999374  1.          0.          0.7684878   0.8815729
  1.        ] | Reward=+0.001 | Cum=+2.026 | Info={'shot_attempted': False, 'pass_attempted': False, 'goal_scored': False, 'goal_team': None, 'ball_out_by': None, 'has_ball': False, 'start_shot_bonus': False, 'start_pass_bonus': False, 'possession_lost': False}

[Step 87] Action=[ 0.9999918  -0.99999374  1.          0.          0.76848954  0.88156664
  1.        ] | Reward=+0.001 | Cum=+2.027 | Info={'shot_attempted': False, 'pass_attempted': False, 'goal_scored': False, 'goal_team': None, 'ball_out_by': None, 'has_ball': False, 'start_shot_bonus': False, 'start_pass_bonus': False, 'possession_lost': False}

[Step 88] Action=[ 0.9999918  -0.99999374  1.          0.          0.76849145  0.88156056
  1.        ] | Reward=+0.001 | Cum=+2.028 | Info={'shot_attempted': False, 'pass_attempted': False, 'goal_scored': False, 'goal_team': None, 'ball_out_by': None, 'has_ball': False, 'start_shot_bonus': False, 'start_pass_bonus': False, 'possession_lost': False}

[Step 89] Action=[ 0.9999918  -0.99999374  1.          0.          0.7684936   0.88155466
  1.        ] | Reward=+0.001 | Cum=+2.029 | Info={'shot_attempted': False, 'pass_attempted': False, 'goal_scored': False, 'goal_team': None, 'ball_out_by': None, 'has_ball': False, 'start_shot_bonus': False, 'start_pass_bonus': False, 'possession_lost': False}

[Step 90] Action=[ 0.9999918  -0.99999374  1.          0.          0.7684955   0.8815487
  1.        ] | Reward=+0.000 | Cum=+2.029 | Info={'shot_attempted': False, 'pass_attempted': False, 'goal_scored': False, 'goal_team': None, 'ball_out_by': None, 'has_ball': False, 'start_shot_bonus': False, 'start_pass_bonus': False, 'possession_lost': False}

[Step 91] Action=[ 0.9999918  -0.99999374  1.          0.          0.76849765  0.8815427
  1.        ] | Reward=-0.000 | Cum=+2.029 | Info={'shot_attempted': False, 'pass_attempted': False, 'goal_scored': False, 'goal_team': None, 'ball_out_by': None, 'has_ball': False, 'start_shot_bonus': False, 'start_pass_bonus': False, 'possession_lost': False}

[Step 92] Action=[ 0.9999918  -0.99999374  1.          0.          0.7684999   0.88153684
  1.        ] | Reward=-0.001 | Cum=+2.028 | Info={'shot_attempted': False, 'pass_attempted': False, 'goal_scored': False, 'goal_team': None, 'ball_out_by': None, 'has_ball': False, 'start_shot_bonus': False, 'start_pass_bonus': False, 'possession_lost': False}

[Step 93] Action=[ 0.9999918  -0.99999374  1.          0.          0.76850206  0.8815308
  1.        ] | Reward=-0.001 | Cum=+2.028 | Info={'shot_attempted': False, 'pass_attempted': False, 'goal_scored': False, 'goal_team': None, 'ball_out_by': None, 'has_ball': False, 'start_shot_bonus': False, 'start_pass_bonus': False, 'possession_lost': False}

[Step 94] Action=[ 0.9999918  -0.99999374  1.          0.          0.7685045   0.881525
  1.        ] | Reward=+1.499 | Cum=+3.526 | Info={'shot_attempted': False, 'pass_attempted': False, 'pass_completed': True, 'pass_to': 'att_1', 'pass_from': 'att_3', 'goal_scored': False, 'goal_team': None, 'ball_out_by': None, 'has_ball': False, 'start_shot_bonus': False, 'start_pass_bonus': False, 'possession_lost': False}

[Step 95] Action=[ 0.         -0.          1.          0.          0.51190966  0.7724228
  0.9999969 ] | Reward=-0.005 | Cum=+3.522 | Info={'shot_attempted': False, 'pass_attempted': False, 'goal_scored': False, 'goal_team': None, 'ball_out_by': None, 'has_ball': False, 'start_shot_bonus': False, 'start_pass_bonus': False, 'possession_lost': False}

[Step 96] Action=[ 0.         -0.          1.          0.          0.46128607  0.73096025
  0.999983  ] | Reward=-0.004 | Cum=+3.518 | Info={'shot_attempted': False, 'pass_attempted': False, 'goal_scored': False, 'goal_team': None, 'ball_out_by': None, 'has_ball': False, 'start_shot_bonus': False, 'start_pass_bonus': False, 'possession_lost': False}

[Step 97] Action=[ 0.         -0.          1.          0.          0.46192214  0.73118234
  0.99998313] | Reward=-0.004 | Cum=+3.513 | Info={'shot_attempted': False, 'pass_attempted': False, 'goal_scored': False, 'goal_team': None, 'ball_out_by': None, 'has_ball': False, 'start_shot_bonus': False, 'start_pass_bonus': False, 'possession_lost': False}

[Step 98] Action=[ 0.         -0.          1.          0.          0.4625565   0.7314039
  0.99998325] | Reward=-0.004 | Cum=+3.509 | Info={'shot_attempted': False, 'pass_attempted': False, 'goal_scored': False, 'goal_team': None, 'ball_out_by': None, 'has_ball': False, 'start_shot_bonus': False, 'start_pass_bonus': False, 'possession_lost': False}

[Step 99] Action=[ 0.         -0.          1.          0.          0.46318948  0.7316251
  0.9999834 ] | Reward=-0.004 | Cum=+3.505 | Info={'shot_attempted': False, 'pass_attempted': False, 'goal_scored': False, 'goal_team': None, 'ball_out_by': None, 'has_ball': False, 'start_shot_bonus': False, 'start_pass_bonus': False, 'possession_lost': False}

[Step 100] Action=[ 0.         -0.          1.          0.          0.45445994  0.7248712
  0.99998057] | Reward=-0.004 | Cum=+3.501 | Info={'shot_attempted': False, 'pass_attempted': False, 'goal_scored': False, 'goal_team': None, 'ball_out_by': None, 'has_ball': False, 'start_shot_bonus': False, 'start_pass_bonus': False, 'possession_lost': False}

[Step 101] Action=[ 0.         -0.          1.          0.          0.45509696  0.7250961
  0.9999807 ] | Reward=-0.004 | Cum=+3.497 | Info={'shot_attempted': False, 'pass_attempted': False, 'goal_scored': False, 'goal_team': None, 'ball_out_by': None, 'has_ball': False, 'start_shot_bonus': False, 'start_pass_bonus': False, 'possession_lost': False}

[Step 102] Action=[ 0.         -0.          1.          0.          0.45573282  0.72532064
  0.99998087] | Reward=-0.004 | Cum=+3.494 | Info={'shot_attempted': False, 'pass_attempted': False, 'goal_scored': False, 'goal_team': None, 'ball_out_by': None, 'has_ball': False, 'start_shot_bonus': False, 'start_pass_bonus': False, 'possession_lost': False}

[Step 103] Action=[ 0.         -0.          1.          0.          0.45636702  0.72554487
  0.999981  ] | Reward=-0.003 | Cum=+3.490 | Info={'shot_attempted': False, 'pass_attempted': False, 'goal_scored': False, 'goal_team': None, 'ball_out_by': None, 'has_ball': False, 'start_shot_bonus': False, 'start_pass_bonus': False, 'possession_lost': False}

[Step 104] Action=[ 0.         -0.          1.          0.          0.45699996  0.7257684
  0.9999811 ] | Reward=-0.003 | Cum=+3.487 | Info={'shot_attempted': False, 'pass_attempted': False, 'goal_scored': False, 'goal_team': None, 'ball_out_by': None, 'has_ball': False, 'start_shot_bonus': False, 'start_pass_bonus': False, 'possession_lost': False}

[Step 105] Action=[ 0.         -0.          1.          0.          0.4576313   0.72599137
  0.9999813 ] | Reward=-0.003 | Cum=+3.485 | Info={'shot_attempted': False, 'pass_attempted': False, 'goal_scored': False, 'goal_team': None, 'ball_out_by': None, 'has_ball': False, 'start_shot_bonus': False, 'start_pass_bonus': False, 'possession_lost': False}

[Step 106] Action=[ 0.         -0.          1.          0.          0.45826128  0.72621393
  0.9999814 ] | Reward=-0.002 | Cum=+3.482 | Info={'shot_attempted': False, 'pass_attempted': False, 'goal_scored': False, 'goal_team': None, 'ball_out_by': None, 'has_ball': False, 'start_shot_bonus': False, 'start_pass_bonus': False, 'possession_lost': False}

[Step 107] Action=[ 0.         -0.          1.          0.          0.45888993  0.72643596
  0.9999815 ] | Reward=-0.002 | Cum=+3.480 | Info={'shot_attempted': False, 'pass_attempted': False, 'goal_scored': False, 'goal_team': None, 'ball_out_by': None, 'has_ball': False, 'start_shot_bonus': False, 'start_pass_bonus': False, 'possession_lost': False}

[Step 108] Action=[ 0.         -0.          1.          0.          0.45951703  0.72665775
  0.99998164] | Reward=-0.001 | Cum=+3.479 | Info={'shot_attempted': False, 'pass_attempted': False, 'goal_scored': False, 'goal_team': None, 'ball_out_by': None, 'has_ball': False, 'start_shot_bonus': False, 'start_pass_bonus': False, 'possession_lost': False}

[Step 109] Action=[ 0.        -0.         1.         0.         0.4601428  0.7268789
  0.9999818] | Reward=-0.001 | Cum=+3.478 | Info={'shot_attempted': False, 'pass_attempted': False, 'goal_scored': False, 'goal_team': None, 'ball_out_by': None, 'has_ball': False, 'start_shot_bonus': False, 'start_pass_bonus': False, 'possession_lost': False}

[Step 110] Action=[ 0.         -0.          1.          0.          0.4607675   0.72709966
  0.99998194] | Reward=-0.000 | Cum=+3.478 | Info={'shot_attempted': False, 'pass_attempted': False, 'goal_scored': False, 'goal_team': None, 'ball_out_by': None, 'has_ball': False, 'start_shot_bonus': False, 'start_pass_bonus': False, 'possession_lost': False}

[Step 111] Action=[ 0.         -0.          1.          0.          0.46139047  0.72731966
  0.99998206] | Reward=+0.001 | Cum=+3.479 | Info={'shot_attempted': False, 'pass_attempted': False, 'goal_scored': False, 'goal_team': None, 'ball_out_by': None, 'has_ball': False, 'start_shot_bonus': False, 'start_pass_bonus': False, 'possession_lost': False}

[Step 112] Action=[ 0.         -0.          1.          0.          0.46201196  0.72753954
  0.9999822 ] | Reward=+0.002 | Cum=+3.481 | Info={'shot_attempted': False, 'pass_attempted': False, 'goal_scored': False, 'goal_team': None, 'ball_out_by': None, 'has_ball': False, 'start_shot_bonus': False, 'start_pass_bonus': False, 'possession_lost': False}

[Step 113] Action=[ 0.         -0.          1.          0.          0.46263236  0.72775865
  0.9999823 ] | Reward=+0.003 | Cum=+3.483 | Info={'shot_attempted': False, 'pass_attempted': False, 'goal_scored': False, 'goal_team': None, 'ball_out_by': None, 'has_ball': False, 'start_shot_bonus': False, 'start_pass_bonus': False, 'possession_lost': False}

[Step 114] Action=[ 0.         -0.          1.          0.          0.46325126  0.7279772
  0.9999824 ] | Reward=+0.004 | Cum=+3.487 | Info={'shot_attempted': False, 'pass_attempted': False, 'goal_scored': False, 'goal_team': None, 'ball_out_by': None, 'has_ball': False, 'start_shot_bonus': False, 'start_pass_bonus': False, 'possession_lost': False}

[Step 115] Action=[ 0.         -0.          1.          0.          0.4638687   0.72819567
  0.99998254] | Reward=+0.005 | Cum=+3.492 | Info={'shot_attempted': False, 'pass_attempted': False, 'goal_scored': False, 'goal_team': None, 'ball_out_by': None, 'has_ball': False, 'start_shot_bonus': False, 'start_pass_bonus': False, 'possession_lost': False}

[Step 116] Action=[ 0.         -0.          1.          0.          0.46448484  0.7284134
  0.9999827 ] | Reward=+0.006 | Cum=+3.498 | Info={'shot_attempted': False, 'pass_attempted': False, 'goal_scored': False, 'goal_team': None, 'ball_out_by': None, 'has_ball': False, 'start_shot_bonus': False, 'start_pass_bonus': False, 'possession_lost': False}

[Step 117] Action=[ 0.         -0.          1.          0.          0.4650996   0.7286308
  0.99998283] | Reward=+0.008 | Cum=+3.506 | Info={'shot_attempted': False, 'pass_attempted': False, 'goal_scored': False, 'goal_team': None, 'ball_out_by': None, 'has_ball': False, 'start_shot_bonus': False, 'start_pass_bonus': False, 'possession_lost': False}

[Step 118] Action=[ 0.         -0.          1.          0.          0.46571305  0.7288477
  0.99998295] | Reward=+0.009 | Cum=+3.516 | Info={'shot_attempted': False, 'pass_attempted': False, 'goal_scored': False, 'goal_team': None, 'ball_out_by': None, 'has_ball': False, 'start_shot_bonus': False, 'start_pass_bonus': False, 'possession_lost': False}

[Step 119] Action=[ 0.         -0.          1.          0.          0.46632496  0.7290639
  0.9999831 ] | Reward=+0.011 | Cum=+3.527 | Info={'shot_attempted': False, 'pass_attempted': False, 'goal_scored': False, 'goal_team': None, 'ball_out_by': None, 'has_ball': False, 'start_shot_bonus': False, 'start_pass_bonus': False, 'possession_lost': False}

[Step 120] Action=[ 0.         -0.          1.          0.          0.46693575  0.7292798
  0.9999832 ] | Reward=+0.013 | Cum=+3.539 | Info={'shot_attempted': False, 'pass_attempted': False, 'goal_scored': False, 'goal_team': None, 'ball_out_by': None, 'has_ball': False, 'start_shot_bonus': False, 'start_pass_bonus': False, 'possession_lost': False}

[Step 121] Action=[ 0.         -0.          1.          0.          0.4675451   0.72949535
  0.9999833 ] | Reward=+0.014 | Cum=+3.554 | Info={'shot_attempted': False, 'pass_attempted': False, 'goal_scored': False, 'goal_team': None, 'ball_out_by': None, 'has_ball': False, 'start_shot_bonus': False, 'start_pass_bonus': False, 'possession_lost': False}

[Step 122] Action=[ 0.         -0.          1.          0.          0.46815285  0.7297101
  0.99998343] | Reward=+0.015 | Cum=+3.569 | Info={'shot_attempted': False, 'pass_attempted': False, 'goal_scored': False, 'goal_team': None, 'ball_out_by': None, 'has_ball': False, 'start_shot_bonus': False, 'start_pass_bonus': False, 'possession_lost': False}

[Step 123] Action=[ 0.         -0.          1.          0.          0.46875963  0.72992486
  0.99998355] | Reward=+0.016 | Cum=+3.585 | Info={'shot_attempted': False, 'pass_attempted': False, 'goal_scored': False, 'goal_team': None, 'ball_out_by': None, 'has_ball': False, 'start_shot_bonus': False, 'start_pass_bonus': False, 'possession_lost': False}

[Step 124] Action=[ 0.         -0.          1.          0.          0.46936467  0.7301388
  0.99998367] | Reward=+0.016 | Cum=+3.601 | Info={'shot_attempted': False, 'pass_attempted': False, 'goal_scored': False, 'goal_team': None, 'ball_out_by': None, 'has_ball': False, 'start_shot_bonus': False, 'start_pass_bonus': False, 'possession_lost': False}

[Step 125] Action=[ 0.        -0.         1.         0.         0.4699688  0.7303522
  0.9999838] | Reward=+0.016 | Cum=+3.617 | Info={'shot_attempted': False, 'pass_attempted': False, 'goal_scored': False, 'goal_team': None, 'ball_out_by': None, 'has_ball': False, 'start_shot_bonus': False, 'start_pass_bonus': False, 'possession_lost': False}

[Step 126] Action=[ 0.         -0.          1.          0.          0.47057125  0.7305654
  0.9999839 ] | Reward=+0.015 | Cum=+3.632 | Info={'shot_attempted': False, 'pass_attempted': False, 'goal_scored': False, 'goal_team': None, 'ball_out_by': None, 'has_ball': False, 'start_shot_bonus': False, 'start_pass_bonus': False, 'possession_lost': False}

[Step 127] Action=[ 0.         -0.          1.          0.          0.47117227  0.730778
  0.99998397] | Reward=+0.013 | Cum=+3.645 | Info={'shot_attempted': False, 'pass_attempted': False, 'goal_scored': False, 'goal_team': None, 'ball_out_by': None, 'has_ball': False, 'start_shot_bonus': False, 'start_pass_bonus': False, 'possession_lost': False}

[Step 128] Action=[ 0.         -0.          1.          0.          0.4717723   0.73099035
  0.9999841 ] | Reward=+0.012 | Cum=+3.657 | Info={'shot_attempted': False, 'pass_attempted': False, 'goal_scored': False, 'goal_team': None, 'ball_out_by': None, 'has_ball': False, 'start_shot_bonus': False, 'start_pass_bonus': False, 'possession_lost': False}

[Step 129] Action=[ 0.         -0.          1.          0.          0.47237068  0.7312021
  0.9999842 ] | Reward=+0.010 | Cum=+3.667 | Info={'shot_attempted': False, 'pass_attempted': False, 'goal_scored': False, 'goal_team': None, 'ball_out_by': None, 'has_ball': False, 'start_shot_bonus': False, 'start_pass_bonus': False, 'possession_lost': False}

[Step 130] Action=[ 0.         -0.          1.          0.          0.47296816  0.7314133
  0.9999843 ] | Reward=+0.009 | Cum=+3.676 | Info={'shot_attempted': False, 'pass_attempted': False, 'goal_scored': False, 'goal_team': None, 'ball_out_by': None, 'has_ball': False, 'start_shot_bonus': False, 'start_pass_bonus': False, 'possession_lost': False}

[Step 131] Action=[ 0.         -0.          1.          0.          0.47356403  0.7316241
  0.99998444] | Reward=+0.007 | Cum=+3.683 | Info={'shot_attempted': False, 'pass_attempted': False, 'goal_scored': False, 'goal_team': None, 'ball_out_by': None, 'has_ball': False, 'start_shot_bonus': False, 'start_pass_bonus': False, 'possession_lost': False}

[Step 132] Action=[ 0.         -0.          1.          0.          0.4741585   0.73183435
  0.99998456] | Reward=+0.006 | Cum=+3.689 | Info={'shot_attempted': False, 'pass_attempted': False, 'goal_scored': False, 'goal_team': None, 'ball_out_by': None, 'has_ball': False, 'start_shot_bonus': False, 'start_pass_bonus': False, 'possession_lost': False}

[Step 133] Action=[ 0.         -0.          1.          0.          0.3295776   0.7128343
  0.99994636] | Reward=+0.004 | Cum=+3.693 | Info={'shot_attempted': False, 'pass_attempted': False, 'goal_scored': False, 'goal_team': None, 'ball_out_by': None, 'has_ball': False, 'start_shot_bonus': False, 'start_pass_bonus': False, 'possession_lost': False}

[Step 134] Action=[ 0.        -0.         1.         0.         0.413178   0.7238765
  0.9999749] | Reward=+0.003 | Cum=+3.697 | Info={'shot_attempted': False, 'pass_attempted': False, 'goal_scored': False, 'goal_team': None, 'ball_out_by': None, 'has_ball': False, 'start_shot_bonus': False, 'start_pass_bonus': False, 'possession_lost': False}

[Step 135] Action=[ 0.         -0.          1.          0.          0.41377965  0.72408116
  0.9999751 ] | Reward=+0.002 | Cum=+3.699 | Info={'shot_attempted': False, 'pass_attempted': False, 'goal_scored': False, 'goal_team': None, 'ball_out_by': None, 'has_ball': False, 'start_shot_bonus': False, 'start_pass_bonus': False, 'possession_lost': False}

[Step 136] Action=[ 0.         -0.          1.          0.          0.41438028  0.72428566
  0.99997526] | Reward=+0.001 | Cum=+3.700 | Info={'shot_attempted': False, 'pass_attempted': False, 'goal_scored': False, 'goal_team': None, 'ball_out_by': None, 'has_ball': False, 'start_shot_bonus': False, 'start_pass_bonus': False, 'possession_lost': False}

[Step 137] Action=[ 0.         -0.          1.          0.          0.41497946  0.72448945
  0.9999754 ] | Reward=+0.000 | Cum=+3.700 | Info={'shot_attempted': False, 'pass_attempted': False, 'goal_scored': False, 'goal_team': None, 'ball_out_by': None, 'has_ball': False, 'start_shot_bonus': False, 'start_pass_bonus': False, 'possession_lost': False}

[Step 138] Action=[ 0.         -0.          1.          0.          0.41557747  0.72469294
  0.99997556] | Reward=-0.000 | Cum=+3.700 | Info={'shot_attempted': False, 'pass_attempted': False, 'goal_scored': False, 'goal_team': None, 'ball_out_by': None, 'has_ball': False, 'start_shot_bonus': False, 'start_pass_bonus': False, 'possession_lost': False}

[Step 139] Action=[ 0.         -0.          1.          0.          0.41617444  0.72489595
  0.99997574] | Reward=-0.001 | Cum=+3.699 | Info={'shot_attempted': False, 'pass_attempted': False, 'goal_scored': False, 'goal_team': None, 'ball_out_by': None, 'has_ball': False, 'start_shot_bonus': False, 'start_pass_bonus': False, 'possession_lost': False}

[Step 140] Action=[ 0.         -0.          1.          0.          0.41677013  0.72509867
  0.9999759 ] | Reward=-0.001 | Cum=+3.698 | Info={'shot_attempted': False, 'pass_attempted': False, 'goal_scored': False, 'goal_team': None, 'ball_out_by': None, 'has_ball': False, 'start_shot_bonus': False, 'start_pass_bonus': False, 'possession_lost': False}

[Step 141] Action=[ 0.         -0.          1.          0.          0.41736424  0.7253008
  0.99997604] | Reward=-0.002 | Cum=+3.696 | Info={'shot_attempted': False, 'pass_attempted': False, 'goal_scored': False, 'goal_team': None, 'ball_out_by': None, 'has_ball': False, 'start_shot_bonus': False, 'start_pass_bonus': False, 'possession_lost': False}

[Step 142] Action=[ 0.        -0.         1.         0.         0.4179573  0.7255024
  0.9999762] | Reward=-0.002 | Cum=+3.694 | Info={'shot_attempted': False, 'pass_attempted': False, 'goal_scored': False, 'goal_team': None, 'ball_out_by': None, 'has_ball': False, 'start_shot_bonus': False, 'start_pass_bonus': False, 'possession_lost': False}

[Step 143] Action=[ 0.         -0.          1.          0.          0.41854924  0.72570395
  0.9999764 ] | Reward=-0.003 | Cum=+3.691 | Info={'shot_attempted': False, 'pass_attempted': False, 'goal_scored': False, 'goal_team': None, 'ball_out_by': None, 'has_ball': False, 'start_shot_bonus': False, 'start_pass_bonus': False, 'possession_lost': False}

[Step 144] Action=[ 0.         -0.          1.          0.          0.4191444   0.72590625
  0.9999765 ] | Reward=-0.003 | Cum=+3.688 | Info={'shot_attempted': False, 'pass_attempted': False, 'goal_scored': False, 'goal_team': None, 'ball_out_by': None, 'has_ball': False, 'start_shot_bonus': False, 'start_pass_bonus': False, 'possession_lost': False}

[Step 145] Action=[ 0.        -0.         1.         0.         0.4197612  0.7261152
  0.9999767] | Reward=-0.003 | Cum=+3.685 | Info={'shot_attempted': False, 'pass_attempted': False, 'goal_scored': False, 'goal_team': None, 'ball_out_by': None, 'has_ball': False, 'start_shot_bonus': False, 'start_pass_bonus': False, 'possession_lost': False}

[Step 146] Action=[ 0.         -0.          1.          0.          0.42037687  0.7263237
  0.9999769 ] | Reward=-0.004 | Cum=+3.681 | Info={'shot_attempted': False, 'pass_attempted': False, 'goal_scored': False, 'goal_team': None, 'ball_out_by': None, 'has_ball': False, 'start_shot_bonus': False, 'start_pass_bonus': False, 'possession_lost': False}

[Step 147] Action=[ 0.         -0.          1.          0.          0.42099142  0.72653204
  0.999977  ] | Reward=-0.004 | Cum=+3.677 | Info={'shot_attempted': False, 'pass_attempted': False, 'goal_scored': False, 'goal_team': None, 'ball_out_by': None, 'has_ball': False, 'start_shot_bonus': False, 'start_pass_bonus': False, 'possession_lost': False}

[Step 148] Action=[ 0.         -0.          1.          0.          0.42160445  0.7267395
  0.9999772 ] | Reward=-0.004 | Cum=+3.673 | Info={'shot_attempted': False, 'pass_attempted': False, 'goal_scored': False, 'goal_team': None, 'ball_out_by': None, 'has_ball': False, 'start_shot_bonus': False, 'start_pass_bonus': False, 'possession_lost': False}

[Step 149] Action=[ 0.         -0.          1.          0.          0.4222161   0.72694683
  0.99997735] | Reward=-0.004 | Cum=+3.669 | Info={'shot_attempted': False, 'pass_attempted': False, 'goal_scored': False, 'goal_team': None, 'ball_out_by': None, 'has_ball': False, 'start_shot_bonus': False, 'start_pass_bonus': False, 'possession_lost': False}

[Step 150] Action=[ 0.         -0.          1.          0.          0.42282653  0.72715354
  0.99997747] | Reward=-0.004 | Cum=+3.665 | Info={'shot_attempted': False, 'pass_attempted': False, 'goal_scored': False, 'goal_team': None, 'ball_out_by': None, 'has_ball': False, 'start_shot_bonus': False, 'start_pass_bonus': False, 'possession_lost': False}

[Step 151] Action=[ 0.         -0.          1.          0.          0.42343575  0.72736
  0.99997765] | Reward=-0.004 | Cum=+3.661 | Info={'shot_attempted': False, 'pass_attempted': False, 'goal_scored': False, 'goal_team': None, 'ball_out_by': None, 'has_ball': False, 'start_shot_bonus': False, 'start_pass_bonus': False, 'possession_lost': False}

[Step 152] Action=[ 0.         -0.          1.          0.          0.42404345  0.7275659
  0.99997777] | Reward=-0.004 | Cum=+3.657 | Info={'shot_attempted': False, 'pass_attempted': False, 'goal_scored': False, 'goal_team': None, 'ball_out_by': None, 'has_ball': False, 'start_shot_bonus': False, 'start_pass_bonus': False, 'possession_lost': False}

[Step 153] Action=[ 0.         -0.          1.          0.          0.42465007  0.72777134
  0.99997795] | Reward=-0.004 | Cum=+3.652 | Info={'shot_attempted': False, 'pass_attempted': False, 'goal_scored': False, 'goal_team': None, 'ball_out_by': None, 'has_ball': False, 'start_shot_bonus': False, 'start_pass_bonus': False, 'possession_lost': False}

[Step 154] Action=[ 0.         -0.          1.          0.          0.42525524  0.7279764
  0.99997807] | Reward=-0.005 | Cum=+3.648 | Info={'shot_attempted': False, 'pass_attempted': False, 'goal_scored': False, 'goal_team': None, 'ball_out_by': None, 'has_ball': False, 'start_shot_bonus': False, 'start_pass_bonus': False, 'possession_lost': False}

[Step 155] Action=[ 0.         -0.          1.          0.          0.42585924  0.72818106
  0.99997824] | Reward=-0.005 | Cum=+3.643 | Info={'shot_attempted': False, 'pass_attempted': False, 'goal_scored': False, 'goal_team': None, 'ball_out_by': None, 'has_ball': False, 'start_shot_bonus': False, 'start_pass_bonus': False, 'possession_lost': False}

[Step 156] Action=[ 0.         -0.          1.          0.          0.42646196  0.7283853
  0.99997836] | Reward=-0.005 | Cum=+3.638 | Info={'shot_attempted': False, 'pass_attempted': False, 'goal_scored': False, 'goal_team': None, 'ball_out_by': None, 'has_ball': False, 'start_shot_bonus': False, 'start_pass_bonus': False, 'possession_lost': False}

[Step 157] Action=[ 0.         -0.          1.          0.          0.42706326  0.7285888
  0.99997854] | Reward=-0.005 | Cum=+3.634 | Info={'shot_attempted': False, 'pass_attempted': False, 'goal_scored': False, 'goal_team': None, 'ball_out_by': None, 'has_ball': False, 'start_shot_bonus': False, 'start_pass_bonus': False, 'possession_lost': False}

[Step 158] Action=[ 0.         -0.          1.          0.          0.4276635   0.72879225
  0.99997866] | Reward=-0.005 | Cum=+3.629 | Info={'shot_attempted': False, 'pass_attempted': False, 'goal_scored': False, 'goal_team': None, 'ball_out_by': None, 'has_ball': False, 'start_shot_bonus': False, 'start_pass_bonus': False, 'possession_lost': False}

[Step 159] Action=[ 0.         -0.          1.          0.          0.42826223  0.7289949
  0.99997884] | Reward=-0.005 | Cum=+3.624 | Info={'shot_attempted': False, 'pass_attempted': False, 'goal_scored': False, 'goal_team': None, 'ball_out_by': None, 'has_ball': False, 'start_shot_bonus': False, 'start_pass_bonus': False, 'possession_lost': False}

[Step 160] Action=[ 0.         -0.          1.          0.          0.42885968  0.72919726
  0.99997896] | Reward=-0.005 | Cum=+3.619 | Info={'shot_attempted': False, 'pass_attempted': False, 'goal_scored': False, 'goal_team': None, 'ball_out_by': None, 'has_ball': False, 'start_shot_bonus': False, 'start_pass_bonus': False, 'possession_lost': False}

[Step 161] Action=[ 0.         -0.          1.          0.          0.42945608  0.7293994
  0.99997914] | Reward=-0.005 | Cum=+3.614 | Info={'shot_attempted': False, 'pass_attempted': False, 'goal_scored': False, 'goal_team': None, 'ball_out_by': None, 'has_ball': False, 'start_shot_bonus': False, 'start_pass_bonus': False, 'possession_lost': False}

[Step 162] Action=[ 0.         -0.          1.          0.          0.43005106  0.72960085
  0.99997926] | Reward=-0.005 | Cum=+3.610 | Info={'shot_attempted': False, 'pass_attempted': False, 'goal_scored': False, 'goal_team': None, 'ball_out_by': None, 'has_ball': False, 'start_shot_bonus': False, 'start_pass_bonus': False, 'possession_lost': False}

[Step 163] Action=[ 0.         -0.          1.          0.          0.43064487  0.7298021
  0.9999794 ] | Reward=-0.005 | Cum=+3.605 | Info={'shot_attempted': False, 'pass_attempted': False, 'goal_scored': False, 'goal_team': None, 'ball_out_by': None, 'has_ball': False, 'start_shot_bonus': False, 'start_pass_bonus': False, 'possession_lost': False}

[Step 164] Action=[ 0.         -0.          1.          0.          0.4312374   0.7300028
  0.99997956] | Reward=-0.005 | Cum=+3.600 | Info={'shot_attempted': False, 'pass_attempted': False, 'goal_scored': False, 'goal_team': None, 'ball_out_by': None, 'has_ball': False, 'start_shot_bonus': False, 'start_pass_bonus': False, 'possession_lost': False}

[Step 165] Action=[ 0.        -0.         1.         0.         0.4318286  0.7302031
  0.9999797] | Reward=-0.005 | Cum=+3.595 | Info={'shot_attempted': False, 'pass_attempted': False, 'goal_scored': False, 'goal_team': None, 'ball_out_by': None, 'has_ball': False, 'start_shot_bonus': False, 'start_pass_bonus': False, 'possession_lost': False}

[Step 166] Action=[ 0.         -0.          1.          0.          0.43240863  0.73040247
  0.9999798 ] | Reward=-0.005 | Cum=+3.590 | Info={'shot_attempted': False, 'pass_attempted': False, 'goal_scored': False, 'goal_team': None, 'ball_out_by': None, 'has_ball': False, 'start_shot_bonus': False, 'start_pass_bonus': False, 'possession_lost': False}

[Step 167] Action=[ 0.         -0.          1.          0.          0.4329862   0.73060143
  0.9999799 ] | Reward=-0.005 | Cum=+3.585 | Info={'shot_attempted': False, 'pass_attempted': False, 'goal_scored': False, 'goal_team': None, 'ball_out_by': None, 'has_ball': False, 'start_shot_bonus': False, 'start_pass_bonus': False, 'possession_lost': False}

[Step 168] Action=[ 0.         -0.          1.          0.          0.43356252  0.7308002
  0.9999801 ] | Reward=-0.005 | Cum=+3.580 | Info={'shot_attempted': False, 'pass_attempted': False, 'goal_scored': False, 'goal_team': None, 'ball_out_by': None, 'has_ball': False, 'start_shot_bonus': False, 'start_pass_bonus': False, 'possession_lost': False}

[Step 169] Action=[ 0.        -0.         1.         0.         0.4341378  0.7309983
  0.9999802] | Reward=-0.005 | Cum=+3.575 | Info={'shot_attempted': False, 'pass_attempted': False, 'goal_scored': False, 'goal_team': None, 'ball_out_by': None, 'has_ball': False, 'start_shot_bonus': False, 'start_pass_bonus': False, 'possession_lost': False}

[Step 170] Action=[ 0.         -0.          1.          0.          0.43471137  0.7311957
  0.99998033] | Reward=-0.005 | Cum=+3.570 | Info={'shot_attempted': False, 'pass_attempted': False, 'goal_scored': False, 'goal_team': None, 'ball_out_by': None, 'has_ball': False, 'start_shot_bonus': False, 'start_pass_bonus': False, 'possession_lost': False}

[Step 171] Action=[ 0.         -0.          1.          0.          0.43528405  0.7313933
  0.99998045] | Reward=-0.005 | Cum=+3.565 | Info={'shot_attempted': False, 'pass_attempted': False, 'goal_scored': False, 'goal_team': None, 'ball_out_by': None, 'has_ball': False, 'start_shot_bonus': False, 'start_pass_bonus': False, 'possession_lost': False}

[Step 172] Action=[ 0.         -0.          1.          0.          0.4358557   0.7315902
  0.99998057] | Reward=-0.005 | Cum=+3.560 | Info={'shot_attempted': False, 'pass_attempted': False, 'goal_scored': False, 'goal_team': None, 'ball_out_by': None, 'has_ball': False, 'start_shot_bonus': False, 'start_pass_bonus': False, 'possession_lost': False}

[Step 173] Action=[ 0.         -0.          1.          0.          0.43642613  0.7317867
  0.99998075] | Reward=-0.005 | Cum=+3.555 | Info={'shot_attempted': False, 'pass_attempted': False, 'goal_scored': False, 'goal_team': None, 'ball_out_by': None, 'has_ball': False, 'start_shot_bonus': False, 'start_pass_bonus': False, 'possession_lost': False}

[Step 174] Action=[ 0.         -0.          1.          0.          0.43699485  0.7319826
  0.99998087] | Reward=-0.005 | Cum=+3.550 | Info={'shot_attempted': False, 'pass_attempted': False, 'goal_scored': False, 'goal_team': None, 'ball_out_by': None, 'has_ball': False, 'start_shot_bonus': False, 'start_pass_bonus': False, 'possession_lost': False}

[Step 175] Action=[ 0.         -0.          1.          0.          0.43756273  0.73217845
  0.999981  ] | Reward=-0.005 | Cum=+3.545 | Info={'shot_attempted': False, 'pass_attempted': False, 'goal_scored': False, 'goal_team': None, 'ball_out_by': None, 'has_ball': False, 'start_shot_bonus': False, 'start_pass_bonus': False, 'possession_lost': False}

[Step 176] Action=[ 0.        -0.         1.         0.         0.4381295  0.7323733
  0.9999811] | Reward=-0.005 | Cum=+3.540 | Info={'shot_attempted': False, 'pass_attempted': False, 'goal_scored': False, 'goal_team': None, 'ball_out_by': None, 'has_ball': False, 'start_shot_bonus': False, 'start_pass_bonus': False, 'possession_lost': False}

[Step 177] Action=[ 0.        -0.         1.         0.         0.438695   0.7325684
  0.9999812] | Reward=-0.005 | Cum=+3.535 | Info={'shot_attempted': False, 'pass_attempted': False, 'goal_scored': False, 'goal_team': None, 'ball_out_by': None, 'has_ball': False, 'start_shot_bonus': False, 'start_pass_bonus': False, 'possession_lost': False}

[Step 178] Action=[ 0.         -0.          1.          0.          0.43925905  0.7327627
  0.99998134] | Reward=-0.005 | Cum=+3.530 | Info={'shot_attempted': False, 'pass_attempted': False, 'goal_scored': False, 'goal_team': None, 'ball_out_by': None, 'has_ball': False, 'start_shot_bonus': False, 'start_pass_bonus': False, 'possession_lost': False}

[Step 179] Action=[ 0.         -0.          1.          0.          0.43982223  0.7329569
  0.99998146] | Reward=-0.005 | Cum=+3.525 | Info={'shot_attempted': False, 'pass_attempted': False, 'goal_scored': False, 'goal_team': None, 'ball_out_by': None, 'has_ball': False, 'start_shot_bonus': False, 'start_pass_bonus': False, 'possession_lost': False}

[Step 180] Action=[ 0.         -0.          1.          0.          0.44038418  0.7331502
  0.9999816 ] | Reward=-0.005 | Cum=+3.520 | Info={'shot_attempted': False, 'pass_attempted': False, 'goal_scored': False, 'goal_team': None, 'ball_out_by': None, 'has_ball': False, 'start_shot_bonus': False, 'start_pass_bonus': False, 'possession_lost': False}

[Step 181] Action=[ 0.         -0.          1.          0.          0.44094485  0.73334336
  0.9999817 ] | Reward=-0.005 | Cum=+3.515 | Info={'shot_attempted': False, 'pass_attempted': False, 'goal_scored': False, 'goal_team': None, 'ball_out_by': None, 'has_ball': False, 'start_shot_bonus': False, 'start_pass_bonus': False, 'possession_lost': False}

[Step 182] Action=[ 0.         -0.          1.          0.          0.44150454  0.7335362
  0.9999818 ] | Reward=-0.005 | Cum=+3.510 | Info={'shot_attempted': False, 'pass_attempted': False, 'goal_scored': False, 'goal_team': None, 'ball_out_by': None, 'has_ball': False, 'start_shot_bonus': False, 'start_pass_bonus': False, 'possession_lost': False}

[Step 183] Action=[ 0.         -0.          1.          0.          0.44206282  0.73372865
  0.99998194] | Reward=-0.005 | Cum=+3.506 | Info={'shot_attempted': False, 'pass_attempted': False, 'goal_scored': False, 'goal_team': None, 'ball_out_by': None, 'has_ball': False, 'start_shot_bonus': False, 'start_pass_bonus': False, 'possession_lost': False}

[Step 184] Action=[ 0.         -0.          1.          0.          0.4426197   0.7339204
  0.99998206] | Reward=-0.005 | Cum=+3.501 | Info={'shot_attempted': False, 'pass_attempted': False, 'goal_scored': False, 'goal_team': None, 'ball_out_by': None, 'has_ball': False, 'start_shot_bonus': False, 'start_pass_bonus': False, 'possession_lost': False}

[Step 185] Action=[ 0.         -0.          1.          0.          0.44317594  0.734112
  0.9999822 ] | Reward=-0.005 | Cum=+3.496 | Info={'shot_attempted': False, 'pass_attempted': False, 'goal_scored': False, 'goal_team': None, 'ball_out_by': None, 'has_ball': False, 'start_shot_bonus': False, 'start_pass_bonus': False, 'possession_lost': False}

[Step 186] Action=[ 0.        -0.         1.         0.         0.4437307  0.7343031
  0.9999823] | Reward=-0.005 | Cum=+3.491 | Info={'shot_attempted': False, 'pass_attempted': False, 'goal_scored': False, 'goal_team': None, 'ball_out_by': None, 'has_ball': False, 'start_shot_bonus': False, 'start_pass_bonus': False, 'possession_lost': False}

[Step 187] Action=[ 0.        -0.         1.         0.         0.4442843  0.734494
  0.9999824] | Reward=-0.005 | Cum=+3.486 | Info={'shot_attempted': False, 'pass_attempted': False, 'goal_scored': False, 'goal_team': None, 'ball_out_by': None, 'has_ball': False, 'start_shot_bonus': False, 'start_pass_bonus': False, 'possession_lost': False}

[Step 188] Action=[ 0.         -0.          1.          0.          0.44483683  0.7346841
  0.99998254] | Reward=-0.005 | Cum=+3.481 | Info={'shot_attempted': False, 'pass_attempted': False, 'goal_scored': False, 'goal_team': None, 'ball_out_by': None, 'has_ball': False, 'start_shot_bonus': False, 'start_pass_bonus': False, 'possession_lost': False}

[Step 189] Action=[ 0.         -0.          1.          0.          0.44538853  0.7348748
  0.99998266] | Reward=-0.005 | Cum=+3.476 | Info={'shot_attempted': False, 'pass_attempted': False, 'goal_scored': False, 'goal_team': None, 'ball_out_by': None, 'has_ball': False, 'start_shot_bonus': False, 'start_pass_bonus': False, 'possession_lost': False}

[Step 190] Action=[ 0.         -0.          1.          0.          0.44594142  0.73506695
  0.9999828 ] | Reward=-0.005 | Cum=+3.471 | Info={'shot_attempted': False, 'pass_attempted': False, 'goal_scored': False, 'goal_team': None, 'ball_out_by': None, 'has_ball': False, 'start_shot_bonus': False, 'start_pass_bonus': False, 'possession_lost': False}

[Step 191] Action=[ 0.        -0.         1.         0.         0.4464933  0.7352588
  0.9999829] | Reward=-0.005 | Cum=+3.466 | Info={'shot_attempted': False, 'pass_attempted': False, 'goal_scored': False, 'goal_team': None, 'ball_out_by': None, 'has_ball': False, 'start_shot_bonus': False, 'start_pass_bonus': False, 'possession_lost': False}

[Step 192] Action=[ 0.         -0.          1.          0.          0.44704378  0.7354504
  0.99998295] | Reward=-0.005 | Cum=+3.461 | Info={'shot_attempted': False, 'pass_attempted': False, 'goal_scored': False, 'goal_team': None, 'ball_out_by': None, 'has_ball': False, 'start_shot_bonus': False, 'start_pass_bonus': False, 'possession_lost': False}

[Step 193] Action=[ 0.         -0.          1.          0.          0.44759312  0.7356415
  0.9999831 ] | Reward=-0.005 | Cum=+3.456 | Info={'shot_attempted': False, 'pass_attempted': False, 'goal_scored': False, 'goal_team': None, 'ball_out_by': None, 'has_ball': False, 'start_shot_bonus': False, 'start_pass_bonus': False, 'possession_lost': False}

[Step 194] Action=[ 0.         -0.          1.          0.          0.44814143  0.7358323
  0.9999832 ] | Reward=-0.005 | Cum=+3.451 | Info={'shot_attempted': False, 'pass_attempted': False, 'goal_scored': False, 'goal_team': None, 'ball_out_by': None, 'has_ball': False, 'start_shot_bonus': False, 'start_pass_bonus': False, 'possession_lost': False}

[Step 195] Action=[ 0.         -0.          1.          0.          0.4486886   0.73602235
  0.9999833 ] | Reward=-0.005 | Cum=+3.446 | Info={'shot_attempted': False, 'pass_attempted': False, 'goal_scored': False, 'goal_team': None, 'ball_out_by': None, 'has_ball': False, 'start_shot_bonus': False, 'start_pass_bonus': False, 'possession_lost': False}

[Step 196] Action=[ 0.         -0.          1.          0.          0.44923458  0.73621243
  0.99998343] | Reward=-0.005 | Cum=+3.441 | Info={'shot_attempted': False, 'pass_attempted': False, 'goal_scored': False, 'goal_team': None, 'ball_out_by': None, 'has_ball': False, 'start_shot_bonus': False, 'start_pass_bonus': False, 'possession_lost': False}

[Step 197] Action=[ 0.         -0.          1.          0.          0.44977924  0.7364019
  0.9999835 ] | Reward=-0.005 | Cum=+3.436 | Info={'shot_attempted': False, 'pass_attempted': False, 'goal_scored': False, 'goal_team': None, 'ball_out_by': None, 'has_ball': False, 'start_shot_bonus': False, 'start_pass_bonus': False, 'possession_lost': False}

[Step 198] Action=[ 0.         -0.          1.          0.          0.45032275  0.736591
  0.9999836 ] | Reward=-0.005 | Cum=+3.431 | Info={'shot_attempted': False, 'pass_attempted': False, 'goal_scored': False, 'goal_team': None, 'ball_out_by': None, 'has_ball': False, 'start_shot_bonus': False, 'start_pass_bonus': False, 'possession_lost': False}

[Step 199] Action=[ 0.         -0.          1.          0.          0.4508653   0.73677975
  0.9999837 ] | Reward=-0.005 | Cum=+3.426 | Info={'shot_attempted': False, 'pass_attempted': False, 'goal_scored': False, 'goal_team': None, 'ball_out_by': None, 'has_ball': False, 'start_shot_bonus': False, 'start_pass_bonus': False, 'possession_lost': False}

[Step 200] Action=[ 0.         -0.          1.          0.          0.45140666  0.7369681
  0.99998385] | Reward=-0.005 | Cum=+3.421 | Info={'shot_attempted': False, 'pass_attempted': False, 'goal_scored': False, 'goal_team': None, 'ball_out_by': None, 'has_ball': False, 'start_shot_bonus': False, 'start_pass_bonus': False, 'possession_lost': False}

[Step 201] Action=[ 0.         -0.          1.          0.          0.45194662  0.7371558
  0.9999839 ] | Reward=-0.005 | Cum=+3.416 | Info={'shot_attempted': False, 'pass_attempted': False, 'goal_scored': False, 'goal_team': None, 'ball_out_by': None, 'has_ball': False, 'start_shot_bonus': False, 'start_pass_bonus': False, 'possession_lost': False}

[Step 202] Action=[ 0.         -0.          1.          0.          0.4524859   0.73734343
  0.999984  ] | Reward=-0.005 | Cum=+3.411 | Info={'shot_attempted': False, 'pass_attempted': False, 'goal_scored': False, 'goal_team': None, 'ball_out_by': None, 'has_ball': False, 'start_shot_bonus': False, 'start_pass_bonus': False, 'possession_lost': False}

[Step 203] Action=[ 0.         -0.          1.          0.          0.45302376  0.7375304
  0.99998415] | Reward=-0.005 | Cum=+3.406 | Info={'shot_attempted': False, 'pass_attempted': False, 'goal_scored': False, 'goal_team': None, 'ball_out_by': None, 'has_ball': False, 'start_shot_bonus': False, 'start_pass_bonus': False, 'possession_lost': False}

[Step 204] Action=[ 0.         -0.          1.          0.          0.45356056  0.7377174
  0.99998426] | Reward=-0.005 | Cum=+3.401 | Info={'shot_attempted': False, 'pass_attempted': False, 'goal_scored': False, 'goal_team': None, 'ball_out_by': None, 'has_ball': False, 'start_shot_bonus': False, 'start_pass_bonus': False, 'possession_lost': False}

[Step 205] Action=[ 0.         -0.          1.          0.          0.45409617  0.7379036
  0.9999843 ] | Reward=-0.005 | Cum=+3.396 | Info={'shot_attempted': False, 'pass_attempted': False, 'goal_scored': False, 'goal_team': None, 'ball_out_by': None, 'has_ball': False, 'start_shot_bonus': False, 'start_pass_bonus': False, 'possession_lost': False}

[Step 206] Action=[ 0.         -0.          1.          0.          0.4546245   0.73808855
  0.99998444] | Reward=-0.005 | Cum=+3.391 | Info={'shot_attempted': False, 'pass_attempted': False, 'goal_scored': False, 'goal_team': None, 'ball_out_by': None, 'has_ball': False, 'start_shot_bonus': False, 'start_pass_bonus': False, 'possession_lost': False}

[Step 207] Action=[ 0.         -0.          1.          0.          0.45512795  0.73826957
  0.99998456] | Reward=-0.005 | Cum=+3.386 | Info={'shot_attempted': False, 'pass_attempted': False, 'goal_scored': False, 'goal_team': None, 'ball_out_by': None, 'has_ball': False, 'start_shot_bonus': False, 'start_pass_bonus': False, 'possession_lost': False}

[Step 208] Action=[ 0.        -0.         1.         0.         0.4556306  0.7384501
  0.9999846] | Reward=-0.605 | Cum=+2.781 | Info={'shot_attempted': False, 'pass_attempted': False, 'goal_scored': False, 'goal_team': None, 'ball_out_by': None, 'has_ball': False, 'start_shot_bonus': False, 'start_pass_bonus': False, 'possession_lost': True}

[Step 209] Action=[ 0.         -0.          1.          0.          0.30446142  0.72186565
  0.99998254] | Reward=-0.605 | Cum=+2.176 | Info={'shot_attempted': False, 'pass_attempted': False, 'goal_scored': False, 'goal_team': None, 'ball_out_by': None, 'has_ball': False, 'start_shot_bonus': False, 'start_pass_bonus': False, 'possession_lost': True}

[Step 210] Action=[ 0.         -0.          1.          0.          0.30471426  0.7219317
  0.9999826 ] | Reward=-0.605 | Cum=+1.571 | Info={'shot_attempted': False, 'pass_attempted': False, 'goal_scored': False, 'goal_team': None, 'ball_out_by': None, 'has_ball': False, 'start_shot_bonus': False, 'start_pass_bonus': False, 'possession_lost': True}

[Step 211] Action=[ 0.        -0.         1.         0.         0.3049646  0.7219967
  0.9999826] | Reward=-0.605 | Cum=+0.966 | Info={'shot_attempted': False, 'pass_attempted': False, 'goal_scored': False, 'goal_team': None, 'ball_out_by': None, 'has_ball': False, 'start_shot_bonus': False, 'start_pass_bonus': False, 'possession_lost': True}

[Step 212] Action=[ 0.         -0.          1.          0.          0.30521494  0.72206175
  0.99998266] | Reward=-0.605 | Cum=+0.361 | Info={'shot_attempted': False, 'pass_attempted': False, 'goal_scored': False, 'goal_team': None, 'ball_out_by': None, 'has_ball': False, 'start_shot_bonus': False, 'start_pass_bonus': False, 'possession_lost': True}

[Step 213] Action=[ 0.         -0.          1.          0.          0.30546534  0.7221268
  0.9999827 ] | Reward=-0.605 | Cum=-0.244 | Info={'shot_attempted': False, 'pass_attempted': False, 'goal_scored': False, 'goal_team': None, 'ball_out_by': None, 'has_ball': False, 'start_shot_bonus': False, 'start_pass_bonus': False, 'possession_lost': True}

[Step 214] Action=[ 0.         -0.          1.          0.          0.30571553  0.7221917
  0.9999827 ] | Reward=-0.605 | Cum=-0.849 | Info={'shot_attempted': False, 'pass_attempted': False, 'goal_scored': False, 'goal_team': None, 'ball_out_by': None, 'has_ball': False, 'start_shot_bonus': False, 'start_pass_bonus': False, 'possession_lost': True}

[Step 215] Action=[ 0.         -0.          1.          0.          0.30596596  0.72225666
  0.9999828 ] | Reward=-0.605 | Cum=-1.454 | Info={'shot_attempted': False, 'pass_attempted': False, 'goal_scored': False, 'goal_team': None, 'ball_out_by': None, 'has_ball': False, 'start_shot_bonus': False, 'start_pass_bonus': False, 'possession_lost': True}

[Step 216] Action=[ 0.         -0.          1.          0.          0.3062159   0.7223215
  0.99998283] | Reward=-0.605 | Cum=-2.059 | Info={'shot_attempted': False, 'pass_attempted': False, 'goal_scored': False, 'goal_team': None, 'ball_out_by': None, 'has_ball': False, 'start_shot_bonus': False, 'start_pass_bonus': False, 'possession_lost': True}

[Step 217] Action=[ 0.         -0.          1.          0.          0.30646604  0.72238654
  0.99998283] | Reward=-0.605 | Cum=-2.664 | Info={'shot_attempted': False, 'pass_attempted': False, 'goal_scored': False, 'goal_team': None, 'ball_out_by': None, 'has_ball': False, 'start_shot_bonus': False, 'start_pass_bonus': False, 'possession_lost': True}

[Step 218] Action=[ 0.        -0.         1.         0.         0.3067161  0.7224513
  0.9999829] | Reward=-0.605 | Cum=-3.269 | Info={'shot_attempted': False, 'pass_attempted': False, 'goal_scored': False, 'goal_team': None, 'ball_out_by': None, 'has_ball': False, 'start_shot_bonus': False, 'start_pass_bonus': False, 'possession_lost': True}

[Step 219] Action=[ 0.         -0.          1.          0.          0.30696622  0.7225163
  0.99998295] | Reward=-0.605 | Cum=-3.874 | Info={'shot_attempted': False, 'pass_attempted': False, 'goal_scored': False, 'goal_team': None, 'ball_out_by': None, 'has_ball': False, 'start_shot_bonus': False, 'start_pass_bonus': False, 'possession_lost': True}

[Step 220] Action=[ 0.         -0.          1.          0.          0.30721593  0.7225811
  0.99998295] | Reward=-0.605 | Cum=-4.479 | Info={'shot_attempted': False, 'pass_attempted': False, 'goal_scored': False, 'goal_team': None, 'ball_out_by': None, 'has_ball': False, 'start_shot_bonus': False, 'start_pass_bonus': False, 'possession_lost': True}

[Step 221] Action=[ 0.         -0.          1.          0.          0.30746585  0.722646
  0.999983  ] | Reward=-0.605 | Cum=-5.084 | Info={'shot_attempted': False, 'pass_attempted': False, 'goal_scored': False, 'goal_team': None, 'ball_out_by': None, 'has_ball': False, 'start_shot_bonus': False, 'start_pass_bonus': False, 'possession_lost': True}

[Step 222] Action=[ 0.         -0.          1.          0.          0.30771545  0.72271067
  0.9999831 ] | Reward=-0.605 | Cum=-5.689 | Info={'shot_attempted': False, 'pass_attempted': False, 'goal_scored': False, 'goal_team': None, 'ball_out_by': None, 'has_ball': False, 'start_shot_bonus': False, 'start_pass_bonus': False, 'possession_lost': True}

[Step 223] Action=[ 0.         -0.          1.          0.          0.3079654   0.72277564
  0.9999831 ] | Reward=-0.605 | Cum=-6.294 | Info={'shot_attempted': False, 'pass_attempted': False, 'goal_scored': False, 'goal_team': None, 'ball_out_by': None, 'has_ball': False, 'start_shot_bonus': False, 'start_pass_bonus': False, 'possession_lost': True}

[Step 224] Action=[ 0.         -0.          1.          0.          0.30821508  0.7228404
  0.99998313] | Reward=-0.605 | Cum=-6.899 | Info={'shot_attempted': False, 'pass_attempted': False, 'goal_scored': False, 'goal_team': None, 'ball_out_by': None, 'has_ball': False, 'start_shot_bonus': False, 'start_pass_bonus': False, 'possession_lost': True}

[Step 225] Action=[ 0.         -0.          1.          0.          0.30846465  0.7229052
  0.99998313] | Reward=-0.605 | Cum=-7.504 | Info={'shot_attempted': False, 'pass_attempted': False, 'goal_scored': False, 'goal_team': None, 'ball_out_by': None, 'has_ball': False, 'start_shot_bonus': False, 'start_pass_bonus': False, 'possession_lost': True}

[Step 226] Action=[ 0.         -0.          1.          0.          0.30871418  0.7229697
  0.9999832 ] | Reward=-0.605 | Cum=-8.109 | Info={'shot_attempted': False, 'pass_attempted': False, 'goal_scored': False, 'goal_team': None, 'ball_out_by': None, 'has_ball': False, 'start_shot_bonus': False, 'start_pass_bonus': False, 'possession_lost': True}

[Step 227] Action=[ 0.         -0.          1.          0.          0.30896372  0.72303456
  0.99998325] | Reward=-0.605 | Cum=-8.714 | Info={'shot_attempted': False, 'pass_attempted': False, 'goal_scored': False, 'goal_team': None, 'ball_out_by': None, 'has_ball': False, 'start_shot_bonus': False, 'start_pass_bonus': False, 'possession_lost': True}

[Step 228] Action=[ 0.         -0.          1.          0.          0.30921304  0.7230992
  0.99998325] | Reward=-0.605 | Cum=-9.319 | Info={'shot_attempted': False, 'pass_attempted': False, 'goal_scored': False, 'goal_team': None, 'ball_out_by': None, 'has_ball': False, 'start_shot_bonus': False, 'start_pass_bonus': False, 'possession_lost': True}

[Step 229] Action=[ 0.         -0.          1.          0.          0.3094624   0.72316384
  0.9999833 ] | Reward=-0.605 | Cum=-9.924 | Info={'shot_attempted': False, 'pass_attempted': False, 'goal_scored': False, 'goal_team': None, 'ball_out_by': None, 'has_ball': False, 'start_shot_bonus': False, 'start_pass_bonus': False, 'possession_lost': True}

[Step 230] Action=[ 0.         -0.          1.          0.          0.30971175  0.72322834
  0.9999834 ] | Reward=-0.605 | Cum=-10.529 | Info={'shot_attempted': False, 'pass_attempted': False, 'goal_scored': False, 'goal_team': None, 'ball_out_by': None, 'has_ball': False, 'start_shot_bonus': False, 'start_pass_bonus': False, 'possession_lost': True}

[Step 231] Action=[ 0.         -0.          1.          0.          0.3099609   0.72329307
  0.9999834 ] | Reward=-0.605 | Cum=-11.134 | Info={'shot_attempted': False, 'pass_attempted': False, 'goal_scored': False, 'goal_team': None, 'ball_out_by': None, 'has_ball': False, 'start_shot_bonus': False, 'start_pass_bonus': False, 'possession_lost': True}

[Step 232] Action=[ 0.         -0.          1.          0.          0.3102099   0.7233575
  0.99998343] | Reward=-0.605 | Cum=-11.739 | Info={'shot_attempted': False, 'pass_attempted': False, 'goal_scored': False, 'goal_team': None, 'ball_out_by': None, 'has_ball': False, 'start_shot_bonus': False, 'start_pass_bonus': False, 'possession_lost': True}

[Step 233] Action=[ 0.         -0.          1.          0.          0.31045198  0.7234192
  0.9999835 ] | Reward=-0.605 | Cum=-12.344 | Info={'shot_attempted': False, 'pass_attempted': False, 'goal_scored': False, 'goal_team': None, 'ball_out_by': None, 'has_ball': False, 'start_shot_bonus': False, 'start_pass_bonus': False, 'possession_lost': True}

[Step 234] Action=[ 0.         -0.          1.          0.          0.31068668  0.7234777
  0.9999835 ] | Reward=-0.605 | Cum=-12.949 | Info={'shot_attempted': False, 'pass_attempted': False, 'goal_scored': False, 'goal_team': None, 'ball_out_by': None, 'has_ball': False, 'start_shot_bonus': False, 'start_pass_bonus': False, 'possession_lost': True}

[Step 235] Action=[ 0.         -0.          1.          0.          0.31092167  0.7235362
  0.99998355] | Reward=-0.605 | Cum=-13.554 | Info={'shot_attempted': False, 'pass_attempted': False, 'goal_scored': False, 'goal_team': None, 'ball_out_by': None, 'has_ball': False, 'start_shot_bonus': False, 'start_pass_bonus': False, 'possession_lost': True}

[Step 236] Action=[ 0.         -0.          1.          0.          0.31115663  0.7235944
  0.99998355] | Reward=-0.605 | Cum=-14.159 | Info={'shot_attempted': False, 'pass_attempted': False, 'goal_scored': False, 'goal_team': None, 'ball_out_by': None, 'has_ball': False, 'start_shot_bonus': False, 'start_pass_bonus': False, 'possession_lost': True}

[Step 237] Action=[ 0.         -0.          1.          0.          0.31139132  0.72365296
  0.9999836 ] | Reward=-0.605 | Cum=-14.764 | Info={'shot_attempted': False, 'pass_attempted': False, 'goal_scored': False, 'goal_team': None, 'ball_out_by': None, 'has_ball': False, 'start_shot_bonus': False, 'start_pass_bonus': False, 'possession_lost': True}

[Step 238] Action=[ 0.         -0.          1.          0.          0.31162614  0.72371143
  0.99998367] | Reward=-0.605 | Cum=-15.369 | Info={'shot_attempted': False, 'pass_attempted': False, 'goal_scored': False, 'goal_team': None, 'ball_out_by': None, 'has_ball': False, 'start_shot_bonus': False, 'start_pass_bonus': False, 'possession_lost': True}

[Step 239] Action=[ 0.         -0.          1.          0.          0.3118606   0.7237699
  0.99998367] | Reward=-0.605 | Cum=-15.974 | Info={'shot_attempted': False, 'pass_attempted': False, 'goal_scored': False, 'goal_team': None, 'ball_out_by': None, 'has_ball': False, 'start_shot_bonus': False, 'start_pass_bonus': False, 'possession_lost': True}

[Step 240] Action=[ 0.         -0.          1.          0.          0.31209517  0.7238283
  0.9999837 ] | Reward=-0.605 | Cum=-16.579 | Info={'shot_attempted': False, 'pass_attempted': False, 'goal_scored': False, 'goal_team': None, 'ball_out_by': None, 'has_ball': False, 'start_shot_bonus': False, 'start_pass_bonus': False, 'possession_lost': True}

[Step 241] Action=[ 0.         -0.          1.          0.          0.31232995  0.723887
  0.9999837 ] | Reward=-0.605 | Cum=-17.184 | Info={'shot_attempted': False, 'pass_attempted': False, 'goal_scored': False, 'goal_team': None, 'ball_out_by': None, 'has_ball': False, 'start_shot_bonus': False, 'start_pass_bonus': False, 'possession_lost': True}

[Step 242] Action=[ 0.         -0.          1.          0.          0.31256434  0.7239452
  0.9999838 ] | Reward=-0.605 | Cum=-17.789 | Info={'shot_attempted': False, 'pass_attempted': False, 'goal_scored': False, 'goal_team': None, 'ball_out_by': None, 'has_ball': False, 'start_shot_bonus': False, 'start_pass_bonus': False, 'possession_lost': True}

[Step 243] Action=[ 0.        -0.         1.         0.         0.3127987  0.7240033
  0.9999838] | Reward=-0.605 | Cum=-18.394 | Info={'shot_attempted': False, 'pass_attempted': False, 'goal_scored': False, 'goal_team': None, 'ball_out_by': None, 'has_ball': False, 'start_shot_bonus': False, 'start_pass_bonus': False, 'possession_lost': True}

[Step 244] Action=[ 0.         -0.          1.          0.          0.3130334   0.7240619
  0.99998385] | Reward=-0.605 | Cum=-18.999 | Info={'shot_attempted': False, 'pass_attempted': False, 'goal_scored': False, 'goal_team': None, 'ball_out_by': None, 'has_ball': False, 'start_shot_bonus': False, 'start_pass_bonus': False, 'possession_lost': True}

[Step 245] Action=[ 0.        -0.         1.         0.         0.3132674  0.72412
  0.9999839] | Reward=-0.605 | Cum=-19.604 | Info={'shot_attempted': False, 'pass_attempted': False, 'goal_scored': False, 'goal_team': None, 'ball_out_by': None, 'has_ball': False, 'start_shot_bonus': False, 'start_pass_bonus': False, 'possession_lost': True}

[Step 246] Action=[ 0.         -0.          1.          0.          0.31350166  0.7241783
  0.9999839 ] | Reward=-0.605 | Cum=-20.209 | Info={'shot_attempted': False, 'pass_attempted': False, 'goal_scored': False, 'goal_team': None, 'ball_out_by': None, 'has_ball': False, 'start_shot_bonus': False, 'start_pass_bonus': False, 'possession_lost': True}

[Step 247] Action=[ 0.         -0.          1.          0.          0.31373602  0.7242366
  0.99998397] | Reward=-0.605 | Cum=-20.814 | Info={'shot_attempted': False, 'pass_attempted': False, 'goal_scored': False, 'goal_team': None, 'ball_out_by': None, 'has_ball': False, 'start_shot_bonus': False, 'start_pass_bonus': False, 'possession_lost': True}

[Step 248] Action=[ 0.         -0.          1.          0.          0.3139701   0.72429615
  0.99998397] | Reward=-0.605 | Cum=-21.419 | Info={'shot_attempted': False, 'pass_attempted': False, 'goal_scored': False, 'goal_team': None, 'ball_out_by': None, 'has_ball': False, 'start_shot_bonus': False, 'start_pass_bonus': False, 'possession_lost': True}

[Step 249] Action=[ 0.         -0.          1.          0.          0.31420416  0.72435963
  0.999984  ] | Reward=-0.605 | Cum=-22.024 | Info={'shot_attempted': False, 'pass_attempted': False, 'goal_scored': False, 'goal_team': None, 'ball_out_by': None, 'has_ball': False, 'start_shot_bonus': False, 'start_pass_bonus': False, 'possession_lost': True}

[Step 250] Action=[ 0.        -0.         1.         0.         0.3144379  0.7244228
  0.9999841] | Reward=-0.605 | Cum=-22.629 | Info={'shot_attempted': False, 'pass_attempted': False, 'goal_scored': False, 'goal_team': None, 'ball_out_by': None, 'has_ball': False, 'start_shot_bonus': False, 'start_pass_bonus': False, 'possession_lost': True}

[Step 251] Action=[ 0.         -0.          1.          0.          0.31467187  0.72448605
  0.9999841 ] | Reward=-0.605 | Cum=-23.234 | Info={'shot_attempted': False, 'pass_attempted': False, 'goal_scored': False, 'goal_team': None, 'ball_out_by': None, 'has_ball': False, 'start_shot_bonus': False, 'start_pass_bonus': False, 'possession_lost': True}

[Step 252] Action=[ 0.         -0.          1.          0.          0.31490558  0.7245493
  0.99998415] | Reward=-0.605 | Cum=-23.839 | Info={'shot_attempted': False, 'pass_attempted': False, 'goal_scored': False, 'goal_team': None, 'ball_out_by': None, 'has_ball': False, 'start_shot_bonus': False, 'start_pass_bonus': False, 'possession_lost': True}

[Step 253] Action=[ 0.         -0.          1.          0.          0.31513944  0.72461253
  0.99998415] | Reward=-0.605 | Cum=-24.444 | Info={'shot_attempted': False, 'pass_attempted': False, 'goal_scored': False, 'goal_team': None, 'ball_out_by': None, 'has_ball': False, 'start_shot_bonus': False, 'start_pass_bonus': False, 'possession_lost': True}

[Step 254] Action=[ 0.         -0.          1.          0.          0.31537297  0.72467566
  0.9999842 ] | Reward=-0.605 | Cum=-25.049 | Info={'shot_attempted': False, 'pass_attempted': False, 'goal_scored': False, 'goal_team': None, 'ball_out_by': None, 'has_ball': False, 'start_shot_bonus': False, 'start_pass_bonus': False, 'possession_lost': True}

[Step 255] Action=[ 0.         -0.          1.          0.          0.31560686  0.7247389
  0.9999842 ] | Reward=-0.601 | Cum=-25.650 | Info={'shot_attempted': False, 'pass_attempted': False, 'goal_scored': False, 'goal_team': None, 'ball_out_by': 'att_1', 'has_ball': False, 'start_shot_bonus': False, 'start_pass_bonus': False, 'possession_lost': True}

