Debug log for att_1 (Episode 1200)
================================================================================
[Step 1] Action=[ 0.99999976  0.9511525   1.          0.          1.          0.99994123
 -0.7123718 ] | Reward=+1.038 | Cum=+1.038 | Info={'shot_attempted': False, 'pass_attempted': True, 'pass_quality': 0.4996548740712946, 'pass_power': 9.749999999999998, 'pass_direction': [-0.011140937177949782, -0.9999379378335422], 'invalid_pass_direction': True, 'start_pass_bonus': True, 'pass_to': 'att_2', 'pass_direction_raw': [0.7923366178722804, -0.6100825222719249], 'goal_scored': False, 'goal_team': None, 'ball_out_by': None, 'has_ball': False, 'start_shot_bonus': False, 'possession_lost': False}

[Step 2] Action=[ 1.         0.992111   1.         0.         1.         0.9999997
 -0.8831109] | Reward=+0.030 | Cum=+1.069 | Info={'shot_attempted': False, 'pass_attempted': False, 'goal_scored': False, 'goal_team': None, 'ball_out_by': None, 'has_ball': False, 'start_shot_bonus': False, 'start_pass_bonus': False, 'possession_lost': False}

[Step 3] Action=[ 1.         0.9921166  1.         0.         1.         0.9999997
 -0.8831514] | Reward=+0.024 | Cum=+1.092 | Info={'shot_attempted': False, 'pass_attempted': False, 'goal_scored': False, 'goal_team': None, 'ball_out_by': None, 'has_ball': False, 'start_shot_bonus': False, 'start_pass_bonus': False, 'possession_lost': False}

[Step 4] Action=[ 1.          0.9921222   1.          0.          1.          0.9999997
 -0.88319176] | Reward=+0.019 | Cum=+1.111 | Info={'shot_attempted': False, 'pass_attempted': False, 'goal_scored': False, 'goal_team': None, 'ball_out_by': None, 'has_ball': False, 'start_shot_bonus': False, 'start_pass_bonus': False, 'possession_lost': False}

[Step 5] Action=[ 1.         0.9921278  1.         0.         1.         0.9999997
 -0.8832323] | Reward=+0.014 | Cum=+1.125 | Info={'shot_attempted': False, 'pass_attempted': False, 'goal_scored': False, 'goal_team': None, 'ball_out_by': None, 'has_ball': False, 'start_shot_bonus': False, 'start_pass_bonus': False, 'possession_lost': False}

[Step 6] Action=[ 1.          0.9921333   1.          0.          1.          0.9999997
 -0.88327265] | Reward=+0.011 | Cum=+1.137 | Info={'shot_attempted': False, 'pass_attempted': False, 'goal_scored': False, 'goal_team': None, 'ball_out_by': None, 'has_ball': False, 'start_shot_bonus': False, 'start_pass_bonus': False, 'possession_lost': False}

[Step 7] Action=[ 1.          0.9921389   1.          0.          1.          0.9999997
 -0.88331306] | Reward=+0.009 | Cum=+1.146 | Info={'shot_attempted': False, 'pass_attempted': False, 'goal_scored': False, 'goal_team': None, 'ball_out_by': None, 'has_ball': False, 'start_shot_bonus': False, 'start_pass_bonus': False, 'possession_lost': False}

[Step 8] Action=[ 1.         0.9921445  1.         0.         1.         0.9999997
 -0.8833537] | Reward=+0.007 | Cum=+1.153 | Info={'shot_attempted': False, 'pass_attempted': False, 'goal_scored': False, 'goal_team': None, 'ball_out_by': None, 'has_ball': False, 'start_shot_bonus': False, 'start_pass_bonus': False, 'possession_lost': False}

[Step 9] Action=[ 1.          0.9921501   1.          0.          1.          0.9999997
 -0.88339424] | Reward=+0.006 | Cum=+1.159 | Info={'shot_attempted': False, 'pass_attempted': False, 'goal_scored': False, 'goal_team': None, 'ball_out_by': None, 'has_ball': False, 'start_shot_bonus': False, 'start_pass_bonus': False, 'possession_lost': False}

[Step 10] Action=[ 1.          0.99215573  1.          0.          1.          0.9999997
 -0.8834349 ] | Reward=+0.005 | Cum=+1.164 | Info={'shot_attempted': False, 'pass_attempted': False, 'goal_scored': False, 'goal_team': None, 'ball_out_by': None, 'has_ball': False, 'start_shot_bonus': False, 'start_pass_bonus': False, 'possession_lost': False}

[Step 11] Action=[ 1.         0.9921614  1.         0.         1.         0.9999997
 -0.8834756] | Reward=+0.004 | Cum=+1.167 | Info={'shot_attempted': False, 'pass_attempted': False, 'goal_scored': False, 'goal_team': None, 'ball_out_by': None, 'has_ball': False, 'start_shot_bonus': False, 'start_pass_bonus': False, 'possession_lost': False}

[Step 12] Action=[ 1.         0.9921673  1.         0.         1.         0.9999997
 -0.8835179] | Reward=+0.003 | Cum=+1.170 | Info={'shot_attempted': False, 'pass_attempted': False, 'goal_scored': False, 'goal_team': None, 'ball_out_by': None, 'has_ball': False, 'start_shot_bonus': False, 'start_pass_bonus': False, 'possession_lost': False}

[Step 13] Action=[ 1.         0.9921732  1.         0.         1.         0.9999997
 -0.8835601] | Reward=+0.003 | Cum=+1.173 | Info={'shot_attempted': False, 'pass_attempted': False, 'goal_scored': False, 'goal_team': None, 'ball_out_by': None, 'has_ball': False, 'start_shot_bonus': False, 'start_pass_bonus': False, 'possession_lost': False}

[Step 14] Action=[ 1.          0.99217904  1.          0.          1.          0.9999997
 -0.88360244] | Reward=+0.002 | Cum=+1.176 | Info={'shot_attempted': False, 'pass_attempted': False, 'goal_scored': False, 'goal_team': None, 'ball_out_by': None, 'has_ball': False, 'start_shot_bonus': False, 'start_pass_bonus': False, 'possession_lost': False}

[Step 15] Action=[ 1.         0.9921852  1.         0.         1.         0.9999997
 -0.8836468] | Reward=+0.002 | Cum=+1.178 | Info={'shot_attempted': False, 'pass_attempted': False, 'goal_scored': False, 'goal_team': None, 'ball_out_by': None, 'has_ball': False, 'start_shot_bonus': False, 'start_pass_bonus': False, 'possession_lost': False}

[Step 16] Action=[ 1.         0.9921915  1.         0.         1.         0.9999997
 -0.8836923] | Reward=+0.002 | Cum=+1.179 | Info={'shot_attempted': False, 'pass_attempted': False, 'goal_scored': False, 'goal_team': None, 'ball_out_by': None, 'has_ball': False, 'start_shot_bonus': False, 'start_pass_bonus': False, 'possession_lost': False}

[Step 17] Action=[ 1.          0.99219775  1.          0.          1.          0.9999997
 -0.8837377 ] | Reward=+0.001 | Cum=+1.181 | Info={'shot_attempted': False, 'pass_attempted': False, 'goal_scored': False, 'goal_team': None, 'ball_out_by': None, 'has_ball': False, 'start_shot_bonus': False, 'start_pass_bonus': False, 'possession_lost': False}

[Step 18] Action=[ 1.          0.992204    1.          0.          1.          0.9999997
 -0.88378304] | Reward=+0.001 | Cum=+1.182 | Info={'shot_attempted': False, 'pass_attempted': False, 'goal_scored': False, 'goal_team': None, 'ball_out_by': None, 'has_ball': False, 'start_shot_bonus': False, 'start_pass_bonus': False, 'possession_lost': False}

[Step 19] Action=[ 1.          0.99221027  1.          0.          1.          0.9999997
 -0.88382846] | Reward=+0.002 | Cum=+1.184 | Info={'shot_attempted': False, 'pass_attempted': False, 'goal_scored': False, 'goal_team': None, 'ball_out_by': None, 'has_ball': False, 'start_shot_bonus': False, 'start_pass_bonus': False, 'possession_lost': False}

[Step 20] Action=[ 1.         0.9922166  1.         0.         1.         0.9999997
 -0.8838737] | Reward=+0.002 | Cum=+1.186 | Info={'shot_attempted': False, 'pass_attempted': False, 'goal_scored': False, 'goal_team': None, 'ball_out_by': None, 'has_ball': False, 'start_shot_bonus': False, 'start_pass_bonus': False, 'possession_lost': False}

[Step 21] Action=[ 1.          0.99222285  1.          0.          1.          0.9999997
 -0.8839193 ] | Reward=+0.002 | Cum=+1.187 | Info={'shot_attempted': False, 'pass_attempted': False, 'goal_scored': False, 'goal_team': None, 'ball_out_by': None, 'has_ball': False, 'start_shot_bonus': False, 'start_pass_bonus': False, 'possession_lost': False}

[Step 22] Action=[ 1.          0.9922291   1.          0.          1.          0.9999997
 -0.88396484] | Reward=+0.002 | Cum=+1.189 | Info={'shot_attempted': False, 'pass_attempted': False, 'goal_scored': False, 'goal_team': None, 'ball_out_by': None, 'has_ball': False, 'start_shot_bonus': False, 'start_pass_bonus': False, 'possession_lost': False}

[Step 23] Action=[ 1.         0.9922354  1.         0.         1.         0.9999997
 -0.8840104] | Reward=+1.501 | Cum=+2.690 | Info={'shot_attempted': False, 'pass_attempted': False, 'pass_completed': True, 'pass_to': 'att_2', 'pass_from': 'att_1', 'goal_scored': False, 'goal_team': None, 'ball_out_by': None, 'has_ball': False, 'start_shot_bonus': False, 'start_pass_bonus': False, 'possession_lost': False}

[Step 24] Action=[ 1.          0.98522556  1.          0.          1.          0.9999983
 -0.8370945 ] | Reward=-0.005 | Cum=+2.685 | Info={'shot_attempted': False, 'pass_attempted': False, 'goal_scored': False, 'goal_team': None, 'ball_out_by': None, 'has_ball': False, 'start_shot_bonus': False, 'start_pass_bonus': False, 'possession_lost': False}

[Step 25] Action=[ 0.         0.         1.         0.         1.         0.9999231
 -0.7082736] | Reward=-0.005 | Cum=+2.680 | Info={'shot_attempted': False, 'pass_attempted': False, 'goal_scored': False, 'goal_team': None, 'ball_out_by': None, 'has_ball': False, 'start_shot_bonus': False, 'start_pass_bonus': False, 'possession_lost': False}

[Step 26] Action=[ 0.         0.         1.         0.         1.         0.9999234
 -0.7084049] | Reward=-0.005 | Cum=+2.676 | Info={'shot_attempted': False, 'pass_attempted': False, 'goal_scored': False, 'goal_team': None, 'ball_out_by': None, 'has_ball': False, 'start_shot_bonus': False, 'start_pass_bonus': False, 'possession_lost': False}

[Step 27] Action=[ 0.          0.          1.          0.          1.          0.9999237
 -0.70853555] | Reward=-0.005 | Cum=+2.671 | Info={'shot_attempted': False, 'pass_attempted': False, 'goal_scored': False, 'goal_team': None, 'ball_out_by': None, 'has_ball': False, 'start_shot_bonus': False, 'start_pass_bonus': False, 'possession_lost': False}

[Step 28] Action=[ 0.          0.          1.          0.          1.          0.99992394
 -0.708666  ] | Reward=-0.005 | Cum=+2.666 | Info={'shot_attempted': False, 'pass_attempted': False, 'goal_scored': False, 'goal_team': None, 'ball_out_by': None, 'has_ball': False, 'start_shot_bonus': False, 'start_pass_bonus': False, 'possession_lost': False}

[Step 29] Action=[ 0.          0.          1.          0.          1.          0.99992424
 -0.7087963 ] | Reward=-0.005 | Cum=+2.662 | Info={'shot_attempted': False, 'pass_attempted': False, 'goal_scored': False, 'goal_team': None, 'ball_out_by': None, 'has_ball': False, 'start_shot_bonus': False, 'start_pass_bonus': False, 'possession_lost': False}

[Step 30] Action=[ 0.          0.          1.          0.          1.          0.9999245
 -0.70892644] | Reward=-0.005 | Cum=+2.657 | Info={'shot_attempted': False, 'pass_attempted': False, 'goal_scored': False, 'goal_team': None, 'ball_out_by': None, 'has_ball': False, 'start_shot_bonus': False, 'start_pass_bonus': False, 'possession_lost': False}

[Step 31] Action=[ 0.          0.          1.          0.          1.          0.9999248
 -0.70905626] | Reward=-0.004 | Cum=+2.653 | Info={'shot_attempted': False, 'pass_attempted': False, 'goal_scored': False, 'goal_team': None, 'ball_out_by': None, 'has_ball': False, 'start_shot_bonus': False, 'start_pass_bonus': False, 'possession_lost': False}

[Step 32] Action=[ 0.          0.          1.          0.          1.          0.999925
 -0.70918596] | Reward=-0.004 | Cum=+2.648 | Info={'shot_attempted': False, 'pass_attempted': False, 'goal_scored': False, 'goal_team': None, 'ball_out_by': None, 'has_ball': False, 'start_shot_bonus': False, 'start_pass_bonus': False, 'possession_lost': False}

[Step 33] Action=[ 0.         0.         1.         0.         1.         0.9999253
 -0.709315 ] | Reward=-0.004 | Cum=+2.644 | Info={'shot_attempted': False, 'pass_attempted': False, 'goal_scored': False, 'goal_team': None, 'ball_out_by': None, 'has_ball': False, 'start_shot_bonus': False, 'start_pass_bonus': False, 'possession_lost': False}

[Step 34] Action=[ 0.          0.          1.          0.          1.          0.99992555
 -0.70944434] | Reward=-0.004 | Cum=+2.640 | Info={'shot_attempted': False, 'pass_attempted': False, 'goal_scored': False, 'goal_team': None, 'ball_out_by': None, 'has_ball': False, 'start_shot_bonus': False, 'start_pass_bonus': False, 'possession_lost': False}

[Step 35] Action=[ 0.          0.          1.          0.          1.          0.99992585
 -0.70957327] | Reward=-0.004 | Cum=+2.636 | Info={'shot_attempted': False, 'pass_attempted': False, 'goal_scored': False, 'goal_team': None, 'ball_out_by': None, 'has_ball': False, 'start_shot_bonus': False, 'start_pass_bonus': False, 'possession_lost': False}

[Step 36] Action=[ 0.         0.         1.         0.         1.         0.9999261
 -0.7097017] | Reward=-0.004 | Cum=+2.632 | Info={'shot_attempted': False, 'pass_attempted': False, 'goal_scored': False, 'goal_team': None, 'ball_out_by': None, 'has_ball': False, 'start_shot_bonus': False, 'start_pass_bonus': False, 'possession_lost': False}

[Step 37] Action=[ 0.          0.          1.          0.          1.          0.99987507
 -0.6658149 ] | Reward=-0.004 | Cum=+2.629 | Info={'shot_attempted': False, 'pass_attempted': False, 'goal_scored': False, 'goal_team': None, 'ball_out_by': None, 'has_ball': False, 'start_shot_bonus': False, 'start_pass_bonus': False, 'possession_lost': False}

[Step 38] Action=[ 0.         0.         1.         0.         1.         0.9998755
 -0.6659547] | Reward=-0.003 | Cum=+2.625 | Info={'shot_attempted': False, 'pass_attempted': False, 'goal_scored': False, 'goal_team': None, 'ball_out_by': None, 'has_ball': False, 'start_shot_bonus': False, 'start_pass_bonus': False, 'possession_lost': False}

[Step 39] Action=[ 0.         0.         1.         0.         1.         0.9998759
 -0.6660945] | Reward=-0.003 | Cum=+2.622 | Info={'shot_attempted': False, 'pass_attempted': False, 'goal_scored': False, 'goal_team': None, 'ball_out_by': None, 'has_ball': False, 'start_shot_bonus': False, 'start_pass_bonus': False, 'possession_lost': False}

[Step 40] Action=[ 0.          0.          1.          0.          1.          0.9998763
 -0.66623425] | Reward=-0.003 | Cum=+2.620 | Info={'shot_attempted': False, 'pass_attempted': False, 'goal_scored': False, 'goal_team': None, 'ball_out_by': None, 'has_ball': False, 'start_shot_bonus': False, 'start_pass_bonus': False, 'possession_lost': False}

[Step 41] Action=[ 0.          0.          1.          0.          1.          0.99987674
 -0.66637367] | Reward=-0.002 | Cum=+2.617 | Info={'shot_attempted': False, 'pass_attempted': False, 'goal_scored': False, 'goal_team': None, 'ball_out_by': None, 'has_ball': False, 'start_shot_bonus': False, 'start_pass_bonus': False, 'possession_lost': False}

[Step 42] Action=[ 0.          0.          1.          0.          1.          0.99987715
 -0.66651285] | Reward=-0.002 | Cum=+2.615 | Info={'shot_attempted': False, 'pass_attempted': False, 'goal_scored': False, 'goal_team': None, 'ball_out_by': None, 'has_ball': False, 'start_shot_bonus': False, 'start_pass_bonus': False, 'possession_lost': False}

[Step 43] Action=[ 0.          0.          1.          0.          1.          0.9998776
 -0.66665155] | Reward=-0.001 | Cum=+2.614 | Info={'shot_attempted': False, 'pass_attempted': False, 'goal_scored': False, 'goal_team': None, 'ball_out_by': None, 'has_ball': False, 'start_shot_bonus': False, 'start_pass_bonus': False, 'possession_lost': False}

[Step 44] Action=[ 0.          0.          1.          0.          1.          0.999878
 -0.66679025] | Reward=-0.001 | Cum=+2.613 | Info={'shot_attempted': False, 'pass_attempted': False, 'goal_scored': False, 'goal_team': None, 'ball_out_by': None, 'has_ball': False, 'start_shot_bonus': False, 'start_pass_bonus': False, 'possession_lost': False}

[Step 45] Action=[ 0.         0.         1.         0.         1.         0.9998784
 -0.6669284] | Reward=-0.000 | Cum=+2.613 | Info={'shot_attempted': False, 'pass_attempted': False, 'goal_scored': False, 'goal_team': None, 'ball_out_by': None, 'has_ball': False, 'start_shot_bonus': False, 'start_pass_bonus': False, 'possession_lost': False}

[Step 46] Action=[ 0.          0.          1.          0.          1.          0.99987876
 -0.667066  ] | Reward=+0.001 | Cum=+2.614 | Info={'shot_attempted': False, 'pass_attempted': False, 'goal_scored': False, 'goal_team': None, 'ball_out_by': None, 'has_ball': False, 'start_shot_bonus': False, 'start_pass_bonus': False, 'possession_lost': False}

[Step 47] Action=[ 0.         0.         1.         0.         1.         0.9998792
 -0.6671966] | Reward=+0.002 | Cum=+2.616 | Info={'shot_attempted': False, 'pass_attempted': False, 'goal_scored': False, 'goal_team': None, 'ball_out_by': None, 'has_ball': False, 'start_shot_bonus': False, 'start_pass_bonus': False, 'possession_lost': False}

[Step 48] Action=[ 0.          0.          1.          0.          1.          0.99987954
 -0.6673267 ] | Reward=+0.003 | Cum=+2.619 | Info={'shot_attempted': False, 'pass_attempted': False, 'goal_scored': False, 'goal_team': None, 'ball_out_by': None, 'has_ball': False, 'start_shot_bonus': False, 'start_pass_bonus': False, 'possession_lost': False}

[Step 49] Action=[ 0.          0.          1.          0.          1.          0.99987996
 -0.6674566 ] | Reward=+0.004 | Cum=+2.623 | Info={'shot_attempted': False, 'pass_attempted': False, 'goal_scored': False, 'goal_team': None, 'ball_out_by': None, 'has_ball': False, 'start_shot_bonus': False, 'start_pass_bonus': False, 'possession_lost': False}

[Step 50] Action=[ 0.         0.         1.         0.         1.         0.9998803
 -0.667586 ] | Reward=+0.006 | Cum=+2.628 | Info={'shot_attempted': False, 'pass_attempted': False, 'goal_scored': False, 'goal_team': None, 'ball_out_by': None, 'has_ball': False, 'start_shot_bonus': False, 'start_pass_bonus': False, 'possession_lost': False}

[Step 51] Action=[ 0.          0.          1.          0.          1.          0.99988073
 -0.6677156 ] | Reward=+0.007 | Cum=+2.635 | Info={'shot_attempted': False, 'pass_attempted': False, 'goal_scored': False, 'goal_team': None, 'ball_out_by': None, 'has_ball': False, 'start_shot_bonus': False, 'start_pass_bonus': False, 'possession_lost': False}

[Step 52] Action=[ 0.          0.          1.          0.          1.          0.9998811
 -0.66784495] | Reward=+0.009 | Cum=+2.644 | Info={'shot_attempted': False, 'pass_attempted': False, 'goal_scored': False, 'goal_team': None, 'ball_out_by': None, 'has_ball': False, 'start_shot_bonus': False, 'start_pass_bonus': False, 'possession_lost': False}

[Step 53] Action=[ 0.          0.          1.          0.          1.          0.9998815
 -0.66797405] | Reward=+0.011 | Cum=+2.656 | Info={'shot_attempted': False, 'pass_attempted': False, 'goal_scored': False, 'goal_team': None, 'ball_out_by': None, 'has_ball': False, 'start_shot_bonus': False, 'start_pass_bonus': False, 'possession_lost': False}

[Step 54] Action=[ 0.          0.          1.          0.          1.          0.99988186
 -0.6681025 ] | Reward=+0.013 | Cum=+2.669 | Info={'shot_attempted': False, 'pass_attempted': False, 'goal_scored': False, 'goal_team': None, 'ball_out_by': None, 'has_ball': False, 'start_shot_bonus': False, 'start_pass_bonus': False, 'possession_lost': False}

[Step 55] Action=[ 0.         0.         1.         0.         1.         0.9998822
 -0.6682312] | Reward=+0.016 | Cum=+2.685 | Info={'shot_attempted': False, 'pass_attempted': False, 'goal_scored': False, 'goal_team': None, 'ball_out_by': None, 'has_ball': False, 'start_shot_bonus': False, 'start_pass_bonus': False, 'possession_lost': False}

[Step 56] Action=[ 0.          0.          1.          0.          1.          0.99988264
 -0.66835934] | Reward=+0.019 | Cum=+2.704 | Info={'shot_attempted': False, 'pass_attempted': False, 'goal_scored': False, 'goal_team': None, 'ball_out_by': None, 'has_ball': False, 'start_shot_bonus': False, 'start_pass_bonus': False, 'possession_lost': False}

[Step 57] Action=[ 0.         0.         1.         0.         1.         0.999883
 -0.6684875] | Reward=+0.745 | Cum=+3.449 | Info={'shot_attempted': False, 'pass_attempted': False, 'start_pass_bonus': False, 'invalid_pass_attempt': True, 'pass_completed': True, 'pass_from': 'att_2', 'pass_to': 'att_1', 'goal_scored': False, 'goal_team': None, 'ball_out_by': None, 'has_ball': True, 'start_shot_bonus': False, 'possession_lost': False}

[Step 58] Action=[ 0.9983394   0.66592485  0.9998566   0.          0.99999976  0.9907073
 -0.43092868] | Reward=+1.044 | Cum=+4.492 | Info={'shot_attempted': False, 'pass_attempted': True, 'pass_quality': 0.4996745559175392, 'pass_power': 9.74999874830246, 'pass_direction': [0.7038730650040906, -0.7103257762194379], 'invalid_pass_direction': True, 'start_pass_bonus': True, 'pass_to': 'att_3', 'pass_direction_raw': [0.9307982788998654, -0.3655305240333223], 'goal_scored': False, 'goal_team': None, 'ball_out_by': None, 'has_ball': False, 'start_shot_bonus': False, 'possession_lost': False}

[Step 59] Action=[ 1.         0.9972424  1.         0.         1.         1.
 -0.928779 ] | Reward=+0.037 | Cum=+4.529 | Info={'shot_attempted': False, 'pass_attempted': False, 'goal_scored': False, 'goal_team': None, 'ball_out_by': None, 'has_ball': False, 'start_shot_bonus': False, 'start_pass_bonus': False, 'possession_lost': False}

[Step 60] Action=[ 1.         0.9972482  1.         0.         1.         1.
 -0.9288524] | Reward=+0.031 | Cum=+4.560 | Info={'shot_attempted': False, 'pass_attempted': False, 'goal_scored': False, 'goal_team': None, 'ball_out_by': None, 'has_ball': False, 'start_shot_bonus': False, 'start_pass_bonus': False, 'possession_lost': False}

[Step 61] Action=[ 1.          0.9972539   1.          0.          1.          1.
 -0.92892563] | Reward=+0.026 | Cum=+4.586 | Info={'shot_attempted': False, 'pass_attempted': False, 'goal_scored': False, 'goal_team': None, 'ball_out_by': None, 'has_ball': False, 'start_shot_bonus': False, 'start_pass_bonus': False, 'possession_lost': False}

[Step 62] Action=[ 1.          0.9972596   1.          0.          1.          1.
 -0.92899877] | Reward=+0.022 | Cum=+4.607 | Info={'shot_attempted': False, 'pass_attempted': False, 'goal_scored': False, 'goal_team': None, 'ball_out_by': None, 'has_ball': False, 'start_shot_bonus': False, 'start_pass_bonus': False, 'possession_lost': False}

[Step 63] Action=[ 1.          0.99726534  1.          0.          1.          1.
 -0.9290719 ] | Reward=+0.018 | Cum=+4.626 | Info={'shot_attempted': False, 'pass_attempted': False, 'goal_scored': False, 'goal_team': None, 'ball_out_by': None, 'has_ball': False, 'start_shot_bonus': False, 'start_pass_bonus': False, 'possession_lost': False}

[Step 64] Action=[ 1.         0.997271   1.         0.         1.         1.
 -0.9291448] | Reward=+0.015 | Cum=+4.641 | Info={'shot_attempted': False, 'pass_attempted': False, 'goal_scored': False, 'goal_team': None, 'ball_out_by': None, 'has_ball': False, 'start_shot_bonus': False, 'start_pass_bonus': False, 'possession_lost': False}

[Step 65] Action=[ 1.          0.99727666  1.          0.          1.          1.
 -0.92921764] | Reward=+0.014 | Cum=+4.655 | Info={'shot_attempted': False, 'pass_attempted': False, 'goal_scored': False, 'goal_team': None, 'ball_out_by': None, 'has_ball': False, 'start_shot_bonus': False, 'start_pass_bonus': False, 'possession_lost': False}

[Step 66] Action=[ 1.          0.9972823   1.          0.          1.          1.
 -0.92929035] | Reward=+0.012 | Cum=+4.667 | Info={'shot_attempted': False, 'pass_attempted': False, 'goal_scored': False, 'goal_team': None, 'ball_out_by': None, 'has_ball': False, 'start_shot_bonus': False, 'start_pass_bonus': False, 'possession_lost': False}

[Step 67] Action=[ 1.          0.997288    1.          0.          1.          1.
 -0.92936295] | Reward=+0.010 | Cum=+4.677 | Info={'shot_attempted': False, 'pass_attempted': False, 'goal_scored': False, 'goal_team': None, 'ball_out_by': None, 'has_ball': False, 'start_shot_bonus': False, 'start_pass_bonus': False, 'possession_lost': False}

[Step 68] Action=[ 1.          0.9972936   1.          0.          1.          1.
 -0.92943543] | Reward=+0.009 | Cum=+4.686 | Info={'shot_attempted': False, 'pass_attempted': False, 'goal_scored': False, 'goal_team': None, 'ball_out_by': None, 'has_ball': False, 'start_shot_bonus': False, 'start_pass_bonus': False, 'possession_lost': False}

[Step 69] Action=[ 1.          0.99729925  1.          0.          1.          1.
 -0.9295078 ] | Reward=+1.503 | Cum=+6.189 | Info={'shot_attempted': False, 'pass_attempted': False, 'pass_completed': True, 'pass_to': 'att_3', 'pass_from': 'att_1', 'goal_scored': False, 'goal_team': None, 'ball_out_by': None, 'has_ball': False, 'start_shot_bonus': False, 'start_pass_bonus': False, 'possession_lost': False}

[Step 70] Action=[ 1.          0.984946    1.          0.          1.          0.999998
 -0.82558304] | Reward=-0.001 | Cum=+6.188 | Info={'shot_attempted': False, 'pass_attempted': False, 'goal_scored': False, 'goal_team': None, 'ball_out_by': None, 'has_ball': False, 'start_shot_bonus': False, 'start_pass_bonus': False, 'possession_lost': False}

[Step 71] Action=[ 0.          0.          1.          0.          1.          0.99997187
 -0.72098875] | Reward=-0.000 | Cum=+6.187 | Info={'shot_attempted': False, 'pass_attempted': False, 'goal_scored': False, 'goal_team': None, 'ball_out_by': None, 'has_ball': False, 'start_shot_bonus': False, 'start_pass_bonus': False, 'possession_lost': False}

[Step 72] Action=[ 0.          0.          1.          0.          1.          0.999941
 -0.69350004] | Reward=+0.000 | Cum=+6.187 | Info={'shot_attempted': False, 'pass_attempted': False, 'goal_scored': False, 'goal_team': None, 'ball_out_by': None, 'has_ball': False, 'start_shot_bonus': False, 'start_pass_bonus': False, 'possession_lost': False}

[Step 73] Action=[ 0.          0.          1.          0.          1.          0.9999411
 -0.69356066] | Reward=+0.000 | Cum=+6.188 | Info={'shot_attempted': False, 'pass_attempted': False, 'goal_scored': False, 'goal_team': None, 'ball_out_by': None, 'has_ball': False, 'start_shot_bonus': False, 'start_pass_bonus': False, 'possession_lost': False}

[Step 74] Action=[ 0.          0.          1.          0.          1.          0.99994123
 -0.6936213 ] | Reward=+0.001 | Cum=+6.189 | Info={'shot_attempted': False, 'pass_attempted': False, 'goal_scored': False, 'goal_team': None, 'ball_out_by': None, 'has_ball': False, 'start_shot_bonus': False, 'start_pass_bonus': False, 'possession_lost': False}

[Step 75] Action=[ 0.          0.          1.          0.          1.          0.99994135
 -0.6936818 ] | Reward=+0.001 | Cum=+6.190 | Info={'shot_attempted': False, 'pass_attempted': False, 'goal_scored': False, 'goal_team': None, 'ball_out_by': None, 'has_ball': False, 'start_shot_bonus': False, 'start_pass_bonus': False, 'possession_lost': False}

[Step 76] Action=[ 0.          0.          1.          0.          1.          0.99994147
 -0.69374233] | Reward=+0.002 | Cum=+6.192 | Info={'shot_attempted': False, 'pass_attempted': False, 'goal_scored': False, 'goal_team': None, 'ball_out_by': None, 'has_ball': False, 'start_shot_bonus': False, 'start_pass_bonus': False, 'possession_lost': False}

[Step 77] Action=[ 0.         0.         1.         0.         1.         0.9999416
 -0.6938031] | Reward=+0.002 | Cum=+6.195 | Info={'shot_attempted': False, 'pass_attempted': False, 'goal_scored': False, 'goal_team': None, 'ball_out_by': None, 'has_ball': False, 'start_shot_bonus': False, 'start_pass_bonus': False, 'possession_lost': False}

[Step 78] Action=[ 0.          0.          1.          0.          1.          0.99994165
 -0.6938631 ] | Reward=+0.003 | Cum=+6.198 | Info={'shot_attempted': False, 'pass_attempted': False, 'goal_scored': False, 'goal_team': None, 'ball_out_by': None, 'has_ball': False, 'start_shot_bonus': False, 'start_pass_bonus': False, 'possession_lost': False}

[Step 79] Action=[ 0.          0.          1.          0.          1.          0.99994177
 -0.6939233 ] | Reward=+0.004 | Cum=+6.202 | Info={'shot_attempted': False, 'pass_attempted': False, 'goal_scored': False, 'goal_team': None, 'ball_out_by': None, 'has_ball': False, 'start_shot_bonus': False, 'start_pass_bonus': False, 'possession_lost': False}

[Step 80] Action=[ 0.          0.          1.          0.          1.          0.9999419
 -0.69398314] | Reward=+0.004 | Cum=+6.206 | Info={'shot_attempted': False, 'pass_attempted': False, 'goal_scored': False, 'goal_team': None, 'ball_out_by': None, 'has_ball': False, 'start_shot_bonus': False, 'start_pass_bonus': False, 'possession_lost': False}

[Step 81] Action=[ 0.         0.         1.         0.         1.         0.999942
 -0.6940432] | Reward=+0.005 | Cum=+6.211 | Info={'shot_attempted': False, 'pass_attempted': False, 'goal_scored': False, 'goal_team': None, 'ball_out_by': None, 'has_ball': False, 'start_shot_bonus': False, 'start_pass_bonus': False, 'possession_lost': False}

[Step 82] Action=[ 0.         0.         1.         0.         1.         0.9999421
 -0.6941031] | Reward=+0.006 | Cum=+6.217 | Info={'shot_attempted': False, 'pass_attempted': False, 'goal_scored': False, 'goal_team': None, 'ball_out_by': None, 'has_ball': False, 'start_shot_bonus': False, 'start_pass_bonus': False, 'possession_lost': False}

[Step 83] Action=[ 0.          0.          1.          0.          1.          0.9999422
 -0.69416296] | Reward=+0.007 | Cum=+6.224 | Info={'shot_attempted': False, 'pass_attempted': False, 'goal_scored': False, 'goal_team': None, 'ball_out_by': None, 'has_ball': False, 'start_shot_bonus': False, 'start_pass_bonus': False, 'possession_lost': False}

[Step 84] Action=[ 0.          0.          1.          0.          1.          0.9999423
 -0.69422275] | Reward=+0.008 | Cum=+6.232 | Info={'shot_attempted': False, 'pass_attempted': False, 'goal_scored': False, 'goal_team': None, 'ball_out_by': None, 'has_ball': False, 'start_shot_bonus': False, 'start_pass_bonus': False, 'possession_lost': False}

[Step 85] Action=[ 0.          0.          1.          0.          1.          0.9999424
 -0.69428223] | Reward=+0.009 | Cum=+6.241 | Info={'shot_attempted': False, 'pass_attempted': False, 'goal_scored': False, 'goal_team': None, 'ball_out_by': None, 'has_ball': False, 'start_shot_bonus': False, 'start_pass_bonus': False, 'possession_lost': False}

[Step 86] Action=[ 0.          0.          1.          0.          1.          0.99994254
 -0.6943418 ] | Reward=+0.010 | Cum=+6.252 | Info={'shot_attempted': False, 'pass_attempted': False, 'goal_scored': False, 'goal_team': None, 'ball_out_by': None, 'has_ball': False, 'start_shot_bonus': False, 'start_pass_bonus': False, 'possession_lost': False}

[Step 87] Action=[ 0.         0.         1.         0.         1.         0.9999426
 -0.6944009] | Reward=+0.011 | Cum=+6.263 | Info={'shot_attempted': False, 'pass_attempted': False, 'goal_scored': False, 'goal_team': None, 'ball_out_by': None, 'has_ball': False, 'start_shot_bonus': False, 'start_pass_bonus': False, 'possession_lost': False}

[Step 88] Action=[ 0.          0.          1.          0.          1.          0.9999427
 -0.69446033] | Reward=+0.013 | Cum=+6.275 | Info={'shot_attempted': False, 'pass_attempted': False, 'goal_scored': False, 'goal_team': None, 'ball_out_by': None, 'has_ball': False, 'start_shot_bonus': False, 'start_pass_bonus': False, 'possession_lost': False}

[Step 89] Action=[ 0.          0.          1.          0.          1.          0.99994284
 -0.6945196 ] | Reward=+0.014 | Cum=+6.289 | Info={'shot_attempted': False, 'pass_attempted': False, 'goal_scored': False, 'goal_team': None, 'ball_out_by': None, 'has_ball': False, 'start_shot_bonus': False, 'start_pass_bonus': False, 'possession_lost': False}

[Step 90] Action=[ 0.          0.          1.          0.          1.          0.99994296
 -0.69457865] | Reward=+0.015 | Cum=+6.305 | Info={'shot_attempted': False, 'pass_attempted': False, 'goal_scored': False, 'goal_team': None, 'ball_out_by': None, 'has_ball': False, 'start_shot_bonus': False, 'start_pass_bonus': False, 'possession_lost': False}

[Step 91] Action=[ 0.         0.         1.         0.         1.         0.999943
 -0.6946377] | Reward=+0.017 | Cum=+6.322 | Info={'shot_attempted': False, 'pass_attempted': False, 'goal_scored': False, 'goal_team': None, 'ball_out_by': None, 'has_ball': False, 'start_shot_bonus': False, 'start_pass_bonus': False, 'possession_lost': False}

[Step 92] Action=[ 0.          0.          1.          0.          1.          0.99994314
 -0.6946965 ] | Reward=+0.019 | Cum=+6.340 | Info={'shot_attempted': False, 'pass_attempted': False, 'goal_scored': False, 'goal_team': None, 'ball_out_by': None, 'has_ball': False, 'start_shot_bonus': False, 'start_pass_bonus': False, 'possession_lost': False}

[Step 93] Action=[ 0.          0.          1.          0.          1.          0.99994326
 -0.6947553 ] | Reward=+0.020 | Cum=+6.361 | Info={'shot_attempted': False, 'pass_attempted': False, 'goal_scored': False, 'goal_team': None, 'ball_out_by': None, 'has_ball': False, 'start_shot_bonus': False, 'start_pass_bonus': False, 'possession_lost': False}

[Step 94] Action=[ 0.         0.         1.         0.         1.         0.9999433
 -0.694814 ] | Reward=+0.745 | Cum=+7.106 | Info={'shot_attempted': False, 'pass_attempted': False, 'start_pass_bonus': False, 'invalid_pass_attempt': True, 'pass_completed': True, 'pass_from': 'att_3', 'pass_to': 'att_1', 'goal_scored': False, 'goal_team': None, 'ball_out_by': None, 'has_ball': True, 'start_shot_bonus': False, 'possession_lost': False}

[Step 95] Action=[ 0.9989659   0.69931155  0.9999273   0.          0.99999994  0.9939257
 -0.44736966] | Reward=+1.044 | Cum=+8.149 | Info={'shot_attempted': False, 'pass_attempted': True, 'pass_quality': 0.4996618179119235, 'pass_power': 9.749999687075615, 'pass_direction': [0.4406539687532414, -0.8976770465050431], 'invalid_pass_direction': True, 'start_pass_bonus': True, 'pass_to': 'att_3', 'pass_direction_raw': [0.8961744029523798, -0.4436997177101456], 'goal_scored': False, 'goal_team': None, 'ball_out_by': None, 'has_ball': False, 'start_shot_bonus': False, 'possession_lost': False}

[Step 96] Action=[ 1.          0.9955098   1.          0.          1.          0.99999994
 -0.90861565] | Reward=+0.036 | Cum=+8.186 | Info={'shot_attempted': False, 'pass_attempted': False, 'goal_scored': False, 'goal_team': None, 'ball_out_by': None, 'has_ball': False, 'start_shot_bonus': False, 'start_pass_bonus': False, 'possession_lost': False}

[Step 97] Action=[ 1.          0.9955155   1.          0.          1.          0.99999994
 -0.9086691 ] | Reward=+0.030 | Cum=+8.216 | Info={'shot_attempted': False, 'pass_attempted': False, 'goal_scored': False, 'goal_team': None, 'ball_out_by': None, 'has_ball': False, 'start_shot_bonus': False, 'start_pass_bonus': False, 'possession_lost': False}

[Step 98] Action=[ 1.          0.9955212   1.          0.          1.          0.99999994
 -0.9087223 ] | Reward=+0.025 | Cum=+8.240 | Info={'shot_attempted': False, 'pass_attempted': False, 'goal_scored': False, 'goal_team': None, 'ball_out_by': None, 'has_ball': False, 'start_shot_bonus': False, 'start_pass_bonus': False, 'possession_lost': False}

[Step 99] Action=[ 1.          0.99552685  1.          0.          1.          0.99999994
 -0.90877545] | Reward=+0.021 | Cum=+8.261 | Info={'shot_attempted': False, 'pass_attempted': False, 'goal_scored': False, 'goal_team': None, 'ball_out_by': None, 'has_ball': False, 'start_shot_bonus': False, 'start_pass_bonus': False, 'possession_lost': False}

[Step 100] Action=[ 1.          0.99553245  1.          0.          1.          0.99999994
 -0.9088284 ] | Reward=+0.017 | Cum=+8.278 | Info={'shot_attempted': False, 'pass_attempted': False, 'goal_scored': False, 'goal_team': None, 'ball_out_by': None, 'has_ball': False, 'start_shot_bonus': False, 'start_pass_bonus': False, 'possession_lost': False}

[Step 101] Action=[ 1.          0.99535465  1.          0.          1.          0.99999994
 -0.90672857] | Reward=+0.015 | Cum=+8.293 | Info={'shot_attempted': False, 'pass_attempted': False, 'goal_scored': False, 'goal_team': None, 'ball_out_by': None, 'has_ball': False, 'start_shot_bonus': False, 'start_pass_bonus': False, 'possession_lost': False}

[Step 102] Action=[ 1.          0.99536043  1.          0.          1.          0.99999994
 -0.906782  ] | Reward=+0.013 | Cum=+8.306 | Info={'shot_attempted': False, 'pass_attempted': False, 'goal_scored': False, 'goal_team': None, 'ball_out_by': None, 'has_ball': False, 'start_shot_bonus': False, 'start_pass_bonus': False, 'possession_lost': False}

[Step 103] Action=[ 1.          0.99536616  1.          0.          1.          0.99999994
 -0.9068354 ] | Reward=+0.011 | Cum=+8.318 | Info={'shot_attempted': False, 'pass_attempted': False, 'goal_scored': False, 'goal_team': None, 'ball_out_by': None, 'has_ball': False, 'start_shot_bonus': False, 'start_pass_bonus': False, 'possession_lost': False}

[Step 104] Action=[ 1.          0.99537194  1.          0.          1.          0.99999994
 -0.9068888 ] | Reward=+0.010 | Cum=+8.327 | Info={'shot_attempted': False, 'pass_attempted': False, 'goal_scored': False, 'goal_team': None, 'ball_out_by': None, 'has_ball': False, 'start_shot_bonus': False, 'start_pass_bonus': False, 'possession_lost': False}

[Step 105] Action=[ 1.          0.9953777   1.          0.          1.          0.99999994
 -0.9069421 ] | Reward=+0.009 | Cum=+8.336 | Info={'shot_attempted': False, 'pass_attempted': False, 'goal_scored': False, 'goal_team': None, 'ball_out_by': None, 'has_ball': False, 'start_shot_bonus': False, 'start_pass_bonus': False, 'possession_lost': False}

[Step 106] Action=[ 1.          0.99538344  1.          0.          1.          0.99999994
 -0.90699536] | Reward=+0.007 | Cum=+8.343 | Info={'shot_attempted': False, 'pass_attempted': False, 'goal_scored': False, 'goal_team': None, 'ball_out_by': None, 'has_ball': False, 'start_shot_bonus': False, 'start_pass_bonus': False, 'possession_lost': False}

[Step 107] Action=[ 1.          0.99538916  1.          0.          1.          0.99999994
 -0.9070485 ] | Reward=+0.007 | Cum=+8.351 | Info={'shot_attempted': False, 'pass_attempted': False, 'goal_scored': False, 'goal_team': None, 'ball_out_by': None, 'has_ball': False, 'start_shot_bonus': False, 'start_pass_bonus': False, 'possession_lost': False}

[Step 108] Action=[ 1.          0.9953949   1.          0.          1.          0.99999994
 -0.90710175] | Reward=+0.007 | Cum=+8.358 | Info={'shot_attempted': False, 'pass_attempted': False, 'goal_scored': False, 'goal_team': None, 'ball_out_by': None, 'has_ball': False, 'start_shot_bonus': False, 'start_pass_bonus': False, 'possession_lost': False}

[Step 109] Action=[ 1.          0.9954006   1.          0.          1.          0.99999994
 -0.90715504] | Reward=+0.006 | Cum=+8.364 | Info={'shot_attempted': False, 'pass_attempted': False, 'goal_scored': False, 'goal_team': None, 'ball_out_by': None, 'has_ball': False, 'start_shot_bonus': False, 'start_pass_bonus': False, 'possession_lost': False}

[Step 110] Action=[ 1.          0.9954063   1.          0.          1.          0.99999994
 -0.9072081 ] | Reward=+0.006 | Cum=+8.370 | Info={'shot_attempted': False, 'pass_attempted': False, 'goal_scored': False, 'goal_team': None, 'ball_out_by': None, 'has_ball': False, 'start_shot_bonus': False, 'start_pass_bonus': False, 'possession_lost': False}

[Step 111] Action=[ 1.          0.99541205  1.          0.          1.          0.99999994
 -0.90726113] | Reward=+0.006 | Cum=+8.376 | Info={'shot_attempted': False, 'pass_attempted': False, 'goal_scored': False, 'goal_team': None, 'ball_out_by': None, 'has_ball': False, 'start_shot_bonus': False, 'start_pass_bonus': False, 'possession_lost': False}

[Step 112] Action=[ 1.          0.9954177   1.          0.          1.          0.99999994
 -0.9073134 ] | Reward=+0.005 | Cum=+8.381 | Info={'shot_attempted': False, 'pass_attempted': False, 'goal_scored': False, 'goal_team': None, 'ball_out_by': None, 'has_ball': False, 'start_shot_bonus': False, 'start_pass_bonus': False, 'possession_lost': False}

[Step 113] Action=[ 1.          0.9954233   1.          0.          1.          0.99999994
 -0.9073654 ] | Reward=+0.006 | Cum=+8.386 | Info={'shot_attempted': False, 'pass_attempted': False, 'goal_scored': False, 'goal_team': None, 'ball_out_by': None, 'has_ball': False, 'start_shot_bonus': False, 'start_pass_bonus': False, 'possession_lost': False}

[Step 114] Action=[ 1.          0.9954289   1.          0.          1.          0.99999994
 -0.9074171 ] | Reward=+0.005 | Cum=+8.392 | Info={'shot_attempted': False, 'pass_attempted': False, 'goal_scored': False, 'goal_team': None, 'ball_out_by': None, 'has_ball': False, 'start_shot_bonus': False, 'start_pass_bonus': False, 'possession_lost': False}

[Step 115] Action=[ 1.          0.9954345   1.          0.          1.          0.99999994
 -0.9074689 ] | Reward=+0.005 | Cum=+8.397 | Info={'shot_attempted': False, 'pass_attempted': False, 'goal_scored': False, 'goal_team': None, 'ball_out_by': None, 'has_ball': False, 'start_shot_bonus': False, 'start_pass_bonus': False, 'possession_lost': False}

[Step 116] Action=[ 1.          0.9954401   1.          0.          1.          0.99999994
 -0.9075205 ] | Reward=+0.005 | Cum=+8.402 | Info={'shot_attempted': False, 'pass_attempted': False, 'goal_scored': False, 'goal_team': None, 'ball_out_by': None, 'has_ball': False, 'start_shot_bonus': False, 'start_pass_bonus': False, 'possession_lost': False}

[Step 117] Action=[ 1.          0.9954457   1.          0.          1.          0.99999994
 -0.90757227] | Reward=+0.005 | Cum=+8.407 | Info={'shot_attempted': False, 'pass_attempted': False, 'goal_scored': False, 'goal_team': None, 'ball_out_by': None, 'has_ball': False, 'start_shot_bonus': False, 'start_pass_bonus': False, 'possession_lost': False}

[Step 118] Action=[ 1.          0.99545133  1.          0.          1.          0.99999994
 -0.90762395] | Reward=+0.005 | Cum=+8.412 | Info={'shot_attempted': False, 'pass_attempted': False, 'goal_scored': False, 'goal_team': None, 'ball_out_by': None, 'has_ball': False, 'start_shot_bonus': False, 'start_pass_bonus': False, 'possession_lost': False}

[Step 119] Action=[ 1.          0.99545693  1.          0.          1.          0.99999994
 -0.90767556] | Reward=+0.005 | Cum=+8.417 | Info={'shot_attempted': False, 'pass_attempted': False, 'goal_scored': False, 'goal_team': None, 'ball_out_by': None, 'has_ball': False, 'start_shot_bonus': False, 'start_pass_bonus': False, 'possession_lost': False}

[Step 120] Action=[ 1.          0.9954625   1.          0.          1.          0.99999994
 -0.90772724] | Reward=+0.005 | Cum=+8.422 | Info={'shot_attempted': False, 'pass_attempted': False, 'goal_scored': False, 'goal_team': None, 'ball_out_by': None, 'has_ball': False, 'start_shot_bonus': False, 'start_pass_bonus': False, 'possession_lost': False}

[Step 121] Action=[ 1.          0.995468    1.          0.          1.          0.99999994
 -0.9077787 ] | Reward=+0.005 | Cum=+8.428 | Info={'shot_attempted': False, 'pass_attempted': False, 'goal_scored': False, 'goal_team': None, 'ball_out_by': None, 'has_ball': False, 'start_shot_bonus': False, 'start_pass_bonus': False, 'possession_lost': False}

[Step 122] Action=[ 1.          0.99547356  1.          0.          1.          0.99999994
 -0.90783024] | Reward=+0.005 | Cum=+8.433 | Info={'shot_attempted': False, 'pass_attempted': False, 'goal_scored': False, 'goal_team': None, 'ball_out_by': None, 'has_ball': False, 'start_shot_bonus': False, 'start_pass_bonus': False, 'possession_lost': False}

[Step 123] Action=[ 1.          0.99547917  1.          0.          1.          0.99999994
 -0.9078817 ] | Reward=+0.005 | Cum=+8.438 | Info={'shot_attempted': False, 'pass_attempted': False, 'goal_scored': False, 'goal_team': None, 'ball_out_by': None, 'has_ball': False, 'start_shot_bonus': False, 'start_pass_bonus': False, 'possession_lost': False}

[Step 124] Action=[ 1.          0.9954847   1.          0.          1.          0.99999994
 -0.9079332 ] | Reward=+0.005 | Cum=+8.443 | Info={'shot_attempted': False, 'pass_attempted': False, 'goal_scored': False, 'goal_team': None, 'ball_out_by': None, 'has_ball': False, 'start_shot_bonus': False, 'start_pass_bonus': False, 'possession_lost': False}

[Step 125] Action=[ 1.          0.9954902   1.          0.          1.          0.99999994
 -0.9079847 ] | Reward=+0.005 | Cum=+8.448 | Info={'shot_attempted': False, 'pass_attempted': False, 'goal_scored': False, 'goal_team': None, 'ball_out_by': None, 'has_ball': False, 'start_shot_bonus': False, 'start_pass_bonus': False, 'possession_lost': False}

[Step 126] Action=[ 1.          0.99549574  1.          0.          1.          0.99999994
 -0.90803564] | Reward=+0.006 | Cum=+8.453 | Info={'shot_attempted': False, 'pass_attempted': False, 'goal_scored': False, 'goal_team': None, 'ball_out_by': None, 'has_ball': False, 'start_shot_bonus': False, 'start_pass_bonus': False, 'possession_lost': False}

[Step 127] Action=[ 1.          0.9955011   1.          0.          1.          0.99999994
 -0.9080856 ] | Reward=+0.006 | Cum=+8.459 | Info={'shot_attempted': False, 'pass_attempted': False, 'goal_scored': False, 'goal_team': None, 'ball_out_by': None, 'has_ball': False, 'start_shot_bonus': False, 'start_pass_bonus': False, 'possession_lost': False}

[Step 128] Action=[ 1.          0.9955065   1.          0.          1.          0.99999994
 -0.90813565] | Reward=+0.006 | Cum=+8.465 | Info={'shot_attempted': False, 'pass_attempted': False, 'goal_scored': False, 'goal_team': None, 'ball_out_by': None, 'has_ball': False, 'start_shot_bonus': False, 'start_pass_bonus': False, 'possession_lost': False}

[Step 129] Action=[ 1.          0.9955119   1.          0.          1.          0.99999994
 -0.9081856 ] | Reward=+0.006 | Cum=+8.470 | Info={'shot_attempted': False, 'pass_attempted': False, 'goal_scored': False, 'goal_team': None, 'ball_out_by': None, 'has_ball': False, 'start_shot_bonus': False, 'start_pass_bonus': False, 'possession_lost': False}

[Step 130] Action=[ 1.          0.99551725  1.          0.          1.          0.99999994
 -0.90823543] | Reward=+0.006 | Cum=+8.476 | Info={'shot_attempted': False, 'pass_attempted': False, 'goal_scored': False, 'goal_team': None, 'ball_out_by': None, 'has_ball': False, 'start_shot_bonus': False, 'start_pass_bonus': False, 'possession_lost': False}

[Step 131] Action=[ 1.          0.9955226   1.          0.          1.          0.99999994
 -0.90828544] | Reward=+0.005 | Cum=+8.481 | Info={'shot_attempted': False, 'pass_attempted': False, 'goal_scored': False, 'goal_team': None, 'ball_out_by': None, 'has_ball': False, 'start_shot_bonus': False, 'start_pass_bonus': False, 'possession_lost': False}

[Step 132] Action=[ 1.          0.99552786  1.          0.          1.          0.99999994
 -0.90833384] | Reward=+0.006 | Cum=+8.487 | Info={'shot_attempted': False, 'pass_attempted': False, 'goal_scored': False, 'goal_team': None, 'ball_out_by': None, 'has_ball': False, 'start_shot_bonus': False, 'start_pass_bonus': False, 'possession_lost': False}

[Step 133] Action=[ 1.          0.99553305  1.          0.          1.          0.99999994
 -0.90838206] | Reward=+0.006 | Cum=+8.493 | Info={'shot_attempted': False, 'pass_attempted': False, 'goal_scored': False, 'goal_team': None, 'ball_out_by': None, 'has_ball': False, 'start_shot_bonus': False, 'start_pass_bonus': False, 'possession_lost': False}

[Step 134] Action=[ 1.          0.99486303  1.          0.          1.          0.99999994
 -0.907232  ] | Reward=+0.006 | Cum=+8.499 | Info={'shot_attempted': False, 'pass_attempted': False, 'goal_scored': False, 'goal_team': None, 'ball_out_by': None, 'has_ball': False, 'start_shot_bonus': False, 'start_pass_bonus': False, 'possession_lost': False}

[Step 135] Action=[ 1.          0.99486893  1.          0.          1.          0.99999994
 -0.90728194] | Reward=+0.006 | Cum=+8.505 | Info={'shot_attempted': False, 'pass_attempted': False, 'goal_scored': False, 'goal_team': None, 'ball_out_by': None, 'has_ball': False, 'start_shot_bonus': False, 'start_pass_bonus': False, 'possession_lost': False}

[Step 136] Action=[ 1.          0.99487484  1.          0.          1.          0.99999994
 -0.90733117] | Reward=+0.006 | Cum=+8.511 | Info={'shot_attempted': False, 'pass_attempted': False, 'goal_scored': False, 'goal_team': None, 'ball_out_by': None, 'has_ball': False, 'start_shot_bonus': False, 'start_pass_bonus': False, 'possession_lost': False}

[Step 137] Action=[ 1.          0.9948807   1.          0.          1.          0.99999994
 -0.90738034] | Reward=+0.005 | Cum=+8.516 | Info={'shot_attempted': False, 'pass_attempted': False, 'goal_scored': False, 'goal_team': None, 'ball_out_by': None, 'has_ball': False, 'start_shot_bonus': False, 'start_pass_bonus': False, 'possession_lost': False}

[Step 138] Action=[ 1.          0.9948865   1.          0.          1.          0.99999994
 -0.9074296 ] | Reward=+0.006 | Cum=+8.523 | Info={'shot_attempted': False, 'pass_attempted': False, 'goal_scored': False, 'goal_team': None, 'ball_out_by': None, 'has_ball': False, 'start_shot_bonus': False, 'start_pass_bonus': False, 'possession_lost': False}

[Step 139] Action=[ 1.          0.9948924   1.          0.          1.          0.99999994
 -0.9074787 ] | Reward=+0.006 | Cum=+8.529 | Info={'shot_attempted': False, 'pass_attempted': False, 'goal_scored': False, 'goal_team': None, 'ball_out_by': None, 'has_ball': False, 'start_shot_bonus': False, 'start_pass_bonus': False, 'possession_lost': False}

[Step 140] Action=[ 1.          0.99489826  1.          0.          1.          0.99999994
 -0.90752786] | Reward=+0.006 | Cum=+8.535 | Info={'shot_attempted': False, 'pass_attempted': False, 'goal_scored': False, 'goal_team': None, 'ball_out_by': None, 'has_ball': False, 'start_shot_bonus': False, 'start_pass_bonus': False, 'possession_lost': False}

[Step 141] Action=[ 1.          0.9949041   1.          0.          1.          0.99999994
 -0.907577  ] | Reward=+0.006 | Cum=+8.541 | Info={'shot_attempted': False, 'pass_attempted': False, 'goal_scored': False, 'goal_team': None, 'ball_out_by': None, 'has_ball': False, 'start_shot_bonus': False, 'start_pass_bonus': False, 'possession_lost': False}

[Step 142] Action=[ 1.          0.99490994  1.          0.          1.          0.99999994
 -0.9076259 ] | Reward=+0.006 | Cum=+8.548 | Info={'shot_attempted': False, 'pass_attempted': False, 'goal_scored': False, 'goal_team': None, 'ball_out_by': None, 'has_ball': False, 'start_shot_bonus': False, 'start_pass_bonus': False, 'possession_lost': False}

[Step 143] Action=[ 1.          0.9949157   1.          0.          1.          0.99999994
 -0.90767497] | Reward=+0.006 | Cum=+8.553 | Info={'shot_attempted': False, 'pass_attempted': False, 'goal_scored': False, 'goal_team': None, 'ball_out_by': None, 'has_ball': False, 'start_shot_bonus': False, 'start_pass_bonus': False, 'possession_lost': False}

[Step 144] Action=[ 1.          0.99492157  1.          0.          1.          0.99999994
 -0.9077241 ] | Reward=+0.006 | Cum=+8.559 | Info={'shot_attempted': False, 'pass_attempted': False, 'goal_scored': False, 'goal_team': None, 'ball_out_by': None, 'has_ball': False, 'start_shot_bonus': False, 'start_pass_bonus': False, 'possession_lost': False}

[Step 145] Action=[ 1.          0.9949274   1.          0.          1.          0.99999994
 -0.90777314] | Reward=+0.007 | Cum=+8.566 | Info={'shot_attempted': False, 'pass_attempted': False, 'goal_scored': False, 'goal_team': None, 'ball_out_by': None, 'has_ball': False, 'start_shot_bonus': False, 'start_pass_bonus': False, 'possession_lost': False}

[Step 146] Action=[ 1.          0.9949332   1.          0.          1.          0.99999994
 -0.9078221 ] | Reward=+0.007 | Cum=+8.572 | Info={'shot_attempted': False, 'pass_attempted': False, 'goal_scored': False, 'goal_team': None, 'ball_out_by': None, 'has_ball': False, 'start_shot_bonus': False, 'start_pass_bonus': False, 'possession_lost': False}

[Step 147] Action=[ 1.          0.99493897  1.          0.          1.          0.99999994
 -0.9078709 ] | Reward=+0.007 | Cum=+8.579 | Info={'shot_attempted': False, 'pass_attempted': False, 'goal_scored': False, 'goal_team': None, 'ball_out_by': None, 'has_ball': False, 'start_shot_bonus': False, 'start_pass_bonus': False, 'possession_lost': False}

[Step 148] Action=[ 1.          0.9949448   1.          0.          1.          0.99999994
 -0.9079197 ] | Reward=+0.007 | Cum=+8.585 | Info={'shot_attempted': False, 'pass_attempted': False, 'goal_scored': False, 'goal_team': None, 'ball_out_by': None, 'has_ball': False, 'start_shot_bonus': False, 'start_pass_bonus': False, 'possession_lost': False}

[Step 149] Action=[ 1.          0.9949506   1.          0.          1.          0.99999994
 -0.90796876] | Reward=+0.006 | Cum=+8.591 | Info={'shot_attempted': False, 'pass_attempted': False, 'goal_scored': False, 'goal_team': None, 'ball_out_by': None, 'has_ball': False, 'start_shot_bonus': False, 'start_pass_bonus': False, 'possession_lost': False}

[Step 150] Action=[ 1.          0.9949564   1.          0.          1.          0.99999994
 -0.90801746] | Reward=+0.006 | Cum=+8.597 | Info={'shot_attempted': False, 'pass_attempted': False, 'goal_scored': False, 'goal_team': None, 'ball_out_by': None, 'has_ball': False, 'start_shot_bonus': False, 'start_pass_bonus': False, 'possession_lost': False}

[Step 151] Action=[ 1.          0.99496204  1.          0.          1.          0.99999994
 -0.90806514] | Reward=+0.007 | Cum=+8.604 | Info={'shot_attempted': False, 'pass_attempted': False, 'goal_scored': False, 'goal_team': None, 'ball_out_by': None, 'has_ball': False, 'start_shot_bonus': False, 'start_pass_bonus': False, 'possession_lost': False}

[Step 152] Action=[ 1.          0.99496764  1.          0.          1.          0.99999994
 -0.90811235] | Reward=+0.007 | Cum=+8.611 | Info={'shot_attempted': False, 'pass_attempted': False, 'goal_scored': False, 'goal_team': None, 'ball_out_by': None, 'has_ball': False, 'start_shot_bonus': False, 'start_pass_bonus': False, 'possession_lost': False}

[Step 153] Action=[ 1.          0.99497324  1.          0.          1.          0.99999994
 -0.9081596 ] | Reward=+0.007 | Cum=+8.617 | Info={'shot_attempted': False, 'pass_attempted': False, 'goal_scored': False, 'goal_team': None, 'ball_out_by': None, 'has_ball': False, 'start_shot_bonus': False, 'start_pass_bonus': False, 'possession_lost': False}

[Step 154] Action=[ 1.          0.99497885  1.          0.          1.          0.99999994
 -0.908207  ] | Reward=+0.007 | Cum=+8.624 | Info={'shot_attempted': False, 'pass_attempted': False, 'goal_scored': False, 'goal_team': None, 'ball_out_by': None, 'has_ball': False, 'start_shot_bonus': False, 'start_pass_bonus': False, 'possession_lost': False}

[Step 155] Action=[ 1.          0.99498445  1.          0.          1.          0.99999994
 -0.90825415] | Reward=+0.006 | Cum=+8.630 | Info={'shot_attempted': False, 'pass_attempted': False, 'goal_scored': False, 'goal_team': None, 'ball_out_by': None, 'has_ball': False, 'start_shot_bonus': False, 'start_pass_bonus': False, 'possession_lost': False}

[Step 156] Action=[ 1.          0.99499005  1.          0.          1.          0.99999994
 -0.9083015 ] | Reward=+0.006 | Cum=+8.636 | Info={'shot_attempted': False, 'pass_attempted': False, 'goal_scored': False, 'goal_team': None, 'ball_out_by': None, 'has_ball': False, 'start_shot_bonus': False, 'start_pass_bonus': False, 'possession_lost': False}

[Step 157] Action=[ 1.          0.99499553  1.          0.          1.          0.99999994
 -0.90834785] | Reward=+0.007 | Cum=+8.643 | Info={'shot_attempted': False, 'pass_attempted': False, 'goal_scored': False, 'goal_team': None, 'ball_out_by': None, 'has_ball': False, 'start_shot_bonus': False, 'start_pass_bonus': False, 'possession_lost': False}

[Step 158] Action=[ 1.          0.99500084  1.          0.          1.          0.99999994
 -0.9083926 ] | Reward=+0.007 | Cum=+8.650 | Info={'shot_attempted': False, 'pass_attempted': False, 'goal_scored': False, 'goal_team': None, 'ball_out_by': None, 'has_ball': False, 'start_shot_bonus': False, 'start_pass_bonus': False, 'possession_lost': False}

[Step 159] Action=[ 1.          0.9950061   1.          0.          1.          0.99999994
 -0.9084374 ] | Reward=+0.007 | Cum=+8.657 | Info={'shot_attempted': False, 'pass_attempted': False, 'goal_scored': False, 'goal_team': None, 'ball_out_by': None, 'has_ball': False, 'start_shot_bonus': False, 'start_pass_bonus': False, 'possession_lost': False}

[Step 160] Action=[ 1.          0.9950113   1.          0.          1.          0.99999994
 -0.90848225] | Reward=+0.007 | Cum=+8.664 | Info={'shot_attempted': False, 'pass_attempted': False, 'goal_scored': False, 'goal_team': None, 'ball_out_by': None, 'has_ball': False, 'start_shot_bonus': False, 'start_pass_bonus': False, 'possession_lost': False}

[Step 161] Action=[ 1.          0.99501646  1.          0.          1.          0.99999994
 -0.90852606] | Reward=+0.006 | Cum=+8.670 | Info={'shot_attempted': False, 'pass_attempted': False, 'goal_scored': False, 'goal_team': None, 'ball_out_by': None, 'has_ball': False, 'start_shot_bonus': False, 'start_pass_bonus': False, 'possession_lost': False}

[Step 162] Action=[ 1.          0.9950216   1.          0.          1.          0.99999994
 -0.9085696 ] | Reward=+0.006 | Cum=+8.677 | Info={'shot_attempted': False, 'pass_attempted': False, 'goal_scored': False, 'goal_team': None, 'ball_out_by': None, 'has_ball': False, 'start_shot_bonus': False, 'start_pass_bonus': False, 'possession_lost': False}

[Step 163] Action=[ 1.          0.99502665  1.          0.          1.          0.99999994
 -0.908613  ] | Reward=+0.007 | Cum=+8.683 | Info={'shot_attempted': False, 'pass_attempted': False, 'goal_scored': False, 'goal_team': None, 'ball_out_by': None, 'has_ball': False, 'start_shot_bonus': False, 'start_pass_bonus': False, 'possession_lost': False}

[Step 164] Action=[ 1.          0.9950318   1.          0.          1.          0.99999994
 -0.9086562 ] | Reward=+0.007 | Cum=+8.690 | Info={'shot_attempted': False, 'pass_attempted': False, 'goal_scored': False, 'goal_team': None, 'ball_out_by': None, 'has_ball': False, 'start_shot_bonus': False, 'start_pass_bonus': False, 'possession_lost': False}

[Step 165] Action=[ 1.          0.99503684  1.          0.          1.          0.99999994
 -0.9086996 ] | Reward=+0.007 | Cum=+8.697 | Info={'shot_attempted': False, 'pass_attempted': False, 'goal_scored': False, 'goal_team': None, 'ball_out_by': None, 'has_ball': False, 'start_shot_bonus': False, 'start_pass_bonus': False, 'possession_lost': False}

[Step 166] Action=[ 1.          0.9950419   1.          0.          1.          0.99999994
 -0.908743  ] | Reward=+0.007 | Cum=+8.704 | Info={'shot_attempted': False, 'pass_attempted': False, 'goal_scored': False, 'goal_team': None, 'ball_out_by': None, 'has_ball': False, 'start_shot_bonus': False, 'start_pass_bonus': False, 'possession_lost': False}

[Step 167] Action=[ 1.          0.995047    1.          0.          1.          0.99999994
 -0.9087863 ] | Reward=+0.006 | Cum=+8.711 | Info={'shot_attempted': False, 'pass_attempted': False, 'goal_scored': False, 'goal_team': None, 'ball_out_by': None, 'has_ball': False, 'start_shot_bonus': False, 'start_pass_bonus': False, 'possession_lost': False}

[Step 168] Action=[ 1.          0.99505204  1.          0.          1.          0.99999994
 -0.9088297 ] | Reward=+0.006 | Cum=+8.717 | Info={'shot_attempted': False, 'pass_attempted': False, 'goal_scored': False, 'goal_team': None, 'ball_out_by': None, 'has_ball': False, 'start_shot_bonus': False, 'start_pass_bonus': False, 'possession_lost': False}

[Step 169] Action=[ 1.          0.9950571   1.          0.          1.          0.99999994
 -0.908873  ] | Reward=+0.006 | Cum=+8.723 | Info={'shot_attempted': False, 'pass_attempted': False, 'goal_scored': False, 'goal_team': None, 'ball_out_by': None, 'has_ball': False, 'start_shot_bonus': False, 'start_pass_bonus': False, 'possession_lost': False}

[Step 170] Action=[ 1.          0.9950622   1.          0.          1.          0.99999994
 -0.9089162 ] | Reward=+0.007 | Cum=+8.730 | Info={'shot_attempted': False, 'pass_attempted': False, 'goal_scored': False, 'goal_team': None, 'ball_out_by': None, 'has_ball': False, 'start_shot_bonus': False, 'start_pass_bonus': False, 'possession_lost': False}

[Step 171] Action=[ 1.          0.99506724  1.          0.          1.          0.99999994
 -0.9089594 ] | Reward=+0.007 | Cum=+8.738 | Info={'shot_attempted': False, 'pass_attempted': False, 'goal_scored': False, 'goal_team': None, 'ball_out_by': None, 'has_ball': False, 'start_shot_bonus': False, 'start_pass_bonus': False, 'possession_lost': False}

[Step 172] Action=[ 1.          0.9950723   1.          0.          1.          0.99999994
 -0.90900266] | Reward=+0.007 | Cum=+8.745 | Info={'shot_attempted': False, 'pass_attempted': False, 'goal_scored': False, 'goal_team': None, 'ball_out_by': None, 'has_ball': False, 'start_shot_bonus': False, 'start_pass_bonus': False, 'possession_lost': False}

[Step 173] Action=[ 1.          0.9950774   1.          0.          1.          0.99999994
 -0.90904593] | Reward=+0.006 | Cum=+8.751 | Info={'shot_attempted': False, 'pass_attempted': False, 'goal_scored': False, 'goal_team': None, 'ball_out_by': None, 'has_ball': False, 'start_shot_bonus': False, 'start_pass_bonus': False, 'possession_lost': False}

[Step 174] Action=[ 1.          0.9950824   1.          0.          1.          0.99999994
 -0.9090891 ] | Reward=+0.006 | Cum=+8.757 | Info={'shot_attempted': False, 'pass_attempted': False, 'goal_scored': False, 'goal_team': None, 'ball_out_by': None, 'has_ball': False, 'start_shot_bonus': False, 'start_pass_bonus': False, 'possession_lost': False}

[Step 175] Action=[ 1.          0.99508744  1.          0.          1.          0.99999994
 -0.90913236] | Reward=+0.006 | Cum=+8.764 | Info={'shot_attempted': False, 'pass_attempted': False, 'goal_scored': False, 'goal_team': None, 'ball_out_by': None, 'has_ball': False, 'start_shot_bonus': False, 'start_pass_bonus': False, 'possession_lost': False}

[Step 176] Action=[ 1.          0.99509245  1.          0.          1.          0.99999994
 -0.9091755 ] | Reward=+0.007 | Cum=+8.771 | Info={'shot_attempted': False, 'pass_attempted': False, 'goal_scored': False, 'goal_team': None, 'ball_out_by': None, 'has_ball': False, 'start_shot_bonus': False, 'start_pass_bonus': False, 'possession_lost': False}

[Step 177] Action=[ 1.          0.9950975   1.          0.          1.          0.99999994
 -0.9092186 ] | Reward=+0.007 | Cum=+8.778 | Info={'shot_attempted': False, 'pass_attempted': False, 'goal_scored': False, 'goal_team': None, 'ball_out_by': None, 'has_ball': False, 'start_shot_bonus': False, 'start_pass_bonus': False, 'possession_lost': False}

[Step 178] Action=[ 1.          0.9951025   1.          0.          1.          0.99999994
 -0.90926176] | Reward=+0.007 | Cum=+8.785 | Info={'shot_attempted': False, 'pass_attempted': False, 'goal_scored': False, 'goal_team': None, 'ball_out_by': None, 'has_ball': False, 'start_shot_bonus': False, 'start_pass_bonus': False, 'possession_lost': False}

[Step 179] Action=[ 1.          0.99510753  1.          0.          1.          0.99999994
 -0.9093049 ] | Reward=+0.006 | Cum=+8.791 | Info={'shot_attempted': False, 'pass_attempted': False, 'goal_scored': False, 'goal_team': None, 'ball_out_by': None, 'has_ball': False, 'start_shot_bonus': False, 'start_pass_bonus': False, 'possession_lost': False}

[Step 180] Action=[ 1.          0.9951126   1.          0.          1.          0.99999994
 -0.909348  ] | Reward=+0.006 | Cum=+8.797 | Info={'shot_attempted': False, 'pass_attempted': False, 'goal_scored': False, 'goal_team': None, 'ball_out_by': None, 'has_ball': False, 'start_shot_bonus': False, 'start_pass_bonus': False, 'possession_lost': False}

[Step 181] Action=[ 1.          0.9951176   1.          0.          1.          0.99999994
 -0.90939116] | Reward=+0.006 | Cum=+8.803 | Info={'shot_attempted': False, 'pass_attempted': False, 'goal_scored': False, 'goal_team': None, 'ball_out_by': None, 'has_ball': False, 'start_shot_bonus': False, 'start_pass_bonus': False, 'possession_lost': False}

[Step 182] Action=[ 1.          0.9951226   1.          0.          1.          0.99999994
 -0.9094341 ] | Reward=+0.007 | Cum=+8.810 | Info={'shot_attempted': False, 'pass_attempted': False, 'goal_scored': False, 'goal_team': None, 'ball_out_by': None, 'has_ball': False, 'start_shot_bonus': False, 'start_pass_bonus': False, 'possession_lost': False}

[Step 183] Action=[ 1.          0.9951276   1.          0.          1.          0.99999994
 -0.9094773 ] | Reward=+0.007 | Cum=+8.817 | Info={'shot_attempted': False, 'pass_attempted': False, 'goal_scored': False, 'goal_team': None, 'ball_out_by': None, 'has_ball': False, 'start_shot_bonus': False, 'start_pass_bonus': False, 'possession_lost': False}

[Step 184] Action=[ 1.          0.9951326   1.          0.          1.          0.99999994
 -0.90952045] | Reward=+0.007 | Cum=+8.824 | Info={'shot_attempted': False, 'pass_attempted': False, 'goal_scored': False, 'goal_team': None, 'ball_out_by': None, 'has_ball': False, 'start_shot_bonus': False, 'start_pass_bonus': False, 'possession_lost': False}

[Step 185] Action=[ 1.          0.99513763  1.          0.          1.          0.99999994
 -0.9095634 ] | Reward=+0.006 | Cum=+8.830 | Info={'shot_attempted': False, 'pass_attempted': False, 'goal_scored': False, 'goal_team': None, 'ball_out_by': None, 'has_ball': False, 'start_shot_bonus': False, 'start_pass_bonus': False, 'possession_lost': False}

[Step 186] Action=[ 1.          0.99514264  1.          0.          1.          0.99999994
 -0.9096062 ] | Reward=+0.006 | Cum=+8.837 | Info={'shot_attempted': False, 'pass_attempted': False, 'goal_scored': False, 'goal_team': None, 'ball_out_by': None, 'has_ball': False, 'start_shot_bonus': False, 'start_pass_bonus': False, 'possession_lost': False}

[Step 187] Action=[ 1.          0.9951476   1.          0.          1.          0.99999994
 -0.9096494 ] | Reward=+0.006 | Cum=+8.843 | Info={'shot_attempted': False, 'pass_attempted': False, 'goal_scored': False, 'goal_team': None, 'ball_out_by': None, 'has_ball': False, 'start_shot_bonus': False, 'start_pass_bonus': False, 'possession_lost': False}

[Step 188] Action=[ 1.          0.9951526   1.          0.          1.          0.99999994
 -0.9096924 ] | Reward=+0.007 | Cum=+8.850 | Info={'shot_attempted': False, 'pass_attempted': False, 'goal_scored': False, 'goal_team': None, 'ball_out_by': None, 'has_ball': False, 'start_shot_bonus': False, 'start_pass_bonus': False, 'possession_lost': False}

[Step 189] Action=[ 1.          0.99515754  1.          0.          1.          0.99999994
 -0.90973526] | Reward=+0.007 | Cum=+8.856 | Info={'shot_attempted': False, 'pass_attempted': False, 'goal_scored': False, 'goal_team': None, 'ball_out_by': None, 'has_ball': False, 'start_shot_bonus': False, 'start_pass_bonus': False, 'possession_lost': False}

[Step 190] Action=[ 1.          0.99516255  1.          0.          1.          0.99999994
 -0.9097784 ] | Reward=+0.007 | Cum=+8.863 | Info={'shot_attempted': False, 'pass_attempted': False, 'goal_scored': False, 'goal_team': None, 'ball_out_by': None, 'has_ball': False, 'start_shot_bonus': False, 'start_pass_bonus': False, 'possession_lost': False}

[Step 191] Action=[ 1.          0.9951675   1.          0.          1.          0.99999994
 -0.9098212 ] | Reward=+0.006 | Cum=+8.869 | Info={'shot_attempted': False, 'pass_attempted': False, 'goal_scored': False, 'goal_team': None, 'ball_out_by': None, 'has_ball': False, 'start_shot_bonus': False, 'start_pass_bonus': False, 'possession_lost': False}

[Step 192] Action=[ 1.          0.9951725   1.          0.          1.          0.99999994
 -0.90986407] | Reward=+0.006 | Cum=+8.875 | Info={'shot_attempted': False, 'pass_attempted': False, 'goal_scored': False, 'goal_team': None, 'ball_out_by': None, 'has_ball': False, 'start_shot_bonus': False, 'start_pass_bonus': False, 'possession_lost': False}

[Step 193] Action=[ 1.          0.99517745  1.          0.          1.          0.99999994
 -0.90990686] | Reward=+0.006 | Cum=+8.881 | Info={'shot_attempted': False, 'pass_attempted': False, 'goal_scored': False, 'goal_team': None, 'ball_out_by': None, 'has_ball': False, 'start_shot_bonus': False, 'start_pass_bonus': False, 'possession_lost': False}

[Step 194] Action=[ 1.          0.9951824   1.          0.          1.          0.99999994
 -0.90994984] | Reward=+0.006 | Cum=+8.887 | Info={'shot_attempted': False, 'pass_attempted': False, 'goal_scored': False, 'goal_team': None, 'ball_out_by': None, 'has_ball': False, 'start_shot_bonus': False, 'start_pass_bonus': False, 'possession_lost': False}

[Step 195] Action=[ 1.          0.9951876   1.          0.          1.          0.99999994
 -0.9099947 ] | Reward=+0.007 | Cum=+8.894 | Info={'shot_attempted': False, 'pass_attempted': False, 'goal_scored': False, 'goal_team': None, 'ball_out_by': None, 'has_ball': False, 'start_shot_bonus': False, 'start_pass_bonus': False, 'possession_lost': False}

[Step 196] Action=[ 1.          0.9951932   1.          0.          1.          0.99999994
 -0.9100452 ] | Reward=+0.007 | Cum=+8.901 | Info={'shot_attempted': False, 'pass_attempted': False, 'goal_scored': False, 'goal_team': None, 'ball_out_by': None, 'has_ball': False, 'start_shot_bonus': False, 'start_pass_bonus': False, 'possession_lost': False}

[Step 197] Action=[ 1.          0.9951988   1.          0.          1.          0.99999994
 -0.9100956 ] | Reward=+0.006 | Cum=+8.906 | Info={'shot_attempted': False, 'pass_attempted': False, 'goal_scored': False, 'goal_team': None, 'ball_out_by': None, 'has_ball': False, 'start_shot_bonus': False, 'start_pass_bonus': False, 'possession_lost': False}

[Step 198] Action=[ 1.          0.9952044   1.          0.          1.          0.99999994
 -0.9101462 ] | Reward=+0.006 | Cum=+8.912 | Info={'shot_attempted': False, 'pass_attempted': False, 'goal_scored': False, 'goal_team': None, 'ball_out_by': None, 'has_ball': False, 'start_shot_bonus': False, 'start_pass_bonus': False, 'possession_lost': False}

[Step 199] Action=[ 1.          0.99521     1.          0.          1.          0.99999994
 -0.91019654] | Reward=+0.006 | Cum=+8.918 | Info={'shot_attempted': False, 'pass_attempted': False, 'goal_scored': False, 'goal_team': None, 'ball_out_by': None, 'has_ball': False, 'start_shot_bonus': False, 'start_pass_bonus': False, 'possession_lost': False}

[Step 200] Action=[ 1.          0.9952156   1.          0.          1.          0.99999994
 -0.9102468 ] | Reward=+0.006 | Cum=+8.924 | Info={'shot_attempted': False, 'pass_attempted': False, 'goal_scored': False, 'goal_team': None, 'ball_out_by': None, 'has_ball': False, 'start_shot_bonus': False, 'start_pass_bonus': False, 'possession_lost': False}

[Step 201] Action=[ 1.          0.9952212   1.          0.          1.          0.99999994
 -0.9102972 ] | Reward=+0.006 | Cum=+8.930 | Info={'shot_attempted': False, 'pass_attempted': False, 'goal_scored': False, 'goal_team': None, 'ball_out_by': None, 'has_ball': False, 'start_shot_bonus': False, 'start_pass_bonus': False, 'possession_lost': False}

[Step 202] Action=[ 1.          0.9952268   1.          0.          1.          0.99999994
 -0.9103475 ] | Reward=+0.006 | Cum=+8.936 | Info={'shot_attempted': False, 'pass_attempted': False, 'goal_scored': False, 'goal_team': None, 'ball_out_by': None, 'has_ball': False, 'start_shot_bonus': False, 'start_pass_bonus': False, 'possession_lost': False}

[Step 203] Action=[ 1.          0.99523234  1.          0.          1.          0.99999994
 -0.9103978 ] | Reward=+0.006 | Cum=+8.942 | Info={'shot_attempted': False, 'pass_attempted': False, 'goal_scored': False, 'goal_team': None, 'ball_out_by': None, 'has_ball': False, 'start_shot_bonus': False, 'start_pass_bonus': False, 'possession_lost': False}

[Step 204] Action=[ 1.          0.99523795  1.          0.          1.          0.99999994
 -0.910448  ] | Reward=+0.006 | Cum=+8.948 | Info={'shot_attempted': False, 'pass_attempted': False, 'goal_scored': False, 'goal_team': None, 'ball_out_by': None, 'has_ball': False, 'start_shot_bonus': False, 'start_pass_bonus': False, 'possession_lost': False}

[Step 205] Action=[ 1.          0.9952435   1.          0.          1.          0.99999994
 -0.9104982 ] | Reward=+0.006 | Cum=+8.953 | Info={'shot_attempted': False, 'pass_attempted': False, 'goal_scored': False, 'goal_team': None, 'ball_out_by': None, 'has_ball': False, 'start_shot_bonus': False, 'start_pass_bonus': False, 'possession_lost': False}

[Step 206] Action=[ 1.          0.99524903  1.          0.          1.          0.99999994
 -0.9105484 ] | Reward=+0.006 | Cum=+8.959 | Info={'shot_attempted': False, 'pass_attempted': False, 'goal_scored': False, 'goal_team': None, 'ball_out_by': None, 'has_ball': False, 'start_shot_bonus': False, 'start_pass_bonus': False, 'possession_lost': False}

[Step 207] Action=[ 1.          0.99525464  1.          0.          1.          0.99999994
 -0.91059846] | Reward=+0.006 | Cum=+8.965 | Info={'shot_attempted': False, 'pass_attempted': False, 'goal_scored': False, 'goal_team': None, 'ball_out_by': None, 'has_ball': False, 'start_shot_bonus': False, 'start_pass_bonus': False, 'possession_lost': False}

[Step 208] Action=[ 1.          0.9952602   1.          0.          1.          0.99999994
 -0.9106487 ] | Reward=-0.594 | Cum=+8.371 | Info={'shot_attempted': False, 'pass_attempted': False, 'goal_scored': False, 'goal_team': None, 'ball_out_by': None, 'has_ball': False, 'start_shot_bonus': False, 'start_pass_bonus': False, 'possession_lost': True}

[Step 209] Action=[ 1.          0.99334985  1.          0.          1.          0.9999998
 -0.8853182 ] | Reward=-0.595 | Cum=+7.776 | Info={'shot_attempted': False, 'pass_attempted': False, 'goal_scored': False, 'goal_team': None, 'ball_out_by': None, 'has_ball': False, 'start_shot_bonus': False, 'start_pass_bonus': False, 'possession_lost': True}

[Step 210] Action=[ 1.         0.9933554  1.         0.         1.         0.9999998
 -0.8853585] | Reward=-0.595 | Cum=+7.181 | Info={'shot_attempted': False, 'pass_attempted': False, 'goal_scored': False, 'goal_team': None, 'ball_out_by': None, 'has_ball': False, 'start_shot_bonus': False, 'start_pass_bonus': False, 'possession_lost': True}

[Step 211] Action=[ 1.          0.9933618   1.          0.          1.          0.9999998
 -0.88540375] | Reward=-0.595 | Cum=+6.586 | Info={'shot_attempted': False, 'pass_attempted': False, 'goal_scored': False, 'goal_team': None, 'ball_out_by': None, 'has_ball': False, 'start_shot_bonus': False, 'start_pass_bonus': False, 'possession_lost': True}

[Step 212] Action=[ 1.          0.99336815  1.          0.          1.          0.9999998
 -0.88544905] | Reward=-0.595 | Cum=+5.992 | Info={'shot_attempted': False, 'pass_attempted': False, 'goal_scored': False, 'goal_team': None, 'ball_out_by': None, 'has_ball': False, 'start_shot_bonus': False, 'start_pass_bonus': False, 'possession_lost': True}

[Step 213] Action=[ 1.         0.9933745  1.         0.         1.         0.9999998
 -0.8854942] | Reward=-0.594 | Cum=+5.397 | Info={'shot_attempted': False, 'pass_attempted': False, 'goal_scored': False, 'goal_team': None, 'ball_out_by': None, 'has_ball': False, 'start_shot_bonus': False, 'start_pass_bonus': False, 'possession_lost': True}

[Step 214] Action=[ 1.         0.9933809  1.         0.         1.         0.9999998
 -0.8855393] | Reward=-0.594 | Cum=+4.803 | Info={'shot_attempted': False, 'pass_attempted': False, 'goal_scored': False, 'goal_team': None, 'ball_out_by': None, 'has_ball': False, 'start_shot_bonus': False, 'start_pass_bonus': False, 'possession_lost': True}

[Step 215] Action=[ 1.         0.9933873  1.         0.         1.         0.9999998
 -0.8855845] | Reward=-0.595 | Cum=+4.208 | Info={'shot_attempted': False, 'pass_attempted': False, 'goal_scored': False, 'goal_team': None, 'ball_out_by': None, 'has_ball': False, 'start_shot_bonus': False, 'start_pass_bonus': False, 'possession_lost': True}

[Step 216] Action=[ 1.         0.9933936  1.         0.         1.         0.9999998
 -0.8856295] | Reward=-0.595 | Cum=+3.613 | Info={'shot_attempted': False, 'pass_attempted': False, 'goal_scored': False, 'goal_team': None, 'ball_out_by': None, 'has_ball': False, 'start_shot_bonus': False, 'start_pass_bonus': False, 'possession_lost': True}

[Step 217] Action=[ 1.         0.9934     1.         0.         1.         0.9999998
 -0.8856746] | Reward=-0.595 | Cum=+3.018 | Info={'shot_attempted': False, 'pass_attempted': False, 'goal_scored': False, 'goal_team': None, 'ball_out_by': None, 'has_ball': False, 'start_shot_bonus': False, 'start_pass_bonus': False, 'possession_lost': True}

[Step 218] Action=[ 1.          0.99340636  1.          0.          1.          0.9999998
 -0.8857196 ] | Reward=-0.595 | Cum=+2.422 | Info={'shot_attempted': False, 'pass_attempted': False, 'goal_scored': False, 'goal_team': None, 'ball_out_by': None, 'has_ball': False, 'start_shot_bonus': False, 'start_pass_bonus': False, 'possession_lost': True}

[Step 219] Action=[ 1.         0.9934128  1.         0.         1.         0.9999998
 -0.8857652] | Reward=-0.595 | Cum=+1.827 | Info={'shot_attempted': False, 'pass_attempted': False, 'goal_scored': False, 'goal_team': None, 'ball_out_by': None, 'has_ball': False, 'start_shot_bonus': False, 'start_pass_bonus': False, 'possession_lost': True}

[Step 220] Action=[ 1.          0.9934194   1.          0.          1.          0.9999998
 -0.88581216] | Reward=-0.595 | Cum=+1.233 | Info={'shot_attempted': False, 'pass_attempted': False, 'goal_scored': False, 'goal_team': None, 'ball_out_by': None, 'has_ball': False, 'start_shot_bonus': False, 'start_pass_bonus': False, 'possession_lost': True}

[Step 221] Action=[ 1.          0.993426    1.          0.          1.          0.9999998
 -0.88585913] | Reward=-0.596 | Cum=+0.637 | Info={'shot_attempted': False, 'pass_attempted': False, 'goal_scored': False, 'goal_team': None, 'ball_out_by': None, 'has_ball': False, 'start_shot_bonus': False, 'start_pass_bonus': False, 'possession_lost': True}

[Step 222] Action=[ 1.          0.99343264  1.          0.          1.          0.9999998
 -0.88590586] | Reward=-0.596 | Cum=+0.042 | Info={'shot_attempted': False, 'pass_attempted': False, 'goal_scored': False, 'goal_team': None, 'ball_out_by': None, 'has_ball': False, 'start_shot_bonus': False, 'start_pass_bonus': False, 'possession_lost': True}

[Step 223] Action=[ 1.          0.99343926  1.          0.          1.          0.9999998
 -0.88595265] | Reward=-0.596 | Cum=-0.554 | Info={'shot_attempted': False, 'pass_attempted': False, 'goal_scored': False, 'goal_team': None, 'ball_out_by': None, 'has_ball': False, 'start_shot_bonus': False, 'start_pass_bonus': False, 'possession_lost': True}

[Step 224] Action=[ 1.          0.9934459   1.          0.          1.          0.9999998
 -0.88599926] | Reward=-0.596 | Cum=-1.150 | Info={'shot_attempted': False, 'pass_attempted': False, 'goal_scored': False, 'goal_team': None, 'ball_out_by': None, 'has_ball': False, 'start_shot_bonus': False, 'start_pass_bonus': False, 'possession_lost': True}

[Step 225] Action=[ 1.          0.9934525   1.          0.          1.          0.9999998
 -0.88604605] | Reward=-0.596 | Cum=-1.745 | Info={'shot_attempted': False, 'pass_attempted': False, 'goal_scored': False, 'goal_team': None, 'ball_out_by': None, 'has_ball': False, 'start_shot_bonus': False, 'start_pass_bonus': False, 'possession_lost': True}

[Step 226] Action=[ 1.          0.99345905  1.          0.          1.          0.9999998
 -0.8860929 ] | Reward=-0.595 | Cum=-2.340 | Info={'shot_attempted': False, 'pass_attempted': False, 'goal_scored': False, 'goal_team': None, 'ball_out_by': None, 'has_ball': False, 'start_shot_bonus': False, 'start_pass_bonus': False, 'possession_lost': True}

[Step 227] Action=[ 1.          0.99346566  1.          0.          1.          0.9999998
 -0.88613963] | Reward=-0.596 | Cum=-2.936 | Info={'shot_attempted': False, 'pass_attempted': False, 'goal_scored': False, 'goal_team': None, 'ball_out_by': None, 'has_ball': False, 'start_shot_bonus': False, 'start_pass_bonus': False, 'possession_lost': True}

[Step 228] Action=[ 1.          0.9934722   1.          0.          1.          0.9999998
 -0.88618624] | Reward=-0.596 | Cum=-3.532 | Info={'shot_attempted': False, 'pass_attempted': False, 'goal_scored': False, 'goal_team': None, 'ball_out_by': None, 'has_ball': False, 'start_shot_bonus': False, 'start_pass_bonus': False, 'possession_lost': True}

[Step 229] Action=[ 1.          0.9934788   1.          0.          1.          0.9999998
 -0.88623285] | Reward=-0.596 | Cum=-4.128 | Info={'shot_attempted': False, 'pass_attempted': False, 'goal_scored': False, 'goal_team': None, 'ball_out_by': None, 'has_ball': False, 'start_shot_bonus': False, 'start_pass_bonus': False, 'possession_lost': True}

[Step 230] Action=[ 1.         0.9934854  1.         0.         1.         0.9999998
 -0.8862797] | Reward=-0.596 | Cum=-4.724 | Info={'shot_attempted': False, 'pass_attempted': False, 'goal_scored': False, 'goal_team': None, 'ball_out_by': None, 'has_ball': False, 'start_shot_bonus': False, 'start_pass_bonus': False, 'possession_lost': True}

[Step 231] Action=[ 1.          0.99349195  1.          0.          1.          0.9999998
 -0.8863263 ] | Reward=-0.596 | Cum=-5.320 | Info={'shot_attempted': False, 'pass_attempted': False, 'goal_scored': False, 'goal_team': None, 'ball_out_by': None, 'has_ball': False, 'start_shot_bonus': False, 'start_pass_bonus': False, 'possession_lost': True}

[Step 232] Action=[ 1.         0.9934985  1.         0.         1.         0.9999998
 -0.886373 ] | Reward=-0.596 | Cum=-5.916 | Info={'shot_attempted': False, 'pass_attempted': False, 'goal_scored': False, 'goal_team': None, 'ball_out_by': None, 'has_ball': False, 'start_shot_bonus': False, 'start_pass_bonus': False, 'possession_lost': True}

[Step 233] Action=[ 1.          0.99350506  1.          0.          1.          0.9999998
 -0.88641953] | Reward=-0.597 | Cum=-6.512 | Info={'shot_attempted': False, 'pass_attempted': False, 'goal_scored': False, 'goal_team': None, 'ball_out_by': None, 'has_ball': False, 'start_shot_bonus': False, 'start_pass_bonus': False, 'possession_lost': True}

[Step 234] Action=[ 1.          0.99351156  1.          0.          1.          0.9999998
 -0.8864661 ] | Reward=-0.597 | Cum=-7.109 | Info={'shot_attempted': False, 'pass_attempted': False, 'goal_scored': False, 'goal_team': None, 'ball_out_by': None, 'has_ball': False, 'start_shot_bonus': False, 'start_pass_bonus': False, 'possession_lost': True}

[Step 235] Action=[ 1.         0.9935181  1.         0.         1.         0.9999998
 -0.8865128] | Reward=-0.597 | Cum=-7.705 | Info={'shot_attempted': False, 'pass_attempted': False, 'goal_scored': False, 'goal_team': None, 'ball_out_by': None, 'has_ball': False, 'start_shot_bonus': False, 'start_pass_bonus': False, 'possession_lost': True}

[Step 236] Action=[ 1.          0.9935247   1.          0.          1.          0.9999998
 -0.88655925] | Reward=-0.597 | Cum=-8.302 | Info={'shot_attempted': False, 'pass_attempted': False, 'goal_scored': False, 'goal_team': None, 'ball_out_by': None, 'has_ball': False, 'start_shot_bonus': False, 'start_pass_bonus': False, 'possession_lost': True}

[Step 237] Action=[ 1.          0.99353117  1.          0.          1.          0.9999998
 -0.8866057 ] | Reward=-0.597 | Cum=-8.898 | Info={'shot_attempted': False, 'pass_attempted': False, 'goal_scored': False, 'goal_team': None, 'ball_out_by': None, 'has_ball': False, 'start_shot_bonus': False, 'start_pass_bonus': False, 'possession_lost': True}

[Step 238] Action=[ 1.          0.99353766  1.          0.          1.          0.9999998
 -0.88665223] | Reward=-0.596 | Cum=-9.494 | Info={'shot_attempted': False, 'pass_attempted': False, 'goal_scored': False, 'goal_team': None, 'ball_out_by': None, 'has_ball': False, 'start_shot_bonus': False, 'start_pass_bonus': False, 'possession_lost': True}

[Step 239] Action=[ 1.          0.9935442   1.          0.          1.          0.9999998
 -0.88669884] | Reward=-0.597 | Cum=-10.092 | Info={'shot_attempted': False, 'pass_attempted': False, 'goal_scored': False, 'goal_team': None, 'ball_out_by': None, 'has_ball': False, 'start_shot_bonus': False, 'start_pass_bonus': False, 'possession_lost': True}

[Step 240] Action=[ 1.         0.9935507  1.         0.         1.         0.9999998
 -0.8867452] | Reward=-0.597 | Cum=-10.689 | Info={'shot_attempted': False, 'pass_attempted': False, 'goal_scored': False, 'goal_team': None, 'ball_out_by': None, 'has_ball': False, 'start_shot_bonus': False, 'start_pass_bonus': False, 'possession_lost': True}

[Step 241] Action=[ 1.          0.9935572   1.          0.          1.          0.9999998
 -0.88679177] | Reward=-0.597 | Cum=-11.286 | Info={'shot_attempted': False, 'pass_attempted': False, 'goal_scored': False, 'goal_team': None, 'ball_out_by': None, 'has_ball': False, 'start_shot_bonus': False, 'start_pass_bonus': False, 'possession_lost': True}

[Step 242] Action=[ 1.          0.9935637   1.          0.          1.          0.9999998
 -0.88683826] | Reward=-0.597 | Cum=-11.883 | Info={'shot_attempted': False, 'pass_attempted': False, 'goal_scored': False, 'goal_team': None, 'ball_out_by': None, 'has_ball': False, 'start_shot_bonus': False, 'start_pass_bonus': False, 'possession_lost': True}

[Step 243] Action=[ 1.          0.99357015  1.          0.          1.          0.9999998
 -0.88688475] | Reward=-0.597 | Cum=-12.480 | Info={'shot_attempted': False, 'pass_attempted': False, 'goal_scored': False, 'goal_team': None, 'ball_out_by': None, 'has_ball': False, 'start_shot_bonus': False, 'start_pass_bonus': False, 'possession_lost': True}

[Step 244] Action=[ 1.          0.99357665  1.          0.          1.          0.9999998
 -0.88693106] | Reward=-0.597 | Cum=-13.077 | Info={'shot_attempted': False, 'pass_attempted': False, 'goal_scored': False, 'goal_team': None, 'ball_out_by': None, 'has_ball': False, 'start_shot_bonus': False, 'start_pass_bonus': False, 'possession_lost': True}

[Step 245] Action=[ 1.          0.99358314  1.          0.          1.          0.9999998
 -0.8869774 ] | Reward=-0.598 | Cum=-13.674 | Info={'shot_attempted': False, 'pass_attempted': False, 'goal_scored': False, 'goal_team': None, 'ball_out_by': None, 'has_ball': False, 'start_shot_bonus': False, 'start_pass_bonus': False, 'possession_lost': True}

[Step 246] Action=[ 1.         0.9935896  1.         0.         1.         0.9999998
 -0.8870239] | Reward=-0.598 | Cum=-14.272 | Info={'shot_attempted': False, 'pass_attempted': False, 'goal_scored': False, 'goal_team': None, 'ball_out_by': None, 'has_ball': False, 'start_shot_bonus': False, 'start_pass_bonus': False, 'possession_lost': True}

[Step 247] Action=[ 1.         0.993596   1.         0.         1.         0.9999998
 -0.88707  ] | Reward=-0.598 | Cum=-14.869 | Info={'shot_attempted': False, 'pass_attempted': False, 'goal_scored': False, 'goal_team': None, 'ball_out_by': None, 'has_ball': False, 'start_shot_bonus': False, 'start_pass_bonus': False, 'possession_lost': True}

[Step 248] Action=[ 1.         0.9936025  1.         0.         1.         0.9999998
 -0.8871165] | Reward=-0.598 | Cum=-15.467 | Info={'shot_attempted': False, 'pass_attempted': False, 'goal_scored': False, 'goal_team': None, 'ball_out_by': None, 'has_ball': False, 'start_shot_bonus': False, 'start_pass_bonus': False, 'possession_lost': True}

[Step 249] Action=[ 1.          0.99360895  1.          0.          1.          0.9999998
 -0.8871627 ] | Reward=-0.598 | Cum=-16.065 | Info={'shot_attempted': False, 'pass_attempted': False, 'goal_scored': False, 'goal_team': None, 'ball_out_by': None, 'has_ball': False, 'start_shot_bonus': False, 'start_pass_bonus': False, 'possession_lost': True}

[Step 250] Action=[ 1.         0.9936154  1.         0.         1.         0.9999998
 -0.8872092] | Reward=-0.598 | Cum=-16.662 | Info={'shot_attempted': False, 'pass_attempted': False, 'goal_scored': False, 'goal_team': None, 'ball_out_by': None, 'has_ball': False, 'start_shot_bonus': False, 'start_pass_bonus': False, 'possession_lost': True}

[Step 251] Action=[ 1.         0.9936218  1.         0.         1.         0.9999998
 -0.8872555] | Reward=-0.597 | Cum=-17.259 | Info={'shot_attempted': False, 'pass_attempted': False, 'goal_scored': False, 'goal_team': None, 'ball_out_by': None, 'has_ball': False, 'start_shot_bonus': False, 'start_pass_bonus': False, 'possession_lost': True}

[Step 252] Action=[ 1.         0.9936282  1.         0.         1.         0.9999998
 -0.8873017] | Reward=-0.598 | Cum=-17.858 | Info={'shot_attempted': False, 'pass_attempted': False, 'goal_scored': False, 'goal_team': None, 'ball_out_by': None, 'has_ball': False, 'start_shot_bonus': False, 'start_pass_bonus': False, 'possession_lost': True}

[Step 253] Action=[ 1.          0.99363464  1.          0.          1.          0.9999998
 -0.887348  ] | Reward=-0.598 | Cum=-18.456 | Info={'shot_attempted': False, 'pass_attempted': False, 'goal_scored': False, 'goal_team': None, 'ball_out_by': None, 'has_ball': False, 'start_shot_bonus': False, 'start_pass_bonus': False, 'possession_lost': True}

[Step 254] Action=[ 1.         0.9936411  1.         0.         1.         0.9999998
 -0.8873942] | Reward=-0.598 | Cum=-19.054 | Info={'shot_attempted': False, 'pass_attempted': False, 'goal_scored': False, 'goal_team': None, 'ball_out_by': None, 'has_ball': False, 'start_shot_bonus': False, 'start_pass_bonus': False, 'possession_lost': True}

[Step 255] Action=[ 1.          0.99364746  1.          0.          1.          0.9999998
 -0.8874403 ] | Reward=-1.098 | Cum=-20.152 | Info={'shot_attempted': False, 'pass_attempted': False, 'pass_failed': True, 'goal_scored': False, 'goal_team': None, 'ball_out_by': 'att_1', 'has_ball': False, 'start_shot_bonus': False, 'start_pass_bonus': False, 'possession_lost': True}

