Debug log for att_2 (Episode 1200)
================================================================================
[Step 1] Action=[ 0.         -0.          1.          0.          0.99988633 -0.77932787
 -0.9999999 ] | Reward=-0.004 | Cum=-0.004 | Info={'shot_attempted': False, 'pass_attempted': False, 'goal_scored': False, 'goal_team': None, 'ball_out_by': None, 'has_ball': False, 'start_shot_bonus': False, 'start_pass_bonus': False, 'possession_lost': False}

[Step 2] Action=[ 0.        -0.         1.         0.         0.9999745 -0.8241961
 -1.       ] | Reward=-0.004 | Cum=-0.008 | Info={'shot_attempted': False, 'pass_attempted': False, 'goal_scored': False, 'goal_team': None, 'ball_out_by': None, 'has_ball': False, 'start_shot_bonus': False, 'start_pass_bonus': False, 'possession_lost': False}

[Step 3] Action=[ 0.         -0.          1.          0.          0.9999742  -0.82365215
 -1.        ] | Reward=-0.004 | Cum=-0.011 | Info={'shot_attempted': False, 'pass_attempted': False, 'goal_scored': False, 'goal_team': None, 'ball_out_by': None, 'has_ball': False, 'start_shot_bonus': False, 'start_pass_bonus': False, 'possession_lost': False}

[Step 4] Action=[ 0.        -0.         1.         0.         0.9999739 -0.8231075
 -1.       ] | Reward=-0.003 | Cum=-0.014 | Info={'shot_attempted': False, 'pass_attempted': False, 'goal_scored': False, 'goal_team': None, 'ball_out_by': None, 'has_ball': False, 'start_shot_bonus': False, 'start_pass_bonus': False, 'possession_lost': False}

[Step 5] Action=[ 0.         -0.          1.          0.          0.9999736  -0.82256335
 -1.        ] | Reward=-0.003 | Cum=-0.017 | Info={'shot_attempted': False, 'pass_attempted': False, 'goal_scored': False, 'goal_team': None, 'ball_out_by': None, 'has_ball': False, 'start_shot_bonus': False, 'start_pass_bonus': False, 'possession_lost': False}

[Step 6] Action=[ 0.         -0.          1.          0.          0.9999733  -0.82201946
 -1.        ] | Reward=-0.003 | Cum=-0.020 | Info={'shot_attempted': False, 'pass_attempted': False, 'goal_scored': False, 'goal_team': None, 'ball_out_by': None, 'has_ball': False, 'start_shot_bonus': False, 'start_pass_bonus': False, 'possession_lost': False}

[Step 7] Action=[ 0.         -0.          1.          0.          0.999973   -0.82147473
 -1.        ] | Reward=-0.002 | Cum=-0.022 | Info={'shot_attempted': False, 'pass_attempted': False, 'goal_scored': False, 'goal_team': None, 'ball_out_by': None, 'has_ball': False, 'start_shot_bonus': False, 'start_pass_bonus': False, 'possession_lost': False}

[Step 8] Action=[ 0.        -0.         1.         0.         0.9999727 -0.8209294
 -1.       ] | Reward=-0.002 | Cum=-0.024 | Info={'shot_attempted': False, 'pass_attempted': False, 'goal_scored': False, 'goal_team': None, 'ball_out_by': None, 'has_ball': False, 'start_shot_bonus': False, 'start_pass_bonus': False, 'possession_lost': False}

[Step 9] Action=[ 0.        -0.         1.         0.         0.9999724 -0.8203835
 -1.       ] | Reward=-0.001 | Cum=-0.025 | Info={'shot_attempted': False, 'pass_attempted': False, 'goal_scored': False, 'goal_team': None, 'ball_out_by': None, 'has_ball': False, 'start_shot_bonus': False, 'start_pass_bonus': False, 'possession_lost': False}

[Step 10] Action=[ 0.        -0.         1.         0.         0.9999721 -0.8198366
 -1.       ] | Reward=-0.000 | Cum=-0.025 | Info={'shot_attempted': False, 'pass_attempted': False, 'goal_scored': False, 'goal_team': None, 'ball_out_by': None, 'has_ball': False, 'start_shot_bonus': False, 'start_pass_bonus': False, 'possession_lost': False}

[Step 11] Action=[ 0.         -0.          1.          0.          0.99997175 -0.8192894
 -1.        ] | Reward=+0.000 | Cum=-0.025 | Info={'shot_attempted': False, 'pass_attempted': False, 'goal_scored': False, 'goal_team': None, 'ball_out_by': None, 'has_ball': False, 'start_shot_bonus': False, 'start_pass_bonus': False, 'possession_lost': False}

[Step 12] Action=[ 0.         -0.          1.          0.          0.99997145 -0.8187415
 -1.        ] | Reward=+0.001 | Cum=-0.024 | Info={'shot_attempted': False, 'pass_attempted': False, 'goal_scored': False, 'goal_team': None, 'ball_out_by': None, 'has_ball': False, 'start_shot_bonus': False, 'start_pass_bonus': False, 'possession_lost': False}

[Step 13] Action=[ 0.         -0.          1.          0.          0.99997115 -0.8181929
 -1.        ] | Reward=+0.002 | Cum=-0.021 | Info={'shot_attempted': False, 'pass_attempted': False, 'goal_scored': False, 'goal_team': None, 'ball_out_by': None, 'has_ball': False, 'start_shot_bonus': False, 'start_pass_bonus': False, 'possession_lost': False}

[Step 14] Action=[ 0.         -0.          1.          0.          0.9999708  -0.8176434
 -0.99999994] | Reward=+0.004 | Cum=-0.017 | Info={'shot_attempted': False, 'pass_attempted': False, 'goal_scored': False, 'goal_team': None, 'ball_out_by': None, 'has_ball': False, 'start_shot_bonus': False, 'start_pass_bonus': False, 'possession_lost': False}

[Step 15] Action=[ 0.         -0.          1.          0.          0.9999705  -0.8170935
 -0.99999994] | Reward=+0.005 | Cum=-0.012 | Info={'shot_attempted': False, 'pass_attempted': False, 'goal_scored': False, 'goal_team': None, 'ball_out_by': None, 'has_ball': False, 'start_shot_bonus': False, 'start_pass_bonus': False, 'possession_lost': False}

[Step 16] Action=[ 0.         -0.          1.          0.          0.99997014 -0.8165428
 -0.99999994] | Reward=+0.007 | Cum=-0.005 | Info={'shot_attempted': False, 'pass_attempted': False, 'goal_scored': False, 'goal_team': None, 'ball_out_by': None, 'has_ball': False, 'start_shot_bonus': False, 'start_pass_bonus': False, 'possession_lost': False}

[Step 17] Action=[ 0.         -0.          1.          0.          0.99996984 -0.81599134
 -0.99999994] | Reward=+0.009 | Cum=+0.004 | Info={'shot_attempted': False, 'pass_attempted': False, 'goal_scored': False, 'goal_team': None, 'ball_out_by': None, 'has_ball': False, 'start_shot_bonus': False, 'start_pass_bonus': False, 'possession_lost': False}

[Step 18] Action=[ 0.         -0.          1.          0.          0.9999695  -0.81543946
 -0.99999994] | Reward=+0.011 | Cum=+0.015 | Info={'shot_attempted': False, 'pass_attempted': False, 'goal_scored': False, 'goal_team': None, 'ball_out_by': None, 'has_ball': False, 'start_shot_bonus': False, 'start_pass_bonus': False, 'possession_lost': False}

[Step 19] Action=[ 0.         -0.          1.          0.          0.9999692  -0.81488675
 -0.99999994] | Reward=+0.014 | Cum=+0.030 | Info={'shot_attempted': False, 'pass_attempted': False, 'goal_scored': False, 'goal_team': None, 'ball_out_by': None, 'has_ball': False, 'start_shot_bonus': False, 'start_pass_bonus': False, 'possession_lost': False}

[Step 20] Action=[ 0.         -0.          1.          0.          0.9999688  -0.81433356
 -0.99999994] | Reward=+0.018 | Cum=+0.047 | Info={'shot_attempted': False, 'pass_attempted': False, 'goal_scored': False, 'goal_team': None, 'ball_out_by': None, 'has_ball': False, 'start_shot_bonus': False, 'start_pass_bonus': False, 'possession_lost': False}

[Step 21] Action=[ 0.         -0.          1.          0.          0.99996847 -0.81377953
 -0.99999994] | Reward=+0.021 | Cum=+0.068 | Info={'shot_attempted': False, 'pass_attempted': False, 'goal_scored': False, 'goal_team': None, 'ball_out_by': None, 'has_ball': False, 'start_shot_bonus': False, 'start_pass_bonus': False, 'possession_lost': False}

[Step 22] Action=[ 0.         -0.          1.          0.          0.9999681  -0.81322485
 -0.99999994] | Reward=+0.026 | Cum=+0.094 | Info={'shot_attempted': False, 'pass_attempted': False, 'goal_scored': False, 'goal_team': None, 'ball_out_by': None, 'has_ball': False, 'start_shot_bonus': False, 'start_pass_bonus': False, 'possession_lost': False}

[Step 23] Action=[ 0.         -0.          1.          0.          0.99996775 -0.81266963
 -0.99999994] | Reward=+0.745 | Cum=+0.839 | Info={'shot_attempted': False, 'pass_attempted': False, 'start_pass_bonus': False, 'invalid_pass_attempt': True, 'pass_completed': True, 'pass_from': 'att_1', 'pass_to': 'att_2', 'goal_scored': False, 'goal_team': None, 'ball_out_by': None, 'has_ball': True, 'start_shot_bonus': False, 'possession_lost': False}

[Step 24] Action=[ 0.99999285 -0.34358758  1.          0.          0.99960744 -0.6919104
 -0.9999971 ] | Reward=+1.039 | Cum=+1.878 | Info={'shot_attempted': False, 'pass_attempted': True, 'pass_quality': 0.4999980099626771, 'pass_power': 9.747939079999924, 'pass_direction': [0.17653275376983008, 0.984294766239484], 'invalid_pass_direction': True, 'start_pass_bonus': True, 'pass_to': 'att_1', 'pass_direction_raw': [-0.5666620927539512, -0.8239490716292773], 'goal_scored': False, 'goal_team': None, 'ball_out_by': None, 'has_ball': False, 'start_shot_bonus': False, 'possession_lost': False}

[Step 25] Action=[ 1.         -0.7409256   1.          0.          0.99998736 -0.8430391
 -1.        ] | Reward=+0.030 | Cum=+1.908 | Info={'shot_attempted': False, 'pass_attempted': False, 'goal_scored': False, 'goal_team': None, 'ball_out_by': None, 'has_ball': False, 'start_shot_bonus': False, 'start_pass_bonus': False, 'possession_lost': False}

[Step 26] Action=[ 1.        -0.7412839  1.         0.         0.9999875 -0.8433052
 -1.       ] | Reward=+0.024 | Cum=+1.932 | Info={'shot_attempted': False, 'pass_attempted': False, 'goal_scored': False, 'goal_team': None, 'ball_out_by': None, 'has_ball': False, 'start_shot_bonus': False, 'start_pass_bonus': False, 'possession_lost': False}

[Step 27] Action=[ 1.         -0.74164176  1.          0.          0.99998754 -0.84357053
 -1.        ] | Reward=+0.019 | Cum=+1.951 | Info={'shot_attempted': False, 'pass_attempted': False, 'goal_scored': False, 'goal_team': None, 'ball_out_by': None, 'has_ball': False, 'start_shot_bonus': False, 'start_pass_bonus': False, 'possession_lost': False}

[Step 28] Action=[ 1.         -0.7419988   1.          0.          0.99998766 -0.843835
 -1.        ] | Reward=+0.015 | Cum=+1.965 | Info={'shot_attempted': False, 'pass_attempted': False, 'goal_scored': False, 'goal_team': None, 'ball_out_by': None, 'has_ball': False, 'start_shot_bonus': False, 'start_pass_bonus': False, 'possession_lost': False}

[Step 29] Action=[ 1.         -0.74235517  1.          0.          0.9999878  -0.8440987
 -1.        ] | Reward=+0.012 | Cum=+1.977 | Info={'shot_attempted': False, 'pass_attempted': False, 'goal_scored': False, 'goal_team': None, 'ball_out_by': None, 'has_ball': False, 'start_shot_bonus': False, 'start_pass_bonus': False, 'possession_lost': False}

[Step 30] Action=[ 1.         -0.74271065  1.          0.          0.9999879  -0.84436136
 -1.        ] | Reward=+0.009 | Cum=+1.986 | Info={'shot_attempted': False, 'pass_attempted': False, 'goal_scored': False, 'goal_team': None, 'ball_out_by': None, 'has_ball': False, 'start_shot_bonus': False, 'start_pass_bonus': False, 'possession_lost': False}

[Step 31] Action=[ 1.         -0.74306446  1.          0.          0.999988   -0.844623
 -1.        ] | Reward=+0.007 | Cum=+1.994 | Info={'shot_attempted': False, 'pass_attempted': False, 'goal_scored': False, 'goal_team': None, 'ball_out_by': None, 'has_ball': False, 'start_shot_bonus': False, 'start_pass_bonus': False, 'possession_lost': False}

[Step 32] Action=[ 1.         -0.7434174   1.          0.          0.99998814 -0.8448839
 -1.        ] | Reward=+0.006 | Cum=+1.999 | Info={'shot_attempted': False, 'pass_attempted': False, 'goal_scored': False, 'goal_team': None, 'ball_out_by': None, 'has_ball': False, 'start_shot_bonus': False, 'start_pass_bonus': False, 'possession_lost': False}

[Step 33] Action=[ 1.         -0.74376905  1.          0.          0.99998826 -0.8451438
 -1.        ] | Reward=+0.004 | Cum=+2.003 | Info={'shot_attempted': False, 'pass_attempted': False, 'goal_scored': False, 'goal_team': None, 'ball_out_by': None, 'has_ball': False, 'start_shot_bonus': False, 'start_pass_bonus': False, 'possession_lost': False}

[Step 34] Action=[ 1.         -0.7441199   1.          0.          0.9999883  -0.84540284
 -1.        ] | Reward=+0.004 | Cum=+2.007 | Info={'shot_attempted': False, 'pass_attempted': False, 'goal_scored': False, 'goal_team': None, 'ball_out_by': None, 'has_ball': False, 'start_shot_bonus': False, 'start_pass_bonus': False, 'possession_lost': False}

[Step 35] Action=[ 1.         -0.7444693   1.          0.          0.99998844 -0.84566116
 -1.        ] | Reward=+0.003 | Cum=+2.010 | Info={'shot_attempted': False, 'pass_attempted': False, 'goal_scored': False, 'goal_team': None, 'ball_out_by': None, 'has_ball': False, 'start_shot_bonus': False, 'start_pass_bonus': False, 'possession_lost': False}

[Step 36] Action=[ 1.         -0.74481773  1.          0.          0.99998856 -0.84591824
 -1.        ] | Reward=+0.002 | Cum=+2.012 | Info={'shot_attempted': False, 'pass_attempted': False, 'goal_scored': False, 'goal_team': None, 'ball_out_by': None, 'has_ball': False, 'start_shot_bonus': False, 'start_pass_bonus': False, 'possession_lost': False}

[Step 37] Action=[ 1.         -0.7018298   1.          0.          0.99998283 -0.835474
 -1.        ] | Reward=+0.002 | Cum=+2.014 | Info={'shot_attempted': False, 'pass_attempted': False, 'goal_scored': False, 'goal_team': None, 'ball_out_by': None, 'has_ball': False, 'start_shot_bonus': False, 'start_pass_bonus': False, 'possession_lost': False}

[Step 38] Action=[ 1.        -0.7022451  1.         0.         0.999983  -0.8357377
 -1.       ] | Reward=+0.001 | Cum=+2.015 | Info={'shot_attempted': False, 'pass_attempted': False, 'goal_scored': False, 'goal_team': None, 'ball_out_by': None, 'has_ball': False, 'start_shot_bonus': False, 'start_pass_bonus': False, 'possession_lost': False}

[Step 39] Action=[ 1.        -0.702659   1.         0.         0.9999832 -0.8360004
 -1.       ] | Reward=+0.001 | Cum=+2.016 | Info={'shot_attempted': False, 'pass_attempted': False, 'goal_scored': False, 'goal_team': None, 'ball_out_by': None, 'has_ball': False, 'start_shot_bonus': False, 'start_pass_bonus': False, 'possession_lost': False}

[Step 40] Action=[ 1.         -0.70307153  1.          0.          0.9999833  -0.8362622
 -1.        ] | Reward=+0.001 | Cum=+2.017 | Info={'shot_attempted': False, 'pass_attempted': False, 'goal_scored': False, 'goal_team': None, 'ball_out_by': None, 'has_ball': False, 'start_shot_bonus': False, 'start_pass_bonus': False, 'possession_lost': False}

[Step 41] Action=[ 1.        -0.703483   1.         0.         0.9999835 -0.8365231
 -1.       ] | Reward=+0.001 | Cum=+2.018 | Info={'shot_attempted': False, 'pass_attempted': False, 'goal_scored': False, 'goal_team': None, 'ball_out_by': None, 'has_ball': False, 'start_shot_bonus': False, 'start_pass_bonus': False, 'possession_lost': False}

[Step 42] Action=[ 1.        -0.7038928  1.         0.         0.9999836 -0.8367833
 -1.       ] | Reward=+0.001 | Cum=+2.019 | Info={'shot_attempted': False, 'pass_attempted': False, 'goal_scored': False, 'goal_team': None, 'ball_out_by': None, 'has_ball': False, 'start_shot_bonus': False, 'start_pass_bonus': False, 'possession_lost': False}

[Step 43] Action=[ 1.         -0.7043016   1.          0.          0.9999837  -0.83704245
 -1.        ] | Reward=+0.001 | Cum=+2.020 | Info={'shot_attempted': False, 'pass_attempted': False, 'goal_scored': False, 'goal_team': None, 'ball_out_by': None, 'has_ball': False, 'start_shot_bonus': False, 'start_pass_bonus': False, 'possession_lost': False}

[Step 44] Action=[ 1.        -0.7047088  1.         0.         0.9999839 -0.8373008
 -1.       ] | Reward=+0.001 | Cum=+2.020 | Info={'shot_attempted': False, 'pass_attempted': False, 'goal_scored': False, 'goal_team': None, 'ball_out_by': None, 'has_ball': False, 'start_shot_bonus': False, 'start_pass_bonus': False, 'possession_lost': False}

[Step 45] Action=[ 1.        -0.705115   1.         0.         0.999984  -0.8375583
 -1.       ] | Reward=+0.001 | Cum=+2.022 | Info={'shot_attempted': False, 'pass_attempted': False, 'goal_scored': False, 'goal_team': None, 'ball_out_by': None, 'has_ball': False, 'start_shot_bonus': False, 'start_pass_bonus': False, 'possession_lost': False}

[Step 46] Action=[ 1.         -0.70551986  1.          0.          0.9999842  -0.83781487
 -1.        ] | Reward=+0.001 | Cum=+2.023 | Info={'shot_attempted': False, 'pass_attempted': False, 'goal_scored': False, 'goal_team': None, 'ball_out_by': None, 'has_ball': False, 'start_shot_bonus': False, 'start_pass_bonus': False, 'possession_lost': False}

[Step 47] Action=[ 1.        -0.705923   1.         0.         0.9999843 -0.8380706
 -1.       ] | Reward=+0.001 | Cum=+2.024 | Info={'shot_attempted': False, 'pass_attempted': False, 'goal_scored': False, 'goal_team': None, 'ball_out_by': None, 'has_ball': False, 'start_shot_bonus': False, 'start_pass_bonus': False, 'possession_lost': False}

[Step 48] Action=[ 1.         -0.70632523  1.          0.          0.99998444 -0.8383255
 -1.        ] | Reward=+0.001 | Cum=+2.026 | Info={'shot_attempted': False, 'pass_attempted': False, 'goal_scored': False, 'goal_team': None, 'ball_out_by': None, 'has_ball': False, 'start_shot_bonus': False, 'start_pass_bonus': False, 'possession_lost': False}

[Step 49] Action=[ 1.         -0.70672613  1.          0.          0.9999846  -0.83857954
 -1.        ] | Reward=+0.001 | Cum=+2.027 | Info={'shot_attempted': False, 'pass_attempted': False, 'goal_scored': False, 'goal_team': None, 'ball_out_by': None, 'has_ball': False, 'start_shot_bonus': False, 'start_pass_bonus': False, 'possession_lost': False}

[Step 50] Action=[ 1.         -0.70712566  1.          0.          0.99998474 -0.83883286
 -1.        ] | Reward=+0.001 | Cum=+2.028 | Info={'shot_attempted': False, 'pass_attempted': False, 'goal_scored': False, 'goal_team': None, 'ball_out_by': None, 'has_ball': False, 'start_shot_bonus': False, 'start_pass_bonus': False, 'possession_lost': False}

[Step 51] Action=[ 1.         -0.7075239   1.          0.          0.99998486 -0.839085
 -1.        ] | Reward=+0.002 | Cum=+2.030 | Info={'shot_attempted': False, 'pass_attempted': False, 'goal_scored': False, 'goal_team': None, 'ball_out_by': None, 'has_ball': False, 'start_shot_bonus': False, 'start_pass_bonus': False, 'possession_lost': False}

[Step 52] Action=[ 1.         -0.70792127  1.          0.          0.999985   -0.83933645
 -1.        ] | Reward=+0.002 | Cum=+2.032 | Info={'shot_attempted': False, 'pass_attempted': False, 'goal_scored': False, 'goal_team': None, 'ball_out_by': None, 'has_ball': False, 'start_shot_bonus': False, 'start_pass_bonus': False, 'possession_lost': False}

[Step 53] Action=[ 1.         -0.7083168   1.          0.          0.99998516 -0.8395871
 -1.        ] | Reward=+0.002 | Cum=+2.034 | Info={'shot_attempted': False, 'pass_attempted': False, 'goal_scored': False, 'goal_team': None, 'ball_out_by': None, 'has_ball': False, 'start_shot_bonus': False, 'start_pass_bonus': False, 'possession_lost': False}

[Step 54] Action=[ 1.         -0.70871127  1.          0.          0.9999853  -0.8398369
 -1.        ] | Reward=+0.002 | Cum=+2.036 | Info={'shot_attempted': False, 'pass_attempted': False, 'goal_scored': False, 'goal_team': None, 'ball_out_by': None, 'has_ball': False, 'start_shot_bonus': False, 'start_pass_bonus': False, 'possession_lost': False}

[Step 55] Action=[ 1.        -0.7091034  1.         0.         0.9999854 -0.8400856
 -1.       ] | Reward=+0.002 | Cum=+2.038 | Info={'shot_attempted': False, 'pass_attempted': False, 'goal_scored': False, 'goal_team': None, 'ball_out_by': None, 'has_ball': False, 'start_shot_bonus': False, 'start_pass_bonus': False, 'possession_lost': False}

[Step 56] Action=[ 1.         -0.7094923   1.          0.          0.9999855  -0.84033346
 -1.        ] | Reward=+0.003 | Cum=+2.041 | Info={'shot_attempted': False, 'pass_attempted': False, 'goal_scored': False, 'goal_team': None, 'ball_out_by': None, 'has_ball': False, 'start_shot_bonus': False, 'start_pass_bonus': False, 'possession_lost': False}

[Step 57] Action=[ 1.         -0.70988053  1.          0.          0.99998564 -0.84058046
 -1.        ] | Reward=+1.503 | Cum=+3.544 | Info={'shot_attempted': False, 'pass_attempted': False, 'pass_completed': True, 'pass_to': 'att_1', 'pass_from': 'att_2', 'goal_scored': False, 'goal_team': None, 'ball_out_by': None, 'has_ball': False, 'start_shot_bonus': False, 'start_pass_bonus': False, 'possession_lost': False}

[Step 58] Action=[ 0.99999994 -0.6765965   1.          0.          0.99997735 -0.83785427
 -1.        ] | Reward=+0.003 | Cum=+3.546 | Info={'shot_attempted': False, 'pass_attempted': False, 'goal_scored': False, 'goal_team': None, 'ball_out_by': None, 'has_ball': False, 'start_shot_bonus': False, 'start_pass_bonus': False, 'possession_lost': False}

[Step 59] Action=[ 1.         -0.85707694  1.          0.          0.9999998  -0.9336145
 -1.        ] | Reward=+0.003 | Cum=+3.549 | Info={'shot_attempted': False, 'pass_attempted': False, 'goal_scored': False, 'goal_team': None, 'ball_out_by': None, 'has_ball': False, 'start_shot_bonus': False, 'start_pass_bonus': False, 'possession_lost': False}

[Step 60] Action=[ 1.         -0.85690975  1.          0.          0.9999998  -0.9335319
 -1.        ] | Reward=+0.003 | Cum=+3.552 | Info={'shot_attempted': False, 'pass_attempted': False, 'goal_scored': False, 'goal_team': None, 'ball_out_by': None, 'has_ball': False, 'start_shot_bonus': False, 'start_pass_bonus': False, 'possession_lost': False}

[Step 61] Action=[ 1.         -0.85674274  1.          0.          0.9999998  -0.93344927
 -1.        ] | Reward=+0.003 | Cum=+3.555 | Info={'shot_attempted': False, 'pass_attempted': False, 'goal_scored': False, 'goal_team': None, 'ball_out_by': None, 'has_ball': False, 'start_shot_bonus': False, 'start_pass_bonus': False, 'possession_lost': False}

[Step 62] Action=[ 1.         -0.8565759   1.          0.          0.9999998  -0.93336666
 -1.        ] | Reward=+0.004 | Cum=+3.559 | Info={'shot_attempted': False, 'pass_attempted': False, 'goal_scored': False, 'goal_team': None, 'ball_out_by': None, 'has_ball': False, 'start_shot_bonus': False, 'start_pass_bonus': False, 'possession_lost': False}

[Step 63] Action=[ 1.         -0.85640866  1.          0.          0.9999998  -0.933284
 -1.        ] | Reward=+0.004 | Cum=+3.563 | Info={'shot_attempted': False, 'pass_attempted': False, 'goal_scored': False, 'goal_team': None, 'ball_out_by': None, 'has_ball': False, 'start_shot_bonus': False, 'start_pass_bonus': False, 'possession_lost': False}

[Step 64] Action=[ 1.        -0.8562415  1.         0.         0.9999998 -0.9332013
 -1.       ] | Reward=+0.004 | Cum=+3.567 | Info={'shot_attempted': False, 'pass_attempted': False, 'goal_scored': False, 'goal_team': None, 'ball_out_by': None, 'has_ball': False, 'start_shot_bonus': False, 'start_pass_bonus': False, 'possession_lost': False}

[Step 65] Action=[ 1.         -0.85607415  1.          0.          0.9999998  -0.9331187
 -1.        ] | Reward=+0.004 | Cum=+3.570 | Info={'shot_attempted': False, 'pass_attempted': False, 'goal_scored': False, 'goal_team': None, 'ball_out_by': None, 'has_ball': False, 'start_shot_bonus': False, 'start_pass_bonus': False, 'possession_lost': False}

[Step 66] Action=[ 1.         -0.85590696  1.          0.          0.9999998  -0.933036
 -1.        ] | Reward=+0.004 | Cum=+3.574 | Info={'shot_attempted': False, 'pass_attempted': False, 'goal_scored': False, 'goal_team': None, 'ball_out_by': None, 'has_ball': False, 'start_shot_bonus': False, 'start_pass_bonus': False, 'possession_lost': False}

[Step 67] Action=[ 1.        -0.8557401  1.         0.         0.9999998 -0.9329533
 -1.       ] | Reward=+0.004 | Cum=+3.578 | Info={'shot_attempted': False, 'pass_attempted': False, 'goal_scored': False, 'goal_team': None, 'ball_out_by': None, 'has_ball': False, 'start_shot_bonus': False, 'start_pass_bonus': False, 'possession_lost': False}

[Step 68] Action=[ 1.         -0.855573    1.          0.          0.9999998  -0.93287075
 -1.        ] | Reward=+0.005 | Cum=+3.583 | Info={'shot_attempted': False, 'pass_attempted': False, 'goal_scored': False, 'goal_team': None, 'ball_out_by': None, 'has_ball': False, 'start_shot_bonus': False, 'start_pass_bonus': False, 'possession_lost': False}

[Step 69] Action=[ 1.         -0.85540575  1.          0.          0.9999998  -0.932788
 -1.        ] | Reward=+0.005 | Cum=+3.588 | Info={'shot_attempted': False, 'pass_attempted': False, 'goal_scored': False, 'goal_team': None, 'ball_out_by': None, 'has_ball': False, 'start_shot_bonus': False, 'start_pass_bonus': False, 'possession_lost': False}

[Step 70] Action=[ 1.         -0.85723364  1.          0.          0.9999998  -0.9318489
 -1.        ] | Reward=+0.005 | Cum=+3.593 | Info={'shot_attempted': False, 'pass_attempted': False, 'goal_scored': False, 'goal_team': None, 'ball_out_by': None, 'has_ball': False, 'start_shot_bonus': False, 'start_pass_bonus': False, 'possession_lost': False}

[Step 71] Action=[ 1.        -0.7084137  1.         0.         0.9999852 -0.8494815
 -1.       ] | Reward=+0.005 | Cum=+3.598 | Info={'shot_attempted': False, 'pass_attempted': False, 'goal_scored': False, 'goal_team': None, 'ball_out_by': None, 'has_ball': False, 'start_shot_bonus': False, 'start_pass_bonus': False, 'possession_lost': False}

[Step 72] Action=[ 1.         -0.70859885  1.          0.          0.9999853  -0.84957874
 -1.        ] | Reward=+0.005 | Cum=+3.602 | Info={'shot_attempted': False, 'pass_attempted': False, 'goal_scored': False, 'goal_team': None, 'ball_out_by': None, 'has_ball': False, 'start_shot_bonus': False, 'start_pass_bonus': False, 'possession_lost': False}

[Step 73] Action=[ 1.         -0.70878303  1.          0.          0.99998534 -0.8496757
 -1.        ] | Reward=+0.006 | Cum=+3.608 | Info={'shot_attempted': False, 'pass_attempted': False, 'goal_scored': False, 'goal_team': None, 'ball_out_by': None, 'has_ball': False, 'start_shot_bonus': False, 'start_pass_bonus': False, 'possession_lost': False}

[Step 74] Action=[ 1.         -0.70896703  1.          0.          0.9999854  -0.8497726
 -1.        ] | Reward=+0.006 | Cum=+3.614 | Info={'shot_attempted': False, 'pass_attempted': False, 'goal_scored': False, 'goal_team': None, 'ball_out_by': None, 'has_ball': False, 'start_shot_bonus': False, 'start_pass_bonus': False, 'possession_lost': False}

[Step 75] Action=[ 1.        -0.7091503  1.         0.         0.9999854 -0.8498689
 -1.       ] | Reward=+0.006 | Cum=+3.620 | Info={'shot_attempted': False, 'pass_attempted': False, 'goal_scored': False, 'goal_team': None, 'ball_out_by': None, 'has_ball': False, 'start_shot_bonus': False, 'start_pass_bonus': False, 'possession_lost': False}

[Step 76] Action=[ 1.         -0.7093329   1.          0.          0.99998546 -0.8499651
 -1.        ] | Reward=+0.006 | Cum=+3.626 | Info={'shot_attempted': False, 'pass_attempted': False, 'goal_scored': False, 'goal_team': None, 'ball_out_by': None, 'has_ball': False, 'start_shot_bonus': False, 'start_pass_bonus': False, 'possession_lost': False}

[Step 77] Action=[ 1.        -0.7095152  1.         0.         0.9999855 -0.8500612
 -1.       ] | Reward=+0.006 | Cum=+3.631 | Info={'shot_attempted': False, 'pass_attempted': False, 'goal_scored': False, 'goal_team': None, 'ball_out_by': None, 'has_ball': False, 'start_shot_bonus': False, 'start_pass_bonus': False, 'possession_lost': False}

[Step 78] Action=[ 1.         -0.70969695  1.          0.          0.9999856  -0.85015684
 -1.        ] | Reward=+0.006 | Cum=+3.637 | Info={'shot_attempted': False, 'pass_attempted': False, 'goal_scored': False, 'goal_team': None, 'ball_out_by': None, 'has_ball': False, 'start_shot_bonus': False, 'start_pass_bonus': False, 'possession_lost': False}

[Step 79] Action=[ 1.         -0.7098783   1.          0.          0.99998564 -0.8502523
 -1.        ] | Reward=+0.007 | Cum=+3.644 | Info={'shot_attempted': False, 'pass_attempted': False, 'goal_scored': False, 'goal_team': None, 'ball_out_by': None, 'has_ball': False, 'start_shot_bonus': False, 'start_pass_bonus': False, 'possession_lost': False}

[Step 80] Action=[ 1.         -0.7100592   1.          0.          0.9999857  -0.85034746
 -1.        ] | Reward=+0.007 | Cum=+3.651 | Info={'shot_attempted': False, 'pass_attempted': False, 'goal_scored': False, 'goal_team': None, 'ball_out_by': None, 'has_ball': False, 'start_shot_bonus': False, 'start_pass_bonus': False, 'possession_lost': False}

[Step 81] Action=[ 1.         -0.7102394   1.          0.          0.99998575 -0.85044247
 -1.        ] | Reward=+0.007 | Cum=+3.657 | Info={'shot_attempted': False, 'pass_attempted': False, 'goal_scored': False, 'goal_team': None, 'ball_out_by': None, 'has_ball': False, 'start_shot_bonus': False, 'start_pass_bonus': False, 'possession_lost': False}

[Step 82] Action=[ 1.         -0.71041936  1.          0.          0.9999858  -0.8505371
 -1.        ] | Reward=+0.007 | Cum=+3.664 | Info={'shot_attempted': False, 'pass_attempted': False, 'goal_scored': False, 'goal_team': None, 'ball_out_by': None, 'has_ball': False, 'start_shot_bonus': False, 'start_pass_bonus': False, 'possession_lost': False}

[Step 83] Action=[ 1.         -0.71059835  1.          0.          0.9999859  -0.85063154
 -1.        ] | Reward=+0.007 | Cum=+3.671 | Info={'shot_attempted': False, 'pass_attempted': False, 'goal_scored': False, 'goal_team': None, 'ball_out_by': None, 'has_ball': False, 'start_shot_bonus': False, 'start_pass_bonus': False, 'possession_lost': False}

[Step 84] Action=[ 1.         -0.71077704  1.          0.          0.99998593 -0.8507256
 -1.        ] | Reward=+0.008 | Cum=+3.679 | Info={'shot_attempted': False, 'pass_attempted': False, 'goal_scored': False, 'goal_team': None, 'ball_out_by': None, 'has_ball': False, 'start_shot_bonus': False, 'start_pass_bonus': False, 'possession_lost': False}

[Step 85] Action=[ 1.         -0.7109556   1.          0.          0.999986   -0.85081965
 -1.        ] | Reward=+0.008 | Cum=+3.687 | Info={'shot_attempted': False, 'pass_attempted': False, 'goal_scored': False, 'goal_team': None, 'ball_out_by': None, 'has_ball': False, 'start_shot_bonus': False, 'start_pass_bonus': False, 'possession_lost': False}

[Step 86] Action=[ 1.         -0.71113336  1.          0.          0.99998605 -0.8509131
 -1.        ] | Reward=+0.008 | Cum=+3.694 | Info={'shot_attempted': False, 'pass_attempted': False, 'goal_scored': False, 'goal_team': None, 'ball_out_by': None, 'has_ball': False, 'start_shot_bonus': False, 'start_pass_bonus': False, 'possession_lost': False}

[Step 87] Action=[ 1.         -0.7113107   1.          0.          0.9999861  -0.85100657
 -1.        ] | Reward=+0.008 | Cum=+3.702 | Info={'shot_attempted': False, 'pass_attempted': False, 'goal_scored': False, 'goal_team': None, 'ball_out_by': None, 'has_ball': False, 'start_shot_bonus': False, 'start_pass_bonus': False, 'possession_lost': False}

[Step 88] Action=[ 1.         -0.71148705  1.          0.          0.9999862  -0.8510998
 -1.        ] | Reward=+0.008 | Cum=+3.710 | Info={'shot_attempted': False, 'pass_attempted': False, 'goal_scored': False, 'goal_team': None, 'ball_out_by': None, 'has_ball': False, 'start_shot_bonus': False, 'start_pass_bonus': False, 'possession_lost': False}

[Step 89] Action=[ 1.         -0.7116633   1.          0.          0.9999862  -0.85119253
 -1.        ] | Reward=+0.009 | Cum=+3.718 | Info={'shot_attempted': False, 'pass_attempted': False, 'goal_scored': False, 'goal_team': None, 'ball_out_by': None, 'has_ball': False, 'start_shot_bonus': False, 'start_pass_bonus': False, 'possession_lost': False}

[Step 90] Action=[ 1.         -0.711837    1.          0.          0.99998623 -0.85128456
 -1.        ] | Reward=+0.009 | Cum=+3.727 | Info={'shot_attempted': False, 'pass_attempted': False, 'goal_scored': False, 'goal_team': None, 'ball_out_by': None, 'has_ball': False, 'start_shot_bonus': False, 'start_pass_bonus': False, 'possession_lost': False}

[Step 91] Action=[ 1.         -0.71201056  1.          0.          0.9999863  -0.85137653
 -1.        ] | Reward=+0.009 | Cum=+3.736 | Info={'shot_attempted': False, 'pass_attempted': False, 'goal_scored': False, 'goal_team': None, 'ball_out_by': None, 'has_ball': False, 'start_shot_bonus': False, 'start_pass_bonus': False, 'possession_lost': False}

[Step 92] Action=[ 1.         -0.71218336  1.          0.          0.99998635 -0.8514683
 -1.        ] | Reward=+0.009 | Cum=+3.745 | Info={'shot_attempted': False, 'pass_attempted': False, 'goal_scored': False, 'goal_team': None, 'ball_out_by': None, 'has_ball': False, 'start_shot_bonus': False, 'start_pass_bonus': False, 'possession_lost': False}

[Step 93] Action=[ 1.        -0.7123558  1.         0.         0.9999864 -0.8515597
 -1.       ] | Reward=+0.009 | Cum=+3.753 | Info={'shot_attempted': False, 'pass_attempted': False, 'goal_scored': False, 'goal_team': None, 'ball_out_by': None, 'has_ball': False, 'start_shot_bonus': False, 'start_pass_bonus': False, 'possession_lost': False}

[Step 94] Action=[ 1.         -0.71252763  1.          0.          0.99998647 -0.85165095
 -1.        ] | Reward=+0.009 | Cum=+3.762 | Info={'shot_attempted': False, 'pass_attempted': False, 'goal_scored': False, 'goal_team': None, 'ball_out_by': None, 'has_ball': False, 'start_shot_bonus': False, 'start_pass_bonus': False, 'possession_lost': False}

[Step 95] Action=[ 0.99999994 -0.64360815  1.          0.          0.999972   -0.8396605
 -1.        ] | Reward=+0.010 | Cum=+3.772 | Info={'shot_attempted': False, 'pass_attempted': False, 'goal_scored': False, 'goal_team': None, 'ball_out_by': None, 'has_ball': False, 'start_shot_bonus': False, 'start_pass_bonus': False, 'possession_lost': False}

[Step 96] Action=[ 1.         -0.81963587  1.          0.          0.9999996  -0.9229428
 -1.        ] | Reward=+0.010 | Cum=+3.781 | Info={'shot_attempted': False, 'pass_attempted': False, 'goal_scored': False, 'goal_team': None, 'ball_out_by': None, 'has_ball': False, 'start_shot_bonus': False, 'start_pass_bonus': False, 'possession_lost': False}

[Step 97] Action=[ 1.         -0.81932247  1.          0.          0.9999996  -0.9228114
 -1.        ] | Reward=+0.010 | Cum=+3.791 | Info={'shot_attempted': False, 'pass_attempted': False, 'goal_scored': False, 'goal_team': None, 'ball_out_by': None, 'has_ball': False, 'start_shot_bonus': False, 'start_pass_bonus': False, 'possession_lost': False}

[Step 98] Action=[ 1.        -0.8190091  1.         0.         0.9999996 -0.9226797
 -1.       ] | Reward=+0.010 | Cum=+3.801 | Info={'shot_attempted': False, 'pass_attempted': False, 'goal_scored': False, 'goal_team': None, 'ball_out_by': None, 'has_ball': False, 'start_shot_bonus': False, 'start_pass_bonus': False, 'possession_lost': False}

[Step 99] Action=[ 1.         -0.81869566  1.          0.          0.9999996  -0.9225483
 -1.        ] | Reward=+0.010 | Cum=+3.811 | Info={'shot_attempted': False, 'pass_attempted': False, 'goal_scored': False, 'goal_team': None, 'ball_out_by': None, 'has_ball': False, 'start_shot_bonus': False, 'start_pass_bonus': False, 'possession_lost': False}

[Step 100] Action=[ 1.         -0.80893975  1.          0.          0.99999946 -0.9180523
 -1.        ] | Reward=+0.010 | Cum=+3.820 | Info={'shot_attempted': False, 'pass_attempted': False, 'goal_scored': False, 'goal_team': None, 'ball_out_by': None, 'has_ball': False, 'start_shot_bonus': False, 'start_pass_bonus': False, 'possession_lost': False}

[Step 101] Action=[ 1.        -0.8148976  1.         0.         0.9999995 -0.9199326
 -1.       ] | Reward=+0.011 | Cum=+3.831 | Info={'shot_attempted': False, 'pass_attempted': False, 'goal_scored': False, 'goal_team': None, 'ball_out_by': None, 'has_ball': False, 'start_shot_bonus': False, 'start_pass_bonus': False, 'possession_lost': False}

[Step 102] Action=[ 1.        -0.8145782  1.         0.         0.9999995 -0.9197934
 -1.       ] | Reward=+0.011 | Cum=+3.842 | Info={'shot_attempted': False, 'pass_attempted': False, 'goal_scored': False, 'goal_team': None, 'ball_out_by': None, 'has_ball': False, 'start_shot_bonus': False, 'start_pass_bonus': False, 'possession_lost': False}

[Step 103] Action=[ 1.         -0.81425834  1.          0.          0.9999995  -0.91965425
 -1.        ] | Reward=+0.011 | Cum=+3.853 | Info={'shot_attempted': False, 'pass_attempted': False, 'goal_scored': False, 'goal_team': None, 'ball_out_by': None, 'has_ball': False, 'start_shot_bonus': False, 'start_pass_bonus': False, 'possession_lost': False}

[Step 104] Action=[ 1.         -0.8139385   1.          0.          0.9999995  -0.91951483
 -1.        ] | Reward=+0.011 | Cum=+3.863 | Info={'shot_attempted': False, 'pass_attempted': False, 'goal_scored': False, 'goal_team': None, 'ball_out_by': None, 'has_ball': False, 'start_shot_bonus': False, 'start_pass_bonus': False, 'possession_lost': False}

[Step 105] Action=[ 1.         -0.81361854  1.          0.          0.9999995  -0.9193754
 -1.        ] | Reward=+0.011 | Cum=+3.874 | Info={'shot_attempted': False, 'pass_attempted': False, 'goal_scored': False, 'goal_team': None, 'ball_out_by': None, 'has_ball': False, 'start_shot_bonus': False, 'start_pass_bonus': False, 'possession_lost': False}

[Step 106] Action=[ 1.         -0.81329817  1.          0.          0.9999995  -0.91923606
 -1.        ] | Reward=+0.012 | Cum=+3.886 | Info={'shot_attempted': False, 'pass_attempted': False, 'goal_scored': False, 'goal_team': None, 'ball_out_by': None, 'has_ball': False, 'start_shot_bonus': False, 'start_pass_bonus': False, 'possession_lost': False}

[Step 107] Action=[ 1.         -0.812982    1.          0.          0.9999995  -0.91909796
 -1.        ] | Reward=+0.012 | Cum=+3.898 | Info={'shot_attempted': False, 'pass_attempted': False, 'goal_scored': False, 'goal_team': None, 'ball_out_by': None, 'has_ball': False, 'start_shot_bonus': False, 'start_pass_bonus': False, 'possession_lost': False}

[Step 108] Action=[ 1.        -0.812666   1.         0.         0.9999995 -0.9189598
 -1.       ] | Reward=+0.012 | Cum=+3.909 | Info={'shot_attempted': False, 'pass_attempted': False, 'goal_scored': False, 'goal_team': None, 'ball_out_by': None, 'has_ball': False, 'start_shot_bonus': False, 'start_pass_bonus': False, 'possession_lost': False}

[Step 109] Action=[ 1.         -0.81234986  1.          0.          0.99999946 -0.9188215
 -1.        ] | Reward=+0.012 | Cum=+3.921 | Info={'shot_attempted': False, 'pass_attempted': False, 'goal_scored': False, 'goal_team': None, 'ball_out_by': None, 'has_ball': False, 'start_shot_bonus': False, 'start_pass_bonus': False, 'possession_lost': False}

[Step 110] Action=[ 1.         -0.8120333   1.          0.          0.99999946 -0.91868347
 -1.        ] | Reward=+0.012 | Cum=+3.933 | Info={'shot_attempted': False, 'pass_attempted': False, 'goal_scored': False, 'goal_team': None, 'ball_out_by': None, 'has_ball': False, 'start_shot_bonus': False, 'start_pass_bonus': False, 'possession_lost': False}

[Step 111] Action=[ 1.         -0.8117171   1.          0.          0.99999946 -0.9185451
 -1.        ] | Reward=+0.012 | Cum=+3.945 | Info={'shot_attempted': False, 'pass_attempted': False, 'goal_scored': False, 'goal_team': None, 'ball_out_by': None, 'has_ball': False, 'start_shot_bonus': False, 'start_pass_bonus': False, 'possession_lost': False}

[Step 112] Action=[ 1.         -0.81140035  1.          0.          0.99999946 -0.91840667
 -1.        ] | Reward=+0.013 | Cum=+3.957 | Info={'shot_attempted': False, 'pass_attempted': False, 'goal_scored': False, 'goal_team': None, 'ball_out_by': None, 'has_ball': False, 'start_shot_bonus': False, 'start_pass_bonus': False, 'possession_lost': False}

[Step 113] Action=[ 1.         -0.8110836   1.          0.          0.99999946 -0.91826826
 -1.        ] | Reward=+0.013 | Cum=+3.970 | Info={'shot_attempted': False, 'pass_attempted': False, 'goal_scored': False, 'goal_team': None, 'ball_out_by': None, 'has_ball': False, 'start_shot_bonus': False, 'start_pass_bonus': False, 'possession_lost': False}

[Step 114] Action=[ 1.         -0.81076694  1.          0.          0.99999946 -0.9181298
 -1.        ] | Reward=+0.013 | Cum=+3.983 | Info={'shot_attempted': False, 'pass_attempted': False, 'goal_scored': False, 'goal_team': None, 'ball_out_by': None, 'has_ball': False, 'start_shot_bonus': False, 'start_pass_bonus': False, 'possession_lost': False}

[Step 115] Action=[ 1.         -0.8104502   1.          0.          0.99999946 -0.91799134
 -1.        ] | Reward=+0.013 | Cum=+3.996 | Info={'shot_attempted': False, 'pass_attempted': False, 'goal_scored': False, 'goal_team': None, 'ball_out_by': None, 'has_ball': False, 'start_shot_bonus': False, 'start_pass_bonus': False, 'possession_lost': False}

[Step 116] Action=[ 1.         -0.8101331   1.          0.          0.99999946 -0.91785276
 -1.        ] | Reward=+0.013 | Cum=+4.008 | Info={'shot_attempted': False, 'pass_attempted': False, 'goal_scored': False, 'goal_team': None, 'ball_out_by': None, 'has_ball': False, 'start_shot_bonus': False, 'start_pass_bonus': False, 'possession_lost': False}

[Step 117] Action=[ 1.         -0.8098156   1.          0.          0.99999946 -0.9177141
 -1.        ] | Reward=+0.013 | Cum=+4.021 | Info={'shot_attempted': False, 'pass_attempted': False, 'goal_scored': False, 'goal_team': None, 'ball_out_by': None, 'has_ball': False, 'start_shot_bonus': False, 'start_pass_bonus': False, 'possession_lost': False}

[Step 118] Action=[ 1.         -0.8094984   1.          0.          0.99999946 -0.9175755
 -1.        ] | Reward=+0.014 | Cum=+4.035 | Info={'shot_attempted': False, 'pass_attempted': False, 'goal_scored': False, 'goal_team': None, 'ball_out_by': None, 'has_ball': False, 'start_shot_bonus': False, 'start_pass_bonus': False, 'possession_lost': False}

[Step 119] Action=[ 1.         -0.8091787   1.          0.          0.99999946 -0.9174331
 -1.        ] | Reward=+0.014 | Cum=+4.048 | Info={'shot_attempted': False, 'pass_attempted': False, 'goal_scored': False, 'goal_team': None, 'ball_out_by': None, 'has_ball': False, 'start_shot_bonus': False, 'start_pass_bonus': False, 'possession_lost': False}

[Step 120] Action=[ 1.         -0.8088584   1.          0.          0.99999946 -0.91729
 -1.        ] | Reward=+0.014 | Cum=+4.062 | Info={'shot_attempted': False, 'pass_attempted': False, 'goal_scored': False, 'goal_team': None, 'ball_out_by': None, 'has_ball': False, 'start_shot_bonus': False, 'start_pass_bonus': False, 'possession_lost': False}

[Step 121] Action=[ 1.         -0.80853814  1.          0.          0.9999994  -0.91714704
 -1.        ] | Reward=+0.014 | Cum=+4.076 | Info={'shot_attempted': False, 'pass_attempted': False, 'goal_scored': False, 'goal_team': None, 'ball_out_by': None, 'has_ball': False, 'start_shot_bonus': False, 'start_pass_bonus': False, 'possession_lost': False}

[Step 122] Action=[ 1.         -0.80821747  1.          0.          0.9999994  -0.9170039
 -1.        ] | Reward=+0.014 | Cum=+4.090 | Info={'shot_attempted': False, 'pass_attempted': False, 'goal_scored': False, 'goal_team': None, 'ball_out_by': None, 'has_ball': False, 'start_shot_bonus': False, 'start_pass_bonus': False, 'possession_lost': False}

[Step 123] Action=[ 1.         -0.80789715  1.          0.          0.9999994  -0.9168607
 -1.        ] | Reward=+0.015 | Cum=+4.104 | Info={'shot_attempted': False, 'pass_attempted': False, 'goal_scored': False, 'goal_team': None, 'ball_out_by': None, 'has_ball': False, 'start_shot_bonus': False, 'start_pass_bonus': False, 'possession_lost': False}

[Step 124] Action=[ 1.         -0.80757654  1.          0.          0.9999994  -0.9167175
 -1.        ] | Reward=+0.015 | Cum=+4.119 | Info={'shot_attempted': False, 'pass_attempted': False, 'goal_scored': False, 'goal_team': None, 'ball_out_by': None, 'has_ball': False, 'start_shot_bonus': False, 'start_pass_bonus': False, 'possession_lost': False}

[Step 125] Action=[ 1.         -0.80725574  1.          0.          0.9999994  -0.91657436
 -1.        ] | Reward=+0.015 | Cum=+4.134 | Info={'shot_attempted': False, 'pass_attempted': False, 'goal_scored': False, 'goal_team': None, 'ball_out_by': None, 'has_ball': False, 'start_shot_bonus': False, 'start_pass_bonus': False, 'possession_lost': False}

[Step 126] Action=[ 1.        -0.8069348  1.         0.         0.9999994 -0.916431
 -1.       ] | Reward=+0.015 | Cum=+4.148 | Info={'shot_attempted': False, 'pass_attempted': False, 'goal_scored': False, 'goal_team': None, 'ball_out_by': None, 'has_ball': False, 'start_shot_bonus': False, 'start_pass_bonus': False, 'possession_lost': False}

[Step 127] Action=[ 1.        -0.8066136  1.         0.         0.9999994 -0.9162875
 -1.       ] | Reward=+0.015 | Cum=+4.163 | Info={'shot_attempted': False, 'pass_attempted': False, 'goal_scored': False, 'goal_team': None, 'ball_out_by': None, 'has_ball': False, 'start_shot_bonus': False, 'start_pass_bonus': False, 'possession_lost': False}

[Step 128] Action=[ 1.         -0.80629253  1.          0.          0.9999994  -0.916144
 -1.        ] | Reward=+0.015 | Cum=+4.178 | Info={'shot_attempted': False, 'pass_attempted': False, 'goal_scored': False, 'goal_team': None, 'ball_out_by': None, 'has_ball': False, 'start_shot_bonus': False, 'start_pass_bonus': False, 'possession_lost': False}

[Step 129] Action=[ 1.        -0.8059712  1.         0.         0.9999994 -0.9160004
 -1.       ] | Reward=+0.016 | Cum=+4.193 | Info={'shot_attempted': False, 'pass_attempted': False, 'goal_scored': False, 'goal_team': None, 'ball_out_by': None, 'has_ball': False, 'start_shot_bonus': False, 'start_pass_bonus': False, 'possession_lost': False}

[Step 130] Action=[ 1.         -0.8056498   1.          0.          0.9999994  -0.91585684
 -1.        ] | Reward=+0.016 | Cum=+4.209 | Info={'shot_attempted': False, 'pass_attempted': False, 'goal_scored': False, 'goal_team': None, 'ball_out_by': None, 'has_ball': False, 'start_shot_bonus': False, 'start_pass_bonus': False, 'possession_lost': False}

[Step 131] Action=[ 1.         -0.80532813  1.          0.          0.9999994  -0.91571325
 -1.        ] | Reward=+0.016 | Cum=+4.224 | Info={'shot_attempted': False, 'pass_attempted': False, 'goal_scored': False, 'goal_team': None, 'ball_out_by': None, 'has_ball': False, 'start_shot_bonus': False, 'start_pass_bonus': False, 'possession_lost': False}

[Step 132] Action=[ 1.        -0.8050063  1.         0.         0.9999994 -0.9155695
 -1.       ] | Reward=+0.016 | Cum=+4.240 | Info={'shot_attempted': False, 'pass_attempted': False, 'goal_scored': False, 'goal_team': None, 'ball_out_by': None, 'has_ball': False, 'start_shot_bonus': False, 'start_pass_bonus': False, 'possession_lost': False}

[Step 133] Action=[ 1.         -0.8046848   1.          0.          0.99999934 -0.91542566
 -1.        ] | Reward=+0.016 | Cum=+4.256 | Info={'shot_attempted': False, 'pass_attempted': False, 'goal_scored': False, 'goal_team': None, 'ball_out_by': None, 'has_ball': False, 'start_shot_bonus': False, 'start_pass_bonus': False, 'possession_lost': False}

[Step 134] Action=[ 1.         -0.76808405  1.          0.          0.9999988  -0.9016144
 -1.        ] | Reward=+0.016 | Cum=+4.271 | Info={'shot_attempted': False, 'pass_attempted': False, 'goal_scored': False, 'goal_team': None, 'ball_out_by': None, 'has_ball': False, 'start_shot_bonus': False, 'start_pass_bonus': False, 'possession_lost': False}

[Step 135] Action=[ 1.         -0.76777166  1.          0.          0.9999988  -0.9014734
 -1.        ] | Reward=+0.017 | Cum=+4.288 | Info={'shot_attempted': False, 'pass_attempted': False, 'goal_scored': False, 'goal_team': None, 'ball_out_by': None, 'has_ball': False, 'start_shot_bonus': False, 'start_pass_bonus': False, 'possession_lost': False}

[Step 136] Action=[ 1.         -0.7674593   1.          0.          0.9999988  -0.90133226
 -1.        ] | Reward=+0.017 | Cum=+4.304 | Info={'shot_attempted': False, 'pass_attempted': False, 'goal_scored': False, 'goal_team': None, 'ball_out_by': None, 'has_ball': False, 'start_shot_bonus': False, 'start_pass_bonus': False, 'possession_lost': False}

[Step 137] Action=[ 1.         -0.7671466   1.          0.          0.99999875 -0.9011912
 -1.        ] | Reward=+0.016 | Cum=+4.321 | Info={'shot_attempted': False, 'pass_attempted': False, 'goal_scored': False, 'goal_team': None, 'ball_out_by': None, 'has_ball': False, 'start_shot_bonus': False, 'start_pass_bonus': False, 'possession_lost': False}

[Step 138] Action=[ 1.         -0.76683396  1.          0.          0.99999875 -0.90105003
 -1.        ] | Reward=+0.016 | Cum=+4.337 | Info={'shot_attempted': False, 'pass_attempted': False, 'goal_scored': False, 'goal_team': None, 'ball_out_by': None, 'has_ball': False, 'start_shot_bonus': False, 'start_pass_bonus': False, 'possession_lost': False}

[Step 139] Action=[ 1.         -0.76652193  1.          0.          0.99999875 -0.90090907
 -1.        ] | Reward=+0.016 | Cum=+4.354 | Info={'shot_attempted': False, 'pass_attempted': False, 'goal_scored': False, 'goal_team': None, 'ball_out_by': None, 'has_ball': False, 'start_shot_bonus': False, 'start_pass_bonus': False, 'possession_lost': False}

[Step 140] Action=[ 1.         -0.7662092   1.          0.          0.99999875 -0.90076786
 -1.        ] | Reward=+0.018 | Cum=+4.371 | Info={'shot_attempted': False, 'pass_attempted': False, 'goal_scored': False, 'goal_team': None, 'ball_out_by': None, 'has_ball': False, 'start_shot_bonus': False, 'start_pass_bonus': False, 'possession_lost': False}

[Step 141] Action=[ 1.         -0.76589686  1.          0.          0.99999875 -0.90062684
 -1.        ] | Reward=+0.018 | Cum=+4.389 | Info={'shot_attempted': False, 'pass_attempted': False, 'goal_scored': False, 'goal_team': None, 'ball_out_by': None, 'has_ball': False, 'start_shot_bonus': False, 'start_pass_bonus': False, 'possession_lost': False}

[Step 142] Action=[ 1.         -0.7655848   1.          0.          0.99999875 -0.90048575
 -1.        ] | Reward=+0.018 | Cum=+4.406 | Info={'shot_attempted': False, 'pass_attempted': False, 'goal_scored': False, 'goal_team': None, 'ball_out_by': None, 'has_ball': False, 'start_shot_bonus': False, 'start_pass_bonus': False, 'possession_lost': False}

[Step 143] Action=[ 1.         -0.765272    1.          0.          0.9999987  -0.90034467
 -1.        ] | Reward=+0.018 | Cum=+4.424 | Info={'shot_attempted': False, 'pass_attempted': False, 'goal_scored': False, 'goal_team': None, 'ball_out_by': None, 'has_ball': False, 'start_shot_bonus': False, 'start_pass_bonus': False, 'possession_lost': False}

[Step 144] Action=[ 1.         -0.7649599   1.          0.          0.9999987  -0.90020347
 -1.        ] | Reward=+0.017 | Cum=+4.441 | Info={'shot_attempted': False, 'pass_attempted': False, 'goal_scored': False, 'goal_team': None, 'ball_out_by': None, 'has_ball': False, 'start_shot_bonus': False, 'start_pass_bonus': False, 'possession_lost': False}

[Step 145] Action=[ 1.         -0.7646475   1.          0.          0.9999987  -0.90006226
 -1.        ] | Reward=+0.017 | Cum=+4.458 | Info={'shot_attempted': False, 'pass_attempted': False, 'goal_scored': False, 'goal_team': None, 'ball_out_by': None, 'has_ball': False, 'start_shot_bonus': False, 'start_pass_bonus': False, 'possession_lost': False}

[Step 146] Action=[ 1.         -0.76433516  1.          0.          0.9999987  -0.89992124
 -1.        ] | Reward=+0.018 | Cum=+4.477 | Info={'shot_attempted': False, 'pass_attempted': False, 'goal_scored': False, 'goal_team': None, 'ball_out_by': None, 'has_ball': False, 'start_shot_bonus': False, 'start_pass_bonus': False, 'possession_lost': False}

[Step 147] Action=[ 1.         -0.76402324  1.          0.          0.9999987  -0.8997801
 -1.        ] | Reward=+0.018 | Cum=+4.495 | Info={'shot_attempted': False, 'pass_attempted': False, 'goal_scored': False, 'goal_team': None, 'ball_out_by': None, 'has_ball': False, 'start_shot_bonus': False, 'start_pass_bonus': False, 'possession_lost': False}

[Step 148] Action=[ 1.         -0.7637107   1.          0.          0.9999987  -0.89963895
 -1.        ] | Reward=+0.018 | Cum=+4.513 | Info={'shot_attempted': False, 'pass_attempted': False, 'goal_scored': False, 'goal_team': None, 'ball_out_by': None, 'has_ball': False, 'start_shot_bonus': False, 'start_pass_bonus': False, 'possession_lost': False}

[Step 149] Action=[ 1.         -0.76339877  1.          0.          0.9999987  -0.89949775
 -1.        ] | Reward=+0.018 | Cum=+4.531 | Info={'shot_attempted': False, 'pass_attempted': False, 'goal_scored': False, 'goal_team': None, 'ball_out_by': None, 'has_ball': False, 'start_shot_bonus': False, 'start_pass_bonus': False, 'possession_lost': False}

[Step 150] Action=[ 1.         -0.7630864   1.          0.          0.9999986  -0.89935666
 -1.        ] | Reward=+0.018 | Cum=+4.550 | Info={'shot_attempted': False, 'pass_attempted': False, 'goal_scored': False, 'goal_team': None, 'ball_out_by': None, 'has_ball': False, 'start_shot_bonus': False, 'start_pass_bonus': False, 'possession_lost': False}

[Step 151] Action=[ 1.        -0.7627781  1.         0.         0.9999986 -0.8992166
 -1.       ] | Reward=+0.018 | Cum=+4.568 | Info={'shot_attempted': False, 'pass_attempted': False, 'goal_scored': False, 'goal_team': None, 'ball_out_by': None, 'has_ball': False, 'start_shot_bonus': False, 'start_pass_bonus': False, 'possession_lost': False}

[Step 152] Action=[ 1.         -0.7624868   1.          0.          0.9999986  -0.89908284
 -1.        ] | Reward=+0.019 | Cum=+4.587 | Info={'shot_attempted': False, 'pass_attempted': False, 'goal_scored': False, 'goal_team': None, 'ball_out_by': None, 'has_ball': False, 'start_shot_bonus': False, 'start_pass_bonus': False, 'possession_lost': False}

[Step 153] Action=[ 1.        -0.7621898  1.         0.         0.9999986 -0.8989476
 -1.       ] | Reward=+0.019 | Cum=+4.606 | Info={'shot_attempted': False, 'pass_attempted': False, 'goal_scored': False, 'goal_team': None, 'ball_out_by': None, 'has_ball': False, 'start_shot_bonus': False, 'start_pass_bonus': False, 'possession_lost': False}

[Step 154] Action=[ 1.         -0.7618928   1.          0.          0.9999986  -0.89881253
 -1.        ] | Reward=+0.019 | Cum=+4.625 | Info={'shot_attempted': False, 'pass_attempted': False, 'goal_scored': False, 'goal_team': None, 'ball_out_by': None, 'has_ball': False, 'start_shot_bonus': False, 'start_pass_bonus': False, 'possession_lost': False}

[Step 155] Action=[ 1.        -0.7615958  1.         0.         0.9999986 -0.8986772
 -1.       ] | Reward=+0.019 | Cum=+4.644 | Info={'shot_attempted': False, 'pass_attempted': False, 'goal_scored': False, 'goal_team': None, 'ball_out_by': None, 'has_ball': False, 'start_shot_bonus': False, 'start_pass_bonus': False, 'possession_lost': False}

[Step 156] Action=[ 1.         -0.7612976   1.          0.          0.99999857 -0.89854115
 -1.        ] | Reward=+0.019 | Cum=+4.663 | Info={'shot_attempted': False, 'pass_attempted': False, 'goal_scored': False, 'goal_team': None, 'ball_out_by': None, 'has_ball': False, 'start_shot_bonus': False, 'start_pass_bonus': False, 'possession_lost': False}

[Step 157] Action=[ 1.         -0.7609958   1.          0.          0.99999857 -0.89840245
 -1.        ] | Reward=+0.020 | Cum=+4.683 | Info={'shot_attempted': False, 'pass_attempted': False, 'goal_scored': False, 'goal_team': None, 'ball_out_by': None, 'has_ball': False, 'start_shot_bonus': False, 'start_pass_bonus': False, 'possession_lost': False}

[Step 158] Action=[ 1.         -0.76069427  1.          0.          0.99999857 -0.89826375
 -1.        ] | Reward=+0.020 | Cum=+4.703 | Info={'shot_attempted': False, 'pass_attempted': False, 'goal_scored': False, 'goal_team': None, 'ball_out_by': None, 'has_ball': False, 'start_shot_bonus': False, 'start_pass_bonus': False, 'possession_lost': False}

[Step 159] Action=[ 1.         -0.7603928   1.          0.          0.99999857 -0.898125
 -1.        ] | Reward=+0.020 | Cum=+4.723 | Info={'shot_attempted': False, 'pass_attempted': False, 'goal_scored': False, 'goal_team': None, 'ball_out_by': None, 'has_ball': False, 'start_shot_bonus': False, 'start_pass_bonus': False, 'possession_lost': False}

[Step 160] Action=[ 1.         -0.7600914   1.          0.          0.99999857 -0.89798635
 -1.        ] | Reward=+0.020 | Cum=+4.743 | Info={'shot_attempted': False, 'pass_attempted': False, 'goal_scored': False, 'goal_team': None, 'ball_out_by': None, 'has_ball': False, 'start_shot_bonus': False, 'start_pass_bonus': False, 'possession_lost': False}

[Step 161] Action=[ 1.         -0.7597899   1.          0.          0.99999857 -0.8978476
 -1.        ] | Reward=+0.020 | Cum=+4.762 | Info={'shot_attempted': False, 'pass_attempted': False, 'goal_scored': False, 'goal_team': None, 'ball_out_by': None, 'has_ball': False, 'start_shot_bonus': False, 'start_pass_bonus': False, 'possession_lost': False}

[Step 162] Action=[ 1.         -0.75948876  1.          0.          0.9999985  -0.8977089
 -1.        ] | Reward=+0.020 | Cum=+4.782 | Info={'shot_attempted': False, 'pass_attempted': False, 'goal_scored': False, 'goal_team': None, 'ball_out_by': None, 'has_ball': False, 'start_shot_bonus': False, 'start_pass_bonus': False, 'possession_lost': False}

[Step 163] Action=[ 1.         -0.7591872   1.          0.          0.9999985  -0.89757025
 -1.        ] | Reward=+0.021 | Cum=+4.803 | Info={'shot_attempted': False, 'pass_attempted': False, 'goal_scored': False, 'goal_team': None, 'ball_out_by': None, 'has_ball': False, 'start_shot_bonus': False, 'start_pass_bonus': False, 'possession_lost': False}

[Step 164] Action=[ 1.         -0.7588861   1.          0.          0.9999985  -0.89743155
 -1.        ] | Reward=+0.021 | Cum=+4.824 | Info={'shot_attempted': False, 'pass_attempted': False, 'goal_scored': False, 'goal_team': None, 'ball_out_by': None, 'has_ball': False, 'start_shot_bonus': False, 'start_pass_bonus': False, 'possession_lost': False}

[Step 165] Action=[ 1.        -0.7585848  1.         0.         0.9999985 -0.8972929
 -1.       ] | Reward=+0.020 | Cum=+4.844 | Info={'shot_attempted': False, 'pass_attempted': False, 'goal_scored': False, 'goal_team': None, 'ball_out_by': None, 'has_ball': False, 'start_shot_bonus': False, 'start_pass_bonus': False, 'possession_lost': False}

[Step 166] Action=[ 1.        -0.7582836  1.         0.         0.9999985 -0.8971542
 -1.       ] | Reward=+0.020 | Cum=+4.865 | Info={'shot_attempted': False, 'pass_attempted': False, 'goal_scored': False, 'goal_team': None, 'ball_out_by': None, 'has_ball': False, 'start_shot_bonus': False, 'start_pass_bonus': False, 'possession_lost': False}

[Step 167] Action=[ 1.        -0.7579826  1.         0.         0.9999985 -0.8970155
 -1.       ] | Reward=+0.020 | Cum=+4.885 | Info={'shot_attempted': False, 'pass_attempted': False, 'goal_scored': False, 'goal_team': None, 'ball_out_by': None, 'has_ball': False, 'start_shot_bonus': False, 'start_pass_bonus': False, 'possession_lost': False}

[Step 168] Action=[ 1.         -0.75768244  1.          0.          0.99999845 -0.89687806
 -1.        ] | Reward=+0.021 | Cum=+4.906 | Info={'shot_attempted': False, 'pass_attempted': False, 'goal_scored': False, 'goal_team': None, 'ball_out_by': None, 'has_ball': False, 'start_shot_bonus': False, 'start_pass_bonus': False, 'possession_lost': False}

[Step 169] Action=[ 1.         -0.757383    1.          0.          0.99999845 -0.8967405
 -1.        ] | Reward=+0.021 | Cum=+4.928 | Info={'shot_attempted': False, 'pass_attempted': False, 'goal_scored': False, 'goal_team': None, 'ball_out_by': None, 'has_ball': False, 'start_shot_bonus': False, 'start_pass_bonus': False, 'possession_lost': False}

[Step 170] Action=[ 1.         -0.75708324  1.          0.          0.99999845 -0.89660317
 -1.        ] | Reward=+0.021 | Cum=+4.949 | Info={'shot_attempted': False, 'pass_attempted': False, 'goal_scored': False, 'goal_team': None, 'ball_out_by': None, 'has_ball': False, 'start_shot_bonus': False, 'start_pass_bonus': False, 'possession_lost': False}

[Step 171] Action=[ 1.         -0.7567836   1.          0.          0.99999845 -0.8964658
 -1.        ] | Reward=+0.022 | Cum=+4.971 | Info={'shot_attempted': False, 'pass_attempted': False, 'goal_scored': False, 'goal_team': None, 'ball_out_by': None, 'has_ball': False, 'start_shot_bonus': False, 'start_pass_bonus': False, 'possession_lost': False}

[Step 172] Action=[ 1.         -0.7564841   1.          0.          0.99999845 -0.8963284
 -1.        ] | Reward=+0.021 | Cum=+4.992 | Info={'shot_attempted': False, 'pass_attempted': False, 'goal_scored': False, 'goal_team': None, 'ball_out_by': None, 'has_ball': False, 'start_shot_bonus': False, 'start_pass_bonus': False, 'possession_lost': False}

[Step 173] Action=[ 1.         -0.7561845   1.          0.          0.99999845 -0.896191
 -1.        ] | Reward=+0.021 | Cum=+5.013 | Info={'shot_attempted': False, 'pass_attempted': False, 'goal_scored': False, 'goal_team': None, 'ball_out_by': None, 'has_ball': False, 'start_shot_bonus': False, 'start_pass_bonus': False, 'possession_lost': False}

[Step 174] Action=[ 1.         -0.75588495  1.          0.          0.9999984  -0.89605355
 -1.        ] | Reward=+0.022 | Cum=+5.035 | Info={'shot_attempted': False, 'pass_attempted': False, 'goal_scored': False, 'goal_team': None, 'ball_out_by': None, 'has_ball': False, 'start_shot_bonus': False, 'start_pass_bonus': False, 'possession_lost': False}

[Step 175] Action=[ 1.        -0.7555855  1.         0.         0.9999984 -0.8959163
 -1.       ] | Reward=+0.022 | Cum=+5.057 | Info={'shot_attempted': False, 'pass_attempted': False, 'goal_scored': False, 'goal_team': None, 'ball_out_by': None, 'has_ball': False, 'start_shot_bonus': False, 'start_pass_bonus': False, 'possession_lost': False}

[Step 176] Action=[ 1.         -0.755286    1.          0.          0.9999984  -0.89577883
 -1.        ] | Reward=+0.022 | Cum=+5.079 | Info={'shot_attempted': False, 'pass_attempted': False, 'goal_scored': False, 'goal_team': None, 'ball_out_by': None, 'has_ball': False, 'start_shot_bonus': False, 'start_pass_bonus': False, 'possession_lost': False}

[Step 177] Action=[ 1.         -0.7549868   1.          0.          0.9999984  -0.89564157
 -1.        ] | Reward=+0.022 | Cum=+5.101 | Info={'shot_attempted': False, 'pass_attempted': False, 'goal_scored': False, 'goal_team': None, 'ball_out_by': None, 'has_ball': False, 'start_shot_bonus': False, 'start_pass_bonus': False, 'possession_lost': False}

[Step 178] Action=[ 1.         -0.75468767  1.          0.          0.9999984  -0.8955043
 -1.        ] | Reward=+0.022 | Cum=+5.123 | Info={'shot_attempted': False, 'pass_attempted': False, 'goal_scored': False, 'goal_team': None, 'ball_out_by': None, 'has_ball': False, 'start_shot_bonus': False, 'start_pass_bonus': False, 'possession_lost': False}

[Step 179] Action=[ 1.         -0.75438833  1.          0.          0.99999833 -0.8953669
 -1.        ] | Reward=+0.022 | Cum=+5.145 | Info={'shot_attempted': False, 'pass_attempted': False, 'goal_scored': False, 'goal_team': None, 'ball_out_by': None, 'has_ball': False, 'start_shot_bonus': False, 'start_pass_bonus': False, 'possession_lost': False}

[Step 180] Action=[ 1.         -0.7540893   1.          0.          0.99999833 -0.8952295
 -1.        ] | Reward=+0.022 | Cum=+5.168 | Info={'shot_attempted': False, 'pass_attempted': False, 'goal_scored': False, 'goal_team': None, 'ball_out_by': None, 'has_ball': False, 'start_shot_bonus': False, 'start_pass_bonus': False, 'possession_lost': False}

[Step 181] Action=[ 1.         -0.7537903   1.          0.          0.99999833 -0.89509225
 -1.        ] | Reward=+0.022 | Cum=+5.190 | Info={'shot_attempted': False, 'pass_attempted': False, 'goal_scored': False, 'goal_team': None, 'ball_out_by': None, 'has_ball': False, 'start_shot_bonus': False, 'start_pass_bonus': False, 'possession_lost': False}

[Step 182] Action=[ 1.         -0.7534911   1.          0.          0.99999833 -0.89495504
 -1.        ] | Reward=+0.022 | Cum=+5.212 | Info={'shot_attempted': False, 'pass_attempted': False, 'goal_scored': False, 'goal_team': None, 'ball_out_by': None, 'has_ball': False, 'start_shot_bonus': False, 'start_pass_bonus': False, 'possession_lost': False}

[Step 183] Action=[ 1.         -0.7531924   1.          0.          0.99999833 -0.89481777
 -1.        ] | Reward=+0.022 | Cum=+5.235 | Info={'shot_attempted': False, 'pass_attempted': False, 'goal_scored': False, 'goal_team': None, 'ball_out_by': None, 'has_ball': False, 'start_shot_bonus': False, 'start_pass_bonus': False, 'possession_lost': False}

[Step 184] Action=[ 1.         -0.75289327  1.          0.          0.99999833 -0.89468044
 -1.        ] | Reward=+0.022 | Cum=+5.257 | Info={'shot_attempted': False, 'pass_attempted': False, 'goal_scored': False, 'goal_team': None, 'ball_out_by': None, 'has_ball': False, 'start_shot_bonus': False, 'start_pass_bonus': False, 'possession_lost': False}

[Step 185] Action=[ 1.         -0.75259465  1.          0.          0.9999983  -0.89454323
 -1.        ] | Reward=+0.024 | Cum=+5.281 | Info={'shot_attempted': False, 'pass_attempted': False, 'goal_scored': False, 'goal_team': None, 'ball_out_by': None, 'has_ball': False, 'start_shot_bonus': False, 'start_pass_bonus': False, 'possession_lost': False}

[Step 186] Action=[ 1.         -0.75229585  1.          0.          0.9999983  -0.89440596
 -1.        ] | Reward=+0.023 | Cum=+5.304 | Info={'shot_attempted': False, 'pass_attempted': False, 'goal_scored': False, 'goal_team': None, 'ball_out_by': None, 'has_ball': False, 'start_shot_bonus': False, 'start_pass_bonus': False, 'possession_lost': False}

[Step 187] Action=[ 1.         -0.75199693  1.          0.          0.9999983  -0.89426875
 -1.        ] | Reward=+0.023 | Cum=+5.326 | Info={'shot_attempted': False, 'pass_attempted': False, 'goal_scored': False, 'goal_team': None, 'ball_out_by': None, 'has_ball': False, 'start_shot_bonus': False, 'start_pass_bonus': False, 'possession_lost': False}

[Step 188] Action=[ 1.         -0.7516985   1.          0.          0.9999983  -0.89413154
 -1.        ] | Reward=+0.023 | Cum=+5.349 | Info={'shot_attempted': False, 'pass_attempted': False, 'goal_scored': False, 'goal_team': None, 'ball_out_by': None, 'has_ball': False, 'start_shot_bonus': False, 'start_pass_bonus': False, 'possession_lost': False}

[Step 189] Action=[ 1.         -0.7513999   1.          0.          0.9999983  -0.89399445
 -1.        ] | Reward=+0.023 | Cum=+5.372 | Info={'shot_attempted': False, 'pass_attempted': False, 'goal_scored': False, 'goal_team': None, 'ball_out_by': None, 'has_ball': False, 'start_shot_bonus': False, 'start_pass_bonus': False, 'possession_lost': False}

[Step 190] Action=[ 1.         -0.75110143  1.          0.          0.9999982  -0.89385724
 -1.        ] | Reward=+0.024 | Cum=+5.396 | Info={'shot_attempted': False, 'pass_attempted': False, 'goal_scored': False, 'goal_team': None, 'ball_out_by': None, 'has_ball': False, 'start_shot_bonus': False, 'start_pass_bonus': False, 'possession_lost': False}

[Step 191] Action=[ 1.         -0.750803    1.          0.          0.9999982  -0.89372003
 -1.        ] | Reward=+0.024 | Cum=+5.420 | Info={'shot_attempted': False, 'pass_attempted': False, 'goal_scored': False, 'goal_team': None, 'ball_out_by': None, 'has_ball': False, 'start_shot_bonus': False, 'start_pass_bonus': False, 'possession_lost': False}

[Step 192] Action=[ 1.         -0.75050485  1.          0.          0.9999982  -0.8935829
 -1.        ] | Reward=+0.024 | Cum=+5.444 | Info={'shot_attempted': False, 'pass_attempted': False, 'goal_scored': False, 'goal_team': None, 'ball_out_by': None, 'has_ball': False, 'start_shot_bonus': False, 'start_pass_bonus': False, 'possession_lost': False}

[Step 193] Action=[ 1.         -0.75020623  1.          0.          0.9999982  -0.8934458
 -1.        ] | Reward=+0.023 | Cum=+5.467 | Info={'shot_attempted': False, 'pass_attempted': False, 'goal_scored': False, 'goal_team': None, 'ball_out_by': None, 'has_ball': False, 'start_shot_bonus': False, 'start_pass_bonus': False, 'possession_lost': False}

[Step 194] Action=[ 1.        -0.7499085  1.         0.         0.9999982 -0.8933086
 -1.       ] | Reward=+0.023 | Cum=+5.490 | Info={'shot_attempted': False, 'pass_attempted': False, 'goal_scored': False, 'goal_team': None, 'ball_out_by': None, 'has_ball': False, 'start_shot_bonus': False, 'start_pass_bonus': False, 'possession_lost': False}

[Step 195] Action=[ 1.         -0.74961066  1.          0.          0.99999815 -0.8931714
 -1.        ] | Reward=+0.023 | Cum=+5.513 | Info={'shot_attempted': False, 'pass_attempted': False, 'goal_scored': False, 'goal_team': None, 'ball_out_by': None, 'has_ball': False, 'start_shot_bonus': False, 'start_pass_bonus': False, 'possession_lost': False}

[Step 196] Action=[ 1.         -0.7493125   1.          0.          0.99999815 -0.89303434
 -1.        ] | Reward=+0.024 | Cum=+5.537 | Info={'shot_attempted': False, 'pass_attempted': False, 'goal_scored': False, 'goal_team': None, 'ball_out_by': None, 'has_ball': False, 'start_shot_bonus': False, 'start_pass_bonus': False, 'possession_lost': False}

[Step 197] Action=[ 1.         -0.74901456  1.          0.          0.99999815 -0.8928972
 -1.        ] | Reward=+0.024 | Cum=+5.561 | Info={'shot_attempted': False, 'pass_attempted': False, 'goal_scored': False, 'goal_team': None, 'ball_out_by': None, 'has_ball': False, 'start_shot_bonus': False, 'start_pass_bonus': False, 'possession_lost': False}

[Step 198] Action=[ 1.         -0.74871695  1.          0.          0.99999815 -0.89276016
 -1.        ] | Reward=+0.024 | Cum=+5.585 | Info={'shot_attempted': False, 'pass_attempted': False, 'goal_scored': False, 'goal_team': None, 'ball_out_by': None, 'has_ball': False, 'start_shot_bonus': False, 'start_pass_bonus': False, 'possession_lost': False}

[Step 199] Action=[ 1.         -0.74841845  1.          0.          0.99999815 -0.89262307
 -1.        ] | Reward=+0.024 | Cum=+5.609 | Info={'shot_attempted': False, 'pass_attempted': False, 'goal_scored': False, 'goal_team': None, 'ball_out_by': None, 'has_ball': False, 'start_shot_bonus': False, 'start_pass_bonus': False, 'possession_lost': False}

[Step 200] Action=[ 1.         -0.74812037  1.          0.          0.9999981  -0.89248574
 -1.        ] | Reward=+0.023 | Cum=+5.632 | Info={'shot_attempted': False, 'pass_attempted': False, 'goal_scored': False, 'goal_team': None, 'ball_out_by': None, 'has_ball': False, 'start_shot_bonus': False, 'start_pass_bonus': False, 'possession_lost': False}

[Step 201] Action=[ 1.        -0.7478219  1.         0.         0.9999981 -0.8923487
 -1.       ] | Reward=+0.024 | Cum=+5.656 | Info={'shot_attempted': False, 'pass_attempted': False, 'goal_scored': False, 'goal_team': None, 'ball_out_by': None, 'has_ball': False, 'start_shot_bonus': False, 'start_pass_bonus': False, 'possession_lost': False}

[Step 202] Action=[ 1.         -0.7475234   1.          0.          0.9999981  -0.89221144
 -1.        ] | Reward=+0.024 | Cum=+5.680 | Info={'shot_attempted': False, 'pass_attempted': False, 'goal_scored': False, 'goal_team': None, 'ball_out_by': None, 'has_ball': False, 'start_shot_bonus': False, 'start_pass_bonus': False, 'possession_lost': False}

[Step 203] Action=[ 1.         -0.74722236  1.          0.          0.9999981  -0.89207375
 -1.        ] | Reward=+0.024 | Cum=+5.704 | Info={'shot_attempted': False, 'pass_attempted': False, 'goal_scored': False, 'goal_team': None, 'ball_out_by': None, 'has_ball': False, 'start_shot_bonus': False, 'start_pass_bonus': False, 'possession_lost': False}

[Step 204] Action=[ 1.         -0.7469208   1.          0.          0.9999981  -0.89193606
 -1.        ] | Reward=+0.024 | Cum=+5.728 | Info={'shot_attempted': False, 'pass_attempted': False, 'goal_scored': False, 'goal_team': None, 'ball_out_by': None, 'has_ball': False, 'start_shot_bonus': False, 'start_pass_bonus': False, 'possession_lost': False}

[Step 205] Action=[ 1.         -0.74662006  1.          0.          0.99999803 -0.89179826
 -1.        ] | Reward=+0.024 | Cum=+5.753 | Info={'shot_attempted': False, 'pass_attempted': False, 'goal_scored': False, 'goal_team': None, 'ball_out_by': None, 'has_ball': False, 'start_shot_bonus': False, 'start_pass_bonus': False, 'possession_lost': False}

[Step 206] Action=[ 1.         -0.7463175   1.          0.          0.99999803 -0.8916606
 -1.        ] | Reward=+0.024 | Cum=+5.777 | Info={'shot_attempted': False, 'pass_attempted': False, 'goal_scored': False, 'goal_team': None, 'ball_out_by': None, 'has_ball': False, 'start_shot_bonus': False, 'start_pass_bonus': False, 'possession_lost': False}

[Step 207] Action=[ 1.         -0.7460145   1.          0.          0.99999803 -0.891523
 -1.        ] | Reward=+0.024 | Cum=+5.801 | Info={'shot_attempted': False, 'pass_attempted': False, 'goal_scored': False, 'goal_team': None, 'ball_out_by': None, 'has_ball': False, 'start_shot_bonus': False, 'start_pass_bonus': False, 'possession_lost': False}

[Step 208] Action=[ 1.         -0.7457118   1.          0.          0.99999803 -0.8913856
 -1.        ] | Reward=-0.577 | Cum=+5.224 | Info={'shot_attempted': False, 'pass_attempted': False, 'goal_scored': False, 'goal_team': None, 'ball_out_by': None, 'has_ball': False, 'start_shot_bonus': False, 'start_pass_bonus': False, 'possession_lost': True}

[Step 209] Action=[ 0.9999999 -0.5901271  1.         0.         0.9999635 -0.8160336
 -1.       ] | Reward=-0.577 | Cum=+4.646 | Info={'shot_attempted': False, 'pass_attempted': False, 'goal_scored': False, 'goal_team': None, 'ball_out_by': None, 'has_ball': False, 'start_shot_bonus': False, 'start_pass_bonus': False, 'possession_lost': True}

[Step 210] Action=[ 0.9999999  -0.58943635  1.          0.          0.9999633  -0.8156781
 -1.        ] | Reward=-0.577 | Cum=+4.069 | Info={'shot_attempted': False, 'pass_attempted': False, 'goal_scored': False, 'goal_team': None, 'ball_out_by': None, 'has_ball': False, 'start_shot_bonus': False, 'start_pass_bonus': False, 'possession_lost': True}

[Step 211] Action=[ 0.9999999  -0.58874667  1.          0.          0.99996305 -0.81532323
 -0.99999994] | Reward=-0.577 | Cum=+3.492 | Info={'shot_attempted': False, 'pass_attempted': False, 'goal_scored': False, 'goal_team': None, 'ball_out_by': None, 'has_ball': False, 'start_shot_bonus': False, 'start_pass_bonus': False, 'possession_lost': True}

[Step 212] Action=[ 0.9999999  -0.5880561   1.          0.          0.99996275 -0.8149675
 -0.99999994] | Reward=-0.576 | Cum=+2.916 | Info={'shot_attempted': False, 'pass_attempted': False, 'goal_scored': False, 'goal_team': None, 'ball_out_by': None, 'has_ball': False, 'start_shot_bonus': False, 'start_pass_bonus': False, 'possession_lost': True}

[Step 213] Action=[ 0.9999999  -0.587365    1.          0.          0.9999625  -0.8146113
 -0.99999994] | Reward=-0.576 | Cum=+2.339 | Info={'shot_attempted': False, 'pass_attempted': False, 'goal_scored': False, 'goal_team': None, 'ball_out_by': None, 'has_ball': False, 'start_shot_bonus': False, 'start_pass_bonus': False, 'possession_lost': True}

[Step 214] Action=[ 0.9999999  -0.586673    1.          0.          0.9999623  -0.8142546
 -0.99999994] | Reward=-0.576 | Cum=+1.763 | Info={'shot_attempted': False, 'pass_attempted': False, 'goal_scored': False, 'goal_team': None, 'ball_out_by': None, 'has_ball': False, 'start_shot_bonus': False, 'start_pass_bonus': False, 'possession_lost': True}

[Step 215] Action=[ 0.9999999  -0.5859805   1.          0.          0.99996203 -0.8138974
 -0.99999994] | Reward=-0.576 | Cum=+1.187 | Info={'shot_attempted': False, 'pass_attempted': False, 'goal_scored': False, 'goal_team': None, 'ball_out_by': None, 'has_ball': False, 'start_shot_bonus': False, 'start_pass_bonus': False, 'possession_lost': True}

[Step 216] Action=[ 0.9999999  -0.58528745  1.          0.          0.9999618  -0.81353956
 -0.99999994] | Reward=-0.578 | Cum=+0.609 | Info={'shot_attempted': False, 'pass_attempted': False, 'goal_scored': False, 'goal_team': None, 'ball_out_by': None, 'has_ball': False, 'start_shot_bonus': False, 'start_pass_bonus': False, 'possession_lost': True}

[Step 217] Action=[ 0.9999999  -0.58459353  1.          0.          0.9999615  -0.8131813
 -0.99999994] | Reward=-0.577 | Cum=+0.033 | Info={'shot_attempted': False, 'pass_attempted': False, 'goal_scored': False, 'goal_team': None, 'ball_out_by': None, 'has_ball': False, 'start_shot_bonus': False, 'start_pass_bonus': False, 'possession_lost': True}

[Step 218] Action=[ 0.9999999  -0.5838984   1.          0.          0.99996126 -0.8128225
 -0.99999994] | Reward=-0.577 | Cum=-0.544 | Info={'shot_attempted': False, 'pass_attempted': False, 'goal_scored': False, 'goal_team': None, 'ball_out_by': None, 'has_ball': False, 'start_shot_bonus': False, 'start_pass_bonus': False, 'possession_lost': True}

[Step 219] Action=[ 0.9999999  -0.58320326  1.          0.          0.999961   -0.81246316
 -0.99999994] | Reward=-0.577 | Cum=-1.121 | Info={'shot_attempted': False, 'pass_attempted': False, 'goal_scored': False, 'goal_team': None, 'ball_out_by': None, 'has_ball': False, 'start_shot_bonus': False, 'start_pass_bonus': False, 'possession_lost': True}

[Step 220] Action=[ 0.9999999  -0.5825071   1.          0.          0.9999607  -0.81210333
 -0.99999994] | Reward=-0.577 | Cum=-1.698 | Info={'shot_attempted': False, 'pass_attempted': False, 'goal_scored': False, 'goal_team': None, 'ball_out_by': None, 'has_ball': False, 'start_shot_bonus': False, 'start_pass_bonus': False, 'possession_lost': True}

[Step 221] Action=[ 0.9999999  -0.5818105   1.          0.          0.9999605  -0.81174296
 -0.99999994] | Reward=-0.577 | Cum=-2.274 | Info={'shot_attempted': False, 'pass_attempted': False, 'goal_scored': False, 'goal_team': None, 'ball_out_by': None, 'has_ball': False, 'start_shot_bonus': False, 'start_pass_bonus': False, 'possession_lost': True}

[Step 222] Action=[ 0.9999999  -0.5811128   1.          0.          0.99996024 -0.811382
 -0.99999994] | Reward=-0.577 | Cum=-2.851 | Info={'shot_attempted': False, 'pass_attempted': False, 'goal_scored': False, 'goal_team': None, 'ball_out_by': None, 'has_ball': False, 'start_shot_bonus': False, 'start_pass_bonus': False, 'possession_lost': True}

[Step 223] Action=[ 0.9999999  -0.5804149   1.          0.          0.99995995 -0.8110207
 -0.99999994] | Reward=-0.576 | Cum=-3.427 | Info={'shot_attempted': False, 'pass_attempted': False, 'goal_scored': False, 'goal_team': None, 'ball_out_by': None, 'has_ball': False, 'start_shot_bonus': False, 'start_pass_bonus': False, 'possession_lost': True}

[Step 224] Action=[ 0.9999998  -0.5797155   1.          0.          0.9999597  -0.8106585
 -0.99999994] | Reward=-0.577 | Cum=-4.004 | Info={'shot_attempted': False, 'pass_attempted': False, 'goal_scored': False, 'goal_team': None, 'ball_out_by': None, 'has_ball': False, 'start_shot_bonus': False, 'start_pass_bonus': False, 'possession_lost': True}

[Step 225] Action=[ 0.9999998  -0.5790164   1.          0.          0.9999594  -0.81029594
 -0.99999994] | Reward=-0.577 | Cum=-4.582 | Info={'shot_attempted': False, 'pass_attempted': False, 'goal_scored': False, 'goal_team': None, 'ball_out_by': None, 'has_ball': False, 'start_shot_bonus': False, 'start_pass_bonus': False, 'possession_lost': True}

[Step 226] Action=[ 0.9999998  -0.5783163   1.          0.          0.9999592  -0.80993307
 -0.99999994] | Reward=-0.577 | Cum=-5.159 | Info={'shot_attempted': False, 'pass_attempted': False, 'goal_scored': False, 'goal_team': None, 'ball_out_by': None, 'has_ball': False, 'start_shot_bonus': False, 'start_pass_bonus': False, 'possession_lost': True}

[Step 227] Action=[ 0.9999998  -0.5776153   1.          0.          0.9999589  -0.8095694
 -0.99999994] | Reward=-0.577 | Cum=-5.736 | Info={'shot_attempted': False, 'pass_attempted': False, 'goal_scored': False, 'goal_team': None, 'ball_out_by': None, 'has_ball': False, 'start_shot_bonus': False, 'start_pass_bonus': False, 'possession_lost': True}

[Step 228] Action=[ 0.9999998  -0.5769136   1.          0.          0.99995863 -0.8092054
 -0.99999994] | Reward=-0.577 | Cum=-6.313 | Info={'shot_attempted': False, 'pass_attempted': False, 'goal_scored': False, 'goal_team': None, 'ball_out_by': None, 'has_ball': False, 'start_shot_bonus': False, 'start_pass_bonus': False, 'possession_lost': True}

[Step 229] Action=[ 0.9999998  -0.5762114   1.          0.          0.99995834 -0.8088408
 -0.99999994] | Reward=-0.577 | Cum=-6.889 | Info={'shot_attempted': False, 'pass_attempted': False, 'goal_scored': False, 'goal_team': None, 'ball_out_by': None, 'has_ball': False, 'start_shot_bonus': False, 'start_pass_bonus': False, 'possession_lost': True}

[Step 230] Action=[ 0.9999998  -0.5755083   1.          0.          0.99995804 -0.80847555
 -0.99999994] | Reward=-0.577 | Cum=-7.466 | Info={'shot_attempted': False, 'pass_attempted': False, 'goal_scored': False, 'goal_team': None, 'ball_out_by': None, 'has_ball': False, 'start_shot_bonus': False, 'start_pass_bonus': False, 'possession_lost': True}

[Step 231] Action=[ 0.9999998  -0.57480484  1.          0.          0.9999578  -0.80810994
 -0.99999994] | Reward=-0.577 | Cum=-8.042 | Info={'shot_attempted': False, 'pass_attempted': False, 'goal_scored': False, 'goal_team': None, 'ball_out_by': None, 'has_ball': False, 'start_shot_bonus': False, 'start_pass_bonus': False, 'possession_lost': True}

[Step 232] Action=[ 0.9999998  -0.5741003   1.          0.          0.9999575  -0.8077437
 -0.99999994] | Reward=-0.577 | Cum=-8.619 | Info={'shot_attempted': False, 'pass_attempted': False, 'goal_scored': False, 'goal_team': None, 'ball_out_by': None, 'has_ball': False, 'start_shot_bonus': False, 'start_pass_bonus': False, 'possession_lost': True}

[Step 233] Action=[ 0.9999998  -0.5733953   1.          0.          0.9999572  -0.8073769
 -0.99999994] | Reward=-0.577 | Cum=-9.196 | Info={'shot_attempted': False, 'pass_attempted': False, 'goal_scored': False, 'goal_team': None, 'ball_out_by': None, 'has_ball': False, 'start_shot_bonus': False, 'start_pass_bonus': False, 'possession_lost': True}

[Step 234] Action=[ 0.9999998  -0.5726898   1.          0.          0.9999569  -0.80700976
 -0.99999994] | Reward=-0.577 | Cum=-9.774 | Info={'shot_attempted': False, 'pass_attempted': False, 'goal_scored': False, 'goal_team': None, 'ball_out_by': None, 'has_ball': False, 'start_shot_bonus': False, 'start_pass_bonus': False, 'possession_lost': True}

[Step 235] Action=[ 0.9999998  -0.57198334  1.          0.          0.99995667 -0.8066419
 -0.99999994] | Reward=-0.577 | Cum=-10.351 | Info={'shot_attempted': False, 'pass_attempted': False, 'goal_scored': False, 'goal_team': None, 'ball_out_by': None, 'has_ball': False, 'start_shot_bonus': False, 'start_pass_bonus': False, 'possession_lost': True}

[Step 236] Action=[ 0.9999998  -0.57127637  1.          0.          0.99995637 -0.80627346
 -0.99999994] | Reward=-0.577 | Cum=-10.928 | Info={'shot_attempted': False, 'pass_attempted': False, 'goal_scored': False, 'goal_team': None, 'ball_out_by': None, 'has_ball': False, 'start_shot_bonus': False, 'start_pass_bonus': False, 'possession_lost': True}

[Step 237] Action=[ 0.9999998  -0.57056826  1.          0.          0.9999561  -0.80590487
 -0.99999994] | Reward=-0.577 | Cum=-11.505 | Info={'shot_attempted': False, 'pass_attempted': False, 'goal_scored': False, 'goal_team': None, 'ball_out_by': None, 'has_ball': False, 'start_shot_bonus': False, 'start_pass_bonus': False, 'possession_lost': True}

[Step 238] Action=[ 0.9999998  -0.56986016  1.          0.          0.9999558  -0.8055362
 -0.99999994] | Reward=-0.577 | Cum=-12.082 | Info={'shot_attempted': False, 'pass_attempted': False, 'goal_scored': False, 'goal_team': None, 'ball_out_by': None, 'has_ball': False, 'start_shot_bonus': False, 'start_pass_bonus': False, 'possession_lost': True}

[Step 239] Action=[ 0.9999998  -0.5691508   1.          0.          0.9999555  -0.8051672
 -0.99999994] | Reward=-0.577 | Cum=-12.659 | Info={'shot_attempted': False, 'pass_attempted': False, 'goal_scored': False, 'goal_team': None, 'ball_out_by': None, 'has_ball': False, 'start_shot_bonus': False, 'start_pass_bonus': False, 'possession_lost': True}

[Step 240] Action=[ 0.9999998  -0.5684414   1.          0.          0.9999552  -0.8047974
 -0.99999994] | Reward=-0.577 | Cum=-13.236 | Info={'shot_attempted': False, 'pass_attempted': False, 'goal_scored': False, 'goal_team': None, 'ball_out_by': None, 'has_ball': False, 'start_shot_bonus': False, 'start_pass_bonus': False, 'possession_lost': True}

[Step 241] Action=[ 0.9999998  -0.5677305   1.          0.          0.9999549  -0.80442727
 -0.99999994] | Reward=-3.105 | Cum=-16.341 | Info={'shot_attempted': False, 'pass_attempted': False, 'goal_scored': False, 'goal_team': None, 'ball_out_by': None, 'has_ball': False, 'start_shot_bonus': False, 'start_pass_bonus': False, 'possession_lost': True}

[Step 242] Action=[ 0.9999998  -0.56701976  1.          0.          0.9999546  -0.80405664
 -0.99999994] | Reward=-3.105 | Cum=-19.446 | Info={'shot_attempted': False, 'pass_attempted': False, 'goal_scored': False, 'goal_team': None, 'ball_out_by': None, 'has_ball': False, 'start_shot_bonus': False, 'start_pass_bonus': False, 'possession_lost': True}

[Step 243] Action=[ 0.9999998  -0.56630796  1.          0.          0.9999543  -0.8036853
 -0.99999994] | Reward=-3.105 | Cum=-22.551 | Info={'shot_attempted': False, 'pass_attempted': False, 'goal_scored': False, 'goal_team': None, 'ball_out_by': None, 'has_ball': False, 'start_shot_bonus': False, 'start_pass_bonus': False, 'possession_lost': True}

[Step 244] Action=[ 0.9999998  -0.5655956   1.          0.          0.999954   -0.8033136
 -0.99999994] | Reward=-3.105 | Cum=-25.656 | Info={'shot_attempted': False, 'pass_attempted': False, 'goal_scored': False, 'goal_team': None, 'ball_out_by': None, 'has_ball': False, 'start_shot_bonus': False, 'start_pass_bonus': False, 'possession_lost': True}

[Step 245] Action=[ 0.9999998  -0.56488246  1.          0.          0.9999537  -0.8029413
 -0.99999994] | Reward=-3.105 | Cum=-28.761 | Info={'shot_attempted': False, 'pass_attempted': False, 'goal_scored': False, 'goal_team': None, 'ball_out_by': None, 'has_ball': False, 'start_shot_bonus': False, 'start_pass_bonus': False, 'possession_lost': True}

[Step 246] Action=[ 0.9999998  -0.5641687   1.          0.          0.9999534  -0.80256844
 -0.99999994] | Reward=-3.105 | Cum=-31.866 | Info={'shot_attempted': False, 'pass_attempted': False, 'goal_scored': False, 'goal_team': None, 'ball_out_by': None, 'has_ball': False, 'start_shot_bonus': False, 'start_pass_bonus': False, 'possession_lost': True}

[Step 247] Action=[ 0.9999998  -0.56345385  1.          0.          0.9999531  -0.80219513
 -0.99999994] | Reward=-3.105 | Cum=-34.971 | Info={'shot_attempted': False, 'pass_attempted': False, 'goal_scored': False, 'goal_team': None, 'ball_out_by': None, 'has_ball': False, 'start_shot_bonus': False, 'start_pass_bonus': False, 'possession_lost': True}

[Step 248] Action=[ 0.9999998  -0.56273913  1.          0.          0.9999528  -0.8018212
 -0.99999994] | Reward=-3.105 | Cum=-38.076 | Info={'shot_attempted': False, 'pass_attempted': False, 'goal_scored': False, 'goal_team': None, 'ball_out_by': None, 'has_ball': False, 'start_shot_bonus': False, 'start_pass_bonus': False, 'possession_lost': True}

[Step 249] Action=[ 0.9999998  -0.562051    1.          0.          0.9999525  -0.8014601
 -0.99999994] | Reward=-3.105 | Cum=-41.181 | Info={'shot_attempted': False, 'pass_attempted': False, 'goal_scored': False, 'goal_team': None, 'ball_out_by': None, 'has_ball': False, 'start_shot_bonus': False, 'start_pass_bonus': False, 'possession_lost': True}

[Step 250] Action=[ 0.9999998  -0.5613967   1.          0.          0.9999522  -0.8011147
 -0.99999994] | Reward=-3.105 | Cum=-44.286 | Info={'shot_attempted': False, 'pass_attempted': False, 'goal_scored': False, 'goal_team': None, 'ball_out_by': None, 'has_ball': False, 'start_shot_bonus': False, 'start_pass_bonus': False, 'possession_lost': True}

[Step 251] Action=[ 0.9999998  -0.5607417   1.          0.          0.9999519  -0.8007689
 -0.99999994] | Reward=-3.105 | Cum=-47.391 | Info={'shot_attempted': False, 'pass_attempted': False, 'goal_scored': False, 'goal_team': None, 'ball_out_by': None, 'has_ball': False, 'start_shot_bonus': False, 'start_pass_bonus': False, 'possession_lost': True}

[Step 252] Action=[ 0.9999998  -0.56008637  1.          0.          0.9999516  -0.80042267
 -0.99999994] | Reward=-3.105 | Cum=-50.496 | Info={'shot_attempted': False, 'pass_attempted': False, 'goal_scored': False, 'goal_team': None, 'ball_out_by': None, 'has_ball': False, 'start_shot_bonus': False, 'start_pass_bonus': False, 'possession_lost': True}

[Step 253] Action=[ 0.9999998  -0.5594307   1.          0.          0.9999513  -0.80007607
 -0.99999994] | Reward=-3.105 | Cum=-53.601 | Info={'shot_attempted': False, 'pass_attempted': False, 'goal_scored': False, 'goal_team': None, 'ball_out_by': None, 'has_ball': False, 'start_shot_bonus': False, 'start_pass_bonus': False, 'possession_lost': True}

[Step 254] Action=[ 0.9999998  -0.5587741   1.          0.          0.999951   -0.79972875
 -0.99999994] | Reward=-3.105 | Cum=-56.706 | Info={'shot_attempted': False, 'pass_attempted': False, 'goal_scored': False, 'goal_team': None, 'ball_out_by': None, 'has_ball': False, 'start_shot_bonus': False, 'start_pass_bonus': False, 'possession_lost': True}

[Step 255] Action=[ 0.9999998  -0.55811745  1.          0.          0.9999507  -0.7993814
 -0.99999994] | Reward=-3.105 | Cum=-59.811 | Info={'shot_attempted': False, 'pass_attempted': False, 'goal_scored': False, 'goal_team': None, 'ball_out_by': 'att_1', 'has_ball': False, 'start_shot_bonus': False, 'start_pass_bonus': False, 'possession_lost': True}

