Debug log for att_3 (Episode 700)
================================================================================
[Step 1] Action=[ 0.95679635 -0.9992936   0.          0.579261    0.20989193  0.53176695
  0.99971855] | Reward=-0.003 | Cum=-0.003 | Info={'shot_attempted': False, 'pass_attempted': False, 'goal_scored': False, 'goal_team': None, 'ball_out_by': None, 'has_ball': False, 'start_shot_bonus': False, 'start_pass_bonus': False, 'possession_lost': False}

[Step 2] Action=[ 0.9569483  -0.999299    0.          0.57978487  0.2101921   0.53203297
  0.999721  ] | Reward=-0.003 | Cum=-0.006 | Info={'shot_attempted': False, 'pass_attempted': False, 'goal_scored': False, 'goal_team': None, 'ball_out_by': None, 'has_ball': False, 'start_shot_bonus': False, 'start_pass_bonus': False, 'possession_lost': False}

[Step 3] Action=[ 0.9569585  -0.9992994   0.          0.57984114  0.21019079  0.5320521
  0.99972117] | Reward=-0.003 | Cum=-0.008 | Info={'shot_attempted': False, 'pass_attempted': False, 'goal_scored': False, 'goal_team': None, 'ball_out_by': None, 'has_ball': False, 'start_shot_bonus': False, 'start_pass_bonus': False, 'possession_lost': False}

[Step 4] Action=[ 0.9569686  -0.9992998   0.          0.5798973   0.21018943  0.53207123
  0.99972135] | Reward=-0.003 | Cum=-0.011 | Info={'shot_attempted': False, 'pass_attempted': False, 'goal_scored': False, 'goal_team': None, 'ball_out_by': None, 'has_ball': False, 'start_shot_bonus': False, 'start_pass_bonus': False, 'possession_lost': False}

[Step 5] Action=[ 0.9569788  -0.99930024  0.          0.5799538   0.21018825  0.53209025
  0.9997215 ] | Reward=-0.003 | Cum=-0.014 | Info={'shot_attempted': False, 'pass_attempted': False, 'goal_scored': False, 'goal_team': None, 'ball_out_by': None, 'has_ball': False, 'start_shot_bonus': False, 'start_pass_bonus': False, 'possession_lost': False}

[Step 6] Action=[ 0.95698893 -0.9993006   0.          0.58000994  0.21018675  0.5321092
  0.9997217 ] | Reward=-0.003 | Cum=-0.017 | Info={'shot_attempted': False, 'pass_attempted': False, 'goal_scored': False, 'goal_team': None, 'ball_out_by': None, 'has_ball': False, 'start_shot_bonus': False, 'start_pass_bonus': False, 'possession_lost': False}

[Step 7] Action=[ 0.9569991  -0.999301    0.          0.58006597  0.21018578  0.53212833
  0.9997219 ] | Reward=-0.002 | Cum=-0.019 | Info={'shot_attempted': False, 'pass_attempted': False, 'goal_scored': False, 'goal_team': None, 'ball_out_by': None, 'has_ball': False, 'start_shot_bonus': False, 'start_pass_bonus': False, 'possession_lost': False}

[Step 8] Action=[ 0.95700926 -0.99930143  0.          0.5801224   0.21018456  0.53214747
  0.99972206] | Reward=-0.002 | Cum=-0.022 | Info={'shot_attempted': False, 'pass_attempted': False, 'goal_scored': False, 'goal_team': None, 'ball_out_by': None, 'has_ball': False, 'start_shot_bonus': False, 'start_pass_bonus': False, 'possession_lost': False}

[Step 9] Action=[ 0.95701945 -0.99930185  0.          0.58017844  0.21018332  0.5321663
  0.99972224] | Reward=-0.002 | Cum=-0.024 | Info={'shot_attempted': False, 'pass_attempted': False, 'goal_scored': False, 'goal_team': None, 'ball_out_by': None, 'has_ball': False, 'start_shot_bonus': False, 'start_pass_bonus': False, 'possession_lost': False}

[Step 10] Action=[ 0.9570296  -0.9993022   0.          0.5802349   0.21018188  0.53218544
  0.9997224 ] | Reward=-0.002 | Cum=-0.027 | Info={'shot_attempted': False, 'pass_attempted': False, 'goal_scored': False, 'goal_team': None, 'ball_out_by': None, 'has_ball': False, 'start_shot_bonus': False, 'start_pass_bonus': False, 'possession_lost': False}

[Step 11] Action=[ 0.9570398  -0.9993026   0.          0.5802912   0.21018045  0.53220475
  0.99972254] | Reward=-0.002 | Cum=-0.029 | Info={'shot_attempted': False, 'pass_attempted': False, 'goal_scored': False, 'goal_team': None, 'ball_out_by': None, 'has_ball': False, 'start_shot_bonus': False, 'start_pass_bonus': False, 'possession_lost': False}

[Step 12] Action=[ 0.9570499  -0.99930304  0.          0.58034736  0.2101792   0.5322237
  0.9997227 ] | Reward=-0.003 | Cum=-0.032 | Info={'shot_attempted': False, 'pass_attempted': False, 'goal_scored': False, 'goal_team': None, 'ball_out_by': None, 'has_ball': False, 'start_shot_bonus': False, 'start_pass_bonus': False, 'possession_lost': False}

[Step 13] Action=[ 0.95706004 -0.99930346  0.          0.5804036   0.21017809  0.53224266
  0.9997229 ] | Reward=-0.002 | Cum=-0.034 | Info={'shot_attempted': False, 'pass_attempted': False, 'goal_scored': False, 'goal_team': None, 'ball_out_by': None, 'has_ball': False, 'start_shot_bonus': False, 'start_pass_bonus': False, 'possession_lost': False}

[Step 14] Action=[ 0.9570702  -0.9993038   0.          0.5804598   0.21017669  0.5322616
  0.9997231 ] | Reward=-0.002 | Cum=-0.036 | Info={'shot_attempted': False, 'pass_attempted': False, 'goal_scored': False, 'goal_team': None, 'ball_out_by': None, 'has_ball': False, 'start_shot_bonus': False, 'start_pass_bonus': False, 'possession_lost': False}

[Step 15] Action=[ 0.95708036 -0.99930423  0.          0.5805159   0.21017544  0.5322808
  0.99972326] | Reward=-0.002 | Cum=-0.038 | Info={'shot_attempted': False, 'pass_attempted': False, 'goal_scored': False, 'goal_team': None, 'ball_out_by': None, 'has_ball': False, 'start_shot_bonus': False, 'start_pass_bonus': False, 'possession_lost': False}

[Step 16] Action=[ 0.95709056 -0.99930465  0.          0.5805722   0.21017422  0.53229976
  0.99972343] | Reward=-0.002 | Cum=-0.040 | Info={'shot_attempted': False, 'pass_attempted': False, 'goal_scored': False, 'goal_team': None, 'ball_out_by': None, 'has_ball': False, 'start_shot_bonus': False, 'start_pass_bonus': False, 'possession_lost': False}

[Step 17] Action=[ 0.95710063 -0.99930507  0.          0.5806284   0.21017294  0.5323189
  0.9997236 ] | Reward=-0.002 | Cum=-0.042 | Info={'shot_attempted': False, 'pass_attempted': False, 'goal_scored': False, 'goal_team': None, 'ball_out_by': None, 'has_ball': False, 'start_shot_bonus': False, 'start_pass_bonus': False, 'possession_lost': False}

[Step 18] Action=[ 0.95711076 -0.9993054   0.          0.58068466  0.21017179  0.532338
  0.9997238 ] | Reward=-0.002 | Cum=-0.045 | Info={'shot_attempted': False, 'pass_attempted': False, 'goal_scored': False, 'goal_team': None, 'ball_out_by': None, 'has_ball': False, 'start_shot_bonus': False, 'start_pass_bonus': False, 'possession_lost': False}

[Step 19] Action=[ 0.95712095 -0.99930584  0.          0.5807409   0.21017054  0.53235716
  0.999724  ] | Reward=-0.002 | Cum=-0.047 | Info={'shot_attempted': False, 'pass_attempted': False, 'goal_scored': False, 'goal_team': None, 'ball_out_by': None, 'has_ball': False, 'start_shot_bonus': False, 'start_pass_bonus': False, 'possession_lost': False}

[Step 20] Action=[ 0.9571311  -0.99930626  0.          0.5807969   0.21016923  0.5323761
  0.99972415] | Reward=-0.002 | Cum=-0.049 | Info={'shot_attempted': False, 'pass_attempted': False, 'goal_scored': False, 'goal_team': None, 'ball_out_by': None, 'has_ball': False, 'start_shot_bonus': False, 'start_pass_bonus': False, 'possession_lost': False}

[Step 21] Action=[ 0.9571412  -0.9993067   0.          0.58085334  0.21016775  0.53239524
  0.9997243 ] | Reward=-0.002 | Cum=-0.051 | Info={'shot_attempted': False, 'pass_attempted': False, 'goal_scored': False, 'goal_team': None, 'ball_out_by': None, 'has_ball': False, 'start_shot_bonus': False, 'start_pass_bonus': False, 'possession_lost': False}

[Step 22] Action=[ 0.95715135 -0.99930704  0.          0.58090943  0.21016666  0.5324142
  0.9997245 ] | Reward=-0.002 | Cum=-0.053 | Info={'shot_attempted': False, 'pass_attempted': False, 'goal_scored': False, 'goal_team': None, 'ball_out_by': None, 'has_ball': False, 'start_shot_bonus': False, 'start_pass_bonus': False, 'possession_lost': False}

[Step 23] Action=[ 0.9571615  -0.99930745  0.          0.58096564  0.21016556  0.53243315
  0.9997246 ] | Reward=-0.002 | Cum=-0.055 | Info={'shot_attempted': False, 'pass_attempted': False, 'goal_scored': False, 'goal_team': None, 'ball_out_by': None, 'has_ball': False, 'start_shot_bonus': False, 'start_pass_bonus': False, 'possession_lost': False}

[Step 24] Action=[ 0.9571716  -0.9993079   0.          0.5810219   0.21016419  0.5324523
  0.9997248 ] | Reward=-0.002 | Cum=-0.057 | Info={'shot_attempted': False, 'pass_attempted': False, 'goal_scored': False, 'goal_team': None, 'ball_out_by': None, 'has_ball': False, 'start_shot_bonus': False, 'start_pass_bonus': False, 'possession_lost': False}

[Step 25] Action=[ 0.95718175 -0.9993082   0.          0.5810782   0.210163    0.5324716
  0.999725  ] | Reward=-0.002 | Cum=-0.059 | Info={'shot_attempted': False, 'pass_attempted': False, 'goal_scored': False, 'goal_team': None, 'ball_out_by': None, 'has_ball': False, 'start_shot_bonus': False, 'start_pass_bonus': False, 'possession_lost': False}

[Step 26] Action=[ 0.9571919  -0.99930865  0.          0.5811343   0.21016176  0.53249055
  0.99972516] | Reward=-0.002 | Cum=-0.061 | Info={'shot_attempted': False, 'pass_attempted': False, 'goal_scored': False, 'goal_team': None, 'ball_out_by': None, 'has_ball': False, 'start_shot_bonus': False, 'start_pass_bonus': False, 'possession_lost': False}

[Step 27] Action=[ 0.957202   -0.99930906  0.          0.5811905   0.21016057  0.5325095
  0.99972534] | Reward=-0.002 | Cum=-0.062 | Info={'shot_attempted': False, 'pass_attempted': False, 'goal_scored': False, 'goal_team': None, 'ball_out_by': None, 'has_ball': False, 'start_shot_bonus': False, 'start_pass_bonus': False, 'possession_lost': False}

[Step 28] Action=[ 0.95721215 -0.9993095   0.          0.5812466   0.2101594   0.53252846
  0.9997255 ] | Reward=-0.002 | Cum=-0.064 | Info={'shot_attempted': False, 'pass_attempted': False, 'goal_scored': False, 'goal_team': None, 'ball_out_by': None, 'has_ball': False, 'start_shot_bonus': False, 'start_pass_bonus': False, 'possession_lost': False}

[Step 29] Action=[ 0.9572223  -0.99930984  0.          0.5813028   0.2101581   0.5325476
  0.9997257 ] | Reward=-0.002 | Cum=-0.065 | Info={'shot_attempted': False, 'pass_attempted': False, 'goal_scored': False, 'goal_team': None, 'ball_out_by': None, 'has_ball': False, 'start_shot_bonus': False, 'start_pass_bonus': False, 'possession_lost': False}

[Step 30] Action=[ 0.9572324  -0.99931026  0.          0.58135897  0.21015695  0.5325667
  0.9997259 ] | Reward=-0.002 | Cum=-0.067 | Info={'shot_attempted': False, 'pass_attempted': False, 'goal_scored': False, 'goal_team': None, 'ball_out_by': None, 'has_ball': False, 'start_shot_bonus': False, 'start_pass_bonus': False, 'possession_lost': False}

[Step 31] Action=[ 0.9572425  -0.9993107   0.          0.5814153   0.2101555   0.53258586
  0.99972606] | Reward=-0.002 | Cum=-0.069 | Info={'shot_attempted': False, 'pass_attempted': False, 'goal_scored': False, 'goal_team': None, 'ball_out_by': None, 'has_ball': False, 'start_shot_bonus': False, 'start_pass_bonus': False, 'possession_lost': False}

[Step 32] Action=[ 0.9572526  -0.99931103  0.          0.5814714   0.21015435  0.5326048
  0.99972624] | Reward=-0.002 | Cum=-0.071 | Info={'shot_attempted': False, 'pass_attempted': False, 'goal_scored': False, 'goal_team': None, 'ball_out_by': None, 'has_ball': False, 'start_shot_bonus': False, 'start_pass_bonus': False, 'possession_lost': False}

[Step 33] Action=[ 0.95726275 -0.99931145  0.          0.5815277   0.21015298  0.5326241
  0.99972636] | Reward=-0.001 | Cum=-0.073 | Info={'shot_attempted': False, 'pass_attempted': False, 'goal_scored': False, 'goal_team': None, 'ball_out_by': None, 'has_ball': False, 'start_shot_bonus': False, 'start_pass_bonus': False, 'possession_lost': False}

[Step 34] Action=[ 0.9572729  -0.99931186  0.          0.5815837   0.210152    0.5326431
  0.99972653] | Reward=-0.001 | Cum=-0.074 | Info={'shot_attempted': False, 'pass_attempted': False, 'goal_scored': False, 'goal_team': None, 'ball_out_by': None, 'has_ball': False, 'start_shot_bonus': False, 'start_pass_bonus': False, 'possession_lost': False}

[Step 35] Action=[ 0.957283   -0.9993122   0.          0.58164006  0.21015076  0.53266186
  0.9997267 ] | Reward=-0.001 | Cum=-0.076 | Info={'shot_attempted': False, 'pass_attempted': False, 'goal_scored': False, 'goal_team': None, 'ball_out_by': None, 'has_ball': False, 'start_shot_bonus': False, 'start_pass_bonus': False, 'possession_lost': False}

[Step 36] Action=[ 0.95729315 -0.99931264  0.          0.5816961   0.21014938  0.532681
  0.9997269 ] | Reward=-0.002 | Cum=-0.077 | Info={'shot_attempted': False, 'pass_attempted': False, 'goal_scored': False, 'goal_team': None, 'ball_out_by': None, 'has_ball': False, 'start_shot_bonus': False, 'start_pass_bonus': False, 'possession_lost': False}

[Step 37] Action=[ 0.9573032  -0.99931306  0.          0.58175224  0.21014804  0.5327003
  0.9997271 ] | Reward=-0.002 | Cum=-0.079 | Info={'shot_attempted': False, 'pass_attempted': False, 'goal_scored': False, 'goal_team': None, 'ball_out_by': None, 'has_ball': False, 'start_shot_bonus': False, 'start_pass_bonus': False, 'possession_lost': False}

[Step 38] Action=[ 0.95731336 -0.9993134   0.          0.5818084   0.21014698  0.5327191
  0.99972725] | Reward=-0.002 | Cum=-0.081 | Info={'shot_attempted': False, 'pass_attempted': False, 'goal_scored': False, 'goal_team': None, 'ball_out_by': None, 'has_ball': False, 'start_shot_bonus': False, 'start_pass_bonus': False, 'possession_lost': False}

[Step 39] Action=[ 0.95732343 -0.99931383  0.          0.58186454  0.2101457   0.53273875
  0.9997274 ] | Reward=-0.001 | Cum=-0.082 | Info={'shot_attempted': False, 'pass_attempted': False, 'goal_scored': False, 'goal_team': None, 'ball_out_by': None, 'has_ball': False, 'start_shot_bonus': False, 'start_pass_bonus': False, 'possession_lost': False}

[Step 40] Action=[ 0.95733356 -0.99931425  0.          0.58192086  0.21014456  0.5327575
  0.9997276 ] | Reward=-0.001 | Cum=-0.083 | Info={'shot_attempted': False, 'pass_attempted': False, 'goal_scored': False, 'goal_team': None, 'ball_out_by': None, 'has_ball': False, 'start_shot_bonus': False, 'start_pass_bonus': False, 'possession_lost': False}

[Step 41] Action=[ 0.9573437  -0.9993146   0.          0.58197695  0.21014336  0.53277665
  0.9997277 ] | Reward=-0.001 | Cum=-0.085 | Info={'shot_attempted': False, 'pass_attempted': False, 'goal_scored': False, 'goal_team': None, 'ball_out_by': None, 'has_ball': False, 'start_shot_bonus': False, 'start_pass_bonus': False, 'possession_lost': False}

[Step 42] Action=[ 0.95735383 -0.999315    0.          0.582033    0.21014208  0.5327956
  0.9997279 ] | Reward=-0.002 | Cum=-0.086 | Info={'shot_attempted': False, 'pass_attempted': False, 'goal_scored': False, 'goal_team': None, 'ball_out_by': None, 'has_ball': False, 'start_shot_bonus': False, 'start_pass_bonus': False, 'possession_lost': False}

[Step 43] Action=[ 0.9573639  -0.99931544  0.          0.5820891   0.21014073  0.5328147
  0.9997281 ] | Reward=-0.002 | Cum=-0.088 | Info={'shot_attempted': False, 'pass_attempted': False, 'goal_scored': False, 'goal_team': None, 'ball_out_by': None, 'has_ball': False, 'start_shot_bonus': False, 'start_pass_bonus': False, 'possession_lost': False}

[Step 44] Action=[ 0.957374   -0.9993158   0.          0.58214545  0.21013969  0.53283364
  0.99972826] | Reward=-0.002 | Cum=-0.090 | Info={'shot_attempted': False, 'pass_attempted': False, 'goal_scored': False, 'goal_team': None, 'ball_out_by': None, 'has_ball': False, 'start_shot_bonus': False, 'start_pass_bonus': False, 'possession_lost': False}

[Step 45] Action=[ 0.9573841  -0.9993162   0.          0.5822016   0.21013838  0.53285277
  0.99972844] | Reward=-0.001 | Cum=-0.091 | Info={'shot_attempted': False, 'pass_attempted': False, 'goal_scored': False, 'goal_team': None, 'ball_out_by': None, 'has_ball': False, 'start_shot_bonus': False, 'start_pass_bonus': False, 'possession_lost': False}

[Step 46] Action=[ 0.9573942  -0.99931663  0.          0.58225775  0.21013732  0.5328721
  0.9997286 ] | Reward=-0.001 | Cum=-0.092 | Info={'shot_attempted': False, 'pass_attempted': False, 'goal_scored': False, 'goal_team': None, 'ball_out_by': None, 'has_ball': False, 'start_shot_bonus': False, 'start_pass_bonus': False, 'possession_lost': False}

[Step 47] Action=[ 0.9574043  -0.999317    0.          0.58231384  0.21013598  0.53289104
  0.9997288 ] | Reward=-0.001 | Cum=-0.093 | Info={'shot_attempted': False, 'pass_attempted': False, 'goal_scored': False, 'goal_team': None, 'ball_out_by': None, 'has_ball': False, 'start_shot_bonus': False, 'start_pass_bonus': False, 'possession_lost': False}

[Step 48] Action=[ 0.9574144  -0.9993174   0.          0.5823699   0.21013454  0.5329101
  0.999729  ] | Reward=-0.002 | Cum=-0.094 | Info={'shot_attempted': False, 'pass_attempted': False, 'goal_scored': False, 'goal_team': None, 'ball_out_by': None, 'has_ball': False, 'start_shot_bonus': False, 'start_pass_bonus': False, 'possession_lost': False}

[Step 49] Action=[ 0.9574245  -0.99931777  0.          0.5824261   0.21013342  0.5329294
  0.9997291 ] | Reward=-0.002 | Cum=-0.096 | Info={'shot_attempted': False, 'pass_attempted': False, 'goal_scored': False, 'goal_team': None, 'ball_out_by': None, 'has_ball': False, 'start_shot_bonus': False, 'start_pass_bonus': False, 'possession_lost': False}

[Step 50] Action=[ 0.9574346  -0.9993182   0.          0.5824822   0.21013229  0.5329482
  0.9997293 ] | Reward=-0.002 | Cum=-0.098 | Info={'shot_attempted': False, 'pass_attempted': False, 'goal_scored': False, 'goal_team': None, 'ball_out_by': None, 'has_ball': False, 'start_shot_bonus': False, 'start_pass_bonus': False, 'possession_lost': False}

[Step 51] Action=[ 0.9574447  -0.9993186   0.          0.5825385   0.21013097  0.53296715
  0.99972945] | Reward=-0.002 | Cum=-0.099 | Info={'shot_attempted': False, 'pass_attempted': False, 'goal_scored': False, 'goal_team': None, 'ball_out_by': None, 'has_ball': False, 'start_shot_bonus': False, 'start_pass_bonus': False, 'possession_lost': False}

[Step 52] Action=[ 0.95745474 -0.99931896  0.          0.5825945   0.21012989  0.53298646
  0.99972963] | Reward=-0.001 | Cum=-0.100 | Info={'shot_attempted': False, 'pass_attempted': False, 'goal_scored': False, 'goal_team': None, 'ball_out_by': None, 'has_ball': False, 'start_shot_bonus': False, 'start_pass_bonus': False, 'possession_lost': False}

[Step 53] Action=[ 0.9574649  -0.9993194   0.          0.5826506   0.21012866  0.53300554
  0.9997298 ] | Reward=-0.001 | Cum=-0.101 | Info={'shot_attempted': False, 'pass_attempted': False, 'goal_scored': False, 'goal_team': None, 'ball_out_by': None, 'has_ball': False, 'start_shot_bonus': False, 'start_pass_bonus': False, 'possession_lost': False}

[Step 54] Action=[ 0.95747495 -0.9993198   0.          0.5827067   0.21012738  0.5330245
  0.99973   ] | Reward=-0.001 | Cum=-0.103 | Info={'shot_attempted': False, 'pass_attempted': False, 'goal_scored': False, 'goal_team': None, 'ball_out_by': None, 'has_ball': False, 'start_shot_bonus': False, 'start_pass_bonus': False, 'possession_lost': False}

[Step 55] Action=[ 0.957485   -0.99932015  0.          0.58276284  0.21012633  0.53304416
  0.99973017] | Reward=-0.001 | Cum=-0.104 | Info={'shot_attempted': False, 'pass_attempted': False, 'goal_scored': False, 'goal_team': None, 'ball_out_by': None, 'has_ball': False, 'start_shot_bonus': False, 'start_pass_bonus': False, 'possession_lost': False}

[Step 56] Action=[ 0.9574951  -0.99932057  0.          0.58281904  0.21012504  0.5330629
  0.9997303 ] | Reward=-0.001 | Cum=-0.106 | Info={'shot_attempted': False, 'pass_attempted': False, 'goal_scored': False, 'goal_team': None, 'ball_out_by': None, 'has_ball': False, 'start_shot_bonus': False, 'start_pass_bonus': False, 'possession_lost': False}

[Step 57] Action=[ 0.9575052  -0.9993209   0.          0.5828751   0.21012382  0.5330822
  0.99973047] | Reward=-0.001 | Cum=-0.107 | Info={'shot_attempted': False, 'pass_attempted': False, 'goal_scored': False, 'goal_team': None, 'ball_out_by': None, 'has_ball': False, 'start_shot_bonus': False, 'start_pass_bonus': False, 'possession_lost': False}

[Step 58] Action=[ 0.9575153  -0.99932134  0.          0.5829312   0.21012248  0.53310114
  0.99973065] | Reward=-0.001 | Cum=-0.108 | Info={'shot_attempted': False, 'pass_attempted': False, 'goal_scored': False, 'goal_team': None, 'ball_out_by': None, 'has_ball': False, 'start_shot_bonus': False, 'start_pass_bonus': False, 'possession_lost': False}

[Step 59] Action=[ 0.9575254  -0.99932176  0.          0.58298725  0.2101214   0.5331203
  0.9997308 ] | Reward=-0.001 | Cum=-0.109 | Info={'shot_attempted': False, 'pass_attempted': False, 'goal_scored': False, 'goal_team': None, 'ball_out_by': None, 'has_ball': False, 'start_shot_bonus': False, 'start_pass_bonus': False, 'possession_lost': False}

[Step 60] Action=[ 0.95753545 -0.9993221   0.          0.5830435   0.21012035  0.533139
  0.999731  ] | Reward=-0.001 | Cum=-0.110 | Info={'shot_attempted': False, 'pass_attempted': False, 'goal_scored': False, 'goal_team': None, 'ball_out_by': None, 'has_ball': False, 'start_shot_bonus': False, 'start_pass_bonus': False, 'possession_lost': False}

[Step 61] Action=[ 0.9575455  -0.99932253  0.          0.5830994   0.21011917  0.53315866
  0.9997312 ] | Reward=-0.001 | Cum=-0.112 | Info={'shot_attempted': False, 'pass_attempted': False, 'goal_scored': False, 'goal_team': None, 'ball_out_by': None, 'has_ball': False, 'start_shot_bonus': False, 'start_pass_bonus': False, 'possession_lost': False}

[Step 62] Action=[ 0.9575556  -0.9993229   0.          0.5831557   0.21011795  0.53317726
  0.9997313 ] | Reward=-0.001 | Cum=-0.113 | Info={'shot_attempted': False, 'pass_attempted': False, 'goal_scored': False, 'goal_team': None, 'ball_out_by': None, 'has_ball': False, 'start_shot_bonus': False, 'start_pass_bonus': False, 'possession_lost': False}

[Step 63] Action=[ 0.9575657  -0.9993233   0.          0.58321166  0.21011667  0.5331967
  0.9997315 ] | Reward=-0.001 | Cum=-0.115 | Info={'shot_attempted': False, 'pass_attempted': False, 'goal_scored': False, 'goal_team': None, 'ball_out_by': None, 'has_ball': False, 'start_shot_bonus': False, 'start_pass_bonus': False, 'possession_lost': False}

[Step 64] Action=[ 0.95757574 -0.9993237   0.          0.58326787  0.21011525  0.53321546
  0.99973166] | Reward=-0.001 | Cum=-0.116 | Info={'shot_attempted': False, 'pass_attempted': False, 'goal_scored': False, 'goal_team': None, 'ball_out_by': None, 'has_ball': False, 'start_shot_bonus': False, 'start_pass_bonus': False, 'possession_lost': False}

[Step 65] Action=[ 0.9575858  -0.9993241   0.          0.583324    0.21011414  0.5332347
  0.99973184] | Reward=-0.001 | Cum=-0.117 | Info={'shot_attempted': False, 'pass_attempted': False, 'goal_scored': False, 'goal_team': None, 'ball_out_by': None, 'has_ball': False, 'start_shot_bonus': False, 'start_pass_bonus': False, 'possession_lost': False}

[Step 66] Action=[ 0.9575959  -0.9993245   0.          0.5833801   0.2101128   0.53325367
  0.999732  ] | Reward=-0.001 | Cum=-0.119 | Info={'shot_attempted': False, 'pass_attempted': False, 'goal_scored': False, 'goal_team': None, 'ball_out_by': None, 'has_ball': False, 'start_shot_bonus': False, 'start_pass_bonus': False, 'possession_lost': False}

[Step 67] Action=[ 0.95760596 -0.99932486  0.          0.5834362   0.21011195  0.53327316
  0.9997322 ] | Reward=-0.001 | Cum=-0.120 | Info={'shot_attempted': False, 'pass_attempted': False, 'goal_scored': False, 'goal_team': None, 'ball_out_by': None, 'has_ball': False, 'start_shot_bonus': False, 'start_pass_bonus': False, 'possession_lost': False}

[Step 68] Action=[ 0.95761603 -0.9993253   0.          0.5834924   0.2101107   0.53329176
  0.9997323 ] | Reward=-0.001 | Cum=-0.122 | Info={'shot_attempted': False, 'pass_attempted': False, 'goal_scored': False, 'goal_team': None, 'ball_out_by': None, 'has_ball': False, 'start_shot_bonus': False, 'start_pass_bonus': False, 'possession_lost': False}

[Step 69] Action=[ 0.9576261  -0.99932563  0.          0.5835483   0.21010938  0.5333112
  0.9997325 ] | Reward=-0.001 | Cum=-0.123 | Info={'shot_attempted': False, 'pass_attempted': False, 'goal_scored': False, 'goal_team': None, 'ball_out_by': None, 'has_ball': False, 'start_shot_bonus': False, 'start_pass_bonus': False, 'possession_lost': False}

[Step 70] Action=[ 0.9576362  -0.99932605  0.          0.5836044   0.21010832  0.53333014
  0.9997327 ] | Reward=-0.001 | Cum=-0.125 | Info={'shot_attempted': False, 'pass_attempted': False, 'goal_scored': False, 'goal_team': None, 'ball_out_by': None, 'has_ball': False, 'start_shot_bonus': False, 'start_pass_bonus': False, 'possession_lost': False}

[Step 71] Action=[ 0.9576462  -0.99932647  0.          0.5836606   0.21010724  0.5333496
  0.99973285] | Reward=-0.001 | Cum=-0.126 | Info={'shot_attempted': False, 'pass_attempted': False, 'goal_scored': False, 'goal_team': None, 'ball_out_by': None, 'has_ball': False, 'start_shot_bonus': False, 'start_pass_bonus': False, 'possession_lost': False}

[Step 72] Action=[ 0.94657004 -0.99887055  0.          0.5422196   0.20632684  0.5235527
  0.9995112 ] | Reward=-0.001 | Cum=-0.128 | Info={'shot_attempted': False, 'pass_attempted': False, 'goal_scored': False, 'goal_team': None, 'ball_out_by': None, 'has_ball': False, 'start_shot_bonus': False, 'start_pass_bonus': False, 'possession_lost': False}

[Step 73] Action=[ 0.94535255 -0.9988164   0.          0.54338235  0.20034963  0.51854575
  0.99948025] | Reward=-0.001 | Cum=-0.129 | Info={'shot_attempted': False, 'pass_attempted': False, 'goal_scored': False, 'goal_team': None, 'ball_out_by': None, 'has_ball': False, 'start_shot_bonus': False, 'start_pass_bonus': False, 'possession_lost': False}

[Step 74] Action=[ 0.9453656  -0.9988171   0.          0.54344     0.20034966  0.5185604
  0.9994806 ] | Reward=-0.001 | Cum=-0.131 | Info={'shot_attempted': False, 'pass_attempted': False, 'goal_scored': False, 'goal_team': None, 'ball_out_by': None, 'has_ball': False, 'start_shot_bonus': False, 'start_pass_bonus': False, 'possession_lost': False}

[Step 75] Action=[ 0.94537824 -0.99881774  0.          0.54349595  0.20034948  0.5185751
  0.9994809 ] | Reward=-0.001 | Cum=-0.132 | Info={'shot_attempted': False, 'pass_attempted': False, 'goal_scored': False, 'goal_team': None, 'ball_out_by': None, 'has_ball': False, 'start_shot_bonus': False, 'start_pass_bonus': False, 'possession_lost': False}

[Step 76] Action=[ 0.9453909  -0.9988184   0.          0.5435521   0.20034906  0.5185898
  0.9994812 ] | Reward=-0.001 | Cum=-0.133 | Info={'shot_attempted': False, 'pass_attempted': False, 'goal_scored': False, 'goal_team': None, 'ball_out_by': None, 'has_ball': False, 'start_shot_bonus': False, 'start_pass_bonus': False, 'possession_lost': False}

[Step 77] Action=[ 0.9454036  -0.99881905  0.          0.54360795  0.20034888  0.5186044
  0.99948156] | Reward=-0.002 | Cum=-0.135 | Info={'shot_attempted': False, 'pass_attempted': False, 'goal_scored': False, 'goal_team': None, 'ball_out_by': None, 'has_ball': False, 'start_shot_bonus': False, 'start_pass_bonus': False, 'possession_lost': False}

[Step 78] Action=[ 0.9454162  -0.9988197   0.          0.54366374  0.20034876  0.5186188
  0.99948186] | Reward=-0.002 | Cum=-0.137 | Info={'shot_attempted': False, 'pass_attempted': False, 'goal_scored': False, 'goal_team': None, 'ball_out_by': None, 'has_ball': False, 'start_shot_bonus': False, 'start_pass_bonus': False, 'possession_lost': False}

[Step 79] Action=[ 0.9454297  -0.9988204   0.          0.54372376  0.20034866  0.5186344
  0.99948215] | Reward=-0.002 | Cum=-0.138 | Info={'shot_attempted': False, 'pass_attempted': False, 'goal_scored': False, 'goal_team': None, 'ball_out_by': None, 'has_ball': False, 'start_shot_bonus': False, 'start_pass_bonus': False, 'possession_lost': False}

[Step 80] Action=[ 0.94544274 -0.99882114  0.          0.5437809   0.20034926  0.5186488
  0.9994825 ] | Reward=-0.002 | Cum=-0.140 | Info={'shot_attempted': False, 'pass_attempted': False, 'goal_scored': False, 'goal_team': None, 'ball_out_by': None, 'has_ball': False, 'start_shot_bonus': False, 'start_pass_bonus': False, 'possession_lost': False}

[Step 81] Action=[ 0.9454561  -0.9988218   0.          0.54383874  0.20035234  0.5186617
  0.9994828 ] | Reward=-0.002 | Cum=-0.141 | Info={'shot_attempted': False, 'pass_attempted': False, 'goal_scored': False, 'goal_team': None, 'ball_out_by': None, 'has_ball': False, 'start_shot_bonus': False, 'start_pass_bonus': False, 'possession_lost': False}

[Step 82] Action=[ 0.9454695  -0.9988225   0.          0.5438965   0.20035498  0.51867455
  0.99948317] | Reward=-0.002 | Cum=-0.143 | Info={'shot_attempted': False, 'pass_attempted': False, 'goal_scored': False, 'goal_team': None, 'ball_out_by': None, 'has_ball': False, 'start_shot_bonus': False, 'start_pass_bonus': False, 'possession_lost': False}

[Step 83] Action=[ 0.94548285 -0.99882317  0.          0.5439544   0.20035793  0.51868755
  0.99948347] | Reward=-0.002 | Cum=-0.145 | Info={'shot_attempted': False, 'pass_attempted': False, 'goal_scored': False, 'goal_team': None, 'ball_out_by': None, 'has_ball': False, 'start_shot_bonus': False, 'start_pass_bonus': False, 'possession_lost': False}

[Step 84] Action=[ 0.94549626 -0.9988239   0.          0.54401207  0.20036116  0.5187003
  0.9994838 ] | Reward=-0.002 | Cum=-0.147 | Info={'shot_attempted': False, 'pass_attempted': False, 'goal_scored': False, 'goal_team': None, 'ball_out_by': None, 'has_ball': False, 'start_shot_bonus': False, 'start_pass_bonus': False, 'possession_lost': False}

[Step 85] Action=[ 0.9455096  -0.99882454  0.          0.54406995  0.20036413  0.5187131
  0.9994841 ] | Reward=-0.002 | Cum=-0.148 | Info={'shot_attempted': False, 'pass_attempted': False, 'goal_scored': False, 'goal_team': None, 'ball_out_by': None, 'has_ball': False, 'start_shot_bonus': False, 'start_pass_bonus': False, 'possession_lost': False}

[Step 86] Action=[ 0.945523   -0.99882525  0.          0.5441279   0.20036688  0.518726
  0.9994845 ] | Reward=-0.002 | Cum=-0.150 | Info={'shot_attempted': False, 'pass_attempted': False, 'goal_scored': False, 'goal_team': None, 'ball_out_by': None, 'has_ball': False, 'start_shot_bonus': False, 'start_pass_bonus': False, 'possession_lost': False}

[Step 87] Action=[ 0.9455364  -0.9988259   0.          0.54418564  0.20036969  0.51873904
  0.9994848 ] | Reward=-0.002 | Cum=-0.151 | Info={'shot_attempted': False, 'pass_attempted': False, 'goal_scored': False, 'goal_team': None, 'ball_out_by': None, 'has_ball': False, 'start_shot_bonus': False, 'start_pass_bonus': False, 'possession_lost': False}

[Step 88] Action=[ 0.9455498  -0.9988266   0.          0.5442434   0.20037283  0.5187518
  0.99948514] | Reward=-0.002 | Cum=-0.153 | Info={'shot_attempted': False, 'pass_attempted': False, 'goal_scored': False, 'goal_team': None, 'ball_out_by': None, 'has_ball': False, 'start_shot_bonus': False, 'start_pass_bonus': False, 'possession_lost': False}

[Step 89] Action=[ 0.94556314 -0.99882734  0.          0.5443012   0.2003756   0.5187647
  0.99948543] | Reward=-0.002 | Cum=-0.155 | Info={'shot_attempted': False, 'pass_attempted': False, 'goal_scored': False, 'goal_team': None, 'ball_out_by': None, 'has_ball': False, 'start_shot_bonus': False, 'start_pass_bonus': False, 'possession_lost': False}

[Step 90] Action=[ 0.9455765  -0.998828    0.          0.544359    0.20037887  0.51877755
  0.9994858 ] | Reward=-0.002 | Cum=-0.157 | Info={'shot_attempted': False, 'pass_attempted': False, 'goal_scored': False, 'goal_team': None, 'ball_out_by': None, 'has_ball': False, 'start_shot_bonus': False, 'start_pass_bonus': False, 'possession_lost': False}

[Step 91] Action=[ 0.9455899  -0.9988287   0.          0.5444168   0.20038155  0.51879054
  0.9994861 ] | Reward=-0.002 | Cum=-0.159 | Info={'shot_attempted': False, 'pass_attempted': False, 'goal_scored': False, 'goal_team': None, 'ball_out_by': None, 'has_ball': False, 'start_shot_bonus': False, 'start_pass_bonus': False, 'possession_lost': False}

[Step 92] Action=[ 0.9456032  -0.99882936  0.          0.5444746   0.2003845   0.51880354
  0.99948645] | Reward=-0.002 | Cum=-0.161 | Info={'shot_attempted': False, 'pass_attempted': False, 'goal_scored': False, 'goal_team': None, 'ball_out_by': None, 'has_ball': False, 'start_shot_bonus': False, 'start_pass_bonus': False, 'possession_lost': False}

[Step 93] Action=[ 0.9456166  -0.9988301   0.          0.5445326   0.20038745  0.51881623
  0.99948674] | Reward=-0.002 | Cum=-0.163 | Info={'shot_attempted': False, 'pass_attempted': False, 'goal_scored': False, 'goal_team': None, 'ball_out_by': None, 'has_ball': False, 'start_shot_bonus': False, 'start_pass_bonus': False, 'possession_lost': False}

[Step 94] Action=[ 0.9456301  -0.99883074  0.          0.5445923   0.20039071  0.51882774
  0.9994871 ] | Reward=-0.002 | Cum=-0.164 | Info={'shot_attempted': False, 'pass_attempted': False, 'goal_scored': False, 'goal_team': None, 'ball_out_by': None, 'has_ball': False, 'start_shot_bonus': False, 'start_pass_bonus': False, 'possession_lost': False}

[Step 95] Action=[ 0.94564354 -0.99883145  0.          0.54465145  0.20039392  0.518839
  0.9994874 ] | Reward=-0.002 | Cum=-0.167 | Info={'shot_attempted': False, 'pass_attempted': False, 'goal_scored': False, 'goal_team': None, 'ball_out_by': None, 'has_ball': False, 'start_shot_bonus': False, 'start_pass_bonus': False, 'possession_lost': False}

[Step 96] Action=[ 0.945657   -0.9988321   0.          0.5447111   0.20039688  0.5188507
  0.99948776] | Reward=-0.002 | Cum=-0.169 | Info={'shot_attempted': False, 'pass_attempted': False, 'goal_scored': False, 'goal_team': None, 'ball_out_by': None, 'has_ball': False, 'start_shot_bonus': False, 'start_pass_bonus': False, 'possession_lost': False}

[Step 97] Action=[ 0.9456705  -0.9988328   0.          0.5447705   0.20040008  0.51886207
  0.99948806] | Reward=-0.002 | Cum=-0.171 | Info={'shot_attempted': False, 'pass_attempted': False, 'goal_scored': False, 'goal_team': None, 'ball_out_by': None, 'has_ball': False, 'start_shot_bonus': False, 'start_pass_bonus': False, 'possession_lost': False}

[Step 98] Action=[ 0.94568396 -0.9988335   0.          0.54483     0.20040347  0.5188736
  0.9994884 ] | Reward=-0.002 | Cum=-0.173 | Info={'shot_attempted': False, 'pass_attempted': False, 'goal_scored': False, 'goal_team': None, 'ball_out_by': None, 'has_ball': False, 'start_shot_bonus': False, 'start_pass_bonus': False, 'possession_lost': False}

[Step 99] Action=[ 0.9456974  -0.9988342   0.          0.5448892   0.20040645  0.5188851
  0.9994887 ] | Reward=-0.002 | Cum=-0.175 | Info={'shot_attempted': False, 'pass_attempted': False, 'goal_scored': False, 'goal_team': None, 'ball_out_by': None, 'has_ball': False, 'start_shot_bonus': False, 'start_pass_bonus': False, 'possession_lost': False}

[Step 100] Action=[ 0.9457109  -0.99883485  0.          0.54494864  0.20040976  0.5188963
  0.99948907] | Reward=-0.002 | Cum=-0.177 | Info={'shot_attempted': False, 'pass_attempted': False, 'goal_scored': False, 'goal_team': None, 'ball_out_by': None, 'has_ball': False, 'start_shot_bonus': False, 'start_pass_bonus': False, 'possession_lost': False}

[Step 101] Action=[ 0.9457243  -0.99883556  0.          0.54500824  0.20041268  0.51890826
  0.99948937] | Reward=-0.003 | Cum=-0.180 | Info={'shot_attempted': False, 'pass_attempted': False, 'goal_scored': False, 'goal_team': None, 'ball_out_by': None, 'has_ball': False, 'start_shot_bonus': False, 'start_pass_bonus': False, 'possession_lost': False}

[Step 102] Action=[ 0.9457378  -0.9988362   0.          0.54506755  0.20041597  0.51891977
  0.99948967] | Reward=-0.003 | Cum=-0.182 | Info={'shot_attempted': False, 'pass_attempted': False, 'goal_scored': False, 'goal_team': None, 'ball_out_by': None, 'has_ball': False, 'start_shot_bonus': False, 'start_pass_bonus': False, 'possession_lost': False}

[Step 103] Action=[ 0.94575125 -0.99883693  0.          0.54512703  0.20041928  0.5189311
  0.99949   ] | Reward=-0.002 | Cum=-0.185 | Info={'shot_attempted': False, 'pass_attempted': False, 'goal_scored': False, 'goal_team': None, 'ball_out_by': None, 'has_ball': False, 'start_shot_bonus': False, 'start_pass_bonus': False, 'possession_lost': False}

[Step 104] Action=[ 0.946677   -0.99887747  0.          0.5481283   0.2007147   0.5196815
  0.99950993] | Reward=-0.002 | Cum=-0.187 | Info={'shot_attempted': False, 'pass_attempted': False, 'goal_scored': False, 'goal_team': None, 'ball_out_by': None, 'has_ball': False, 'start_shot_bonus': False, 'start_pass_bonus': False, 'possession_lost': False}

[Step 105] Action=[ 0.946649   -0.9988763   0.          0.5480732   0.20068522  0.51963454
  0.99950933] | Reward=-0.002 | Cum=-0.189 | Info={'shot_attempted': False, 'pass_attempted': False, 'goal_scored': False, 'goal_team': None, 'ball_out_by': None, 'has_ball': False, 'start_shot_bonus': False, 'start_pass_bonus': False, 'possession_lost': False}

[Step 106] Action=[ 0.9466626  -0.9988769   0.          0.5481326   0.20068996  0.51964724
  0.99950963] | Reward=-0.002 | Cum=-0.191 | Info={'shot_attempted': False, 'pass_attempted': False, 'goal_scored': False, 'goal_team': None, 'ball_out_by': None, 'has_ball': False, 'start_shot_bonus': False, 'start_pass_bonus': False, 'possession_lost': False}

[Step 107] Action=[ 0.94667625 -0.99887764  0.          0.54819214  0.20069468  0.51965976
  0.99951   ] | Reward=-0.003 | Cum=-0.194 | Info={'shot_attempted': False, 'pass_attempted': False, 'goal_scored': False, 'goal_team': None, 'ball_out_by': None, 'has_ball': False, 'start_shot_bonus': False, 'start_pass_bonus': False, 'possession_lost': False}

[Step 108] Action=[ 0.94668984 -0.9988783   0.          0.54825187  0.20069937  0.51967245
  0.9995103 ] | Reward=-0.003 | Cum=-0.197 | Info={'shot_attempted': False, 'pass_attempted': False, 'goal_scored': False, 'goal_team': None, 'ball_out_by': None, 'has_ball': False, 'start_shot_bonus': False, 'start_pass_bonus': False, 'possession_lost': False}

[Step 109] Action=[ 0.94670343 -0.99887896  0.          0.5483113   0.20070414  0.51968503
  0.99951065] | Reward=-0.003 | Cum=-0.200 | Info={'shot_attempted': False, 'pass_attempted': False, 'goal_scored': False, 'goal_team': None, 'ball_out_by': None, 'has_ball': False, 'start_shot_bonus': False, 'start_pass_bonus': False, 'possession_lost': False}

[Step 110] Action=[ 0.946717   -0.9988797   0.          0.548371    0.2007088   0.5196974
  0.99951094] | Reward=-0.002 | Cum=-0.202 | Info={'shot_attempted': False, 'pass_attempted': False, 'goal_scored': False, 'goal_team': None, 'ball_out_by': None, 'has_ball': False, 'start_shot_bonus': False, 'start_pass_bonus': False, 'possession_lost': False}

[Step 111] Action=[ 0.9467307  -0.9988803   0.          0.54843044  0.20071344  0.51971
  0.99951124] | Reward=-0.002 | Cum=-0.205 | Info={'shot_attempted': False, 'pass_attempted': False, 'goal_scored': False, 'goal_team': None, 'ball_out_by': None, 'has_ball': False, 'start_shot_bonus': False, 'start_pass_bonus': False, 'possession_lost': False}

[Step 112] Action=[ 0.9467443  -0.998881    0.          0.54849005  0.2007182   0.5197221
  0.9995116 ] | Reward=-0.002 | Cum=-0.207 | Info={'shot_attempted': False, 'pass_attempted': False, 'goal_scored': False, 'goal_team': None, 'ball_out_by': None, 'has_ball': False, 'start_shot_bonus': False, 'start_pass_bonus': False, 'possession_lost': False}

[Step 113] Action=[ 0.94675785 -0.9988817   0.          0.5485496   0.20072283  0.5197348
  0.9995119 ] | Reward=-0.003 | Cum=-0.210 | Info={'shot_attempted': False, 'pass_attempted': False, 'goal_scored': False, 'goal_team': None, 'ball_out_by': None, 'has_ball': False, 'start_shot_bonus': False, 'start_pass_bonus': False, 'possession_lost': False}

[Step 114] Action=[ 0.9467715  -0.99888235  0.          0.54860914  0.20072763  0.5197473
  0.99951226] | Reward=-0.003 | Cum=-0.213 | Info={'shot_attempted': False, 'pass_attempted': False, 'goal_scored': False, 'goal_team': None, 'ball_out_by': None, 'has_ball': False, 'start_shot_bonus': False, 'start_pass_bonus': False, 'possession_lost': False}

[Step 115] Action=[ 0.9467851  -0.998883    0.          0.5486687   0.20073223  0.51975983
  0.99951255] | Reward=-0.003 | Cum=-0.216 | Info={'shot_attempted': False, 'pass_attempted': False, 'goal_scored': False, 'goal_team': None, 'ball_out_by': None, 'has_ball': False, 'start_shot_bonus': False, 'start_pass_bonus': False, 'possession_lost': False}

[Step 116] Action=[ 0.9467987  -0.99888366  0.          0.54872817  0.2007368   0.51977247
  0.99951285] | Reward=-0.003 | Cum=-0.219 | Info={'shot_attempted': False, 'pass_attempted': False, 'goal_scored': False, 'goal_team': None, 'ball_out_by': None, 'has_ball': False, 'start_shot_bonus': False, 'start_pass_bonus': False, 'possession_lost': False}

[Step 117] Action=[ 0.9468123  -0.9988844   0.          0.54878795  0.20074138  0.51978505
  0.9995132 ] | Reward=-0.003 | Cum=-0.222 | Info={'shot_attempted': False, 'pass_attempted': False, 'goal_scored': False, 'goal_team': None, 'ball_out_by': None, 'has_ball': False, 'start_shot_bonus': False, 'start_pass_bonus': False, 'possession_lost': False}

[Step 118] Action=[ 0.94682586 -0.99888504  0.          0.5488473   0.20074628  0.51979744
  0.9995135 ] | Reward=-0.003 | Cum=-0.225 | Info={'shot_attempted': False, 'pass_attempted': False, 'goal_scored': False, 'goal_team': None, 'ball_out_by': None, 'has_ball': False, 'start_shot_bonus': False, 'start_pass_bonus': False, 'possession_lost': False}

[Step 119] Action=[ 0.94683945 -0.9988857   0.          0.548907    0.20075083  0.5198098
  0.9995138 ] | Reward=-0.003 | Cum=-0.229 | Info={'shot_attempted': False, 'pass_attempted': False, 'goal_scored': False, 'goal_team': None, 'ball_out_by': None, 'has_ball': False, 'start_shot_bonus': False, 'start_pass_bonus': False, 'possession_lost': False}

[Step 120] Action=[ 0.94685304 -0.99888635  0.          0.5489665   0.20075563  0.5198225
  0.99951416] | Reward=-0.003 | Cum=-0.232 | Info={'shot_attempted': False, 'pass_attempted': False, 'goal_scored': False, 'goal_team': None, 'ball_out_by': None, 'has_ball': False, 'start_shot_bonus': False, 'start_pass_bonus': False, 'possession_lost': False}

[Step 121] Action=[ 0.94686687 -0.99888706  0.          0.5490262   0.2007601   0.5198356
  0.99951446] | Reward=-0.003 | Cum=-0.235 | Info={'shot_attempted': False, 'pass_attempted': False, 'goal_scored': False, 'goal_team': None, 'ball_out_by': None, 'has_ball': False, 'start_shot_bonus': False, 'start_pass_bonus': False, 'possession_lost': False}

[Step 122] Action=[ 0.9468813  -0.9988878   0.          0.5490864   0.20076418  0.5198494
  0.9995148 ] | Reward=-0.003 | Cum=-0.238 | Info={'shot_attempted': False, 'pass_attempted': False, 'goal_scored': False, 'goal_team': None, 'ball_out_by': None, 'has_ball': False, 'start_shot_bonus': False, 'start_pass_bonus': False, 'possession_lost': False}

[Step 123] Action=[ 0.9468957  -0.9988885   0.          0.5491469   0.20076841  0.51986337
  0.9995152 ] | Reward=-0.003 | Cum=-0.241 | Info={'shot_attempted': False, 'pass_attempted': False, 'goal_scored': False, 'goal_team': None, 'ball_out_by': None, 'has_ball': False, 'start_shot_bonus': False, 'start_pass_bonus': False, 'possession_lost': False}

[Step 124] Action=[ 0.9469101  -0.9988892   0.          0.5492068   0.20077239  0.5198778
  0.9995155 ] | Reward=-0.004 | Cum=-0.245 | Info={'shot_attempted': False, 'pass_attempted': False, 'goal_scored': False, 'goal_team': None, 'ball_out_by': None, 'has_ball': False, 'start_shot_bonus': False, 'start_pass_bonus': False, 'possession_lost': False}

[Step 125] Action=[ 0.9469245  -0.99888986  0.          0.5492671   0.20077656  0.5198916
  0.99951583] | Reward=-0.004 | Cum=-0.249 | Info={'shot_attempted': False, 'pass_attempted': False, 'goal_scored': False, 'goal_team': None, 'ball_out_by': None, 'has_ball': False, 'start_shot_bonus': False, 'start_pass_bonus': False, 'possession_lost': False}

[Step 126] Action=[ 0.9469389  -0.9988906   0.          0.5493274   0.20078057  0.5199056
  0.9995161 ] | Reward=-0.004 | Cum=-0.253 | Info={'shot_attempted': False, 'pass_attempted': False, 'goal_scored': False, 'goal_team': None, 'ball_out_by': None, 'has_ball': False, 'start_shot_bonus': False, 'start_pass_bonus': False, 'possession_lost': False}

[Step 127] Action=[ 0.9469533  -0.9988913   0.          0.54938763  0.20078495  0.51991975
  0.9995165 ] | Reward=-0.004 | Cum=-0.256 | Info={'shot_attempted': False, 'pass_attempted': False, 'goal_scored': False, 'goal_team': None, 'ball_out_by': None, 'has_ball': False, 'start_shot_bonus': False, 'start_pass_bonus': False, 'possession_lost': False}

[Step 128] Action=[ 0.94696766 -0.998892    0.          0.54944795  0.20078903  0.51993364
  0.99951684] | Reward=-0.004 | Cum=-0.260 | Info={'shot_attempted': False, 'pass_attempted': False, 'goal_scored': False, 'goal_team': None, 'ball_out_by': None, 'has_ball': False, 'start_shot_bonus': False, 'start_pass_bonus': False, 'possession_lost': False}

[Step 129] Action=[ 0.9469821  -0.9988927   0.          0.549508    0.20079307  0.51994777
  0.99951714] | Reward=-0.003 | Cum=-0.263 | Info={'shot_attempted': False, 'pass_attempted': False, 'goal_scored': False, 'goal_team': None, 'ball_out_by': None, 'has_ball': False, 'start_shot_bonus': False, 'start_pass_bonus': False, 'possession_lost': False}

[Step 130] Action=[ 0.94699645 -0.99889344  0.          0.5495682   0.20079727  0.51996166
  0.9995175 ] | Reward=-0.004 | Cum=-0.267 | Info={'shot_attempted': False, 'pass_attempted': False, 'goal_scored': False, 'goal_team': None, 'ball_out_by': None, 'has_ball': False, 'start_shot_bonus': False, 'start_pass_bonus': False, 'possession_lost': False}

[Step 131] Action=[ 0.947011   -0.99889416  0.          0.54962975  0.20079818  0.51997733
  0.9995178 ] | Reward=-0.004 | Cum=-0.271 | Info={'shot_attempted': False, 'pass_attempted': False, 'goal_scored': False, 'goal_team': None, 'ball_out_by': None, 'has_ball': False, 'start_shot_bonus': False, 'start_pass_bonus': False, 'possession_lost': False}

[Step 132] Action=[ 0.94702554 -0.9988949   0.          0.5496913   0.20079893  0.51999277
  0.99951816] | Reward=-0.004 | Cum=-0.275 | Info={'shot_attempted': False, 'pass_attempted': False, 'goal_scored': False, 'goal_team': None, 'ball_out_by': None, 'has_ball': False, 'start_shot_bonus': False, 'start_pass_bonus': False, 'possession_lost': False}

[Step 133] Action=[ 0.94704    -0.9988956   0.          0.54975283  0.20079967  0.5200086
  0.9995185 ] | Reward=-0.004 | Cum=-0.280 | Info={'shot_attempted': False, 'pass_attempted': False, 'goal_scored': False, 'goal_team': None, 'ball_out_by': None, 'has_ball': False, 'start_shot_bonus': False, 'start_pass_bonus': False, 'possession_lost': False}

[Step 134] Action=[ 0.94705456 -0.99889624  0.          0.54981446  0.20080039  0.5200243
  0.9995188 ] | Reward=-0.004 | Cum=-0.284 | Info={'shot_attempted': False, 'pass_attempted': False, 'goal_scored': False, 'goal_team': None, 'ball_out_by': None, 'has_ball': False, 'start_shot_bonus': False, 'start_pass_bonus': False, 'possession_lost': False}

[Step 135] Action=[ 0.9470691  -0.99889696  0.          0.549876    0.20080122  0.5200399
  0.99951917] | Reward=-0.004 | Cum=-0.287 | Info={'shot_attempted': False, 'pass_attempted': False, 'goal_scored': False, 'goal_team': None, 'ball_out_by': None, 'has_ball': False, 'start_shot_bonus': False, 'start_pass_bonus': False, 'possession_lost': False}

[Step 136] Action=[ 0.9470836  -0.9988977   0.          0.5499376   0.20080179  0.5200556
  0.9995195 ] | Reward=-0.004 | Cum=-0.292 | Info={'shot_attempted': False, 'pass_attempted': False, 'goal_scored': False, 'goal_team': None, 'ball_out_by': None, 'has_ball': False, 'start_shot_bonus': False, 'start_pass_bonus': False, 'possession_lost': False}

[Step 137] Action=[ 0.9470981  -0.9988984   0.          0.5499991   0.20080256  0.52007127
  0.9995198 ] | Reward=-0.004 | Cum=-0.296 | Info={'shot_attempted': False, 'pass_attempted': False, 'goal_scored': False, 'goal_team': None, 'ball_out_by': None, 'has_ball': False, 'start_shot_bonus': False, 'start_pass_bonus': False, 'possession_lost': False}

[Step 138] Action=[ 0.9471126  -0.9988991   0.          0.5500605   0.20080353  0.5200869
  0.9995202 ] | Reward=-0.004 | Cum=-0.301 | Info={'shot_attempted': False, 'pass_attempted': False, 'goal_scored': False, 'goal_team': None, 'ball_out_by': None, 'has_ball': False, 'start_shot_bonus': False, 'start_pass_bonus': False, 'possession_lost': False}

[Step 139] Action=[ 0.9471271  -0.9988998   0.          0.550122    0.20080411  0.52010256
  0.9995205 ] | Reward=-0.004 | Cum=-0.305 | Info={'shot_attempted': False, 'pass_attempted': False, 'goal_scored': False, 'goal_team': None, 'ball_out_by': None, 'has_ball': False, 'start_shot_bonus': False, 'start_pass_bonus': False, 'possession_lost': False}

[Step 140] Action=[ 0.94714165 -0.99890053  0.          0.5501836   0.20080493  0.52011806
  0.99952084] | Reward=-0.004 | Cum=-0.309 | Info={'shot_attempted': False, 'pass_attempted': False, 'goal_scored': False, 'goal_team': None, 'ball_out_by': None, 'has_ball': False, 'start_shot_bonus': False, 'start_pass_bonus': False, 'possession_lost': False}

[Step 141] Action=[ 0.94715613 -0.99890125  0.          0.5502451   0.20080589  0.5201336
  0.9995212 ] | Reward=-0.004 | Cum=-0.314 | Info={'shot_attempted': False, 'pass_attempted': False, 'goal_scored': False, 'goal_team': None, 'ball_out_by': None, 'has_ball': False, 'start_shot_bonus': False, 'start_pass_bonus': False, 'possession_lost': False}

[Step 142] Action=[ 0.9471706  -0.99890196  0.          0.55030674  0.20080651  0.52014935
  0.9995215 ] | Reward=-0.005 | Cum=-0.319 | Info={'shot_attempted': False, 'pass_attempted': False, 'goal_scored': False, 'goal_team': None, 'ball_out_by': None, 'has_ball': False, 'start_shot_bonus': False, 'start_pass_bonus': False, 'possession_lost': False}

[Step 143] Action=[ 0.94718516 -0.9989026   0.          0.550368    0.20080726  0.5201648
  0.99952185] | Reward=-0.005 | Cum=-0.323 | Info={'shot_attempted': False, 'pass_attempted': False, 'goal_scored': False, 'goal_team': None, 'ball_out_by': None, 'has_ball': False, 'start_shot_bonus': False, 'start_pass_bonus': False, 'possession_lost': False}

[Step 144] Action=[ 0.94719964 -0.99890333  0.          0.5504296   0.20080817  0.52018076
  0.9995222 ] | Reward=-0.005 | Cum=-0.328 | Info={'shot_attempted': False, 'pass_attempted': False, 'goal_scored': False, 'goal_team': None, 'ball_out_by': None, 'has_ball': False, 'start_shot_bonus': False, 'start_pass_bonus': False, 'possession_lost': False}

[Step 145] Action=[ 0.9472141  -0.99890405  0.          0.55049133  0.20080909  0.5201962
  0.9995225 ] | Reward=-0.005 | Cum=-0.333 | Info={'shot_attempted': False, 'pass_attempted': False, 'goal_scored': False, 'goal_team': None, 'ball_out_by': None, 'has_ball': False, 'start_shot_bonus': False, 'start_pass_bonus': False, 'possession_lost': False}

[Step 146] Action=[ 0.9472286  -0.99890476  0.          0.5505526   0.20080951  0.52021205
  0.99952286] | Reward=-0.005 | Cum=-0.338 | Info={'shot_attempted': False, 'pass_attempted': False, 'goal_scored': False, 'goal_team': None, 'ball_out_by': None, 'has_ball': False, 'start_shot_bonus': False, 'start_pass_bonus': False, 'possession_lost': False}

[Step 147] Action=[ 0.9472431  -0.9989055   0.          0.5506143   0.20081028  0.5202278
  0.99952316] | Reward=-0.005 | Cum=-0.343 | Info={'shot_attempted': False, 'pass_attempted': False, 'goal_scored': False, 'goal_team': None, 'ball_out_by': None, 'has_ball': False, 'start_shot_bonus': False, 'start_pass_bonus': False, 'possession_lost': False}

[Step 148] Action=[ 0.9472576  -0.9989062   0.          0.5506756   0.20081128  0.5202434
  0.9995235 ] | Reward=-0.005 | Cum=-0.348 | Info={'shot_attempted': False, 'pass_attempted': False, 'goal_scored': False, 'goal_team': None, 'ball_out_by': None, 'has_ball': False, 'start_shot_bonus': False, 'start_pass_bonus': False, 'possession_lost': False}

[Step 149] Action=[ 0.94727206 -0.9989069   0.          0.55073714  0.20081212  0.5202589
  0.9995238 ] | Reward=-0.005 | Cum=-0.353 | Info={'shot_attempted': False, 'pass_attempted': False, 'goal_scored': False, 'goal_team': None, 'ball_out_by': None, 'has_ball': False, 'start_shot_bonus': False, 'start_pass_bonus': False, 'possession_lost': False}

[Step 150] Action=[ 0.9472865  -0.99890757  0.          0.5507986   0.20081283  0.5202745
  0.9995242 ] | Reward=-0.005 | Cum=-0.358 | Info={'shot_attempted': False, 'pass_attempted': False, 'goal_scored': False, 'goal_team': None, 'ball_out_by': None, 'has_ball': False, 'start_shot_bonus': False, 'start_pass_bonus': False, 'possession_lost': False}

[Step 151] Action=[ 0.94730103 -0.9989083   0.          0.5508601   0.2008137   0.5202902
  0.99952453] | Reward=-0.005 | Cum=-0.363 | Info={'shot_attempted': False, 'pass_attempted': False, 'goal_scored': False, 'goal_team': None, 'ball_out_by': None, 'has_ball': False, 'start_shot_bonus': False, 'start_pass_bonus': False, 'possession_lost': False}

[Step 152] Action=[ 0.94731545 -0.998909    0.          0.5509217   0.20081449  0.520306
  0.99952483] | Reward=-0.005 | Cum=-0.369 | Info={'shot_attempted': False, 'pass_attempted': False, 'goal_scored': False, 'goal_team': None, 'ball_out_by': None, 'has_ball': False, 'start_shot_bonus': False, 'start_pass_bonus': False, 'possession_lost': False}

[Step 153] Action=[ 0.94732994 -0.9989097   0.          0.55098337  0.20081532  0.5203215
  0.9995252 ] | Reward=-0.005 | Cum=-0.374 | Info={'shot_attempted': False, 'pass_attempted': False, 'goal_scored': False, 'goal_team': None, 'ball_out_by': None, 'has_ball': False, 'start_shot_bonus': False, 'start_pass_bonus': False, 'possession_lost': False}

[Step 154] Action=[ 0.94734436 -0.9989104   0.          0.5510447   0.20081592  0.5203372
  0.9995255 ] | Reward=-0.006 | Cum=-0.380 | Info={'shot_attempted': False, 'pass_attempted': False, 'goal_scored': False, 'goal_team': None, 'ball_out_by': None, 'has_ball': False, 'start_shot_bonus': False, 'start_pass_bonus': False, 'possession_lost': False}

[Step 155] Action=[ 0.94735885 -0.9989111   0.          0.5511061   0.20081691  0.5203526
  0.99952585] | Reward=-0.006 | Cum=-0.385 | Info={'shot_attempted': False, 'pass_attempted': False, 'goal_scored': False, 'goal_team': None, 'ball_out_by': None, 'has_ball': False, 'start_shot_bonus': False, 'start_pass_bonus': False, 'possession_lost': False}

[Step 156] Action=[ 0.94737333 -0.9989118   0.          0.5511677   0.20081769  0.52036846
  0.99952614] | Reward=-0.006 | Cum=-0.391 | Info={'shot_attempted': False, 'pass_attempted': False, 'goal_scored': False, 'goal_team': None, 'ball_out_by': None, 'has_ball': False, 'start_shot_bonus': False, 'start_pass_bonus': False, 'possession_lost': False}

[Step 157] Action=[ 0.94738775 -0.9989125   0.          0.5512291   0.20081843  0.5203841
  0.9995265 ] | Reward=-0.006 | Cum=-0.397 | Info={'shot_attempted': False, 'pass_attempted': False, 'goal_scored': False, 'goal_team': None, 'ball_out_by': None, 'has_ball': False, 'start_shot_bonus': False, 'start_pass_bonus': False, 'possession_lost': False}

[Step 158] Action=[ 0.94740224 -0.9989132   0.          0.55129075  0.20081927  0.5203999
  0.99952686] | Reward=-0.006 | Cum=-0.402 | Info={'shot_attempted': False, 'pass_attempted': False, 'goal_scored': False, 'goal_team': None, 'ball_out_by': None, 'has_ball': False, 'start_shot_bonus': False, 'start_pass_bonus': False, 'possession_lost': False}

[Step 159] Action=[ 0.94741696 -0.9989139   0.          0.5513532   0.20081936  0.5204152
  0.99952716] | Reward=-0.006 | Cum=-0.408 | Info={'shot_attempted': False, 'pass_attempted': False, 'goal_scored': False, 'goal_team': None, 'ball_out_by': None, 'has_ball': False, 'start_shot_bonus': False, 'start_pass_bonus': False, 'possession_lost': False}

[Step 160] Action=[ 0.94743174 -0.9989146   0.          0.5514162   0.20081936  0.5204312
  0.9995275 ] | Reward=-0.006 | Cum=-0.414 | Info={'shot_attempted': False, 'pass_attempted': False, 'goal_scored': False, 'goal_team': None, 'ball_out_by': None, 'has_ball': False, 'start_shot_bonus': False, 'start_pass_bonus': False, 'possession_lost': False}

[Step 161] Action=[ 0.9474466  -0.9989153   0.          0.55147916  0.2008193   0.52044725
  0.9995279 ] | Reward=-0.006 | Cum=-0.420 | Info={'shot_attempted': False, 'pass_attempted': False, 'goal_scored': False, 'goal_team': None, 'ball_out_by': None, 'has_ball': False, 'start_shot_bonus': False, 'start_pass_bonus': False, 'possession_lost': False}

[Step 162] Action=[ 0.9474618  -0.9989161   0.          0.5515425   0.20082152  0.52046466
  0.99952817] | Reward=-0.006 | Cum=-0.427 | Info={'shot_attempted': False, 'pass_attempted': False, 'goal_scored': False, 'goal_team': None, 'ball_out_by': None, 'has_ball': False, 'start_shot_bonus': False, 'start_pass_bonus': False, 'possession_lost': False}

[Step 163] Action=[ 0.94747704 -0.9989168   0.          0.5516059   0.20082378  0.52048177
  0.9995285 ] | Reward=-0.006 | Cum=-0.433 | Info={'shot_attempted': False, 'pass_attempted': False, 'goal_scored': False, 'goal_team': None, 'ball_out_by': None, 'has_ball': False, 'start_shot_bonus': False, 'start_pass_bonus': False, 'possession_lost': False}

[Step 164] Action=[ 0.94749224 -0.9989175   0.          0.5516691   0.20082599  0.5204994
  0.9995289 ] | Reward=-0.006 | Cum=-0.439 | Info={'shot_attempted': False, 'pass_attempted': False, 'goal_scored': False, 'goal_team': None, 'ball_out_by': None, 'has_ball': False, 'start_shot_bonus': False, 'start_pass_bonus': False, 'possession_lost': False}

[Step 165] Action=[ 0.9475075  -0.99891824  0.          0.55173224  0.20082824  0.5205169
  0.99952924] | Reward=-0.007 | Cum=-0.445 | Info={'shot_attempted': False, 'pass_attempted': False, 'goal_scored': False, 'goal_team': None, 'ball_out_by': None, 'has_ball': False, 'start_shot_bonus': False, 'start_pass_bonus': False, 'possession_lost': False}

[Step 166] Action=[ 0.9475227  -0.998919    0.          0.55179566  0.2008306   0.52053446
  0.9995296 ] | Reward=-0.007 | Cum=-0.452 | Info={'shot_attempted': False, 'pass_attempted': False, 'goal_scored': False, 'goal_team': None, 'ball_out_by': None, 'has_ball': False, 'start_shot_bonus': False, 'start_pass_bonus': False, 'possession_lost': False}

[Step 167] Action=[ 0.9475379  -0.9989197   0.          0.5518588   0.20083284  0.5205517
  0.9995299 ] | Reward=-0.007 | Cum=-0.459 | Info={'shot_attempted': False, 'pass_attempted': False, 'goal_scored': False, 'goal_team': None, 'ball_out_by': None, 'has_ball': False, 'start_shot_bonus': False, 'start_pass_bonus': False, 'possession_lost': False}

[Step 168] Action=[ 0.9475531  -0.99892044  0.          0.5519222   0.2008352   0.5205692
  0.99953026] | Reward=-0.007 | Cum=-0.466 | Info={'shot_attempted': False, 'pass_attempted': False, 'goal_scored': False, 'goal_team': None, 'ball_out_by': None, 'has_ball': False, 'start_shot_bonus': False, 'start_pass_bonus': False, 'possession_lost': False}

[Step 169] Action=[ 0.94756836 -0.99892116  0.          0.55198526  0.20083737  0.5205868
  0.9995306 ] | Reward=-0.007 | Cum=-0.472 | Info={'shot_attempted': False, 'pass_attempted': False, 'goal_scored': False, 'goal_team': None, 'ball_out_by': None, 'has_ball': False, 'start_shot_bonus': False, 'start_pass_bonus': False, 'possession_lost': False}

[Step 170] Action=[ 0.94758356 -0.9989219   0.          0.5520487   0.20083986  0.52060413
  0.999531  ] | Reward=-0.007 | Cum=-0.479 | Info={'shot_attempted': False, 'pass_attempted': False, 'goal_scored': False, 'goal_team': None, 'ball_out_by': None, 'has_ball': False, 'start_shot_bonus': False, 'start_pass_bonus': False, 'possession_lost': False}

[Step 171] Action=[ 0.94759876 -0.99892265  0.          0.552112    0.20084207  0.52062154
  0.9995313 ] | Reward=-0.007 | Cum=-0.486 | Info={'shot_attempted': False, 'pass_attempted': False, 'goal_scored': False, 'goal_team': None, 'ball_out_by': None, 'has_ball': False, 'start_shot_bonus': False, 'start_pass_bonus': False, 'possession_lost': False}

[Step 172] Action=[ 0.94761395 -0.99892336  0.          0.552175    0.2008442   0.52063906
  0.9995316 ] | Reward=-0.007 | Cum=-0.493 | Info={'shot_attempted': False, 'pass_attempted': False, 'goal_scored': False, 'goal_team': None, 'ball_out_by': None, 'has_ball': False, 'start_shot_bonus': False, 'start_pass_bonus': False, 'possession_lost': False}

[Step 173] Action=[ 0.94762915 -0.9989241   0.          0.5522384   0.2008463   0.5206567
  0.999532  ] | Reward=-0.007 | Cum=-0.500 | Info={'shot_attempted': False, 'pass_attempted': False, 'goal_scored': False, 'goal_team': None, 'ball_out_by': None, 'has_ball': False, 'start_shot_bonus': False, 'start_pass_bonus': False, 'possession_lost': False}

[Step 174] Action=[ 0.94764435 -0.9989248   0.          0.5523014   0.20084873  0.52067393
  0.99953234] | Reward=-0.007 | Cum=-0.507 | Info={'shot_attempted': False, 'pass_attempted': False, 'goal_scored': False, 'goal_team': None, 'ball_out_by': None, 'has_ball': False, 'start_shot_bonus': False, 'start_pass_bonus': False, 'possession_lost': False}

[Step 175] Action=[ 0.9476595 -0.9989255  0.         0.5523648  0.2008511  0.5206916
  0.9995327] | Reward=-0.007 | Cum=-0.514 | Info={'shot_attempted': False, 'pass_attempted': False, 'goal_scored': False, 'goal_team': None, 'ball_out_by': None, 'has_ball': False, 'start_shot_bonus': False, 'start_pass_bonus': False, 'possession_lost': False}

[Step 176] Action=[ 0.9476747  -0.9989262   0.          0.55242807  0.2008533   0.52070904
  0.999533  ] | Reward=-0.007 | Cum=-0.521 | Info={'shot_attempted': False, 'pass_attempted': False, 'goal_scored': False, 'goal_team': None, 'ball_out_by': None, 'has_ball': False, 'start_shot_bonus': False, 'start_pass_bonus': False, 'possession_lost': False}

[Step 177] Action=[ 0.9476899  -0.998927    0.          0.55249107  0.20085567  0.5207265
  0.99953336] | Reward=-0.008 | Cum=-0.529 | Info={'shot_attempted': False, 'pass_attempted': False, 'goal_scored': False, 'goal_team': None, 'ball_out_by': None, 'has_ball': False, 'start_shot_bonus': False, 'start_pass_bonus': False, 'possession_lost': False}

[Step 178] Action=[ 0.9477051 -0.9989277  0.         0.5525544  0.200858   0.5207438
  0.9995337] | Reward=-0.008 | Cum=-0.537 | Info={'shot_attempted': False, 'pass_attempted': False, 'goal_scored': False, 'goal_team': None, 'ball_out_by': None, 'has_ball': False, 'start_shot_bonus': False, 'start_pass_bonus': False, 'possession_lost': False}

[Step 179] Action=[ 0.9477203  -0.9989284   0.          0.5526177   0.20086014  0.5207616
  0.9995341 ] | Reward=-0.008 | Cum=-0.545 | Info={'shot_attempted': False, 'pass_attempted': False, 'goal_scored': False, 'goal_team': None, 'ball_out_by': None, 'has_ball': False, 'start_shot_bonus': False, 'start_pass_bonus': False, 'possession_lost': False}

[Step 180] Action=[ 0.9477355  -0.99892914  0.          0.55268013  0.20086217  0.52077925
  0.99953437] | Reward=-0.007 | Cum=-0.552 | Info={'shot_attempted': False, 'pass_attempted': False, 'goal_scored': False, 'goal_team': None, 'ball_out_by': None, 'has_ball': False, 'start_shot_bonus': False, 'start_pass_bonus': False, 'possession_lost': False}

[Step 181] Action=[ 0.9477508  -0.99892986  0.          0.55274194  0.200864    0.5207973
  0.9995347 ] | Reward=-0.007 | Cum=-0.560 | Info={'shot_attempted': False, 'pass_attempted': False, 'goal_scored': False, 'goal_team': None, 'ball_out_by': None, 'has_ball': False, 'start_shot_bonus': False, 'start_pass_bonus': False, 'possession_lost': False}

[Step 182] Action=[ 0.94776607 -0.9989306   0.          0.55280393  0.20086588  0.52081543
  0.9995351 ] | Reward=-0.007 | Cum=-0.567 | Info={'shot_attempted': False, 'pass_attempted': False, 'goal_scored': False, 'goal_team': None, 'ball_out_by': None, 'has_ball': False, 'start_shot_bonus': False, 'start_pass_bonus': False, 'possession_lost': False}

[Step 183] Action=[ 0.9477814  -0.9989313   0.          0.5528658   0.2008676   0.52083385
  0.99953544] | Reward=-0.008 | Cum=-0.575 | Info={'shot_attempted': False, 'pass_attempted': False, 'goal_scored': False, 'goal_team': None, 'ball_out_by': None, 'has_ball': False, 'start_shot_bonus': False, 'start_pass_bonus': False, 'possession_lost': False}

[Step 184] Action=[ 0.94779664 -0.998932    0.          0.5529277   0.2008694   0.5208518
  0.99953574] | Reward=-0.008 | Cum=-0.584 | Info={'shot_attempted': False, 'pass_attempted': False, 'goal_scored': False, 'goal_team': None, 'ball_out_by': None, 'has_ball': False, 'start_shot_bonus': False, 'start_pass_bonus': False, 'possession_lost': False}

[Step 185] Action=[ 0.9478119  -0.9989328   0.          0.5529896   0.20087123  0.52087003
  0.9995361 ] | Reward=-0.008 | Cum=-0.592 | Info={'shot_attempted': False, 'pass_attempted': False, 'goal_scored': False, 'goal_team': None, 'ball_out_by': None, 'has_ball': False, 'start_shot_bonus': False, 'start_pass_bonus': False, 'possession_lost': False}

[Step 186] Action=[ 0.94782716 -0.9989335   0.          0.5530515   0.20087318  0.5208881
  0.99953645] | Reward=-0.008 | Cum=-0.600 | Info={'shot_attempted': False, 'pass_attempted': False, 'goal_scored': False, 'goal_team': None, 'ball_out_by': None, 'has_ball': False, 'start_shot_bonus': False, 'start_pass_bonus': False, 'possession_lost': False}

[Step 187] Action=[ 0.9478424  -0.9989342   0.          0.5531134   0.20087503  0.5209062
  0.9995368 ] | Reward=-0.008 | Cum=-0.608 | Info={'shot_attempted': False, 'pass_attempted': False, 'goal_scored': False, 'goal_team': None, 'ball_out_by': None, 'has_ball': False, 'start_shot_bonus': False, 'start_pass_bonus': False, 'possession_lost': False}

[Step 188] Action=[ 0.9478577  -0.9989349   0.          0.55317503  0.20087689  0.52092445
  0.9995371 ] | Reward=-0.008 | Cum=-0.616 | Info={'shot_attempted': False, 'pass_attempted': False, 'goal_scored': False, 'goal_team': None, 'ball_out_by': None, 'has_ball': False, 'start_shot_bonus': False, 'start_pass_bonus': False, 'possession_lost': False}

[Step 189] Action=[ 0.947873   -0.99893564  0.          0.55323714  0.2008786   0.5209423
  0.99953747] | Reward=-0.009 | Cum=-0.625 | Info={'shot_attempted': False, 'pass_attempted': False, 'goal_scored': False, 'goal_team': None, 'ball_out_by': None, 'has_ball': False, 'start_shot_bonus': False, 'start_pass_bonus': False, 'possession_lost': False}

[Step 190] Action=[ 0.9478882  -0.99893636  0.          0.55329883  0.20088047  0.5209608
  0.9995378 ] | Reward=-0.009 | Cum=-0.633 | Info={'shot_attempted': False, 'pass_attempted': False, 'goal_scored': False, 'goal_team': None, 'ball_out_by': None, 'has_ball': False, 'start_shot_bonus': False, 'start_pass_bonus': False, 'possession_lost': False}

[Step 191] Action=[ 0.94790345 -0.9989371   0.          0.55336094  0.20088236  0.52097887
  0.9995382 ] | Reward=-0.009 | Cum=-0.642 | Info={'shot_attempted': False, 'pass_attempted': False, 'goal_scored': False, 'goal_team': None, 'ball_out_by': None, 'has_ball': False, 'start_shot_bonus': False, 'start_pass_bonus': False, 'possession_lost': False}

[Step 192] Action=[ 0.9479192  -0.9989378   0.          0.55342174  0.20088516  0.52099806
  0.9995385 ] | Reward=-0.009 | Cum=-0.651 | Info={'shot_attempted': False, 'pass_attempted': False, 'goal_scored': False, 'goal_team': None, 'ball_out_by': None, 'has_ball': False, 'start_shot_bonus': False, 'start_pass_bonus': False, 'possession_lost': False}

[Step 193] Action=[ 0.9479349  -0.99893856  0.          0.55348265  0.20088814  0.5210175
  0.99953884] | Reward=-0.008 | Cum=-0.659 | Info={'shot_attempted': False, 'pass_attempted': False, 'goal_scored': False, 'goal_team': None, 'ball_out_by': None, 'has_ball': False, 'start_shot_bonus': False, 'start_pass_bonus': False, 'possession_lost': False}

[Step 194] Action=[ 0.94795066 -0.9989393   0.          0.5535434   0.20089114  0.5210373
  0.9995392 ] | Reward=-0.008 | Cum=-0.668 | Info={'shot_attempted': False, 'pass_attempted': False, 'goal_scored': False, 'goal_team': None, 'ball_out_by': None, 'has_ball': False, 'start_shot_bonus': False, 'start_pass_bonus': False, 'possession_lost': False}

[Step 195] Action=[ 0.94796646 -0.99894005  0.          0.55360436  0.20089372  0.5210566
  0.99953955] | Reward=-0.009 | Cum=-0.677 | Info={'shot_attempted': False, 'pass_attempted': False, 'goal_scored': False, 'goal_team': None, 'ball_out_by': None, 'has_ball': False, 'start_shot_bonus': False, 'start_pass_bonus': False, 'possession_lost': False}

[Step 196] Action=[ 0.9479822  -0.99894077  0.          0.5536652   0.20089671  0.52107626
  0.9995399 ] | Reward=-0.009 | Cum=-0.686 | Info={'shot_attempted': False, 'pass_attempted': False, 'goal_scored': False, 'goal_team': None, 'ball_out_by': None, 'has_ball': False, 'start_shot_bonus': False, 'start_pass_bonus': False, 'possession_lost': False}

[Step 197] Action=[ 0.9479999  -0.9989416   0.          0.5537282   0.20090269  0.5210967
  0.99954027] | Reward=-0.009 | Cum=-0.695 | Info={'shot_attempted': False, 'pass_attempted': False, 'goal_scored': False, 'goal_team': None, 'ball_out_by': None, 'has_ball': False, 'start_shot_bonus': False, 'start_pass_bonus': False, 'possession_lost': False}

[Step 198] Action=[ 0.9480182  -0.99894243  0.          0.5537917   0.2009095   0.52111804
  0.9995407 ] | Reward=-0.009 | Cum=-0.704 | Info={'shot_attempted': False, 'pass_attempted': False, 'goal_scored': False, 'goal_team': None, 'ball_out_by': None, 'has_ball': False, 'start_shot_bonus': False, 'start_pass_bonus': False, 'possession_lost': False}

[Step 199] Action=[ 0.9480365  -0.99894327  0.          0.5538555   0.2009164   0.5211391
  0.99954104] | Reward=-0.009 | Cum=-0.714 | Info={'shot_attempted': False, 'pass_attempted': False, 'goal_scored': False, 'goal_team': None, 'ball_out_by': None, 'has_ball': False, 'start_shot_bonus': False, 'start_pass_bonus': False, 'possession_lost': False}

[Step 200] Action=[ 0.94805545 -0.9989441   0.          0.55392075  0.20092237  0.52116
  0.99954146] | Reward=-0.009 | Cum=-0.723 | Info={'shot_attempted': False, 'pass_attempted': False, 'goal_scored': False, 'goal_team': None, 'ball_out_by': None, 'has_ball': False, 'start_shot_bonus': False, 'start_pass_bonus': False, 'possession_lost': False}

[Step 201] Action=[ 0.9480746  -0.998945    0.          0.55398625  0.20092794  0.52118075
  0.9995419 ] | Reward=-0.010 | Cum=-0.732 | Info={'shot_attempted': False, 'pass_attempted': False, 'goal_scored': False, 'goal_team': None, 'ball_out_by': None, 'has_ball': False, 'start_shot_bonus': False, 'start_pass_bonus': False, 'possession_lost': False}

[Step 202] Action=[ 0.9480937  -0.99894583  0.          0.5540518   0.20093364  0.5212018
  0.9995423 ] | Reward=-0.010 | Cum=-0.742 | Info={'shot_attempted': False, 'pass_attempted': False, 'goal_scored': False, 'goal_team': None, 'ball_out_by': None, 'has_ball': False, 'start_shot_bonus': False, 'start_pass_bonus': False, 'possession_lost': False}

[Step 203] Action=[ 0.9481128  -0.9989467   0.          0.5541174   0.20093939  0.52122253
  0.9995427 ] | Reward=-0.010 | Cum=-0.752 | Info={'shot_attempted': False, 'pass_attempted': False, 'goal_scored': False, 'goal_team': None, 'ball_out_by': None, 'has_ball': False, 'start_shot_bonus': False, 'start_pass_bonus': False, 'possession_lost': False}

[Step 204] Action=[ 0.9481319  -0.99894756  0.          0.5541832   0.20094505  0.52124363
  0.9995431 ] | Reward=-0.010 | Cum=-0.761 | Info={'shot_attempted': False, 'pass_attempted': False, 'goal_scored': False, 'goal_team': None, 'ball_out_by': None, 'has_ball': False, 'start_shot_bonus': False, 'start_pass_bonus': False, 'possession_lost': False}

[Step 205] Action=[ 0.948151   -0.99894845  0.          0.55424863  0.20095068  0.52126443
  0.9995435 ] | Reward=-0.010 | Cum=-0.771 | Info={'shot_attempted': False, 'pass_attempted': False, 'goal_scored': False, 'goal_team': None, 'ball_out_by': None, 'has_ball': False, 'start_shot_bonus': False, 'start_pass_bonus': False, 'possession_lost': False}

[Step 206] Action=[ 0.94817007 -0.9989493   0.          0.5543141   0.20095666  0.5212851
  0.9995439 ] | Reward=-0.010 | Cum=-0.780 | Info={'shot_attempted': False, 'pass_attempted': False, 'goal_scored': False, 'goal_team': None, 'ball_out_by': None, 'has_ball': False, 'start_shot_bonus': False, 'start_pass_bonus': False, 'possession_lost': False}

[Step 207] Action=[ 0.94818914 -0.9989502   0.          0.55437964  0.20096223  0.5213063
  0.9995443 ] | Reward=-0.010 | Cum=-0.791 | Info={'shot_attempted': False, 'pass_attempted': False, 'goal_scored': False, 'goal_team': None, 'ball_out_by': None, 'has_ball': False, 'start_shot_bonus': False, 'start_pass_bonus': False, 'possession_lost': False}

[Step 208] Action=[ 0.9482082  -0.998951    0.          0.55444545  0.20096782  0.52132714
  0.9995447 ] | Reward=-0.010 | Cum=-0.801 | Info={'shot_attempted': False, 'pass_attempted': False, 'goal_scored': False, 'goal_team': None, 'ball_out_by': None, 'has_ball': False, 'start_shot_bonus': False, 'start_pass_bonus': False, 'possession_lost': False}

[Step 209] Action=[ 0.9482273 -0.9989519  0.         0.5545108  0.2009735  0.5213478
  0.9995451] | Reward=-0.010 | Cum=-0.811 | Info={'shot_attempted': False, 'pass_attempted': False, 'goal_scored': False, 'goal_team': None, 'ball_out_by': None, 'has_ball': False, 'start_shot_bonus': False, 'start_pass_bonus': False, 'possession_lost': False}

[Step 210] Action=[ 0.94824636 -0.99895275  0.          0.55457646  0.20097896  0.521369
  0.9995455 ] | Reward=-0.010 | Cum=-0.821 | Info={'shot_attempted': False, 'pass_attempted': False, 'goal_scored': False, 'goal_team': None, 'ball_out_by': None, 'has_ball': False, 'start_shot_bonus': False, 'start_pass_bonus': False, 'possession_lost': False}

[Step 211] Action=[ 0.9482654  -0.99895364  0.          0.55464184  0.20098497  0.5213897
  0.99954593] | Reward=-0.010 | Cum=-0.831 | Info={'shot_attempted': False, 'pass_attempted': False, 'goal_scored': False, 'goal_team': None, 'ball_out_by': None, 'has_ball': False, 'start_shot_bonus': False, 'start_pass_bonus': False, 'possession_lost': False}

[Step 212] Action=[ 0.94828445 -0.9989545   0.          0.5547075   0.20099069  0.52141047
  0.9995463 ] | Reward=-0.010 | Cum=-0.842 | Info={'shot_attempted': False, 'pass_attempted': False, 'goal_scored': False, 'goal_team': None, 'ball_out_by': None, 'has_ball': False, 'start_shot_bonus': False, 'start_pass_bonus': False, 'possession_lost': False}

[Step 213] Action=[ 0.94830346 -0.9989553   0.          0.55477315  0.20099632  0.52143145
  0.9995467 ] | Reward=-0.011 | Cum=-0.852 | Info={'shot_attempted': False, 'pass_attempted': False, 'goal_scored': False, 'goal_team': None, 'ball_out_by': None, 'has_ball': False, 'start_shot_bonus': False, 'start_pass_bonus': False, 'possession_lost': False}

[Step 214] Action=[ 0.94832253 -0.9989562   0.          0.5548384   0.20100214  0.5214525
  0.9995471 ] | Reward=-0.011 | Cum=-0.863 | Info={'shot_attempted': False, 'pass_attempted': False, 'goal_scored': False, 'goal_team': None, 'ball_out_by': None, 'has_ball': False, 'start_shot_bonus': False, 'start_pass_bonus': False, 'possession_lost': False}

[Step 215] Action=[ 0.94834155 -0.99895704  0.          0.55490404  0.20100771  0.5214733
  0.99954754] | Reward=-0.011 | Cum=-0.874 | Info={'shot_attempted': False, 'pass_attempted': False, 'goal_scored': False, 'goal_team': None, 'ball_out_by': None, 'has_ball': False, 'start_shot_bonus': False, 'start_pass_bonus': False, 'possession_lost': False}

[Step 216] Action=[ 0.94836056 -0.9989579   0.          0.55496955  0.20101337  0.5214943
  0.9995479 ] | Reward=-0.011 | Cum=-0.884 | Info={'shot_attempted': False, 'pass_attempted': False, 'goal_scored': False, 'goal_team': None, 'ball_out_by': None, 'has_ball': False, 'start_shot_bonus': False, 'start_pass_bonus': False, 'possession_lost': False}

[Step 217] Action=[ 0.9483796  -0.99895877  0.          0.5550352   0.20101912  0.52151513
  0.9995483 ] | Reward=-0.011 | Cum=-0.895 | Info={'shot_attempted': False, 'pass_attempted': False, 'goal_scored': False, 'goal_team': None, 'ball_out_by': None, 'has_ball': False, 'start_shot_bonus': False, 'start_pass_bonus': False, 'possession_lost': False}

[Step 218] Action=[ 0.9483986  -0.9989596   0.          0.5551006   0.20102489  0.5215359
  0.99954873] | Reward=-0.011 | Cum=-0.906 | Info={'shot_attempted': False, 'pass_attempted': False, 'goal_scored': False, 'goal_team': None, 'ball_out_by': None, 'has_ball': False, 'start_shot_bonus': False, 'start_pass_bonus': False, 'possession_lost': False}

[Step 219] Action=[ 0.9484176  -0.9989605   0.          0.55516607  0.20103045  0.521557
  0.99954915] | Reward=-0.011 | Cum=-0.918 | Info={'shot_attempted': False, 'pass_attempted': False, 'goal_scored': False, 'goal_team': None, 'ball_out_by': None, 'has_ball': False, 'start_shot_bonus': False, 'start_pass_bonus': False, 'possession_lost': False}

[Step 220] Action=[ 0.9484366  -0.9989613   0.          0.55523175  0.20103627  0.5215777
  0.9995495 ] | Reward=-0.011 | Cum=-0.929 | Info={'shot_attempted': False, 'pass_attempted': False, 'goal_scored': False, 'goal_team': None, 'ball_out_by': None, 'has_ball': False, 'start_shot_bonus': False, 'start_pass_bonus': False, 'possession_lost': False}

[Step 221] Action=[ 0.94845563 -0.99896216  0.          0.55529714  0.20104197  0.52159864
  0.9995499 ] | Reward=-0.011 | Cum=-0.940 | Info={'shot_attempted': False, 'pass_attempted': False, 'goal_scored': False, 'goal_team': None, 'ball_out_by': None, 'has_ball': False, 'start_shot_bonus': False, 'start_pass_bonus': False, 'possession_lost': False}

[Step 222] Action=[ 0.94847465 -0.998963    0.          0.5553627   0.20104781  0.52161944
  0.99955034] | Reward=-0.011 | Cum=-0.951 | Info={'shot_attempted': False, 'pass_attempted': False, 'goal_scored': False, 'goal_team': None, 'ball_out_by': None, 'has_ball': False, 'start_shot_bonus': False, 'start_pass_bonus': False, 'possession_lost': False}

[Step 223] Action=[ 0.9484936  -0.9989639   0.          0.5554281   0.20105338  0.5216405
  0.9995507 ] | Reward=-0.011 | Cum=-0.962 | Info={'shot_attempted': False, 'pass_attempted': False, 'goal_scored': False, 'goal_team': None, 'ball_out_by': None, 'has_ball': False, 'start_shot_bonus': False, 'start_pass_bonus': False, 'possession_lost': False}

[Step 224] Action=[ 0.9485126  -0.9989647   0.          0.5554938   0.20105915  0.5216613
  0.9995511 ] | Reward=-0.012 | Cum=-0.974 | Info={'shot_attempted': False, 'pass_attempted': False, 'goal_scored': False, 'goal_team': None, 'ball_out_by': None, 'has_ball': False, 'start_shot_bonus': False, 'start_pass_bonus': False, 'possession_lost': False}

[Step 225] Action=[ 0.94853157 -0.99896556  0.          0.5555591   0.20106484  0.5216822
  0.99955153] | Reward=-0.012 | Cum=-0.986 | Info={'shot_attempted': False, 'pass_attempted': False, 'goal_scored': False, 'goal_team': None, 'ball_out_by': None, 'has_ball': False, 'start_shot_bonus': False, 'start_pass_bonus': False, 'possession_lost': False}

[Step 226] Action=[ 0.9485506  -0.99896646  0.          0.5556247   0.20107034  0.52170324
  0.9995519 ] | Reward=-0.012 | Cum=-0.998 | Info={'shot_attempted': False, 'pass_attempted': False, 'goal_scored': False, 'goal_team': None, 'ball_out_by': None, 'has_ball': False, 'start_shot_bonus': False, 'start_pass_bonus': False, 'possession_lost': False}

[Step 227] Action=[ 0.9485695  -0.9989673   0.          0.5556903   0.20107634  0.5217239
  0.9995523 ] | Reward=-0.012 | Cum=-1.010 | Info={'shot_attempted': False, 'pass_attempted': False, 'goal_scored': False, 'goal_team': None, 'ball_out_by': None, 'has_ball': False, 'start_shot_bonus': False, 'start_pass_bonus': False, 'possession_lost': False}

[Step 228] Action=[ 0.9485885 -0.9989681  0.         0.5557557  0.2010821  0.5217449
  0.9995527] | Reward=-0.012 | Cum=-1.021 | Info={'shot_attempted': False, 'pass_attempted': False, 'goal_scored': False, 'goal_team': None, 'ball_out_by': None, 'has_ball': False, 'start_shot_bonus': False, 'start_pass_bonus': False, 'possession_lost': False}

[Step 229] Action=[ 0.9486074  -0.99896896  0.          0.5558215   0.20108777  0.5217659
  0.9995531 ] | Reward=-0.012 | Cum=-1.033 | Info={'shot_attempted': False, 'pass_attempted': False, 'goal_scored': False, 'goal_team': None, 'ball_out_by': None, 'has_ball': False, 'start_shot_bonus': False, 'start_pass_bonus': False, 'possession_lost': False}

[Step 230] Action=[ 0.9486264  -0.99896985  0.          0.55588657  0.20109352  0.52178675
  0.9995535 ] | Reward=-0.012 | Cum=-1.045 | Info={'shot_attempted': False, 'pass_attempted': False, 'goal_scored': False, 'goal_team': None, 'ball_out_by': None, 'has_ball': False, 'start_shot_bonus': False, 'start_pass_bonus': False, 'possession_lost': False}

[Step 231] Action=[ 0.9486453  -0.9989707   0.          0.5559522   0.20109919  0.52180773
  0.9995539 ] | Reward=-0.012 | Cum=-1.058 | Info={'shot_attempted': False, 'pass_attempted': False, 'goal_scored': False, 'goal_team': None, 'ball_out_by': None, 'has_ball': False, 'start_shot_bonus': False, 'start_pass_bonus': False, 'possession_lost': False}

[Step 232] Action=[ 0.94866425 -0.9989715   0.          0.5560177   0.201105    0.5218288
  0.9995543 ] | Reward=-0.012 | Cum=-1.070 | Info={'shot_attempted': False, 'pass_attempted': False, 'goal_scored': False, 'goal_team': None, 'ball_out_by': None, 'has_ball': False, 'start_shot_bonus': False, 'start_pass_bonus': False, 'possession_lost': False}

[Step 233] Action=[ 0.9486832  -0.99897236  0.          0.55608314  0.20111069  0.5218493
  0.9995547 ] | Reward=-0.012 | Cum=-1.082 | Info={'shot_attempted': False, 'pass_attempted': False, 'goal_scored': False, 'goal_team': None, 'ball_out_by': None, 'has_ball': False, 'start_shot_bonus': False, 'start_pass_bonus': False, 'possession_lost': False}

[Step 234] Action=[ 0.9487021  -0.9989732   0.          0.5561487   0.20111632  0.52187043
  0.99955505] | Reward=-0.012 | Cum=-1.094 | Info={'shot_attempted': False, 'pass_attempted': False, 'goal_scored': False, 'goal_team': None, 'ball_out_by': None, 'has_ball': False, 'start_shot_bonus': False, 'start_pass_bonus': False, 'possession_lost': False}

[Step 235] Action=[ 0.94872105 -0.9989741   0.          0.5562141   0.2011223   0.52189124
  0.99955547] | Reward=-0.012 | Cum=-1.107 | Info={'shot_attempted': False, 'pass_attempted': False, 'goal_scored': False, 'goal_team': None, 'ball_out_by': None, 'has_ball': False, 'start_shot_bonus': False, 'start_pass_bonus': False, 'possession_lost': False}

[Step 236] Action=[ 0.94873995 -0.9989749   0.          0.5562794   0.2011279   0.5219123
  0.9995559 ] | Reward=-0.013 | Cum=-1.120 | Info={'shot_attempted': False, 'pass_attempted': False, 'goal_scored': False, 'goal_team': None, 'ball_out_by': None, 'has_ball': False, 'start_shot_bonus': False, 'start_pass_bonus': False, 'possession_lost': False}

[Step 237] Action=[ 0.94875884 -0.99897575  0.          0.5563449   0.2011336   0.52193326
  0.99955624] | Reward=-0.013 | Cum=-1.132 | Info={'shot_attempted': False, 'pass_attempted': False, 'goal_scored': False, 'goal_team': None, 'ball_out_by': None, 'has_ball': False, 'start_shot_bonus': False, 'start_pass_bonus': False, 'possession_lost': False}

[Step 238] Action=[ 0.9487778  -0.9989766   0.          0.5564103   0.20113948  0.52195394
  0.99955666] | Reward=-0.013 | Cum=-1.145 | Info={'shot_attempted': False, 'pass_attempted': False, 'goal_scored': False, 'goal_team': None, 'ball_out_by': None, 'has_ball': False, 'start_shot_bonus': False, 'start_pass_bonus': False, 'possession_lost': False}

[Step 239] Action=[ 0.9487967  -0.9989774   0.          0.556476    0.20114514  0.52197516
  0.999557  ] | Reward=-0.013 | Cum=-1.158 | Info={'shot_attempted': False, 'pass_attempted': False, 'goal_scored': False, 'goal_team': None, 'ball_out_by': None, 'has_ball': False, 'start_shot_bonus': False, 'start_pass_bonus': False, 'possession_lost': False}

[Step 240] Action=[ 0.9488156  -0.99897826  0.          0.55654144  0.20115086  0.52199614
  0.99955744] | Reward=-0.013 | Cum=-1.171 | Info={'shot_attempted': False, 'pass_attempted': False, 'goal_scored': False, 'goal_team': None, 'ball_out_by': None, 'has_ball': False, 'start_shot_bonus': False, 'start_pass_bonus': False, 'possession_lost': False}

