Debug log for att_2 (Episode 700)
================================================================================
[Step 1] Action=[ 0.9201111   0.28509516  0.9104397   0.          0.         -0.5346609
 -0.8672576 ] | Reward=-0.003 | Cum=-0.003 | Info={'shot_attempted': False, 'pass_attempted': False, 'goal_scored': False, 'goal_team': None, 'ball_out_by': None, 'has_ball': False, 'start_shot_bonus': False, 'start_pass_bonus': False, 'possession_lost': False}

[Step 2] Action=[ 0.92046255  0.28540376  0.91083896  0.          0.         -0.53520864
 -0.8677205 ] | Reward=-0.003 | Cum=-0.006 | Info={'shot_attempted': False, 'pass_attempted': False, 'goal_scored': False, 'goal_team': None, 'ball_out_by': None, 'has_ball': False, 'start_shot_bonus': False, 'start_pass_bonus': False, 'possession_lost': False}

[Step 3] Action=[ 0.9205596   0.28549552  0.91094816  0.          0.         -0.53535485
 -0.8678509 ] | Reward=-0.003 | Cum=-0.008 | Info={'shot_attempted': False, 'pass_attempted': False, 'goal_scored': False, 'goal_team': None, 'ball_out_by': None, 'has_ball': False, 'start_shot_bonus': False, 'start_pass_bonus': False, 'possession_lost': False}

[Step 4] Action=[ 0.9206565   0.28558683  0.9110573   0.          0.         -0.53550065
 -0.86798114] | Reward=-0.003 | Cum=-0.011 | Info={'shot_attempted': False, 'pass_attempted': False, 'goal_scored': False, 'goal_team': None, 'ball_out_by': None, 'has_ball': False, 'start_shot_bonus': False, 'start_pass_bonus': False, 'possession_lost': False}

[Step 5] Action=[ 0.9207533   0.28567848  0.91116637  0.          0.         -0.53564644
 -0.86811143] | Reward=-0.002 | Cum=-0.013 | Info={'shot_attempted': False, 'pass_attempted': False, 'goal_scored': False, 'goal_team': None, 'ball_out_by': None, 'has_ball': False, 'start_shot_bonus': False, 'start_pass_bonus': False, 'possession_lost': False}

[Step 6] Action=[ 0.92085     0.2857701   0.91127527  0.          0.         -0.5357924
 -0.8682415 ] | Reward=-0.002 | Cum=-0.015 | Info={'shot_attempted': False, 'pass_attempted': False, 'goal_scored': False, 'goal_team': None, 'ball_out_by': None, 'has_ball': False, 'start_shot_bonus': False, 'start_pass_bonus': False, 'possession_lost': False}

[Step 7] Action=[ 0.9209465   0.2858615   0.91138405  0.          0.         -0.5359381
 -0.8683715 ] | Reward=-0.002 | Cum=-0.017 | Info={'shot_attempted': False, 'pass_attempted': False, 'goal_scored': False, 'goal_team': None, 'ball_out_by': None, 'has_ball': False, 'start_shot_bonus': False, 'start_pass_bonus': False, 'possession_lost': False}

[Step 8] Action=[ 0.92104304  0.28595313  0.9114927   0.          0.         -0.5360839
 -0.8685013 ] | Reward=-0.002 | Cum=-0.020 | Info={'shot_attempted': False, 'pass_attempted': False, 'goal_scored': False, 'goal_team': None, 'ball_out_by': None, 'has_ball': False, 'start_shot_bonus': False, 'start_pass_bonus': False, 'possession_lost': False}

[Step 9] Action=[ 0.9211393   0.28604487  0.9116012   0.          0.         -0.5362297
 -0.86863106] | Reward=-0.002 | Cum=-0.022 | Info={'shot_attempted': False, 'pass_attempted': False, 'goal_scored': False, 'goal_team': None, 'ball_out_by': None, 'has_ball': False, 'start_shot_bonus': False, 'start_pass_bonus': False, 'possession_lost': False}

[Step 10] Action=[ 0.92123556  0.28613624  0.9117096   0.          0.         -0.5363757
 -0.8687607 ] | Reward=-0.001 | Cum=-0.023 | Info={'shot_attempted': False, 'pass_attempted': False, 'goal_scored': False, 'goal_team': None, 'ball_out_by': None, 'has_ball': False, 'start_shot_bonus': False, 'start_pass_bonus': False, 'possession_lost': False}

[Step 11] Action=[ 0.92133176  0.28622797  0.9118179   0.          0.         -0.53652126
 -0.8688903 ] | Reward=-0.001 | Cum=-0.025 | Info={'shot_attempted': False, 'pass_attempted': False, 'goal_scored': False, 'goal_team': None, 'ball_out_by': None, 'has_ball': False, 'start_shot_bonus': False, 'start_pass_bonus': False, 'possession_lost': False}

[Step 12] Action=[ 0.9214277   0.28631923  0.91192615  0.          0.         -0.53666675
 -0.8690196 ] | Reward=-0.001 | Cum=-0.026 | Info={'shot_attempted': False, 'pass_attempted': False, 'goal_scored': False, 'goal_team': None, 'ball_out_by': None, 'has_ball': False, 'start_shot_bonus': False, 'start_pass_bonus': False, 'possession_lost': False}

[Step 13] Action=[ 0.92152375  0.28641093  0.9120342   0.          0.         -0.53681266
 -0.8691489 ] | Reward=-0.001 | Cum=-0.028 | Info={'shot_attempted': False, 'pass_attempted': False, 'goal_scored': False, 'goal_team': None, 'ball_out_by': None, 'has_ball': False, 'start_shot_bonus': False, 'start_pass_bonus': False, 'possession_lost': False}

[Step 14] Action=[ 0.9216195   0.28650263  0.91214216  0.          0.         -0.5369584
 -0.8692781 ] | Reward=-0.001 | Cum=-0.028 | Info={'shot_attempted': False, 'pass_attempted': False, 'goal_scored': False, 'goal_team': None, 'ball_out_by': None, 'has_ball': False, 'start_shot_bonus': False, 'start_pass_bonus': False, 'possession_lost': False}

[Step 15] Action=[ 0.9217152  0.286594   0.9122499  0.         0.        -0.5371042
 -0.8694072] | Reward=-0.001 | Cum=-0.029 | Info={'shot_attempted': False, 'pass_attempted': False, 'goal_scored': False, 'goal_team': None, 'ball_out_by': None, 'has_ball': False, 'start_shot_bonus': False, 'start_pass_bonus': False, 'possession_lost': False}

[Step 16] Action=[ 0.92181087  0.2866857   0.9123576   0.          0.         -0.53724957
 -0.8695361 ] | Reward=-0.001 | Cum=-0.031 | Info={'shot_attempted': False, 'pass_attempted': False, 'goal_scored': False, 'goal_team': None, 'ball_out_by': None, 'has_ball': False, 'start_shot_bonus': False, 'start_pass_bonus': False, 'possession_lost': False}

[Step 17] Action=[ 0.92190635  0.28677726  0.9124652   0.          0.         -0.5373954
 -0.86966497] | Reward=-0.001 | Cum=-0.032 | Info={'shot_attempted': False, 'pass_attempted': False, 'goal_scored': False, 'goal_team': None, 'ball_out_by': None, 'has_ball': False, 'start_shot_bonus': False, 'start_pass_bonus': False, 'possession_lost': False}

[Step 18] Action=[ 0.9220017   0.28686884  0.9125726   0.          0.         -0.53754073
 -0.8697937 ] | Reward=-0.001 | Cum=-0.033 | Info={'shot_attempted': False, 'pass_attempted': False, 'goal_scored': False, 'goal_team': None, 'ball_out_by': None, 'has_ball': False, 'start_shot_bonus': False, 'start_pass_bonus': False, 'possession_lost': False}

[Step 19] Action=[ 0.922097   0.2869604  0.91268    0.         0.        -0.5376862
 -0.8699224] | Reward=-0.000 | Cum=-0.033 | Info={'shot_attempted': False, 'pass_attempted': False, 'goal_scored': False, 'goal_team': None, 'ball_out_by': None, 'has_ball': False, 'start_shot_bonus': False, 'start_pass_bonus': False, 'possession_lost': False}

[Step 20] Action=[ 0.9221922   0.28705198  0.9127872   0.          0.         -0.53783184
 -0.8700509 ] | Reward=-0.000 | Cum=-0.034 | Info={'shot_attempted': False, 'pass_attempted': False, 'goal_scored': False, 'goal_team': None, 'ball_out_by': None, 'has_ball': False, 'start_shot_bonus': False, 'start_pass_bonus': False, 'possession_lost': False}

[Step 21] Action=[ 0.9222873   0.28714362  0.9128943   0.          0.         -0.5379772
 -0.8701793 ] | Reward=-0.000 | Cum=-0.034 | Info={'shot_attempted': False, 'pass_attempted': False, 'goal_scored': False, 'goal_team': None, 'ball_out_by': None, 'has_ball': False, 'start_shot_bonus': False, 'start_pass_bonus': False, 'possession_lost': False}

[Step 22] Action=[ 0.9223823   0.28723505  0.91300124  0.          0.         -0.538123
 -0.87030756] | Reward=-0.000 | Cum=-0.035 | Info={'shot_attempted': False, 'pass_attempted': False, 'goal_scored': False, 'goal_team': None, 'ball_out_by': None, 'has_ball': False, 'start_shot_bonus': False, 'start_pass_bonus': False, 'possession_lost': False}

[Step 23] Action=[ 0.92247707  0.2873264   0.9131081   0.          0.         -0.5382684
 -0.8704357 ] | Reward=-0.000 | Cum=-0.035 | Info={'shot_attempted': False, 'pass_attempted': False, 'goal_scored': False, 'goal_team': None, 'ball_out_by': None, 'has_ball': False, 'start_shot_bonus': False, 'start_pass_bonus': False, 'possession_lost': False}

[Step 24] Action=[ 0.92257184  0.28741837  0.9132148   0.          0.         -0.5384139
 -0.8705638 ] | Reward=+0.000 | Cum=-0.035 | Info={'shot_attempted': False, 'pass_attempted': False, 'goal_scored': False, 'goal_team': None, 'ball_out_by': None, 'has_ball': False, 'start_shot_bonus': False, 'start_pass_bonus': False, 'possession_lost': False}

[Step 25] Action=[ 0.9226665   0.28750968  0.91332144  0.          0.         -0.53855914
 -0.8706917 ] | Reward=+0.000 | Cum=-0.035 | Info={'shot_attempted': False, 'pass_attempted': False, 'goal_scored': False, 'goal_team': None, 'ball_out_by': None, 'has_ball': False, 'start_shot_bonus': False, 'start_pass_bonus': False, 'possession_lost': False}

[Step 26] Action=[ 0.9227611   0.28760132  0.91342795  0.          0.         -0.5387045
 -0.8708196 ] | Reward=+0.000 | Cum=-0.035 | Info={'shot_attempted': False, 'pass_attempted': False, 'goal_scored': False, 'goal_team': None, 'ball_out_by': None, 'has_ball': False, 'start_shot_bonus': False, 'start_pass_bonus': False, 'possession_lost': False}

[Step 27] Action=[ 0.9228555   0.28769284  0.91353434  0.          0.         -0.5388499
 -0.87094736] | Reward=+0.000 | Cum=-0.034 | Info={'shot_attempted': False, 'pass_attempted': False, 'goal_scored': False, 'goal_team': None, 'ball_out_by': None, 'has_ball': False, 'start_shot_bonus': False, 'start_pass_bonus': False, 'possession_lost': False}

[Step 28] Action=[ 0.9229498   0.28778425  0.91364056  0.          0.         -0.5389952
 -0.87107503] | Reward=+0.001 | Cum=-0.033 | Info={'shot_attempted': False, 'pass_attempted': False, 'goal_scored': False, 'goal_team': None, 'ball_out_by': None, 'has_ball': False, 'start_shot_bonus': False, 'start_pass_bonus': False, 'possession_lost': False}

[Step 29] Action=[ 0.923044   0.2878761  0.9137468  0.         0.        -0.5391406
 -0.8712025] | Reward=+0.001 | Cum=-0.033 | Info={'shot_attempted': False, 'pass_attempted': False, 'goal_scored': False, 'goal_team': None, 'ball_out_by': None, 'has_ball': False, 'start_shot_bonus': False, 'start_pass_bonus': False, 'possession_lost': False}

[Step 30] Action=[ 0.92313814  0.28796804  0.9138527   0.          0.         -0.5392858
 -0.87132984] | Reward=+0.001 | Cum=-0.032 | Info={'shot_attempted': False, 'pass_attempted': False, 'goal_scored': False, 'goal_team': None, 'ball_out_by': None, 'has_ball': False, 'start_shot_bonus': False, 'start_pass_bonus': False, 'possession_lost': False}

[Step 31] Action=[ 0.9232322   0.2880594   0.9139586   0.          0.         -0.53943104
 -0.87145716] | Reward=+0.001 | Cum=-0.032 | Info={'shot_attempted': False, 'pass_attempted': False, 'goal_scored': False, 'goal_team': None, 'ball_out_by': None, 'has_ball': False, 'start_shot_bonus': False, 'start_pass_bonus': False, 'possession_lost': False}

[Step 32] Action=[ 0.9233261   0.28815058  0.91406447  0.          0.         -0.5395763
 -0.8715843 ] | Reward=+0.001 | Cum=-0.031 | Info={'shot_attempted': False, 'pass_attempted': False, 'goal_scored': False, 'goal_team': None, 'ball_out_by': None, 'has_ball': False, 'start_shot_bonus': False, 'start_pass_bonus': False, 'possession_lost': False}

[Step 33] Action=[ 0.92341983  0.2882424   0.9141701   0.          0.         -0.53972167
 -0.8717114 ] | Reward=+0.001 | Cum=-0.030 | Info={'shot_attempted': False, 'pass_attempted': False, 'goal_scored': False, 'goal_team': None, 'ball_out_by': None, 'has_ball': False, 'start_shot_bonus': False, 'start_pass_bonus': False, 'possession_lost': False}

[Step 34] Action=[ 0.9235136   0.2883341   0.91427565  0.          0.         -0.53986675
 -0.87183833] | Reward=+0.001 | Cum=-0.029 | Info={'shot_attempted': False, 'pass_attempted': False, 'goal_scored': False, 'goal_team': None, 'ball_out_by': None, 'has_ball': False, 'start_shot_bonus': False, 'start_pass_bonus': False, 'possession_lost': False}

[Step 35] Action=[ 0.9236072   0.28842548  0.9143811   0.          0.         -0.54001206
 -0.8719652 ] | Reward=+0.001 | Cum=-0.028 | Info={'shot_attempted': False, 'pass_attempted': False, 'goal_scored': False, 'goal_team': None, 'ball_out_by': None, 'has_ball': False, 'start_shot_bonus': False, 'start_pass_bonus': False, 'possession_lost': False}

[Step 36] Action=[ 0.92370063  0.28851718  0.91448635  0.          0.         -0.5401571
 -0.87209195] | Reward=+0.001 | Cum=-0.027 | Info={'shot_attempted': False, 'pass_attempted': False, 'goal_scored': False, 'goal_team': None, 'ball_out_by': None, 'has_ball': False, 'start_shot_bonus': False, 'start_pass_bonus': False, 'possession_lost': False}

[Step 37] Action=[ 0.92379403  0.28860864  0.91459155  0.          0.         -0.5403022
 -0.87221855] | Reward=+0.001 | Cum=-0.025 | Info={'shot_attempted': False, 'pass_attempted': False, 'goal_scored': False, 'goal_team': None, 'ball_out_by': None, 'has_ball': False, 'start_shot_bonus': False, 'start_pass_bonus': False, 'possession_lost': False}

[Step 38] Action=[ 0.92388725  0.28870022  0.91469663  0.          0.         -0.54044753
 -0.8723451 ] | Reward=+0.002 | Cum=-0.024 | Info={'shot_attempted': False, 'pass_attempted': False, 'goal_scored': False, 'goal_team': None, 'ball_out_by': None, 'has_ball': False, 'start_shot_bonus': False, 'start_pass_bonus': False, 'possession_lost': False}

[Step 39] Action=[ 0.9239805   0.2887918   0.9148016   0.          0.         -0.5405924
 -0.87247145] | Reward=+0.002 | Cum=-0.022 | Info={'shot_attempted': False, 'pass_attempted': False, 'goal_scored': False, 'goal_team': None, 'ball_out_by': None, 'has_ball': False, 'start_shot_bonus': False, 'start_pass_bonus': False, 'possession_lost': False}

[Step 40] Action=[ 0.92407364  0.28888348  0.9149064   0.          0.         -0.54073733
 -0.8725978 ] | Reward=+0.002 | Cum=-0.020 | Info={'shot_attempted': False, 'pass_attempted': False, 'goal_scored': False, 'goal_team': None, 'ball_out_by': None, 'has_ball': False, 'start_shot_bonus': False, 'start_pass_bonus': False, 'possession_lost': False}

[Step 41] Action=[ 0.9241665   0.28897536  0.91501117  0.          0.         -0.5408824
 -0.87272394] | Reward=+0.002 | Cum=-0.018 | Info={'shot_attempted': False, 'pass_attempted': False, 'goal_scored': False, 'goal_team': None, 'ball_out_by': None, 'has_ball': False, 'start_shot_bonus': False, 'start_pass_bonus': False, 'possession_lost': False}

[Step 42] Action=[ 0.92425936  0.2890669   0.91511595  0.          0.         -0.5410277
 -0.8728499 ] | Reward=+0.003 | Cum=-0.015 | Info={'shot_attempted': False, 'pass_attempted': False, 'goal_scored': False, 'goal_team': None, 'ball_out_by': None, 'has_ball': False, 'start_shot_bonus': False, 'start_pass_bonus': False, 'possession_lost': False}

[Step 43] Action=[ 0.924352    0.28915966  0.9152213   0.          0.         -0.54117393
 -0.87297505] | Reward=+0.003 | Cum=-0.013 | Info={'shot_attempted': False, 'pass_attempted': False, 'goal_scored': False, 'goal_team': None, 'ball_out_by': None, 'has_ball': False, 'start_shot_bonus': False, 'start_pass_bonus': False, 'possession_lost': False}

[Step 44] Action=[ 0.92444456  0.28925273  0.9153266   0.          0.         -0.5413207
 -0.8731001 ] | Reward=+0.002 | Cum=-0.011 | Info={'shot_attempted': False, 'pass_attempted': False, 'goal_scored': False, 'goal_team': None, 'ball_out_by': None, 'has_ball': False, 'start_shot_bonus': False, 'start_pass_bonus': False, 'possession_lost': False}

[Step 45] Action=[ 0.9245375   0.28934732  0.9154325   0.          0.         -0.5414677
 -0.873225  ] | Reward=+0.002 | Cum=-0.009 | Info={'shot_attempted': False, 'pass_attempted': False, 'goal_scored': False, 'goal_team': None, 'ball_out_by': None, 'has_ball': False, 'start_shot_bonus': False, 'start_pass_bonus': False, 'possession_lost': False}

[Step 46] Action=[ 0.9246302   0.28944167  0.91553825  0.          0.         -0.54161465
 -0.8733497 ] | Reward=+0.002 | Cum=-0.006 | Info={'shot_attempted': False, 'pass_attempted': False, 'goal_scored': False, 'goal_team': None, 'ball_out_by': None, 'has_ball': False, 'start_shot_bonus': False, 'start_pass_bonus': False, 'possession_lost': False}

[Step 47] Action=[ 0.9247229   0.28953606  0.91564393  0.          0.         -0.5417617
 -0.87347436] | Reward=+0.003 | Cum=-0.004 | Info={'shot_attempted': False, 'pass_attempted': False, 'goal_scored': False, 'goal_team': None, 'ball_out_by': None, 'has_ball': False, 'start_shot_bonus': False, 'start_pass_bonus': False, 'possession_lost': False}

[Step 48] Action=[ 0.9248155   0.2896303   0.91574943  0.          0.         -0.54190856
 -0.87359893] | Reward=+0.003 | Cum=-0.001 | Info={'shot_attempted': False, 'pass_attempted': False, 'goal_scored': False, 'goal_team': None, 'ball_out_by': None, 'has_ball': False, 'start_shot_bonus': False, 'start_pass_bonus': False, 'possession_lost': False}

[Step 49] Action=[ 0.924908    0.28972477  0.9158549   0.          0.         -0.5420554
 -0.8737234 ] | Reward=+0.003 | Cum=+0.002 | Info={'shot_attempted': False, 'pass_attempted': False, 'goal_scored': False, 'goal_team': None, 'ball_out_by': None, 'has_ball': False, 'start_shot_bonus': False, 'start_pass_bonus': False, 'possession_lost': False}

[Step 50] Action=[ 0.9250003   0.28981945  0.91596013  0.          0.         -0.5422028
 -0.87384766] | Reward=+0.003 | Cum=+0.005 | Info={'shot_attempted': False, 'pass_attempted': False, 'goal_scored': False, 'goal_team': None, 'ball_out_by': None, 'has_ball': False, 'start_shot_bonus': False, 'start_pass_bonus': False, 'possession_lost': False}

[Step 51] Action=[ 0.92509264  0.2899139   0.91606534  0.          0.         -0.5423494
 -0.87397194] | Reward=+0.003 | Cum=+0.008 | Info={'shot_attempted': False, 'pass_attempted': False, 'goal_scored': False, 'goal_team': None, 'ball_out_by': None, 'has_ball': False, 'start_shot_bonus': False, 'start_pass_bonus': False, 'possession_lost': False}

[Step 52] Action=[ 0.9251847   0.29000825  0.91617036  0.          0.         -0.5424964
 -0.874096  ] | Reward=+0.004 | Cum=+0.011 | Info={'shot_attempted': False, 'pass_attempted': False, 'goal_scored': False, 'goal_team': None, 'ball_out_by': None, 'has_ball': False, 'start_shot_bonus': False, 'start_pass_bonus': False, 'possession_lost': False}

[Step 53] Action=[ 0.9252768   0.29010278  0.91627526  0.          0.         -0.5426432
 -0.87422   ] | Reward=+0.004 | Cum=+0.015 | Info={'shot_attempted': False, 'pass_attempted': False, 'goal_scored': False, 'goal_team': None, 'ball_out_by': None, 'has_ball': False, 'start_shot_bonus': False, 'start_pass_bonus': False, 'possession_lost': False}

[Step 54] Action=[ 0.9253688   0.29019699  0.91638005  0.          0.         -0.5427899
 -0.874344  ] | Reward=+0.004 | Cum=+0.018 | Info={'shot_attempted': False, 'pass_attempted': False, 'goal_scored': False, 'goal_team': None, 'ball_out_by': None, 'has_ball': False, 'start_shot_bonus': False, 'start_pass_bonus': False, 'possession_lost': False}

[Step 55] Action=[ 0.9254611   0.2902971   0.91648525  0.          0.         -0.54293776
 -0.8744678 ] | Reward=+0.004 | Cum=+0.022 | Info={'shot_attempted': False, 'pass_attempted': False, 'goal_scored': False, 'goal_team': None, 'ball_out_by': None, 'has_ball': False, 'start_shot_bonus': False, 'start_pass_bonus': False, 'possession_lost': False}

[Step 56] Action=[ 0.92555356  0.29040027  0.9165907   0.          0.         -0.5430862
 -0.8745916 ] | Reward=+0.004 | Cum=+0.026 | Info={'shot_attempted': False, 'pass_attempted': False, 'goal_scored': False, 'goal_team': None, 'ball_out_by': None, 'has_ball': False, 'start_shot_bonus': False, 'start_pass_bonus': False, 'possession_lost': False}

[Step 57] Action=[ 0.92564595  0.29050353  0.916696    0.          0.         -0.5432348
 -0.8747154 ] | Reward=+0.004 | Cum=+0.030 | Info={'shot_attempted': False, 'pass_attempted': False, 'goal_scored': False, 'goal_team': None, 'ball_out_by': None, 'has_ball': False, 'start_shot_bonus': False, 'start_pass_bonus': False, 'possession_lost': False}

[Step 58] Action=[ 0.9257382   0.29060656  0.9168011   0.          0.         -0.54338294
 -0.87483895] | Reward=+0.004 | Cum=+0.034 | Info={'shot_attempted': False, 'pass_attempted': False, 'goal_scored': False, 'goal_team': None, 'ball_out_by': None, 'has_ball': False, 'start_shot_bonus': False, 'start_pass_bonus': False, 'possession_lost': False}

[Step 59] Action=[ 0.9258303   0.29070958  0.9169062   0.          0.         -0.5435314
 -0.87496245] | Reward=+0.004 | Cum=+0.038 | Info={'shot_attempted': False, 'pass_attempted': False, 'goal_scored': False, 'goal_team': None, 'ball_out_by': None, 'has_ball': False, 'start_shot_bonus': False, 'start_pass_bonus': False, 'possession_lost': False}

[Step 60] Action=[ 0.9259224   0.2908125   0.91701114  0.          0.         -0.5436798
 -0.8750859 ] | Reward=+0.004 | Cum=+0.042 | Info={'shot_attempted': False, 'pass_attempted': False, 'goal_scored': False, 'goal_team': None, 'ball_out_by': None, 'has_ball': False, 'start_shot_bonus': False, 'start_pass_bonus': False, 'possession_lost': False}

[Step 61] Action=[ 0.9260143   0.29091606  0.9171159   0.          0.         -0.5438281
 -0.87520915] | Reward=+0.004 | Cum=+0.046 | Info={'shot_attempted': False, 'pass_attempted': False, 'goal_scored': False, 'goal_team': None, 'ball_out_by': None, 'has_ball': False, 'start_shot_bonus': False, 'start_pass_bonus': False, 'possession_lost': False}

[Step 62] Action=[ 0.9261061   0.29101917  0.9172206   0.          0.         -0.5439762
 -0.87533236] | Reward=+0.004 | Cum=+0.050 | Info={'shot_attempted': False, 'pass_attempted': False, 'goal_scored': False, 'goal_team': None, 'ball_out_by': None, 'has_ball': False, 'start_shot_bonus': False, 'start_pass_bonus': False, 'possession_lost': False}

[Step 63] Action=[ 0.9261978   0.29112193  0.9173252   0.          0.         -0.5441249
 -0.8754554 ] | Reward=+0.004 | Cum=+0.055 | Info={'shot_attempted': False, 'pass_attempted': False, 'goal_scored': False, 'goal_team': None, 'ball_out_by': None, 'has_ball': False, 'start_shot_bonus': False, 'start_pass_bonus': False, 'possession_lost': False}

[Step 64] Action=[ 0.92628944  0.29122484  0.9174297   0.          0.         -0.5442728
 -0.8755784 ] | Reward=+0.004 | Cum=+0.059 | Info={'shot_attempted': False, 'pass_attempted': False, 'goal_scored': False, 'goal_team': None, 'ball_out_by': None, 'has_ball': False, 'start_shot_bonus': False, 'start_pass_bonus': False, 'possession_lost': False}

[Step 65] Action=[ 0.926381    0.29132804  0.917534    0.          0.         -0.54442114
 -0.87570125] | Reward=+0.005 | Cum=+0.064 | Info={'shot_attempted': False, 'pass_attempted': False, 'goal_scored': False, 'goal_team': None, 'ball_out_by': None, 'has_ball': False, 'start_shot_bonus': False, 'start_pass_bonus': False, 'possession_lost': False}

[Step 66] Action=[ 0.9264724   0.29143134  0.9176382   0.          0.         -0.54456925
 -0.875824  ] | Reward=+0.005 | Cum=+0.070 | Info={'shot_attempted': False, 'pass_attempted': False, 'goal_scored': False, 'goal_team': None, 'ball_out_by': None, 'has_ball': False, 'start_shot_bonus': False, 'start_pass_bonus': False, 'possession_lost': False}

[Step 67] Action=[ 0.92656374  0.29153422  0.9177423   0.          0.         -0.54471767
 -0.87594664] | Reward=+0.005 | Cum=+0.075 | Info={'shot_attempted': False, 'pass_attempted': False, 'goal_scored': False, 'goal_team': None, 'ball_out_by': None, 'has_ball': False, 'start_shot_bonus': False, 'start_pass_bonus': False, 'possession_lost': False}

[Step 68] Action=[ 0.92665493  0.2916376   0.9178462   0.          0.         -0.5448657
 -0.8760692 ] | Reward=+0.005 | Cum=+0.080 | Info={'shot_attempted': False, 'pass_attempted': False, 'goal_scored': False, 'goal_team': None, 'ball_out_by': None, 'has_ball': False, 'start_shot_bonus': False, 'start_pass_bonus': False, 'possession_lost': False}

[Step 69] Action=[ 0.9267461   0.29174045  0.9179501   0.          0.         -0.5450138
 -0.8761917 ] | Reward=+0.005 | Cum=+0.085 | Info={'shot_attempted': False, 'pass_attempted': False, 'goal_scored': False, 'goal_team': None, 'ball_out_by': None, 'has_ball': False, 'start_shot_bonus': False, 'start_pass_bonus': False, 'possession_lost': False}

[Step 70] Action=[ 0.926837    0.29184374  0.9180538   0.          0.         -0.5451619
 -0.876314  ] | Reward=+0.006 | Cum=+0.091 | Info={'shot_attempted': False, 'pass_attempted': False, 'goal_scored': False, 'goal_team': None, 'ball_out_by': None, 'has_ball': False, 'start_shot_bonus': False, 'start_pass_bonus': False, 'possession_lost': False}

[Step 71] Action=[ 0.92692804  0.29194647  0.9181576   0.          0.         -0.5453104
 -0.87643623] | Reward=+0.006 | Cum=+0.097 | Info={'shot_attempted': False, 'pass_attempted': False, 'goal_scored': False, 'goal_team': None, 'ball_out_by': None, 'has_ball': False, 'start_shot_bonus': False, 'start_pass_bonus': False, 'possession_lost': False}

[Step 72] Action=[ 0.9270191   0.2920481   0.91826147  0.          0.         -0.54545915
 -0.87655866] | Reward=+0.005 | Cum=+0.102 | Info={'shot_attempted': False, 'pass_attempted': False, 'goal_scored': False, 'goal_team': None, 'ball_out_by': None, 'has_ball': False, 'start_shot_bonus': False, 'start_pass_bonus': False, 'possession_lost': False}

[Step 73] Action=[ 0.92711014  0.29215038  0.91836524  0.          0.         -0.54560786
 -0.87668097] | Reward=+0.005 | Cum=+0.107 | Info={'shot_attempted': False, 'pass_attempted': False, 'goal_scored': False, 'goal_team': None, 'ball_out_by': None, 'has_ball': False, 'start_shot_bonus': False, 'start_pass_bonus': False, 'possession_lost': False}

[Step 74] Action=[ 0.9272031   0.29225373  0.91847116  0.          0.         -0.5457594
 -0.87680626] | Reward=+0.005 | Cum=+0.112 | Info={'shot_attempted': False, 'pass_attempted': False, 'goal_scored': False, 'goal_team': None, 'ball_out_by': None, 'has_ball': False, 'start_shot_bonus': False, 'start_pass_bonus': False, 'possession_lost': False}

[Step 75] Action=[ 0.92729443  0.2923561   0.9185752   0.          0.         -0.5459087
 -0.8769291 ] | Reward=+0.006 | Cum=+0.118 | Info={'shot_attempted': False, 'pass_attempted': False, 'goal_scored': False, 'goal_team': None, 'ball_out_by': None, 'has_ball': False, 'start_shot_bonus': False, 'start_pass_bonus': False, 'possession_lost': False}

[Step 76] Action=[ 0.92738557  0.2924588   0.9186791   0.          0.         -0.5460581
 -0.8770518 ] | Reward=+0.006 | Cum=+0.124 | Info={'shot_attempted': False, 'pass_attempted': False, 'goal_scored': False, 'goal_team': None, 'ball_out_by': None, 'has_ball': False, 'start_shot_bonus': False, 'start_pass_bonus': False, 'possession_lost': False}

[Step 77] Action=[ 0.92747664  0.2925606   0.918783    0.          0.         -0.54620755
 -0.8771744 ] | Reward=+0.006 | Cum=+0.130 | Info={'shot_attempted': False, 'pass_attempted': False, 'goal_scored': False, 'goal_team': None, 'ball_out_by': None, 'has_ball': False, 'start_shot_bonus': False, 'start_pass_bonus': False, 'possession_lost': False}

[Step 78] Action=[ 0.9418362   0.29349256  0.93268746  0.          0.         -0.5673692
 -0.89709276] | Reward=+0.006 | Cum=+0.136 | Info={'shot_attempted': False, 'pass_attempted': False, 'goal_scored': False, 'goal_team': None, 'ball_out_by': None, 'has_ball': False, 'start_shot_bonus': False, 'start_pass_bonus': False, 'possession_lost': False}

[Step 79] Action=[ 0.941913    0.29360837  0.9327774   0.          0.         -0.5675246
 -0.897204  ] | Reward=+0.007 | Cum=+0.143 | Info={'shot_attempted': False, 'pass_attempted': False, 'goal_scored': False, 'goal_team': None, 'ball_out_by': None, 'has_ball': False, 'start_shot_bonus': False, 'start_pass_bonus': False, 'possession_lost': False}

[Step 80] Action=[ 0.94191074  0.29360008  0.9327756   0.          0.         -0.56754386
 -0.89721733] | Reward=+0.007 | Cum=+0.150 | Info={'shot_attempted': False, 'pass_attempted': False, 'goal_scored': False, 'goal_team': None, 'ball_out_by': None, 'has_ball': False, 'start_shot_bonus': False, 'start_pass_bonus': False, 'possession_lost': False}

[Step 81] Action=[ 0.94198513  0.2937137   0.9328632   0.          0.         -0.5676962
 -0.897325  ] | Reward=+0.007 | Cum=+0.156 | Info={'shot_attempted': False, 'pass_attempted': False, 'goal_scored': False, 'goal_team': None, 'ball_out_by': None, 'has_ball': False, 'start_shot_bonus': False, 'start_pass_bonus': False, 'possession_lost': False}

[Step 82] Action=[ 0.9420594   0.2938271   0.9329506   0.          0.         -0.5678485
 -0.89743245] | Reward=+0.007 | Cum=+0.163 | Info={'shot_attempted': False, 'pass_attempted': False, 'goal_scored': False, 'goal_team': None, 'ball_out_by': None, 'has_ball': False, 'start_shot_bonus': False, 'start_pass_bonus': False, 'possession_lost': False}

[Step 83] Action=[ 0.9421336   0.29394078  0.93303794  0.          0.         -0.56800044
 -0.8975399 ] | Reward=+0.007 | Cum=+0.170 | Info={'shot_attempted': False, 'pass_attempted': False, 'goal_scored': False, 'goal_team': None, 'ball_out_by': None, 'has_ball': False, 'start_shot_bonus': False, 'start_pass_bonus': False, 'possession_lost': False}

[Step 84] Action=[ 0.9422077   0.29405394  0.9331252   0.          0.         -0.5681525
 -0.8976472 ] | Reward=+0.007 | Cum=+0.177 | Info={'shot_attempted': False, 'pass_attempted': False, 'goal_scored': False, 'goal_team': None, 'ball_out_by': None, 'has_ball': False, 'start_shot_bonus': False, 'start_pass_bonus': False, 'possession_lost': False}

[Step 85] Action=[ 0.9422818   0.2941676   0.93321234  0.          0.         -0.5683045
 -0.89775443] | Reward=+0.007 | Cum=+0.184 | Info={'shot_attempted': False, 'pass_attempted': False, 'goal_scored': False, 'goal_team': None, 'ball_out_by': None, 'has_ball': False, 'start_shot_bonus': False, 'start_pass_bonus': False, 'possession_lost': False}

[Step 86] Action=[ 0.9423557   0.29428118  0.93329936  0.          0.         -0.56845665
 -0.89786166] | Reward=+0.007 | Cum=+0.191 | Info={'shot_attempted': False, 'pass_attempted': False, 'goal_scored': False, 'goal_team': None, 'ball_out_by': None, 'has_ball': False, 'start_shot_bonus': False, 'start_pass_bonus': False, 'possession_lost': False}

[Step 87] Action=[ 0.94242954  0.29439464  0.9333863   0.          0.         -0.56860894
 -0.8979686 ] | Reward=+0.007 | Cum=+0.198 | Info={'shot_attempted': False, 'pass_attempted': False, 'goal_scored': False, 'goal_team': None, 'ball_out_by': None, 'has_ball': False, 'start_shot_bonus': False, 'start_pass_bonus': False, 'possession_lost': False}

[Step 88] Action=[ 0.9425033  0.2945082  0.9334731  0.         0.        -0.568761
 -0.8980756] | Reward=+0.007 | Cum=+0.204 | Info={'shot_attempted': False, 'pass_attempted': False, 'goal_scored': False, 'goal_team': None, 'ball_out_by': None, 'has_ball': False, 'start_shot_bonus': False, 'start_pass_bonus': False, 'possession_lost': False}

[Step 89] Action=[ 0.942577    0.29462197  0.93355983  0.          0.         -0.568913
 -0.89818245] | Reward=+0.007 | Cum=+0.212 | Info={'shot_attempted': False, 'pass_attempted': False, 'goal_scored': False, 'goal_team': None, 'ball_out_by': None, 'has_ball': False, 'start_shot_bonus': False, 'start_pass_bonus': False, 'possession_lost': False}

[Step 90] Action=[ 0.9426506   0.29473507  0.93364644  0.          0.         -0.569065
 -0.89828914] | Reward=+0.007 | Cum=+0.219 | Info={'shot_attempted': False, 'pass_attempted': False, 'goal_scored': False, 'goal_team': None, 'ball_out_by': None, 'has_ball': False, 'start_shot_bonus': False, 'start_pass_bonus': False, 'possession_lost': False}

[Step 91] Action=[ 0.9427241   0.29484904  0.9337329   0.          0.         -0.5692168
 -0.8983957 ] | Reward=+0.007 | Cum=+0.226 | Info={'shot_attempted': False, 'pass_attempted': False, 'goal_scored': False, 'goal_team': None, 'ball_out_by': None, 'has_ball': False, 'start_shot_bonus': False, 'start_pass_bonus': False, 'possession_lost': False}

[Step 92] Action=[ 0.9427975   0.29496267  0.93381935  0.          0.         -0.56936866
 -0.8985023 ] | Reward=+0.007 | Cum=+0.234 | Info={'shot_attempted': False, 'pass_attempted': False, 'goal_scored': False, 'goal_team': None, 'ball_out_by': None, 'has_ball': False, 'start_shot_bonus': False, 'start_pass_bonus': False, 'possession_lost': False}

[Step 93] Action=[ 0.9428708   0.29507595  0.9339057   0.          0.         -0.5695206
 -0.8986087 ] | Reward=+0.008 | Cum=+0.242 | Info={'shot_attempted': False, 'pass_attempted': False, 'goal_scored': False, 'goal_team': None, 'ball_out_by': None, 'has_ball': False, 'start_shot_bonus': False, 'start_pass_bonus': False, 'possession_lost': False}

[Step 94] Action=[ 0.9429441   0.29518935  0.9339919   0.          0.         -0.56967276
 -0.898715  ] | Reward=+0.008 | Cum=+0.250 | Info={'shot_attempted': False, 'pass_attempted': False, 'goal_scored': False, 'goal_team': None, 'ball_out_by': None, 'has_ball': False, 'start_shot_bonus': False, 'start_pass_bonus': False, 'possession_lost': False}

[Step 95] Action=[ 0.94301724  0.29530308  0.934078    0.          0.         -0.56982434
 -0.8988213 ] | Reward=+0.008 | Cum=+0.258 | Info={'shot_attempted': False, 'pass_attempted': False, 'goal_scored': False, 'goal_team': None, 'ball_out_by': None, 'has_ball': False, 'start_shot_bonus': False, 'start_pass_bonus': False, 'possession_lost': False}

[Step 96] Action=[ 0.9430903   0.29541636  0.93416405  0.          0.         -0.56997633
 -0.8989274 ] | Reward=+0.008 | Cum=+0.266 | Info={'shot_attempted': False, 'pass_attempted': False, 'goal_scored': False, 'goal_team': None, 'ball_out_by': None, 'has_ball': False, 'start_shot_bonus': False, 'start_pass_bonus': False, 'possession_lost': False}

[Step 97] Action=[ 0.9431633   0.2955296   0.93424994  0.          0.         -0.570128
 -0.8990335 ] | Reward=+0.008 | Cum=+0.274 | Info={'shot_attempted': False, 'pass_attempted': False, 'goal_scored': False, 'goal_team': None, 'ball_out_by': None, 'has_ball': False, 'start_shot_bonus': False, 'start_pass_bonus': False, 'possession_lost': False}

[Step 98] Action=[ 0.9432362   0.29564342  0.9343357   0.          0.         -0.5702799
 -0.89913934] | Reward=+0.009 | Cum=+0.283 | Info={'shot_attempted': False, 'pass_attempted': False, 'goal_scored': False, 'goal_team': None, 'ball_out_by': None, 'has_ball': False, 'start_shot_bonus': False, 'start_pass_bonus': False, 'possession_lost': False}

[Step 99] Action=[ 0.94330895  0.29575688  0.9344214   0.          0.         -0.57043165
 -0.8992452 ] | Reward=+0.009 | Cum=+0.292 | Info={'shot_attempted': False, 'pass_attempted': False, 'goal_scored': False, 'goal_team': None, 'ball_out_by': None, 'has_ball': False, 'start_shot_bonus': False, 'start_pass_bonus': False, 'possession_lost': False}

[Step 100] Action=[ 0.9433824   0.29587272  0.93450797  0.          0.         -0.5705855
 -0.89935195] | Reward=+0.009 | Cum=+0.301 | Info={'shot_attempted': False, 'pass_attempted': False, 'goal_scored': False, 'goal_team': None, 'ball_out_by': None, 'has_ball': False, 'start_shot_bonus': False, 'start_pass_bonus': False, 'possession_lost': False}

[Step 101] Action=[ 0.9434558  0.2959877  0.9345946  0.         0.        -0.5707397
 -0.8994589] | Reward=+0.008 | Cum=+0.309 | Info={'shot_attempted': False, 'pass_attempted': False, 'goal_scored': False, 'goal_team': None, 'ball_out_by': None, 'has_ball': False, 'start_shot_bonus': False, 'start_pass_bonus': False, 'possession_lost': False}

[Step 102] Action=[ 0.9435291   0.2961035   0.9346811   0.          0.         -0.5708941
 -0.89956564] | Reward=+0.008 | Cum=+0.317 | Info={'shot_attempted': False, 'pass_attempted': False, 'goal_scored': False, 'goal_team': None, 'ball_out_by': None, 'has_ball': False, 'start_shot_bonus': False, 'start_pass_bonus': False, 'possession_lost': False}

[Step 103] Action=[ 0.94360244  0.29621923  0.9347674   0.          0.         -0.5710481
 -0.8996722 ] | Reward=+0.009 | Cum=+0.325 | Info={'shot_attempted': False, 'pass_attempted': False, 'goal_scored': False, 'goal_team': None, 'ball_out_by': None, 'has_ball': False, 'start_shot_bonus': False, 'start_pass_bonus': False, 'possession_lost': False}

[Step 104] Action=[ 0.9436756  0.2963345  0.9348538  0.         0.        -0.5712022
 -0.8997787] | Reward=+0.009 | Cum=+0.334 | Info={'shot_attempted': False, 'pass_attempted': False, 'goal_scored': False, 'goal_team': None, 'ball_out_by': None, 'has_ball': False, 'start_shot_bonus': False, 'start_pass_bonus': False, 'possession_lost': False}

[Step 105] Action=[ 0.94374853  0.29644975  0.93493974  0.          0.         -0.5713561
 -0.89988506] | Reward=+0.009 | Cum=+0.343 | Info={'shot_attempted': False, 'pass_attempted': False, 'goal_scored': False, 'goal_team': None, 'ball_out_by': None, 'has_ball': False, 'start_shot_bonus': False, 'start_pass_bonus': False, 'possession_lost': False}

[Step 106] Action=[ 0.9438215   0.29656556  0.9350258   0.          0.         -0.57151026
 -0.89999133] | Reward=+0.009 | Cum=+0.351 | Info={'shot_attempted': False, 'pass_attempted': False, 'goal_scored': False, 'goal_team': None, 'ball_out_by': None, 'has_ball': False, 'start_shot_bonus': False, 'start_pass_bonus': False, 'possession_lost': False}

[Step 107] Action=[ 0.9438943   0.2966809   0.93511176  0.          0.         -0.5716642
 -0.9000974 ] | Reward=+0.009 | Cum=+0.361 | Info={'shot_attempted': False, 'pass_attempted': False, 'goal_scored': False, 'goal_team': None, 'ball_out_by': None, 'has_ball': False, 'start_shot_bonus': False, 'start_pass_bonus': False, 'possession_lost': False}

[Step 108] Action=[ 0.94396716  0.2967966   0.9351976   0.          0.         -0.57181805
 -0.9002036 ] | Reward=+0.009 | Cum=+0.370 | Info={'shot_attempted': False, 'pass_attempted': False, 'goal_scored': False, 'goal_team': None, 'ball_out_by': None, 'has_ball': False, 'start_shot_bonus': False, 'start_pass_bonus': False, 'possession_lost': False}

[Step 109] Action=[ 0.9440398   0.29691225  0.9352833   0.          0.         -0.57197237
 -0.90030956] | Reward=+0.009 | Cum=+0.379 | Info={'shot_attempted': False, 'pass_attempted': False, 'goal_scored': False, 'goal_team': None, 'ball_out_by': None, 'has_ball': False, 'start_shot_bonus': False, 'start_pass_bonus': False, 'possession_lost': False}

[Step 110] Action=[ 0.9441125   0.29702756  0.93536896  0.          0.         -0.5721262
 -0.90041536] | Reward=+0.009 | Cum=+0.389 | Info={'shot_attempted': False, 'pass_attempted': False, 'goal_scored': False, 'goal_team': None, 'ball_out_by': None, 'has_ball': False, 'start_shot_bonus': False, 'start_pass_bonus': False, 'possession_lost': False}

[Step 111] Action=[ 0.94418496  0.29714298  0.9354545   0.          0.         -0.57228017
 -0.90052116] | Reward=+0.009 | Cum=+0.398 | Info={'shot_attempted': False, 'pass_attempted': False, 'goal_scored': False, 'goal_team': None, 'ball_out_by': None, 'has_ball': False, 'start_shot_bonus': False, 'start_pass_bonus': False, 'possession_lost': False}

[Step 112] Action=[ 0.9442574   0.2972584   0.93553984  0.          0.         -0.57243407
 -0.9006269 ] | Reward=+0.010 | Cum=+0.408 | Info={'shot_attempted': False, 'pass_attempted': False, 'goal_scored': False, 'goal_team': None, 'ball_out_by': None, 'has_ball': False, 'start_shot_bonus': False, 'start_pass_bonus': False, 'possession_lost': False}

[Step 113] Action=[ 0.9443297   0.29737416  0.9356252   0.          0.         -0.5725879
 -0.90073246] | Reward=+0.010 | Cum=+0.418 | Info={'shot_attempted': False, 'pass_attempted': False, 'goal_scored': False, 'goal_team': None, 'ball_out_by': None, 'has_ball': False, 'start_shot_bonus': False, 'start_pass_bonus': False, 'possession_lost': False}

[Step 114] Action=[ 0.944402    0.29748967  0.93571043  0.          0.         -0.57274175
 -0.90083796] | Reward=+0.010 | Cum=+0.428 | Info={'shot_attempted': False, 'pass_attempted': False, 'goal_scored': False, 'goal_team': None, 'ball_out_by': None, 'has_ball': False, 'start_shot_bonus': False, 'start_pass_bonus': False, 'possession_lost': False}

[Step 115] Action=[ 0.94447416  0.29760516  0.93579555  0.          0.         -0.57289565
 -0.90094334] | Reward=+0.009 | Cum=+0.437 | Info={'shot_attempted': False, 'pass_attempted': False, 'goal_scored': False, 'goal_team': None, 'ball_out_by': None, 'has_ball': False, 'start_shot_bonus': False, 'start_pass_bonus': False, 'possession_lost': False}

[Step 116] Action=[ 0.9445463   0.29772064  0.93588054  0.          0.         -0.5730495
 -0.9010486 ] | Reward=+0.009 | Cum=+0.446 | Info={'shot_attempted': False, 'pass_attempted': False, 'goal_scored': False, 'goal_team': None, 'ball_out_by': None, 'has_ball': False, 'start_shot_bonus': False, 'start_pass_bonus': False, 'possession_lost': False}

[Step 117] Action=[ 0.9446182   0.29783604  0.9359654   0.          0.         -0.5732032
 -0.9011538 ] | Reward=+0.010 | Cum=+0.456 | Info={'shot_attempted': False, 'pass_attempted': False, 'goal_scored': False, 'goal_team': None, 'ball_out_by': None, 'has_ball': False, 'start_shot_bonus': False, 'start_pass_bonus': False, 'possession_lost': False}

[Step 118] Action=[ 0.94469017  0.2979516   0.93605024  0.          0.         -0.5733566
 -0.9012589 ] | Reward=+0.010 | Cum=+0.466 | Info={'shot_attempted': False, 'pass_attempted': False, 'goal_scored': False, 'goal_team': None, 'ball_out_by': None, 'has_ball': False, 'start_shot_bonus': False, 'start_pass_bonus': False, 'possession_lost': False}

[Step 119] Action=[ 0.944762    0.2980673   0.93613493  0.          0.         -0.57351017
 -0.9013639 ] | Reward=+0.010 | Cum=+0.476 | Info={'shot_attempted': False, 'pass_attempted': False, 'goal_scored': False, 'goal_team': None, 'ball_out_by': None, 'has_ball': False, 'start_shot_bonus': False, 'start_pass_bonus': False, 'possession_lost': False}

[Step 120] Action=[ 0.94483376  0.29818285  0.9362195   0.          0.         -0.573664
 -0.90146875] | Reward=+0.010 | Cum=+0.486 | Info={'shot_attempted': False, 'pass_attempted': False, 'goal_scored': False, 'goal_team': None, 'ball_out_by': None, 'has_ball': False, 'start_shot_bonus': False, 'start_pass_bonus': False, 'possession_lost': False}

[Step 121] Action=[ 0.9449054   0.2982982   0.93630403  0.          0.         -0.57381785
 -0.90157354] | Reward=+0.010 | Cum=+0.496 | Info={'shot_attempted': False, 'pass_attempted': False, 'goal_scored': False, 'goal_team': None, 'ball_out_by': None, 'has_ball': False, 'start_shot_bonus': False, 'start_pass_bonus': False, 'possession_lost': False}

[Step 122] Action=[ 0.944977    0.29841375  0.93638843  0.          0.         -0.5739714
 -0.90167826] | Reward=+0.010 | Cum=+0.506 | Info={'shot_attempted': False, 'pass_attempted': False, 'goal_scored': False, 'goal_team': None, 'ball_out_by': None, 'has_ball': False, 'start_shot_bonus': False, 'start_pass_bonus': False, 'possession_lost': False}

[Step 123] Action=[ 0.94504845  0.29852918  0.9364727   0.          0.         -0.57412493
 -0.9017828 ] | Reward=+0.010 | Cum=+0.517 | Info={'shot_attempted': False, 'pass_attempted': False, 'goal_scored': False, 'goal_team': None, 'ball_out_by': None, 'has_ball': False, 'start_shot_bonus': False, 'start_pass_bonus': False, 'possession_lost': False}

[Step 124] Action=[ 0.94511986  0.2986447   0.9365569   0.          0.         -0.57427824
 -0.9018873 ] | Reward=+0.010 | Cum=+0.527 | Info={'shot_attempted': False, 'pass_attempted': False, 'goal_scored': False, 'goal_team': None, 'ball_out_by': None, 'has_ball': False, 'start_shot_bonus': False, 'start_pass_bonus': False, 'possession_lost': False}

[Step 125] Action=[ 0.9451912   0.29876032  0.936641    0.          0.         -0.57443184
 -0.9019917 ] | Reward=+0.010 | Cum=+0.538 | Info={'shot_attempted': False, 'pass_attempted': False, 'goal_scored': False, 'goal_team': None, 'ball_out_by': None, 'has_ball': False, 'start_shot_bonus': False, 'start_pass_bonus': False, 'possession_lost': False}

[Step 126] Action=[ 0.94526243  0.2988755   0.93672496  0.          0.         -0.57458544
 -0.902096  ] | Reward=+0.011 | Cum=+0.549 | Info={'shot_attempted': False, 'pass_attempted': False, 'goal_scored': False, 'goal_team': None, 'ball_out_by': None, 'has_ball': False, 'start_shot_bonus': False, 'start_pass_bonus': False, 'possession_lost': False}

[Step 127] Action=[ 0.94533354  0.29899123  0.9368088   0.          0.         -0.5747387
 -0.9022002 ] | Reward=+0.011 | Cum=+0.560 | Info={'shot_attempted': False, 'pass_attempted': False, 'goal_scored': False, 'goal_team': None, 'ball_out_by': None, 'has_ball': False, 'start_shot_bonus': False, 'start_pass_bonus': False, 'possession_lost': False}

[Step 128] Action=[ 0.9454046   0.29910684  0.9368926   0.          0.         -0.5748923
 -0.9023043 ] | Reward=+0.011 | Cum=+0.571 | Info={'shot_attempted': False, 'pass_attempted': False, 'goal_scored': False, 'goal_team': None, 'ball_out_by': None, 'has_ball': False, 'start_shot_bonus': False, 'start_pass_bonus': False, 'possession_lost': False}

[Step 129] Action=[ 0.9454756   0.29922232  0.93697625  0.          0.         -0.5750455
 -0.9024083 ] | Reward=+0.010 | Cum=+0.581 | Info={'shot_attempted': False, 'pass_attempted': False, 'goal_scored': False, 'goal_team': None, 'ball_out_by': None, 'has_ball': False, 'start_shot_bonus': False, 'start_pass_bonus': False, 'possession_lost': False}

[Step 130] Action=[ 0.9455465   0.2993378   0.9370599   0.          0.         -0.5751988
 -0.90251225] | Reward=+0.010 | Cum=+0.591 | Info={'shot_attempted': False, 'pass_attempted': False, 'goal_scored': False, 'goal_team': None, 'ball_out_by': None, 'has_ball': False, 'start_shot_bonus': False, 'start_pass_bonus': False, 'possession_lost': False}

[Step 131] Action=[ 0.94561726  0.29945338  0.93714327  0.          0.         -0.57535225
 -0.90261596] | Reward=+0.011 | Cum=+0.602 | Info={'shot_attempted': False, 'pass_attempted': False, 'goal_scored': False, 'goal_team': None, 'ball_out_by': None, 'has_ball': False, 'start_shot_bonus': False, 'start_pass_bonus': False, 'possession_lost': False}

[Step 132] Action=[ 0.9456881   0.29956928  0.9372267   0.          0.         -0.5755051
 -0.9027201 ] | Reward=+0.011 | Cum=+0.612 | Info={'shot_attempted': False, 'pass_attempted': False, 'goal_scored': False, 'goal_team': None, 'ball_out_by': None, 'has_ball': False, 'start_shot_bonus': False, 'start_pass_bonus': False, 'possession_lost': False}

[Step 133] Action=[ 0.94575906  0.29968572  0.93731004  0.          0.         -0.5756576
 -0.90282464] | Reward=+0.011 | Cum=+0.623 | Info={'shot_attempted': False, 'pass_attempted': False, 'goal_scored': False, 'goal_team': None, 'ball_out_by': None, 'has_ball': False, 'start_shot_bonus': False, 'start_pass_bonus': False, 'possession_lost': False}

[Step 134] Action=[ 0.94582987  0.29980236  0.93739325  0.          0.         -0.57581025
 -0.90292907] | Reward=+0.011 | Cum=+0.634 | Info={'shot_attempted': False, 'pass_attempted': False, 'goal_scored': False, 'goal_team': None, 'ball_out_by': None, 'has_ball': False, 'start_shot_bonus': False, 'start_pass_bonus': False, 'possession_lost': False}

[Step 135] Action=[ 0.9459006  0.2999191  0.9374764  0.         0.        -0.5759623
 -0.9030335] | Reward=+0.011 | Cum=+0.645 | Info={'shot_attempted': False, 'pass_attempted': False, 'goal_scored': False, 'goal_team': None, 'ball_out_by': None, 'has_ball': False, 'start_shot_bonus': False, 'start_pass_bonus': False, 'possession_lost': False}

[Step 136] Action=[ 0.94597125  0.30003572  0.9375595   0.          0.         -0.576115
 -0.9031377 ] | Reward=+0.011 | Cum=+0.656 | Info={'shot_attempted': False, 'pass_attempted': False, 'goal_scored': False, 'goal_team': None, 'ball_out_by': None, 'has_ball': False, 'start_shot_bonus': False, 'start_pass_bonus': False, 'possession_lost': False}

[Step 137] Action=[ 0.94604176  0.30015263  0.9376424   0.          0.         -0.57626754
 -0.90324175] | Reward=+0.011 | Cum=+0.668 | Info={'shot_attempted': False, 'pass_attempted': False, 'goal_scored': False, 'goal_team': None, 'ball_out_by': None, 'has_ball': False, 'start_shot_bonus': False, 'start_pass_bonus': False, 'possession_lost': False}

[Step 138] Action=[ 0.9461123   0.30026925  0.9377252   0.          0.         -0.5764197
 -0.9033458 ] | Reward=+0.011 | Cum=+0.679 | Info={'shot_attempted': False, 'pass_attempted': False, 'goal_scored': False, 'goal_team': None, 'ball_out_by': None, 'has_ball': False, 'start_shot_bonus': False, 'start_pass_bonus': False, 'possession_lost': False}

[Step 139] Action=[ 0.94618267  0.30038595  0.937808    0.          0.         -0.5765722
 -0.9034498 ] | Reward=+0.011 | Cum=+0.690 | Info={'shot_attempted': False, 'pass_attempted': False, 'goal_scored': False, 'goal_team': None, 'ball_out_by': None, 'has_ball': False, 'start_shot_bonus': False, 'start_pass_bonus': False, 'possession_lost': False}

[Step 140] Action=[ 0.946253    0.3005025   0.9378905   0.          0.         -0.57672447
 -0.9035536 ] | Reward=+0.012 | Cum=+0.702 | Info={'shot_attempted': False, 'pass_attempted': False, 'goal_scored': False, 'goal_team': None, 'ball_out_by': None, 'has_ball': False, 'start_shot_bonus': False, 'start_pass_bonus': False, 'possession_lost': False}

[Step 141] Action=[ 0.9463232   0.3006195   0.9379731   0.          0.         -0.57687664
 -0.9036573 ] | Reward=+0.012 | Cum=+0.714 | Info={'shot_attempted': False, 'pass_attempted': False, 'goal_scored': False, 'goal_team': None, 'ball_out_by': None, 'has_ball': False, 'start_shot_bonus': False, 'start_pass_bonus': False, 'possession_lost': False}

[Step 142] Action=[ 0.9463934   0.30073598  0.9380555   0.          0.         -0.57702875
 -0.90376097] | Reward=+0.012 | Cum=+0.726 | Info={'shot_attempted': False, 'pass_attempted': False, 'goal_scored': False, 'goal_team': None, 'ball_out_by': None, 'has_ball': False, 'start_shot_bonus': False, 'start_pass_bonus': False, 'possession_lost': False}

[Step 143] Action=[ 0.9464634   0.30085266  0.9381378   0.          0.         -0.577181
 -0.90386444] | Reward=+0.011 | Cum=+0.737 | Info={'shot_attempted': False, 'pass_attempted': False, 'goal_scored': False, 'goal_team': None, 'ball_out_by': None, 'has_ball': False, 'start_shot_bonus': False, 'start_pass_bonus': False, 'possession_lost': False}

[Step 144] Action=[ 0.9465334   0.3009693   0.93822     0.          0.         -0.57733345
 -0.90396786] | Reward=+0.011 | Cum=+0.748 | Info={'shot_attempted': False, 'pass_attempted': False, 'goal_scored': False, 'goal_team': None, 'ball_out_by': None, 'has_ball': False, 'start_shot_bonus': False, 'start_pass_bonus': False, 'possession_lost': False}

[Step 145] Action=[ 0.9466033   0.30108595  0.93830216  0.          0.         -0.57748544
 -0.9040712 ] | Reward=+0.011 | Cum=+0.760 | Info={'shot_attempted': False, 'pass_attempted': False, 'goal_scored': False, 'goal_team': None, 'ball_out_by': None, 'has_ball': False, 'start_shot_bonus': False, 'start_pass_bonus': False, 'possession_lost': False}

[Step 146] Action=[ 0.94667304  0.3012028   0.9383842   0.          0.         -0.5776376
 -0.90417445] | Reward=+0.011 | Cum=+0.771 | Info={'shot_attempted': False, 'pass_attempted': False, 'goal_scored': False, 'goal_team': None, 'ball_out_by': None, 'has_ball': False, 'start_shot_bonus': False, 'start_pass_bonus': False, 'possession_lost': False}

[Step 147] Action=[ 0.9467427   0.30131954  0.93846613  0.          0.         -0.57778966
 -0.9042777 ] | Reward=+0.011 | Cum=+0.782 | Info={'shot_attempted': False, 'pass_attempted': False, 'goal_scored': False, 'goal_team': None, 'ball_out_by': None, 'has_ball': False, 'start_shot_bonus': False, 'start_pass_bonus': False, 'possession_lost': False}

[Step 148] Action=[ 0.94681233  0.30143604  0.93854797  0.          0.         -0.57794183
 -0.9043806 ] | Reward=+0.011 | Cum=+0.794 | Info={'shot_attempted': False, 'pass_attempted': False, 'goal_scored': False, 'goal_team': None, 'ball_out_by': None, 'has_ball': False, 'start_shot_bonus': False, 'start_pass_bonus': False, 'possession_lost': False}

[Step 149] Action=[ 0.9468819   0.30155286  0.9386297   0.          0.         -0.57809395
 -0.90448356] | Reward=+0.012 | Cum=+0.806 | Info={'shot_attempted': False, 'pass_attempted': False, 'goal_scored': False, 'goal_team': None, 'ball_out_by': None, 'has_ball': False, 'start_shot_bonus': False, 'start_pass_bonus': False, 'possession_lost': False}

[Step 150] Action=[ 0.9469514   0.30166936  0.9387113   0.          0.         -0.57824576
 -0.90458643] | Reward=+0.012 | Cum=+0.817 | Info={'shot_attempted': False, 'pass_attempted': False, 'goal_scored': False, 'goal_team': None, 'ball_out_by': None, 'has_ball': False, 'start_shot_bonus': False, 'start_pass_bonus': False, 'possession_lost': False}

[Step 151] Action=[ 0.94702077  0.30178595  0.9387928   0.          0.         -0.5783977
 -0.90468925] | Reward=+0.012 | Cum=+0.829 | Info={'shot_attempted': False, 'pass_attempted': False, 'goal_scored': False, 'goal_team': None, 'ball_out_by': None, 'has_ball': False, 'start_shot_bonus': False, 'start_pass_bonus': False, 'possession_lost': False}

[Step 152] Action=[ 0.9470901   0.30190253  0.9388743   0.          0.         -0.5785498
 -0.90479183] | Reward=+0.012 | Cum=+0.841 | Info={'shot_attempted': False, 'pass_attempted': False, 'goal_scored': False, 'goal_team': None, 'ball_out_by': None, 'has_ball': False, 'start_shot_bonus': False, 'start_pass_bonus': False, 'possession_lost': False}

[Step 153] Action=[ 0.9471593   0.30201966  0.93895555  0.          0.         -0.57870173
 -0.90489435] | Reward=+0.012 | Cum=+0.853 | Info={'shot_attempted': False, 'pass_attempted': False, 'goal_scored': False, 'goal_team': None, 'ball_out_by': None, 'has_ball': False, 'start_shot_bonus': False, 'start_pass_bonus': False, 'possession_lost': False}

[Step 154] Action=[ 0.94722843  0.30213654  0.9390368   0.          0.         -0.57885337
 -0.9049968 ] | Reward=+0.012 | Cum=+0.866 | Info={'shot_attempted': False, 'pass_attempted': False, 'goal_scored': False, 'goal_team': None, 'ball_out_by': None, 'has_ball': False, 'start_shot_bonus': False, 'start_pass_bonus': False, 'possession_lost': False}

[Step 155] Action=[ 0.94729745  0.30225277  0.93911797  0.          0.         -0.57900536
 -0.9050991 ] | Reward=+0.012 | Cum=+0.878 | Info={'shot_attempted': False, 'pass_attempted': False, 'goal_scored': False, 'goal_team': None, 'ball_out_by': None, 'has_ball': False, 'start_shot_bonus': False, 'start_pass_bonus': False, 'possession_lost': False}

[Step 156] Action=[ 0.9473665   0.30236942  0.939199    0.          0.         -0.5791573
 -0.9052014 ] | Reward=+0.012 | Cum=+0.890 | Info={'shot_attempted': False, 'pass_attempted': False, 'goal_scored': False, 'goal_team': None, 'ball_out_by': None, 'has_ball': False, 'start_shot_bonus': False, 'start_pass_bonus': False, 'possession_lost': False}

[Step 157] Action=[ 0.9474353   0.30248618  0.9392799   0.          0.         -0.57930905
 -0.90530354] | Reward=+0.011 | Cum=+0.902 | Info={'shot_attempted': False, 'pass_attempted': False, 'goal_scored': False, 'goal_team': None, 'ball_out_by': None, 'has_ball': False, 'start_shot_bonus': False, 'start_pass_bonus': False, 'possession_lost': False}

[Step 158] Action=[ 0.9475041   0.30260292  0.93936074  0.          0.         -0.5794607
 -0.9054055 ] | Reward=+0.012 | Cum=+0.913 | Info={'shot_attempted': False, 'pass_attempted': False, 'goal_scored': False, 'goal_team': None, 'ball_out_by': None, 'has_ball': False, 'start_shot_bonus': False, 'start_pass_bonus': False, 'possession_lost': False}

[Step 159] Action=[ 0.9475728   0.30271932  0.9394415   0.          0.         -0.5796126
 -0.9055075 ] | Reward=+0.012 | Cum=+0.925 | Info={'shot_attempted': False, 'pass_attempted': False, 'goal_scored': False, 'goal_team': None, 'ball_out_by': None, 'has_ball': False, 'start_shot_bonus': False, 'start_pass_bonus': False, 'possession_lost': False}

[Step 160] Action=[ 0.9476415   0.30283627  0.9395221   0.          0.         -0.5797643
 -0.90560937] | Reward=+0.012 | Cum=+0.937 | Info={'shot_attempted': False, 'pass_attempted': False, 'goal_scored': False, 'goal_team': None, 'ball_out_by': None, 'has_ball': False, 'start_shot_bonus': False, 'start_pass_bonus': False, 'possession_lost': False}

[Step 161] Action=[ 0.94771    0.3029529  0.9396027  0.         0.        -0.5799161
 -0.9057111] | Reward=+0.012 | Cum=+0.949 | Info={'shot_attempted': False, 'pass_attempted': False, 'goal_scored': False, 'goal_team': None, 'ball_out_by': None, 'has_ball': False, 'start_shot_bonus': False, 'start_pass_bonus': False, 'possession_lost': False}

[Step 162] Action=[ 0.9477785   0.30306938  0.93968314  0.          0.         -0.5800676
 -0.9058128 ] | Reward=+0.012 | Cum=+0.961 | Info={'shot_attempted': False, 'pass_attempted': False, 'goal_scored': False, 'goal_team': None, 'ball_out_by': None, 'has_ball': False, 'start_shot_bonus': False, 'start_pass_bonus': False, 'possession_lost': False}

[Step 163] Action=[ 0.94784683  0.3031863   0.9397634   0.          0.         -0.58021927
 -0.90591437] | Reward=+0.012 | Cum=+0.973 | Info={'shot_attempted': False, 'pass_attempted': False, 'goal_scored': False, 'goal_team': None, 'ball_out_by': None, 'has_ball': False, 'start_shot_bonus': False, 'start_pass_bonus': False, 'possession_lost': False}

[Step 164] Action=[ 0.94791514  0.3033031   0.93984365  0.          0.         -0.58037084
 -0.9060159 ] | Reward=+0.012 | Cum=+0.985 | Info={'shot_attempted': False, 'pass_attempted': False, 'goal_scored': False, 'goal_team': None, 'ball_out_by': None, 'has_ball': False, 'start_shot_bonus': False, 'start_pass_bonus': False, 'possession_lost': False}

[Step 165] Action=[ 0.9479834   0.30341956  0.9399238   0.          0.         -0.5805225
 -0.90611714] | Reward=+0.012 | Cum=+0.997 | Info={'shot_attempted': False, 'pass_attempted': False, 'goal_scored': False, 'goal_team': None, 'ball_out_by': None, 'has_ball': False, 'start_shot_bonus': False, 'start_pass_bonus': False, 'possession_lost': False}

[Step 166] Action=[ 0.94805145  0.30353624  0.94000393  0.          0.         -0.580674
 -0.90621847] | Reward=+0.012 | Cum=+1.010 | Info={'shot_attempted': False, 'pass_attempted': False, 'goal_scored': False, 'goal_team': None, 'ball_out_by': None, 'has_ball': False, 'start_shot_bonus': False, 'start_pass_bonus': False, 'possession_lost': False}

[Step 167] Action=[ 0.9481195   0.3036529   0.94008386  0.          0.         -0.5808258
 -0.9063196 ] | Reward=+0.012 | Cum=+1.022 | Info={'shot_attempted': False, 'pass_attempted': False, 'goal_scored': False, 'goal_team': None, 'ball_out_by': None, 'has_ball': False, 'start_shot_bonus': False, 'start_pass_bonus': False, 'possession_lost': False}

[Step 168] Action=[ 0.94818753  0.30376956  0.9401637   0.          0.         -0.580977
 -0.9064207 ] | Reward=+0.013 | Cum=+1.034 | Info={'shot_attempted': False, 'pass_attempted': False, 'goal_scored': False, 'goal_team': None, 'ball_out_by': None, 'has_ball': False, 'start_shot_bonus': False, 'start_pass_bonus': False, 'possession_lost': False}

[Step 169] Action=[ 0.9482554  0.3038862  0.9402434  0.         0.        -0.5811286
 -0.9065217] | Reward=+0.013 | Cum=+1.047 | Info={'shot_attempted': False, 'pass_attempted': False, 'goal_scored': False, 'goal_team': None, 'ball_out_by': None, 'has_ball': False, 'start_shot_bonus': False, 'start_pass_bonus': False, 'possession_lost': False}

[Step 170] Action=[ 0.94832325  0.30400315  0.94032305  0.          0.         -0.5812798
 -0.9066225 ] | Reward=+0.013 | Cum=+1.060 | Info={'shot_attempted': False, 'pass_attempted': False, 'goal_scored': False, 'goal_team': None, 'ball_out_by': None, 'has_ball': False, 'start_shot_bonus': False, 'start_pass_bonus': False, 'possession_lost': False}

[Step 171] Action=[ 0.94839096  0.30411956  0.9404027   0.          0.         -0.5814313
 -0.9067233 ] | Reward=+0.011 | Cum=+1.071 | Info={'shot_attempted': False, 'pass_attempted': False, 'goal_scored': False, 'goal_team': None, 'ball_out_by': None, 'has_ball': False, 'start_shot_bonus': False, 'start_pass_bonus': False, 'possession_lost': False}

[Step 172] Action=[ 0.94845855  0.30423617  0.94048214  0.          0.         -0.5815829
 -0.906824  ] | Reward=+0.012 | Cum=+1.083 | Info={'shot_attempted': False, 'pass_attempted': False, 'goal_scored': False, 'goal_team': None, 'ball_out_by': None, 'has_ball': False, 'start_shot_bonus': False, 'start_pass_bonus': False, 'possession_lost': False}

[Step 173] Action=[ 0.9485262   0.3043529   0.9405615   0.          0.         -0.58173424
 -0.9069246 ] | Reward=+0.012 | Cum=+1.095 | Info={'shot_attempted': False, 'pass_attempted': False, 'goal_scored': False, 'goal_team': None, 'ball_out_by': None, 'has_ball': False, 'start_shot_bonus': False, 'start_pass_bonus': False, 'possession_lost': False}

[Step 174] Action=[ 0.9485936   0.3044695   0.94064075  0.          0.         -0.5818856
 -0.90702504] | Reward=+0.012 | Cum=+1.107 | Info={'shot_attempted': False, 'pass_attempted': False, 'goal_scored': False, 'goal_team': None, 'ball_out_by': None, 'has_ball': False, 'start_shot_bonus': False, 'start_pass_bonus': False, 'possession_lost': False}

[Step 175] Action=[ 0.948661    0.30458608  0.9407199   0.          0.         -0.5820367
 -0.9071255 ] | Reward=+0.012 | Cum=+1.119 | Info={'shot_attempted': False, 'pass_attempted': False, 'goal_scored': False, 'goal_team': None, 'ball_out_by': None, 'has_ball': False, 'start_shot_bonus': False, 'start_pass_bonus': False, 'possession_lost': False}

[Step 176] Action=[ 0.9487283   0.30470312  0.940799    0.          0.         -0.5821882
 -0.9072257 ] | Reward=+0.012 | Cum=+1.131 | Info={'shot_attempted': False, 'pass_attempted': False, 'goal_scored': False, 'goal_team': None, 'ball_out_by': None, 'has_ball': False, 'start_shot_bonus': False, 'start_pass_bonus': False, 'possession_lost': False}

[Step 177] Action=[ 0.94879556  0.30481935  0.940878    0.          0.         -0.5823392
 -0.9073259 ] | Reward=+0.012 | Cum=+1.143 | Info={'shot_attempted': False, 'pass_attempted': False, 'goal_scored': False, 'goal_team': None, 'ball_out_by': None, 'has_ball': False, 'start_shot_bonus': False, 'start_pass_bonus': False, 'possession_lost': False}

[Step 178] Action=[ 0.94886273  0.30493602  0.94095683  0.          0.         -0.5824902
 -0.90742606] | Reward=+0.012 | Cum=+1.155 | Info={'shot_attempted': False, 'pass_attempted': False, 'goal_scored': False, 'goal_team': None, 'ball_out_by': None, 'has_ball': False, 'start_shot_bonus': False, 'start_pass_bonus': False, 'possession_lost': False}

[Step 179] Action=[ 0.9489298   0.3050529   0.9410356   0.          0.         -0.58264166
 -0.907526  ] | Reward=+0.012 | Cum=+1.168 | Info={'shot_attempted': False, 'pass_attempted': False, 'goal_scored': False, 'goal_team': None, 'ball_out_by': None, 'has_ball': False, 'start_shot_bonus': False, 'start_pass_bonus': False, 'possession_lost': False}

[Step 180] Action=[ 0.9489968   0.30516943  0.9411143   0.          0.         -0.5827928
 -0.9076259 ] | Reward=+0.012 | Cum=+1.180 | Info={'shot_attempted': False, 'pass_attempted': False, 'goal_scored': False, 'goal_team': None, 'ball_out_by': None, 'has_ball': False, 'start_shot_bonus': False, 'start_pass_bonus': False, 'possession_lost': False}

[Step 181] Action=[ 0.94906366  0.3052862   0.9411929   0.          0.         -0.5829441
 -0.9077258 ] | Reward=+0.012 | Cum=+1.192 | Info={'shot_attempted': False, 'pass_attempted': False, 'goal_scored': False, 'goal_team': None, 'ball_out_by': None, 'has_ball': False, 'start_shot_bonus': False, 'start_pass_bonus': False, 'possession_lost': False}

[Step 182] Action=[ 0.94913054  0.30540285  0.9412714   0.          0.         -0.5830952
 -0.90782547] | Reward=+0.013 | Cum=+1.205 | Info={'shot_attempted': False, 'pass_attempted': False, 'goal_scored': False, 'goal_team': None, 'ball_out_by': None, 'has_ball': False, 'start_shot_bonus': False, 'start_pass_bonus': False, 'possession_lost': False}

[Step 183] Action=[ 0.9491973   0.30551934  0.9413498   0.          0.         -0.5832459
 -0.907925  ] | Reward=+0.013 | Cum=+1.217 | Info={'shot_attempted': False, 'pass_attempted': False, 'goal_scored': False, 'goal_team': None, 'ball_out_by': None, 'has_ball': False, 'start_shot_bonus': False, 'start_pass_bonus': False, 'possession_lost': False}

[Step 184] Action=[ 0.9492639   0.30563596  0.9414281   0.          0.         -0.5833955
 -0.90802425] | Reward=+0.013 | Cum=+1.230 | Info={'shot_attempted': False, 'pass_attempted': False, 'goal_scored': False, 'goal_team': None, 'ball_out_by': None, 'has_ball': False, 'start_shot_bonus': False, 'start_pass_bonus': False, 'possession_lost': False}

[Step 185] Action=[ 0.94933045  0.30575246  0.9415064   0.          0.         -0.5835449
 -0.9081233 ] | Reward=+0.011 | Cum=+1.241 | Info={'shot_attempted': False, 'pass_attempted': False, 'goal_scored': False, 'goal_team': None, 'ball_out_by': None, 'has_ball': False, 'start_shot_bonus': False, 'start_pass_bonus': False, 'possession_lost': False}

[Step 186] Action=[ 0.9493969   0.30586883  0.94158447  0.          0.         -0.58369464
 -0.9082223 ] | Reward=+0.012 | Cum=+1.253 | Info={'shot_attempted': False, 'pass_attempted': False, 'goal_scored': False, 'goal_team': None, 'ball_out_by': None, 'has_ball': False, 'start_shot_bonus': False, 'start_pass_bonus': False, 'possession_lost': False}

[Step 187] Action=[ 0.94946325  0.30598566  0.9416625   0.          0.         -0.5838442
 -0.9083212 ] | Reward=+0.012 | Cum=+1.265 | Info={'shot_attempted': False, 'pass_attempted': False, 'goal_scored': False, 'goal_team': None, 'ball_out_by': None, 'has_ball': False, 'start_shot_bonus': False, 'start_pass_bonus': False, 'possession_lost': False}

[Step 188] Action=[ 0.9495296   0.3061018   0.9417404   0.          0.         -0.58399343
 -0.9084201 ] | Reward=+0.012 | Cum=+1.277 | Info={'shot_attempted': False, 'pass_attempted': False, 'goal_scored': False, 'goal_team': None, 'ball_out_by': None, 'has_ball': False, 'start_shot_bonus': False, 'start_pass_bonus': False, 'possession_lost': False}

[Step 189] Action=[ 0.94959575  0.30621848  0.9418182   0.          0.         -0.584143
 -0.9085188 ] | Reward=+0.012 | Cum=+1.288 | Info={'shot_attempted': False, 'pass_attempted': False, 'goal_scored': False, 'goal_team': None, 'ball_out_by': None, 'has_ball': False, 'start_shot_bonus': False, 'start_pass_bonus': False, 'possession_lost': False}

[Step 190] Action=[ 0.9496619   0.30633482  0.94189596  0.          0.         -0.58429253
 -0.9086174 ] | Reward=+0.012 | Cum=+1.300 | Info={'shot_attempted': False, 'pass_attempted': False, 'goal_scored': False, 'goal_team': None, 'ball_out_by': None, 'has_ball': False, 'start_shot_bonus': False, 'start_pass_bonus': False, 'possession_lost': False}

[Step 191] Action=[ 0.949728    0.30645138  0.94197357  0.          0.         -0.58444184
 -0.90871596] | Reward=+0.012 | Cum=+1.312 | Info={'shot_attempted': False, 'pass_attempted': False, 'goal_scored': False, 'goal_team': None, 'ball_out_by': None, 'has_ball': False, 'start_shot_bonus': False, 'start_pass_bonus': False, 'possession_lost': False}

[Step 192] Action=[ 0.94979393  0.30656803  0.9420511   0.          0.         -0.58459115
 -0.9088143 ] | Reward=+0.012 | Cum=+1.324 | Info={'shot_attempted': False, 'pass_attempted': False, 'goal_scored': False, 'goal_team': None, 'ball_out_by': None, 'has_ball': False, 'start_shot_bonus': False, 'start_pass_bonus': False, 'possession_lost': False}

[Step 193] Action=[ 0.9498598   0.30668455  0.94212854  0.          0.         -0.58474076
 -0.90891266] | Reward=+0.012 | Cum=+1.336 | Info={'shot_attempted': False, 'pass_attempted': False, 'goal_scored': False, 'goal_team': None, 'ball_out_by': None, 'has_ball': False, 'start_shot_bonus': False, 'start_pass_bonus': False, 'possession_lost': False}

[Step 194] Action=[ 0.94992566  0.30680096  0.9422059   0.          0.         -0.58488995
 -0.9090109 ] | Reward=+0.012 | Cum=+1.348 | Info={'shot_attempted': False, 'pass_attempted': False, 'goal_scored': False, 'goal_team': None, 'ball_out_by': None, 'has_ball': False, 'start_shot_bonus': False, 'start_pass_bonus': False, 'possession_lost': False}

[Step 195] Action=[ 0.9499914   0.3069177   0.94228315  0.          0.         -0.5850391
 -0.90910906] | Reward=+0.012 | Cum=+1.360 | Info={'shot_attempted': False, 'pass_attempted': False, 'goal_scored': False, 'goal_team': None, 'ball_out_by': None, 'has_ball': False, 'start_shot_bonus': False, 'start_pass_bonus': False, 'possession_lost': False}

[Step 196] Action=[ 0.950057   0.3070341  0.9423603  0.         0.        -0.5851884
 -0.9092071] | Reward=+0.012 | Cum=+1.372 | Info={'shot_attempted': False, 'pass_attempted': False, 'goal_scored': False, 'goal_team': None, 'ball_out_by': None, 'has_ball': False, 'start_shot_bonus': False, 'start_pass_bonus': False, 'possession_lost': False}

[Step 197] Action=[ 0.95012265  0.3071506   0.94243735  0.          0.         -0.5853375
 -0.90930504] | Reward=+0.012 | Cum=+1.385 | Info={'shot_attempted': False, 'pass_attempted': False, 'goal_scored': False, 'goal_team': None, 'ball_out_by': None, 'has_ball': False, 'start_shot_bonus': False, 'start_pass_bonus': False, 'possession_lost': False}

[Step 198] Action=[ 0.9501881   0.3072673   0.94251436  0.          0.         -0.58548665
 -0.9094029 ] | Reward=+0.012 | Cum=+1.397 | Info={'shot_attempted': False, 'pass_attempted': False, 'goal_scored': False, 'goal_team': None, 'ball_out_by': None, 'has_ball': False, 'start_shot_bonus': False, 'start_pass_bonus': False, 'possession_lost': False}

[Step 199] Action=[ 0.95025355  0.30738366  0.94259125  0.          0.         -0.585636
 -0.90950066] | Reward=+0.011 | Cum=+1.408 | Info={'shot_attempted': False, 'pass_attempted': False, 'goal_scored': False, 'goal_team': None, 'ball_out_by': None, 'has_ball': False, 'start_shot_bonus': False, 'start_pass_bonus': False, 'possession_lost': False}

[Step 200] Action=[ 0.9503188   0.30750015  0.942668    0.          0.         -0.58578527
 -0.90959835] | Reward=+0.011 | Cum=+1.419 | Info={'shot_attempted': False, 'pass_attempted': False, 'goal_scored': False, 'goal_team': None, 'ball_out_by': None, 'has_ball': False, 'start_shot_bonus': False, 'start_pass_bonus': False, 'possession_lost': False}

[Step 201] Action=[ 0.95038414  0.3076166   0.9427447   0.          0.         -0.5859344
 -0.9096959 ] | Reward=+0.011 | Cum=+1.431 | Info={'shot_attempted': False, 'pass_attempted': False, 'goal_scored': False, 'goal_team': None, 'ball_out_by': None, 'has_ball': False, 'start_shot_bonus': False, 'start_pass_bonus': False, 'possession_lost': False}

[Step 202] Action=[ 0.9504493   0.30773306  0.94282126  0.          0.         -0.5860835
 -0.9097934 ] | Reward=+0.011 | Cum=+1.442 | Info={'shot_attempted': False, 'pass_attempted': False, 'goal_scored': False, 'goal_team': None, 'ball_out_by': None, 'has_ball': False, 'start_shot_bonus': False, 'start_pass_bonus': False, 'possession_lost': False}

[Step 203] Action=[ 0.95051444  0.3078497   0.9428978   0.          0.         -0.58623254
 -0.90989083] | Reward=+0.011 | Cum=+1.453 | Info={'shot_attempted': False, 'pass_attempted': False, 'goal_scored': False, 'goal_team': None, 'ball_out_by': None, 'has_ball': False, 'start_shot_bonus': False, 'start_pass_bonus': False, 'possession_lost': False}

[Step 204] Action=[ 0.95057946  0.30796623  0.94297415  0.          0.         -0.58638144
 -0.9099881 ] | Reward=+0.011 | Cum=+1.464 | Info={'shot_attempted': False, 'pass_attempted': False, 'goal_scored': False, 'goal_team': None, 'ball_out_by': None, 'has_ball': False, 'start_shot_bonus': False, 'start_pass_bonus': False, 'possession_lost': False}

[Step 205] Action=[ 0.9506444  0.3080828  0.9430505  0.         0.        -0.5865305
 -0.9100853] | Reward=+0.011 | Cum=+1.476 | Info={'shot_attempted': False, 'pass_attempted': False, 'goal_scored': False, 'goal_team': None, 'ball_out_by': None, 'has_ball': False, 'start_shot_bonus': False, 'start_pass_bonus': False, 'possession_lost': False}

[Step 206] Action=[ 0.9507092   0.3081992   0.9431267   0.          0.         -0.58667934
 -0.9101824 ] | Reward=+0.011 | Cum=+1.487 | Info={'shot_attempted': False, 'pass_attempted': False, 'goal_scored': False, 'goal_team': None, 'ball_out_by': None, 'has_ball': False, 'start_shot_bonus': False, 'start_pass_bonus': False, 'possession_lost': False}

[Step 207] Action=[ 0.950774    0.3083158   0.9432028   0.          0.         -0.5868283
 -0.91027945] | Reward=+0.011 | Cum=+1.499 | Info={'shot_attempted': False, 'pass_attempted': False, 'goal_scored': False, 'goal_team': None, 'ball_out_by': None, 'has_ball': False, 'start_shot_bonus': False, 'start_pass_bonus': False, 'possession_lost': False}

[Step 208] Action=[ 0.95083874  0.3084323   0.94327885  0.          0.         -0.58697736
 -0.91037637] | Reward=+0.011 | Cum=+1.510 | Info={'shot_attempted': False, 'pass_attempted': False, 'goal_scored': False, 'goal_team': None, 'ball_out_by': None, 'has_ball': False, 'start_shot_bonus': False, 'start_pass_bonus': False, 'possession_lost': False}

[Step 209] Action=[ 0.95090336  0.3085488   0.9433548   0.          0.         -0.58712614
 -0.91047317] | Reward=+0.011 | Cum=+1.522 | Info={'shot_attempted': False, 'pass_attempted': False, 'goal_scored': False, 'goal_team': None, 'ball_out_by': None, 'has_ball': False, 'start_shot_bonus': False, 'start_pass_bonus': False, 'possession_lost': False}

[Step 210] Action=[ 0.9509679   0.3086652   0.9434306   0.          0.         -0.5872751
 -0.91056997] | Reward=+0.012 | Cum=+1.533 | Info={'shot_attempted': False, 'pass_attempted': False, 'goal_scored': False, 'goal_team': None, 'ball_out_by': None, 'has_ball': False, 'start_shot_bonus': False, 'start_pass_bonus': False, 'possession_lost': False}

[Step 211] Action=[ 0.95103234  0.30878165  0.94350636  0.          0.         -0.587424
 -0.9106666 ] | Reward=+0.012 | Cum=+1.545 | Info={'shot_attempted': False, 'pass_attempted': False, 'goal_scored': False, 'goal_team': None, 'ball_out_by': None, 'has_ball': False, 'start_shot_bonus': False, 'start_pass_bonus': False, 'possession_lost': False}

[Step 212] Action=[ 0.9510968   0.30889845  0.94358206  0.          0.         -0.5875729
 -0.9107631 ] | Reward=+0.012 | Cum=+1.557 | Info={'shot_attempted': False, 'pass_attempted': False, 'goal_scored': False, 'goal_team': None, 'ball_out_by': None, 'has_ball': False, 'start_shot_bonus': False, 'start_pass_bonus': False, 'possession_lost': False}

[Step 213] Action=[ 0.9511611   0.3090146   0.9436576   0.          0.         -0.58772147
 -0.9108595 ] | Reward=+0.010 | Cum=+1.567 | Info={'shot_attempted': False, 'pass_attempted': False, 'goal_scored': False, 'goal_team': None, 'ball_out_by': None, 'has_ball': False, 'start_shot_bonus': False, 'start_pass_bonus': False, 'possession_lost': False}

[Step 214] Action=[ 0.95122534  0.30913103  0.94373304  0.          0.         -0.58786994
 -0.91095597] | Reward=+0.011 | Cum=+1.578 | Info={'shot_attempted': False, 'pass_attempted': False, 'goal_scored': False, 'goal_team': None, 'ball_out_by': None, 'has_ball': False, 'start_shot_bonus': False, 'start_pass_bonus': False, 'possession_lost': False}

[Step 215] Action=[ 0.9512895   0.3092479   0.94380844  0.          0.         -0.58801883
 -0.91105217] | Reward=+0.011 | Cum=+1.588 | Info={'shot_attempted': False, 'pass_attempted': False, 'goal_scored': False, 'goal_team': None, 'ball_out_by': None, 'has_ball': False, 'start_shot_bonus': False, 'start_pass_bonus': False, 'possession_lost': False}

[Step 216] Action=[ 0.95135355  0.30936432  0.9438837   0.          0.         -0.58816755
 -0.91114837] | Reward=+0.011 | Cum=+1.599 | Info={'shot_attempted': False, 'pass_attempted': False, 'goal_scored': False, 'goal_team': None, 'ball_out_by': None, 'has_ball': False, 'start_shot_bonus': False, 'start_pass_bonus': False, 'possession_lost': False}

[Step 217] Action=[ 0.95141757  0.30948064  0.94395894  0.          0.         -0.5883163
 -0.9112444 ] | Reward=+0.011 | Cum=+1.609 | Info={'shot_attempted': False, 'pass_attempted': False, 'goal_scored': False, 'goal_team': None, 'ball_out_by': None, 'has_ball': False, 'start_shot_bonus': False, 'start_pass_bonus': False, 'possession_lost': False}

[Step 218] Action=[ 0.9514815   0.30959737  0.94403404  0.          0.         -0.58846503
 -0.9113404 ] | Reward=+0.011 | Cum=+1.620 | Info={'shot_attempted': False, 'pass_attempted': False, 'goal_scored': False, 'goal_team': None, 'ball_out_by': None, 'has_ball': False, 'start_shot_bonus': False, 'start_pass_bonus': False, 'possession_lost': False}

[Step 219] Action=[ 0.95154536  0.30971378  0.94410896  0.          0.         -0.5886136
 -0.9114363 ] | Reward=+0.011 | Cum=+1.631 | Info={'shot_attempted': False, 'pass_attempted': False, 'goal_scored': False, 'goal_team': None, 'ball_out_by': None, 'has_ball': False, 'start_shot_bonus': False, 'start_pass_bonus': False, 'possession_lost': False}

[Step 220] Action=[ 0.95160913  0.30983016  0.94418395  0.          0.         -0.58876216
 -0.9115321 ] | Reward=+0.011 | Cum=+1.641 | Info={'shot_attempted': False, 'pass_attempted': False, 'goal_scored': False, 'goal_team': None, 'ball_out_by': None, 'has_ball': False, 'start_shot_bonus': False, 'start_pass_bonus': False, 'possession_lost': False}

[Step 221] Action=[ 0.9516728   0.30994666  0.94425875  0.          0.         -0.5889108
 -0.9116278 ] | Reward=+0.011 | Cum=+1.652 | Info={'shot_attempted': False, 'pass_attempted': False, 'goal_scored': False, 'goal_team': None, 'ball_out_by': None, 'has_ball': False, 'start_shot_bonus': False, 'start_pass_bonus': False, 'possession_lost': False}

[Step 222] Action=[ 0.9517364   0.31006324  0.9443335   0.          0.         -0.58905923
 -0.91172343] | Reward=+0.011 | Cum=+1.663 | Info={'shot_attempted': False, 'pass_attempted': False, 'goal_scored': False, 'goal_team': None, 'ball_out_by': None, 'has_ball': False, 'start_shot_bonus': False, 'start_pass_bonus': False, 'possession_lost': False}

[Step 223] Action=[ 0.9517999  0.3101797  0.9444081  0.         0.        -0.5892078
 -0.911819 ] | Reward=+0.011 | Cum=+1.673 | Info={'shot_attempted': False, 'pass_attempted': False, 'goal_scored': False, 'goal_team': None, 'ball_out_by': None, 'has_ball': False, 'start_shot_bonus': False, 'start_pass_bonus': False, 'possession_lost': False}

[Step 224] Action=[ 0.95186347  0.31029597  0.9444827   0.          0.         -0.58935606
 -0.9119144 ] | Reward=+0.011 | Cum=+1.684 | Info={'shot_attempted': False, 'pass_attempted': False, 'goal_scored': False, 'goal_team': None, 'ball_out_by': None, 'has_ball': False, 'start_shot_bonus': False, 'start_pass_bonus': False, 'possession_lost': False}

[Step 225] Action=[ 0.9519268   0.31041265  0.94455713  0.          0.         -0.5895047
 -0.9120097 ] | Reward=+0.011 | Cum=+1.695 | Info={'shot_attempted': False, 'pass_attempted': False, 'goal_scored': False, 'goal_team': None, 'ball_out_by': None, 'has_ball': False, 'start_shot_bonus': False, 'start_pass_bonus': False, 'possession_lost': False}

[Step 226] Action=[ 0.95199007  0.31052896  0.94463146  0.          0.         -0.5896531
 -0.91210496] | Reward=+0.011 | Cum=+1.706 | Info={'shot_attempted': False, 'pass_attempted': False, 'goal_scored': False, 'goal_team': None, 'ball_out_by': None, 'has_ball': False, 'start_shot_bonus': False, 'start_pass_bonus': False, 'possession_lost': False}

[Step 227] Action=[ 0.9520533   0.31064573  0.9447058   0.          0.         -0.5898013
 -0.9122001 ] | Reward=+0.010 | Cum=+1.715 | Info={'shot_attempted': False, 'pass_attempted': False, 'goal_scored': False, 'goal_team': None, 'ball_out_by': None, 'has_ball': False, 'start_shot_bonus': False, 'start_pass_bonus': False, 'possession_lost': False}

[Step 228] Action=[ 0.9521165   0.31076214  0.9447799   0.          0.         -0.5899498
 -0.91229516] | Reward=+0.010 | Cum=+1.725 | Info={'shot_attempted': False, 'pass_attempted': False, 'goal_scored': False, 'goal_team': None, 'ball_out_by': None, 'has_ball': False, 'start_shot_bonus': False, 'start_pass_bonus': False, 'possession_lost': False}

[Step 229] Action=[ 0.9521795   0.31087837  0.944854    0.          0.         -0.5900981
 -0.9123902 ] | Reward=+0.010 | Cum=+1.735 | Info={'shot_attempted': False, 'pass_attempted': False, 'goal_scored': False, 'goal_team': None, 'ball_out_by': None, 'has_ball': False, 'start_shot_bonus': False, 'start_pass_bonus': False, 'possession_lost': False}

[Step 230] Action=[ 0.95224255  0.31099507  0.944928    0.          0.         -0.5902464
 -0.912485  ] | Reward=+0.010 | Cum=+1.744 | Info={'shot_attempted': False, 'pass_attempted': False, 'goal_scored': False, 'goal_team': None, 'ball_out_by': None, 'has_ball': False, 'start_shot_bonus': False, 'start_pass_bonus': False, 'possession_lost': False}

[Step 231] Action=[ 0.95230544  0.31111136  0.9450019   0.          0.         -0.5903947
 -0.9125798 ] | Reward=+0.010 | Cum=+1.754 | Info={'shot_attempted': False, 'pass_attempted': False, 'goal_scored': False, 'goal_team': None, 'ball_out_by': None, 'has_ball': False, 'start_shot_bonus': False, 'start_pass_bonus': False, 'possession_lost': False}

[Step 232] Action=[ 0.9523683   0.31122786  0.9450757   0.          0.         -0.5905428
 -0.9126744 ] | Reward=+0.010 | Cum=+1.763 | Info={'shot_attempted': False, 'pass_attempted': False, 'goal_scored': False, 'goal_team': None, 'ball_out_by': None, 'has_ball': False, 'start_shot_bonus': False, 'start_pass_bonus': False, 'possession_lost': False}

[Step 233] Action=[ 0.9524311   0.31134424  0.9451494   0.          0.         -0.59069127
 -0.9127691 ] | Reward=+0.010 | Cum=+1.773 | Info={'shot_attempted': False, 'pass_attempted': False, 'goal_scored': False, 'goal_team': None, 'ball_out_by': None, 'has_ball': False, 'start_shot_bonus': False, 'start_pass_bonus': False, 'possession_lost': False}

[Step 234] Action=[ 0.9524937   0.31146103  0.9452231   0.          0.         -0.5908393
 -0.91286355] | Reward=+0.010 | Cum=+1.783 | Info={'shot_attempted': False, 'pass_attempted': False, 'goal_scored': False, 'goal_team': None, 'ball_out_by': None, 'has_ball': False, 'start_shot_bonus': False, 'start_pass_bonus': False, 'possession_lost': False}

[Step 235] Action=[ 0.9525564   0.3115775   0.9452966   0.          0.         -0.59098756
 -0.91295797] | Reward=+0.010 | Cum=+1.792 | Info={'shot_attempted': False, 'pass_attempted': False, 'goal_scored': False, 'goal_team': None, 'ball_out_by': None, 'has_ball': False, 'start_shot_bonus': False, 'start_pass_bonus': False, 'possession_lost': False}

[Step 236] Action=[ 0.95261896  0.31169385  0.9453701   0.          0.         -0.5911355
 -0.9130523 ] | Reward=+0.010 | Cum=+1.802 | Info={'shot_attempted': False, 'pass_attempted': False, 'goal_scored': False, 'goal_team': None, 'ball_out_by': None, 'has_ball': False, 'start_shot_bonus': False, 'start_pass_bonus': False, 'possession_lost': False}

[Step 237] Action=[ 0.95268136  0.3118104   0.9454434   0.          0.         -0.59128356
 -0.9131465 ] | Reward=+0.010 | Cum=+1.812 | Info={'shot_attempted': False, 'pass_attempted': False, 'goal_scored': False, 'goal_team': None, 'ball_out_by': None, 'has_ball': False, 'start_shot_bonus': False, 'start_pass_bonus': False, 'possession_lost': False}

[Step 238] Action=[ 0.9527437   0.31192654  0.9455167   0.          0.         -0.5914317
 -0.91324073] | Reward=+0.010 | Cum=+1.821 | Info={'shot_attempted': False, 'pass_attempted': False, 'goal_scored': False, 'goal_team': None, 'ball_out_by': None, 'has_ball': False, 'start_shot_bonus': False, 'start_pass_bonus': False, 'possession_lost': False}

[Step 239] Action=[ 0.95280606  0.3120434   0.94558984  0.          0.         -0.5915797
 -0.9133347 ] | Reward=+0.010 | Cum=+1.831 | Info={'shot_attempted': False, 'pass_attempted': False, 'goal_scored': False, 'goal_team': None, 'ball_out_by': None, 'has_ball': False, 'start_shot_bonus': False, 'start_pass_bonus': False, 'possession_lost': False}

[Step 240] Action=[ 0.9528683   0.31215993  0.9456629   0.          0.         -0.5917277
 -0.91342866] | Reward=+0.008 | Cum=+1.839 | Info={'shot_attempted': False, 'pass_attempted': False, 'goal_scored': False, 'goal_team': None, 'ball_out_by': None, 'has_ball': False, 'start_shot_bonus': False, 'start_pass_bonus': False, 'possession_lost': False}

