Debug log for att_1 (Episode 700)
================================================================================
[Step 1] Action=[ 0.868589   -0.99998677  0.          0.99069804  0.97373843 -0.87833995
  0.9976438 ] | Reward=+1.972 | Cum=+1.972 | Info={'shot_attempted': True, 'pass_attempted': False, 'shot_quality': 0.11970958658459277, 'shot_power': 31.22425353527069, 'shot_direction': [-0.660446919767271, 0.7508727410924116], 'invalid_shot_direction': True, 'shot_alignment': 0.17125872117636076, 'shot_positional_quality': 0.5985479329229638, 'goal_scored': False, 'goal_team': None, 'ball_out_by': None, 'has_ball': False, 'start_shot_bonus': True, 'start_pass_bonus': False, 'possession_lost': False}

[Step 2] Action=[ 0.8533865  -0.99997216  0.          0.9865289   0.9649465  -0.854286
  0.9963068 ] | Reward=+0.014 | Cum=+1.986 | Info={'shot_attempted': False, 'pass_attempted': False, 'goal_scored': False, 'goal_team': None, 'ball_out_by': None, 'has_ball': False, 'start_shot_bonus': False, 'start_pass_bonus': False, 'possession_lost': False}

[Step 3] Action=[ 0.8534693 -0.9999722  0.         0.9865439  0.9649865 -0.8543887
  0.9963131] | Reward=+0.007 | Cum=+1.994 | Info={'shot_attempted': False, 'pass_attempted': False, 'goal_scored': False, 'goal_team': None, 'ball_out_by': None, 'has_ball': False, 'start_shot_bonus': False, 'start_pass_bonus': False, 'possession_lost': False}

[Step 4] Action=[ 0.85355186 -0.9999723   0.          0.98655885  0.96502626 -0.85449106
  0.99631935] | Reward=+0.004 | Cum=+1.997 | Info={'shot_attempted': False, 'pass_attempted': False, 'goal_scored': False, 'goal_team': None, 'ball_out_by': None, 'has_ball': False, 'start_shot_bonus': False, 'start_pass_bonus': False, 'possession_lost': False}

[Step 5] Action=[ 0.85363394 -0.9999724   0.          0.9865739   0.96506596 -0.85459346
  0.9963256 ] | Reward=+0.002 | Cum=+1.999 | Info={'shot_attempted': False, 'pass_attempted': False, 'goal_scored': False, 'goal_team': None, 'ball_out_by': None, 'has_ball': False, 'start_shot_bonus': False, 'start_pass_bonus': False, 'possession_lost': False}

[Step 6] Action=[ 0.85371464 -0.99997246  0.          0.986589    0.96510553 -0.85469645
  0.9963319 ] | Reward=+0.000 | Cum=+1.999 | Info={'shot_attempted': False, 'pass_attempted': False, 'goal_scored': False, 'goal_team': None, 'ball_out_by': None, 'has_ball': False, 'start_shot_bonus': False, 'start_pass_bonus': False, 'possession_lost': False}

[Step 7] Action=[ 0.85379523 -0.9999725   0.          0.9866041   0.965145   -0.85479915
  0.99633807] | Reward=+0.001 | Cum=+2.000 | Info={'shot_attempted': False, 'pass_attempted': False, 'goal_scored': False, 'goal_team': None, 'ball_out_by': None, 'has_ball': False, 'start_shot_bonus': False, 'start_pass_bonus': False, 'possession_lost': False}

[Step 8] Action=[ 0.8538755  -0.9999726   0.          0.9866192   0.9651843  -0.8549015
  0.99634427] | Reward=+0.000 | Cum=+2.000 | Info={'shot_attempted': False, 'pass_attempted': False, 'goal_scored': False, 'goal_team': None, 'ball_out_by': None, 'has_ball': False, 'start_shot_bonus': False, 'start_pass_bonus': False, 'possession_lost': False}

[Step 9] Action=[ 0.8539555  -0.99997264  0.          0.9866342   0.9652235  -0.8550037
  0.9963504 ] | Reward=+0.000 | Cum=+2.000 | Info={'shot_attempted': False, 'pass_attempted': False, 'goal_scored': False, 'goal_team': None, 'ball_out_by': None, 'has_ball': False, 'start_shot_bonus': False, 'start_pass_bonus': False, 'possession_lost': False}

[Step 10] Action=[ 0.8540359  -0.9999727   0.          0.98664904  0.96526283 -0.85510516
  0.9963566 ] | Reward=+0.000 | Cum=+2.000 | Info={'shot_attempted': False, 'pass_attempted': False, 'goal_scored': False, 'goal_team': None, 'ball_out_by': None, 'has_ball': False, 'start_shot_bonus': False, 'start_pass_bonus': False, 'possession_lost': False}

[Step 11] Action=[ 0.85411906 -0.99997276  0.          0.98666346  0.96530336 -0.8552035
  0.99636275] | Reward=-0.000 | Cum=+2.000 | Info={'shot_attempted': False, 'pass_attempted': False, 'goal_scored': False, 'goal_team': None, 'ball_out_by': None, 'has_ball': False, 'start_shot_bonus': False, 'start_pass_bonus': False, 'possession_lost': False}

[Step 12] Action=[ 0.8542019  -0.9999728   0.          0.98667777  0.96534383 -0.85530156
  0.99636894] | Reward=-0.000 | Cum=+2.000 | Info={'shot_attempted': False, 'pass_attempted': False, 'goal_scored': False, 'goal_team': None, 'ball_out_by': None, 'has_ball': False, 'start_shot_bonus': False, 'start_pass_bonus': False, 'possession_lost': False}

[Step 13] Action=[ 0.85428476 -0.9999729   0.          0.9866921   0.9653842  -0.8553994
  0.9963751 ] | Reward=-0.000 | Cum=+2.000 | Info={'shot_attempted': False, 'pass_attempted': False, 'goal_scored': False, 'goal_team': None, 'ball_out_by': None, 'has_ball': False, 'start_shot_bonus': False, 'start_pass_bonus': False, 'possession_lost': False}

[Step 14] Action=[ 0.85437036 -0.99997294  0.          0.9867065   0.96542424 -0.8554992
  0.9963813 ] | Reward=+0.001 | Cum=+2.000 | Info={'shot_attempted': False, 'pass_attempted': False, 'goal_scored': False, 'goal_team': None, 'ball_out_by': None, 'has_ball': False, 'start_shot_bonus': False, 'start_pass_bonus': False, 'possession_lost': False}

[Step 15] Action=[ 0.8544568 -0.999973   0.         0.986721   0.9654641 -0.8555996
  0.9963875] | Reward=+0.001 | Cum=+2.001 | Info={'shot_attempted': False, 'pass_attempted': False, 'goal_scored': False, 'goal_team': None, 'ball_out_by': None, 'has_ball': False, 'start_shot_bonus': False, 'start_pass_bonus': False, 'possession_lost': False}

[Step 16] Action=[ 0.85454303 -0.99997306  0.          0.9867354   0.9655039  -0.8556996
  0.9963937 ] | Reward=+0.001 | Cum=+2.001 | Info={'shot_attempted': False, 'pass_attempted': False, 'goal_scored': False, 'goal_team': None, 'ball_out_by': None, 'has_ball': False, 'start_shot_bonus': False, 'start_pass_bonus': False, 'possession_lost': False}

[Step 17] Action=[ 0.8546291 -0.9999731  0.         0.9867498  0.9655435 -0.8557994
  0.9963998] | Reward=+0.000 | Cum=+2.002 | Info={'shot_attempted': False, 'pass_attempted': False, 'goal_scored': False, 'goal_team': None, 'ball_out_by': None, 'has_ball': False, 'start_shot_bonus': False, 'start_pass_bonus': False, 'possession_lost': False}

[Step 18] Action=[ 0.8547148  -0.9999732   0.          0.9867642   0.9655831  -0.8558989
  0.99640596] | Reward=+0.000 | Cum=+2.002 | Info={'shot_attempted': False, 'pass_attempted': False, 'goal_scored': False, 'goal_team': None, 'ball_out_by': None, 'has_ball': False, 'start_shot_bonus': False, 'start_pass_bonus': False, 'possession_lost': False}

[Step 19] Action=[ 0.85480046 -0.99997324  0.          0.9867785   0.9656224  -0.85599816
  0.99641204] | Reward=+0.000 | Cum=+2.003 | Info={'shot_attempted': False, 'pass_attempted': False, 'goal_scored': False, 'goal_team': None, 'ball_out_by': None, 'has_ball': False, 'start_shot_bonus': False, 'start_pass_bonus': False, 'possession_lost': False}

[Step 20] Action=[ 0.85488576 -0.9999733   0.          0.98679274  0.96566176 -0.8560972
  0.9964181 ] | Reward=+0.000 | Cum=+2.003 | Info={'shot_attempted': False, 'pass_attempted': False, 'goal_scored': False, 'goal_team': None, 'ball_out_by': None, 'has_ball': False, 'start_shot_bonus': False, 'start_pass_bonus': False, 'possession_lost': False}

[Step 21] Action=[ 0.8549708  -0.99997336  0.          0.9868069   0.9657009  -0.85619605
  0.9964242 ] | Reward=+0.001 | Cum=+2.005 | Info={'shot_attempted': False, 'pass_attempted': False, 'goal_scored': False, 'goal_team': None, 'ball_out_by': None, 'has_ball': False, 'start_shot_bonus': False, 'start_pass_bonus': False, 'possession_lost': False}

[Step 22] Action=[ 0.85505575 -0.9999735   0.          0.9868211   0.9657399  -0.8562946
  0.9964302 ] | Reward=+0.001 | Cum=+2.006 | Info={'shot_attempted': False, 'pass_attempted': False, 'goal_scored': False, 'goal_team': None, 'ball_out_by': None, 'has_ball': False, 'start_shot_bonus': False, 'start_pass_bonus': False, 'possession_lost': False}

[Step 23] Action=[ 0.8551405  -0.99997354  0.          0.98683524  0.9657789  -0.8563929
  0.99643624] | Reward=+0.001 | Cum=+2.007 | Info={'shot_attempted': False, 'pass_attempted': False, 'goal_scored': False, 'goal_team': None, 'ball_out_by': None, 'has_ball': False, 'start_shot_bonus': False, 'start_pass_bonus': False, 'possession_lost': False}

[Step 24] Action=[ 0.8552248  -0.9999736   0.          0.9868493   0.9658177  -0.85649097
  0.99644226] | Reward=+0.001 | Cum=+2.008 | Info={'shot_attempted': False, 'pass_attempted': False, 'goal_scored': False, 'goal_team': None, 'ball_out_by': None, 'has_ball': False, 'start_shot_bonus': False, 'start_pass_bonus': False, 'possession_lost': False}

[Step 25] Action=[ 0.85530996 -0.99997365  0.          0.98686355  0.96585613 -0.85659236
  0.9964482 ] | Reward=+0.001 | Cum=+2.009 | Info={'shot_attempted': False, 'pass_attempted': False, 'goal_scored': False, 'goal_team': None, 'ball_out_by': None, 'has_ball': False, 'start_shot_bonus': False, 'start_pass_bonus': False, 'possession_lost': False}

[Step 26] Action=[ 0.85539585 -0.9999737   0.          0.9868778   0.9658943  -0.8566966
  0.99645424] | Reward=+0.001 | Cum=+2.010 | Info={'shot_attempted': False, 'pass_attempted': False, 'goal_scored': False, 'goal_team': None, 'ball_out_by': None, 'has_ball': False, 'start_shot_bonus': False, 'start_pass_bonus': False, 'possession_lost': False}

[Step 27] Action=[ 0.85547924 -0.9999738   0.          0.98689216  0.9659319  -0.85680073
  0.99646   ] | Reward=+0.001 | Cum=+2.012 | Info={'shot_attempted': False, 'pass_attempted': False, 'goal_scored': False, 'goal_team': None, 'ball_out_by': None, 'has_ball': False, 'start_shot_bonus': False, 'start_pass_bonus': False, 'possession_lost': False}

[Step 28] Action=[ 0.8555619  -0.99997383  0.          0.9869065   0.96596926 -0.8569047
  0.99646574] | Reward=+0.002 | Cum=+2.013 | Info={'shot_attempted': False, 'pass_attempted': False, 'goal_scored': False, 'goal_team': None, 'ball_out_by': None, 'has_ball': False, 'start_shot_bonus': False, 'start_pass_bonus': False, 'possession_lost': False}

[Step 29] Action=[ 0.8556441  -0.9999739   0.          0.98692083  0.9660065  -0.8570084
  0.9964714 ] | Reward=+0.002 | Cum=+2.015 | Info={'shot_attempted': False, 'pass_attempted': False, 'goal_scored': False, 'goal_team': None, 'ball_out_by': None, 'has_ball': False, 'start_shot_bonus': False, 'start_pass_bonus': False, 'possession_lost': False}

[Step 30] Action=[ 0.8557262  -0.9999739   0.          0.9869351   0.96604365 -0.8571118
  0.9964771 ] | Reward=+0.002 | Cum=+2.017 | Info={'shot_attempted': False, 'pass_attempted': False, 'goal_scored': False, 'goal_team': None, 'ball_out_by': None, 'has_ball': False, 'start_shot_bonus': False, 'start_pass_bonus': False, 'possession_lost': False}

[Step 31] Action=[ 0.855808   -0.99997395  0.          0.9869493   0.96608067 -0.857215
  0.9964828 ] | Reward=+0.002 | Cum=+2.019 | Info={'shot_attempted': False, 'pass_attempted': False, 'goal_scored': False, 'goal_team': None, 'ball_out_by': None, 'has_ball': False, 'start_shot_bonus': False, 'start_pass_bonus': False, 'possession_lost': False}

[Step 32] Action=[ 0.8558959 -0.999974   0.         0.9869635  0.9661163 -0.8573161
  0.9964884] | Reward=+0.002 | Cum=+2.020 | Info={'shot_attempted': False, 'pass_attempted': False, 'goal_scored': False, 'goal_team': None, 'ball_out_by': None, 'has_ball': False, 'start_shot_bonus': False, 'start_pass_bonus': False, 'possession_lost': False}

[Step 33] Action=[ 0.8559835  -0.9999741   0.          0.98697764  0.9661517  -0.857417
  0.99649405] | Reward=+0.002 | Cum=+2.022 | Info={'shot_attempted': False, 'pass_attempted': False, 'goal_scored': False, 'goal_team': None, 'ball_out_by': None, 'has_ball': False, 'start_shot_bonus': False, 'start_pass_bonus': False, 'possession_lost': False}

[Step 34] Action=[ 0.8560728  -0.99997413  0.          0.9869923   0.9661888  -0.8575217
  0.99649984] | Reward=+0.002 | Cum=+2.024 | Info={'shot_attempted': False, 'pass_attempted': False, 'goal_scored': False, 'goal_team': None, 'ball_out_by': None, 'has_ball': False, 'start_shot_bonus': False, 'start_pass_bonus': False, 'possession_lost': False}

[Step 35] Action=[ 0.85616225 -0.9999742   0.          0.9870071   0.9662261  -0.85762686
  0.9965056 ] | Reward=+0.002 | Cum=+2.026 | Info={'shot_attempted': False, 'pass_attempted': False, 'goal_scored': False, 'goal_team': None, 'ball_out_by': None, 'has_ball': False, 'start_shot_bonus': False, 'start_pass_bonus': False, 'possession_lost': False}

[Step 36] Action=[ 0.85625136 -0.99997425  0.          0.98702174  0.9662633  -0.85773176
  0.9965114 ] | Reward=+0.002 | Cum=+2.028 | Info={'shot_attempted': False, 'pass_attempted': False, 'goal_scored': False, 'goal_team': None, 'ball_out_by': None, 'has_ball': False, 'start_shot_bonus': False, 'start_pass_bonus': False, 'possession_lost': False}

[Step 37] Action=[ 0.85634035 -0.9999743   0.          0.9870364   0.9663003  -0.85783637
  0.9965172 ] | Reward=+0.002 | Cum=+2.031 | Info={'shot_attempted': False, 'pass_attempted': False, 'goal_scored': False, 'goal_team': None, 'ball_out_by': None, 'has_ball': False, 'start_shot_bonus': False, 'start_pass_bonus': False, 'possession_lost': False}

[Step 38] Action=[ 0.85642886 -0.99997437  0.          0.98705107  0.9663372  -0.85794073
  0.9965229 ] | Reward=+0.002 | Cum=+2.033 | Info={'shot_attempted': False, 'pass_attempted': False, 'goal_scored': False, 'goal_team': None, 'ball_out_by': None, 'has_ball': False, 'start_shot_bonus': False, 'start_pass_bonus': False, 'possession_lost': False}

[Step 39] Action=[ 0.8565174  -0.9999744   0.          0.9870656   0.96637404 -0.8580448
  0.9965286 ] | Reward=+0.002 | Cum=+2.035 | Info={'shot_attempted': False, 'pass_attempted': False, 'goal_scored': False, 'goal_team': None, 'ball_out_by': None, 'has_ball': False, 'start_shot_bonus': False, 'start_pass_bonus': False, 'possession_lost': False}

[Step 40] Action=[ 0.85660547 -0.9999745   0.          0.98708016  0.96641076 -0.8581487
  0.9965343 ] | Reward=+0.002 | Cum=+2.037 | Info={'shot_attempted': False, 'pass_attempted': False, 'goal_scored': False, 'goal_team': None, 'ball_out_by': None, 'has_ball': False, 'start_shot_bonus': False, 'start_pass_bonus': False, 'possession_lost': False}

[Step 41] Action=[ 0.85669225 -0.99997455  0.          0.9870948   0.96644723 -0.8582525
  0.99654   ] | Reward=+0.003 | Cum=+2.040 | Info={'shot_attempted': False, 'pass_attempted': False, 'goal_scored': False, 'goal_team': None, 'ball_out_by': None, 'has_ball': False, 'start_shot_bonus': False, 'start_pass_bonus': False, 'possession_lost': False}

[Step 42] Action=[ 0.8567706 -0.9999746  0.         0.9871094  0.9664854 -0.8583642
  0.9965458] | Reward=+0.003 | Cum=+2.043 | Info={'shot_attempted': False, 'pass_attempted': False, 'goal_scored': False, 'goal_team': None, 'ball_out_by': None, 'has_ball': False, 'start_shot_bonus': False, 'start_pass_bonus': False, 'possession_lost': False}

[Step 43] Action=[ 0.8568486  -0.99997467  0.          0.9871241   0.9665235  -0.8584757
  0.9965516 ] | Reward=+0.003 | Cum=+2.046 | Info={'shot_attempted': False, 'pass_attempted': False, 'goal_scored': False, 'goal_team': None, 'ball_out_by': None, 'has_ball': False, 'start_shot_bonus': False, 'start_pass_bonus': False, 'possession_lost': False}

[Step 44] Action=[ 0.8569298  -0.9999747   0.          0.98713964  0.96656317 -0.85858905
  0.9965576 ] | Reward=-1.497 | Cum=+0.549 | Info={'shot_attempted': False, 'pass_attempted': False, 'goal_scored': False, 'goal_team': None, 'ball_out_by': 'att_1', 'has_ball': False, 'start_shot_bonus': False, 'start_pass_bonus': False, 'possession_lost': False}

