Debug log for gk_1 (Episode 700)
================================================================================
[Step 1] Action=[-0.9998776  -0.93324065  0.          0.          0.8333449  -0.06447834
 -0.30814797] | Reward=+0.035 | Cum=+0.035 | Info={'dive_score': None, 'blocked': False, 'deflected': False, 'wasted_dive': False, 'shot_attempted': False, 'invalid_shot_attempt': False, 'invalid_shot_direction': False, 'fov_visible': True, 'shot_quality': None, 'shot_direction': None, 'shot_power': None, 'goal_scored': False, 'goal_team': None, 'ball_out_by': None, 'has_ball': False, 'start_shot_bonus': False, 'deflection_power': 0.0}

[Step 2] Action=[-0.999861   -0.9282702   0.          0.          0.8226601  -0.05470373
 -0.29979482] | Reward=+0.035 | Cum=+0.070 | Info={'dive_score': None, 'blocked': False, 'deflected': False, 'wasted_dive': False, 'shot_attempted': False, 'invalid_shot_attempt': False, 'invalid_shot_direction': False, 'fov_visible': True, 'shot_quality': None, 'shot_direction': None, 'shot_power': None, 'goal_scored': False, 'goal_team': None, 'ball_out_by': None, 'has_ball': False, 'start_shot_bonus': False, 'deflection_power': 0.0}

[Step 3] Action=[-0.9998615 -0.9283536  0.         0.         0.8227141 -0.0546834
 -0.2998448] | Reward=+0.035 | Cum=+0.105 | Info={'dive_score': None, 'blocked': False, 'deflected': False, 'wasted_dive': False, 'shot_attempted': False, 'invalid_shot_attempt': False, 'invalid_shot_direction': False, 'fov_visible': True, 'shot_quality': None, 'shot_direction': None, 'shot_power': None, 'goal_scored': False, 'goal_team': None, 'ball_out_by': None, 'has_ball': False, 'start_shot_bonus': False, 'deflection_power': 0.0}

[Step 4] Action=[-0.99986196 -0.9284374   0.          0.          0.822758   -0.05464611
 -0.29987252] | Reward=+0.035 | Cum=+0.140 | Info={'dive_score': None, 'blocked': False, 'deflected': False, 'wasted_dive': False, 'shot_attempted': False, 'invalid_shot_attempt': False, 'invalid_shot_direction': False, 'fov_visible': True, 'shot_quality': None, 'shot_direction': None, 'shot_power': None, 'goal_scored': False, 'goal_team': None, 'ball_out_by': None, 'has_ball': False, 'start_shot_bonus': False, 'deflection_power': 0.0}

[Step 5] Action=[-0.99986243 -0.9285209   0.          0.          0.8227999  -0.05460555
 -0.2998958 ] | Reward=+0.035 | Cum=+0.175 | Info={'dive_score': None, 'blocked': False, 'deflected': False, 'wasted_dive': False, 'shot_attempted': False, 'invalid_shot_attempt': False, 'invalid_shot_direction': False, 'fov_visible': True, 'shot_quality': None, 'shot_direction': None, 'shot_power': None, 'goal_scored': False, 'goal_team': None, 'ball_out_by': None, 'has_ball': False, 'start_shot_bonus': False, 'deflection_power': 0.0}

[Step 6] Action=[-0.9998629  -0.9286041   0.          0.          0.8228417  -0.05456497
 -0.299919  ] | Reward=+0.035 | Cum=+0.210 | Info={'dive_score': None, 'blocked': False, 'deflected': False, 'wasted_dive': False, 'shot_attempted': False, 'invalid_shot_attempt': False, 'invalid_shot_direction': False, 'fov_visible': True, 'shot_quality': None, 'shot_direction': None, 'shot_power': None, 'goal_scored': False, 'goal_team': None, 'ball_out_by': None, 'has_ball': False, 'start_shot_bonus': False, 'deflection_power': 0.0}

[Step 7] Action=[-0.9998633  -0.92868704  0.          0.          0.82288295 -0.05452468
 -0.29994184] | Reward=+0.035 | Cum=+0.245 | Info={'dive_score': None, 'blocked': False, 'deflected': False, 'wasted_dive': False, 'shot_attempted': False, 'invalid_shot_attempt': False, 'invalid_shot_direction': False, 'fov_visible': True, 'shot_quality': None, 'shot_direction': None, 'shot_power': None, 'goal_scored': False, 'goal_team': None, 'ball_out_by': None, 'has_ball': False, 'start_shot_bonus': False, 'deflection_power': 0.0}

[Step 8] Action=[-0.9998638  -0.9287696   0.          0.          0.8229241  -0.05448441
 -0.29996452] | Reward=+0.035 | Cum=+0.280 | Info={'dive_score': None, 'blocked': False, 'deflected': False, 'wasted_dive': False, 'shot_attempted': False, 'invalid_shot_attempt': False, 'invalid_shot_direction': False, 'fov_visible': True, 'shot_quality': None, 'shot_direction': None, 'shot_power': None, 'goal_scored': False, 'goal_team': None, 'ball_out_by': None, 'has_ball': False, 'start_shot_bonus': False, 'deflection_power': 0.0}

[Step 9] Action=[-0.9998643  -0.9288519   0.          0.          0.82296515 -0.05444341
 -0.29998782] | Reward=+0.035 | Cum=+0.315 | Info={'dive_score': None, 'blocked': False, 'deflected': False, 'wasted_dive': False, 'shot_attempted': False, 'invalid_shot_attempt': False, 'invalid_shot_direction': False, 'fov_visible': True, 'shot_quality': None, 'shot_direction': None, 'shot_power': None, 'goal_scored': False, 'goal_team': None, 'ball_out_by': None, 'has_ball': False, 'start_shot_bonus': False, 'deflection_power': 0.0}

[Step 10] Action=[-0.9998647  -0.9289341   0.          0.          0.8230072  -0.05439578
 -0.3000168 ] | Reward=+0.035 | Cum=+0.350 | Info={'dive_score': None, 'blocked': False, 'deflected': False, 'wasted_dive': False, 'shot_attempted': False, 'invalid_shot_attempt': False, 'invalid_shot_direction': False, 'fov_visible': True, 'shot_quality': None, 'shot_direction': None, 'shot_power': None, 'goal_scored': False, 'goal_team': None, 'ball_out_by': None, 'has_ball': False, 'start_shot_bonus': False, 'deflection_power': 0.0}

[Step 11] Action=[-0.9998652  -0.9290173   0.          0.          0.8230536  -0.0543493
 -0.30005044] | Reward=+0.035 | Cum=+0.385 | Info={'dive_score': None, 'blocked': False, 'deflected': False, 'wasted_dive': False, 'shot_attempted': False, 'invalid_shot_attempt': False, 'invalid_shot_direction': False, 'fov_visible': True, 'shot_quality': None, 'shot_direction': None, 'shot_power': None, 'goal_scored': False, 'goal_team': None, 'ball_out_by': None, 'has_ball': False, 'start_shot_bonus': False, 'deflection_power': 0.0}

[Step 12] Action=[-0.99986565 -0.92910224  0.          0.          0.82310337 -0.05428236
 -0.30008644] | Reward=+0.035 | Cum=+0.420 | Info={'dive_score': None, 'blocked': False, 'deflected': False, 'wasted_dive': False, 'shot_attempted': False, 'invalid_shot_attempt': False, 'invalid_shot_direction': False, 'fov_visible': True, 'shot_quality': None, 'shot_direction': None, 'shot_power': None, 'goal_scored': False, 'goal_team': None, 'ball_out_by': None, 'has_ball': False, 'start_shot_bonus': False, 'deflection_power': 0.0}

[Step 13] Action=[-0.99986607 -0.92918694  0.          0.          0.8231531  -0.05421464
 -0.30012217] | Reward=+0.035 | Cum=+0.455 | Info={'dive_score': None, 'blocked': False, 'deflected': False, 'wasted_dive': False, 'shot_attempted': False, 'invalid_shot_attempt': False, 'invalid_shot_direction': False, 'fov_visible': True, 'shot_quality': None, 'shot_direction': None, 'shot_power': None, 'goal_scored': False, 'goal_team': None, 'ball_out_by': None, 'has_ball': False, 'start_shot_bonus': False, 'deflection_power': 0.0}

[Step 14] Action=[-0.99986655 -0.9292713   0.          0.          0.8232024  -0.05414709
 -0.30015755] | Reward=+0.035 | Cum=+0.490 | Info={'dive_score': None, 'blocked': False, 'deflected': False, 'wasted_dive': False, 'shot_attempted': False, 'invalid_shot_attempt': False, 'invalid_shot_direction': False, 'fov_visible': True, 'shot_quality': None, 'shot_direction': None, 'shot_power': None, 'goal_scored': False, 'goal_team': None, 'ball_out_by': None, 'has_ball': False, 'start_shot_bonus': False, 'deflection_power': 0.0}

[Step 15] Action=[-0.99986696 -0.92935526  0.          0.          0.8232514  -0.05407949
 -0.30019274] | Reward=+0.035 | Cum=+0.525 | Info={'dive_score': None, 'blocked': False, 'deflected': False, 'wasted_dive': False, 'shot_attempted': False, 'invalid_shot_attempt': False, 'invalid_shot_direction': False, 'fov_visible': True, 'shot_quality': None, 'shot_direction': None, 'shot_power': None, 'goal_scored': False, 'goal_team': None, 'ball_out_by': None, 'has_ball': False, 'start_shot_bonus': False, 'deflection_power': 0.0}

[Step 16] Action=[-0.99991757 -0.9408165   0.          0.          0.8424071  -0.04765072
 -0.303485  ] | Reward=+0.035 | Cum=+0.560 | Info={'dive_score': None, 'blocked': False, 'deflected': False, 'wasted_dive': False, 'shot_attempted': False, 'invalid_shot_attempt': False, 'invalid_shot_direction': False, 'fov_visible': True, 'shot_quality': None, 'shot_direction': None, 'shot_power': None, 'goal_scored': False, 'goal_team': None, 'ball_out_by': None, 'has_ball': False, 'start_shot_bonus': False, 'deflection_power': 0.0}

[Step 17] Action=[-0.9999179  -0.94088817  0.          0.          0.84246963 -0.04750767
 -0.30350196] | Reward=+0.035 | Cum=+0.595 | Info={'dive_score': None, 'blocked': False, 'deflected': False, 'wasted_dive': False, 'shot_attempted': False, 'invalid_shot_attempt': False, 'invalid_shot_direction': False, 'fov_visible': True, 'shot_quality': None, 'shot_direction': None, 'shot_power': None, 'goal_scored': False, 'goal_team': None, 'ball_out_by': None, 'has_ball': False, 'start_shot_bonus': False, 'deflection_power': 0.0}

[Step 18] Action=[-0.9999182  -0.9409596   0.          0.          0.84253174 -0.04736485
 -0.3035189 ] | Reward=+0.035 | Cum=+0.630 | Info={'dive_score': None, 'blocked': False, 'deflected': False, 'wasted_dive': False, 'shot_attempted': False, 'invalid_shot_attempt': False, 'invalid_shot_direction': False, 'fov_visible': True, 'shot_quality': None, 'shot_direction': None, 'shot_power': None, 'goal_scored': False, 'goal_team': None, 'ball_out_by': None, 'has_ball': False, 'start_shot_bonus': False, 'deflection_power': 0.0}

[Step 19] Action=[-0.9999186  -0.9410314   0.          0.          0.8425944  -0.04721346
 -0.3035358 ] | Reward=+0.035 | Cum=+0.665 | Info={'dive_score': None, 'blocked': False, 'deflected': False, 'wasted_dive': False, 'shot_attempted': False, 'invalid_shot_attempt': False, 'invalid_shot_direction': False, 'fov_visible': True, 'shot_quality': None, 'shot_direction': None, 'shot_power': None, 'goal_scored': False, 'goal_team': None, 'ball_out_by': None, 'has_ball': False, 'start_shot_bonus': False, 'deflection_power': 0.0}

[Step 20] Action=[-0.9999189  -0.9411037   0.          0.          0.84265727 -0.04705257
 -0.303553  ] | Reward=+0.035 | Cum=+0.700 | Info={'dive_score': None, 'blocked': False, 'deflected': False, 'wasted_dive': False, 'shot_attempted': False, 'invalid_shot_attempt': False, 'invalid_shot_direction': False, 'fov_visible': True, 'shot_quality': None, 'shot_direction': None, 'shot_power': None, 'goal_scored': False, 'goal_team': None, 'ball_out_by': None, 'has_ball': False, 'start_shot_bonus': False, 'deflection_power': 0.0}

[Step 21] Action=[-0.99991924 -0.94117707  0.          0.          0.8427235  -0.04689303
 -0.3035735 ] | Reward=+0.035 | Cum=+0.735 | Info={'dive_score': None, 'blocked': False, 'deflected': False, 'wasted_dive': False, 'shot_attempted': False, 'invalid_shot_attempt': False, 'invalid_shot_direction': False, 'fov_visible': True, 'shot_quality': None, 'shot_direction': None, 'shot_power': None, 'goal_scored': False, 'goal_team': None, 'ball_out_by': None, 'has_ball': False, 'start_shot_bonus': False, 'deflection_power': 0.0}

[Step 22] Action=[-0.99991953 -0.94125015  0.          0.          0.84278953 -0.0467337
 -0.30359358] | Reward=+0.035 | Cum=+0.770 | Info={'dive_score': None, 'blocked': False, 'deflected': False, 'wasted_dive': False, 'shot_attempted': False, 'invalid_shot_attempt': False, 'invalid_shot_direction': False, 'fov_visible': True, 'shot_quality': None, 'shot_direction': None, 'shot_power': None, 'goal_scored': False, 'goal_team': None, 'ball_out_by': None, 'has_ball': False, 'start_shot_bonus': False, 'deflection_power': 0.0}

[Step 23] Action=[-0.99991983 -0.9413226   0.          0.          0.84285444 -0.04657311
 -0.30361295] | Reward=+0.035 | Cum=+0.805 | Info={'dive_score': None, 'blocked': False, 'deflected': False, 'wasted_dive': False, 'shot_attempted': False, 'invalid_shot_attempt': False, 'invalid_shot_direction': False, 'fov_visible': True, 'shot_quality': None, 'shot_direction': None, 'shot_power': None, 'goal_scored': False, 'goal_team': None, 'ball_out_by': None, 'has_ball': False, 'start_shot_bonus': False, 'deflection_power': 0.0}

[Step 24] Action=[-0.9999202  -0.9413941   0.          0.          0.8429174  -0.04640976
 -0.30363035] | Reward=+0.035 | Cum=+0.840 | Info={'dive_score': None, 'blocked': False, 'deflected': False, 'wasted_dive': False, 'shot_attempted': False, 'invalid_shot_attempt': False, 'invalid_shot_direction': False, 'fov_visible': True, 'shot_quality': None, 'shot_direction': None, 'shot_power': None, 'goal_scored': False, 'goal_team': None, 'ball_out_by': None, 'has_ball': False, 'start_shot_bonus': False, 'deflection_power': 0.0}

[Step 25] Action=[-0.9999205  -0.94146526  0.          0.          0.84297997 -0.04624665
 -0.30364734] | Reward=+0.035 | Cum=+0.875 | Info={'dive_score': None, 'blocked': False, 'deflected': False, 'wasted_dive': False, 'shot_attempted': False, 'invalid_shot_attempt': False, 'invalid_shot_direction': False, 'fov_visible': True, 'shot_quality': None, 'shot_direction': None, 'shot_power': None, 'goal_scored': False, 'goal_team': None, 'ball_out_by': None, 'has_ball': False, 'start_shot_bonus': False, 'deflection_power': 0.0}

[Step 26] Action=[-0.9999208 -0.9415361  0.         0.         0.8430424 -0.0460835
 -0.3036644] | Reward=+0.035 | Cum=+0.910 | Info={'dive_score': None, 'blocked': False, 'deflected': False, 'wasted_dive': False, 'shot_attempted': False, 'invalid_shot_attempt': False, 'invalid_shot_direction': False, 'fov_visible': True, 'shot_quality': None, 'shot_direction': None, 'shot_power': None, 'goal_scored': False, 'goal_team': None, 'ball_out_by': None, 'has_ball': False, 'start_shot_bonus': False, 'deflection_power': 0.0}

[Step 27] Action=[-0.9999211  -0.94160974  0.          0.          0.84310824 -0.04592217
 -0.30367923] | Reward=+0.035 | Cum=+0.945 | Info={'dive_score': None, 'blocked': False, 'deflected': False, 'wasted_dive': False, 'shot_attempted': False, 'invalid_shot_attempt': False, 'invalid_shot_direction': False, 'fov_visible': True, 'shot_quality': None, 'shot_direction': None, 'shot_power': None, 'goal_scored': False, 'goal_team': None, 'ball_out_by': None, 'has_ball': False, 'start_shot_bonus': False, 'deflection_power': 0.0}

[Step 28] Action=[-0.99992144 -0.9416841   0.          0.          0.843175   -0.04576157
 -0.30369377] | Reward=+0.035 | Cum=+0.980 | Info={'dive_score': None, 'blocked': False, 'deflected': False, 'wasted_dive': False, 'shot_attempted': False, 'invalid_shot_attempt': False, 'invalid_shot_direction': False, 'fov_visible': True, 'shot_quality': None, 'shot_direction': None, 'shot_power': None, 'goal_scored': False, 'goal_team': None, 'ball_out_by': None, 'has_ball': False, 'start_shot_bonus': False, 'deflection_power': 0.0}

[Step 29] Action=[-0.99992174 -0.9417595   0.          0.          0.84324336 -0.04560202
 -0.30370373] | Reward=+0.035 | Cum=+1.015 | Info={'dive_score': None, 'blocked': False, 'deflected': False, 'wasted_dive': False, 'shot_attempted': False, 'invalid_shot_attempt': False, 'invalid_shot_direction': False, 'fov_visible': True, 'shot_quality': None, 'shot_direction': None, 'shot_power': None, 'goal_scored': False, 'goal_team': None, 'ball_out_by': None, 'has_ball': False, 'start_shot_bonus': False, 'deflection_power': 0.0}

[Step 30] Action=[-0.99992204 -0.94183505  0.          0.          0.84331167 -0.04544305
 -0.30371216] | Reward=+0.035 | Cum=+1.050 | Info={'dive_score': None, 'blocked': False, 'deflected': False, 'wasted_dive': False, 'shot_attempted': False, 'invalid_shot_attempt': False, 'invalid_shot_direction': False, 'fov_visible': True, 'shot_quality': None, 'shot_direction': None, 'shot_power': None, 'goal_scored': False, 'goal_team': None, 'ball_out_by': None, 'has_ball': False, 'start_shot_bonus': False, 'deflection_power': 0.0}

[Step 31] Action=[-0.9999224  -0.94191027  0.          0.          0.84337974 -0.04528456
 -0.30372038] | Reward=+0.035 | Cum=+1.085 | Info={'dive_score': None, 'blocked': False, 'deflected': False, 'wasted_dive': False, 'shot_attempted': False, 'invalid_shot_attempt': False, 'invalid_shot_direction': False, 'fov_visible': True, 'shot_quality': None, 'shot_direction': None, 'shot_power': None, 'goal_scored': False, 'goal_team': None, 'ball_out_by': None, 'has_ball': False, 'start_shot_bonus': False, 'deflection_power': 0.0}

[Step 32] Action=[-0.9999227  -0.9419852   0.          0.          0.8434475  -0.0451261
 -0.30372858] | Reward=+0.035 | Cum=+1.120 | Info={'dive_score': None, 'blocked': False, 'deflected': False, 'wasted_dive': False, 'shot_attempted': False, 'invalid_shot_attempt': False, 'invalid_shot_direction': False, 'fov_visible': True, 'shot_quality': None, 'shot_direction': None, 'shot_power': None, 'goal_scored': False, 'goal_team': None, 'ball_out_by': None, 'has_ball': False, 'start_shot_bonus': False, 'deflection_power': 0.0}

[Step 33] Action=[-0.999923   -0.94206345  0.          0.          0.8435161  -0.04496508
 -0.30373186] | Reward=+0.035 | Cum=+1.155 | Info={'dive_score': None, 'blocked': False, 'deflected': False, 'wasted_dive': False, 'shot_attempted': False, 'invalid_shot_attempt': False, 'invalid_shot_direction': False, 'fov_visible': True, 'shot_quality': None, 'shot_direction': None, 'shot_power': None, 'goal_scored': False, 'goal_team': None, 'ball_out_by': None, 'has_ball': False, 'start_shot_bonus': False, 'deflection_power': 0.0}

[Step 34] Action=[-0.99992335 -0.9421434   0.          0.          0.8435849  -0.04480236
 -0.3037325 ] | Reward=+0.035 | Cum=+1.190 | Info={'dive_score': None, 'blocked': False, 'deflected': False, 'wasted_dive': False, 'shot_attempted': False, 'invalid_shot_attempt': False, 'invalid_shot_direction': False, 'fov_visible': True, 'shot_quality': None, 'shot_direction': None, 'shot_power': None, 'goal_scored': False, 'goal_team': None, 'ball_out_by': None, 'has_ball': False, 'start_shot_bonus': False, 'deflection_power': 0.0}

[Step 35] Action=[-0.99992365 -0.9422229   0.          0.          0.84365344 -0.04464014
 -0.30373317] | Reward=+0.035 | Cum=+1.225 | Info={'dive_score': None, 'blocked': False, 'deflected': False, 'wasted_dive': False, 'shot_attempted': False, 'invalid_shot_attempt': False, 'invalid_shot_direction': False, 'fov_visible': True, 'shot_quality': None, 'shot_direction': None, 'shot_power': None, 'goal_scored': False, 'goal_team': None, 'ball_out_by': None, 'has_ball': False, 'start_shot_bonus': False, 'deflection_power': 0.0}

[Step 36] Action=[-0.999924   -0.94230217  0.          0.          0.84372175 -0.04447801
 -0.30373338] | Reward=+0.035 | Cum=+1.260 | Info={'dive_score': None, 'blocked': False, 'deflected': False, 'wasted_dive': False, 'shot_attempted': False, 'invalid_shot_attempt': False, 'invalid_shot_direction': False, 'fov_visible': True, 'shot_quality': None, 'shot_direction': None, 'shot_power': None, 'goal_scored': False, 'goal_team': None, 'ball_out_by': None, 'has_ball': False, 'start_shot_bonus': False, 'deflection_power': 0.0}

[Step 37] Action=[-0.9999243  -0.9423811   0.          0.          0.8437897  -0.0443163
 -0.30373332] | Reward=+0.031 | Cum=+1.291 | Info={'dive_score': None, 'blocked': False, 'deflected': False, 'wasted_dive': False, 'shot_attempted': False, 'invalid_shot_attempt': False, 'invalid_shot_direction': False, 'fov_visible': True, 'shot_quality': None, 'shot_direction': None, 'shot_power': None, 'goal_scored': False, 'goal_team': None, 'ball_out_by': None, 'has_ball': False, 'start_shot_bonus': False, 'deflection_power': 0.0}

[Step 38] Action=[-0.99992466 -0.9424638   0.          0.          0.84386665 -0.04415928
 -0.3037377 ] | Reward=+0.031 | Cum=+1.322 | Info={'dive_score': None, 'blocked': False, 'deflected': False, 'wasted_dive': False, 'shot_attempted': False, 'invalid_shot_attempt': False, 'invalid_shot_direction': False, 'fov_visible': True, 'shot_quality': None, 'shot_direction': None, 'shot_power': None, 'goal_scored': False, 'goal_team': None, 'ball_out_by': None, 'has_ball': False, 'start_shot_bonus': False, 'deflection_power': 0.0}

[Step 39] Action=[-0.99992496 -0.9425481   0.          0.          0.8439479  -0.04400467
 -0.30374366] | Reward=+0.031 | Cum=+1.354 | Info={'dive_score': None, 'blocked': False, 'deflected': False, 'wasted_dive': False, 'shot_attempted': False, 'invalid_shot_attempt': False, 'invalid_shot_direction': False, 'fov_visible': True, 'shot_quality': None, 'shot_direction': None, 'shot_power': None, 'goal_scored': False, 'goal_team': None, 'ball_out_by': None, 'has_ball': False, 'start_shot_bonus': False, 'deflection_power': 0.0}

[Step 40] Action=[-0.9999253  -0.9426321   0.          0.          0.8440288  -0.04385017
 -0.30374956] | Reward=+0.031 | Cum=+1.385 | Info={'dive_score': None, 'blocked': False, 'deflected': False, 'wasted_dive': False, 'shot_attempted': False, 'invalid_shot_attempt': False, 'invalid_shot_direction': False, 'fov_visible': True, 'shot_quality': None, 'shot_direction': None, 'shot_power': None, 'goal_scored': False, 'goal_team': None, 'ball_out_by': None, 'has_ball': False, 'start_shot_bonus': False, 'deflection_power': 0.0}

[Step 41] Action=[-0.9999256  -0.9427157   0.          0.          0.8441093  -0.04369609
 -0.30375507] | Reward=+0.031 | Cum=+1.416 | Info={'dive_score': None, 'blocked': False, 'deflected': False, 'wasted_dive': False, 'shot_attempted': False, 'invalid_shot_attempt': False, 'invalid_shot_direction': False, 'fov_visible': True, 'shot_quality': None, 'shot_direction': None, 'shot_power': None, 'goal_scored': False, 'goal_team': None, 'ball_out_by': None, 'has_ball': False, 'start_shot_bonus': False, 'deflection_power': 0.0}

[Step 42] Action=[-0.9999259  -0.94279903  0.          0.          0.84418947 -0.04354231
 -0.30376056] | Reward=+0.031 | Cum=+1.447 | Info={'dive_score': None, 'blocked': False, 'deflected': False, 'wasted_dive': False, 'shot_attempted': False, 'invalid_shot_attempt': False, 'invalid_shot_direction': False, 'fov_visible': True, 'shot_quality': None, 'shot_direction': None, 'shot_power': None, 'goal_scored': False, 'goal_team': None, 'ball_out_by': None, 'has_ball': False, 'start_shot_bonus': False, 'deflection_power': 0.0}

[Step 43] Action=[-0.99992627 -0.94288415  0.          0.          0.8442706  -0.04339411
 -0.30376494] | Reward=+0.024 | Cum=+1.471 | Info={'dive_score': None, 'blocked': False, 'deflected': False, 'wasted_dive': False, 'shot_attempted': False, 'invalid_shot_attempt': False, 'invalid_shot_direction': False, 'fov_visible': True, 'shot_quality': None, 'shot_direction': None, 'shot_power': None, 'goal_scored': False, 'goal_team': None, 'ball_out_by': None, 'has_ball': False, 'start_shot_bonus': False, 'deflection_power': 0.0}

[Step 44] Action=[-0.99992657 -0.94296896  0.          0.          0.8443515  -0.04324597
 -0.3037688 ] | Reward=+2.774 | Cum=+4.245 | Info={'dive_score': None, 'blocked': False, 'deflected': False, 'wasted_dive': False, 'shot_attempted': False, 'invalid_shot_attempt': False, 'invalid_shot_direction': False, 'fov_visible': True, 'shot_quality': None, 'shot_direction': None, 'shot_power': None, 'goal_scored': False, 'goal_team': None, 'ball_out_by': 'att_1', 'has_ball': False, 'start_shot_bonus': False, 'deflection_power': 0.0}

