Debug log for att_2 (Episode 300)
================================================================================
[Step 1] Action=[ 0.9001531  -0.37899005  0.67226076  0.          0.6296322  -0.26416048
 -0.8454385 ] | Reward=-0.002 | Cum=-0.002 | Info={'shot_attempted': False, 'pass_attempted': False, 'goal_scored': False, 'goal_team': None, 'ball_out_by': None, 'has_ball': False, 'start_shot_bonus': False, 'start_pass_bonus': False, 'possession_lost': False}

[Step 2] Action=[ 0.9559642  -0.46423116  0.74827164  0.          0.7437452  -0.28255767
 -0.9277784 ] | Reward=-0.002 | Cum=-0.003 | Info={'shot_attempted': False, 'pass_attempted': False, 'goal_scored': False, 'goal_team': None, 'ball_out_by': None, 'has_ball': False, 'start_shot_bonus': False, 'start_pass_bonus': False, 'possession_lost': False}

[Step 3] Action=[ 0.95594877 -0.46416336  0.7482492   0.          0.74373484 -0.28252295
 -0.92774236] | Reward=-0.001 | Cum=-0.005 | Info={'shot_attempted': False, 'pass_attempted': False, 'goal_scored': False, 'goal_team': None, 'ball_out_by': None, 'has_ball': False, 'start_shot_bonus': False, 'start_pass_bonus': False, 'possession_lost': False}

[Step 4] Action=[ 0.95593333 -0.46409565  0.7482269   0.          0.74372447 -0.28248817
 -0.92770636] | Reward=-0.001 | Cum=-0.006 | Info={'shot_attempted': False, 'pass_attempted': False, 'goal_scored': False, 'goal_team': None, 'ball_out_by': None, 'has_ball': False, 'start_shot_bonus': False, 'start_pass_bonus': False, 'possession_lost': False}

[Step 5] Action=[ 0.9559179  -0.46402812  0.74820465  0.          0.7437142  -0.28245336
 -0.92767036] | Reward=-0.001 | Cum=-0.007 | Info={'shot_attempted': False, 'pass_attempted': False, 'goal_scored': False, 'goal_team': None, 'ball_out_by': None, 'has_ball': False, 'start_shot_bonus': False, 'start_pass_bonus': False, 'possession_lost': False}

[Step 6] Action=[ 0.95590246 -0.46396044  0.7481825   0.          0.743704   -0.28241858
 -0.9276344 ] | Reward=-0.001 | Cum=-0.008 | Info={'shot_attempted': False, 'pass_attempted': False, 'goal_scored': False, 'goal_team': None, 'ball_out_by': None, 'has_ball': False, 'start_shot_bonus': False, 'start_pass_bonus': False, 'possession_lost': False}

[Step 7] Action=[ 0.95588714 -0.46389312  0.7481603   0.          0.74369365 -0.28238374
 -0.92759854] | Reward=-0.001 | Cum=-0.008 | Info={'shot_attempted': False, 'pass_attempted': False, 'goal_scored': False, 'goal_team': None, 'ball_out_by': None, 'has_ball': False, 'start_shot_bonus': False, 'start_pass_bonus': False, 'possession_lost': False}

[Step 8] Action=[ 0.9577423  -0.43808186  0.75809073  0.          0.75153613 -0.30145392
 -0.9249702 ] | Reward=-0.001 | Cum=-0.009 | Info={'shot_attempted': False, 'pass_attempted': False, 'goal_scored': False, 'goal_team': None, 'ball_out_by': None, 'has_ball': False, 'start_shot_bonus': False, 'start_pass_bonus': False, 'possession_lost': False}

[Step 9] Action=[ 0.9577254  -0.4380341   0.7580847   0.          0.75151914 -0.3013806
 -0.9249317 ] | Reward=-0.001 | Cum=-0.010 | Info={'shot_attempted': False, 'pass_attempted': False, 'goal_scored': False, 'goal_team': None, 'ball_out_by': None, 'has_ball': False, 'start_shot_bonus': False, 'start_pass_bonus': False, 'possession_lost': False}

[Step 10] Action=[ 0.95771384 -0.43791607  0.75803965  0.          0.7514912  -0.30125195
 -0.9248907 ] | Reward=+0.000 | Cum=-0.010 | Info={'shot_attempted': False, 'pass_attempted': False, 'goal_scored': False, 'goal_team': None, 'ball_out_by': None, 'has_ball': False, 'start_shot_bonus': False, 'start_pass_bonus': False, 'possession_lost': False}

[Step 11] Action=[ 0.95769954 -0.4378332   0.758014    0.          0.7514685  -0.30115083
 -0.9248508 ] | Reward=+0.000 | Cum=-0.009 | Info={'shot_attempted': False, 'pass_attempted': False, 'goal_scored': False, 'goal_team': None, 'ball_out_by': None, 'has_ball': False, 'start_shot_bonus': False, 'start_pass_bonus': False, 'possession_lost': False}

[Step 12] Action=[ 0.9576828  -0.43778557  0.75800806  0.          0.7514517  -0.30107766
 -0.9248124 ] | Reward=+0.000 | Cum=-0.009 | Info={'shot_attempted': False, 'pass_attempted': False, 'goal_scored': False, 'goal_team': None, 'ball_out_by': None, 'has_ball': False, 'start_shot_bonus': False, 'start_pass_bonus': False, 'possession_lost': False}

[Step 13] Action=[ 0.957666   -0.43773818  0.7580022   0.          0.75143486 -0.3010046
 -0.924774  ] | Reward=+0.000 | Cum=-0.008 | Info={'shot_attempted': False, 'pass_attempted': False, 'goal_scored': False, 'goal_team': None, 'ball_out_by': None, 'has_ball': False, 'start_shot_bonus': False, 'start_pass_bonus': False, 'possession_lost': False}

[Step 14] Action=[ 0.95764923 -0.43769082  0.7579963   0.          0.751418   -0.30093142
 -0.92473567] | Reward=+0.000 | Cum=-0.008 | Info={'shot_attempted': False, 'pass_attempted': False, 'goal_scored': False, 'goal_team': None, 'ball_out_by': None, 'has_ball': False, 'start_shot_bonus': False, 'start_pass_bonus': False, 'possession_lost': False}

[Step 15] Action=[ 0.9576325  -0.4376436   0.75799054  0.          0.75140125 -0.30085838
 -0.92469734] | Reward=+0.001 | Cum=-0.007 | Info={'shot_attempted': False, 'pass_attempted': False, 'goal_scored': False, 'goal_team': None, 'ball_out_by': None, 'has_ball': False, 'start_shot_bonus': False, 'start_pass_bonus': False, 'possession_lost': False}

[Step 16] Action=[ 0.9576158  -0.43759608  0.7579847   0.          0.75138444 -0.30078548
 -0.924659  ] | Reward=+0.001 | Cum=-0.006 | Info={'shot_attempted': False, 'pass_attempted': False, 'goal_scored': False, 'goal_team': None, 'ball_out_by': None, 'has_ball': False, 'start_shot_bonus': False, 'start_pass_bonus': False, 'possession_lost': False}

[Step 17] Action=[ 0.9575991  -0.4375489   0.7579789   0.          0.7513677  -0.30071247
 -0.9246208 ] | Reward=+0.001 | Cum=-0.004 | Info={'shot_attempted': False, 'pass_attempted': False, 'goal_scored': False, 'goal_team': None, 'ball_out_by': None, 'has_ball': False, 'start_shot_bonus': False, 'start_pass_bonus': False, 'possession_lost': False}

[Step 18] Action=[ 0.9575824  -0.4375018   0.7579732   0.          0.751351   -0.30063948
 -0.92458254] | Reward=+0.001 | Cum=-0.003 | Info={'shot_attempted': False, 'pass_attempted': False, 'goal_scored': False, 'goal_team': None, 'ball_out_by': None, 'has_ball': False, 'start_shot_bonus': False, 'start_pass_bonus': False, 'possession_lost': False}

[Step 19] Action=[ 0.9575658  -0.43745482  0.75796765  0.          0.7513343  -0.30056655
 -0.92454433] | Reward=+0.001 | Cum=-0.002 | Info={'shot_attempted': False, 'pass_attempted': False, 'goal_scored': False, 'goal_team': None, 'ball_out_by': None, 'has_ball': False, 'start_shot_bonus': False, 'start_pass_bonus': False, 'possession_lost': False}

[Step 20] Action=[ 0.95754915 -0.4374077   0.757962    0.          0.75131774 -0.3004939
 -0.9245061 ] | Reward=+0.002 | Cum=+0.000 | Info={'shot_attempted': False, 'pass_attempted': False, 'goal_scored': False, 'goal_team': None, 'ball_out_by': None, 'has_ball': False, 'start_shot_bonus': False, 'start_pass_bonus': False, 'possession_lost': False}

[Step 21] Action=[ 0.9575325  -0.43736082  0.7579564   0.          0.7513011  -0.30042103
 -0.924468  ] | Reward=+0.002 | Cum=+0.002 | Info={'shot_attempted': False, 'pass_attempted': False, 'goal_scored': False, 'goal_team': None, 'ball_out_by': None, 'has_ball': False, 'start_shot_bonus': False, 'start_pass_bonus': False, 'possession_lost': False}

[Step 22] Action=[ 0.9575159  -0.43731385  0.75795084  0.          0.75128454 -0.3003482
 -0.92442983] | Reward=+0.002 | Cum=+0.005 | Info={'shot_attempted': False, 'pass_attempted': False, 'goal_scored': False, 'goal_team': None, 'ball_out_by': None, 'has_ball': False, 'start_shot_bonus': False, 'start_pass_bonus': False, 'possession_lost': False}

[Step 23] Action=[ 0.9574994  -0.4372672   0.7579454   0.          0.75126815 -0.3002756
 -0.92439175] | Reward=+0.002 | Cum=+0.007 | Info={'shot_attempted': False, 'pass_attempted': False, 'goal_scored': False, 'goal_team': None, 'ball_out_by': None, 'has_ball': False, 'start_shot_bonus': False, 'start_pass_bonus': False, 'possession_lost': False}

[Step 24] Action=[ 0.9574828  -0.43722045  0.75793993  0.          0.75125164 -0.3002029
 -0.92435366] | Reward=+0.002 | Cum=+0.010 | Info={'shot_attempted': False, 'pass_attempted': False, 'goal_scored': False, 'goal_team': None, 'ball_out_by': None, 'has_ball': False, 'start_shot_bonus': False, 'start_pass_bonus': False, 'possession_lost': False}

[Step 25] Action=[ 0.9574663  -0.4371737   0.7579345   0.          0.751235   -0.30013028
 -0.92431563] | Reward=+0.003 | Cum=+0.013 | Info={'shot_attempted': False, 'pass_attempted': False, 'goal_scored': False, 'goal_team': None, 'ball_out_by': None, 'has_ball': False, 'start_shot_bonus': False, 'start_pass_bonus': False, 'possession_lost': False}

[Step 26] Action=[ 0.95744973 -0.4371268   0.75792915  0.          0.75121874 -0.3000579
 -0.9242776 ] | Reward=+0.003 | Cum=+0.016 | Info={'shot_attempted': False, 'pass_attempted': False, 'goal_scored': False, 'goal_team': None, 'ball_out_by': None, 'has_ball': False, 'start_shot_bonus': False, 'start_pass_bonus': False, 'possession_lost': False}

[Step 27] Action=[ 0.9574333  -0.4370802   0.7579238   0.          0.7512023  -0.29998526
 -0.9242396 ] | Reward=+0.003 | Cum=+0.019 | Info={'shot_attempted': False, 'pass_attempted': False, 'goal_scored': False, 'goal_team': None, 'ball_out_by': None, 'has_ball': False, 'start_shot_bonus': False, 'start_pass_bonus': False, 'possession_lost': False}

[Step 28] Action=[ 0.9574168  -0.43703294  0.75791943  0.          0.7511845  -0.29991245
 -0.92420125] | Reward=+0.003 | Cum=+0.022 | Info={'shot_attempted': False, 'pass_attempted': False, 'goal_scored': False, 'goal_team': None, 'ball_out_by': None, 'has_ball': False, 'start_shot_bonus': False, 'start_pass_bonus': False, 'possession_lost': False}

[Step 29] Action=[ 0.9574004  -0.4369854   0.75791526  0.          0.7511666  -0.29983988
 -0.9241628 ] | Reward=+0.003 | Cum=+0.026 | Info={'shot_attempted': False, 'pass_attempted': False, 'goal_scored': False, 'goal_team': None, 'ball_out_by': None, 'has_ball': False, 'start_shot_bonus': False, 'start_pass_bonus': False, 'possession_lost': False}

[Step 30] Action=[ 0.95738393 -0.4369379   0.757911    0.          0.7511485  -0.29976726
 -0.9241244 ] | Reward=+0.004 | Cum=+0.030 | Info={'shot_attempted': False, 'pass_attempted': False, 'goal_scored': False, 'goal_team': None, 'ball_out_by': None, 'has_ball': False, 'start_shot_bonus': False, 'start_pass_bonus': False, 'possession_lost': False}

[Step 31] Action=[ 0.95736754 -0.43689054  0.757907    0.          0.7511307  -0.2996946
 -0.92408603] | Reward=+0.004 | Cum=+0.034 | Info={'shot_attempted': False, 'pass_attempted': False, 'goal_scored': False, 'goal_team': None, 'ball_out_by': None, 'has_ball': False, 'start_shot_bonus': False, 'start_pass_bonus': False, 'possession_lost': False}

[Step 32] Action=[ 0.95735115 -0.43684343  0.7579028   0.          0.7511128  -0.29962197
 -0.9240477 ] | Reward=+0.004 | Cum=+0.039 | Info={'shot_attempted': False, 'pass_attempted': False, 'goal_scored': False, 'goal_team': None, 'ball_out_by': None, 'has_ball': False, 'start_shot_bonus': False, 'start_pass_bonus': False, 'possession_lost': False}

[Step 33] Action=[ 0.9573348  -0.43679616  0.7578989   0.          0.75109494 -0.2995495
 -0.9240094 ] | Reward=+0.004 | Cum=+0.043 | Info={'shot_attempted': False, 'pass_attempted': False, 'goal_scored': False, 'goal_team': None, 'ball_out_by': None, 'has_ball': False, 'start_shot_bonus': False, 'start_pass_bonus': False, 'possession_lost': False}

[Step 34] Action=[ 0.9573185  -0.43674904  0.75789475  0.          0.7510771  -0.29947695
 -0.9239711 ] | Reward=+0.004 | Cum=+0.047 | Info={'shot_attempted': False, 'pass_attempted': False, 'goal_scored': False, 'goal_team': None, 'ball_out_by': None, 'has_ball': False, 'start_shot_bonus': False, 'start_pass_bonus': False, 'possession_lost': False}

[Step 35] Action=[ 0.95730215 -0.43670186  0.7578908   0.          0.75105935 -0.29940444
 -0.9239328 ] | Reward=+0.005 | Cum=+0.053 | Info={'shot_attempted': False, 'pass_attempted': False, 'goal_scored': False, 'goal_team': None, 'ball_out_by': None, 'has_ball': False, 'start_shot_bonus': False, 'start_pass_bonus': False, 'possession_lost': False}

[Step 36] Action=[ 0.9572858  -0.43665487  0.75788695  0.          0.7510416  -0.29933205
 -0.92389464] | Reward=+0.005 | Cum=+0.058 | Info={'shot_attempted': False, 'pass_attempted': False, 'goal_scored': False, 'goal_team': None, 'ball_out_by': None, 'has_ball': False, 'start_shot_bonus': False, 'start_pass_bonus': False, 'possession_lost': False}

[Step 37] Action=[ 0.95726955 -0.43660793  0.757883    0.          0.7510239  -0.29925966
 -0.92385644] | Reward=+0.005 | Cum=+0.063 | Info={'shot_attempted': False, 'pass_attempted': False, 'goal_scored': False, 'goal_team': None, 'ball_out_by': None, 'has_ball': False, 'start_shot_bonus': False, 'start_pass_bonus': False, 'possession_lost': False}

[Step 38] Action=[ 0.9572533  -0.4365608   0.75787926  0.          0.7510061  -0.29918745
 -0.92381823] | Reward=+0.005 | Cum=+0.068 | Info={'shot_attempted': False, 'pass_attempted': False, 'goal_scored': False, 'goal_team': None, 'ball_out_by': None, 'has_ball': False, 'start_shot_bonus': False, 'start_pass_bonus': False, 'possession_lost': False}

[Step 39] Action=[ 0.95723706 -0.436514    0.75787544  0.          0.7509885  -0.2991152
 -0.9237801 ] | Reward=+0.005 | Cum=+0.074 | Info={'shot_attempted': False, 'pass_attempted': False, 'goal_scored': False, 'goal_team': None, 'ball_out_by': None, 'has_ball': False, 'start_shot_bonus': False, 'start_pass_bonus': False, 'possession_lost': False}

[Step 40] Action=[ 0.95722085 -0.43646714  0.7578716   0.          0.7509709  -0.2990429
 -0.923742  ] | Reward=+0.006 | Cum=+0.080 | Info={'shot_attempted': False, 'pass_attempted': False, 'goal_scored': False, 'goal_team': None, 'ball_out_by': None, 'has_ball': False, 'start_shot_bonus': False, 'start_pass_bonus': False, 'possession_lost': False}

[Step 41] Action=[ 0.95720464 -0.43642044  0.75786793  0.          0.7509534  -0.29897067
 -0.9237039 ] | Reward=+0.006 | Cum=+0.086 | Info={'shot_attempted': False, 'pass_attempted': False, 'goal_scored': False, 'goal_team': None, 'ball_out_by': None, 'has_ball': False, 'start_shot_bonus': False, 'start_pass_bonus': False, 'possession_lost': False}

[Step 42] Action=[ 0.9571885  -0.43637383  0.7578642   0.          0.75093573 -0.29889858
 -0.9236658 ] | Reward=+0.006 | Cum=+0.093 | Info={'shot_attempted': False, 'pass_attempted': False, 'goal_scored': False, 'goal_team': None, 'ball_out_by': None, 'has_ball': False, 'start_shot_bonus': False, 'start_pass_bonus': False, 'possession_lost': False}

[Step 43] Action=[ 0.95717233 -0.436327    0.75786054  0.          0.7509182  -0.29882652
 -0.9236278 ] | Reward=+0.006 | Cum=+0.099 | Info={'shot_attempted': False, 'pass_attempted': False, 'goal_scored': False, 'goal_team': None, 'ball_out_by': None, 'has_ball': False, 'start_shot_bonus': False, 'start_pass_bonus': False, 'possession_lost': False}

[Step 44] Action=[ 0.9571562  -0.43628055  0.75785697  0.          0.7509008  -0.29875463
 -0.9235898 ] | Reward=+0.007 | Cum=+0.106 | Info={'shot_attempted': False, 'pass_attempted': False, 'goal_scored': False, 'goal_team': None, 'ball_out_by': None, 'has_ball': False, 'start_shot_bonus': False, 'start_pass_bonus': False, 'possession_lost': False}

[Step 45] Action=[ 0.9571401  -0.4362341   0.7578533   0.          0.75088334 -0.29868254
 -0.9235518 ] | Reward=+0.007 | Cum=+0.113 | Info={'shot_attempted': False, 'pass_attempted': False, 'goal_scored': False, 'goal_team': None, 'ball_out_by': None, 'has_ball': False, 'start_shot_bonus': False, 'start_pass_bonus': False, 'possession_lost': False}

[Step 46] Action=[ 0.957124   -0.43618757  0.7578499   0.          0.7508659  -0.2986106
 -0.9235139 ] | Reward=+0.007 | Cum=+0.121 | Info={'shot_attempted': False, 'pass_attempted': False, 'goal_scored': False, 'goal_team': None, 'ball_out_by': None, 'has_ball': False, 'start_shot_bonus': False, 'start_pass_bonus': False, 'possession_lost': False}

[Step 47] Action=[ 0.9571079  -0.43614092  0.7578464   0.          0.75084853 -0.29853868
 -0.9234759 ] | Reward=+0.007 | Cum=+0.128 | Info={'shot_attempted': False, 'pass_attempted': False, 'goal_scored': False, 'goal_team': None, 'ball_out_by': None, 'has_ball': False, 'start_shot_bonus': False, 'start_pass_bonus': False, 'possession_lost': False}

[Step 48] Action=[ 0.95709187 -0.43609488  0.75784296  0.          0.7508312  -0.2984668
 -0.9234381 ] | Reward=+0.007 | Cum=+0.135 | Info={'shot_attempted': False, 'pass_attempted': False, 'goal_scored': False, 'goal_team': None, 'ball_out_by': None, 'has_ball': False, 'start_shot_bonus': False, 'start_pass_bonus': False, 'possession_lost': False}

[Step 49] Action=[ 0.95707583 -0.4360482   0.7578395   0.          0.7508139  -0.29839507
 -0.92340016] | Reward=+0.008 | Cum=+0.143 | Info={'shot_attempted': False, 'pass_attempted': False, 'goal_scored': False, 'goal_team': None, 'ball_out_by': None, 'has_ball': False, 'start_shot_bonus': False, 'start_pass_bonus': False, 'possession_lost': False}

[Step 50] Action=[ 0.95705986 -0.4360005   0.7578349   0.          0.750797   -0.29832333
 -0.923362  ] | Reward=+0.008 | Cum=+0.152 | Info={'shot_attempted': False, 'pass_attempted': False, 'goal_scored': False, 'goal_team': None, 'ball_out_by': None, 'has_ball': False, 'start_shot_bonus': False, 'start_pass_bonus': False, 'possession_lost': False}

[Step 51] Action=[ 0.9570439  -0.43595257  0.7578304   0.          0.7507801  -0.29825205
 -0.9233239 ] | Reward=+0.008 | Cum=+0.160 | Info={'shot_attempted': False, 'pass_attempted': False, 'goal_scored': False, 'goal_team': None, 'ball_out_by': None, 'has_ball': False, 'start_shot_bonus': False, 'start_pass_bonus': False, 'possession_lost': False}

[Step 52] Action=[ 0.957028   -0.43590477  0.757826    0.          0.7507631  -0.29818058
 -0.92328584] | Reward=+0.008 | Cum=+0.168 | Info={'shot_attempted': False, 'pass_attempted': False, 'goal_scored': False, 'goal_team': None, 'ball_out_by': None, 'has_ball': False, 'start_shot_bonus': False, 'start_pass_bonus': False, 'possession_lost': False}

[Step 53] Action=[ 0.9570121  -0.43585727  0.75782156  0.          0.75074637 -0.29810932
 -0.9232479 ] | Reward=+0.008 | Cum=+0.177 | Info={'shot_attempted': False, 'pass_attempted': False, 'goal_scored': False, 'goal_team': None, 'ball_out_by': None, 'has_ball': False, 'start_shot_bonus': False, 'start_pass_bonus': False, 'possession_lost': False}

[Step 54] Action=[ 0.9569962  -0.43580946  0.7578172   0.          0.75072956 -0.29803792
 -0.9232098 ] | Reward=+0.009 | Cum=+0.186 | Info={'shot_attempted': False, 'pass_attempted': False, 'goal_scored': False, 'goal_team': None, 'ball_out_by': None, 'has_ball': False, 'start_shot_bonus': False, 'start_pass_bonus': False, 'possession_lost': False}

[Step 55] Action=[ 0.95698035 -0.4357618   0.75781286  0.          0.7507129  -0.2979664
 -0.9231718 ] | Reward=+0.009 | Cum=+0.195 | Info={'shot_attempted': False, 'pass_attempted': False, 'goal_scored': False, 'goal_team': None, 'ball_out_by': None, 'has_ball': False, 'start_shot_bonus': False, 'start_pass_bonus': False, 'possession_lost': False}

[Step 56] Action=[ 0.95696455 -0.43571422  0.7578086   0.          0.750696   -0.29789513
 -0.92313385] | Reward=+0.009 | Cum=+0.204 | Info={'shot_attempted': False, 'pass_attempted': False, 'goal_scored': False, 'goal_team': None, 'ball_out_by': None, 'has_ball': False, 'start_shot_bonus': False, 'start_pass_bonus': False, 'possession_lost': False}

[Step 57] Action=[ 0.95694876 -0.43566692  0.7578044   0.          0.7506793  -0.29782403
 -0.92309594] | Reward=+0.009 | Cum=+0.214 | Info={'shot_attempted': False, 'pass_attempted': False, 'goal_scored': False, 'goal_team': None, 'ball_out_by': None, 'has_ball': False, 'start_shot_bonus': False, 'start_pass_bonus': False, 'possession_lost': False}

[Step 58] Action=[ 0.95693296 -0.43561935  0.7578001   0.          0.7506626  -0.29775277
 -0.92305803] | Reward=+0.009 | Cum=+0.223 | Info={'shot_attempted': False, 'pass_attempted': False, 'goal_scored': False, 'goal_team': None, 'ball_out_by': None, 'has_ball': False, 'start_shot_bonus': False, 'start_pass_bonus': False, 'possession_lost': False}

[Step 59] Action=[ 0.95691717 -0.43557203  0.7577958   0.          0.7506461  -0.2976817
 -0.9230201 ] | Reward=+0.010 | Cum=+0.233 | Info={'shot_attempted': False, 'pass_attempted': False, 'goal_scored': False, 'goal_team': None, 'ball_out_by': None, 'has_ball': False, 'start_shot_bonus': False, 'start_pass_bonus': False, 'possession_lost': False}

[Step 60] Action=[ 0.9569014  -0.43552458  0.7577919   0.          0.7506295  -0.29761058
 -0.9229823 ] | Reward=+0.010 | Cum=+0.243 | Info={'shot_attempted': False, 'pass_attempted': False, 'goal_scored': False, 'goal_team': None, 'ball_out_by': None, 'has_ball': False, 'start_shot_bonus': False, 'start_pass_bonus': False, 'possession_lost': False}

[Step 61] Action=[ 0.9568852  -0.43547952  0.75779     0.          0.7506126  -0.2975359
 -0.9229432 ] | Reward=+0.010 | Cum=+0.253 | Info={'shot_attempted': False, 'pass_attempted': False, 'goal_scored': False, 'goal_team': None, 'ball_out_by': None, 'has_ball': False, 'start_shot_bonus': False, 'start_pass_bonus': False, 'possession_lost': False}

[Step 62] Action=[ 0.95686907 -0.43543476  0.7577882   0.          0.7505959  -0.29746124
 -0.92290413] | Reward=+0.010 | Cum=+0.264 | Info={'shot_attempted': False, 'pass_attempted': False, 'goal_scored': False, 'goal_team': None, 'ball_out_by': None, 'has_ball': False, 'start_shot_bonus': False, 'start_pass_bonus': False, 'possession_lost': False}

[Step 63] Action=[ 0.9568529  -0.43538997  0.75778645  0.          0.7505792  -0.2973865
 -0.92286515] | Reward=+0.010 | Cum=+0.274 | Info={'shot_attempted': False, 'pass_attempted': False, 'goal_scored': False, 'goal_team': None, 'ball_out_by': None, 'has_ball': False, 'start_shot_bonus': False, 'start_pass_bonus': False, 'possession_lost': False}

[Step 64] Action=[ 0.9521577  -0.41428024  0.7535116   0.          0.74293095 -0.28558213
 -0.91327643] | Reward=+0.011 | Cum=+0.285 | Info={'shot_attempted': False, 'pass_attempted': False, 'goal_scored': False, 'goal_team': None, 'ball_out_by': None, 'has_ball': False, 'start_shot_bonus': False, 'start_pass_bonus': False, 'possession_lost': False}

[Step 65] Action=[ 0.95403624 -0.4272279   0.75095654  0.          0.7437747  -0.29120272
 -0.91814536] | Reward=+0.011 | Cum=+0.297 | Info={'shot_attempted': False, 'pass_attempted': False, 'goal_scored': False, 'goal_team': None, 'ball_out_by': None, 'has_ball': False, 'start_shot_bonus': False, 'start_pass_bonus': False, 'possession_lost': False}

[Step 66] Action=[ 0.9540189  -0.4271573   0.750961    0.          0.74376726 -0.29113236
 -0.9181013 ] | Reward=+0.011 | Cum=+0.308 | Info={'shot_attempted': False, 'pass_attempted': False, 'goal_scored': False, 'goal_team': None, 'ball_out_by': None, 'has_ball': False, 'start_shot_bonus': False, 'start_pass_bonus': False, 'possession_lost': False}

[Step 67] Action=[ 0.9540016  -0.42708704  0.7509654   0.          0.7437598  -0.29106206
 -0.91805726] | Reward=+0.011 | Cum=+0.319 | Info={'shot_attempted': False, 'pass_attempted': False, 'goal_scored': False, 'goal_team': None, 'ball_out_by': None, 'has_ball': False, 'start_shot_bonus': False, 'start_pass_bonus': False, 'possession_lost': False}

[Step 68] Action=[ 0.9539843  -0.42701653  0.75096995  0.          0.7437524  -0.29099166
 -0.9180133 ] | Reward=+0.011 | Cum=+0.331 | Info={'shot_attempted': False, 'pass_attempted': False, 'goal_scored': False, 'goal_team': None, 'ball_out_by': None, 'has_ball': False, 'start_shot_bonus': False, 'start_pass_bonus': False, 'possession_lost': False}

[Step 69] Action=[ 0.95396703 -0.42694628  0.75097454  0.          0.74374497 -0.29092118
 -0.91796935] | Reward=+0.012 | Cum=+0.343 | Info={'shot_attempted': False, 'pass_attempted': False, 'goal_scored': False, 'goal_team': None, 'ball_out_by': None, 'has_ball': False, 'start_shot_bonus': False, 'start_pass_bonus': False, 'possession_lost': False}

[Step 70] Action=[ 0.9539498  -0.42687613  0.750979    0.          0.74373764 -0.29085106
 -0.91792536] | Reward=+0.012 | Cum=+0.355 | Info={'shot_attempted': False, 'pass_attempted': False, 'goal_scored': False, 'goal_team': None, 'ball_out_by': None, 'has_ball': False, 'start_shot_bonus': False, 'start_pass_bonus': False, 'possession_lost': False}

[Step 71] Action=[ 0.9539326  -0.426806    0.7509837   0.          0.7437303  -0.29078084
 -0.9178815 ] | Reward=+0.012 | Cum=+0.367 | Info={'shot_attempted': False, 'pass_attempted': False, 'goal_scored': False, 'goal_team': None, 'ball_out_by': None, 'has_ball': False, 'start_shot_bonus': False, 'start_pass_bonus': False, 'possession_lost': False}

[Step 72] Action=[ 0.95391536 -0.42673618  0.7509883   0.          0.7437231  -0.29071072
 -0.9178377 ] | Reward=+0.012 | Cum=+0.379 | Info={'shot_attempted': False, 'pass_attempted': False, 'goal_scored': False, 'goal_team': None, 'ball_out_by': None, 'has_ball': False, 'start_shot_bonus': False, 'start_pass_bonus': False, 'possession_lost': False}

[Step 73] Action=[ 0.9538982  -0.42666608  0.750993    0.          0.7437158  -0.29064065
 -0.9177938 ] | Reward=+0.012 | Cum=+0.392 | Info={'shot_attempted': False, 'pass_attempted': False, 'goal_scored': False, 'goal_team': None, 'ball_out_by': None, 'has_ball': False, 'start_shot_bonus': False, 'start_pass_bonus': False, 'possession_lost': False}

[Step 74] Action=[ 0.95388114 -0.4265963   0.7509977   0.          0.7437086  -0.29057047
 -0.91775   ] | Reward=+0.013 | Cum=+0.405 | Info={'shot_attempted': False, 'pass_attempted': False, 'goal_scored': False, 'goal_team': None, 'ball_out_by': None, 'has_ball': False, 'start_shot_bonus': False, 'start_pass_bonus': False, 'possession_lost': False}

[Step 75] Action=[ 0.953864   -0.4265265   0.75100243  0.          0.74370134 -0.29050052
 -0.9177063 ] | Reward=+0.013 | Cum=+0.418 | Info={'shot_attempted': False, 'pass_attempted': False, 'goal_scored': False, 'goal_team': None, 'ball_out_by': None, 'has_ball': False, 'start_shot_bonus': False, 'start_pass_bonus': False, 'possession_lost': False}

[Step 76] Action=[ 0.9538469  -0.4264569   0.75100726  0.          0.74369425 -0.2904306
 -0.91766256] | Reward=+0.013 | Cum=+0.432 | Info={'shot_attempted': False, 'pass_attempted': False, 'goal_scored': False, 'goal_team': None, 'ball_out_by': None, 'has_ball': False, 'start_shot_bonus': False, 'start_pass_bonus': False, 'possession_lost': False}

[Step 77] Action=[ 0.95382977 -0.42638716  0.7510121   0.          0.74368703 -0.2903608
 -0.9176188 ] | Reward=+0.013 | Cum=+0.445 | Info={'shot_attempted': False, 'pass_attempted': False, 'goal_scored': False, 'goal_team': None, 'ball_out_by': None, 'has_ball': False, 'start_shot_bonus': False, 'start_pass_bonus': False, 'possession_lost': False}

[Step 78] Action=[ 0.9538127  -0.42631778  0.751017    0.          0.74367994 -0.29029095
 -0.91757524] | Reward=+0.014 | Cum=+0.459 | Info={'shot_attempted': False, 'pass_attempted': False, 'goal_scored': False, 'goal_team': None, 'ball_out_by': None, 'has_ball': False, 'start_shot_bonus': False, 'start_pass_bonus': False, 'possession_lost': False}

[Step 79] Action=[ 0.9537957  -0.42624837  0.75102186  0.          0.7436728  -0.29022127
 -0.91753155] | Reward=+0.014 | Cum=+0.473 | Info={'shot_attempted': False, 'pass_attempted': False, 'goal_scored': False, 'goal_team': None, 'ball_out_by': None, 'has_ball': False, 'start_shot_bonus': False, 'start_pass_bonus': False, 'possession_lost': False}

[Step 80] Action=[ 0.9537787  -0.42617887  0.75102687  0.          0.7436657  -0.29015154
 -0.917488  ] | Reward=+0.014 | Cum=+0.487 | Info={'shot_attempted': False, 'pass_attempted': False, 'goal_scored': False, 'goal_team': None, 'ball_out_by': None, 'has_ball': False, 'start_shot_bonus': False, 'start_pass_bonus': False, 'possession_lost': False}

[Step 81] Action=[ 0.9537617  -0.42610973  0.7510318   0.          0.7436587  -0.2900819
 -0.9174444 ] | Reward=+0.014 | Cum=+0.502 | Info={'shot_attempted': False, 'pass_attempted': False, 'goal_scored': False, 'goal_team': None, 'ball_out_by': None, 'has_ball': False, 'start_shot_bonus': False, 'start_pass_bonus': False, 'possession_lost': False}

[Step 82] Action=[ 0.9537447  -0.42604056  0.7510369   0.          0.7436517  -0.2900122
 -0.9174009 ] | Reward=+0.014 | Cum=+0.516 | Info={'shot_attempted': False, 'pass_attempted': False, 'goal_scored': False, 'goal_team': None, 'ball_out_by': None, 'has_ball': False, 'start_shot_bonus': False, 'start_pass_bonus': False, 'possession_lost': False}

[Step 83] Action=[ 0.95372784 -0.4259714   0.7510419   0.          0.7436447  -0.28994265
 -0.9173574 ] | Reward=+0.015 | Cum=+0.531 | Info={'shot_attempted': False, 'pass_attempted': False, 'goal_scored': False, 'goal_team': None, 'ball_out_by': None, 'has_ball': False, 'start_shot_bonus': False, 'start_pass_bonus': False, 'possession_lost': False}

[Step 84] Action=[ 0.9537109  -0.42590228  0.75104696  0.          0.74363786 -0.28987315
 -0.91731393] | Reward=+0.015 | Cum=+0.546 | Info={'shot_attempted': False, 'pass_attempted': False, 'goal_scored': False, 'goal_team': None, 'ball_out_by': None, 'has_ball': False, 'start_shot_bonus': False, 'start_pass_bonus': False, 'possession_lost': False}

[Step 85] Action=[ 0.95369405 -0.4258335   0.7510521   0.          0.7436309  -0.2898036
 -0.91727054] | Reward=+0.015 | Cum=+0.562 | Info={'shot_attempted': False, 'pass_attempted': False, 'goal_scored': False, 'goal_team': None, 'ball_out_by': None, 'has_ball': False, 'start_shot_bonus': False, 'start_pass_bonus': False, 'possession_lost': False}

[Step 86] Action=[ 0.9536771  -0.42576465  0.75105727  0.          0.74362403 -0.28973427
 -0.9172271 ] | Reward=+0.015 | Cum=+0.577 | Info={'shot_attempted': False, 'pass_attempted': False, 'goal_scored': False, 'goal_team': None, 'ball_out_by': None, 'has_ball': False, 'start_shot_bonus': False, 'start_pass_bonus': False, 'possession_lost': False}

[Step 87] Action=[ 0.9536603  -0.42569593  0.7510624   0.          0.7436172  -0.28966486
 -0.91718376] | Reward=+0.015 | Cum=+0.592 | Info={'shot_attempted': False, 'pass_attempted': False, 'goal_scored': False, 'goal_team': None, 'ball_out_by': None, 'has_ball': False, 'start_shot_bonus': False, 'start_pass_bonus': False, 'possession_lost': False}

[Step 88] Action=[ 0.97175765 -0.45724505  0.7664625   0.          0.77265906 -0.26892307
 -0.94790703] | Reward=+0.016 | Cum=+0.608 | Info={'shot_attempted': False, 'pass_attempted': False, 'goal_scored': False, 'goal_team': None, 'ball_out_by': None, 'has_ball': False, 'start_shot_bonus': False, 'start_pass_bonus': False, 'possession_lost': False}

[Step 89] Action=[ 0.9717456  -0.4571977   0.76643133  0.          0.7726454  -0.26889017
 -0.9478844 ] | Reward=+0.016 | Cum=+0.625 | Info={'shot_attempted': False, 'pass_attempted': False, 'goal_scored': False, 'goal_team': None, 'ball_out_by': None, 'has_ball': False, 'start_shot_bonus': False, 'start_pass_bonus': False, 'possession_lost': False}

[Step 90] Action=[ 0.9717335  -0.4571507   0.76640004  0.          0.77263176 -0.26885694
 -0.94786173] | Reward=+0.016 | Cum=+0.641 | Info={'shot_attempted': False, 'pass_attempted': False, 'goal_scored': False, 'goal_team': None, 'ball_out_by': None, 'has_ball': False, 'start_shot_bonus': False, 'start_pass_bonus': False, 'possession_lost': False}

[Step 91] Action=[ 0.9717214  -0.45710373  0.7663691   0.          0.7726182  -0.26882368
 -0.94783914] | Reward=+0.016 | Cum=+0.657 | Info={'shot_attempted': False, 'pass_attempted': False, 'goal_scored': False, 'goal_team': None, 'ball_out_by': None, 'has_ball': False, 'start_shot_bonus': False, 'start_pass_bonus': False, 'possession_lost': False}

[Step 92] Action=[ 0.9717094  -0.45705655  0.766338    0.          0.7726046  -0.26879063
 -0.9478165 ] | Reward=+0.016 | Cum=+0.673 | Info={'shot_attempted': False, 'pass_attempted': False, 'goal_scored': False, 'goal_team': None, 'ball_out_by': None, 'has_ball': False, 'start_shot_bonus': False, 'start_pass_bonus': False, 'possession_lost': False}

[Step 93] Action=[ 0.97169733 -0.4570095   0.76630706  0.          0.77259094 -0.26875755
 -0.94779396] | Reward=+0.017 | Cum=+0.691 | Info={'shot_attempted': False, 'pass_attempted': False, 'goal_scored': False, 'goal_team': None, 'ball_out_by': None, 'has_ball': False, 'start_shot_bonus': False, 'start_pass_bonus': False, 'possession_lost': False}

[Step 94] Action=[ 0.97168535 -0.45696256  0.76627606  0.          0.7725774  -0.26872438
 -0.9477714 ] | Reward=+0.017 | Cum=+0.708 | Info={'shot_attempted': False, 'pass_attempted': False, 'goal_scored': False, 'goal_team': None, 'ball_out_by': None, 'has_ball': False, 'start_shot_bonus': False, 'start_pass_bonus': False, 'possession_lost': False}

[Step 95] Action=[ 0.9716733  -0.4569159   0.76624537  0.          0.77256393 -0.26869154
 -0.94774884] | Reward=+0.017 | Cum=+0.725 | Info={'shot_attempted': False, 'pass_attempted': False, 'goal_scored': False, 'goal_team': None, 'ball_out_by': None, 'has_ball': False, 'start_shot_bonus': False, 'start_pass_bonus': False, 'possession_lost': False}

[Step 96] Action=[ 0.9716613  -0.4568691   0.7662145   0.          0.77255046 -0.26865867
 -0.94772637] | Reward=+0.017 | Cum=+0.743 | Info={'shot_attempted': False, 'pass_attempted': False, 'goal_scored': False, 'goal_team': None, 'ball_out_by': None, 'has_ball': False, 'start_shot_bonus': False, 'start_pass_bonus': False, 'possession_lost': False}

[Step 97] Action=[ 0.97164935 -0.4568223   0.7661837   0.          0.7725369  -0.26862556
 -0.9477039 ] | Reward=+0.017 | Cum=+0.760 | Info={'shot_attempted': False, 'pass_attempted': False, 'goal_scored': False, 'goal_team': None, 'ball_out_by': None, 'has_ball': False, 'start_shot_bonus': False, 'start_pass_bonus': False, 'possession_lost': False}

[Step 98] Action=[ 0.97139174 -0.45598733  0.76519054  0.          0.7717758  -0.26869473
 -0.94734585] | Reward=+0.018 | Cum=+0.778 | Info={'shot_attempted': False, 'pass_attempted': False, 'goal_scored': False, 'goal_team': None, 'ball_out_by': None, 'has_ball': False, 'start_shot_bonus': False, 'start_pass_bonus': False, 'possession_lost': False}

[Step 99] Action=[ 0.97138    -0.45594272  0.76516193  0.          0.77176243 -0.2686595
 -0.9473237 ] | Reward=+0.018 | Cum=+0.796 | Info={'shot_attempted': False, 'pass_attempted': False, 'goal_scored': False, 'goal_team': None, 'ball_out_by': None, 'has_ball': False, 'start_shot_bonus': False, 'start_pass_bonus': False, 'possession_lost': False}

[Step 100] Action=[ 0.97136825 -0.45589828  0.7651332   0.          0.7717491  -0.26862445
 -0.94730157] | Reward=+0.018 | Cum=+0.815 | Info={'shot_attempted': False, 'pass_attempted': False, 'goal_scored': False, 'goal_team': None, 'ball_out_by': None, 'has_ball': False, 'start_shot_bonus': False, 'start_pass_bonus': False, 'possession_lost': False}

[Step 101] Action=[ 0.9713565  -0.45585376  0.7651048   0.          0.77173567 -0.26858956
 -0.9472794 ] | Reward=+0.018 | Cum=+0.833 | Info={'shot_attempted': False, 'pass_attempted': False, 'goal_scored': False, 'goal_team': None, 'ball_out_by': None, 'has_ball': False, 'start_shot_bonus': False, 'start_pass_bonus': False, 'possession_lost': False}

[Step 102] Action=[ 0.97134477 -0.4558092   0.76507616  0.          0.7717224  -0.26855448
 -0.9472573 ] | Reward=+0.018 | Cum=+0.851 | Info={'shot_attempted': False, 'pass_attempted': False, 'goal_scored': False, 'goal_team': None, 'ball_out_by': None, 'has_ball': False, 'start_shot_bonus': False, 'start_pass_bonus': False, 'possession_lost': False}

[Step 103] Action=[ 0.971333   -0.4557651   0.7650477   0.          0.77170914 -0.26851958
 -0.94723517] | Reward=+0.019 | Cum=+0.871 | Info={'shot_attempted': False, 'pass_attempted': False, 'goal_scored': False, 'goal_team': None, 'ball_out_by': None, 'has_ball': False, 'start_shot_bonus': False, 'start_pass_bonus': False, 'possession_lost': False}

[Step 104] Action=[ 0.97132134 -0.45572066  0.76501936  0.          0.77169585 -0.2684846
 -0.94721305] | Reward=+0.019 | Cum=+0.890 | Info={'shot_attempted': False, 'pass_attempted': False, 'goal_scored': False, 'goal_team': None, 'ball_out_by': None, 'has_ball': False, 'start_shot_bonus': False, 'start_pass_bonus': False, 'possession_lost': False}

[Step 105] Action=[ 0.97130966 -0.45567656  0.76499104  0.          0.7716827  -0.2684497
 -0.947191  ] | Reward=+0.019 | Cum=+0.910 | Info={'shot_attempted': False, 'pass_attempted': False, 'goal_scored': False, 'goal_team': None, 'ball_out_by': None, 'has_ball': False, 'start_shot_bonus': False, 'start_pass_bonus': False, 'possession_lost': False}

[Step 106] Action=[ 0.9712981  -0.45563257  0.764963    0.          0.77167016 -0.26841435
 -0.94716907] | Reward=+0.019 | Cum=+0.929 | Info={'shot_attempted': False, 'pass_attempted': False, 'goal_scored': False, 'goal_team': None, 'ball_out_by': None, 'has_ball': False, 'start_shot_bonus': False, 'start_pass_bonus': False, 'possession_lost': False}

[Step 107] Action=[ 0.97128665 -0.45558912  0.7649351   0.          0.7716585  -0.26837856
 -0.9471474 ] | Reward=+0.019 | Cum=+0.948 | Info={'shot_attempted': False, 'pass_attempted': False, 'goal_scored': False, 'goal_team': None, 'ball_out_by': None, 'has_ball': False, 'start_shot_bonus': False, 'start_pass_bonus': False, 'possession_lost': False}

[Step 108] Action=[ 0.97127527 -0.45554566  0.76490706  0.          0.77164674 -0.26834276
 -0.9471258 ] | Reward=+0.020 | Cum=+0.969 | Info={'shot_attempted': False, 'pass_attempted': False, 'goal_scored': False, 'goal_team': None, 'ball_out_by': None, 'has_ball': False, 'start_shot_bonus': False, 'start_pass_bonus': False, 'possession_lost': False}

[Step 109] Action=[ 0.9712638  -0.45550236  0.7648794   0.          0.77163506 -0.26830703
 -0.94710416] | Reward=+0.020 | Cum=+0.989 | Info={'shot_attempted': False, 'pass_attempted': False, 'goal_scored': False, 'goal_team': None, 'ball_out_by': None, 'has_ball': False, 'start_shot_bonus': False, 'start_pass_bonus': False, 'possession_lost': False}

[Step 110] Action=[ 0.9793067  -0.4784371   0.80132216  0.          0.7885189  -0.27931467
 -0.9572041 ] | Reward=+0.020 | Cum=+1.010 | Info={'shot_attempted': False, 'pass_attempted': False, 'goal_scored': False, 'goal_team': None, 'ball_out_by': None, 'has_ball': False, 'start_shot_bonus': False, 'start_pass_bonus': False, 'possession_lost': False}

[Step 111] Action=[ 0.9792976  -0.4783832   0.8012948   0.          0.7885027  -0.27931234
 -0.95718354] | Reward=+0.020 | Cum=+1.030 | Info={'shot_attempted': False, 'pass_attempted': False, 'goal_scored': False, 'goal_team': None, 'ball_out_by': None, 'has_ball': False, 'start_shot_bonus': False, 'start_pass_bonus': False, 'possession_lost': False}

[Step 112] Action=[ 0.9792886  -0.47832903  0.8012675   0.          0.78848666 -0.27931014
 -0.9571629 ] | Reward=+0.020 | Cum=+1.050 | Info={'shot_attempted': False, 'pass_attempted': False, 'goal_scored': False, 'goal_team': None, 'ball_out_by': None, 'has_ball': False, 'start_shot_bonus': False, 'start_pass_bonus': False, 'possession_lost': False}

[Step 113] Action=[ 0.9792795  -0.47827524  0.8012401   0.          0.7884705  -0.2793079
 -0.95714235] | Reward=+0.022 | Cum=+1.072 | Info={'shot_attempted': False, 'pass_attempted': False, 'goal_scored': False, 'goal_team': None, 'ball_out_by': None, 'has_ball': False, 'start_shot_bonus': False, 'start_pass_bonus': False, 'possession_lost': False}

[Step 114] Action=[ 0.97924674 -0.47801688  0.8011451   0.          0.7882616  -0.27893928
 -0.9570802 ] | Reward=+0.022 | Cum=+1.093 | Info={'shot_attempted': False, 'pass_attempted': False, 'goal_scored': False, 'goal_team': None, 'ball_out_by': None, 'has_ball': False, 'start_shot_bonus': False, 'start_pass_bonus': False, 'possession_lost': False}

[Step 115] Action=[ 0.9792377  -0.4779631   0.80111784  0.          0.7882455  -0.27893695
 -0.9570597 ] | Reward=+0.022 | Cum=+1.115 | Info={'shot_attempted': False, 'pass_attempted': False, 'goal_scored': False, 'goal_team': None, 'ball_out_by': None, 'has_ball': False, 'start_shot_bonus': False, 'start_pass_bonus': False, 'possession_lost': False}

[Step 116] Action=[ 0.9792287  -0.4779096   0.80109084  0.          0.78822964 -0.27893466
 -0.9570391 ] | Reward=+0.022 | Cum=+1.137 | Info={'shot_attempted': False, 'pass_attempted': False, 'goal_scored': False, 'goal_team': None, 'ball_out_by': None, 'has_ball': False, 'start_shot_bonus': False, 'start_pass_bonus': False, 'possession_lost': False}

[Step 117] Action=[ 0.97921973 -0.47785598  0.80106366  0.          0.7882137  -0.2789325
 -0.9570187 ] | Reward=+0.022 | Cum=+1.158 | Info={'shot_attempted': False, 'pass_attempted': False, 'goal_scored': False, 'goal_team': None, 'ball_out_by': None, 'has_ball': False, 'start_shot_bonus': False, 'start_pass_bonus': False, 'possession_lost': False}

[Step 118] Action=[ 0.97921073 -0.47780246  0.8010366   0.          0.7881979  -0.27893016
 -0.95699817] | Reward=+0.023 | Cum=+1.181 | Info={'shot_attempted': False, 'pass_attempted': False, 'goal_scored': False, 'goal_team': None, 'ball_out_by': None, 'has_ball': False, 'start_shot_bonus': False, 'start_pass_bonus': False, 'possession_lost': False}

[Step 119] Action=[ 0.9792018  -0.47774914  0.80100965  0.          0.788182   -0.27892762
 -0.9569777 ] | Reward=+0.023 | Cum=+1.203 | Info={'shot_attempted': False, 'pass_attempted': False, 'goal_scored': False, 'goal_team': None, 'ball_out_by': None, 'has_ball': False, 'start_shot_bonus': False, 'start_pass_bonus': False, 'possession_lost': False}

[Step 120] Action=[ 0.9791928  -0.47769594  0.80098283  0.          0.7881662  -0.27892542
 -0.9569573 ] | Reward=+0.023 | Cum=+1.226 | Info={'shot_attempted': False, 'pass_attempted': False, 'goal_scored': False, 'goal_team': None, 'ball_out_by': None, 'has_ball': False, 'start_shot_bonus': False, 'start_pass_bonus': False, 'possession_lost': False}

[Step 121] Action=[ 0.97918385 -0.47764254  0.800956    0.          0.7881505  -0.27892312
 -0.9569369 ] | Reward=+0.023 | Cum=+1.249 | Info={'shot_attempted': False, 'pass_attempted': False, 'goal_scored': False, 'goal_team': None, 'ball_out_by': None, 'has_ball': False, 'start_shot_bonus': False, 'start_pass_bonus': False, 'possession_lost': False}

[Step 122] Action=[ 0.979175   -0.47758934  0.80092925  0.          0.7881349  -0.27892068
 -0.95691645] | Reward=+0.024 | Cum=+1.272 | Info={'shot_attempted': False, 'pass_attempted': False, 'goal_scored': False, 'goal_team': None, 'ball_out_by': None, 'has_ball': False, 'start_shot_bonus': False, 'start_pass_bonus': False, 'possession_lost': False}

[Step 123] Action=[ 0.97916603 -0.4775363   0.8009025   0.          0.7881191  -0.27891845
 -0.9568961 ] | Reward=+0.024 | Cum=+1.296 | Info={'shot_attempted': False, 'pass_attempted': False, 'goal_scored': False, 'goal_team': None, 'ball_out_by': None, 'has_ball': False, 'start_shot_bonus': False, 'start_pass_bonus': False, 'possession_lost': False}

[Step 124] Action=[ 0.97915715 -0.47748324  0.8008759   0.          0.7881034  -0.27891585
 -0.95687574] | Reward=+0.024 | Cum=+1.320 | Info={'shot_attempted': False, 'pass_attempted': False, 'goal_scored': False, 'goal_team': None, 'ball_out_by': None, 'has_ball': False, 'start_shot_bonus': False, 'start_pass_bonus': False, 'possession_lost': False}

[Step 125] Action=[ 0.9791482  -0.47743014  0.8008493   0.          0.78808784 -0.27891356
 -0.9568554 ] | Reward=+0.024 | Cum=+1.344 | Info={'shot_attempted': False, 'pass_attempted': False, 'goal_scored': False, 'goal_team': None, 'ball_out_by': None, 'has_ball': False, 'start_shot_bonus': False, 'start_pass_bonus': False, 'possession_lost': False}

[Step 126] Action=[ 0.9791394  -0.47737736  0.8008228   0.          0.7880723  -0.27891108
 -0.95683515] | Reward=+0.024 | Cum=+1.367 | Info={'shot_attempted': False, 'pass_attempted': False, 'goal_scored': False, 'goal_team': None, 'ball_out_by': None, 'has_ball': False, 'start_shot_bonus': False, 'start_pass_bonus': False, 'possession_lost': False}

[Step 127] Action=[ 0.9791305  -0.4773245   0.8007964   0.          0.7880568  -0.27890864
 -0.9568148 ] | Reward=+0.025 | Cum=+1.392 | Info={'shot_attempted': False, 'pass_attempted': False, 'goal_scored': False, 'goal_team': None, 'ball_out_by': None, 'has_ball': False, 'start_shot_bonus': False, 'start_pass_bonus': False, 'possession_lost': False}

[Step 128] Action=[ 0.9791217  -0.47727174  0.80077     0.          0.7880414  -0.2789063
 -0.95679456] | Reward=+0.025 | Cum=+1.417 | Info={'shot_attempted': False, 'pass_attempted': False, 'goal_scored': False, 'goal_team': None, 'ball_out_by': None, 'has_ball': False, 'start_shot_bonus': False, 'start_pass_bonus': False, 'possession_lost': False}

[Step 129] Action=[ 0.9791128  -0.4772189   0.80074364  0.          0.788026   -0.27890375
 -0.95677435] | Reward=+0.025 | Cum=+1.442 | Info={'shot_attempted': False, 'pass_attempted': False, 'goal_scored': False, 'goal_team': None, 'ball_out_by': None, 'has_ball': False, 'start_shot_bonus': False, 'start_pass_bonus': False, 'possession_lost': False}

[Step 130] Action=[ 0.979104   -0.47716627  0.80071723  0.          0.78801054 -0.27890134
 -0.95675415] | Reward=+0.025 | Cum=+1.467 | Info={'shot_attempted': False, 'pass_attempted': False, 'goal_scored': False, 'goal_team': None, 'ball_out_by': None, 'has_ball': False, 'start_shot_bonus': False, 'start_pass_bonus': False, 'possession_lost': False}

[Step 131] Action=[ 0.97909516 -0.47711384  0.80069107  0.          0.78799516 -0.2788988
 -0.95673394] | Reward=+0.025 | Cum=+1.492 | Info={'shot_attempted': False, 'pass_attempted': False, 'goal_scored': False, 'goal_team': None, 'ball_out_by': None, 'has_ball': False, 'start_shot_bonus': False, 'start_pass_bonus': False, 'possession_lost': False}

[Step 132] Action=[ 0.97908634 -0.4770614   0.80066496  0.          0.78797984 -0.27889618
 -0.95671374] | Reward=+0.026 | Cum=+1.518 | Info={'shot_attempted': False, 'pass_attempted': False, 'goal_scored': False, 'goal_team': None, 'ball_out_by': None, 'has_ball': False, 'start_shot_bonus': False, 'start_pass_bonus': False, 'possession_lost': False}

[Step 133] Action=[ 0.9790776  -0.4770089   0.80063885  0.          0.7879647  -0.2788937
 -0.9566936 ] | Reward=+0.026 | Cum=+1.544 | Info={'shot_attempted': False, 'pass_attempted': False, 'goal_scored': False, 'goal_team': None, 'ball_out_by': None, 'has_ball': False, 'start_shot_bonus': False, 'start_pass_bonus': False, 'possession_lost': False}

[Step 134] Action=[ 0.9790688  -0.47695643  0.80061287  0.          0.7879493  -0.27889132
 -0.95667344] | Reward=+0.026 | Cum=+1.570 | Info={'shot_attempted': False, 'pass_attempted': False, 'goal_scored': False, 'goal_team': None, 'ball_out_by': None, 'has_ball': False, 'start_shot_bonus': False, 'start_pass_bonus': False, 'possession_lost': False}

[Step 135] Action=[ 0.97906    -0.47690412  0.80058676  0.          0.7879342  -0.2788887
 -0.9566533 ] | Reward=+0.026 | Cum=+1.596 | Info={'shot_attempted': False, 'pass_attempted': False, 'goal_scored': False, 'goal_team': None, 'ball_out_by': None, 'has_ball': False, 'start_shot_bonus': False, 'start_pass_bonus': False, 'possession_lost': False}

[Step 136] Action=[ 0.9790513  -0.4768521   0.800561    0.          0.787919   -0.27888602
 -0.9566332 ] | Reward=+0.026 | Cum=+1.622 | Info={'shot_attempted': False, 'pass_attempted': False, 'goal_scored': False, 'goal_team': None, 'ball_out_by': None, 'has_ball': False, 'start_shot_bonus': False, 'start_pass_bonus': False, 'possession_lost': False}

[Step 137] Action=[ 0.97904253 -0.47679985  0.80053514  0.          0.7879039  -0.2788835
 -0.9566131 ] | Reward=+0.027 | Cum=+1.649 | Info={'shot_attempted': False, 'pass_attempted': False, 'goal_scored': False, 'goal_team': None, 'ball_out_by': None, 'has_ball': False, 'start_shot_bonus': False, 'start_pass_bonus': False, 'possession_lost': False}

[Step 138] Action=[ 0.9790338 -0.4767479  0.8005093  0.         0.7878888 -0.2788809
 -0.9565931] | Reward=+0.027 | Cum=+1.676 | Info={'shot_attempted': False, 'pass_attempted': False, 'goal_scored': False, 'goal_team': None, 'ball_out_by': None, 'has_ball': False, 'start_shot_bonus': False, 'start_pass_bonus': False, 'possession_lost': False}

[Step 139] Action=[ 0.97902507 -0.47669572  0.8004836   0.          0.7878738  -0.27887836
 -0.95657307] | Reward=+0.027 | Cum=+1.703 | Info={'shot_attempted': False, 'pass_attempted': False, 'goal_scored': False, 'goal_team': None, 'ball_out_by': None, 'has_ball': False, 'start_shot_bonus': False, 'start_pass_bonus': False, 'possession_lost': False}

[Step 140] Action=[ 0.97901636 -0.47664395  0.8004579   0.          0.78785884 -0.27887574
 -0.95655304] | Reward=+0.027 | Cum=+1.731 | Info={'shot_attempted': False, 'pass_attempted': False, 'goal_scored': False, 'goal_team': None, 'ball_out_by': None, 'has_ball': False, 'start_shot_bonus': False, 'start_pass_bonus': False, 'possession_lost': False}

[Step 141] Action=[ 0.97900766 -0.47659177  0.80043226  0.          0.7878438  -0.27887297
 -0.956533  ] | Reward=+0.027 | Cum=+1.758 | Info={'shot_attempted': False, 'pass_attempted': False, 'goal_scored': False, 'goal_team': None, 'ball_out_by': None, 'has_ball': False, 'start_shot_bonus': False, 'start_pass_bonus': False, 'possession_lost': False}

[Step 142] Action=[ 0.978999   -0.47654012  0.80040663  0.          0.78782886 -0.2788704
 -0.95651305] | Reward=+0.028 | Cum=+1.786 | Info={'shot_attempted': False, 'pass_attempted': False, 'goal_scored': False, 'goal_team': None, 'ball_out_by': None, 'has_ball': False, 'start_shot_bonus': False, 'start_pass_bonus': False, 'possession_lost': False}

[Step 143] Action=[ 0.9789903  -0.47648838  0.8003813   0.          0.7878141  -0.27886766
 -0.9564931 ] | Reward=+0.028 | Cum=+1.814 | Info={'shot_attempted': False, 'pass_attempted': False, 'goal_scored': False, 'goal_team': None, 'ball_out_by': None, 'has_ball': False, 'start_shot_bonus': False, 'start_pass_bonus': False, 'possession_lost': False}

[Step 144] Action=[ 0.9789817  -0.47643673  0.80035585  0.          0.78779924 -0.27886495
 -0.9564732 ] | Reward=+0.028 | Cum=+1.843 | Info={'shot_attempted': False, 'pass_attempted': False, 'goal_scored': False, 'goal_team': None, 'ball_out_by': None, 'has_ball': False, 'start_shot_bonus': False, 'start_pass_bonus': False, 'possession_lost': False}

[Step 145] Action=[ 0.97897303 -0.47638515  0.80033046  0.          0.7877844  -0.27886236
 -0.95645326] | Reward=+0.028 | Cum=+1.871 | Info={'shot_attempted': False, 'pass_attempted': False, 'goal_scored': False, 'goal_team': None, 'ball_out_by': None, 'has_ball': False, 'start_shot_bonus': False, 'start_pass_bonus': False, 'possession_lost': False}

[Step 146] Action=[ 0.9789645  -0.47633347  0.8003052   0.          0.7877695  -0.27885935
 -0.9564335 ] | Reward=+0.028 | Cum=+1.899 | Info={'shot_attempted': False, 'pass_attempted': False, 'goal_scored': False, 'goal_team': None, 'ball_out_by': None, 'has_ball': False, 'start_shot_bonus': False, 'start_pass_bonus': False, 'possession_lost': False}

[Step 147] Action=[ 0.9789563  -0.47628227  0.8002807   0.          0.78775454 -0.27885532
 -0.95641446] | Reward=+0.030 | Cum=+1.929 | Info={'shot_attempted': False, 'pass_attempted': False, 'goal_scored': False, 'goal_team': None, 'ball_out_by': None, 'has_ball': False, 'start_shot_bonus': False, 'start_pass_bonus': False, 'possession_lost': False}

[Step 148] Action=[ 0.9789482  -0.47623104  0.80025625  0.          0.7877394  -0.2788514
 -0.9563954 ] | Reward=+0.030 | Cum=+1.958 | Info={'shot_attempted': False, 'pass_attempted': False, 'goal_scored': False, 'goal_team': None, 'ball_out_by': None, 'has_ball': False, 'start_shot_bonus': False, 'start_pass_bonus': False, 'possession_lost': False}

[Step 149] Action=[ 0.97894    -0.4761801   0.8002318   0.          0.78772444 -0.27884737
 -0.9563764 ] | Reward=+0.030 | Cum=+1.988 | Info={'shot_attempted': False, 'pass_attempted': False, 'goal_scored': False, 'goal_team': None, 'ball_out_by': None, 'has_ball': False, 'start_shot_bonus': False, 'start_pass_bonus': False, 'possession_lost': False}

[Step 150] Action=[ 0.9789319  -0.47612903  0.8002074   0.          0.7877095  -0.2788434
 -0.9563574 ] | Reward=+0.029 | Cum=+2.017 | Info={'shot_attempted': False, 'pass_attempted': False, 'goal_scored': False, 'goal_team': None, 'ball_out_by': None, 'has_ball': False, 'start_shot_bonus': False, 'start_pass_bonus': False, 'possession_lost': False}

[Step 151] Action=[ 0.97892374 -0.476078    0.8001832   0.          0.7876946  -0.2788391
 -0.9563384 ] | Reward=+0.029 | Cum=+2.047 | Info={'shot_attempted': False, 'pass_attempted': False, 'goal_scored': False, 'goal_team': None, 'ball_out_by': None, 'has_ball': False, 'start_shot_bonus': False, 'start_pass_bonus': False, 'possession_lost': False}

[Step 152] Action=[ 0.97891563 -0.47602725  0.8001589   0.          0.7876797  -0.27883506
 -0.95631945] | Reward=+0.031 | Cum=+2.077 | Info={'shot_attempted': False, 'pass_attempted': False, 'goal_scored': False, 'goal_team': None, 'ball_out_by': None, 'has_ball': False, 'start_shot_bonus': False, 'start_pass_bonus': False, 'possession_lost': False}

[Step 153] Action=[ 0.9789075  -0.47597635  0.80013466  0.          0.7876648  -0.27883103
 -0.9563005 ] | Reward=+0.031 | Cum=+2.108 | Info={'shot_attempted': False, 'pass_attempted': False, 'goal_scored': False, 'goal_team': None, 'ball_out_by': None, 'has_ball': False, 'start_shot_bonus': False, 'start_pass_bonus': False, 'possession_lost': False}

[Step 154] Action=[ 0.9788995  -0.4759256   0.80011064  0.          0.78765    -0.27882707
 -0.9562816 ] | Reward=+0.030 | Cum=+2.138 | Info={'shot_attempted': False, 'pass_attempted': False, 'goal_scored': False, 'goal_team': None, 'ball_out_by': None, 'has_ball': False, 'start_shot_bonus': False, 'start_pass_bonus': False, 'possession_lost': False}

[Step 155] Action=[ 0.9788914  -0.47587487  0.8000866   0.          0.7876352  -0.27882278
 -0.9562627 ] | Reward=+0.030 | Cum=+2.169 | Info={'shot_attempted': False, 'pass_attempted': False, 'goal_scored': False, 'goal_team': None, 'ball_out_by': None, 'has_ball': False, 'start_shot_bonus': False, 'start_pass_bonus': False, 'possession_lost': False}

[Step 156] Action=[ 0.9788833  -0.47582436  0.8000625   0.          0.7876205  -0.27881888
 -0.9562438 ] | Reward=+0.030 | Cum=+2.199 | Info={'shot_attempted': False, 'pass_attempted': False, 'goal_scored': False, 'goal_team': None, 'ball_out_by': None, 'has_ball': False, 'start_shot_bonus': False, 'start_pass_bonus': False, 'possession_lost': False}

[Step 157] Action=[ 0.9788753  -0.47577372  0.8000387   0.          0.7876058  -0.27881476
 -0.9562249 ] | Reward=+0.032 | Cum=+2.231 | Info={'shot_attempted': False, 'pass_attempted': False, 'goal_scored': False, 'goal_team': None, 'ball_out_by': None, 'has_ball': False, 'start_shot_bonus': False, 'start_pass_bonus': False, 'possession_lost': False}

[Step 158] Action=[ 0.97886723 -0.475723    0.8000147   0.          0.78759116 -0.27881053
 -0.9562061 ] | Reward=+0.032 | Cum=+2.263 | Info={'shot_attempted': False, 'pass_attempted': False, 'goal_scored': False, 'goal_team': None, 'ball_out_by': None, 'has_ball': False, 'start_shot_bonus': False, 'start_pass_bonus': False, 'possession_lost': False}

[Step 159] Action=[ 0.97885925 -0.47567272  0.7999909   0.          0.7875765  -0.27880636
 -0.9561873 ] | Reward=+0.032 | Cum=+2.294 | Info={'shot_attempted': False, 'pass_attempted': False, 'goal_scored': False, 'goal_team': None, 'ball_out_by': None, 'has_ball': False, 'start_shot_bonus': False, 'start_pass_bonus': False, 'possession_lost': False}

[Step 160] Action=[ 0.9788512  -0.47562245  0.7999671   0.          0.78756195 -0.2788022
 -0.9561685 ] | Reward=+0.032 | Cum=+2.326 | Info={'shot_attempted': False, 'pass_attempted': False, 'goal_scored': False, 'goal_team': None, 'ball_out_by': None, 'has_ball': False, 'start_shot_bonus': False, 'start_pass_bonus': False, 'possession_lost': False}

[Step 161] Action=[ 0.9788432  -0.47557223  0.79994327  0.          0.7875474  -0.2787979
 -0.9561497 ] | Reward=+0.032 | Cum=+2.358 | Info={'shot_attempted': False, 'pass_attempted': False, 'goal_scored': False, 'goal_team': None, 'ball_out_by': None, 'has_ball': False, 'start_shot_bonus': False, 'start_pass_bonus': False, 'possession_lost': False}

[Step 162] Action=[ 0.9788352  -0.47552192  0.79991966  0.          0.78753287 -0.2787938
 -0.9561309 ] | Reward=+0.033 | Cum=+2.391 | Info={'shot_attempted': False, 'pass_attempted': False, 'goal_scored': False, 'goal_team': None, 'ball_out_by': None, 'has_ball': False, 'start_shot_bonus': False, 'start_pass_bonus': False, 'possession_lost': False}

[Step 163] Action=[ 0.97882724 -0.47547176  0.79989606  0.          0.7875184  -0.27878952
 -0.9561122 ] | Reward=+0.033 | Cum=+2.423 | Info={'shot_attempted': False, 'pass_attempted': False, 'goal_scored': False, 'goal_team': None, 'ball_out_by': None, 'has_ball': False, 'start_shot_bonus': False, 'start_pass_bonus': False, 'possession_lost': False}

[Step 164] Action=[ 0.97881925 -0.47542152  0.7998725   0.          0.78750396 -0.2787853
 -0.9560935 ] | Reward=+0.033 | Cum=+2.456 | Info={'shot_attempted': False, 'pass_attempted': False, 'goal_scored': False, 'goal_team': None, 'ball_out_by': None, 'has_ball': False, 'start_shot_bonus': False, 'start_pass_bonus': False, 'possession_lost': False}

[Step 165] Action=[ 0.9788113  -0.4753715   0.799849    0.          0.78748965 -0.27878106
 -0.9560748 ] | Reward=+0.033 | Cum=+2.489 | Info={'shot_attempted': False, 'pass_attempted': False, 'goal_scored': False, 'goal_team': None, 'ball_out_by': None, 'has_ball': False, 'start_shot_bonus': False, 'start_pass_bonus': False, 'possession_lost': False}

[Step 166] Action=[ 0.9788034  -0.47532147  0.79982555  0.          0.7874752  -0.2787768
 -0.9560561 ] | Reward=+0.033 | Cum=+2.521 | Info={'shot_attempted': False, 'pass_attempted': False, 'goal_scored': False, 'goal_team': None, 'ball_out_by': None, 'has_ball': False, 'start_shot_bonus': False, 'start_pass_bonus': False, 'possession_lost': False}

[Step 167] Action=[ 0.97879547 -0.47527173  0.7998022   0.          0.787461   -0.2787725
 -0.95603746] | Reward=+0.034 | Cum=+2.555 | Info={'shot_attempted': False, 'pass_attempted': False, 'goal_scored': False, 'goal_team': None, 'ball_out_by': None, 'has_ball': False, 'start_shot_bonus': False, 'start_pass_bonus': False, 'possession_lost': False}

[Step 168] Action=[ 0.97878754 -0.475222    0.7997789   0.          0.7874467  -0.27876827
 -0.9560188 ] | Reward=+0.034 | Cum=+2.589 | Info={'shot_attempted': False, 'pass_attempted': False, 'goal_scored': False, 'goal_team': None, 'ball_out_by': None, 'has_ball': False, 'start_shot_bonus': False, 'start_pass_bonus': False, 'possession_lost': False}

[Step 169] Action=[ 0.9787796  -0.47517204  0.7997556   0.          0.7874325  -0.2787642
 -0.9560002 ] | Reward=+0.034 | Cum=+2.623 | Info={'shot_attempted': False, 'pass_attempted': False, 'goal_scored': False, 'goal_team': None, 'ball_out_by': None, 'has_ball': False, 'start_shot_bonus': False, 'start_pass_bonus': False, 'possession_lost': False}

[Step 170] Action=[ 0.97877175 -0.47512236  0.7997323   0.          0.78741825 -0.2787597
 -0.9559816 ] | Reward=+0.034 | Cum=+2.657 | Info={'shot_attempted': False, 'pass_attempted': False, 'goal_scored': False, 'goal_team': None, 'ball_out_by': None, 'has_ball': False, 'start_shot_bonus': False, 'start_pass_bonus': False, 'possession_lost': False}

[Step 171] Action=[ 0.9787638  -0.47507283  0.7997092   0.          0.7874041  -0.27875534
 -0.955963  ] | Reward=+0.034 | Cum=+2.691 | Info={'shot_attempted': False, 'pass_attempted': False, 'goal_scored': False, 'goal_team': None, 'ball_out_by': None, 'has_ball': False, 'start_shot_bonus': False, 'start_pass_bonus': False, 'possession_lost': False}

[Step 172] Action=[ 0.97875595 -0.4750232   0.79968625  0.          0.78739005 -0.27875116
 -0.9559445 ] | Reward=+0.035 | Cum=+2.725 | Info={'shot_attempted': False, 'pass_attempted': False, 'goal_scored': False, 'goal_team': None, 'ball_out_by': None, 'has_ball': False, 'start_shot_bonus': False, 'start_pass_bonus': False, 'possession_lost': False}

[Step 173] Action=[ 0.9787481  -0.47497383  0.7996631   0.          0.7873759  -0.27874687
 -0.95592594] | Reward=+0.035 | Cum=+2.760 | Info={'shot_attempted': False, 'pass_attempted': False, 'goal_scored': False, 'goal_team': None, 'ball_out_by': None, 'has_ball': False, 'start_shot_bonus': False, 'start_pass_bonus': False, 'possession_lost': False}

[Step 174] Action=[ 0.9787403  -0.47492436  0.79964006  0.          0.7873619  -0.27874264
 -0.9559074 ] | Reward=+0.035 | Cum=+2.795 | Info={'shot_attempted': False, 'pass_attempted': False, 'goal_scored': False, 'goal_team': None, 'ball_out_by': None, 'has_ball': False, 'start_shot_bonus': False, 'start_pass_bonus': False, 'possession_lost': False}

[Step 175] Action=[ 0.9787324  -0.4748749   0.79961723  0.          0.7873478  -0.27873835
 -0.95588887] | Reward=+0.035 | Cum=+2.829 | Info={'shot_attempted': False, 'pass_attempted': False, 'goal_scored': False, 'goal_team': None, 'ball_out_by': None, 'has_ball': False, 'start_shot_bonus': False, 'start_pass_bonus': False, 'possession_lost': False}

[Step 176] Action=[ 0.9787246  -0.47482556  0.79959434  0.          0.78733385 -0.27873385
 -0.9558704 ] | Reward=+0.035 | Cum=+2.864 | Info={'shot_attempted': False, 'pass_attempted': False, 'goal_scored': False, 'goal_team': None, 'ball_out_by': None, 'has_ball': False, 'start_shot_bonus': False, 'start_pass_bonus': False, 'possession_lost': False}

[Step 177] Action=[ 0.9787168  -0.47477648  0.7995716   0.          0.7873199  -0.2787295
 -0.955852  ] | Reward=+0.036 | Cum=+2.900 | Info={'shot_attempted': False, 'pass_attempted': False, 'goal_scored': False, 'goal_team': None, 'ball_out_by': None, 'has_ball': False, 'start_shot_bonus': False, 'start_pass_bonus': False, 'possession_lost': False}

[Step 178] Action=[ 0.978709   -0.47472712  0.79954886  0.          0.78730613 -0.27872512
 -0.95583355] | Reward=+0.036 | Cum=+2.936 | Info={'shot_attempted': False, 'pass_attempted': False, 'goal_scored': False, 'goal_team': None, 'ball_out_by': None, 'has_ball': False, 'start_shot_bonus': False, 'start_pass_bonus': False, 'possession_lost': False}

[Step 179] Action=[ 0.9787012  -0.47467804  0.7995261   0.          0.7872921  -0.27872077
 -0.9558151 ] | Reward=+0.036 | Cum=+2.972 | Info={'shot_attempted': False, 'pass_attempted': False, 'goal_scored': False, 'goal_team': None, 'ball_out_by': None, 'has_ball': False, 'start_shot_bonus': False, 'start_pass_bonus': False, 'possession_lost': False}

[Step 180] Action=[ 0.9786934  -0.47462887  0.79950345  0.          0.78727835 -0.2787163
 -0.9557967 ] | Reward=+0.036 | Cum=+3.008 | Info={'shot_attempted': False, 'pass_attempted': False, 'goal_scored': False, 'goal_team': None, 'ball_out_by': None, 'has_ball': False, 'start_shot_bonus': False, 'start_pass_bonus': False, 'possession_lost': False}

[Step 181] Action=[ 0.9786856  -0.47457984  0.79948074  0.          0.7872646  -0.2787118
 -0.9557783 ] | Reward=+0.035 | Cum=+3.043 | Info={'shot_attempted': False, 'pass_attempted': False, 'goal_scored': False, 'goal_team': None, 'ball_out_by': None, 'has_ball': False, 'start_shot_bonus': False, 'start_pass_bonus': False, 'possession_lost': False}

[Step 182] Action=[ 0.97867787 -0.47453097  0.79945827  0.          0.7872508  -0.2787073
 -0.95575994] | Reward=+0.036 | Cum=+3.079 | Info={'shot_attempted': False, 'pass_attempted': False, 'goal_scored': False, 'goal_team': None, 'ball_out_by': None, 'has_ball': False, 'start_shot_bonus': False, 'start_pass_bonus': False, 'possession_lost': False}

[Step 183] Action=[ 0.9786701  -0.4744824   0.7994358   0.          0.7872371  -0.278703
 -0.95574164] | Reward=+0.036 | Cum=+3.115 | Info={'shot_attempted': False, 'pass_attempted': False, 'goal_scored': False, 'goal_team': None, 'ball_out_by': None, 'has_ball': False, 'start_shot_bonus': False, 'start_pass_bonus': False, 'possession_lost': False}

[Step 184] Action=[ 0.9786624  -0.4744331   0.79941344  0.          0.7872235  -0.2786985
 -0.9557233 ] | Reward=+0.036 | Cum=+3.152 | Info={'shot_attempted': False, 'pass_attempted': False, 'goal_scored': False, 'goal_team': None, 'ball_out_by': None, 'has_ball': False, 'start_shot_bonus': False, 'start_pass_bonus': False, 'possession_lost': False}

[Step 185] Action=[ 0.97865456 -0.4743802   0.79939145  0.          0.7872123  -0.278693
 -0.95570546] | Reward=+0.036 | Cum=+3.188 | Info={'shot_attempted': False, 'pass_attempted': False, 'goal_scored': False, 'goal_team': None, 'ball_out_by': None, 'has_ball': False, 'start_shot_bonus': False, 'start_pass_bonus': False, 'possession_lost': False}

[Step 186] Action=[ 0.9786467  -0.47432712  0.7993693   0.          0.78720117 -0.2786875
 -0.95568764] | Reward=+0.036 | Cum=+3.225 | Info={'shot_attempted': False, 'pass_attempted': False, 'goal_scored': False, 'goal_team': None, 'ball_out_by': None, 'has_ball': False, 'start_shot_bonus': False, 'start_pass_bonus': False, 'possession_lost': False}

[Step 187] Action=[ 0.97863936 -0.47427508  0.79934967  0.          0.78719133 -0.27867892
 -0.9556708 ] | Reward=+0.038 | Cum=+3.262 | Info={'shot_attempted': False, 'pass_attempted': False, 'goal_scored': False, 'goal_team': None, 'ball_out_by': None, 'has_ball': False, 'start_shot_bonus': False, 'start_pass_bonus': False, 'possession_lost': False}

[Step 188] Action=[ 0.97863245 -0.47422293  0.7993315   0.          0.78718257 -0.27866864
 -0.95565456] | Reward=+0.038 | Cum=+3.300 | Info={'shot_attempted': False, 'pass_attempted': False, 'goal_scored': False, 'goal_team': None, 'ball_out_by': None, 'has_ball': False, 'start_shot_bonus': False, 'start_pass_bonus': False, 'possession_lost': False}

[Step 189] Action=[ 0.9786255  -0.4741709   0.79931337  0.          0.7871738  -0.27865815
 -0.9556383 ] | Reward=+0.038 | Cum=+3.337 | Info={'shot_attempted': False, 'pass_attempted': False, 'goal_scored': False, 'goal_team': None, 'ball_out_by': None, 'has_ball': False, 'start_shot_bonus': False, 'start_pass_bonus': False, 'possession_lost': False}

[Step 190] Action=[ 0.97861856 -0.4741192   0.79929525  0.          0.78716516 -0.2786477
 -0.9556221 ] | Reward=+0.038 | Cum=+3.375 | Info={'shot_attempted': False, 'pass_attempted': False, 'goal_scored': False, 'goal_team': None, 'ball_out_by': None, 'has_ball': False, 'start_shot_bonus': False, 'start_pass_bonus': False, 'possession_lost': False}

[Step 191] Action=[ 0.978612   -0.47407094  0.799279    0.          0.7871578  -0.27863824
 -0.9556067 ] | Reward=+0.038 | Cum=+3.413 | Info={'shot_attempted': False, 'pass_attempted': False, 'goal_scored': False, 'goal_team': None, 'ball_out_by': None, 'has_ball': False, 'start_shot_bonus': False, 'start_pass_bonus': False, 'possession_lost': False}

[Step 192] Action=[ 0.9786058  -0.4740258   0.79926455  0.          0.7871515  -0.27862933
 -0.95559204] | Reward=+0.038 | Cum=+3.451 | Info={'shot_attempted': False, 'pass_attempted': False, 'goal_scored': False, 'goal_team': None, 'ball_out_by': None, 'has_ball': False, 'start_shot_bonus': False, 'start_pass_bonus': False, 'possession_lost': False}

[Step 193] Action=[ 0.9785996  -0.4739807   0.79925007  0.          0.78714544 -0.27862054
 -0.9555774 ] | Reward=+0.038 | Cum=+3.488 | Info={'shot_attempted': False, 'pass_attempted': False, 'goal_scored': False, 'goal_team': None, 'ball_out_by': None, 'has_ball': False, 'start_shot_bonus': False, 'start_pass_bonus': False, 'possession_lost': False}

[Step 194] Action=[ 0.97859347 -0.47393572  0.7992357   0.          0.7871393  -0.2786115
 -0.9555628 ] | Reward=+0.038 | Cum=+3.526 | Info={'shot_attempted': False, 'pass_attempted': False, 'goal_scored': False, 'goal_team': None, 'ball_out_by': None, 'has_ball': False, 'start_shot_bonus': False, 'start_pass_bonus': False, 'possession_lost': False}

[Step 195] Action=[ 0.9785873  -0.47389102  0.7992212   0.          0.7871333  -0.27860302
 -0.95554817] | Reward=+0.038 | Cum=+3.564 | Info={'shot_attempted': False, 'pass_attempted': False, 'goal_scored': False, 'goal_team': None, 'ball_out_by': None, 'has_ball': False, 'start_shot_bonus': False, 'start_pass_bonus': False, 'possession_lost': False}

[Step 196] Action=[ 0.9785812  -0.4738463   0.799207    0.          0.7871272  -0.278594
 -0.95553356] | Reward=+0.039 | Cum=+3.603 | Info={'shot_attempted': False, 'pass_attempted': False, 'goal_scored': False, 'goal_team': None, 'ball_out_by': None, 'has_ball': False, 'start_shot_bonus': False, 'start_pass_bonus': False, 'possession_lost': False}

[Step 197] Action=[ 0.97857505 -0.4738014   0.7991928   0.          0.7871211  -0.27858502
 -0.955519  ] | Reward=+0.039 | Cum=+3.642 | Info={'shot_attempted': False, 'pass_attempted': False, 'goal_scored': False, 'goal_team': None, 'ball_out_by': None, 'has_ball': False, 'start_shot_bonus': False, 'start_pass_bonus': False, 'possession_lost': False}

[Step 198] Action=[ 0.9785689  -0.4737567   0.7991786   0.          0.78711516 -0.27857623
 -0.9555045 ] | Reward=+0.039 | Cum=+3.680 | Info={'shot_attempted': False, 'pass_attempted': False, 'goal_scored': False, 'goal_team': None, 'ball_out_by': None, 'has_ball': False, 'start_shot_bonus': False, 'start_pass_bonus': False, 'possession_lost': False}

[Step 199] Action=[ 0.9785628  -0.47371206  0.79916435  0.          0.7871092  -0.2785673
 -0.95549   ] | Reward=+0.039 | Cum=+3.719 | Info={'shot_attempted': False, 'pass_attempted': False, 'goal_scored': False, 'goal_team': None, 'ball_out_by': None, 'has_ball': False, 'start_shot_bonus': False, 'start_pass_bonus': False, 'possession_lost': False}

[Step 200] Action=[ 0.9785567  -0.47366762  0.7991503   0.          0.78710335 -0.27855837
 -0.95547545] | Reward=+0.039 | Cum=+3.758 | Info={'shot_attempted': False, 'pass_attempted': False, 'goal_scored': False, 'goal_team': None, 'ball_out_by': None, 'has_ball': False, 'start_shot_bonus': False, 'start_pass_bonus': False, 'possession_lost': False}

[Step 201] Action=[ 0.9785506  -0.4736232   0.7991363   0.          0.7870973  -0.2785496
 -0.95546097] | Reward=+0.039 | Cum=+3.797 | Info={'shot_attempted': False, 'pass_attempted': False, 'goal_scored': False, 'goal_team': None, 'ball_out_by': None, 'has_ball': False, 'start_shot_bonus': False, 'start_pass_bonus': False, 'possession_lost': False}

[Step 202] Action=[ 0.97854453 -0.47357887  0.79912233  0.          0.78709155 -0.27854067
 -0.9554465 ] | Reward=+0.039 | Cum=+3.836 | Info={'shot_attempted': False, 'pass_attempted': False, 'goal_scored': False, 'goal_team': None, 'ball_out_by': None, 'has_ball': False, 'start_shot_bonus': False, 'start_pass_bonus': False, 'possession_lost': False}

[Step 203] Action=[ 0.97853845 -0.47353444  0.7991083   0.          0.7870857  -0.27853182
 -0.95543206] | Reward=+0.039 | Cum=+3.874 | Info={'shot_attempted': False, 'pass_attempted': False, 'goal_scored': False, 'goal_team': None, 'ball_out_by': None, 'has_ball': False, 'start_shot_bonus': False, 'start_pass_bonus': False, 'possession_lost': False}

[Step 204] Action=[ 0.97853243 -0.47349003  0.7990944   0.          0.7870799  -0.278523
 -0.95541763] | Reward=+0.039 | Cum=+3.913 | Info={'shot_attempted': False, 'pass_attempted': False, 'goal_scored': False, 'goal_team': None, 'ball_out_by': None, 'has_ball': False, 'start_shot_bonus': False, 'start_pass_bonus': False, 'possession_lost': False}

[Step 205] Action=[ 0.97852635 -0.473446    0.7990805   0.          0.7870741  -0.27851406
 -0.9554032 ] | Reward=+0.039 | Cum=+3.952 | Info={'shot_attempted': False, 'pass_attempted': False, 'goal_scored': False, 'goal_team': None, 'ball_out_by': None, 'has_ball': False, 'start_shot_bonus': False, 'start_pass_bonus': False, 'possession_lost': False}

[Step 206] Action=[ 0.97851986 -0.4734068   0.7990686   0.          0.78706473 -0.2784902
 -0.95538825] | Reward=+0.040 | Cum=+3.991 | Info={'shot_attempted': False, 'pass_attempted': False, 'goal_scored': False, 'goal_team': None, 'ball_out_by': None, 'has_ball': False, 'start_shot_bonus': False, 'start_pass_bonus': False, 'possession_lost': False}

[Step 207] Action=[ 0.97851306 -0.47337076  0.79905796  0.          0.7870534  -0.2784568
 -0.955373  ] | Reward=+0.040 | Cum=+4.031 | Info={'shot_attempted': False, 'pass_attempted': False, 'goal_scored': False, 'goal_team': None, 'ball_out_by': None, 'has_ball': False, 'start_shot_bonus': False, 'start_pass_bonus': False, 'possession_lost': False}

[Step 208] Action=[ 0.9785062  -0.47333515  0.79904735  0.          0.7870419  -0.27842343
 -0.95535773] | Reward=+0.040 | Cum=+4.071 | Info={'shot_attempted': False, 'pass_attempted': False, 'goal_scored': False, 'goal_team': None, 'ball_out_by': None, 'has_ball': False, 'start_shot_bonus': False, 'start_pass_bonus': False, 'possession_lost': False}

[Step 209] Action=[ 0.9784994  -0.4732992   0.7990366   0.          0.7870304  -0.27838984
 -0.9553425 ] | Reward=+0.040 | Cum=+4.110 | Info={'shot_attempted': False, 'pass_attempted': False, 'goal_scored': False, 'goal_team': None, 'ball_out_by': None, 'has_ball': False, 'start_shot_bonus': False, 'start_pass_bonus': False, 'possession_lost': False}

[Step 210] Action=[ 0.9784927  -0.47326323  0.7990262   0.          0.7870191  -0.27835652
 -0.9553272 ] | Reward=+0.040 | Cum=+4.150 | Info={'shot_attempted': False, 'pass_attempted': False, 'goal_scored': False, 'goal_team': None, 'ball_out_by': None, 'has_ball': False, 'start_shot_bonus': False, 'start_pass_bonus': False, 'possession_lost': False}

[Step 211] Action=[ 0.9784859  -0.47322762  0.7990157   0.          0.78700763 -0.27832314
 -0.95531195] | Reward=+0.039 | Cum=+4.189 | Info={'shot_attempted': False, 'pass_attempted': False, 'goal_scored': False, 'goal_team': None, 'ball_out_by': None, 'has_ball': False, 'start_shot_bonus': False, 'start_pass_bonus': False, 'possession_lost': False}

[Step 212] Action=[ 0.9784791  -0.47319177  0.79900527  0.          0.7869963  -0.27828977
 -0.95529675] | Reward=+0.039 | Cum=+4.228 | Info={'shot_attempted': False, 'pass_attempted': False, 'goal_scored': False, 'goal_team': None, 'ball_out_by': None, 'has_ball': False, 'start_shot_bonus': False, 'start_pass_bonus': False, 'possession_lost': False}

[Step 213] Action=[ 0.97847235 -0.47315657  0.79899484  0.          0.78698504 -0.27825645
 -0.9552816 ] | Reward=+0.039 | Cum=+4.267 | Info={'shot_attempted': False, 'pass_attempted': False, 'goal_scored': False, 'goal_team': None, 'ball_out_by': None, 'has_ball': False, 'start_shot_bonus': False, 'start_pass_bonus': False, 'possession_lost': False}

[Step 214] Action=[ 0.9784656  -0.47312108  0.79898447  0.          0.78697383 -0.27822322
 -0.9552665 ] | Reward=+0.039 | Cum=+4.306 | Info={'shot_attempted': False, 'pass_attempted': False, 'goal_scored': False, 'goal_team': None, 'ball_out_by': None, 'has_ball': False, 'start_shot_bonus': False, 'start_pass_bonus': False, 'possession_lost': False}

[Step 215] Action=[ 0.9784589  -0.47308537  0.7989742   0.          0.78696257 -0.27818984
 -0.95525134] | Reward=+0.039 | Cum=+4.345 | Info={'shot_attempted': False, 'pass_attempted': False, 'goal_scored': False, 'goal_team': None, 'ball_out_by': None, 'has_ball': False, 'start_shot_bonus': False, 'start_pass_bonus': False, 'possession_lost': False}

[Step 216] Action=[ 0.9784522  -0.47305024  0.79896396  0.          0.78695136 -0.27815646
 -0.9552362 ] | Reward=+0.040 | Cum=+4.385 | Info={'shot_attempted': False, 'pass_attempted': False, 'goal_scored': False, 'goal_team': None, 'ball_out_by': None, 'has_ball': False, 'start_shot_bonus': False, 'start_pass_bonus': False, 'possession_lost': False}

[Step 217] Action=[ 0.9784448  -0.47301444  0.7989544   0.          0.7869384  -0.2781243
 -0.95522016] | Reward=+0.040 | Cum=+4.425 | Info={'shot_attempted': False, 'pass_attempted': False, 'goal_scored': False, 'goal_team': None, 'ball_out_by': None, 'has_ball': False, 'start_shot_bonus': False, 'start_pass_bonus': False, 'possession_lost': False}

[Step 218] Action=[ 0.9784374  -0.47297886  0.7989448   0.          0.7869256  -0.2780919
 -0.9552041 ] | Reward=+0.040 | Cum=+4.465 | Info={'shot_attempted': False, 'pass_attempted': False, 'goal_scored': False, 'goal_team': None, 'ball_out_by': None, 'has_ball': False, 'start_shot_bonus': False, 'start_pass_bonus': False, 'possession_lost': False}

[Step 219] Action=[ 0.9784299  -0.47294354  0.79893535  0.          0.78691214 -0.27805933
 -0.9551881 ] | Reward=+0.040 | Cum=+4.505 | Info={'shot_attempted': False, 'pass_attempted': False, 'goal_scored': False, 'goal_team': None, 'ball_out_by': None, 'has_ball': False, 'start_shot_bonus': False, 'start_pass_bonus': False, 'possession_lost': False}

[Step 220] Action=[ 0.9784223  -0.47290823  0.7989262   0.          0.78689855 -0.27802685
 -0.9551721 ] | Reward=+0.038 | Cum=+4.543 | Info={'shot_attempted': False, 'pass_attempted': False, 'goal_scored': False, 'goal_team': None, 'ball_out_by': None, 'has_ball': False, 'start_shot_bonus': False, 'start_pass_bonus': False, 'possession_lost': False}

[Step 221] Action=[ 0.9784148  -0.47287288  0.7989169   0.          0.78688496 -0.2779945
 -0.95515615] | Reward=+0.039 | Cum=+4.581 | Info={'shot_attempted': False, 'pass_attempted': False, 'goal_scored': False, 'goal_team': None, 'ball_out_by': None, 'has_ball': False, 'start_shot_bonus': False, 'start_pass_bonus': False, 'possession_lost': False}

[Step 222] Action=[ 0.9784072  -0.47283778  0.7989078   0.          0.78687125 -0.27796188
 -0.9551402 ] | Reward=+0.039 | Cum=+4.620 | Info={'shot_attempted': False, 'pass_attempted': False, 'goal_scored': False, 'goal_team': None, 'ball_out_by': None, 'has_ball': False, 'start_shot_bonus': False, 'start_pass_bonus': False, 'possession_lost': False}

[Step 223] Action=[ 0.97839963 -0.47280255  0.7988987   0.          0.7868578  -0.27792943
 -0.9551242 ] | Reward=+0.039 | Cum=+4.659 | Info={'shot_attempted': False, 'pass_attempted': False, 'goal_scored': False, 'goal_team': None, 'ball_out_by': None, 'has_ball': False, 'start_shot_bonus': False, 'start_pass_bonus': False, 'possession_lost': False}

[Step 224] Action=[ 0.9783921  -0.47276747  0.79888964  0.          0.78684425 -0.277897
 -0.9551083 ] | Reward=+0.039 | Cum=+4.698 | Info={'shot_attempted': False, 'pass_attempted': False, 'goal_scored': False, 'goal_team': None, 'ball_out_by': None, 'has_ball': False, 'start_shot_bonus': False, 'start_pass_bonus': False, 'possession_lost': False}

[Step 225] Action=[ 0.9783846  -0.4727324   0.7988806   0.          0.78683084 -0.27786475
 -0.9550924 ] | Reward=+0.039 | Cum=+4.737 | Info={'shot_attempted': False, 'pass_attempted': False, 'goal_scored': False, 'goal_team': None, 'ball_out_by': None, 'has_ball': False, 'start_shot_bonus': False, 'start_pass_bonus': False, 'possession_lost': False}

[Step 226] Action=[ 0.9783771  -0.47269744  0.7988716   0.          0.78681743 -0.2778323
 -0.9550765 ] | Reward=+0.039 | Cum=+4.776 | Info={'shot_attempted': False, 'pass_attempted': False, 'goal_scored': False, 'goal_team': None, 'ball_out_by': None, 'has_ball': False, 'start_shot_bonus': False, 'start_pass_bonus': False, 'possession_lost': False}

[Step 227] Action=[ 0.9783696  -0.47266227  0.79886264  0.          0.78680414 -0.27779984
 -0.9550606 ] | Reward=+0.039 | Cum=+4.815 | Info={'shot_attempted': False, 'pass_attempted': False, 'goal_scored': False, 'goal_team': None, 'ball_out_by': None, 'has_ball': False, 'start_shot_bonus': False, 'start_pass_bonus': False, 'possession_lost': False}

[Step 228] Action=[ 0.9783621  -0.47262758  0.79885375  0.          0.7867906  -0.2777674
 -0.9550448 ] | Reward=+0.039 | Cum=+4.855 | Info={'shot_attempted': False, 'pass_attempted': False, 'goal_scored': False, 'goal_team': None, 'ball_out_by': None, 'has_ball': False, 'start_shot_bonus': False, 'start_pass_bonus': False, 'possession_lost': False}

[Step 229] Action=[ 0.97835463 -0.47259262  0.7988449   0.          0.7867774  -0.27773526
 -0.95502895] | Reward=+0.039 | Cum=+4.894 | Info={'shot_attempted': False, 'pass_attempted': False, 'goal_scored': False, 'goal_team': None, 'ball_out_by': None, 'has_ball': False, 'start_shot_bonus': False, 'start_pass_bonus': False, 'possession_lost': False}

[Step 230] Action=[ 0.9783472  -0.47255793  0.7988362   0.          0.78676414 -0.27770272
 -0.95501316] | Reward=+0.038 | Cum=+4.932 | Info={'shot_attempted': False, 'pass_attempted': False, 'goal_scored': False, 'goal_team': None, 'ball_out_by': None, 'has_ball': False, 'start_shot_bonus': False, 'start_pass_bonus': False, 'possession_lost': False}

[Step 231] Action=[ 0.97833973 -0.47252333  0.7988274   0.          0.78675085 -0.27767026
 -0.95499736] | Reward=+0.038 | Cum=+4.970 | Info={'shot_attempted': False, 'pass_attempted': False, 'goal_scored': False, 'goal_team': None, 'ball_out_by': None, 'has_ball': False, 'start_shot_bonus': False, 'start_pass_bonus': False, 'possession_lost': False}

[Step 232] Action=[ 0.9783323  -0.47248846  0.7988187   0.          0.78673774 -0.27763802
 -0.95498157] | Reward=+0.038 | Cum=+5.008 | Info={'shot_attempted': False, 'pass_attempted': False, 'goal_scored': False, 'goal_team': None, 'ball_out_by': None, 'has_ball': False, 'start_shot_bonus': False, 'start_pass_bonus': False, 'possession_lost': False}

[Step 233] Action=[ 0.9783249  -0.472454    0.79881     0.          0.78672457 -0.27760577
 -0.95496583] | Reward=+0.038 | Cum=+5.046 | Info={'shot_attempted': False, 'pass_attempted': False, 'goal_scored': False, 'goal_team': None, 'ball_out_by': None, 'has_ball': False, 'start_shot_bonus': False, 'start_pass_bonus': False, 'possession_lost': False}

[Step 234] Action=[ 0.97831744 -0.47241926  0.7988015   0.          0.7867114  -0.27757356
 -0.9549501 ] | Reward=+0.038 | Cum=+5.084 | Info={'shot_attempted': False, 'pass_attempted': False, 'goal_scored': False, 'goal_team': None, 'ball_out_by': None, 'has_ball': False, 'start_shot_bonus': False, 'start_pass_bonus': False, 'possession_lost': False}

[Step 235] Action=[ 0.97831005 -0.47238475  0.7987927   0.          0.7866982  -0.27754113
 -0.9549344 ] | Reward=+0.038 | Cum=+5.122 | Info={'shot_attempted': False, 'pass_attempted': False, 'goal_scored': False, 'goal_team': None, 'ball_out_by': None, 'has_ball': False, 'start_shot_bonus': False, 'start_pass_bonus': False, 'possession_lost': False}

[Step 236] Action=[ 0.97830266 -0.4723506   0.7987843   0.          0.7866852  -0.27750885
 -0.95491874] | Reward=+0.038 | Cum=+5.160 | Info={'shot_attempted': False, 'pass_attempted': False, 'goal_scored': False, 'goal_team': None, 'ball_out_by': None, 'has_ball': False, 'start_shot_bonus': False, 'start_pass_bonus': False, 'possession_lost': False}

[Step 237] Action=[ 0.97829527 -0.47231615  0.79877585  0.          0.78667223 -0.2774766
 -0.95490307] | Reward=+0.038 | Cum=+5.199 | Info={'shot_attempted': False, 'pass_attempted': False, 'goal_scored': False, 'goal_team': None, 'ball_out_by': None, 'has_ball': False, 'start_shot_bonus': False, 'start_pass_bonus': False, 'possession_lost': False}

[Step 238] Action=[ 0.97828794 -0.47228178  0.7987674   0.          0.7866592  -0.27744433
 -0.9548874 ] | Reward=+0.038 | Cum=+5.237 | Info={'shot_attempted': False, 'pass_attempted': False, 'goal_scored': False, 'goal_team': None, 'ball_out_by': None, 'has_ball': False, 'start_shot_bonus': False, 'start_pass_bonus': False, 'possession_lost': False}

[Step 239] Action=[ 0.97828054 -0.47224754  0.7987589   0.          0.7866463  -0.2774121
 -0.9548718 ] | Reward=+0.038 | Cum=+5.275 | Info={'shot_attempted': False, 'pass_attempted': False, 'goal_scored': False, 'goal_team': None, 'ball_out_by': 'att_1', 'has_ball': False, 'start_shot_bonus': False, 'start_pass_bonus': False, 'possession_lost': False}

