Debug log for att_1 (Episode 300)
================================================================================
[Step 1] Action=[ 0.33257097 -0.87606096  0.          0.47342777  0.4113071  -0.3544434
  0.6433493 ] | Reward=-0.001 | Cum=-0.001 | Info={'shot_attempted': False, 'pass_attempted': False, 'goal_scored': False, 'goal_team': None, 'ball_out_by': None, 'has_ball': True, 'start_shot_bonus': False, 'start_pass_bonus': False, 'possession_lost': False}

[Step 2] Action=[ 0.31848612 -0.8598463   0.          0.45962182  0.38894105 -0.34350133
  0.61411077] | Reward=-0.001 | Cum=-0.002 | Info={'shot_attempted': False, 'pass_attempted': False, 'goal_scored': False, 'goal_team': None, 'ball_out_by': None, 'has_ball': True, 'start_shot_bonus': False, 'start_pass_bonus': False, 'possession_lost': False}

[Step 3] Action=[ 0.318376   -0.85974574  0.          0.45950425  0.38883957 -0.34344038
  0.61395293] | Reward=-0.001 | Cum=-0.002 | Info={'shot_attempted': False, 'pass_attempted': False, 'goal_scored': False, 'goal_team': None, 'ball_out_by': None, 'has_ball': True, 'start_shot_bonus': False, 'start_pass_bonus': False, 'possession_lost': False}

[Step 4] Action=[ 0.31827    -0.8596466   0.          0.45938885  0.38873777 -0.34337994
  0.61379844] | Reward=-0.001 | Cum=-0.003 | Info={'shot_attempted': False, 'pass_attempted': False, 'goal_scored': False, 'goal_team': None, 'ball_out_by': None, 'has_ball': True, 'start_shot_bonus': False, 'start_pass_bonus': False, 'possession_lost': False}

[Step 5] Action=[ 0.31816497 -0.85954726  0.          0.4592732   0.38863516 -0.3433191
  0.61364394] | Reward=-0.001 | Cum=-0.004 | Info={'shot_attempted': False, 'pass_attempted': False, 'goal_scored': False, 'goal_team': None, 'ball_out_by': None, 'has_ball': True, 'start_shot_bonus': False, 'start_pass_bonus': False, 'possession_lost': False}

[Step 6] Action=[ 0.318062   -0.8594486   0.          0.4591565   0.38853323 -0.34325752
  0.61349064] | Reward=-0.001 | Cum=-0.005 | Info={'shot_attempted': False, 'pass_attempted': False, 'goal_scored': False, 'goal_team': None, 'ball_out_by': None, 'has_ball': True, 'start_shot_bonus': False, 'start_pass_bonus': False, 'possession_lost': False}

[Step 7] Action=[ 0.3179598  -0.85935     0.          0.4590395   0.38843137 -0.34319577
  0.6133375 ] | Reward=-0.001 | Cum=-0.006 | Info={'shot_attempted': False, 'pass_attempted': False, 'goal_scored': False, 'goal_team': None, 'ball_out_by': None, 'has_ball': True, 'start_shot_bonus': False, 'start_pass_bonus': False, 'possession_lost': False}

[Step 8] Action=[ 0.31785744 -0.8592514   0.          0.4589225   0.3883295  -0.343134
  0.61318433] | Reward=-0.001 | Cum=-0.007 | Info={'shot_attempted': False, 'pass_attempted': False, 'goal_scored': False, 'goal_team': None, 'ball_out_by': None, 'has_ball': True, 'start_shot_bonus': False, 'start_pass_bonus': False, 'possession_lost': False}

[Step 9] Action=[ 0.31775513 -0.8591527   0.          0.45880544  0.38822758 -0.34307212
  0.613031  ] | Reward=-0.001 | Cum=-0.007 | Info={'shot_attempted': False, 'pass_attempted': False, 'goal_scored': False, 'goal_team': None, 'ball_out_by': None, 'has_ball': True, 'start_shot_bonus': False, 'start_pass_bonus': False, 'possession_lost': False}

[Step 10] Action=[ 0.3176527  -0.8590539   0.          0.45868835  0.38812566 -0.34301034
  0.6128778 ] | Reward=-0.001 | Cum=-0.008 | Info={'shot_attempted': False, 'pass_attempted': False, 'goal_scored': False, 'goal_team': None, 'ball_out_by': None, 'has_ball': True, 'start_shot_bonus': False, 'start_pass_bonus': False, 'possession_lost': False}

[Step 11] Action=[ 0.31755036 -0.8589551   0.          0.45857123  0.38802367 -0.3429485
  0.6127244 ] | Reward=-0.001 | Cum=-0.009 | Info={'shot_attempted': False, 'pass_attempted': False, 'goal_scored': False, 'goal_team': None, 'ball_out_by': None, 'has_ball': True, 'start_shot_bonus': False, 'start_pass_bonus': False, 'possession_lost': False}

[Step 12] Action=[ 0.31744796 -0.85885614  0.          0.4584541   0.38792178 -0.34288666
  0.61257106] | Reward=-0.001 | Cum=-0.010 | Info={'shot_attempted': False, 'pass_attempted': False, 'goal_scored': False, 'goal_team': None, 'ball_out_by': None, 'has_ball': True, 'start_shot_bonus': False, 'start_pass_bonus': False, 'possession_lost': False}

[Step 13] Action=[ 0.31734556 -0.8587572   0.          0.45833695  0.38781986 -0.3428248
  0.6124175 ] | Reward=-0.000 | Cum=-0.010 | Info={'shot_attempted': False, 'pass_attempted': False, 'goal_scored': False, 'goal_team': None, 'ball_out_by': None, 'has_ball': True, 'start_shot_bonus': False, 'start_pass_bonus': False, 'possession_lost': False}

[Step 14] Action=[ 0.3172431  -0.8586581   0.          0.45821974  0.3877178  -0.34276292
  0.61226404] | Reward=-0.000 | Cum=-0.010 | Info={'shot_attempted': False, 'pass_attempted': False, 'goal_scored': False, 'goal_team': None, 'ball_out_by': None, 'has_ball': True, 'start_shot_bonus': False, 'start_pass_bonus': False, 'possession_lost': False}

[Step 15] Action=[ 0.31714076 -0.8585589   0.          0.45810246  0.38761583 -0.34270108
  0.61211044] | Reward=-0.000 | Cum=-0.011 | Info={'shot_attempted': False, 'pass_attempted': False, 'goal_scored': False, 'goal_team': None, 'ball_out_by': None, 'has_ball': True, 'start_shot_bonus': False, 'start_pass_bonus': False, 'possession_lost': False}

[Step 16] Action=[ 0.31703833 -0.8584597   0.          0.45798528  0.38751382 -0.3426392
  0.6119568 ] | Reward=-0.000 | Cum=-0.011 | Info={'shot_attempted': False, 'pass_attempted': False, 'goal_scored': False, 'goal_team': None, 'ball_out_by': None, 'has_ball': True, 'start_shot_bonus': False, 'start_pass_bonus': False, 'possession_lost': False}

[Step 17] Action=[ 0.3169359  -0.85836047  0.          0.457868    0.38741177 -0.3425773
  0.611803  ] | Reward=-0.000 | Cum=-0.011 | Info={'shot_attempted': False, 'pass_attempted': False, 'goal_scored': False, 'goal_team': None, 'ball_out_by': None, 'has_ball': True, 'start_shot_bonus': False, 'start_pass_bonus': False, 'possession_lost': False}

[Step 18] Action=[ 0.31683347 -0.85826105  0.          0.45775074  0.3873097  -0.34251538
  0.6116493 ] | Reward=-0.000 | Cum=-0.011 | Info={'shot_attempted': False, 'pass_attempted': False, 'goal_scored': False, 'goal_team': None, 'ball_out_by': None, 'has_ball': True, 'start_shot_bonus': False, 'start_pass_bonus': False, 'possession_lost': False}

[Step 19] Action=[ 0.3167308  -0.8581616   0.          0.45763338  0.38720763 -0.34245345
  0.6114955 ] | Reward=-0.000 | Cum=-0.012 | Info={'shot_attempted': False, 'pass_attempted': False, 'goal_scored': False, 'goal_team': None, 'ball_out_by': None, 'has_ball': True, 'start_shot_bonus': False, 'start_pass_bonus': False, 'possession_lost': False}

[Step 20] Action=[ 0.3166284  -0.8580621   0.          0.45751598  0.38710555 -0.34239155
  0.6113416 ] | Reward=-0.000 | Cum=-0.012 | Info={'shot_attempted': False, 'pass_attempted': False, 'goal_scored': False, 'goal_team': None, 'ball_out_by': None, 'has_ball': True, 'start_shot_bonus': False, 'start_pass_bonus': False, 'possession_lost': False}

[Step 21] Action=[ 0.31652588 -0.85796255  0.          0.45739868  0.38700342 -0.34232965
  0.61118764] | Reward=-0.000 | Cum=-0.012 | Info={'shot_attempted': False, 'pass_attempted': False, 'goal_scored': False, 'goal_team': None, 'ball_out_by': None, 'has_ball': True, 'start_shot_bonus': False, 'start_pass_bonus': False, 'possession_lost': False}

[Step 22] Action=[ 0.31642354 -0.8578629   0.          0.45728123  0.38690135 -0.3422677
  0.61103374] | Reward=-0.000 | Cum=-0.013 | Info={'shot_attempted': False, 'pass_attempted': False, 'goal_scored': False, 'goal_team': None, 'ball_out_by': None, 'has_ball': True, 'start_shot_bonus': False, 'start_pass_bonus': False, 'possession_lost': False}

[Step 23] Action=[ 0.31632096 -0.8577632   0.          0.45716375  0.38679913 -0.34220576
  0.6108796 ] | Reward=-0.000 | Cum=-0.013 | Info={'shot_attempted': False, 'pass_attempted': False, 'goal_scored': False, 'goal_team': None, 'ball_out_by': None, 'has_ball': True, 'start_shot_bonus': False, 'start_pass_bonus': False, 'possession_lost': False}

[Step 24] Action=[ 0.3162184  -0.85766333  0.          0.4570463   0.38669705 -0.34214377
  0.61072546] | Reward=-0.000 | Cum=-0.014 | Info={'shot_attempted': False, 'pass_attempted': False, 'goal_scored': False, 'goal_team': None, 'ball_out_by': None, 'has_ball': True, 'start_shot_bonus': False, 'start_pass_bonus': False, 'possession_lost': False}

[Step 25] Action=[ 0.31611577 -0.85756344  0.          0.45692885  0.3865949  -0.34208184
  0.6105713 ] | Reward=-0.000 | Cum=-0.014 | Info={'shot_attempted': False, 'pass_attempted': False, 'goal_scored': False, 'goal_team': None, 'ball_out_by': None, 'has_ball': True, 'start_shot_bonus': False, 'start_pass_bonus': False, 'possession_lost': False}

[Step 26] Action=[ 0.31601328 -0.8574635   0.          0.45681128  0.3864926  -0.3420199
  0.61041707] | Reward=+0.000 | Cum=-0.014 | Info={'shot_attempted': False, 'pass_attempted': False, 'goal_scored': False, 'goal_team': None, 'ball_out_by': None, 'has_ball': True, 'start_shot_bonus': False, 'start_pass_bonus': False, 'possession_lost': False}

[Step 27] Action=[ 0.31591064 -0.8573635   0.          0.4566938   0.38639048 -0.341958
  0.61026275] | Reward=+0.000 | Cum=-0.014 | Info={'shot_attempted': False, 'pass_attempted': False, 'goal_scored': False, 'goal_team': None, 'ball_out_by': None, 'has_ball': True, 'start_shot_bonus': False, 'start_pass_bonus': False, 'possession_lost': False}

[Step 28] Action=[ 0.31580815 -0.85726345  0.          0.45657626  0.3862881  -0.34189597
  0.6101084 ] | Reward=+0.000 | Cum=-0.013 | Info={'shot_attempted': False, 'pass_attempted': False, 'goal_scored': False, 'goal_team': None, 'ball_out_by': None, 'has_ball': True, 'start_shot_bonus': False, 'start_pass_bonus': False, 'possession_lost': False}

[Step 29] Action=[ 0.3157056  -0.8571632   0.          0.45645863  0.38618588 -0.34183395
  0.609954  ] | Reward=+0.000 | Cum=-0.013 | Info={'shot_attempted': False, 'pass_attempted': False, 'goal_scored': False, 'goal_team': None, 'ball_out_by': None, 'has_ball': True, 'start_shot_bonus': False, 'start_pass_bonus': False, 'possession_lost': False}

[Step 30] Action=[ 0.31560293 -0.857063    0.          0.45634097  0.3860837  -0.34177193
  0.6097995 ] | Reward=+0.000 | Cum=-0.013 | Info={'shot_attempted': False, 'pass_attempted': False, 'goal_scored': False, 'goal_team': None, 'ball_out_by': None, 'has_ball': True, 'start_shot_bonus': False, 'start_pass_bonus': False, 'possession_lost': False}

[Step 31] Action=[ 0.31550026 -0.8569626   0.          0.45622337  0.38598138 -0.34170994
  0.609645  ] | Reward=+0.000 | Cum=-0.013 | Info={'shot_attempted': False, 'pass_attempted': False, 'goal_scored': False, 'goal_team': None, 'ball_out_by': None, 'has_ball': True, 'start_shot_bonus': False, 'start_pass_bonus': False, 'possession_lost': False}

[Step 32] Action=[ 0.31539762 -0.85686225  0.          0.45610565  0.38587904 -0.34164798
  0.60949033] | Reward=-0.000 | Cum=-0.013 | Info={'shot_attempted': False, 'pass_attempted': False, 'goal_scored': False, 'goal_team': None, 'ball_out_by': None, 'has_ball': True, 'start_shot_bonus': False, 'start_pass_bonus': False, 'possession_lost': False}

[Step 33] Action=[ 0.31529495 -0.8567618   0.          0.455988    0.3857768  -0.34158593
  0.6093357 ] | Reward=-0.000 | Cum=-0.013 | Info={'shot_attempted': False, 'pass_attempted': False, 'goal_scored': False, 'goal_team': None, 'ball_out_by': None, 'has_ball': True, 'start_shot_bonus': False, 'start_pass_bonus': False, 'possession_lost': False}

[Step 34] Action=[ 0.31519234 -0.85666126  0.          0.45587024  0.38567442 -0.34152383
  0.6091809 ] | Reward=-0.000 | Cum=-0.013 | Info={'shot_attempted': False, 'pass_attempted': False, 'goal_scored': False, 'goal_team': None, 'ball_out_by': None, 'has_ball': True, 'start_shot_bonus': False, 'start_pass_bonus': False, 'possession_lost': False}

[Step 35] Action=[ 0.31508958 -0.8565606   0.          0.4557525   0.3855721  -0.34146184
  0.60902625] | Reward=-0.000 | Cum=-0.013 | Info={'shot_attempted': False, 'pass_attempted': False, 'goal_scored': False, 'goal_team': None, 'ball_out_by': None, 'has_ball': True, 'start_shot_bonus': False, 'start_pass_bonus': False, 'possession_lost': False}

[Step 36] Action=[ 0.31498697 -0.8564599   0.          0.4556347   0.38546968 -0.34139976
  0.60887146] | Reward=-0.000 | Cum=-0.014 | Info={'shot_attempted': False, 'pass_attempted': False, 'goal_scored': False, 'goal_team': None, 'ball_out_by': None, 'has_ball': True, 'start_shot_bonus': False, 'start_pass_bonus': False, 'possession_lost': False}

[Step 37] Action=[ 0.31488428 -0.8563592   0.          0.4555169   0.38536724 -0.34133765
  0.6087165 ] | Reward=-0.000 | Cum=-0.014 | Info={'shot_attempted': False, 'pass_attempted': False, 'goal_scored': False, 'goal_team': None, 'ball_out_by': None, 'has_ball': True, 'start_shot_bonus': False, 'start_pass_bonus': False, 'possession_lost': False}

[Step 38] Action=[ 0.31478164 -0.85625833  0.          0.45539904  0.3852648  -0.3412756
  0.6085615 ] | Reward=-0.000 | Cum=-0.014 | Info={'shot_attempted': False, 'pass_attempted': False, 'goal_scored': False, 'goal_team': None, 'ball_out_by': None, 'has_ball': True, 'start_shot_bonus': False, 'start_pass_bonus': False, 'possession_lost': False}

[Step 39] Action=[ 0.31467882 -0.8561574   0.          0.4552812   0.38516238 -0.3412135
  0.60840654] | Reward=+0.000 | Cum=-0.014 | Info={'shot_attempted': False, 'pass_attempted': False, 'goal_scored': False, 'goal_team': None, 'ball_out_by': None, 'has_ball': True, 'start_shot_bonus': False, 'start_pass_bonus': False, 'possession_lost': False}

[Step 40] Action=[ 0.31457612 -0.8560564   0.          0.4551633   0.38506004 -0.3411514
  0.60825145] | Reward=+0.000 | Cum=-0.013 | Info={'shot_attempted': False, 'pass_attempted': False, 'goal_scored': False, 'goal_team': None, 'ball_out_by': None, 'has_ball': True, 'start_shot_bonus': False, 'start_pass_bonus': False, 'possession_lost': False}

[Step 41] Action=[ 0.31447333 -0.85595536  0.          0.4550454   0.38495755 -0.34108928
  0.6080964 ] | Reward=+0.000 | Cum=-0.013 | Info={'shot_attempted': False, 'pass_attempted': False, 'goal_scored': False, 'goal_team': None, 'ball_out_by': None, 'has_ball': True, 'start_shot_bonus': False, 'start_pass_bonus': False, 'possession_lost': False}

[Step 42] Action=[ 0.31437057 -0.8558542   0.          0.4549274   0.38485503 -0.3410272
  0.60794127] | Reward=+0.000 | Cum=-0.013 | Info={'shot_attempted': False, 'pass_attempted': False, 'goal_scored': False, 'goal_team': None, 'ball_out_by': None, 'has_ball': True, 'start_shot_bonus': False, 'start_pass_bonus': False, 'possession_lost': False}

[Step 43] Action=[ 0.31426778 -0.855753    0.          0.45480946  0.38475257 -0.3409651
  0.60778594] | Reward=+0.000 | Cum=-0.013 | Info={'shot_attempted': False, 'pass_attempted': False, 'goal_scored': False, 'goal_team': None, 'ball_out_by': None, 'has_ball': True, 'start_shot_bonus': False, 'start_pass_bonus': False, 'possession_lost': False}

[Step 44] Action=[ 0.31416506 -0.85565174  0.          0.45469147  0.38465008 -0.3409029
  0.60763067] | Reward=+0.000 | Cum=-0.012 | Info={'shot_attempted': False, 'pass_attempted': False, 'goal_scored': False, 'goal_team': None, 'ball_out_by': None, 'has_ball': True, 'start_shot_bonus': False, 'start_pass_bonus': False, 'possession_lost': False}

[Step 45] Action=[ 0.31406233 -0.8555504   0.          0.45457345  0.38454744 -0.34084076
  0.6074753 ] | Reward=+0.000 | Cum=-0.012 | Info={'shot_attempted': False, 'pass_attempted': False, 'goal_scored': False, 'goal_team': None, 'ball_out_by': None, 'has_ball': True, 'start_shot_bonus': False, 'start_pass_bonus': False, 'possession_lost': False}

[Step 46] Action=[ 0.31395945 -0.8554489   0.          0.45445535  0.38444492 -0.3407786
  0.60731983] | Reward=-0.000 | Cum=-0.012 | Info={'shot_attempted': False, 'pass_attempted': False, 'goal_scored': False, 'goal_team': None, 'ball_out_by': None, 'has_ball': True, 'start_shot_bonus': False, 'start_pass_bonus': False, 'possession_lost': False}

[Step 47] Action=[ 0.31385657 -0.85534745  0.          0.4543373   0.3843423  -0.34071645
  0.6071643 ] | Reward=-0.000 | Cum=-0.012 | Info={'shot_attempted': False, 'pass_attempted': False, 'goal_scored': False, 'goal_team': None, 'ball_out_by': None, 'has_ball': True, 'start_shot_bonus': False, 'start_pass_bonus': False, 'possession_lost': False}

[Step 48] Action=[ 0.3137539  -0.8552458   0.          0.45421857  0.38423917 -0.34065464
  0.6070081 ] | Reward=-0.000 | Cum=-0.012 | Info={'shot_attempted': False, 'pass_attempted': False, 'goal_scored': False, 'goal_team': None, 'ball_out_by': None, 'has_ball': True, 'start_shot_bonus': False, 'start_pass_bonus': False, 'possession_lost': False}

[Step 49] Action=[ 0.31365138 -0.85514426  0.          0.45409867  0.3841351  -0.34059352
  0.60685056] | Reward=-0.000 | Cum=-0.013 | Info={'shot_attempted': False, 'pass_attempted': False, 'goal_scored': False, 'goal_team': None, 'ball_out_by': None, 'has_ball': True, 'start_shot_bonus': False, 'start_pass_bonus': False, 'possession_lost': False}

[Step 50] Action=[ 0.3135494  -0.8550431   0.          0.4539792   0.38403264 -0.34053326
  0.6066954 ] | Reward=-0.000 | Cum=-0.013 | Info={'shot_attempted': False, 'pass_attempted': False, 'goal_scored': False, 'goal_team': None, 'ball_out_by': None, 'has_ball': True, 'start_shot_bonus': False, 'start_pass_bonus': False, 'possession_lost': False}

[Step 51] Action=[ 0.31344754 -0.85494184  0.          0.45385963  0.3839303  -0.34047297
  0.6065402 ] | Reward=-0.000 | Cum=-0.013 | Info={'shot_attempted': False, 'pass_attempted': False, 'goal_scored': False, 'goal_team': None, 'ball_out_by': None, 'has_ball': True, 'start_shot_bonus': False, 'start_pass_bonus': False, 'possession_lost': False}

[Step 52] Action=[ 0.31334558 -0.8548405   0.          0.45374006  0.38382787 -0.34041268
  0.606385  ] | Reward=+0.000 | Cum=-0.013 | Info={'shot_attempted': False, 'pass_attempted': False, 'goal_scored': False, 'goal_team': None, 'ball_out_by': None, 'has_ball': True, 'start_shot_bonus': False, 'start_pass_bonus': False, 'possession_lost': False}

[Step 53] Action=[ 0.31324372 -0.8547391   0.          0.45362055  0.38372543 -0.34035236
  0.60622966] | Reward=+0.000 | Cum=-0.012 | Info={'shot_attempted': False, 'pass_attempted': False, 'goal_scored': False, 'goal_team': None, 'ball_out_by': None, 'has_ball': True, 'start_shot_bonus': False, 'start_pass_bonus': False, 'possession_lost': False}

[Step 54] Action=[ 0.31314176 -0.8546377   0.          0.45350096  0.383623   -0.34029198
  0.60607433] | Reward=+0.000 | Cum=-0.012 | Info={'shot_attempted': False, 'pass_attempted': False, 'goal_scored': False, 'goal_team': None, 'ball_out_by': None, 'has_ball': True, 'start_shot_bonus': False, 'start_pass_bonus': False, 'possession_lost': False}

[Step 55] Action=[ 0.31303978 -0.8545362   0.          0.45338124  0.38352054 -0.34023178
  0.6059189 ] | Reward=+0.000 | Cum=-0.012 | Info={'shot_attempted': False, 'pass_attempted': False, 'goal_scored': False, 'goal_team': None, 'ball_out_by': None, 'has_ball': True, 'start_shot_bonus': False, 'start_pass_bonus': False, 'possession_lost': False}

[Step 56] Action=[ 0.31293783 -0.8544345   0.          0.45326158  0.3834181  -0.34017134
  0.6057634 ] | Reward=+0.000 | Cum=-0.012 | Info={'shot_attempted': False, 'pass_attempted': False, 'goal_scored': False, 'goal_team': None, 'ball_out_by': None, 'has_ball': True, 'start_shot_bonus': False, 'start_pass_bonus': False, 'possession_lost': False}

[Step 57] Action=[ 0.31283578 -0.85433286  0.          0.4531419   0.38331556 -0.340111
  0.60560787] | Reward=+0.000 | Cum=-0.012 | Info={'shot_attempted': False, 'pass_attempted': False, 'goal_scored': False, 'goal_team': None, 'ball_out_by': None, 'has_ball': True, 'start_shot_bonus': False, 'start_pass_bonus': False, 'possession_lost': False}

[Step 58] Action=[ 0.31273377 -0.8542311   0.          0.45302215  0.38321307 -0.34005064
  0.60545224] | Reward=+0.000 | Cum=-0.012 | Info={'shot_attempted': False, 'pass_attempted': False, 'goal_scored': False, 'goal_team': None, 'ball_out_by': None, 'has_ball': True, 'start_shot_bonus': False, 'start_pass_bonus': False, 'possession_lost': False}

[Step 59] Action=[ 0.3126318  -0.85412925  0.          0.4529025   0.3831105  -0.3399903
  0.6052966 ] | Reward=+0.000 | Cum=-0.012 | Info={'shot_attempted': False, 'pass_attempted': False, 'goal_scored': False, 'goal_team': None, 'ball_out_by': None, 'has_ball': True, 'start_shot_bonus': False, 'start_pass_bonus': False, 'possession_lost': False}

[Step 60] Action=[ 0.31252974 -0.85402733  0.          0.45278266  0.38300794 -0.3399299
  0.60514086] | Reward=-0.000 | Cum=-0.012 | Info={'shot_attempted': False, 'pass_attempted': False, 'goal_scored': False, 'goal_team': None, 'ball_out_by': None, 'has_ball': True, 'start_shot_bonus': False, 'start_pass_bonus': False, 'possession_lost': False}

[Step 61] Action=[ 0.31242767 -0.8539254   0.          0.45266286  0.38290545 -0.33986956
  0.6049851 ] | Reward=-0.000 | Cum=-0.012 | Info={'shot_attempted': False, 'pass_attempted': False, 'goal_scored': False, 'goal_team': None, 'ball_out_by': None, 'has_ball': True, 'start_shot_bonus': False, 'start_pass_bonus': False, 'possession_lost': False}

[Step 62] Action=[ 0.31232566 -0.8538233   0.          0.452543    0.38280275 -0.33980915
  0.60482925] | Reward=-0.000 | Cum=-0.013 | Info={'shot_attempted': False, 'pass_attempted': False, 'goal_scored': False, 'goal_team': None, 'ball_out_by': None, 'has_ball': True, 'start_shot_bonus': False, 'start_pass_bonus': False, 'possession_lost': False}

[Step 63] Action=[ 0.31222352 -0.85372114  0.          0.45242316  0.38270018 -0.33974868
  0.6046733 ] | Reward=-0.000 | Cum=-0.013 | Info={'shot_attempted': False, 'pass_attempted': False, 'goal_scored': False, 'goal_team': None, 'ball_out_by': None, 'has_ball': True, 'start_shot_bonus': False, 'start_pass_bonus': False, 'possession_lost': False}

[Step 64] Action=[ 0.3121215  -0.8536189   0.          0.45230332  0.38259757 -0.3396884
  0.6045174 ] | Reward=-0.001 | Cum=-0.013 | Info={'shot_attempted': False, 'pass_attempted': False, 'goal_scored': False, 'goal_team': None, 'ball_out_by': None, 'has_ball': True, 'start_shot_bonus': False, 'start_pass_bonus': False, 'possession_lost': False}

[Step 65] Action=[ 0.31201944 -0.85351664  0.          0.45218337  0.38249496 -0.33962786
  0.6043614 ] | Reward=+0.000 | Cum=-0.013 | Info={'shot_attempted': False, 'pass_attempted': False, 'goal_scored': False, 'goal_team': None, 'ball_out_by': None, 'has_ball': True, 'start_shot_bonus': False, 'start_pass_bonus': False, 'possession_lost': False}

[Step 66] Action=[ 0.3119174  -0.8534143   0.          0.45206344  0.38239226 -0.33956748
  0.6042053 ] | Reward=+0.000 | Cum=-0.013 | Info={'shot_attempted': False, 'pass_attempted': False, 'goal_scored': False, 'goal_team': None, 'ball_out_by': None, 'has_ball': True, 'start_shot_bonus': False, 'start_pass_bonus': False, 'possession_lost': False}

[Step 67] Action=[ 0.3118152  -0.85331184  0.          0.4519435   0.38228965 -0.33950698
  0.60404915] | Reward=+0.000 | Cum=-0.013 | Info={'shot_attempted': False, 'pass_attempted': False, 'goal_scored': False, 'goal_team': None, 'ball_out_by': None, 'has_ball': True, 'start_shot_bonus': False, 'start_pass_bonus': False, 'possession_lost': False}

[Step 68] Action=[ 0.31171307 -0.8532094   0.          0.4518235   0.3821869  -0.33944654
  0.603893  ] | Reward=+0.000 | Cum=-0.013 | Info={'shot_attempted': False, 'pass_attempted': False, 'goal_scored': False, 'goal_team': None, 'ball_out_by': None, 'has_ball': True, 'start_shot_bonus': False, 'start_pass_bonus': False, 'possession_lost': False}

[Step 69] Action=[ 0.3116109  -0.8531067   0.          0.45170346  0.38208416 -0.33938614
  0.6037367 ] | Reward=-0.000 | Cum=-0.014 | Info={'shot_attempted': False, 'pass_attempted': False, 'goal_scored': False, 'goal_team': None, 'ball_out_by': None, 'has_ball': True, 'start_shot_bonus': False, 'start_pass_bonus': False, 'possession_lost': False}

[Step 70] Action=[ 0.31150886 -0.85300523  0.          0.45158523  0.3819813  -0.33932713
  0.6035812 ] | Reward=-0.000 | Cum=-0.014 | Info={'shot_attempted': False, 'pass_attempted': False, 'goal_scored': False, 'goal_team': None, 'ball_out_by': None, 'has_ball': True, 'start_shot_bonus': False, 'start_pass_bonus': False, 'possession_lost': False}

[Step 71] Action=[ 0.31140688 -0.8529042   0.          0.4514677   0.38187838 -0.33926868
  0.6034258 ] | Reward=-0.000 | Cum=-0.014 | Info={'shot_attempted': False, 'pass_attempted': False, 'goal_scored': False, 'goal_team': None, 'ball_out_by': None, 'has_ball': True, 'start_shot_bonus': False, 'start_pass_bonus': False, 'possession_lost': False}

[Step 72] Action=[ 0.31130475 -0.85280305  0.          0.4513502   0.38177544 -0.33921033
  0.6032705 ] | Reward=-0.000 | Cum=-0.015 | Info={'shot_attempted': False, 'pass_attempted': False, 'goal_scored': False, 'goal_team': None, 'ball_out_by': None, 'has_ball': True, 'start_shot_bonus': False, 'start_pass_bonus': False, 'possession_lost': False}

[Step 73] Action=[ 0.31120273 -0.85270184  0.          0.45123264  0.38167253 -0.33915198
  0.60311514] | Reward=-0.001 | Cum=-0.016 | Info={'shot_attempted': False, 'pass_attempted': False, 'goal_scored': False, 'goal_team': None, 'ball_out_by': None, 'has_ball': True, 'start_shot_bonus': False, 'start_pass_bonus': False, 'possession_lost': False}

[Step 74] Action=[ 0.31110078 -0.8526006   0.          0.45111507  0.3815695  -0.3390935
  0.6029597 ] | Reward=-0.001 | Cum=-0.016 | Info={'shot_attempted': False, 'pass_attempted': False, 'goal_scored': False, 'goal_team': None, 'ball_out_by': None, 'has_ball': True, 'start_shot_bonus': False, 'start_pass_bonus': False, 'possession_lost': False}

[Step 75] Action=[ 0.31099865 -0.85249925  0.          0.45099756  0.3814665  -0.33903506
  0.6028041 ] | Reward=-0.001 | Cum=-0.017 | Info={'shot_attempted': False, 'pass_attempted': False, 'goal_scored': False, 'goal_team': None, 'ball_out_by': None, 'has_ball': True, 'start_shot_bonus': False, 'start_pass_bonus': False, 'possession_lost': False}

[Step 76] Action=[ 0.3108966  -0.8523978   0.          0.45087993  0.3813635  -0.33897668
  0.60264856] | Reward=-0.001 | Cum=-0.018 | Info={'shot_attempted': False, 'pass_attempted': False, 'goal_scored': False, 'goal_team': None, 'ball_out_by': None, 'has_ball': True, 'start_shot_bonus': False, 'start_pass_bonus': False, 'possession_lost': False}

[Step 77] Action=[ 0.31079447 -0.85229635  0.          0.45076236  0.3812604  -0.3389183
  0.60249287] | Reward=-0.001 | Cum=-0.019 | Info={'shot_attempted': False, 'pass_attempted': False, 'goal_scored': False, 'goal_team': None, 'ball_out_by': None, 'has_ball': True, 'start_shot_bonus': False, 'start_pass_bonus': False, 'possession_lost': False}

[Step 78] Action=[ 0.31069237 -0.8521947   0.          0.45064455  0.3811574  -0.33885983
  0.6023372 ] | Reward=-0.001 | Cum=-0.019 | Info={'shot_attempted': False, 'pass_attempted': False, 'goal_scored': False, 'goal_team': None, 'ball_out_by': None, 'has_ball': True, 'start_shot_bonus': False, 'start_pass_bonus': False, 'possession_lost': False}

[Step 79] Action=[ 0.3105903  -0.8520931   0.          0.45052695  0.3810543  -0.3388014
  0.60218143] | Reward=-0.001 | Cum=-0.020 | Info={'shot_attempted': False, 'pass_attempted': False, 'goal_scored': False, 'goal_team': None, 'ball_out_by': None, 'has_ball': True, 'start_shot_bonus': False, 'start_pass_bonus': False, 'possession_lost': False}

[Step 80] Action=[ 0.31048813 -0.85199136  0.          0.45040926  0.38095123 -0.33874297
  0.6020256 ] | Reward=-0.001 | Cum=-0.020 | Info={'shot_attempted': False, 'pass_attempted': False, 'goal_scored': False, 'goal_team': None, 'ball_out_by': None, 'has_ball': True, 'start_shot_bonus': False, 'start_pass_bonus': False, 'possession_lost': False}

[Step 81] Action=[ 0.31038597 -0.8518896   0.          0.4502915   0.38084808 -0.33868447
  0.60186976] | Reward=-0.001 | Cum=-0.021 | Info={'shot_attempted': False, 'pass_attempted': False, 'goal_scored': False, 'goal_team': None, 'ball_out_by': None, 'has_ball': True, 'start_shot_bonus': False, 'start_pass_bonus': False, 'possession_lost': False}

[Step 82] Action=[ 0.31028378 -0.85178775  0.          0.4501737   0.38074496 -0.33862597
  0.60171384] | Reward=-0.001 | Cum=-0.022 | Info={'shot_attempted': False, 'pass_attempted': False, 'goal_scored': False, 'goal_team': None, 'ball_out_by': None, 'has_ball': True, 'start_shot_bonus': False, 'start_pass_bonus': False, 'possession_lost': False}

[Step 83] Action=[ 0.31018162 -0.8516858   0.          0.45005593  0.3806418  -0.33856753
  0.60155785] | Reward=-0.001 | Cum=-0.023 | Info={'shot_attempted': False, 'pass_attempted': False, 'goal_scored': False, 'goal_team': None, 'ball_out_by': None, 'has_ball': True, 'start_shot_bonus': False, 'start_pass_bonus': False, 'possession_lost': False}

[Step 84] Action=[ 0.3100795  -0.8515838   0.          0.4499381   0.38053864 -0.338509
  0.6014018 ] | Reward=-0.001 | Cum=-0.024 | Info={'shot_attempted': False, 'pass_attempted': False, 'goal_scored': False, 'goal_team': None, 'ball_out_by': None, 'has_ball': True, 'start_shot_bonus': False, 'start_pass_bonus': False, 'possession_lost': False}

[Step 85] Action=[ 0.30997726 -0.8514817   0.          0.44982025  0.3804355  -0.33845055
  0.60124564] | Reward=-0.001 | Cum=-0.025 | Info={'shot_attempted': False, 'pass_attempted': False, 'goal_scored': False, 'goal_team': None, 'ball_out_by': None, 'has_ball': True, 'start_shot_bonus': False, 'start_pass_bonus': False, 'possession_lost': False}

[Step 86] Action=[ 0.3098751  -0.8513795   0.          0.4497024   0.38033232 -0.33839202
  0.6010895 ] | Reward=-0.001 | Cum=-0.026 | Info={'shot_attempted': False, 'pass_attempted': False, 'goal_scored': False, 'goal_team': None, 'ball_out_by': None, 'has_ball': True, 'start_shot_bonus': False, 'start_pass_bonus': False, 'possession_lost': False}

[Step 87] Action=[ 0.3097728  -0.8512773   0.          0.44958448  0.3802291  -0.3383335
  0.60093325] | Reward=-0.001 | Cum=-0.027 | Info={'shot_attempted': False, 'pass_attempted': False, 'goal_scored': False, 'goal_team': None, 'ball_out_by': None, 'has_ball': True, 'start_shot_bonus': False, 'start_pass_bonus': False, 'possession_lost': False}

[Step 88] Action=[ 0.3096706  -0.851175    0.          0.44946653  0.38012582 -0.338275
  0.600777  ] | Reward=-0.001 | Cum=-0.029 | Info={'shot_attempted': False, 'pass_attempted': False, 'goal_scored': False, 'goal_team': None, 'ball_out_by': None, 'has_ball': True, 'start_shot_bonus': False, 'start_pass_bonus': False, 'possession_lost': False}

[Step 89] Action=[ 0.3095684  -0.8510726   0.          0.44934857  0.38002256 -0.33821645
  0.6006206 ] | Reward=-0.001 | Cum=-0.030 | Info={'shot_attempted': False, 'pass_attempted': False, 'goal_scored': False, 'goal_team': None, 'ball_out_by': None, 'has_ball': True, 'start_shot_bonus': False, 'start_pass_bonus': False, 'possession_lost': False}

[Step 90] Action=[ 0.30946615 -0.85097015  0.          0.44923058  0.3799193  -0.33815792
  0.6004643 ] | Reward=-0.001 | Cum=-0.031 | Info={'shot_attempted': False, 'pass_attempted': False, 'goal_scored': False, 'goal_team': None, 'ball_out_by': None, 'has_ball': True, 'start_shot_bonus': False, 'start_pass_bonus': False, 'possession_lost': False}

[Step 91] Action=[ 0.3093638  -0.85086757  0.          0.4491126   0.37981597 -0.3380994
  0.60030776] | Reward=-0.001 | Cum=-0.032 | Info={'shot_attempted': False, 'pass_attempted': False, 'goal_scored': False, 'goal_team': None, 'ball_out_by': None, 'has_ball': True, 'start_shot_bonus': False, 'start_pass_bonus': False, 'possession_lost': False}

[Step 92] Action=[ 0.30926162 -0.85076505  0.          0.44899458  0.3797127  -0.3380408
  0.60015124] | Reward=-0.001 | Cum=-0.033 | Info={'shot_attempted': False, 'pass_attempted': False, 'goal_scored': False, 'goal_team': None, 'ball_out_by': None, 'has_ball': True, 'start_shot_bonus': False, 'start_pass_bonus': False, 'possession_lost': False}

[Step 93] Action=[ 0.30915934 -0.85066235  0.          0.44887647  0.37960938 -0.33798227
  0.5999946 ] | Reward=-0.001 | Cum=-0.035 | Info={'shot_attempted': False, 'pass_attempted': False, 'goal_scored': False, 'goal_team': None, 'ball_out_by': None, 'has_ball': True, 'start_shot_bonus': False, 'start_pass_bonus': False, 'possession_lost': False}

[Step 94] Action=[ 0.30905685 -0.8505596   0.          0.44875842  0.37950605 -0.33792362
  0.599838  ] | Reward=-0.001 | Cum=-0.036 | Info={'shot_attempted': False, 'pass_attempted': False, 'goal_scored': False, 'goal_team': None, 'ball_out_by': None, 'has_ball': True, 'start_shot_bonus': False, 'start_pass_bonus': False, 'possession_lost': False}

[Step 95] Action=[ 0.30895472 -0.8504568   0.          0.44864026  0.37940267 -0.33786505
  0.5996813 ] | Reward=-0.001 | Cum=-0.037 | Info={'shot_attempted': False, 'pass_attempted': False, 'goal_scored': False, 'goal_team': None, 'ball_out_by': None, 'has_ball': True, 'start_shot_bonus': False, 'start_pass_bonus': False, 'possession_lost': False}

[Step 96] Action=[ 0.30885231 -0.85035384  0.          0.4485221   0.37929928 -0.33780646
  0.5995245 ] | Reward=-0.002 | Cum=-0.039 | Info={'shot_attempted': False, 'pass_attempted': False, 'goal_scored': False, 'goal_team': None, 'ball_out_by': None, 'has_ball': True, 'start_shot_bonus': False, 'start_pass_bonus': False, 'possession_lost': False}

[Step 97] Action=[ 0.30875003 -0.8502509   0.          0.44840395  0.37919584 -0.3377478
  0.5993677 ] | Reward=-0.002 | Cum=-0.041 | Info={'shot_attempted': False, 'pass_attempted': False, 'goal_scored': False, 'goal_team': None, 'ball_out_by': None, 'has_ball': True, 'start_shot_bonus': False, 'start_pass_bonus': False, 'possession_lost': False}

[Step 98] Action=[ 0.30864763 -0.85014784  0.          0.4482858   0.37909248 -0.33768922
  0.5992108 ] | Reward=-0.002 | Cum=-0.043 | Info={'shot_attempted': False, 'pass_attempted': False, 'goal_scored': False, 'goal_team': None, 'ball_out_by': None, 'has_ball': True, 'start_shot_bonus': False, 'start_pass_bonus': False, 'possession_lost': False}

[Step 99] Action=[ 0.3085453  -0.8500446   0.          0.44816753  0.37898913 -0.33763066
  0.5990539 ] | Reward=-0.002 | Cum=-0.045 | Info={'shot_attempted': False, 'pass_attempted': False, 'goal_scored': False, 'goal_team': None, 'ball_out_by': None, 'has_ball': True, 'start_shot_bonus': False, 'start_pass_bonus': False, 'possession_lost': False}

[Step 100] Action=[ 0.30844298 -0.8499415   0.          0.4480493   0.37888554 -0.337572
  0.5988969 ] | Reward=-0.002 | Cum=-0.047 | Info={'shot_attempted': False, 'pass_attempted': False, 'goal_scored': False, 'goal_team': None, 'ball_out_by': None, 'has_ball': True, 'start_shot_bonus': False, 'start_pass_bonus': False, 'possession_lost': False}

[Step 101] Action=[ 0.3083406  -0.84983826  0.          0.44793102  0.37878206 -0.33751336
  0.5987398 ] | Reward=-0.002 | Cum=-0.049 | Info={'shot_attempted': False, 'pass_attempted': False, 'goal_scored': False, 'goal_team': None, 'ball_out_by': None, 'has_ball': True, 'start_shot_bonus': False, 'start_pass_bonus': False, 'possession_lost': False}

[Step 102] Action=[ 0.30823833 -0.84973496  0.          0.4478126   0.3786784  -0.33745453
  0.5985828 ] | Reward=-0.002 | Cum=-0.052 | Info={'shot_attempted': False, 'pass_attempted': False, 'goal_scored': False, 'goal_team': None, 'ball_out_by': None, 'has_ball': True, 'start_shot_bonus': False, 'start_pass_bonus': False, 'possession_lost': False}

[Step 103] Action=[ 0.30813792 -0.8496322   0.          0.44769323  0.37857282 -0.3373941
  0.5984262 ] | Reward=-0.002 | Cum=-0.053 | Info={'shot_attempted': False, 'pass_attempted': False, 'goal_scored': False, 'goal_team': None, 'ball_out_by': None, 'has_ball': True, 'start_shot_bonus': False, 'start_pass_bonus': False, 'possession_lost': False}

[Step 104] Action=[ 0.30803743 -0.8495294   0.          0.44757387  0.37846726 -0.3373337
  0.5982697 ] | Reward=-0.002 | Cum=-0.055 | Info={'shot_attempted': False, 'pass_attempted': False, 'goal_scored': False, 'goal_team': None, 'ball_out_by': None, 'has_ball': True, 'start_shot_bonus': False, 'start_pass_bonus': False, 'possession_lost': False}

[Step 105] Action=[ 0.30793697 -0.8494265   0.          0.44745442  0.3783616  -0.33727327
  0.598113  ] | Reward=-0.002 | Cum=-0.057 | Info={'shot_attempted': False, 'pass_attempted': False, 'goal_scored': False, 'goal_team': None, 'ball_out_by': None, 'has_ball': True, 'start_shot_bonus': False, 'start_pass_bonus': False, 'possession_lost': False}

[Step 106] Action=[ 0.30783653 -0.8493236   0.          0.44733495  0.378256   -0.3372129
  0.59795636] | Reward=-0.002 | Cum=-0.060 | Info={'shot_attempted': False, 'pass_attempted': False, 'goal_scored': False, 'goal_team': None, 'ball_out_by': None, 'has_ball': True, 'start_shot_bonus': False, 'start_pass_bonus': False, 'possession_lost': False}

[Step 107] Action=[ 0.30773595 -0.8492205   0.          0.44721556  0.37815028 -0.33715245
  0.59779954] | Reward=-0.002 | Cum=-0.062 | Info={'shot_attempted': False, 'pass_attempted': False, 'goal_scored': False, 'goal_team': None, 'ball_out_by': None, 'has_ball': True, 'start_shot_bonus': False, 'start_pass_bonus': False, 'possession_lost': False}

[Step 108] Action=[ 0.30763546 -0.8491174   0.          0.44709605  0.37804472 -0.337092
  0.5976427 ] | Reward=-0.002 | Cum=-0.064 | Info={'shot_attempted': False, 'pass_attempted': False, 'goal_scored': False, 'goal_team': None, 'ball_out_by': None, 'has_ball': True, 'start_shot_bonus': False, 'start_pass_bonus': False, 'possession_lost': False}

[Step 109] Action=[ 0.3075348  -0.8490142   0.          0.44697654  0.37793902 -0.3370315
  0.59748584] | Reward=-0.002 | Cum=-0.066 | Info={'shot_attempted': False, 'pass_attempted': False, 'goal_scored': False, 'goal_team': None, 'ball_out_by': None, 'has_ball': True, 'start_shot_bonus': False, 'start_pass_bonus': False, 'possession_lost': False}

[Step 110] Action=[ 0.30743438 -0.848911    0.          0.446857    0.3778333  -0.3369711
  0.59732896] | Reward=-0.003 | Cum=-0.069 | Info={'shot_attempted': False, 'pass_attempted': False, 'goal_scored': False, 'goal_team': None, 'ball_out_by': None, 'has_ball': True, 'start_shot_bonus': False, 'start_pass_bonus': False, 'possession_lost': False}

[Step 111] Action=[ 0.3073339  -0.8488076   0.          0.44673747  0.37772754 -0.33691064
  0.59717196] | Reward=-0.003 | Cum=-0.072 | Info={'shot_attempted': False, 'pass_attempted': False, 'goal_scored': False, 'goal_team': None, 'ball_out_by': None, 'has_ball': True, 'start_shot_bonus': False, 'start_pass_bonus': False, 'possession_lost': False}

[Step 112] Action=[ 0.30723324 -0.84870416  0.          0.44661778  0.3776219  -0.33685023
  0.5970148 ] | Reward=-0.003 | Cum=-0.075 | Info={'shot_attempted': False, 'pass_attempted': False, 'goal_scored': False, 'goal_team': None, 'ball_out_by': None, 'has_ball': True, 'start_shot_bonus': False, 'start_pass_bonus': False, 'possession_lost': False}

[Step 113] Action=[ 0.30713263 -0.84860075  0.          0.4464983   0.37751624 -0.33678982
  0.59685785] | Reward=-0.003 | Cum=-0.078 | Info={'shot_attempted': False, 'pass_attempted': False, 'goal_scored': False, 'goal_team': None, 'ball_out_by': None, 'has_ball': True, 'start_shot_bonus': False, 'start_pass_bonus': False, 'possession_lost': False}

[Step 114] Action=[ 0.30703202 -0.84849715  0.          0.4463789   0.37741092 -0.3367297
  0.5967011 ] | Reward=-0.003 | Cum=-0.081 | Info={'shot_attempted': False, 'pass_attempted': False, 'goal_scored': False, 'goal_team': None, 'ball_out_by': None, 'has_ball': True, 'start_shot_bonus': False, 'start_pass_bonus': False, 'possession_lost': False}

[Step 115] Action=[ 0.30693194 -0.84839433  0.          0.44625914  0.3773062  -0.33666983
  0.59654546] | Reward=-0.003 | Cum=-0.084 | Info={'shot_attempted': False, 'pass_attempted': False, 'goal_scored': False, 'goal_team': None, 'ball_out_by': None, 'has_ball': True, 'start_shot_bonus': False, 'start_pass_bonus': False, 'possession_lost': False}

[Step 116] Action=[ 0.3068325  -0.84829205  0.          0.44613907  0.37720174 -0.3366101
  0.59639055] | Reward=-0.003 | Cum=-0.087 | Info={'shot_attempted': False, 'pass_attempted': False, 'goal_scored': False, 'goal_team': None, 'ball_out_by': None, 'has_ball': True, 'start_shot_bonus': False, 'start_pass_bonus': False, 'possession_lost': False}

[Step 117] Action=[ 0.30673298 -0.8481896   0.          0.4460189   0.37709725 -0.33655035
  0.5962356 ] | Reward=-0.003 | Cum=-0.090 | Info={'shot_attempted': False, 'pass_attempted': False, 'goal_scored': False, 'goal_team': None, 'ball_out_by': None, 'has_ball': True, 'start_shot_bonus': False, 'start_pass_bonus': False, 'possession_lost': False}

[Step 118] Action=[ 0.30663335 -0.84808713  0.          0.4458988   0.37699273 -0.3364906
  0.59608066] | Reward=-0.003 | Cum=-0.093 | Info={'shot_attempted': False, 'pass_attempted': False, 'goal_scored': False, 'goal_team': None, 'ball_out_by': None, 'has_ball': True, 'start_shot_bonus': False, 'start_pass_bonus': False, 'possession_lost': False}

[Step 119] Action=[ 0.30653387 -0.8479846   0.          0.4457786   0.3768883  -0.33643076
  0.59592557] | Reward=-0.003 | Cum=-0.096 | Info={'shot_attempted': False, 'pass_attempted': False, 'goal_scored': False, 'goal_team': None, 'ball_out_by': None, 'has_ball': True, 'start_shot_bonus': False, 'start_pass_bonus': False, 'possession_lost': False}

[Step 120] Action=[ 0.30643424 -0.847882    0.          0.44565845  0.37678367 -0.33637103
  0.5957704 ] | Reward=-0.003 | Cum=-0.099 | Info={'shot_attempted': False, 'pass_attempted': False, 'goal_scored': False, 'goal_team': None, 'ball_out_by': None, 'has_ball': True, 'start_shot_bonus': False, 'start_pass_bonus': False, 'possession_lost': False}

[Step 121] Action=[ 0.30633464 -0.84777933  0.          0.4455382   0.37667915 -0.3363112
  0.59561527] | Reward=-0.003 | Cum=-0.103 | Info={'shot_attempted': False, 'pass_attempted': False, 'goal_scored': False, 'goal_team': None, 'ball_out_by': None, 'has_ball': True, 'start_shot_bonus': False, 'start_pass_bonus': False, 'possession_lost': False}

[Step 122] Action=[ 0.30623507 -0.8476765   0.          0.44541794  0.37657452 -0.3362514
  0.59546   ] | Reward=-0.003 | Cum=-0.106 | Info={'shot_attempted': False, 'pass_attempted': False, 'goal_scored': False, 'goal_team': None, 'ball_out_by': None, 'has_ball': True, 'start_shot_bonus': False, 'start_pass_bonus': False, 'possession_lost': False}

[Step 123] Action=[ 0.3061355  -0.8475737   0.          0.4452977   0.37646994 -0.3361916
  0.5953047 ] | Reward=-0.004 | Cum=-0.110 | Info={'shot_attempted': False, 'pass_attempted': False, 'goal_scored': False, 'goal_team': None, 'ball_out_by': None, 'has_ball': True, 'start_shot_bonus': False, 'start_pass_bonus': False, 'possession_lost': False}

[Step 124] Action=[ 0.30603588 -0.8474709   0.          0.44517744  0.3763653  -0.3361318
  0.5951494 ] | Reward=-0.004 | Cum=-0.114 | Info={'shot_attempted': False, 'pass_attempted': False, 'goal_scored': False, 'goal_team': None, 'ball_out_by': None, 'has_ball': True, 'start_shot_bonus': False, 'start_pass_bonus': False, 'possession_lost': False}

[Step 125] Action=[ 0.30593625 -0.8473678   0.          0.44505706  0.3762607  -0.336072
  0.59499395] | Reward=-0.004 | Cum=-0.118 | Info={'shot_attempted': False, 'pass_attempted': False, 'goal_scored': False, 'goal_team': None, 'ball_out_by': None, 'has_ball': True, 'start_shot_bonus': False, 'start_pass_bonus': False, 'possession_lost': False}

[Step 126] Action=[ 0.30583668 -0.8472648   0.          0.44493672  0.37615603 -0.33601218
  0.59483856] | Reward=-0.004 | Cum=-0.122 | Info={'shot_attempted': False, 'pass_attempted': False, 'goal_scored': False, 'goal_team': None, 'ball_out_by': None, 'has_ball': True, 'start_shot_bonus': False, 'start_pass_bonus': False, 'possession_lost': False}

[Step 127] Action=[ 0.30573708 -0.84716177  0.          0.44481644  0.3760516  -0.3359523
  0.59468293] | Reward=-0.004 | Cum=-0.126 | Info={'shot_attempted': False, 'pass_attempted': False, 'goal_scored': False, 'goal_team': None, 'ball_out_by': None, 'has_ball': True, 'start_shot_bonus': False, 'start_pass_bonus': False, 'possession_lost': False}

[Step 128] Action=[ 0.3056382  -0.8470598   0.          0.444698    0.37594846 -0.33589277
  0.5945273 ] | Reward=-0.005 | Cum=-0.130 | Info={'shot_attempted': False, 'pass_attempted': False, 'goal_scored': False, 'goal_team': None, 'ball_out_by': None, 'has_ball': True, 'start_shot_bonus': False, 'start_pass_bonus': False, 'possession_lost': False}

[Step 129] Action=[ 0.30554098 -0.8469581   0.          0.4445807   0.37584534 -0.3358333
  0.5943722 ] | Reward=-0.005 | Cum=-0.135 | Info={'shot_attempted': False, 'pass_attempted': False, 'goal_scored': False, 'goal_team': None, 'ball_out_by': None, 'has_ball': True, 'start_shot_bonus': False, 'start_pass_bonus': False, 'possession_lost': False}

[Step 130] Action=[ 0.30544373 -0.8468563   0.          0.44446325  0.37574226 -0.33577386
  0.59421706] | Reward=-0.004 | Cum=-0.139 | Info={'shot_attempted': False, 'pass_attempted': False, 'goal_scored': False, 'goal_team': None, 'ball_out_by': None, 'has_ball': True, 'start_shot_bonus': False, 'start_pass_bonus': False, 'possession_lost': False}

[Step 131] Action=[ 0.30534637 -0.8467545   0.          0.44434586  0.37563917 -0.3357143
  0.5940618 ] | Reward=-0.004 | Cum=-0.143 | Info={'shot_attempted': False, 'pass_attempted': False, 'goal_scored': False, 'goal_team': None, 'ball_out_by': None, 'has_ball': True, 'start_shot_bonus': False, 'start_pass_bonus': False, 'possession_lost': False}

[Step 132] Action=[ 0.30524907 -0.8466526   0.          0.44422838  0.37553602 -0.33565488
  0.5939065 ] | Reward=-0.005 | Cum=-0.148 | Info={'shot_attempted': False, 'pass_attempted': False, 'goal_scored': False, 'goal_team': None, 'ball_out_by': None, 'has_ball': True, 'start_shot_bonus': False, 'start_pass_bonus': False, 'possession_lost': False}

[Step 133] Action=[ 0.30515164 -0.84655064  0.          0.44411096  0.37543288 -0.33559543
  0.59375125] | Reward=-0.005 | Cum=-0.152 | Info={'shot_attempted': False, 'pass_attempted': False, 'goal_scored': False, 'goal_team': None, 'ball_out_by': None, 'has_ball': True, 'start_shot_bonus': False, 'start_pass_bonus': False, 'possession_lost': False}

[Step 134] Action=[ 0.3050544  -0.8464486   0.          0.44399342  0.37532967 -0.33553588
  0.59359586] | Reward=-0.005 | Cum=-0.157 | Info={'shot_attempted': False, 'pass_attempted': False, 'goal_scored': False, 'goal_team': None, 'ball_out_by': None, 'has_ball': True, 'start_shot_bonus': False, 'start_pass_bonus': False, 'possession_lost': False}

[Step 135] Action=[ 0.3049571  -0.8463465   0.          0.44387588  0.3752265  -0.33547637
  0.5934404 ] | Reward=-0.005 | Cum=-0.161 | Info={'shot_attempted': False, 'pass_attempted': False, 'goal_scored': False, 'goal_team': None, 'ball_out_by': None, 'has_ball': True, 'start_shot_bonus': False, 'start_pass_bonus': False, 'possession_lost': False}

[Step 136] Action=[ 0.3048608  -0.84624416  0.          0.44376084  0.37512144 -0.33541566
  0.5932862 ] | Reward=-0.005 | Cum=-0.166 | Info={'shot_attempted': False, 'pass_attempted': False, 'goal_scored': False, 'goal_team': None, 'ball_out_by': None, 'has_ball': True, 'start_shot_bonus': False, 'start_pass_bonus': False, 'possession_lost': False}

[Step 137] Action=[ 0.3047647  -0.84614104  0.          0.44364843  0.3750175  -0.33535582
  0.5931341 ] | Reward=-0.005 | Cum=-0.171 | Info={'shot_attempted': False, 'pass_attempted': False, 'goal_scored': False, 'goal_team': None, 'ball_out_by': None, 'has_ball': True, 'start_shot_bonus': False, 'start_pass_bonus': False, 'possession_lost': False}

[Step 138] Action=[ 0.30466866 -0.8460372   0.          0.44353712  0.3749149  -0.33529693
  0.592983  ] | Reward=-0.005 | Cum=-0.176 | Info={'shot_attempted': False, 'pass_attempted': False, 'goal_scored': False, 'goal_team': None, 'ball_out_by': None, 'has_ball': True, 'start_shot_bonus': False, 'start_pass_bonus': False, 'possession_lost': False}

[Step 139] Action=[ 0.30457243 -0.8459334   0.          0.44342583  0.3748123  -0.33523813
  0.59283185] | Reward=-0.005 | Cum=-0.182 | Info={'shot_attempted': False, 'pass_attempted': False, 'goal_scored': False, 'goal_team': None, 'ball_out_by': None, 'has_ball': True, 'start_shot_bonus': False, 'start_pass_bonus': False, 'possession_lost': False}

[Step 140] Action=[ 0.30447635 -0.8458295   0.          0.4433145   0.37470973 -0.33517918
  0.59268063] | Reward=-0.005 | Cum=-0.187 | Info={'shot_attempted': False, 'pass_attempted': False, 'goal_scored': False, 'goal_team': None, 'ball_out_by': None, 'has_ball': True, 'start_shot_bonus': False, 'start_pass_bonus': False, 'possession_lost': False}

[Step 141] Action=[ 0.30438015 -0.8457255   0.          0.44320315  0.37460718 -0.33512032
  0.5925293 ] | Reward=-0.006 | Cum=-0.193 | Info={'shot_attempted': False, 'pass_attempted': False, 'goal_scored': False, 'goal_team': None, 'ball_out_by': None, 'has_ball': True, 'start_shot_bonus': False, 'start_pass_bonus': False, 'possession_lost': False}

[Step 142] Action=[ 0.304284   -0.8456214   0.          0.44309178  0.37450442 -0.3350615
  0.592378  ] | Reward=-0.006 | Cum=-0.198 | Info={'shot_attempted': False, 'pass_attempted': False, 'goal_scored': False, 'goal_team': None, 'ball_out_by': None, 'has_ball': True, 'start_shot_bonus': False, 'start_pass_bonus': False, 'possession_lost': False}

[Step 143] Action=[ 0.30418774 -0.8455173   0.          0.44297996  0.37440133 -0.33500198
  0.59222627] | Reward=-0.005 | Cum=-0.204 | Info={'shot_attempted': False, 'pass_attempted': False, 'goal_scored': False, 'goal_team': None, 'ball_out_by': None, 'has_ball': True, 'start_shot_bonus': False, 'start_pass_bonus': False, 'possession_lost': False}

[Step 144] Action=[ 0.30409095 -0.84541357  0.          0.44286296  0.3742933  -0.33493596
  0.5920698 ] | Reward=-0.005 | Cum=-0.209 | Info={'shot_attempted': False, 'pass_attempted': False, 'goal_scored': False, 'goal_team': None, 'ball_out_by': None, 'has_ball': True, 'start_shot_bonus': False, 'start_pass_bonus': False, 'possession_lost': False}

[Step 145] Action=[ 0.30399403 -0.84530956  0.          0.44274586  0.3741852  -0.33487
  0.5919132 ] | Reward=-0.005 | Cum=-0.214 | Info={'shot_attempted': False, 'pass_attempted': False, 'goal_scored': False, 'goal_team': None, 'ball_out_by': None, 'has_ball': True, 'start_shot_bonus': False, 'start_pass_bonus': False, 'possession_lost': False}

[Step 146] Action=[ 0.3038971  -0.8452056   0.          0.44262883  0.3740771  -0.33480397
  0.5917567 ] | Reward=-0.006 | Cum=-0.220 | Info={'shot_attempted': False, 'pass_attempted': False, 'goal_scored': False, 'goal_team': None, 'ball_out_by': None, 'has_ball': True, 'start_shot_bonus': False, 'start_pass_bonus': False, 'possession_lost': False}

[Step 147] Action=[ 0.3038002  -0.84510165  0.          0.44251168  0.37396908 -0.33473796
  0.5916    ] | Reward=-0.006 | Cum=-0.226 | Info={'shot_attempted': False, 'pass_attempted': False, 'goal_scored': False, 'goal_team': None, 'ball_out_by': None, 'has_ball': True, 'start_shot_bonus': False, 'start_pass_bonus': False, 'possession_lost': False}

[Step 148] Action=[ 0.30370343 -0.8449975   0.          0.4423946   0.37386096 -0.334672
  0.5914433 ] | Reward=-0.006 | Cum=-0.232 | Info={'shot_attempted': False, 'pass_attempted': False, 'goal_scored': False, 'goal_team': None, 'ball_out_by': None, 'has_ball': True, 'start_shot_bonus': False, 'start_pass_bonus': False, 'possession_lost': False}

[Step 149] Action=[ 0.30360773 -0.84489536  0.          0.4422787   0.37375548 -0.33460584
  0.5912893 ] | Reward=-0.006 | Cum=-0.238 | Info={'shot_attempted': False, 'pass_attempted': False, 'goal_scored': False, 'goal_team': None, 'ball_out_by': None, 'has_ball': True, 'start_shot_bonus': False, 'start_pass_bonus': False, 'possession_lost': False}

[Step 150] Action=[ 0.30351478 -0.84479743  0.          0.4421655   0.37365562 -0.33453965
  0.5911407 ] | Reward=-0.007 | Cum=-0.245 | Info={'shot_attempted': False, 'pass_attempted': False, 'goal_scored': False, 'goal_team': None, 'ball_out_by': None, 'has_ball': True, 'start_shot_bonus': False, 'start_pass_bonus': False, 'possession_lost': False}

[Step 151] Action=[ 0.30342188 -0.84469944  0.          0.44205225  0.37355566 -0.33447343
  0.5909921 ] | Reward=-0.007 | Cum=-0.251 | Info={'shot_attempted': False, 'pass_attempted': False, 'goal_scored': False, 'goal_team': None, 'ball_out_by': None, 'has_ball': True, 'start_shot_bonus': False, 'start_pass_bonus': False, 'possession_lost': False}

[Step 152] Action=[ 0.30332902 -0.84460145  0.          0.441939    0.37345585 -0.33440715
  0.5908435 ] | Reward=-0.007 | Cum=-0.258 | Info={'shot_attempted': False, 'pass_attempted': False, 'goal_scored': False, 'goal_team': None, 'ball_out_by': None, 'has_ball': True, 'start_shot_bonus': False, 'start_pass_bonus': False, 'possession_lost': False}

[Step 153] Action=[ 0.30323613 -0.84450334  0.          0.4418257   0.3733559  -0.334341
  0.5906948 ] | Reward=-0.007 | Cum=-0.264 | Info={'shot_attempted': False, 'pass_attempted': False, 'goal_scored': False, 'goal_team': None, 'ball_out_by': None, 'has_ball': True, 'start_shot_bonus': False, 'start_pass_bonus': False, 'possession_lost': False}

[Step 154] Action=[ 0.30314323 -0.8444051   0.          0.44171235  0.373256   -0.33427465
  0.5905461 ] | Reward=-0.007 | Cum=-0.271 | Info={'shot_attempted': False, 'pass_attempted': False, 'goal_scored': False, 'goal_team': None, 'ball_out_by': None, 'has_ball': True, 'start_shot_bonus': False, 'start_pass_bonus': False, 'possession_lost': False}

[Step 155] Action=[ 0.30305034 -0.8443068   0.          0.44159898  0.373156   -0.3342084
  0.59039724] | Reward=-0.007 | Cum=-0.278 | Info={'shot_attempted': False, 'pass_attempted': False, 'goal_scored': False, 'goal_team': None, 'ball_out_by': None, 'has_ball': True, 'start_shot_bonus': False, 'start_pass_bonus': False, 'possession_lost': False}

[Step 156] Action=[ 0.30295748 -0.84420854  0.          0.44148567  0.373056   -0.33414215
  0.5902483 ] | Reward=-0.007 | Cum=-0.285 | Info={'shot_attempted': False, 'pass_attempted': False, 'goal_scored': False, 'goal_team': None, 'ball_out_by': None, 'has_ball': True, 'start_shot_bonus': False, 'start_pass_bonus': False, 'possession_lost': False}

[Step 157] Action=[ 0.3028645  -0.84411013  0.          0.44137222  0.37295607 -0.33407584
  0.5900994 ] | Reward=-0.007 | Cum=-0.291 | Info={'shot_attempted': False, 'pass_attempted': False, 'goal_scored': False, 'goal_team': None, 'ball_out_by': None, 'has_ball': True, 'start_shot_bonus': False, 'start_pass_bonus': False, 'possession_lost': False}

[Step 158] Action=[ 0.30277684 -0.84401256  0.          0.44126084  0.37285778 -0.33401155
  0.58995336] | Reward=-0.007 | Cum=-0.298 | Info={'shot_attempted': False, 'pass_attempted': False, 'goal_scored': False, 'goal_team': None, 'ball_out_by': None, 'has_ball': True, 'start_shot_bonus': False, 'start_pass_bonus': False, 'possession_lost': False}

[Step 159] Action=[ 0.30270338 -0.8439156   0.          0.44115403  0.37275907 -0.33394593
  0.5898163 ] | Reward=-0.007 | Cum=-0.305 | Info={'shot_attempted': False, 'pass_attempted': False, 'goal_scored': False, 'goal_team': None, 'ball_out_by': None, 'has_ball': True, 'start_shot_bonus': False, 'start_pass_bonus': False, 'possession_lost': False}

[Step 160] Action=[ 0.30263072 -0.84381706  0.          0.44104376  0.37266323 -0.33387744
  0.5896814 ] | Reward=-0.007 | Cum=-0.313 | Info={'shot_attempted': False, 'pass_attempted': False, 'goal_scored': False, 'goal_team': None, 'ball_out_by': None, 'has_ball': True, 'start_shot_bonus': False, 'start_pass_bonus': False, 'possession_lost': False}

[Step 161] Action=[ 0.3025579  -0.84371847  0.          0.44093356  0.37256745 -0.33380896
  0.5895463 ] | Reward=-0.007 | Cum=-0.320 | Info={'shot_attempted': False, 'pass_attempted': False, 'goal_scored': False, 'goal_team': None, 'ball_out_by': None, 'has_ball': True, 'start_shot_bonus': False, 'start_pass_bonus': False, 'possession_lost': False}

[Step 162] Action=[ 0.30248514 -0.8436199   0.          0.44082338  0.37247166 -0.33374047
  0.5894112 ] | Reward=-0.007 | Cum=-0.327 | Info={'shot_attempted': False, 'pass_attempted': False, 'goal_scored': False, 'goal_team': None, 'ball_out_by': None, 'has_ball': True, 'start_shot_bonus': False, 'start_pass_bonus': False, 'possession_lost': False}

[Step 163] Action=[ 0.30241218 -0.8435212   0.          0.44071305  0.37237582 -0.3336719
  0.58927613] | Reward=-0.007 | Cum=-0.335 | Info={'shot_attempted': False, 'pass_attempted': False, 'goal_scored': False, 'goal_team': None, 'ball_out_by': None, 'has_ball': True, 'start_shot_bonus': False, 'start_pass_bonus': False, 'possession_lost': False}

[Step 164] Action=[ 0.30233952 -0.84342235  0.          0.4406028   0.37227997 -0.3336034
  0.58914095] | Reward=-0.008 | Cum=-0.343 | Info={'shot_attempted': False, 'pass_attempted': False, 'goal_scored': False, 'goal_team': None, 'ball_out_by': None, 'has_ball': True, 'start_shot_bonus': False, 'start_pass_bonus': False, 'possession_lost': False}

[Step 165] Action=[ 0.30226663 -0.8433235   0.          0.4404925   0.37218413 -0.33353493
  0.5890057 ] | Reward=-0.008 | Cum=-0.350 | Info={'shot_attempted': False, 'pass_attempted': False, 'goal_scored': False, 'goal_team': None, 'ball_out_by': None, 'has_ball': True, 'start_shot_bonus': False, 'start_pass_bonus': False, 'possession_lost': False}

[Step 166] Action=[ 0.3021938  -0.84322464  0.          0.44038218  0.37208825 -0.33346632
  0.5888706 ] | Reward=-0.008 | Cum=-0.358 | Info={'shot_attempted': False, 'pass_attempted': False, 'goal_scored': False, 'goal_team': None, 'ball_out_by': None, 'has_ball': True, 'start_shot_bonus': False, 'start_pass_bonus': False, 'possession_lost': False}

[Step 167] Action=[ 0.30212098 -0.84312564  0.          0.4402719   0.37199247 -0.3333978
  0.5887353 ] | Reward=-0.008 | Cum=-0.366 | Info={'shot_attempted': False, 'pass_attempted': False, 'goal_scored': False, 'goal_team': None, 'ball_out_by': None, 'has_ball': True, 'start_shot_bonus': False, 'start_pass_bonus': False, 'possession_lost': False}

[Step 168] Action=[ 0.302051   -0.8430293   0.          0.44016108  0.3718977  -0.33332738
  0.58859915] | Reward=-0.008 | Cum=-0.374 | Info={'shot_attempted': False, 'pass_attempted': False, 'goal_scored': False, 'goal_team': None, 'ball_out_by': None, 'has_ball': True, 'start_shot_bonus': False, 'start_pass_bonus': False, 'possession_lost': False}

[Step 169] Action=[ 0.30198276 -0.84293455  0.          0.44005013  0.37180364 -0.33325598
  0.5884626 ] | Reward=-0.008 | Cum=-0.382 | Info={'shot_attempted': False, 'pass_attempted': False, 'goal_scored': False, 'goal_team': None, 'ball_out_by': None, 'has_ball': True, 'start_shot_bonus': False, 'start_pass_bonus': False, 'possession_lost': False}

[Step 170] Action=[ 0.30191433 -0.84283966  0.          0.43993905  0.37170961 -0.33318454
  0.58832586] | Reward=-0.008 | Cum=-0.390 | Info={'shot_attempted': False, 'pass_attempted': False, 'goal_scored': False, 'goal_team': None, 'ball_out_by': None, 'has_ball': True, 'start_shot_bonus': False, 'start_pass_bonus': False, 'possession_lost': False}

[Step 171] Action=[ 0.30184594 -0.84274465  0.          0.4398281   0.37161556 -0.33311307
  0.5881891 ] | Reward=-0.008 | Cum=-0.399 | Info={'shot_attempted': False, 'pass_attempted': False, 'goal_scored': False, 'goal_team': None, 'ball_out_by': None, 'has_ball': True, 'start_shot_bonus': False, 'start_pass_bonus': False, 'possession_lost': False}

[Step 172] Action=[ 0.30177757 -0.84264964  0.          0.43971702  0.37152138 -0.33304167
  0.5880524 ] | Reward=-0.008 | Cum=-0.407 | Info={'shot_attempted': False, 'pass_attempted': False, 'goal_scored': False, 'goal_team': None, 'ball_out_by': None, 'has_ball': True, 'start_shot_bonus': False, 'start_pass_bonus': False, 'possession_lost': False}

[Step 173] Action=[ 0.3017092  -0.84255457  0.          0.43960595  0.3714274  -0.3329703
  0.58791554] | Reward=-0.009 | Cum=-0.415 | Info={'shot_attempted': False, 'pass_attempted': False, 'goal_scored': False, 'goal_team': None, 'ball_out_by': None, 'has_ball': True, 'start_shot_bonus': False, 'start_pass_bonus': False, 'possession_lost': False}

[Step 174] Action=[ 0.30164084 -0.84245944  0.          0.43949488  0.3713333  -0.33289877
  0.5877788 ] | Reward=-0.009 | Cum=-0.424 | Info={'shot_attempted': False, 'pass_attempted': False, 'goal_scored': False, 'goal_team': None, 'ball_out_by': None, 'has_ball': True, 'start_shot_bonus': False, 'start_pass_bonus': False, 'possession_lost': False}

[Step 175] Action=[ 0.30157238 -0.84236425  0.          0.43938375  0.37123907 -0.3328273
  0.5876419 ] | Reward=-0.009 | Cum=-0.433 | Info={'shot_attempted': False, 'pass_attempted': False, 'goal_scored': False, 'goal_team': None, 'ball_out_by': None, 'has_ball': True, 'start_shot_bonus': False, 'start_pass_bonus': False, 'possession_lost': False}

[Step 176] Action=[ 0.30150402 -0.842269    0.          0.43927267  0.37114498 -0.33275586
  0.58750504] | Reward=-0.009 | Cum=-0.442 | Info={'shot_attempted': False, 'pass_attempted': False, 'goal_scored': False, 'goal_team': None, 'ball_out_by': None, 'has_ball': True, 'start_shot_bonus': False, 'start_pass_bonus': False, 'possession_lost': False}

[Step 177] Action=[ 0.30143562 -0.8421737   0.          0.43916154  0.37105083 -0.33268446
  0.587368  ] | Reward=-0.009 | Cum=-0.450 | Info={'shot_attempted': False, 'pass_attempted': False, 'goal_scored': False, 'goal_team': None, 'ball_out_by': None, 'has_ball': True, 'start_shot_bonus': False, 'start_pass_bonus': False, 'possession_lost': False}

[Step 178] Action=[ 0.30136713 -0.8420784   0.          0.43905032  0.37095666 -0.33261293
  0.5872311 ] | Reward=-0.009 | Cum=-0.460 | Info={'shot_attempted': False, 'pass_attempted': False, 'goal_scored': False, 'goal_team': None, 'ball_out_by': None, 'has_ball': True, 'start_shot_bonus': False, 'start_pass_bonus': False, 'possession_lost': False}

[Step 179] Action=[ 0.30129877 -0.84198296  0.          0.43893915  0.37086248 -0.33254147
  0.587094  ] | Reward=-0.009 | Cum=-0.469 | Info={'shot_attempted': False, 'pass_attempted': False, 'goal_scored': False, 'goal_team': None, 'ball_out_by': None, 'has_ball': True, 'start_shot_bonus': False, 'start_pass_bonus': False, 'possession_lost': False}

[Step 180] Action=[ 0.3012304  -0.8418875   0.          0.43882793  0.3707683  -0.33246994
  0.58695704] | Reward=-0.009 | Cum=-0.478 | Info={'shot_attempted': False, 'pass_attempted': False, 'goal_scored': False, 'goal_team': None, 'ball_out_by': None, 'has_ball': True, 'start_shot_bonus': False, 'start_pass_bonus': False, 'possession_lost': False}

[Step 181] Action=[ 0.30116197 -0.84179187  0.          0.4387167   0.3706741  -0.33239853
  0.5868199 ] | Reward=-0.009 | Cum=-0.488 | Info={'shot_attempted': False, 'pass_attempted': False, 'goal_scored': False, 'goal_team': None, 'ball_out_by': None, 'has_ball': True, 'start_shot_bonus': False, 'start_pass_bonus': False, 'possession_lost': False}

[Step 182] Action=[ 0.30109343 -0.8416963   0.          0.43860543  0.37057993 -0.33232695
  0.5866827 ] | Reward=-0.055 | Cum=-0.543 | Info={'shot_attempted': False, 'pass_attempted': False, 'goal_scored': False, 'goal_team': None, 'ball_out_by': None, 'has_ball': True, 'start_shot_bonus': False, 'start_pass_bonus': False, 'possession_lost': False}

[Step 183] Action=[ 0.30102506 -0.84160066  0.          0.43849418  0.37048566 -0.33225542
  0.5865455 ] | Reward=-1.555 | Cum=-2.098 | Info={'shot_attempted': False, 'pass_attempted': False, 'goal_scored': False, 'goal_team': None, 'ball_out_by': 'att_1', 'has_ball': True, 'start_shot_bonus': False, 'start_pass_bonus': False, 'possession_lost': False}

